[2024-10-07T15:38:43.100+0000] {local_task_job_runner.py:123} INFO - ::group::Pre task execution logs
[2024-10-07T15:38:43.122+0000] {taskinstance.py:2612} INFO - Dependencies all met for dep_context=non-requeueable deps ti=<TaskInstance: demo1_v1.t2 manual__2024-10-07T15:38:40.921421+00:00 [queued]>
[2024-10-07T15:38:43.133+0000] {taskinstance.py:2612} INFO - Dependencies all met for dep_context=requeueable deps ti=<TaskInstance: demo1_v1.t2 manual__2024-10-07T15:38:40.921421+00:00 [queued]>
[2024-10-07T15:38:43.134+0000] {taskinstance.py:2865} INFO - Starting attempt 1 of 3
[2024-10-07T15:38:43.148+0000] {taskinstance.py:2888} INFO - Executing <Task(BashOperator): t2> on 2024-10-07 15:38:40.921421+00:00
[2024-10-07T15:38:43.154+0000] {warnings.py:112} WARNING - /home/***/.local/lib/python3.12/site-packages/***/task/task_runner/standard_task_runner.py:70: DeprecationWarning: This process (pid=635) is multi-threaded, use of fork() may lead to deadlocks in the child.
  pid = os.fork()

[2024-10-07T15:38:43.155+0000] {standard_task_runner.py:104} INFO - Running: ['***', 'tasks', 'run', 'demo1_v1', 't2', 'manual__2024-10-07T15:38:40.921421+00:00', '--job-id', '7', '--raw', '--subdir', 'DAGS_FOLDER/first_dag.py', '--cfg-path', '/tmp/tmp2iod9wkf']
[2024-10-07T15:38:43.156+0000] {standard_task_runner.py:72} INFO - Started process 638 to run task
[2024-10-07T15:38:43.158+0000] {standard_task_runner.py:105} INFO - Job 7: Subtask t2
[2024-10-07T15:38:43.207+0000] {task_command.py:467} INFO - Running <TaskInstance: demo1_v1.t2 manual__2024-10-07T15:38:40.921421+00:00 [running]> on host 7494ebf6a940
[2024-10-07T15:38:43.283+0000] {taskinstance.py:3131} INFO - Exporting env vars: AIRFLOW_CTX_DAG_OWNER='***' AIRFLOW_CTX_DAG_ID='demo1_v1' AIRFLOW_CTX_TASK_ID='t2' AIRFLOW_CTX_EXECUTION_DATE='2024-10-07T15:38:40.921421+00:00' AIRFLOW_CTX_TRY_NUMBER='1' AIRFLOW_CTX_DAG_RUN_ID='manual__2024-10-07T15:38:40.921421+00:00'
[2024-10-07T15:38:43.286+0000] {taskinstance.py:731} INFO - ::endgroup::
[2024-10-07T15:38:43.303+0000] {subprocess.py:63} INFO - Tmp dir root location: /tmp
[2024-10-07T15:38:43.305+0000] {subprocess.py:75} INFO - Running command: ['/usr/bin/bash', '-c', 'echo hello bash world']
[2024-10-07T15:38:43.315+0000] {subprocess.py:86} INFO - Output:
[2024-10-07T15:38:43.317+0000] {subprocess.py:93} INFO - hello bash world
[2024-10-07T15:38:43.319+0000] {subprocess.py:97} INFO - Command exited with return code 0
[2024-10-07T15:38:43.364+0000] {taskinstance.py:340} INFO - ::group::Post task execution logs
[2024-10-07T15:38:43.365+0000] {taskinstance.py:352} INFO - Marking task as SUCCESS. dag_id=demo1_v1, task_id=t2, run_id=manual__2024-10-07T15:38:40.921421+00:00, execution_date=20241007T153840, start_date=20241007T153843, end_date=20241007T153843
[2024-10-07T15:38:43.417+0000] {local_task_job_runner.py:266} INFO - Task exited with return code 0
[2024-10-07T15:38:43.433+0000] {taskinstance.py:3900} INFO - 0 downstream tasks scheduled from follow-on schedule check
[2024-10-07T15:38:43.437+0000] {local_task_job_runner.py:245} INFO - ::endgroup::
