[2024-10-11T05:27:38.437+0000] {local_task_job_runner.py:123} INFO - ::group::Pre task execution logs
[2024-10-11T05:27:38.873+0000] {taskinstance.py:2612} INFO - Dependencies all met for dep_context=non-requeueable deps ti=<TaskInstance: demo1_v1.t2 scheduled__2024-10-10T00:00:00+00:00 [queued]>
[2024-10-11T05:27:38.949+0000] {taskinstance.py:2612} INFO - Dependencies all met for dep_context=requeueable deps ti=<TaskInstance: demo1_v1.t2 scheduled__2024-10-10T00:00:00+00:00 [queued]>
[2024-10-11T05:27:38.960+0000] {taskinstance.py:2865} INFO - Starting attempt 1 of 3
[2024-10-11T05:27:39.091+0000] {taskinstance.py:2888} INFO - Executing <Task(BashOperator): t2> on 2024-10-10 00:00:00+00:00
[2024-10-11T05:27:39.169+0000] {warnings.py:112} WARNING - /home/***/.local/lib/python3.12/site-packages/***/task/task_runner/standard_task_runner.py:70: DeprecationWarning: This process (pid=10893) is multi-threaded, use of fork() may lead to deadlocks in the child.
  pid = os.fork()

[2024-10-11T05:27:39.187+0000] {standard_task_runner.py:72} INFO - Started process 10904 to run task
[2024-10-11T05:27:39.186+0000] {standard_task_runner.py:104} INFO - Running: ['***', 'tasks', 'run', 'demo1_v1', 't2', 'scheduled__2024-10-10T00:00:00+00:00', '--job-id', '61', '--raw', '--subdir', 'DAGS_FOLDER/first_dag.py', '--cfg-path', '/tmp/tmpq_ay9bk_']
[2024-10-11T05:27:39.219+0000] {standard_task_runner.py:105} INFO - Job 61: Subtask t2
[2024-10-11T05:27:39.609+0000] {task_command.py:467} INFO - Running <TaskInstance: demo1_v1.t2 scheduled__2024-10-10T00:00:00+00:00 [running]> on host 1064a88d81e5
[2024-10-11T05:27:40.786+0000] {taskinstance.py:3131} INFO - Exporting env vars: AIRFLOW_CTX_DAG_OWNER='***' AIRFLOW_CTX_DAG_ID='demo1_v1' AIRFLOW_CTX_TASK_ID='t2' AIRFLOW_CTX_EXECUTION_DATE='2024-10-10T00:00:00+00:00' AIRFLOW_CTX_TRY_NUMBER='1' AIRFLOW_CTX_DAG_RUN_ID='scheduled__2024-10-10T00:00:00+00:00'
[2024-10-11T05:27:40.797+0000] {taskinstance.py:731} INFO - ::endgroup::
[2024-10-11T05:27:40.942+0000] {subprocess.py:63} INFO - Tmp dir root location: /tmp
[2024-10-11T05:27:40.950+0000] {subprocess.py:75} INFO - Running command: ['/usr/bin/bash', '-c', 'echo hello bash world']
[2024-10-11T05:27:41.008+0000] {subprocess.py:86} INFO - Output:
[2024-10-11T05:27:41.031+0000] {subprocess.py:93} INFO - hello bash world
[2024-10-11T05:27:41.034+0000] {subprocess.py:97} INFO - Command exited with return code 0
[2024-10-11T05:27:41.297+0000] {taskinstance.py:340} INFO - ::group::Post task execution logs
[2024-10-11T05:27:41.300+0000] {taskinstance.py:352} INFO - Marking task as SUCCESS. dag_id=demo1_v1, task_id=t2, run_id=scheduled__2024-10-10T00:00:00+00:00, execution_date=20241010T000000, start_date=20241011T052738, end_date=20241011T052741
[2024-10-11T05:27:41.421+0000] {local_task_job_runner.py:266} INFO - Task exited with return code 0
[2024-10-11T05:27:41.580+0000] {taskinstance.py:3900} INFO - 1 downstream tasks scheduled from follow-on schedule check
[2024-10-11T05:27:41.587+0000] {local_task_job_runner.py:245} INFO - ::endgroup::
