[2024-10-07T14:43:25.142+0000] {processor.py:186} INFO - Started process (PID=115) to work on /home/airflow/.local/lib/python3.12/site-packages/airflow/example_dags/example_display_name.py
[2024-10-07T14:43:25.144+0000] {processor.py:914} INFO - Processing file /home/airflow/.local/lib/python3.12/site-packages/airflow/example_dags/example_display_name.py for tasks to queue
[2024-10-07T14:43:25.149+0000] {logging_mixin.py:190} INFO - [2024-10-07T14:43:25.149+0000] {dagbag.py:588} INFO - Filling up the DagBag from /home/airflow/.local/lib/python3.12/site-packages/airflow/example_dags/example_display_name.py
[2024-10-07T14:43:25.161+0000] {processor.py:925} INFO - DAG(s) 'example_display_name' retrieved from /home/airflow/.local/lib/python3.12/site-packages/airflow/example_dags/example_display_name.py
[2024-10-07T14:43:25.338+0000] {logging_mixin.py:190} INFO - [2024-10-07T14:43:25.337+0000] {override.py:1900} INFO - Created Permission View: can read on DAG:example_display_name
[2024-10-07T14:43:25.354+0000] {logging_mixin.py:190} INFO - [2024-10-07T14:43:25.353+0000] {override.py:1900} INFO - Created Permission View: can delete on DAG:example_display_name
[2024-10-07T14:43:25.364+0000] {logging_mixin.py:190} INFO - [2024-10-07T14:43:25.364+0000] {override.py:1900} INFO - Created Permission View: can edit on DAG:example_display_name
[2024-10-07T14:43:25.375+0000] {logging_mixin.py:190} INFO - [2024-10-07T14:43:25.374+0000] {override.py:1900} INFO - Created Permission View: can read on DAG Run:example_display_name
[2024-10-07T14:43:25.383+0000] {logging_mixin.py:190} INFO - [2024-10-07T14:43:25.383+0000] {override.py:1900} INFO - Created Permission View: can create on DAG Run:example_display_name
[2024-10-07T14:43:25.393+0000] {logging_mixin.py:190} INFO - [2024-10-07T14:43:25.393+0000] {override.py:1900} INFO - Created Permission View: menu access on DAG Run:example_display_name
[2024-10-07T14:43:25.403+0000] {logging_mixin.py:190} INFO - [2024-10-07T14:43:25.402+0000] {override.py:1900} INFO - Created Permission View: can delete on DAG Run:example_display_name
[2024-10-07T14:43:25.405+0000] {logging_mixin.py:190} INFO - [2024-10-07T14:43:25.404+0000] {dag.py:3239} INFO - Sync 1 DAGs
[2024-10-07T14:43:25.426+0000] {logging_mixin.py:190} INFO - [2024-10-07T14:43:25.426+0000] {dag.py:3262} INFO - Creating ORM DAG for example_display_name
[2024-10-07T14:43:25.428+0000] {logging_mixin.py:190} INFO - [2024-10-07T14:43:25.428+0000] {dag.py:4180} INFO - Setting next_dagrun for example_display_name to None, run_after=None
[2024-10-07T14:43:25.453+0000] {processor.py:208} INFO - Processing /home/airflow/.local/lib/python3.12/site-packages/airflow/example_dags/example_display_name.py took 0.320 seconds
[2024-10-07T14:43:55.557+0000] {processor.py:186} INFO - Started process (PID=177) to work on /home/airflow/.local/lib/python3.12/site-packages/airflow/example_dags/example_display_name.py
[2024-10-07T14:43:55.558+0000] {processor.py:914} INFO - Processing file /home/airflow/.local/lib/python3.12/site-packages/airflow/example_dags/example_display_name.py for tasks to queue
[2024-10-07T14:43:55.561+0000] {logging_mixin.py:190} INFO - [2024-10-07T14:43:55.561+0000] {dagbag.py:588} INFO - Filling up the DagBag from /home/airflow/.local/lib/python3.12/site-packages/airflow/example_dags/example_display_name.py
[2024-10-07T14:43:55.569+0000] {processor.py:925} INFO - DAG(s) 'example_display_name' retrieved from /home/airflow/.local/lib/python3.12/site-packages/airflow/example_dags/example_display_name.py
[2024-10-07T14:43:55.588+0000] {logging_mixin.py:190} INFO - [2024-10-07T14:43:55.588+0000] {dag.py:3239} INFO - Sync 1 DAGs
[2024-10-07T14:43:55.603+0000] {logging_mixin.py:190} INFO - [2024-10-07T14:43:55.603+0000] {dag.py:4180} INFO - Setting next_dagrun for example_display_name to None, run_after=None
[2024-10-07T14:43:55.633+0000] {processor.py:208} INFO - Processing /home/airflow/.local/lib/python3.12/site-packages/airflow/example_dags/example_display_name.py took 0.083 seconds
[2024-10-07T14:44:25.979+0000] {processor.py:186} INFO - Started process (PID=239) to work on /home/airflow/.local/lib/python3.12/site-packages/airflow/example_dags/example_display_name.py
[2024-10-07T14:44:25.982+0000] {processor.py:914} INFO - Processing file /home/airflow/.local/lib/python3.12/site-packages/airflow/example_dags/example_display_name.py for tasks to queue
[2024-10-07T14:44:25.986+0000] {logging_mixin.py:190} INFO - [2024-10-07T14:44:25.985+0000] {dagbag.py:588} INFO - Filling up the DagBag from /home/airflow/.local/lib/python3.12/site-packages/airflow/example_dags/example_display_name.py
[2024-10-07T14:44:25.995+0000] {processor.py:925} INFO - DAG(s) 'example_display_name' retrieved from /home/airflow/.local/lib/python3.12/site-packages/airflow/example_dags/example_display_name.py
[2024-10-07T14:44:26.019+0000] {logging_mixin.py:190} INFO - [2024-10-07T14:44:26.019+0000] {dag.py:3239} INFO - Sync 1 DAGs
[2024-10-07T14:44:26.037+0000] {logging_mixin.py:190} INFO - [2024-10-07T14:44:26.037+0000] {dag.py:4180} INFO - Setting next_dagrun for example_display_name to None, run_after=None
[2024-10-07T14:44:26.057+0000] {processor.py:208} INFO - Processing /home/airflow/.local/lib/python3.12/site-packages/airflow/example_dags/example_display_name.py took 0.086 seconds
[2024-10-07T14:44:56.666+0000] {processor.py:186} INFO - Started process (PID=301) to work on /home/airflow/.local/lib/python3.12/site-packages/airflow/example_dags/example_display_name.py
[2024-10-07T14:44:56.668+0000] {processor.py:914} INFO - Processing file /home/airflow/.local/lib/python3.12/site-packages/airflow/example_dags/example_display_name.py for tasks to queue
[2024-10-07T14:44:56.672+0000] {logging_mixin.py:190} INFO - [2024-10-07T14:44:56.672+0000] {dagbag.py:588} INFO - Filling up the DagBag from /home/airflow/.local/lib/python3.12/site-packages/airflow/example_dags/example_display_name.py
[2024-10-07T14:44:56.682+0000] {processor.py:925} INFO - DAG(s) 'example_display_name' retrieved from /home/airflow/.local/lib/python3.12/site-packages/airflow/example_dags/example_display_name.py
[2024-10-07T14:44:56.702+0000] {logging_mixin.py:190} INFO - [2024-10-07T14:44:56.701+0000] {dag.py:3239} INFO - Sync 1 DAGs
[2024-10-07T14:44:56.718+0000] {logging_mixin.py:190} INFO - [2024-10-07T14:44:56.718+0000] {dag.py:4180} INFO - Setting next_dagrun for example_display_name to None, run_after=None
[2024-10-07T14:44:56.738+0000] {processor.py:208} INFO - Processing /home/airflow/.local/lib/python3.12/site-packages/airflow/example_dags/example_display_name.py took 0.078 seconds
[2024-10-07T14:45:28.013+0000] {processor.py:186} INFO - Started process (PID=362) to work on /home/airflow/.local/lib/python3.12/site-packages/airflow/example_dags/example_display_name.py
[2024-10-07T14:45:28.015+0000] {processor.py:914} INFO - Processing file /home/airflow/.local/lib/python3.12/site-packages/airflow/example_dags/example_display_name.py for tasks to queue
[2024-10-07T14:45:28.018+0000] {logging_mixin.py:190} INFO - [2024-10-07T14:45:28.018+0000] {dagbag.py:588} INFO - Filling up the DagBag from /home/airflow/.local/lib/python3.12/site-packages/airflow/example_dags/example_display_name.py
[2024-10-07T14:45:28.028+0000] {processor.py:925} INFO - DAG(s) 'example_display_name' retrieved from /home/airflow/.local/lib/python3.12/site-packages/airflow/example_dags/example_display_name.py
[2024-10-07T14:45:28.053+0000] {logging_mixin.py:190} INFO - [2024-10-07T14:45:28.052+0000] {dag.py:3239} INFO - Sync 1 DAGs
[2024-10-07T14:45:28.073+0000] {logging_mixin.py:190} INFO - [2024-10-07T14:45:28.072+0000] {dag.py:4180} INFO - Setting next_dagrun for example_display_name to None, run_after=None
[2024-10-07T14:45:28.107+0000] {processor.py:208} INFO - Processing /home/airflow/.local/lib/python3.12/site-packages/airflow/example_dags/example_display_name.py took 0.100 seconds
[2024-10-07T14:45:58.632+0000] {processor.py:186} INFO - Started process (PID=425) to work on /home/airflow/.local/lib/python3.12/site-packages/airflow/example_dags/example_display_name.py
[2024-10-07T14:45:58.635+0000] {processor.py:914} INFO - Processing file /home/airflow/.local/lib/python3.12/site-packages/airflow/example_dags/example_display_name.py for tasks to queue
[2024-10-07T14:45:58.642+0000] {logging_mixin.py:190} INFO - [2024-10-07T14:45:58.640+0000] {dagbag.py:588} INFO - Filling up the DagBag from /home/airflow/.local/lib/python3.12/site-packages/airflow/example_dags/example_display_name.py
[2024-10-07T14:45:58.659+0000] {processor.py:925} INFO - DAG(s) 'example_display_name' retrieved from /home/airflow/.local/lib/python3.12/site-packages/airflow/example_dags/example_display_name.py
[2024-10-07T14:45:58.696+0000] {logging_mixin.py:190} INFO - [2024-10-07T14:45:58.695+0000] {dag.py:3239} INFO - Sync 1 DAGs
[2024-10-07T14:45:58.730+0000] {logging_mixin.py:190} INFO - [2024-10-07T14:45:58.730+0000] {dag.py:4180} INFO - Setting next_dagrun for example_display_name to None, run_after=None
[2024-10-07T14:45:58.779+0000] {processor.py:208} INFO - Processing /home/airflow/.local/lib/python3.12/site-packages/airflow/example_dags/example_display_name.py took 0.157 seconds
[2024-10-07T14:46:29.701+0000] {processor.py:186} INFO - Started process (PID=487) to work on /home/airflow/.local/lib/python3.12/site-packages/airflow/example_dags/example_display_name.py
[2024-10-07T14:46:29.704+0000] {processor.py:914} INFO - Processing file /home/airflow/.local/lib/python3.12/site-packages/airflow/example_dags/example_display_name.py for tasks to queue
[2024-10-07T14:46:29.712+0000] {logging_mixin.py:190} INFO - [2024-10-07T14:46:29.711+0000] {dagbag.py:588} INFO - Filling up the DagBag from /home/airflow/.local/lib/python3.12/site-packages/airflow/example_dags/example_display_name.py
[2024-10-07T14:46:29.736+0000] {processor.py:925} INFO - DAG(s) 'example_display_name' retrieved from /home/airflow/.local/lib/python3.12/site-packages/airflow/example_dags/example_display_name.py
[2024-10-07T14:46:29.791+0000] {logging_mixin.py:190} INFO - [2024-10-07T14:46:29.791+0000] {dag.py:3239} INFO - Sync 1 DAGs
[2024-10-07T14:46:29.852+0000] {logging_mixin.py:190} INFO - [2024-10-07T14:46:29.852+0000] {dag.py:4180} INFO - Setting next_dagrun for example_display_name to None, run_after=None
[2024-10-07T14:46:29.914+0000] {processor.py:208} INFO - Processing /home/airflow/.local/lib/python3.12/site-packages/airflow/example_dags/example_display_name.py took 0.228 seconds
[2024-10-07T14:47:00.623+0000] {processor.py:186} INFO - Started process (PID=549) to work on /home/airflow/.local/lib/python3.12/site-packages/airflow/example_dags/example_display_name.py
[2024-10-07T14:47:00.626+0000] {processor.py:914} INFO - Processing file /home/airflow/.local/lib/python3.12/site-packages/airflow/example_dags/example_display_name.py for tasks to queue
[2024-10-07T14:47:00.634+0000] {logging_mixin.py:190} INFO - [2024-10-07T14:47:00.633+0000] {dagbag.py:588} INFO - Filling up the DagBag from /home/airflow/.local/lib/python3.12/site-packages/airflow/example_dags/example_display_name.py
[2024-10-07T14:47:00.647+0000] {processor.py:925} INFO - DAG(s) 'example_display_name' retrieved from /home/airflow/.local/lib/python3.12/site-packages/airflow/example_dags/example_display_name.py
[2024-10-07T14:47:00.733+0000] {logging_mixin.py:190} INFO - [2024-10-07T14:47:00.733+0000] {dag.py:3239} INFO - Sync 1 DAGs
[2024-10-07T14:47:00.749+0000] {logging_mixin.py:190} INFO - [2024-10-07T14:47:00.749+0000] {dag.py:4180} INFO - Setting next_dagrun for example_display_name to None, run_after=None
[2024-10-07T14:47:00.774+0000] {processor.py:208} INFO - Processing /home/airflow/.local/lib/python3.12/site-packages/airflow/example_dags/example_display_name.py took 0.171 seconds
[2024-10-07T14:47:31.124+0000] {processor.py:186} INFO - Started process (PID=611) to work on /home/airflow/.local/lib/python3.12/site-packages/airflow/example_dags/example_display_name.py
[2024-10-07T14:47:31.126+0000] {processor.py:914} INFO - Processing file /home/airflow/.local/lib/python3.12/site-packages/airflow/example_dags/example_display_name.py for tasks to queue
[2024-10-07T14:47:31.129+0000] {logging_mixin.py:190} INFO - [2024-10-07T14:47:31.128+0000] {dagbag.py:588} INFO - Filling up the DagBag from /home/airflow/.local/lib/python3.12/site-packages/airflow/example_dags/example_display_name.py
[2024-10-07T14:47:31.139+0000] {processor.py:925} INFO - DAG(s) 'example_display_name' retrieved from /home/airflow/.local/lib/python3.12/site-packages/airflow/example_dags/example_display_name.py
[2024-10-07T14:47:31.161+0000] {logging_mixin.py:190} INFO - [2024-10-07T14:47:31.160+0000] {dag.py:3239} INFO - Sync 1 DAGs
[2024-10-07T14:47:31.176+0000] {logging_mixin.py:190} INFO - [2024-10-07T14:47:31.175+0000] {dag.py:4180} INFO - Setting next_dagrun for example_display_name to None, run_after=None
[2024-10-07T14:47:31.197+0000] {processor.py:208} INFO - Processing /home/airflow/.local/lib/python3.12/site-packages/airflow/example_dags/example_display_name.py took 0.079 seconds
[2024-10-07T14:48:01.692+0000] {processor.py:186} INFO - Started process (PID=673) to work on /home/airflow/.local/lib/python3.12/site-packages/airflow/example_dags/example_display_name.py
[2024-10-07T14:48:01.694+0000] {processor.py:914} INFO - Processing file /home/airflow/.local/lib/python3.12/site-packages/airflow/example_dags/example_display_name.py for tasks to queue
[2024-10-07T14:48:01.698+0000] {logging_mixin.py:190} INFO - [2024-10-07T14:48:01.697+0000] {dagbag.py:588} INFO - Filling up the DagBag from /home/airflow/.local/lib/python3.12/site-packages/airflow/example_dags/example_display_name.py
[2024-10-07T14:48:01.706+0000] {processor.py:925} INFO - DAG(s) 'example_display_name' retrieved from /home/airflow/.local/lib/python3.12/site-packages/airflow/example_dags/example_display_name.py
[2024-10-07T14:48:01.728+0000] {logging_mixin.py:190} INFO - [2024-10-07T14:48:01.728+0000] {dag.py:3239} INFO - Sync 1 DAGs
[2024-10-07T14:48:01.744+0000] {logging_mixin.py:190} INFO - [2024-10-07T14:48:01.744+0000] {dag.py:4180} INFO - Setting next_dagrun for example_display_name to None, run_after=None
[2024-10-07T14:48:01.763+0000] {processor.py:208} INFO - Processing /home/airflow/.local/lib/python3.12/site-packages/airflow/example_dags/example_display_name.py took 0.078 seconds
[2024-10-07T14:48:32.227+0000] {processor.py:186} INFO - Started process (PID=735) to work on /home/airflow/.local/lib/python3.12/site-packages/airflow/example_dags/example_display_name.py
[2024-10-07T14:48:32.230+0000] {processor.py:914} INFO - Processing file /home/airflow/.local/lib/python3.12/site-packages/airflow/example_dags/example_display_name.py for tasks to queue
[2024-10-07T14:48:32.234+0000] {logging_mixin.py:190} INFO - [2024-10-07T14:48:32.234+0000] {dagbag.py:588} INFO - Filling up the DagBag from /home/airflow/.local/lib/python3.12/site-packages/airflow/example_dags/example_display_name.py
[2024-10-07T14:48:32.247+0000] {processor.py:925} INFO - DAG(s) 'example_display_name' retrieved from /home/airflow/.local/lib/python3.12/site-packages/airflow/example_dags/example_display_name.py
[2024-10-07T14:48:32.276+0000] {logging_mixin.py:190} INFO - [2024-10-07T14:48:32.275+0000] {dag.py:3239} INFO - Sync 1 DAGs
[2024-10-07T14:48:32.291+0000] {logging_mixin.py:190} INFO - [2024-10-07T14:48:32.291+0000] {dag.py:4180} INFO - Setting next_dagrun for example_display_name to None, run_after=None
[2024-10-07T14:48:32.314+0000] {processor.py:208} INFO - Processing /home/airflow/.local/lib/python3.12/site-packages/airflow/example_dags/example_display_name.py took 0.097 seconds
[2024-10-07T14:49:02.572+0000] {processor.py:186} INFO - Started process (PID=797) to work on /home/airflow/.local/lib/python3.12/site-packages/airflow/example_dags/example_display_name.py
[2024-10-07T14:49:02.574+0000] {processor.py:914} INFO - Processing file /home/airflow/.local/lib/python3.12/site-packages/airflow/example_dags/example_display_name.py for tasks to queue
[2024-10-07T14:49:02.579+0000] {logging_mixin.py:190} INFO - [2024-10-07T14:49:02.578+0000] {dagbag.py:588} INFO - Filling up the DagBag from /home/airflow/.local/lib/python3.12/site-packages/airflow/example_dags/example_display_name.py
[2024-10-07T14:49:02.595+0000] {processor.py:925} INFO - DAG(s) 'example_display_name' retrieved from /home/airflow/.local/lib/python3.12/site-packages/airflow/example_dags/example_display_name.py
[2024-10-07T14:49:02.624+0000] {logging_mixin.py:190} INFO - [2024-10-07T14:49:02.624+0000] {dag.py:3239} INFO - Sync 1 DAGs
[2024-10-07T14:49:02.648+0000] {logging_mixin.py:190} INFO - [2024-10-07T14:49:02.648+0000] {dag.py:4180} INFO - Setting next_dagrun for example_display_name to None, run_after=None
[2024-10-07T14:49:02.679+0000] {processor.py:208} INFO - Processing /home/airflow/.local/lib/python3.12/site-packages/airflow/example_dags/example_display_name.py took 0.116 seconds
[2024-10-07T14:49:33.502+0000] {processor.py:186} INFO - Started process (PID=859) to work on /home/airflow/.local/lib/python3.12/site-packages/airflow/example_dags/example_display_name.py
[2024-10-07T14:49:33.504+0000] {processor.py:914} INFO - Processing file /home/airflow/.local/lib/python3.12/site-packages/airflow/example_dags/example_display_name.py for tasks to queue
[2024-10-07T14:49:33.507+0000] {logging_mixin.py:190} INFO - [2024-10-07T14:49:33.507+0000] {dagbag.py:588} INFO - Filling up the DagBag from /home/airflow/.local/lib/python3.12/site-packages/airflow/example_dags/example_display_name.py
[2024-10-07T14:49:33.517+0000] {processor.py:925} INFO - DAG(s) 'example_display_name' retrieved from /home/airflow/.local/lib/python3.12/site-packages/airflow/example_dags/example_display_name.py
[2024-10-07T14:49:33.539+0000] {logging_mixin.py:190} INFO - [2024-10-07T14:49:33.539+0000] {dag.py:3239} INFO - Sync 1 DAGs
[2024-10-07T14:49:33.557+0000] {logging_mixin.py:190} INFO - [2024-10-07T14:49:33.557+0000] {dag.py:4180} INFO - Setting next_dagrun for example_display_name to None, run_after=None
[2024-10-07T14:49:33.580+0000] {processor.py:208} INFO - Processing /home/airflow/.local/lib/python3.12/site-packages/airflow/example_dags/example_display_name.py took 0.085 seconds
[2024-10-07T14:50:03.742+0000] {processor.py:186} INFO - Started process (PID=921) to work on /home/airflow/.local/lib/python3.12/site-packages/airflow/example_dags/example_display_name.py
[2024-10-07T14:50:03.744+0000] {processor.py:914} INFO - Processing file /home/airflow/.local/lib/python3.12/site-packages/airflow/example_dags/example_display_name.py for tasks to queue
[2024-10-07T14:50:03.747+0000] {logging_mixin.py:190} INFO - [2024-10-07T14:50:03.747+0000] {dagbag.py:588} INFO - Filling up the DagBag from /home/airflow/.local/lib/python3.12/site-packages/airflow/example_dags/example_display_name.py
[2024-10-07T14:50:03.758+0000] {processor.py:925} INFO - DAG(s) 'example_display_name' retrieved from /home/airflow/.local/lib/python3.12/site-packages/airflow/example_dags/example_display_name.py
[2024-10-07T14:50:03.781+0000] {logging_mixin.py:190} INFO - [2024-10-07T14:50:03.780+0000] {dag.py:3239} INFO - Sync 1 DAGs
[2024-10-07T14:50:03.796+0000] {logging_mixin.py:190} INFO - [2024-10-07T14:50:03.795+0000] {dag.py:4180} INFO - Setting next_dagrun for example_display_name to None, run_after=None
[2024-10-07T14:50:03.821+0000] {processor.py:208} INFO - Processing /home/airflow/.local/lib/python3.12/site-packages/airflow/example_dags/example_display_name.py took 0.085 seconds
[2024-10-07T14:50:34.125+0000] {processor.py:186} INFO - Started process (PID=983) to work on /home/airflow/.local/lib/python3.12/site-packages/airflow/example_dags/example_display_name.py
[2024-10-07T14:50:34.130+0000] {processor.py:914} INFO - Processing file /home/airflow/.local/lib/python3.12/site-packages/airflow/example_dags/example_display_name.py for tasks to queue
[2024-10-07T14:50:34.137+0000] {logging_mixin.py:190} INFO - [2024-10-07T14:50:34.136+0000] {dagbag.py:588} INFO - Filling up the DagBag from /home/airflow/.local/lib/python3.12/site-packages/airflow/example_dags/example_display_name.py
[2024-10-07T14:50:34.157+0000] {processor.py:925} INFO - DAG(s) 'example_display_name' retrieved from /home/airflow/.local/lib/python3.12/site-packages/airflow/example_dags/example_display_name.py
[2024-10-07T14:50:34.188+0000] {logging_mixin.py:190} INFO - [2024-10-07T14:50:34.188+0000] {dag.py:3239} INFO - Sync 1 DAGs
[2024-10-07T14:50:34.204+0000] {logging_mixin.py:190} INFO - [2024-10-07T14:50:34.204+0000] {dag.py:4180} INFO - Setting next_dagrun for example_display_name to None, run_after=None
[2024-10-07T14:50:34.226+0000] {processor.py:208} INFO - Processing /home/airflow/.local/lib/python3.12/site-packages/airflow/example_dags/example_display_name.py took 0.117 seconds
[2024-10-07T14:51:04.659+0000] {processor.py:186} INFO - Started process (PID=1045) to work on /home/airflow/.local/lib/python3.12/site-packages/airflow/example_dags/example_display_name.py
[2024-10-07T14:51:04.661+0000] {processor.py:914} INFO - Processing file /home/airflow/.local/lib/python3.12/site-packages/airflow/example_dags/example_display_name.py for tasks to queue
[2024-10-07T14:51:04.664+0000] {logging_mixin.py:190} INFO - [2024-10-07T14:51:04.664+0000] {dagbag.py:588} INFO - Filling up the DagBag from /home/airflow/.local/lib/python3.12/site-packages/airflow/example_dags/example_display_name.py
[2024-10-07T14:51:04.674+0000] {processor.py:925} INFO - DAG(s) 'example_display_name' retrieved from /home/airflow/.local/lib/python3.12/site-packages/airflow/example_dags/example_display_name.py
[2024-10-07T14:51:04.701+0000] {logging_mixin.py:190} INFO - [2024-10-07T14:51:04.701+0000] {dag.py:3239} INFO - Sync 1 DAGs
[2024-10-07T14:51:04.721+0000] {logging_mixin.py:190} INFO - [2024-10-07T14:51:04.721+0000] {dag.py:4180} INFO - Setting next_dagrun for example_display_name to None, run_after=None
[2024-10-07T14:51:04.744+0000] {processor.py:208} INFO - Processing /home/airflow/.local/lib/python3.12/site-packages/airflow/example_dags/example_display_name.py took 0.092 seconds
[2024-10-07T14:51:34.864+0000] {processor.py:186} INFO - Started process (PID=1107) to work on /home/airflow/.local/lib/python3.12/site-packages/airflow/example_dags/example_display_name.py
[2024-10-07T14:51:34.866+0000] {processor.py:914} INFO - Processing file /home/airflow/.local/lib/python3.12/site-packages/airflow/example_dags/example_display_name.py for tasks to queue
[2024-10-07T14:51:34.869+0000] {logging_mixin.py:190} INFO - [2024-10-07T14:51:34.869+0000] {dagbag.py:588} INFO - Filling up the DagBag from /home/airflow/.local/lib/python3.12/site-packages/airflow/example_dags/example_display_name.py
[2024-10-07T14:51:34.879+0000] {processor.py:925} INFO - DAG(s) 'example_display_name' retrieved from /home/airflow/.local/lib/python3.12/site-packages/airflow/example_dags/example_display_name.py
[2024-10-07T14:51:34.902+0000] {logging_mixin.py:190} INFO - [2024-10-07T14:51:34.902+0000] {dag.py:3239} INFO - Sync 1 DAGs
[2024-10-07T14:51:34.921+0000] {logging_mixin.py:190} INFO - [2024-10-07T14:51:34.921+0000] {dag.py:4180} INFO - Setting next_dagrun for example_display_name to None, run_after=None
[2024-10-07T14:51:34.942+0000] {processor.py:208} INFO - Processing /home/airflow/.local/lib/python3.12/site-packages/airflow/example_dags/example_display_name.py took 0.084 seconds
[2024-10-07T14:52:05.734+0000] {processor.py:186} INFO - Started process (PID=1169) to work on /home/airflow/.local/lib/python3.12/site-packages/airflow/example_dags/example_display_name.py
[2024-10-07T14:52:05.736+0000] {processor.py:914} INFO - Processing file /home/airflow/.local/lib/python3.12/site-packages/airflow/example_dags/example_display_name.py for tasks to queue
[2024-10-07T14:52:05.739+0000] {logging_mixin.py:190} INFO - [2024-10-07T14:52:05.739+0000] {dagbag.py:588} INFO - Filling up the DagBag from /home/airflow/.local/lib/python3.12/site-packages/airflow/example_dags/example_display_name.py
[2024-10-07T14:52:05.751+0000] {processor.py:925} INFO - DAG(s) 'example_display_name' retrieved from /home/airflow/.local/lib/python3.12/site-packages/airflow/example_dags/example_display_name.py
[2024-10-07T14:52:05.772+0000] {logging_mixin.py:190} INFO - [2024-10-07T14:52:05.771+0000] {dag.py:3239} INFO - Sync 1 DAGs
[2024-10-07T14:52:05.790+0000] {logging_mixin.py:190} INFO - [2024-10-07T14:52:05.790+0000] {dag.py:4180} INFO - Setting next_dagrun for example_display_name to None, run_after=None
[2024-10-07T14:52:05.817+0000] {processor.py:208} INFO - Processing /home/airflow/.local/lib/python3.12/site-packages/airflow/example_dags/example_display_name.py took 0.091 seconds
[2024-10-07T14:52:36.060+0000] {processor.py:186} INFO - Started process (PID=1231) to work on /home/airflow/.local/lib/python3.12/site-packages/airflow/example_dags/example_display_name.py
[2024-10-07T14:52:36.062+0000] {processor.py:914} INFO - Processing file /home/airflow/.local/lib/python3.12/site-packages/airflow/example_dags/example_display_name.py for tasks to queue
[2024-10-07T14:52:36.066+0000] {logging_mixin.py:190} INFO - [2024-10-07T14:52:36.066+0000] {dagbag.py:588} INFO - Filling up the DagBag from /home/airflow/.local/lib/python3.12/site-packages/airflow/example_dags/example_display_name.py
[2024-10-07T14:52:36.075+0000] {processor.py:925} INFO - DAG(s) 'example_display_name' retrieved from /home/airflow/.local/lib/python3.12/site-packages/airflow/example_dags/example_display_name.py
[2024-10-07T14:52:36.098+0000] {logging_mixin.py:190} INFO - [2024-10-07T14:52:36.098+0000] {dag.py:3239} INFO - Sync 1 DAGs
[2024-10-07T14:52:36.113+0000] {logging_mixin.py:190} INFO - [2024-10-07T14:52:36.112+0000] {dag.py:4180} INFO - Setting next_dagrun for example_display_name to None, run_after=None
[2024-10-07T14:52:36.133+0000] {processor.py:208} INFO - Processing /home/airflow/.local/lib/python3.12/site-packages/airflow/example_dags/example_display_name.py took 0.080 seconds
[2024-10-07T14:53:06.819+0000] {processor.py:186} INFO - Started process (PID=1293) to work on /home/airflow/.local/lib/python3.12/site-packages/airflow/example_dags/example_display_name.py
[2024-10-07T14:53:06.821+0000] {processor.py:914} INFO - Processing file /home/airflow/.local/lib/python3.12/site-packages/airflow/example_dags/example_display_name.py for tasks to queue
[2024-10-07T14:53:06.826+0000] {logging_mixin.py:190} INFO - [2024-10-07T14:53:06.826+0000] {dagbag.py:588} INFO - Filling up the DagBag from /home/airflow/.local/lib/python3.12/site-packages/airflow/example_dags/example_display_name.py
[2024-10-07T14:53:06.838+0000] {processor.py:925} INFO - DAG(s) 'example_display_name' retrieved from /home/airflow/.local/lib/python3.12/site-packages/airflow/example_dags/example_display_name.py
[2024-10-07T14:53:06.869+0000] {logging_mixin.py:190} INFO - [2024-10-07T14:53:06.868+0000] {dag.py:3239} INFO - Sync 1 DAGs
[2024-10-07T14:53:06.892+0000] {logging_mixin.py:190} INFO - [2024-10-07T14:53:06.892+0000] {dag.py:4180} INFO - Setting next_dagrun for example_display_name to None, run_after=None
[2024-10-07T14:53:06.921+0000] {processor.py:208} INFO - Processing /home/airflow/.local/lib/python3.12/site-packages/airflow/example_dags/example_display_name.py took 0.110 seconds
[2024-10-07T14:53:37.302+0000] {processor.py:186} INFO - Started process (PID=1356) to work on /home/airflow/.local/lib/python3.12/site-packages/airflow/example_dags/example_display_name.py
[2024-10-07T14:53:37.304+0000] {processor.py:914} INFO - Processing file /home/airflow/.local/lib/python3.12/site-packages/airflow/example_dags/example_display_name.py for tasks to queue
[2024-10-07T14:53:37.307+0000] {logging_mixin.py:190} INFO - [2024-10-07T14:53:37.307+0000] {dagbag.py:588} INFO - Filling up the DagBag from /home/airflow/.local/lib/python3.12/site-packages/airflow/example_dags/example_display_name.py
[2024-10-07T14:53:37.315+0000] {processor.py:925} INFO - DAG(s) 'example_display_name' retrieved from /home/airflow/.local/lib/python3.12/site-packages/airflow/example_dags/example_display_name.py
[2024-10-07T14:53:37.338+0000] {logging_mixin.py:190} INFO - [2024-10-07T14:53:37.338+0000] {dag.py:3239} INFO - Sync 1 DAGs
[2024-10-07T14:53:37.352+0000] {logging_mixin.py:190} INFO - [2024-10-07T14:53:37.352+0000] {dag.py:4180} INFO - Setting next_dagrun for example_display_name to None, run_after=None
[2024-10-07T14:53:37.375+0000] {processor.py:208} INFO - Processing /home/airflow/.local/lib/python3.12/site-packages/airflow/example_dags/example_display_name.py took 0.079 seconds
