[2024-10-07T14:43:25.526+0000] {processor.py:186} INFO - Started process (PID=117) to work on /home/airflow/.local/lib/python3.12/site-packages/airflow/example_dags/example_inlet_event_extra.py
[2024-10-07T14:43:25.528+0000] {processor.py:914} INFO - Processing file /home/airflow/.local/lib/python3.12/site-packages/airflow/example_dags/example_inlet_event_extra.py for tasks to queue
[2024-10-07T14:43:25.532+0000] {logging_mixin.py:190} INFO - [2024-10-07T14:43:25.532+0000] {dagbag.py:588} INFO - Filling up the DagBag from /home/airflow/.local/lib/python3.12/site-packages/airflow/example_dags/example_inlet_event_extra.py
[2024-10-07T14:43:25.778+0000] {processor.py:925} INFO - DAG(s) 'read_dataset_event_from_classic', 'read_dataset_event' retrieved from /home/airflow/.local/lib/python3.12/site-packages/airflow/example_dags/example_inlet_event_extra.py
[2024-10-07T14:43:25.965+0000] {logging_mixin.py:190} INFO - [2024-10-07T14:43:25.963+0000] {override.py:1900} INFO - Created Permission View: can read on DAG:read_dataset_event_from_classic
[2024-10-07T14:43:25.989+0000] {logging_mixin.py:190} INFO - [2024-10-07T14:43:25.989+0000] {override.py:1900} INFO - Created Permission View: can delete on DAG:read_dataset_event_from_classic
[2024-10-07T14:43:26.006+0000] {logging_mixin.py:190} INFO - [2024-10-07T14:43:26.005+0000] {override.py:1900} INFO - Created Permission View: can edit on DAG:read_dataset_event_from_classic
[2024-10-07T14:43:26.023+0000] {logging_mixin.py:190} INFO - [2024-10-07T14:43:26.023+0000] {override.py:1900} INFO - Created Permission View: can read on DAG Run:read_dataset_event_from_classic
[2024-10-07T14:43:26.040+0000] {logging_mixin.py:190} INFO - [2024-10-07T14:43:26.039+0000] {override.py:1900} INFO - Created Permission View: can create on DAG Run:read_dataset_event_from_classic
[2024-10-07T14:43:26.057+0000] {logging_mixin.py:190} INFO - [2024-10-07T14:43:26.056+0000] {override.py:1900} INFO - Created Permission View: menu access on DAG Run:read_dataset_event_from_classic
[2024-10-07T14:43:26.073+0000] {logging_mixin.py:190} INFO - [2024-10-07T14:43:26.073+0000] {override.py:1900} INFO - Created Permission View: can delete on DAG Run:read_dataset_event_from_classic
[2024-10-07T14:43:26.101+0000] {logging_mixin.py:190} INFO - [2024-10-07T14:43:26.101+0000] {override.py:1900} INFO - Created Permission View: can read on DAG:read_dataset_event
[2024-10-07T14:43:26.115+0000] {logging_mixin.py:190} INFO - [2024-10-07T14:43:26.114+0000] {override.py:1900} INFO - Created Permission View: can delete on DAG:read_dataset_event
[2024-10-07T14:43:26.130+0000] {logging_mixin.py:190} INFO - [2024-10-07T14:43:26.130+0000] {override.py:1900} INFO - Created Permission View: can edit on DAG:read_dataset_event
[2024-10-07T14:43:26.145+0000] {logging_mixin.py:190} INFO - [2024-10-07T14:43:26.144+0000] {override.py:1900} INFO - Created Permission View: can read on DAG Run:read_dataset_event
[2024-10-07T14:43:26.161+0000] {logging_mixin.py:190} INFO - [2024-10-07T14:43:26.160+0000] {override.py:1900} INFO - Created Permission View: can create on DAG Run:read_dataset_event
[2024-10-07T14:43:26.176+0000] {logging_mixin.py:190} INFO - [2024-10-07T14:43:26.175+0000] {override.py:1900} INFO - Created Permission View: menu access on DAG Run:read_dataset_event
[2024-10-07T14:43:26.192+0000] {logging_mixin.py:190} INFO - [2024-10-07T14:43:26.192+0000] {override.py:1900} INFO - Created Permission View: can delete on DAG Run:read_dataset_event
[2024-10-07T14:43:26.194+0000] {logging_mixin.py:190} INFO - [2024-10-07T14:43:26.194+0000] {dag.py:3239} INFO - Sync 2 DAGs
[2024-10-07T14:43:26.243+0000] {logging_mixin.py:190} INFO - [2024-10-07T14:43:26.242+0000] {dag.py:3262} INFO - Creating ORM DAG for read_dataset_event
[2024-10-07T14:43:26.245+0000] {logging_mixin.py:190} INFO - [2024-10-07T14:43:26.245+0000] {dag.py:3262} INFO - Creating ORM DAG for read_dataset_event_from_classic
[2024-10-07T14:43:26.292+0000] {logging_mixin.py:190} INFO - [2024-10-07T14:43:26.292+0000] {dag.py:4180} INFO - Setting next_dagrun for read_dataset_event to 2024-10-06 00:00:00+00:00, run_after=2024-10-07 00:00:00+00:00
[2024-10-07T14:43:26.299+0000] {logging_mixin.py:190} INFO - [2024-10-07T14:43:26.298+0000] {dag.py:4180} INFO - Setting next_dagrun for read_dataset_event_from_classic to 2024-10-06 00:00:00+00:00, run_after=2024-10-07 00:00:00+00:00
[2024-10-07T14:43:26.354+0000] {processor.py:208} INFO - Processing /home/airflow/.local/lib/python3.12/site-packages/airflow/example_dags/example_inlet_event_extra.py took 0.837 seconds
[2024-10-07T14:43:56.726+0000] {processor.py:186} INFO - Started process (PID=179) to work on /home/airflow/.local/lib/python3.12/site-packages/airflow/example_dags/example_inlet_event_extra.py
[2024-10-07T14:43:56.728+0000] {processor.py:914} INFO - Processing file /home/airflow/.local/lib/python3.12/site-packages/airflow/example_dags/example_inlet_event_extra.py for tasks to queue
[2024-10-07T14:43:56.733+0000] {logging_mixin.py:190} INFO - [2024-10-07T14:43:56.733+0000] {dagbag.py:588} INFO - Filling up the DagBag from /home/airflow/.local/lib/python3.12/site-packages/airflow/example_dags/example_inlet_event_extra.py
[2024-10-07T14:43:56.879+0000] {processor.py:925} INFO - DAG(s) 'read_dataset_event_from_classic', 'read_dataset_event' retrieved from /home/airflow/.local/lib/python3.12/site-packages/airflow/example_dags/example_inlet_event_extra.py
[2024-10-07T14:43:56.906+0000] {logging_mixin.py:190} INFO - [2024-10-07T14:43:56.906+0000] {dag.py:3239} INFO - Sync 2 DAGs
[2024-10-07T14:43:56.930+0000] {logging_mixin.py:190} INFO - [2024-10-07T14:43:56.930+0000] {dag.py:4180} INFO - Setting next_dagrun for read_dataset_event to 2024-10-06 00:00:00+00:00, run_after=2024-10-07 00:00:00+00:00
[2024-10-07T14:43:56.937+0000] {logging_mixin.py:190} INFO - [2024-10-07T14:43:56.937+0000] {dag.py:4180} INFO - Setting next_dagrun for read_dataset_event_from_classic to 2024-10-06 00:00:00+00:00, run_after=2024-10-07 00:00:00+00:00
[2024-10-07T14:43:56.956+0000] {processor.py:208} INFO - Processing /home/airflow/.local/lib/python3.12/site-packages/airflow/example_dags/example_inlet_event_extra.py took 0.236 seconds
[2024-10-07T14:44:27.125+0000] {processor.py:186} INFO - Started process (PID=241) to work on /home/airflow/.local/lib/python3.12/site-packages/airflow/example_dags/example_inlet_event_extra.py
[2024-10-07T14:44:27.127+0000] {processor.py:914} INFO - Processing file /home/airflow/.local/lib/python3.12/site-packages/airflow/example_dags/example_inlet_event_extra.py for tasks to queue
[2024-10-07T14:44:27.131+0000] {logging_mixin.py:190} INFO - [2024-10-07T14:44:27.131+0000] {dagbag.py:588} INFO - Filling up the DagBag from /home/airflow/.local/lib/python3.12/site-packages/airflow/example_dags/example_inlet_event_extra.py
[2024-10-07T14:44:27.278+0000] {processor.py:925} INFO - DAG(s) 'read_dataset_event_from_classic', 'read_dataset_event' retrieved from /home/airflow/.local/lib/python3.12/site-packages/airflow/example_dags/example_inlet_event_extra.py
[2024-10-07T14:44:27.300+0000] {logging_mixin.py:190} INFO - [2024-10-07T14:44:27.300+0000] {dag.py:3239} INFO - Sync 2 DAGs
[2024-10-07T14:44:27.324+0000] {logging_mixin.py:190} INFO - [2024-10-07T14:44:27.324+0000] {dag.py:4180} INFO - Setting next_dagrun for read_dataset_event to 2024-10-06 00:00:00+00:00, run_after=2024-10-07 00:00:00+00:00
[2024-10-07T14:44:27.329+0000] {logging_mixin.py:190} INFO - [2024-10-07T14:44:27.329+0000] {dag.py:4180} INFO - Setting next_dagrun for read_dataset_event_from_classic to 2024-10-06 00:00:00+00:00, run_after=2024-10-07 00:00:00+00:00
[2024-10-07T14:44:27.352+0000] {processor.py:208} INFO - Processing /home/airflow/.local/lib/python3.12/site-packages/airflow/example_dags/example_inlet_event_extra.py took 0.233 seconds
[2024-10-07T14:44:57.769+0000] {processor.py:186} INFO - Started process (PID=303) to work on /home/airflow/.local/lib/python3.12/site-packages/airflow/example_dags/example_inlet_event_extra.py
[2024-10-07T14:44:57.772+0000] {processor.py:914} INFO - Processing file /home/airflow/.local/lib/python3.12/site-packages/airflow/example_dags/example_inlet_event_extra.py for tasks to queue
[2024-10-07T14:44:57.778+0000] {logging_mixin.py:190} INFO - [2024-10-07T14:44:57.777+0000] {dagbag.py:588} INFO - Filling up the DagBag from /home/airflow/.local/lib/python3.12/site-packages/airflow/example_dags/example_inlet_event_extra.py
[2024-10-07T14:44:57.920+0000] {processor.py:925} INFO - DAG(s) 'read_dataset_event_from_classic', 'read_dataset_event' retrieved from /home/airflow/.local/lib/python3.12/site-packages/airflow/example_dags/example_inlet_event_extra.py
[2024-10-07T14:44:57.942+0000] {logging_mixin.py:190} INFO - [2024-10-07T14:44:57.941+0000] {dag.py:3239} INFO - Sync 2 DAGs
[2024-10-07T14:44:57.965+0000] {logging_mixin.py:190} INFO - [2024-10-07T14:44:57.965+0000] {dag.py:4180} INFO - Setting next_dagrun for read_dataset_event to 2024-10-06 00:00:00+00:00, run_after=2024-10-07 00:00:00+00:00
[2024-10-07T14:44:57.970+0000] {logging_mixin.py:190} INFO - [2024-10-07T14:44:57.970+0000] {dag.py:4180} INFO - Setting next_dagrun for read_dataset_event_from_classic to 2024-10-06 00:00:00+00:00, run_after=2024-10-07 00:00:00+00:00
[2024-10-07T14:44:57.986+0000] {processor.py:208} INFO - Processing /home/airflow/.local/lib/python3.12/site-packages/airflow/example_dags/example_inlet_event_extra.py took 0.228 seconds
[2024-10-07T14:45:28.162+0000] {processor.py:186} INFO - Started process (PID=364) to work on /home/airflow/.local/lib/python3.12/site-packages/airflow/example_dags/example_inlet_event_extra.py
[2024-10-07T14:45:28.164+0000] {processor.py:914} INFO - Processing file /home/airflow/.local/lib/python3.12/site-packages/airflow/example_dags/example_inlet_event_extra.py for tasks to queue
[2024-10-07T14:45:28.167+0000] {logging_mixin.py:190} INFO - [2024-10-07T14:45:28.166+0000] {dagbag.py:588} INFO - Filling up the DagBag from /home/airflow/.local/lib/python3.12/site-packages/airflow/example_dags/example_inlet_event_extra.py
[2024-10-07T14:45:28.367+0000] {processor.py:925} INFO - DAG(s) 'read_dataset_event', 'read_dataset_event_from_classic' retrieved from /home/airflow/.local/lib/python3.12/site-packages/airflow/example_dags/example_inlet_event_extra.py
[2024-10-07T14:45:28.415+0000] {logging_mixin.py:190} INFO - [2024-10-07T14:45:28.414+0000] {dag.py:3239} INFO - Sync 2 DAGs
[2024-10-07T14:45:28.445+0000] {logging_mixin.py:190} INFO - [2024-10-07T14:45:28.444+0000] {dag.py:4180} INFO - Setting next_dagrun for read_dataset_event to 2024-10-06 00:00:00+00:00, run_after=2024-10-07 00:00:00+00:00
[2024-10-07T14:45:28.451+0000] {logging_mixin.py:190} INFO - [2024-10-07T14:45:28.451+0000] {dag.py:4180} INFO - Setting next_dagrun for read_dataset_event_from_classic to 2024-10-06 00:00:00+00:00, run_after=2024-10-07 00:00:00+00:00
[2024-10-07T14:45:28.480+0000] {processor.py:208} INFO - Processing /home/airflow/.local/lib/python3.12/site-packages/airflow/example_dags/example_inlet_event_extra.py took 0.325 seconds
[2024-10-07T14:45:58.856+0000] {processor.py:186} INFO - Started process (PID=427) to work on /home/airflow/.local/lib/python3.12/site-packages/airflow/example_dags/example_inlet_event_extra.py
[2024-10-07T14:45:58.859+0000] {processor.py:914} INFO - Processing file /home/airflow/.local/lib/python3.12/site-packages/airflow/example_dags/example_inlet_event_extra.py for tasks to queue
[2024-10-07T14:45:58.864+0000] {logging_mixin.py:190} INFO - [2024-10-07T14:45:58.863+0000] {dagbag.py:588} INFO - Filling up the DagBag from /home/airflow/.local/lib/python3.12/site-packages/airflow/example_dags/example_inlet_event_extra.py
[2024-10-07T14:45:59.119+0000] {processor.py:925} INFO - DAG(s) 'read_dataset_event_from_classic', 'read_dataset_event' retrieved from /home/airflow/.local/lib/python3.12/site-packages/airflow/example_dags/example_inlet_event_extra.py
[2024-10-07T14:45:59.161+0000] {logging_mixin.py:190} INFO - [2024-10-07T14:45:59.160+0000] {dag.py:3239} INFO - Sync 2 DAGs
[2024-10-07T14:45:59.208+0000] {logging_mixin.py:190} INFO - [2024-10-07T14:45:59.207+0000] {dag.py:4180} INFO - Setting next_dagrun for read_dataset_event to 2024-10-06 00:00:00+00:00, run_after=2024-10-07 00:00:00+00:00
[2024-10-07T14:45:59.220+0000] {logging_mixin.py:190} INFO - [2024-10-07T14:45:59.220+0000] {dag.py:4180} INFO - Setting next_dagrun for read_dataset_event_from_classic to 2024-10-06 00:00:00+00:00, run_after=2024-10-07 00:00:00+00:00
[2024-10-07T14:45:59.252+0000] {processor.py:208} INFO - Processing /home/airflow/.local/lib/python3.12/site-packages/airflow/example_dags/example_inlet_event_extra.py took 0.407 seconds
[2024-10-07T14:46:30.402+0000] {processor.py:186} INFO - Started process (PID=489) to work on /home/airflow/.local/lib/python3.12/site-packages/airflow/example_dags/example_inlet_event_extra.py
[2024-10-07T14:46:30.405+0000] {processor.py:914} INFO - Processing file /home/airflow/.local/lib/python3.12/site-packages/airflow/example_dags/example_inlet_event_extra.py for tasks to queue
[2024-10-07T14:46:30.412+0000] {logging_mixin.py:190} INFO - [2024-10-07T14:46:30.411+0000] {dagbag.py:588} INFO - Filling up the DagBag from /home/airflow/.local/lib/python3.12/site-packages/airflow/example_dags/example_inlet_event_extra.py
[2024-10-07T14:46:30.782+0000] {processor.py:925} INFO - DAG(s) 'read_dataset_event', 'read_dataset_event_from_classic' retrieved from /home/airflow/.local/lib/python3.12/site-packages/airflow/example_dags/example_inlet_event_extra.py
[2024-10-07T14:46:30.836+0000] {logging_mixin.py:190} INFO - [2024-10-07T14:46:30.835+0000] {dag.py:3239} INFO - Sync 2 DAGs
[2024-10-07T14:46:30.927+0000] {logging_mixin.py:190} INFO - [2024-10-07T14:46:30.926+0000] {dag.py:4180} INFO - Setting next_dagrun for read_dataset_event to 2024-10-06 00:00:00+00:00, run_after=2024-10-07 00:00:00+00:00
[2024-10-07T14:46:30.943+0000] {logging_mixin.py:190} INFO - [2024-10-07T14:46:30.942+0000] {dag.py:4180} INFO - Setting next_dagrun for read_dataset_event_from_classic to 2024-10-06 00:00:00+00:00, run_after=2024-10-07 00:00:00+00:00
[2024-10-07T14:46:30.995+0000] {processor.py:208} INFO - Processing /home/airflow/.local/lib/python3.12/site-packages/airflow/example_dags/example_inlet_event_extra.py took 0.605 seconds
[2024-10-07T14:47:01.835+0000] {processor.py:186} INFO - Started process (PID=551) to work on /home/airflow/.local/lib/python3.12/site-packages/airflow/example_dags/example_inlet_event_extra.py
[2024-10-07T14:47:01.837+0000] {processor.py:914} INFO - Processing file /home/airflow/.local/lib/python3.12/site-packages/airflow/example_dags/example_inlet_event_extra.py for tasks to queue
[2024-10-07T14:47:01.840+0000] {logging_mixin.py:190} INFO - [2024-10-07T14:47:01.840+0000] {dagbag.py:588} INFO - Filling up the DagBag from /home/airflow/.local/lib/python3.12/site-packages/airflow/example_dags/example_inlet_event_extra.py
[2024-10-07T14:47:02.015+0000] {processor.py:925} INFO - DAG(s) 'read_dataset_event_from_classic', 'read_dataset_event' retrieved from /home/airflow/.local/lib/python3.12/site-packages/airflow/example_dags/example_inlet_event_extra.py
[2024-10-07T14:47:02.039+0000] {logging_mixin.py:190} INFO - [2024-10-07T14:47:02.039+0000] {dag.py:3239} INFO - Sync 2 DAGs
[2024-10-07T14:47:02.069+0000] {logging_mixin.py:190} INFO - [2024-10-07T14:47:02.068+0000] {dag.py:4180} INFO - Setting next_dagrun for read_dataset_event to 2024-10-06 00:00:00+00:00, run_after=2024-10-07 00:00:00+00:00
[2024-10-07T14:47:02.076+0000] {logging_mixin.py:190} INFO - [2024-10-07T14:47:02.076+0000] {dag.py:4180} INFO - Setting next_dagrun for read_dataset_event_from_classic to 2024-10-06 00:00:00+00:00, run_after=2024-10-07 00:00:00+00:00
[2024-10-07T14:47:02.098+0000] {processor.py:208} INFO - Processing /home/airflow/.local/lib/python3.12/site-packages/airflow/example_dags/example_inlet_event_extra.py took 0.270 seconds
[2024-10-07T14:47:32.295+0000] {processor.py:186} INFO - Started process (PID=613) to work on /home/airflow/.local/lib/python3.12/site-packages/airflow/example_dags/example_inlet_event_extra.py
[2024-10-07T14:47:32.298+0000] {processor.py:914} INFO - Processing file /home/airflow/.local/lib/python3.12/site-packages/airflow/example_dags/example_inlet_event_extra.py for tasks to queue
[2024-10-07T14:47:32.304+0000] {logging_mixin.py:190} INFO - [2024-10-07T14:47:32.304+0000] {dagbag.py:588} INFO - Filling up the DagBag from /home/airflow/.local/lib/python3.12/site-packages/airflow/example_dags/example_inlet_event_extra.py
[2024-10-07T14:47:32.470+0000] {processor.py:925} INFO - DAG(s) 'read_dataset_event_from_classic', 'read_dataset_event' retrieved from /home/airflow/.local/lib/python3.12/site-packages/airflow/example_dags/example_inlet_event_extra.py
[2024-10-07T14:47:32.497+0000] {logging_mixin.py:190} INFO - [2024-10-07T14:47:32.496+0000] {dag.py:3239} INFO - Sync 2 DAGs
[2024-10-07T14:47:32.526+0000] {logging_mixin.py:190} INFO - [2024-10-07T14:47:32.526+0000] {dag.py:4180} INFO - Setting next_dagrun for read_dataset_event to 2024-10-06 00:00:00+00:00, run_after=2024-10-07 00:00:00+00:00
[2024-10-07T14:47:32.533+0000] {logging_mixin.py:190} INFO - [2024-10-07T14:47:32.532+0000] {dag.py:4180} INFO - Setting next_dagrun for read_dataset_event_from_classic to 2024-10-06 00:00:00+00:00, run_after=2024-10-07 00:00:00+00:00
[2024-10-07T14:47:32.553+0000] {processor.py:208} INFO - Processing /home/airflow/.local/lib/python3.12/site-packages/airflow/example_dags/example_inlet_event_extra.py took 0.264 seconds
[2024-10-07T14:48:02.876+0000] {processor.py:186} INFO - Started process (PID=675) to work on /home/airflow/.local/lib/python3.12/site-packages/airflow/example_dags/example_inlet_event_extra.py
[2024-10-07T14:48:02.879+0000] {processor.py:914} INFO - Processing file /home/airflow/.local/lib/python3.12/site-packages/airflow/example_dags/example_inlet_event_extra.py for tasks to queue
[2024-10-07T14:48:02.884+0000] {logging_mixin.py:190} INFO - [2024-10-07T14:48:02.883+0000] {dagbag.py:588} INFO - Filling up the DagBag from /home/airflow/.local/lib/python3.12/site-packages/airflow/example_dags/example_inlet_event_extra.py
[2024-10-07T14:48:03.072+0000] {processor.py:925} INFO - DAG(s) 'read_dataset_event', 'read_dataset_event_from_classic' retrieved from /home/airflow/.local/lib/python3.12/site-packages/airflow/example_dags/example_inlet_event_extra.py
[2024-10-07T14:48:03.097+0000] {logging_mixin.py:190} INFO - [2024-10-07T14:48:03.096+0000] {dag.py:3239} INFO - Sync 2 DAGs
[2024-10-07T14:48:03.124+0000] {logging_mixin.py:190} INFO - [2024-10-07T14:48:03.123+0000] {dag.py:4180} INFO - Setting next_dagrun for read_dataset_event to 2024-10-06 00:00:00+00:00, run_after=2024-10-07 00:00:00+00:00
[2024-10-07T14:48:03.129+0000] {logging_mixin.py:190} INFO - [2024-10-07T14:48:03.129+0000] {dag.py:4180} INFO - Setting next_dagrun for read_dataset_event_from_classic to 2024-10-06 00:00:00+00:00, run_after=2024-10-07 00:00:00+00:00
[2024-10-07T14:48:03.145+0000] {processor.py:208} INFO - Processing /home/airflow/.local/lib/python3.12/site-packages/airflow/example_dags/example_inlet_event_extra.py took 0.275 seconds
[2024-10-07T14:48:33.416+0000] {processor.py:186} INFO - Started process (PID=737) to work on /home/airflow/.local/lib/python3.12/site-packages/airflow/example_dags/example_inlet_event_extra.py
[2024-10-07T14:48:33.417+0000] {processor.py:914} INFO - Processing file /home/airflow/.local/lib/python3.12/site-packages/airflow/example_dags/example_inlet_event_extra.py for tasks to queue
[2024-10-07T14:48:33.421+0000] {logging_mixin.py:190} INFO - [2024-10-07T14:48:33.420+0000] {dagbag.py:588} INFO - Filling up the DagBag from /home/airflow/.local/lib/python3.12/site-packages/airflow/example_dags/example_inlet_event_extra.py
[2024-10-07T14:48:33.552+0000] {processor.py:925} INFO - DAG(s) 'read_dataset_event', 'read_dataset_event_from_classic' retrieved from /home/airflow/.local/lib/python3.12/site-packages/airflow/example_dags/example_inlet_event_extra.py
[2024-10-07T14:48:33.572+0000] {logging_mixin.py:190} INFO - [2024-10-07T14:48:33.571+0000] {dag.py:3239} INFO - Sync 2 DAGs
[2024-10-07T14:48:33.596+0000] {logging_mixin.py:190} INFO - [2024-10-07T14:48:33.595+0000] {dag.py:4180} INFO - Setting next_dagrun for read_dataset_event to 2024-10-06 00:00:00+00:00, run_after=2024-10-07 00:00:00+00:00
[2024-10-07T14:48:33.647+0000] {logging_mixin.py:190} INFO - [2024-10-07T14:48:33.646+0000] {dag.py:4180} INFO - Setting next_dagrun for read_dataset_event_from_classic to 2024-10-06 00:00:00+00:00, run_after=2024-10-07 00:00:00+00:00
[2024-10-07T14:48:33.676+0000] {processor.py:208} INFO - Processing /home/airflow/.local/lib/python3.12/site-packages/airflow/example_dags/example_inlet_event_extra.py took 0.269 seconds
[2024-10-07T14:49:03.753+0000] {processor.py:186} INFO - Started process (PID=799) to work on /home/airflow/.local/lib/python3.12/site-packages/airflow/example_dags/example_inlet_event_extra.py
[2024-10-07T14:49:03.754+0000] {processor.py:914} INFO - Processing file /home/airflow/.local/lib/python3.12/site-packages/airflow/example_dags/example_inlet_event_extra.py for tasks to queue
[2024-10-07T14:49:03.757+0000] {logging_mixin.py:190} INFO - [2024-10-07T14:49:03.756+0000] {dagbag.py:588} INFO - Filling up the DagBag from /home/airflow/.local/lib/python3.12/site-packages/airflow/example_dags/example_inlet_event_extra.py
[2024-10-07T14:49:03.889+0000] {processor.py:925} INFO - DAG(s) 'read_dataset_event', 'read_dataset_event_from_classic' retrieved from /home/airflow/.local/lib/python3.12/site-packages/airflow/example_dags/example_inlet_event_extra.py
[2024-10-07T14:49:03.913+0000] {logging_mixin.py:190} INFO - [2024-10-07T14:49:03.913+0000] {dag.py:3239} INFO - Sync 2 DAGs
[2024-10-07T14:49:03.939+0000] {logging_mixin.py:190} INFO - [2024-10-07T14:49:03.939+0000] {dag.py:4180} INFO - Setting next_dagrun for read_dataset_event to 2024-10-06 00:00:00+00:00, run_after=2024-10-07 00:00:00+00:00
[2024-10-07T14:49:03.945+0000] {logging_mixin.py:190} INFO - [2024-10-07T14:49:03.944+0000] {dag.py:4180} INFO - Setting next_dagrun for read_dataset_event_from_classic to 2024-10-06 00:00:00+00:00, run_after=2024-10-07 00:00:00+00:00
[2024-10-07T14:49:03.965+0000] {processor.py:208} INFO - Processing /home/airflow/.local/lib/python3.12/site-packages/airflow/example_dags/example_inlet_event_extra.py took 0.218 seconds
[2024-10-07T14:49:34.660+0000] {processor.py:186} INFO - Started process (PID=861) to work on /home/airflow/.local/lib/python3.12/site-packages/airflow/example_dags/example_inlet_event_extra.py
[2024-10-07T14:49:34.663+0000] {processor.py:914} INFO - Processing file /home/airflow/.local/lib/python3.12/site-packages/airflow/example_dags/example_inlet_event_extra.py for tasks to queue
[2024-10-07T14:49:34.667+0000] {logging_mixin.py:190} INFO - [2024-10-07T14:49:34.666+0000] {dagbag.py:588} INFO - Filling up the DagBag from /home/airflow/.local/lib/python3.12/site-packages/airflow/example_dags/example_inlet_event_extra.py
[2024-10-07T14:49:34.807+0000] {processor.py:925} INFO - DAG(s) 'read_dataset_event', 'read_dataset_event_from_classic' retrieved from /home/airflow/.local/lib/python3.12/site-packages/airflow/example_dags/example_inlet_event_extra.py
[2024-10-07T14:49:34.829+0000] {logging_mixin.py:190} INFO - [2024-10-07T14:49:34.829+0000] {dag.py:3239} INFO - Sync 2 DAGs
[2024-10-07T14:49:34.856+0000] {logging_mixin.py:190} INFO - [2024-10-07T14:49:34.856+0000] {dag.py:4180} INFO - Setting next_dagrun for read_dataset_event to 2024-10-06 00:00:00+00:00, run_after=2024-10-07 00:00:00+00:00
[2024-10-07T14:49:34.863+0000] {logging_mixin.py:190} INFO - [2024-10-07T14:49:34.863+0000] {dag.py:4180} INFO - Setting next_dagrun for read_dataset_event_from_classic to 2024-10-06 00:00:00+00:00, run_after=2024-10-07 00:00:00+00:00
[2024-10-07T14:49:34.882+0000] {processor.py:208} INFO - Processing /home/airflow/.local/lib/python3.12/site-packages/airflow/example_dags/example_inlet_event_extra.py took 0.228 seconds
[2024-10-07T14:50:04.988+0000] {processor.py:186} INFO - Started process (PID=924) to work on /home/airflow/.local/lib/python3.12/site-packages/airflow/example_dags/example_inlet_event_extra.py
[2024-10-07T14:50:04.990+0000] {processor.py:914} INFO - Processing file /home/airflow/.local/lib/python3.12/site-packages/airflow/example_dags/example_inlet_event_extra.py for tasks to queue
[2024-10-07T14:50:04.995+0000] {logging_mixin.py:190} INFO - [2024-10-07T14:50:04.994+0000] {dagbag.py:588} INFO - Filling up the DagBag from /home/airflow/.local/lib/python3.12/site-packages/airflow/example_dags/example_inlet_event_extra.py
[2024-10-07T14:50:05.161+0000] {processor.py:925} INFO - DAG(s) 'read_dataset_event', 'read_dataset_event_from_classic' retrieved from /home/airflow/.local/lib/python3.12/site-packages/airflow/example_dags/example_inlet_event_extra.py
[2024-10-07T14:50:05.191+0000] {logging_mixin.py:190} INFO - [2024-10-07T14:50:05.191+0000] {dag.py:3239} INFO - Sync 2 DAGs
[2024-10-07T14:50:05.219+0000] {logging_mixin.py:190} INFO - [2024-10-07T14:50:05.219+0000] {dag.py:4180} INFO - Setting next_dagrun for read_dataset_event to 2024-10-06 00:00:00+00:00, run_after=2024-10-07 00:00:00+00:00
[2024-10-07T14:50:05.225+0000] {logging_mixin.py:190} INFO - [2024-10-07T14:50:05.225+0000] {dag.py:4180} INFO - Setting next_dagrun for read_dataset_event_from_classic to 2024-10-06 00:00:00+00:00, run_after=2024-10-07 00:00:00+00:00
[2024-10-07T14:50:05.242+0000] {processor.py:208} INFO - Processing /home/airflow/.local/lib/python3.12/site-packages/airflow/example_dags/example_inlet_event_extra.py took 0.263 seconds
[2024-10-07T14:50:35.316+0000] {processor.py:186} INFO - Started process (PID=985) to work on /home/airflow/.local/lib/python3.12/site-packages/airflow/example_dags/example_inlet_event_extra.py
[2024-10-07T14:50:35.318+0000] {processor.py:914} INFO - Processing file /home/airflow/.local/lib/python3.12/site-packages/airflow/example_dags/example_inlet_event_extra.py for tasks to queue
[2024-10-07T14:50:35.322+0000] {logging_mixin.py:190} INFO - [2024-10-07T14:50:35.322+0000] {dagbag.py:588} INFO - Filling up the DagBag from /home/airflow/.local/lib/python3.12/site-packages/airflow/example_dags/example_inlet_event_extra.py
[2024-10-07T14:50:35.490+0000] {processor.py:925} INFO - DAG(s) 'read_dataset_event_from_classic', 'read_dataset_event' retrieved from /home/airflow/.local/lib/python3.12/site-packages/airflow/example_dags/example_inlet_event_extra.py
[2024-10-07T14:50:35.515+0000] {logging_mixin.py:190} INFO - [2024-10-07T14:50:35.515+0000] {dag.py:3239} INFO - Sync 2 DAGs
[2024-10-07T14:50:35.552+0000] {logging_mixin.py:190} INFO - [2024-10-07T14:50:35.552+0000] {dag.py:4180} INFO - Setting next_dagrun for read_dataset_event to 2024-10-06 00:00:00+00:00, run_after=2024-10-07 00:00:00+00:00
[2024-10-07T14:50:35.558+0000] {logging_mixin.py:190} INFO - [2024-10-07T14:50:35.558+0000] {dag.py:4180} INFO - Setting next_dagrun for read_dataset_event_from_classic to 2024-10-06 00:00:00+00:00, run_after=2024-10-07 00:00:00+00:00
[2024-10-07T14:50:35.578+0000] {processor.py:208} INFO - Processing /home/airflow/.local/lib/python3.12/site-packages/airflow/example_dags/example_inlet_event_extra.py took 0.267 seconds
[2024-10-07T14:51:05.849+0000] {processor.py:186} INFO - Started process (PID=1047) to work on /home/airflow/.local/lib/python3.12/site-packages/airflow/example_dags/example_inlet_event_extra.py
[2024-10-07T14:51:05.852+0000] {processor.py:914} INFO - Processing file /home/airflow/.local/lib/python3.12/site-packages/airflow/example_dags/example_inlet_event_extra.py for tasks to queue
[2024-10-07T14:51:05.856+0000] {logging_mixin.py:190} INFO - [2024-10-07T14:51:05.856+0000] {dagbag.py:588} INFO - Filling up the DagBag from /home/airflow/.local/lib/python3.12/site-packages/airflow/example_dags/example_inlet_event_extra.py
[2024-10-07T14:51:06.006+0000] {processor.py:925} INFO - DAG(s) 'read_dataset_event', 'read_dataset_event_from_classic' retrieved from /home/airflow/.local/lib/python3.12/site-packages/airflow/example_dags/example_inlet_event_extra.py
[2024-10-07T14:51:06.030+0000] {logging_mixin.py:190} INFO - [2024-10-07T14:51:06.030+0000] {dag.py:3239} INFO - Sync 2 DAGs
[2024-10-07T14:51:06.057+0000] {logging_mixin.py:190} INFO - [2024-10-07T14:51:06.056+0000] {dag.py:4180} INFO - Setting next_dagrun for read_dataset_event to 2024-10-06 00:00:00+00:00, run_after=2024-10-07 00:00:00+00:00
[2024-10-07T14:51:06.064+0000] {logging_mixin.py:190} INFO - [2024-10-07T14:51:06.064+0000] {dag.py:4180} INFO - Setting next_dagrun for read_dataset_event_from_classic to 2024-10-06 00:00:00+00:00, run_after=2024-10-07 00:00:00+00:00
[2024-10-07T14:51:06.084+0000] {processor.py:208} INFO - Processing /home/airflow/.local/lib/python3.12/site-packages/airflow/example_dags/example_inlet_event_extra.py took 0.242 seconds
[2024-10-07T14:51:36.253+0000] {processor.py:186} INFO - Started process (PID=1109) to work on /home/airflow/.local/lib/python3.12/site-packages/airflow/example_dags/example_inlet_event_extra.py
[2024-10-07T14:51:36.255+0000] {processor.py:914} INFO - Processing file /home/airflow/.local/lib/python3.12/site-packages/airflow/example_dags/example_inlet_event_extra.py for tasks to queue
[2024-10-07T14:51:36.258+0000] {logging_mixin.py:190} INFO - [2024-10-07T14:51:36.258+0000] {dagbag.py:588} INFO - Filling up the DagBag from /home/airflow/.local/lib/python3.12/site-packages/airflow/example_dags/example_inlet_event_extra.py
[2024-10-07T14:51:36.412+0000] {processor.py:925} INFO - DAG(s) 'read_dataset_event', 'read_dataset_event_from_classic' retrieved from /home/airflow/.local/lib/python3.12/site-packages/airflow/example_dags/example_inlet_event_extra.py
[2024-10-07T14:51:36.434+0000] {logging_mixin.py:190} INFO - [2024-10-07T14:51:36.434+0000] {dag.py:3239} INFO - Sync 2 DAGs
[2024-10-07T14:51:36.463+0000] {logging_mixin.py:190} INFO - [2024-10-07T14:51:36.463+0000] {dag.py:4180} INFO - Setting next_dagrun for read_dataset_event to 2024-10-06 00:00:00+00:00, run_after=2024-10-07 00:00:00+00:00
[2024-10-07T14:51:36.468+0000] {logging_mixin.py:190} INFO - [2024-10-07T14:51:36.468+0000] {dag.py:4180} INFO - Setting next_dagrun for read_dataset_event_from_classic to 2024-10-06 00:00:00+00:00, run_after=2024-10-07 00:00:00+00:00
[2024-10-07T14:51:36.486+0000] {processor.py:208} INFO - Processing /home/airflow/.local/lib/python3.12/site-packages/airflow/example_dags/example_inlet_event_extra.py took 0.241 seconds
[2024-10-07T14:52:06.757+0000] {processor.py:186} INFO - Started process (PID=1171) to work on /home/airflow/.local/lib/python3.12/site-packages/airflow/example_dags/example_inlet_event_extra.py
[2024-10-07T14:52:06.759+0000] {processor.py:914} INFO - Processing file /home/airflow/.local/lib/python3.12/site-packages/airflow/example_dags/example_inlet_event_extra.py for tasks to queue
[2024-10-07T14:52:06.765+0000] {logging_mixin.py:190} INFO - [2024-10-07T14:52:06.764+0000] {dagbag.py:588} INFO - Filling up the DagBag from /home/airflow/.local/lib/python3.12/site-packages/airflow/example_dags/example_inlet_event_extra.py
[2024-10-07T14:52:06.917+0000] {processor.py:925} INFO - DAG(s) 'read_dataset_event', 'read_dataset_event_from_classic' retrieved from /home/airflow/.local/lib/python3.12/site-packages/airflow/example_dags/example_inlet_event_extra.py
[2024-10-07T14:52:06.940+0000] {logging_mixin.py:190} INFO - [2024-10-07T14:52:06.940+0000] {dag.py:3239} INFO - Sync 2 DAGs
[2024-10-07T14:52:06.964+0000] {logging_mixin.py:190} INFO - [2024-10-07T14:52:06.964+0000] {dag.py:4180} INFO - Setting next_dagrun for read_dataset_event to 2024-10-06 00:00:00+00:00, run_after=2024-10-07 00:00:00+00:00
[2024-10-07T14:52:06.969+0000] {logging_mixin.py:190} INFO - [2024-10-07T14:52:06.969+0000] {dag.py:4180} INFO - Setting next_dagrun for read_dataset_event_from_classic to 2024-10-06 00:00:00+00:00, run_after=2024-10-07 00:00:00+00:00
[2024-10-07T14:52:06.988+0000] {processor.py:208} INFO - Processing /home/airflow/.local/lib/python3.12/site-packages/airflow/example_dags/example_inlet_event_extra.py took 0.240 seconds
[2024-10-07T14:52:37.248+0000] {processor.py:186} INFO - Started process (PID=1233) to work on /home/airflow/.local/lib/python3.12/site-packages/airflow/example_dags/example_inlet_event_extra.py
[2024-10-07T14:52:37.252+0000] {processor.py:914} INFO - Processing file /home/airflow/.local/lib/python3.12/site-packages/airflow/example_dags/example_inlet_event_extra.py for tasks to queue
[2024-10-07T14:52:37.256+0000] {logging_mixin.py:190} INFO - [2024-10-07T14:52:37.256+0000] {dagbag.py:588} INFO - Filling up the DagBag from /home/airflow/.local/lib/python3.12/site-packages/airflow/example_dags/example_inlet_event_extra.py
[2024-10-07T14:52:37.435+0000] {processor.py:925} INFO - DAG(s) 'read_dataset_event', 'read_dataset_event_from_classic' retrieved from /home/airflow/.local/lib/python3.12/site-packages/airflow/example_dags/example_inlet_event_extra.py
[2024-10-07T14:52:37.457+0000] {logging_mixin.py:190} INFO - [2024-10-07T14:52:37.457+0000] {dag.py:3239} INFO - Sync 2 DAGs
[2024-10-07T14:52:37.482+0000] {logging_mixin.py:190} INFO - [2024-10-07T14:52:37.482+0000] {dag.py:4180} INFO - Setting next_dagrun for read_dataset_event to 2024-10-06 00:00:00+00:00, run_after=2024-10-07 00:00:00+00:00
[2024-10-07T14:52:37.489+0000] {logging_mixin.py:190} INFO - [2024-10-07T14:52:37.489+0000] {dag.py:4180} INFO - Setting next_dagrun for read_dataset_event_from_classic to 2024-10-06 00:00:00+00:00, run_after=2024-10-07 00:00:00+00:00
[2024-10-07T14:52:37.505+0000] {processor.py:208} INFO - Processing /home/airflow/.local/lib/python3.12/site-packages/airflow/example_dags/example_inlet_event_extra.py took 0.267 seconds
[2024-10-07T14:53:07.854+0000] {processor.py:186} INFO - Started process (PID=1295) to work on /home/airflow/.local/lib/python3.12/site-packages/airflow/example_dags/example_inlet_event_extra.py
[2024-10-07T14:53:07.856+0000] {processor.py:914} INFO - Processing file /home/airflow/.local/lib/python3.12/site-packages/airflow/example_dags/example_inlet_event_extra.py for tasks to queue
[2024-10-07T14:53:07.859+0000] {logging_mixin.py:190} INFO - [2024-10-07T14:53:07.859+0000] {dagbag.py:588} INFO - Filling up the DagBag from /home/airflow/.local/lib/python3.12/site-packages/airflow/example_dags/example_inlet_event_extra.py
[2024-10-07T14:53:08.092+0000] {processor.py:925} INFO - DAG(s) 'read_dataset_event_from_classic', 'read_dataset_event' retrieved from /home/airflow/.local/lib/python3.12/site-packages/airflow/example_dags/example_inlet_event_extra.py
[2024-10-07T14:53:08.130+0000] {logging_mixin.py:190} INFO - [2024-10-07T14:53:08.129+0000] {dag.py:3239} INFO - Sync 2 DAGs
[2024-10-07T14:53:08.172+0000] {logging_mixin.py:190} INFO - [2024-10-07T14:53:08.171+0000] {dag.py:4180} INFO - Setting next_dagrun for read_dataset_event to 2024-10-06 00:00:00+00:00, run_after=2024-10-07 00:00:00+00:00
[2024-10-07T14:53:08.181+0000] {logging_mixin.py:190} INFO - [2024-10-07T14:53:08.181+0000] {dag.py:4180} INFO - Setting next_dagrun for read_dataset_event_from_classic to 2024-10-06 00:00:00+00:00, run_after=2024-10-07 00:00:00+00:00
[2024-10-07T14:53:08.205+0000] {processor.py:208} INFO - Processing /home/airflow/.local/lib/python3.12/site-packages/airflow/example_dags/example_inlet_event_extra.py took 0.360 seconds
[2024-10-07T14:53:38.433+0000] {processor.py:186} INFO - Started process (PID=1358) to work on /home/airflow/.local/lib/python3.12/site-packages/airflow/example_dags/example_inlet_event_extra.py
[2024-10-07T14:53:38.435+0000] {processor.py:914} INFO - Processing file /home/airflow/.local/lib/python3.12/site-packages/airflow/example_dags/example_inlet_event_extra.py for tasks to queue
[2024-10-07T14:53:38.438+0000] {logging_mixin.py:190} INFO - [2024-10-07T14:53:38.438+0000] {dagbag.py:588} INFO - Filling up the DagBag from /home/airflow/.local/lib/python3.12/site-packages/airflow/example_dags/example_inlet_event_extra.py
[2024-10-07T14:53:38.590+0000] {processor.py:925} INFO - DAG(s) 'read_dataset_event_from_classic', 'read_dataset_event' retrieved from /home/airflow/.local/lib/python3.12/site-packages/airflow/example_dags/example_inlet_event_extra.py
[2024-10-07T14:53:38.613+0000] {logging_mixin.py:190} INFO - [2024-10-07T14:53:38.613+0000] {dag.py:3239} INFO - Sync 2 DAGs
[2024-10-07T14:53:38.639+0000] {logging_mixin.py:190} INFO - [2024-10-07T14:53:38.639+0000] {dag.py:4180} INFO - Setting next_dagrun for read_dataset_event to 2024-10-06 00:00:00+00:00, run_after=2024-10-07 00:00:00+00:00
[2024-10-07T14:53:38.644+0000] {logging_mixin.py:190} INFO - [2024-10-07T14:53:38.644+0000] {dag.py:4180} INFO - Setting next_dagrun for read_dataset_event_from_classic to 2024-10-06 00:00:00+00:00, run_after=2024-10-07 00:00:00+00:00
[2024-10-07T14:53:38.660+0000] {processor.py:208} INFO - Processing /home/airflow/.local/lib/python3.12/site-packages/airflow/example_dags/example_inlet_event_extra.py took 0.234 seconds
