[2024-10-07T14:43:22.571+0000] {processor.py:186} INFO - Started process (PID=101) to work on /home/airflow/.local/lib/python3.12/site-packages/airflow/example_dags/example_subdag_operator.py
[2024-10-07T14:43:22.573+0000] {processor.py:914} INFO - Processing file /home/airflow/.local/lib/python3.12/site-packages/airflow/example_dags/example_subdag_operator.py for tasks to queue
[2024-10-07T14:43:22.576+0000] {logging_mixin.py:190} INFO - [2024-10-07T14:43:22.576+0000] {dagbag.py:588} INFO - Filling up the DagBag from /home/airflow/.local/lib/python3.12/site-packages/airflow/example_dags/example_subdag_operator.py
[2024-10-07T14:43:22.616+0000] {processor.py:925} INFO - DAG(s) 'example_subdag_operator.section-1', 'example_subdag_operator.section-2', 'example_subdag_operator' retrieved from /home/airflow/.local/lib/python3.12/site-packages/airflow/example_dags/example_subdag_operator.py
[2024-10-07T14:43:22.748+0000] {logging_mixin.py:190} INFO - [2024-10-07T14:43:22.747+0000] {override.py:1900} INFO - Created Permission View: can read on DAG:example_subdag_operator
[2024-10-07T14:43:22.760+0000] {logging_mixin.py:190} INFO - [2024-10-07T14:43:22.759+0000] {override.py:1900} INFO - Created Permission View: can delete on DAG:example_subdag_operator
[2024-10-07T14:43:22.768+0000] {logging_mixin.py:190} INFO - [2024-10-07T14:43:22.767+0000] {override.py:1900} INFO - Created Permission View: can edit on DAG:example_subdag_operator
[2024-10-07T14:43:22.775+0000] {logging_mixin.py:190} INFO - [2024-10-07T14:43:22.775+0000] {override.py:1900} INFO - Created Permission View: can read on DAG Run:example_subdag_operator
[2024-10-07T14:43:22.782+0000] {logging_mixin.py:190} INFO - [2024-10-07T14:43:22.781+0000] {override.py:1900} INFO - Created Permission View: can create on DAG Run:example_subdag_operator
[2024-10-07T14:43:22.789+0000] {logging_mixin.py:190} INFO - [2024-10-07T14:43:22.789+0000] {override.py:1900} INFO - Created Permission View: menu access on DAG Run:example_subdag_operator
[2024-10-07T14:43:22.797+0000] {logging_mixin.py:190} INFO - [2024-10-07T14:43:22.797+0000] {override.py:1900} INFO - Created Permission View: can delete on DAG Run:example_subdag_operator
[2024-10-07T14:43:22.799+0000] {logging_mixin.py:190} INFO - [2024-10-07T14:43:22.799+0000] {dag.py:3239} INFO - Sync 3 DAGs
[2024-10-07T14:43:22.813+0000] {logging_mixin.py:190} INFO - [2024-10-07T14:43:22.812+0000] {dag.py:3262} INFO - Creating ORM DAG for example_subdag_operator.section-1
[2024-10-07T14:43:22.814+0000] {logging_mixin.py:190} INFO - [2024-10-07T14:43:22.814+0000] {dag.py:3262} INFO - Creating ORM DAG for example_subdag_operator
[2024-10-07T14:43:22.816+0000] {logging_mixin.py:190} INFO - [2024-10-07T14:43:22.816+0000] {dag.py:3262} INFO - Creating ORM DAG for example_subdag_operator.section-2
[2024-10-07T14:43:22.828+0000] {logging_mixin.py:190} INFO - [2024-10-07T14:43:22.828+0000] {dag.py:4180} INFO - Setting next_dagrun for example_subdag_operator to 2022-01-01 00:00:00+00:00, run_after=2022-01-01 00:00:00+00:00
[2024-10-07T14:43:22.830+0000] {logging_mixin.py:190} INFO - [2024-10-07T14:43:22.830+0000] {dag.py:4180} INFO - Setting next_dagrun for example_subdag_operator.section-1 to None, run_after=None
[2024-10-07T14:43:22.831+0000] {logging_mixin.py:190} INFO - [2024-10-07T14:43:22.831+0000] {dag.py:4180} INFO - Setting next_dagrun for example_subdag_operator.section-2 to None, run_after=None
[2024-10-07T14:43:22.847+0000] {logging_mixin.py:190} INFO - [2024-10-07T14:43:22.846+0000] {dag.py:3239} INFO - Sync 2 DAGs
[2024-10-07T14:43:22.853+0000] {logging_mixin.py:190} INFO - [2024-10-07T14:43:22.853+0000] {dag.py:4180} INFO - Setting next_dagrun for example_subdag_operator.section-1 to None, run_after=None
[2024-10-07T14:43:22.858+0000] {logging_mixin.py:190} INFO - [2024-10-07T14:43:22.858+0000] {dag.py:4180} INFO - Setting next_dagrun for example_subdag_operator.section-2 to None, run_after=None
[2024-10-07T14:43:22.872+0000] {processor.py:208} INFO - Processing /home/airflow/.local/lib/python3.12/site-packages/airflow/example_dags/example_subdag_operator.py took 0.310 seconds
[2024-10-07T14:43:53.065+0000] {processor.py:186} INFO - Started process (PID=163) to work on /home/airflow/.local/lib/python3.12/site-packages/airflow/example_dags/example_subdag_operator.py
[2024-10-07T14:43:53.067+0000] {processor.py:914} INFO - Processing file /home/airflow/.local/lib/python3.12/site-packages/airflow/example_dags/example_subdag_operator.py for tasks to queue
[2024-10-07T14:43:53.072+0000] {logging_mixin.py:190} INFO - [2024-10-07T14:43:53.072+0000] {dagbag.py:588} INFO - Filling up the DagBag from /home/airflow/.local/lib/python3.12/site-packages/airflow/example_dags/example_subdag_operator.py
[2024-10-07T14:43:53.113+0000] {processor.py:925} INFO - DAG(s) 'example_subdag_operator.section-1', 'example_subdag_operator.section-2', 'example_subdag_operator' retrieved from /home/airflow/.local/lib/python3.12/site-packages/airflow/example_dags/example_subdag_operator.py
[2024-10-07T14:43:53.136+0000] {logging_mixin.py:190} INFO - [2024-10-07T14:43:53.135+0000] {dag.py:3239} INFO - Sync 3 DAGs
[2024-10-07T14:43:53.166+0000] {logging_mixin.py:190} INFO - [2024-10-07T14:43:53.166+0000] {dag.py:4180} INFO - Setting next_dagrun for example_subdag_operator to 2022-01-01 00:00:00+00:00, run_after=2022-01-01 00:00:00+00:00
[2024-10-07T14:43:53.174+0000] {logging_mixin.py:190} INFO - [2024-10-07T14:43:53.174+0000] {dag.py:4180} INFO - Setting next_dagrun for example_subdag_operator.section-1 to None, run_after=None
[2024-10-07T14:43:53.180+0000] {logging_mixin.py:190} INFO - [2024-10-07T14:43:53.180+0000] {dag.py:4180} INFO - Setting next_dagrun for example_subdag_operator.section-2 to None, run_after=None
[2024-10-07T14:43:53.197+0000] {logging_mixin.py:190} INFO - [2024-10-07T14:43:53.196+0000] {dag.py:3239} INFO - Sync 2 DAGs
[2024-10-07T14:43:53.209+0000] {logging_mixin.py:190} INFO - [2024-10-07T14:43:53.208+0000] {dag.py:4180} INFO - Setting next_dagrun for example_subdag_operator.section-1 to None, run_after=None
[2024-10-07T14:43:53.211+0000] {logging_mixin.py:190} INFO - [2024-10-07T14:43:53.210+0000] {dag.py:4180} INFO - Setting next_dagrun for example_subdag_operator.section-2 to None, run_after=None
[2024-10-07T14:43:53.231+0000] {processor.py:208} INFO - Processing /home/airflow/.local/lib/python3.12/site-packages/airflow/example_dags/example_subdag_operator.py took 0.176 seconds
[2024-10-07T14:44:23.534+0000] {processor.py:186} INFO - Started process (PID=225) to work on /home/airflow/.local/lib/python3.12/site-packages/airflow/example_dags/example_subdag_operator.py
[2024-10-07T14:44:23.536+0000] {processor.py:914} INFO - Processing file /home/airflow/.local/lib/python3.12/site-packages/airflow/example_dags/example_subdag_operator.py for tasks to queue
[2024-10-07T14:44:23.539+0000] {logging_mixin.py:190} INFO - [2024-10-07T14:44:23.539+0000] {dagbag.py:588} INFO - Filling up the DagBag from /home/airflow/.local/lib/python3.12/site-packages/airflow/example_dags/example_subdag_operator.py
[2024-10-07T14:44:23.568+0000] {processor.py:925} INFO - DAG(s) 'example_subdag_operator.section-1', 'example_subdag_operator.section-2', 'example_subdag_operator' retrieved from /home/airflow/.local/lib/python3.12/site-packages/airflow/example_dags/example_subdag_operator.py
[2024-10-07T14:44:23.585+0000] {logging_mixin.py:190} INFO - [2024-10-07T14:44:23.585+0000] {dag.py:3239} INFO - Sync 3 DAGs
[2024-10-07T14:44:23.611+0000] {logging_mixin.py:190} INFO - [2024-10-07T14:44:23.610+0000] {dag.py:4180} INFO - Setting next_dagrun for example_subdag_operator to 2022-01-01 00:00:00+00:00, run_after=2022-01-01 00:00:00+00:00
[2024-10-07T14:44:23.615+0000] {logging_mixin.py:190} INFO - [2024-10-07T14:44:23.615+0000] {dag.py:4180} INFO - Setting next_dagrun for example_subdag_operator.section-1 to None, run_after=None
[2024-10-07T14:44:23.618+0000] {logging_mixin.py:190} INFO - [2024-10-07T14:44:23.617+0000] {dag.py:4180} INFO - Setting next_dagrun for example_subdag_operator.section-2 to None, run_after=None
[2024-10-07T14:44:23.625+0000] {logging_mixin.py:190} INFO - [2024-10-07T14:44:23.625+0000] {dag.py:3239} INFO - Sync 2 DAGs
[2024-10-07T14:44:23.632+0000] {logging_mixin.py:190} INFO - [2024-10-07T14:44:23.632+0000] {dag.py:4180} INFO - Setting next_dagrun for example_subdag_operator.section-1 to None, run_after=None
[2024-10-07T14:44:23.634+0000] {logging_mixin.py:190} INFO - [2024-10-07T14:44:23.634+0000] {dag.py:4180} INFO - Setting next_dagrun for example_subdag_operator.section-2 to None, run_after=None
[2024-10-07T14:44:23.645+0000] {processor.py:208} INFO - Processing /home/airflow/.local/lib/python3.12/site-packages/airflow/example_dags/example_subdag_operator.py took 0.118 seconds
[2024-10-07T14:44:54.432+0000] {processor.py:186} INFO - Started process (PID=287) to work on /home/airflow/.local/lib/python3.12/site-packages/airflow/example_dags/example_subdag_operator.py
[2024-10-07T14:44:54.434+0000] {processor.py:914} INFO - Processing file /home/airflow/.local/lib/python3.12/site-packages/airflow/example_dags/example_subdag_operator.py for tasks to queue
[2024-10-07T14:44:54.437+0000] {logging_mixin.py:190} INFO - [2024-10-07T14:44:54.437+0000] {dagbag.py:588} INFO - Filling up the DagBag from /home/airflow/.local/lib/python3.12/site-packages/airflow/example_dags/example_subdag_operator.py
[2024-10-07T14:44:54.463+0000] {processor.py:925} INFO - DAG(s) 'example_subdag_operator.section-1', 'example_subdag_operator.section-2', 'example_subdag_operator' retrieved from /home/airflow/.local/lib/python3.12/site-packages/airflow/example_dags/example_subdag_operator.py
[2024-10-07T14:44:54.478+0000] {logging_mixin.py:190} INFO - [2024-10-07T14:44:54.478+0000] {dag.py:3239} INFO - Sync 3 DAGs
[2024-10-07T14:44:54.500+0000] {logging_mixin.py:190} INFO - [2024-10-07T14:44:54.500+0000] {dag.py:4180} INFO - Setting next_dagrun for example_subdag_operator to 2022-01-01 00:00:00+00:00, run_after=2022-01-01 00:00:00+00:00
[2024-10-07T14:44:54.504+0000] {logging_mixin.py:190} INFO - [2024-10-07T14:44:54.504+0000] {dag.py:4180} INFO - Setting next_dagrun for example_subdag_operator.section-1 to None, run_after=None
[2024-10-07T14:44:54.507+0000] {logging_mixin.py:190} INFO - [2024-10-07T14:44:54.507+0000] {dag.py:4180} INFO - Setting next_dagrun for example_subdag_operator.section-2 to None, run_after=None
[2024-10-07T14:44:54.514+0000] {logging_mixin.py:190} INFO - [2024-10-07T14:44:54.514+0000] {dag.py:3239} INFO - Sync 2 DAGs
[2024-10-07T14:44:54.521+0000] {logging_mixin.py:190} INFO - [2024-10-07T14:44:54.520+0000] {dag.py:4180} INFO - Setting next_dagrun for example_subdag_operator.section-1 to None, run_after=None
[2024-10-07T14:44:54.522+0000] {logging_mixin.py:190} INFO - [2024-10-07T14:44:54.522+0000] {dag.py:4180} INFO - Setting next_dagrun for example_subdag_operator.section-2 to None, run_after=None
[2024-10-07T14:44:54.533+0000] {processor.py:208} INFO - Processing /home/airflow/.local/lib/python3.12/site-packages/airflow/example_dags/example_subdag_operator.py took 0.106 seconds
[2024-10-07T14:45:25.279+0000] {processor.py:186} INFO - Started process (PID=348) to work on /home/airflow/.local/lib/python3.12/site-packages/airflow/example_dags/example_subdag_operator.py
[2024-10-07T14:45:25.281+0000] {processor.py:914} INFO - Processing file /home/airflow/.local/lib/python3.12/site-packages/airflow/example_dags/example_subdag_operator.py for tasks to queue
[2024-10-07T14:45:25.284+0000] {logging_mixin.py:190} INFO - [2024-10-07T14:45:25.284+0000] {dagbag.py:588} INFO - Filling up the DagBag from /home/airflow/.local/lib/python3.12/site-packages/airflow/example_dags/example_subdag_operator.py
[2024-10-07T14:45:25.313+0000] {processor.py:925} INFO - DAG(s) 'example_subdag_operator.section-1', 'example_subdag_operator.section-2', 'example_subdag_operator' retrieved from /home/airflow/.local/lib/python3.12/site-packages/airflow/example_dags/example_subdag_operator.py
[2024-10-07T14:45:25.329+0000] {logging_mixin.py:190} INFO - [2024-10-07T14:45:25.329+0000] {dag.py:3239} INFO - Sync 3 DAGs
[2024-10-07T14:45:25.354+0000] {logging_mixin.py:190} INFO - [2024-10-07T14:45:25.353+0000] {dag.py:4180} INFO - Setting next_dagrun for example_subdag_operator to 2022-01-01 00:00:00+00:00, run_after=2022-01-01 00:00:00+00:00
[2024-10-07T14:45:25.358+0000] {logging_mixin.py:190} INFO - [2024-10-07T14:45:25.358+0000] {dag.py:4180} INFO - Setting next_dagrun for example_subdag_operator.section-1 to None, run_after=None
[2024-10-07T14:45:25.361+0000] {logging_mixin.py:190} INFO - [2024-10-07T14:45:25.360+0000] {dag.py:4180} INFO - Setting next_dagrun for example_subdag_operator.section-2 to None, run_after=None
[2024-10-07T14:45:25.368+0000] {logging_mixin.py:190} INFO - [2024-10-07T14:45:25.368+0000] {dag.py:3239} INFO - Sync 2 DAGs
[2024-10-07T14:45:25.375+0000] {logging_mixin.py:190} INFO - [2024-10-07T14:45:25.375+0000] {dag.py:4180} INFO - Setting next_dagrun for example_subdag_operator.section-1 to None, run_after=None
[2024-10-07T14:45:25.376+0000] {logging_mixin.py:190} INFO - [2024-10-07T14:45:25.376+0000] {dag.py:4180} INFO - Setting next_dagrun for example_subdag_operator.section-2 to None, run_after=None
[2024-10-07T14:45:25.390+0000] {processor.py:208} INFO - Processing /home/airflow/.local/lib/python3.12/site-packages/airflow/example_dags/example_subdag_operator.py took 0.118 seconds
[2024-10-07T14:45:56.351+0000] {processor.py:186} INFO - Started process (PID=411) to work on /home/airflow/.local/lib/python3.12/site-packages/airflow/example_dags/example_subdag_operator.py
[2024-10-07T14:45:56.353+0000] {processor.py:914} INFO - Processing file /home/airflow/.local/lib/python3.12/site-packages/airflow/example_dags/example_subdag_operator.py for tasks to queue
[2024-10-07T14:45:56.359+0000] {logging_mixin.py:190} INFO - [2024-10-07T14:45:56.358+0000] {dagbag.py:588} INFO - Filling up the DagBag from /home/airflow/.local/lib/python3.12/site-packages/airflow/example_dags/example_subdag_operator.py
[2024-10-07T14:45:56.405+0000] {processor.py:925} INFO - DAG(s) 'example_subdag_operator.section-1', 'example_subdag_operator.section-2', 'example_subdag_operator' retrieved from /home/airflow/.local/lib/python3.12/site-packages/airflow/example_dags/example_subdag_operator.py
[2024-10-07T14:45:56.435+0000] {logging_mixin.py:190} INFO - [2024-10-07T14:45:56.434+0000] {dag.py:3239} INFO - Sync 3 DAGs
[2024-10-07T14:45:56.482+0000] {logging_mixin.py:190} INFO - [2024-10-07T14:45:56.481+0000] {dag.py:4180} INFO - Setting next_dagrun for example_subdag_operator to 2022-01-01 00:00:00+00:00, run_after=2022-01-01 00:00:00+00:00
[2024-10-07T14:45:56.493+0000] {logging_mixin.py:190} INFO - [2024-10-07T14:45:56.493+0000] {dag.py:4180} INFO - Setting next_dagrun for example_subdag_operator.section-1 to None, run_after=None
[2024-10-07T14:45:56.497+0000] {logging_mixin.py:190} INFO - [2024-10-07T14:45:56.497+0000] {dag.py:4180} INFO - Setting next_dagrun for example_subdag_operator.section-2 to None, run_after=None
[2024-10-07T14:45:56.512+0000] {logging_mixin.py:190} INFO - [2024-10-07T14:45:56.512+0000] {dag.py:3239} INFO - Sync 2 DAGs
[2024-10-07T14:45:56.526+0000] {logging_mixin.py:190} INFO - [2024-10-07T14:45:56.525+0000] {dag.py:4180} INFO - Setting next_dagrun for example_subdag_operator.section-1 to None, run_after=None
[2024-10-07T14:45:56.528+0000] {logging_mixin.py:190} INFO - [2024-10-07T14:45:56.528+0000] {dag.py:4180} INFO - Setting next_dagrun for example_subdag_operator.section-2 to None, run_after=None
[2024-10-07T14:45:56.554+0000] {processor.py:208} INFO - Processing /home/airflow/.local/lib/python3.12/site-packages/airflow/example_dags/example_subdag_operator.py took 0.214 seconds
[2024-10-07T14:46:27.504+0000] {processor.py:186} INFO - Started process (PID=473) to work on /home/airflow/.local/lib/python3.12/site-packages/airflow/example_dags/example_subdag_operator.py
[2024-10-07T14:46:27.507+0000] {processor.py:914} INFO - Processing file /home/airflow/.local/lib/python3.12/site-packages/airflow/example_dags/example_subdag_operator.py for tasks to queue
[2024-10-07T14:46:27.512+0000] {logging_mixin.py:190} INFO - [2024-10-07T14:46:27.511+0000] {dagbag.py:588} INFO - Filling up the DagBag from /home/airflow/.local/lib/python3.12/site-packages/airflow/example_dags/example_subdag_operator.py
[2024-10-07T14:46:27.567+0000] {processor.py:925} INFO - DAG(s) 'example_subdag_operator.section-1', 'example_subdag_operator.section-2', 'example_subdag_operator' retrieved from /home/airflow/.local/lib/python3.12/site-packages/airflow/example_dags/example_subdag_operator.py
[2024-10-07T14:46:27.603+0000] {logging_mixin.py:190} INFO - [2024-10-07T14:46:27.603+0000] {dag.py:3239} INFO - Sync 3 DAGs
[2024-10-07T14:46:27.660+0000] {logging_mixin.py:190} INFO - [2024-10-07T14:46:27.659+0000] {dag.py:4180} INFO - Setting next_dagrun for example_subdag_operator to 2022-01-01 00:00:00+00:00, run_after=2022-01-01 00:00:00+00:00
[2024-10-07T14:46:27.669+0000] {logging_mixin.py:190} INFO - [2024-10-07T14:46:27.669+0000] {dag.py:4180} INFO - Setting next_dagrun for example_subdag_operator.section-1 to None, run_after=None
[2024-10-07T14:46:27.675+0000] {logging_mixin.py:190} INFO - [2024-10-07T14:46:27.674+0000] {dag.py:4180} INFO - Setting next_dagrun for example_subdag_operator.section-2 to None, run_after=None
[2024-10-07T14:46:27.694+0000] {logging_mixin.py:190} INFO - [2024-10-07T14:46:27.694+0000] {dag.py:3239} INFO - Sync 2 DAGs
[2024-10-07T14:46:27.707+0000] {logging_mixin.py:190} INFO - [2024-10-07T14:46:27.707+0000] {dag.py:4180} INFO - Setting next_dagrun for example_subdag_operator.section-1 to None, run_after=None
[2024-10-07T14:46:27.710+0000] {logging_mixin.py:190} INFO - [2024-10-07T14:46:27.709+0000] {dag.py:4180} INFO - Setting next_dagrun for example_subdag_operator.section-2 to None, run_after=None
[2024-10-07T14:46:27.736+0000] {processor.py:208} INFO - Processing /home/airflow/.local/lib/python3.12/site-packages/airflow/example_dags/example_subdag_operator.py took 0.245 seconds
[2024-10-07T14:46:57.825+0000] {processor.py:186} INFO - Started process (PID=535) to work on /home/airflow/.local/lib/python3.12/site-packages/airflow/example_dags/example_subdag_operator.py
[2024-10-07T14:46:57.827+0000] {processor.py:914} INFO - Processing file /home/airflow/.local/lib/python3.12/site-packages/airflow/example_dags/example_subdag_operator.py for tasks to queue
[2024-10-07T14:46:57.832+0000] {logging_mixin.py:190} INFO - [2024-10-07T14:46:57.831+0000] {dagbag.py:588} INFO - Filling up the DagBag from /home/airflow/.local/lib/python3.12/site-packages/airflow/example_dags/example_subdag_operator.py
[2024-10-07T14:46:57.865+0000] {processor.py:925} INFO - DAG(s) 'example_subdag_operator.section-1', 'example_subdag_operator.section-2', 'example_subdag_operator' retrieved from /home/airflow/.local/lib/python3.12/site-packages/airflow/example_dags/example_subdag_operator.py
[2024-10-07T14:46:57.886+0000] {logging_mixin.py:190} INFO - [2024-10-07T14:46:57.886+0000] {dag.py:3239} INFO - Sync 3 DAGs
[2024-10-07T14:46:57.913+0000] {logging_mixin.py:190} INFO - [2024-10-07T14:46:57.913+0000] {dag.py:4180} INFO - Setting next_dagrun for example_subdag_operator to 2022-01-01 00:00:00+00:00, run_after=2022-01-01 00:00:00+00:00
[2024-10-07T14:46:57.926+0000] {logging_mixin.py:190} INFO - [2024-10-07T14:46:57.926+0000] {dag.py:4180} INFO - Setting next_dagrun for example_subdag_operator.section-1 to None, run_after=None
[2024-10-07T14:46:57.931+0000] {logging_mixin.py:190} INFO - [2024-10-07T14:46:57.931+0000] {dag.py:4180} INFO - Setting next_dagrun for example_subdag_operator.section-2 to None, run_after=None
[2024-10-07T14:46:57.952+0000] {logging_mixin.py:190} INFO - [2024-10-07T14:46:57.952+0000] {dag.py:3239} INFO - Sync 2 DAGs
[2024-10-07T14:46:57.967+0000] {logging_mixin.py:190} INFO - [2024-10-07T14:46:57.967+0000] {dag.py:4180} INFO - Setting next_dagrun for example_subdag_operator.section-1 to None, run_after=None
[2024-10-07T14:46:57.969+0000] {logging_mixin.py:190} INFO - [2024-10-07T14:46:57.969+0000] {dag.py:4180} INFO - Setting next_dagrun for example_subdag_operator.section-2 to None, run_after=None
[2024-10-07T14:46:57.992+0000] {processor.py:208} INFO - Processing /home/airflow/.local/lib/python3.12/site-packages/airflow/example_dags/example_subdag_operator.py took 0.176 seconds
[2024-10-07T14:47:28.174+0000] {processor.py:186} INFO - Started process (PID=597) to work on /home/airflow/.local/lib/python3.12/site-packages/airflow/example_dags/example_subdag_operator.py
[2024-10-07T14:47:28.175+0000] {processor.py:914} INFO - Processing file /home/airflow/.local/lib/python3.12/site-packages/airflow/example_dags/example_subdag_operator.py for tasks to queue
[2024-10-07T14:47:28.179+0000] {logging_mixin.py:190} INFO - [2024-10-07T14:47:28.178+0000] {dagbag.py:588} INFO - Filling up the DagBag from /home/airflow/.local/lib/python3.12/site-packages/airflow/example_dags/example_subdag_operator.py
[2024-10-07T14:47:28.202+0000] {processor.py:925} INFO - DAG(s) 'example_subdag_operator.section-1', 'example_subdag_operator.section-2', 'example_subdag_operator' retrieved from /home/airflow/.local/lib/python3.12/site-packages/airflow/example_dags/example_subdag_operator.py
[2024-10-07T14:47:28.217+0000] {logging_mixin.py:190} INFO - [2024-10-07T14:47:28.217+0000] {dag.py:3239} INFO - Sync 3 DAGs
[2024-10-07T14:47:28.239+0000] {logging_mixin.py:190} INFO - [2024-10-07T14:47:28.239+0000] {dag.py:4180} INFO - Setting next_dagrun for example_subdag_operator to 2022-01-01 00:00:00+00:00, run_after=2022-01-01 00:00:00+00:00
[2024-10-07T14:47:28.243+0000] {logging_mixin.py:190} INFO - [2024-10-07T14:47:28.243+0000] {dag.py:4180} INFO - Setting next_dagrun for example_subdag_operator.section-1 to None, run_after=None
[2024-10-07T14:47:28.245+0000] {logging_mixin.py:190} INFO - [2024-10-07T14:47:28.245+0000] {dag.py:4180} INFO - Setting next_dagrun for example_subdag_operator.section-2 to None, run_after=None
[2024-10-07T14:47:28.253+0000] {logging_mixin.py:190} INFO - [2024-10-07T14:47:28.253+0000] {dag.py:3239} INFO - Sync 2 DAGs
[2024-10-07T14:47:28.268+0000] {logging_mixin.py:190} INFO - [2024-10-07T14:47:28.268+0000] {dag.py:4180} INFO - Setting next_dagrun for example_subdag_operator.section-1 to None, run_after=None
[2024-10-07T14:47:28.269+0000] {logging_mixin.py:190} INFO - [2024-10-07T14:47:28.269+0000] {dag.py:4180} INFO - Setting next_dagrun for example_subdag_operator.section-2 to None, run_after=None
[2024-10-07T14:47:28.283+0000] {processor.py:208} INFO - Processing /home/airflow/.local/lib/python3.12/site-packages/airflow/example_dags/example_subdag_operator.py took 0.115 seconds
[2024-10-07T14:47:58.467+0000] {processor.py:186} INFO - Started process (PID=659) to work on /home/airflow/.local/lib/python3.12/site-packages/airflow/example_dags/example_subdag_operator.py
[2024-10-07T14:47:58.469+0000] {processor.py:914} INFO - Processing file /home/airflow/.local/lib/python3.12/site-packages/airflow/example_dags/example_subdag_operator.py for tasks to queue
[2024-10-07T14:47:58.474+0000] {logging_mixin.py:190} INFO - [2024-10-07T14:47:58.474+0000] {dagbag.py:588} INFO - Filling up the DagBag from /home/airflow/.local/lib/python3.12/site-packages/airflow/example_dags/example_subdag_operator.py
[2024-10-07T14:47:58.507+0000] {processor.py:925} INFO - DAG(s) 'example_subdag_operator.section-1', 'example_subdag_operator.section-2', 'example_subdag_operator' retrieved from /home/airflow/.local/lib/python3.12/site-packages/airflow/example_dags/example_subdag_operator.py
[2024-10-07T14:47:58.523+0000] {logging_mixin.py:190} INFO - [2024-10-07T14:47:58.523+0000] {dag.py:3239} INFO - Sync 3 DAGs
[2024-10-07T14:47:58.546+0000] {logging_mixin.py:190} INFO - [2024-10-07T14:47:58.546+0000] {dag.py:4180} INFO - Setting next_dagrun for example_subdag_operator to 2022-01-01 00:00:00+00:00, run_after=2022-01-01 00:00:00+00:00
[2024-10-07T14:47:58.553+0000] {logging_mixin.py:190} INFO - [2024-10-07T14:47:58.553+0000] {dag.py:4180} INFO - Setting next_dagrun for example_subdag_operator.section-1 to None, run_after=None
[2024-10-07T14:47:58.557+0000] {logging_mixin.py:190} INFO - [2024-10-07T14:47:58.556+0000] {dag.py:4180} INFO - Setting next_dagrun for example_subdag_operator.section-2 to None, run_after=None
[2024-10-07T14:47:58.565+0000] {logging_mixin.py:190} INFO - [2024-10-07T14:47:58.565+0000] {dag.py:3239} INFO - Sync 2 DAGs
[2024-10-07T14:47:58.572+0000] {logging_mixin.py:190} INFO - [2024-10-07T14:47:58.572+0000] {dag.py:4180} INFO - Setting next_dagrun for example_subdag_operator.section-1 to None, run_after=None
[2024-10-07T14:47:58.574+0000] {logging_mixin.py:190} INFO - [2024-10-07T14:47:58.574+0000] {dag.py:4180} INFO - Setting next_dagrun for example_subdag_operator.section-2 to None, run_after=None
[2024-10-07T14:47:58.587+0000] {processor.py:208} INFO - Processing /home/airflow/.local/lib/python3.12/site-packages/airflow/example_dags/example_subdag_operator.py took 0.130 seconds
[2024-10-07T14:48:29.867+0000] {processor.py:186} INFO - Started process (PID=721) to work on /home/airflow/.local/lib/python3.12/site-packages/airflow/example_dags/example_subdag_operator.py
[2024-10-07T14:48:29.869+0000] {processor.py:914} INFO - Processing file /home/airflow/.local/lib/python3.12/site-packages/airflow/example_dags/example_subdag_operator.py for tasks to queue
[2024-10-07T14:48:29.875+0000] {logging_mixin.py:190} INFO - [2024-10-07T14:48:29.875+0000] {dagbag.py:588} INFO - Filling up the DagBag from /home/airflow/.local/lib/python3.12/site-packages/airflow/example_dags/example_subdag_operator.py
[2024-10-07T14:48:29.906+0000] {processor.py:925} INFO - DAG(s) 'example_subdag_operator.section-1', 'example_subdag_operator.section-2', 'example_subdag_operator' retrieved from /home/airflow/.local/lib/python3.12/site-packages/airflow/example_dags/example_subdag_operator.py
[2024-10-07T14:48:29.923+0000] {logging_mixin.py:190} INFO - [2024-10-07T14:48:29.923+0000] {dag.py:3239} INFO - Sync 3 DAGs
[2024-10-07T14:48:29.957+0000] {logging_mixin.py:190} INFO - [2024-10-07T14:48:29.957+0000] {dag.py:4180} INFO - Setting next_dagrun for example_subdag_operator to 2022-01-01 00:00:00+00:00, run_after=2022-01-01 00:00:00+00:00
[2024-10-07T14:48:29.965+0000] {logging_mixin.py:190} INFO - [2024-10-07T14:48:29.964+0000] {dag.py:4180} INFO - Setting next_dagrun for example_subdag_operator.section-1 to None, run_after=None
[2024-10-07T14:48:29.969+0000] {logging_mixin.py:190} INFO - [2024-10-07T14:48:29.969+0000] {dag.py:4180} INFO - Setting next_dagrun for example_subdag_operator.section-2 to None, run_after=None
[2024-10-07T14:48:29.985+0000] {logging_mixin.py:190} INFO - [2024-10-07T14:48:29.984+0000] {dag.py:3239} INFO - Sync 2 DAGs
[2024-10-07T14:48:29.999+0000] {logging_mixin.py:190} INFO - [2024-10-07T14:48:29.998+0000] {dag.py:4180} INFO - Setting next_dagrun for example_subdag_operator.section-1 to None, run_after=None
[2024-10-07T14:48:30.001+0000] {logging_mixin.py:190} INFO - [2024-10-07T14:48:30.000+0000] {dag.py:4180} INFO - Setting next_dagrun for example_subdag_operator.section-2 to None, run_after=None
[2024-10-07T14:48:30.026+0000] {processor.py:208} INFO - Processing /home/airflow/.local/lib/python3.12/site-packages/airflow/example_dags/example_subdag_operator.py took 0.164 seconds
[2024-10-07T14:49:00.230+0000] {processor.py:186} INFO - Started process (PID=783) to work on /home/airflow/.local/lib/python3.12/site-packages/airflow/example_dags/example_subdag_operator.py
[2024-10-07T14:49:00.232+0000] {processor.py:914} INFO - Processing file /home/airflow/.local/lib/python3.12/site-packages/airflow/example_dags/example_subdag_operator.py for tasks to queue
[2024-10-07T14:49:00.235+0000] {logging_mixin.py:190} INFO - [2024-10-07T14:49:00.235+0000] {dagbag.py:588} INFO - Filling up the DagBag from /home/airflow/.local/lib/python3.12/site-packages/airflow/example_dags/example_subdag_operator.py
[2024-10-07T14:49:00.263+0000] {processor.py:925} INFO - DAG(s) 'example_subdag_operator.section-1', 'example_subdag_operator.section-2', 'example_subdag_operator' retrieved from /home/airflow/.local/lib/python3.12/site-packages/airflow/example_dags/example_subdag_operator.py
[2024-10-07T14:49:00.279+0000] {logging_mixin.py:190} INFO - [2024-10-07T14:49:00.279+0000] {dag.py:3239} INFO - Sync 3 DAGs
[2024-10-07T14:49:00.304+0000] {logging_mixin.py:190} INFO - [2024-10-07T14:49:00.303+0000] {dag.py:4180} INFO - Setting next_dagrun for example_subdag_operator to 2022-01-01 00:00:00+00:00, run_after=2022-01-01 00:00:00+00:00
[2024-10-07T14:49:00.308+0000] {logging_mixin.py:190} INFO - [2024-10-07T14:49:00.308+0000] {dag.py:4180} INFO - Setting next_dagrun for example_subdag_operator.section-1 to None, run_after=None
[2024-10-07T14:49:00.311+0000] {logging_mixin.py:190} INFO - [2024-10-07T14:49:00.311+0000] {dag.py:4180} INFO - Setting next_dagrun for example_subdag_operator.section-2 to None, run_after=None
[2024-10-07T14:49:00.323+0000] {logging_mixin.py:190} INFO - [2024-10-07T14:49:00.322+0000] {dag.py:3239} INFO - Sync 2 DAGs
[2024-10-07T14:49:00.333+0000] {logging_mixin.py:190} INFO - [2024-10-07T14:49:00.333+0000] {dag.py:4180} INFO - Setting next_dagrun for example_subdag_operator.section-1 to None, run_after=None
[2024-10-07T14:49:00.337+0000] {logging_mixin.py:190} INFO - [2024-10-07T14:49:00.337+0000] {dag.py:4180} INFO - Setting next_dagrun for example_subdag_operator.section-2 to None, run_after=None
[2024-10-07T14:49:00.351+0000] {processor.py:208} INFO - Processing /home/airflow/.local/lib/python3.12/site-packages/airflow/example_dags/example_subdag_operator.py took 0.126 seconds
[2024-10-07T14:49:30.809+0000] {processor.py:186} INFO - Started process (PID=845) to work on /home/airflow/.local/lib/python3.12/site-packages/airflow/example_dags/example_subdag_operator.py
[2024-10-07T14:49:30.811+0000] {processor.py:914} INFO - Processing file /home/airflow/.local/lib/python3.12/site-packages/airflow/example_dags/example_subdag_operator.py for tasks to queue
[2024-10-07T14:49:30.814+0000] {logging_mixin.py:190} INFO - [2024-10-07T14:49:30.813+0000] {dagbag.py:588} INFO - Filling up the DagBag from /home/airflow/.local/lib/python3.12/site-packages/airflow/example_dags/example_subdag_operator.py
[2024-10-07T14:49:30.843+0000] {processor.py:925} INFO - DAG(s) 'example_subdag_operator.section-1', 'example_subdag_operator.section-2', 'example_subdag_operator' retrieved from /home/airflow/.local/lib/python3.12/site-packages/airflow/example_dags/example_subdag_operator.py
[2024-10-07T14:49:30.859+0000] {logging_mixin.py:190} INFO - [2024-10-07T14:49:30.859+0000] {dag.py:3239} INFO - Sync 3 DAGs
[2024-10-07T14:49:30.883+0000] {logging_mixin.py:190} INFO - [2024-10-07T14:49:30.883+0000] {dag.py:4180} INFO - Setting next_dagrun for example_subdag_operator to 2022-01-01 00:00:00+00:00, run_after=2022-01-01 00:00:00+00:00
[2024-10-07T14:49:30.887+0000] {logging_mixin.py:190} INFO - [2024-10-07T14:49:30.887+0000] {dag.py:4180} INFO - Setting next_dagrun for example_subdag_operator.section-1 to None, run_after=None
[2024-10-07T14:49:30.890+0000] {logging_mixin.py:190} INFO - [2024-10-07T14:49:30.889+0000] {dag.py:4180} INFO - Setting next_dagrun for example_subdag_operator.section-2 to None, run_after=None
[2024-10-07T14:49:30.899+0000] {logging_mixin.py:190} INFO - [2024-10-07T14:49:30.898+0000] {dag.py:3239} INFO - Sync 2 DAGs
[2024-10-07T14:49:30.905+0000] {logging_mixin.py:190} INFO - [2024-10-07T14:49:30.905+0000] {dag.py:4180} INFO - Setting next_dagrun for example_subdag_operator.section-1 to None, run_after=None
[2024-10-07T14:49:30.907+0000] {logging_mixin.py:190} INFO - [2024-10-07T14:49:30.906+0000] {dag.py:4180} INFO - Setting next_dagrun for example_subdag_operator.section-2 to None, run_after=None
[2024-10-07T14:49:30.919+0000] {processor.py:208} INFO - Processing /home/airflow/.local/lib/python3.12/site-packages/airflow/example_dags/example_subdag_operator.py took 0.116 seconds
[2024-10-07T14:50:01.368+0000] {processor.py:186} INFO - Started process (PID=907) to work on /home/airflow/.local/lib/python3.12/site-packages/airflow/example_dags/example_subdag_operator.py
[2024-10-07T14:50:01.370+0000] {processor.py:914} INFO - Processing file /home/airflow/.local/lib/python3.12/site-packages/airflow/example_dags/example_subdag_operator.py for tasks to queue
[2024-10-07T14:50:01.373+0000] {logging_mixin.py:190} INFO - [2024-10-07T14:50:01.373+0000] {dagbag.py:588} INFO - Filling up the DagBag from /home/airflow/.local/lib/python3.12/site-packages/airflow/example_dags/example_subdag_operator.py
[2024-10-07T14:50:01.399+0000] {processor.py:925} INFO - DAG(s) 'example_subdag_operator.section-1', 'example_subdag_operator.section-2', 'example_subdag_operator' retrieved from /home/airflow/.local/lib/python3.12/site-packages/airflow/example_dags/example_subdag_operator.py
[2024-10-07T14:50:01.416+0000] {logging_mixin.py:190} INFO - [2024-10-07T14:50:01.416+0000] {dag.py:3239} INFO - Sync 3 DAGs
[2024-10-07T14:50:01.443+0000] {logging_mixin.py:190} INFO - [2024-10-07T14:50:01.443+0000] {dag.py:4180} INFO - Setting next_dagrun for example_subdag_operator to 2022-01-01 00:00:00+00:00, run_after=2022-01-01 00:00:00+00:00
[2024-10-07T14:50:01.447+0000] {logging_mixin.py:190} INFO - [2024-10-07T14:50:01.447+0000] {dag.py:4180} INFO - Setting next_dagrun for example_subdag_operator.section-1 to None, run_after=None
[2024-10-07T14:50:01.450+0000] {logging_mixin.py:190} INFO - [2024-10-07T14:50:01.450+0000] {dag.py:4180} INFO - Setting next_dagrun for example_subdag_operator.section-2 to None, run_after=None
[2024-10-07T14:50:01.462+0000] {logging_mixin.py:190} INFO - [2024-10-07T14:50:01.461+0000] {dag.py:3239} INFO - Sync 2 DAGs
[2024-10-07T14:50:01.470+0000] {logging_mixin.py:190} INFO - [2024-10-07T14:50:01.470+0000] {dag.py:4180} INFO - Setting next_dagrun for example_subdag_operator.section-1 to None, run_after=None
[2024-10-07T14:50:01.471+0000] {logging_mixin.py:190} INFO - [2024-10-07T14:50:01.471+0000] {dag.py:4180} INFO - Setting next_dagrun for example_subdag_operator.section-2 to None, run_after=None
[2024-10-07T14:50:01.482+0000] {processor.py:208} INFO - Processing /home/airflow/.local/lib/python3.12/site-packages/airflow/example_dags/example_subdag_operator.py took 0.120 seconds
[2024-10-07T14:50:31.845+0000] {processor.py:186} INFO - Started process (PID=969) to work on /home/airflow/.local/lib/python3.12/site-packages/airflow/example_dags/example_subdag_operator.py
[2024-10-07T14:50:31.847+0000] {processor.py:914} INFO - Processing file /home/airflow/.local/lib/python3.12/site-packages/airflow/example_dags/example_subdag_operator.py for tasks to queue
[2024-10-07T14:50:31.850+0000] {logging_mixin.py:190} INFO - [2024-10-07T14:50:31.850+0000] {dagbag.py:588} INFO - Filling up the DagBag from /home/airflow/.local/lib/python3.12/site-packages/airflow/example_dags/example_subdag_operator.py
[2024-10-07T14:50:31.885+0000] {processor.py:925} INFO - DAG(s) 'example_subdag_operator.section-1', 'example_subdag_operator.section-2', 'example_subdag_operator' retrieved from /home/airflow/.local/lib/python3.12/site-packages/airflow/example_dags/example_subdag_operator.py
[2024-10-07T14:50:31.901+0000] {logging_mixin.py:190} INFO - [2024-10-07T14:50:31.901+0000] {dag.py:3239} INFO - Sync 3 DAGs
[2024-10-07T14:50:31.927+0000] {logging_mixin.py:190} INFO - [2024-10-07T14:50:31.927+0000] {dag.py:4180} INFO - Setting next_dagrun for example_subdag_operator to 2022-01-01 00:00:00+00:00, run_after=2022-01-01 00:00:00+00:00
[2024-10-07T14:50:31.932+0000] {logging_mixin.py:190} INFO - [2024-10-07T14:50:31.932+0000] {dag.py:4180} INFO - Setting next_dagrun for example_subdag_operator.section-1 to None, run_after=None
[2024-10-07T14:50:31.935+0000] {logging_mixin.py:190} INFO - [2024-10-07T14:50:31.935+0000] {dag.py:4180} INFO - Setting next_dagrun for example_subdag_operator.section-2 to None, run_after=None
[2024-10-07T14:50:31.943+0000] {logging_mixin.py:190} INFO - [2024-10-07T14:50:31.943+0000] {dag.py:3239} INFO - Sync 2 DAGs
[2024-10-07T14:50:31.950+0000] {logging_mixin.py:190} INFO - [2024-10-07T14:50:31.950+0000] {dag.py:4180} INFO - Setting next_dagrun for example_subdag_operator.section-1 to None, run_after=None
[2024-10-07T14:50:31.952+0000] {logging_mixin.py:190} INFO - [2024-10-07T14:50:31.951+0000] {dag.py:4180} INFO - Setting next_dagrun for example_subdag_operator.section-2 to None, run_after=None
[2024-10-07T14:50:31.963+0000] {processor.py:208} INFO - Processing /home/airflow/.local/lib/python3.12/site-packages/airflow/example_dags/example_subdag_operator.py took 0.126 seconds
[2024-10-07T14:51:02.165+0000] {processor.py:186} INFO - Started process (PID=1031) to work on /home/airflow/.local/lib/python3.12/site-packages/airflow/example_dags/example_subdag_operator.py
[2024-10-07T14:51:02.168+0000] {processor.py:914} INFO - Processing file /home/airflow/.local/lib/python3.12/site-packages/airflow/example_dags/example_subdag_operator.py for tasks to queue
[2024-10-07T14:51:02.175+0000] {logging_mixin.py:190} INFO - [2024-10-07T14:51:02.175+0000] {dagbag.py:588} INFO - Filling up the DagBag from /home/airflow/.local/lib/python3.12/site-packages/airflow/example_dags/example_subdag_operator.py
[2024-10-07T14:51:02.233+0000] {processor.py:925} INFO - DAG(s) 'example_subdag_operator.section-1', 'example_subdag_operator.section-2', 'example_subdag_operator' retrieved from /home/airflow/.local/lib/python3.12/site-packages/airflow/example_dags/example_subdag_operator.py
[2024-10-07T14:51:02.252+0000] {logging_mixin.py:190} INFO - [2024-10-07T14:51:02.251+0000] {dag.py:3239} INFO - Sync 3 DAGs
[2024-10-07T14:51:02.279+0000] {logging_mixin.py:190} INFO - [2024-10-07T14:51:02.279+0000] {dag.py:4180} INFO - Setting next_dagrun for example_subdag_operator to 2022-01-01 00:00:00+00:00, run_after=2022-01-01 00:00:00+00:00
[2024-10-07T14:51:02.284+0000] {logging_mixin.py:190} INFO - [2024-10-07T14:51:02.284+0000] {dag.py:4180} INFO - Setting next_dagrun for example_subdag_operator.section-1 to None, run_after=None
[2024-10-07T14:51:02.288+0000] {logging_mixin.py:190} INFO - [2024-10-07T14:51:02.288+0000] {dag.py:4180} INFO - Setting next_dagrun for example_subdag_operator.section-2 to None, run_after=None
[2024-10-07T14:51:02.297+0000] {logging_mixin.py:190} INFO - [2024-10-07T14:51:02.297+0000] {dag.py:3239} INFO - Sync 2 DAGs
[2024-10-07T14:51:02.305+0000] {logging_mixin.py:190} INFO - [2024-10-07T14:51:02.304+0000] {dag.py:4180} INFO - Setting next_dagrun for example_subdag_operator.section-1 to None, run_after=None
[2024-10-07T14:51:02.306+0000] {logging_mixin.py:190} INFO - [2024-10-07T14:51:02.306+0000] {dag.py:4180} INFO - Setting next_dagrun for example_subdag_operator.section-2 to None, run_after=None
[2024-10-07T14:51:02.324+0000] {processor.py:208} INFO - Processing /home/airflow/.local/lib/python3.12/site-packages/airflow/example_dags/example_subdag_operator.py took 0.173 seconds
[2024-10-07T14:51:32.553+0000] {processor.py:186} INFO - Started process (PID=1093) to work on /home/airflow/.local/lib/python3.12/site-packages/airflow/example_dags/example_subdag_operator.py
[2024-10-07T14:51:32.555+0000] {processor.py:914} INFO - Processing file /home/airflow/.local/lib/python3.12/site-packages/airflow/example_dags/example_subdag_operator.py for tasks to queue
[2024-10-07T14:51:32.558+0000] {logging_mixin.py:190} INFO - [2024-10-07T14:51:32.558+0000] {dagbag.py:588} INFO - Filling up the DagBag from /home/airflow/.local/lib/python3.12/site-packages/airflow/example_dags/example_subdag_operator.py
[2024-10-07T14:51:32.590+0000] {processor.py:925} INFO - DAG(s) 'example_subdag_operator.section-1', 'example_subdag_operator.section-2', 'example_subdag_operator' retrieved from /home/airflow/.local/lib/python3.12/site-packages/airflow/example_dags/example_subdag_operator.py
[2024-10-07T14:51:32.612+0000] {logging_mixin.py:190} INFO - [2024-10-07T14:51:32.612+0000] {dag.py:3239} INFO - Sync 3 DAGs
[2024-10-07T14:51:32.654+0000] {logging_mixin.py:190} INFO - [2024-10-07T14:51:32.654+0000] {dag.py:4180} INFO - Setting next_dagrun for example_subdag_operator to 2022-01-01 00:00:00+00:00, run_after=2022-01-01 00:00:00+00:00
[2024-10-07T14:51:32.659+0000] {logging_mixin.py:190} INFO - [2024-10-07T14:51:32.659+0000] {dag.py:4180} INFO - Setting next_dagrun for example_subdag_operator.section-1 to None, run_after=None
[2024-10-07T14:51:32.662+0000] {logging_mixin.py:190} INFO - [2024-10-07T14:51:32.662+0000] {dag.py:4180} INFO - Setting next_dagrun for example_subdag_operator.section-2 to None, run_after=None
[2024-10-07T14:51:32.671+0000] {logging_mixin.py:190} INFO - [2024-10-07T14:51:32.671+0000] {dag.py:3239} INFO - Sync 2 DAGs
[2024-10-07T14:51:32.679+0000] {logging_mixin.py:190} INFO - [2024-10-07T14:51:32.679+0000] {dag.py:4180} INFO - Setting next_dagrun for example_subdag_operator.section-1 to None, run_after=None
[2024-10-07T14:51:32.681+0000] {logging_mixin.py:190} INFO - [2024-10-07T14:51:32.681+0000] {dag.py:4180} INFO - Setting next_dagrun for example_subdag_operator.section-2 to None, run_after=None
[2024-10-07T14:51:32.693+0000] {processor.py:208} INFO - Processing /home/airflow/.local/lib/python3.12/site-packages/airflow/example_dags/example_subdag_operator.py took 0.146 seconds
[2024-10-07T14:52:03.538+0000] {processor.py:186} INFO - Started process (PID=1155) to work on /home/airflow/.local/lib/python3.12/site-packages/airflow/example_dags/example_subdag_operator.py
[2024-10-07T14:52:03.540+0000] {processor.py:914} INFO - Processing file /home/airflow/.local/lib/python3.12/site-packages/airflow/example_dags/example_subdag_operator.py for tasks to queue
[2024-10-07T14:52:03.543+0000] {logging_mixin.py:190} INFO - [2024-10-07T14:52:03.542+0000] {dagbag.py:588} INFO - Filling up the DagBag from /home/airflow/.local/lib/python3.12/site-packages/airflow/example_dags/example_subdag_operator.py
[2024-10-07T14:52:03.571+0000] {processor.py:925} INFO - DAG(s) 'example_subdag_operator.section-1', 'example_subdag_operator.section-2', 'example_subdag_operator' retrieved from /home/airflow/.local/lib/python3.12/site-packages/airflow/example_dags/example_subdag_operator.py
[2024-10-07T14:52:03.589+0000] {logging_mixin.py:190} INFO - [2024-10-07T14:52:03.589+0000] {dag.py:3239} INFO - Sync 3 DAGs
[2024-10-07T14:52:03.613+0000] {logging_mixin.py:190} INFO - [2024-10-07T14:52:03.613+0000] {dag.py:4180} INFO - Setting next_dagrun for example_subdag_operator to 2022-01-01 00:00:00+00:00, run_after=2022-01-01 00:00:00+00:00
[2024-10-07T14:52:03.617+0000] {logging_mixin.py:190} INFO - [2024-10-07T14:52:03.617+0000] {dag.py:4180} INFO - Setting next_dagrun for example_subdag_operator.section-1 to None, run_after=None
[2024-10-07T14:52:03.621+0000] {logging_mixin.py:190} INFO - [2024-10-07T14:52:03.620+0000] {dag.py:4180} INFO - Setting next_dagrun for example_subdag_operator.section-2 to None, run_after=None
[2024-10-07T14:52:03.629+0000] {logging_mixin.py:190} INFO - [2024-10-07T14:52:03.629+0000] {dag.py:3239} INFO - Sync 2 DAGs
[2024-10-07T14:52:03.635+0000] {logging_mixin.py:190} INFO - [2024-10-07T14:52:03.635+0000] {dag.py:4180} INFO - Setting next_dagrun for example_subdag_operator.section-1 to None, run_after=None
[2024-10-07T14:52:03.636+0000] {logging_mixin.py:190} INFO - [2024-10-07T14:52:03.636+0000] {dag.py:4180} INFO - Setting next_dagrun for example_subdag_operator.section-2 to None, run_after=None
[2024-10-07T14:52:03.647+0000] {processor.py:208} INFO - Processing /home/airflow/.local/lib/python3.12/site-packages/airflow/example_dags/example_subdag_operator.py took 0.115 seconds
[2024-10-07T14:52:34.141+0000] {processor.py:186} INFO - Started process (PID=1217) to work on /home/airflow/.local/lib/python3.12/site-packages/airflow/example_dags/example_subdag_operator.py
[2024-10-07T14:52:34.143+0000] {processor.py:914} INFO - Processing file /home/airflow/.local/lib/python3.12/site-packages/airflow/example_dags/example_subdag_operator.py for tasks to queue
[2024-10-07T14:52:34.146+0000] {logging_mixin.py:190} INFO - [2024-10-07T14:52:34.145+0000] {dagbag.py:588} INFO - Filling up the DagBag from /home/airflow/.local/lib/python3.12/site-packages/airflow/example_dags/example_subdag_operator.py
[2024-10-07T14:52:34.171+0000] {processor.py:925} INFO - DAG(s) 'example_subdag_operator.section-1', 'example_subdag_operator.section-2', 'example_subdag_operator' retrieved from /home/airflow/.local/lib/python3.12/site-packages/airflow/example_dags/example_subdag_operator.py
[2024-10-07T14:52:34.187+0000] {logging_mixin.py:190} INFO - [2024-10-07T14:52:34.187+0000] {dag.py:3239} INFO - Sync 3 DAGs
[2024-10-07T14:52:34.209+0000] {logging_mixin.py:190} INFO - [2024-10-07T14:52:34.209+0000] {dag.py:4180} INFO - Setting next_dagrun for example_subdag_operator to 2022-01-01 00:00:00+00:00, run_after=2022-01-01 00:00:00+00:00
[2024-10-07T14:52:34.213+0000] {logging_mixin.py:190} INFO - [2024-10-07T14:52:34.213+0000] {dag.py:4180} INFO - Setting next_dagrun for example_subdag_operator.section-1 to None, run_after=None
[2024-10-07T14:52:34.215+0000] {logging_mixin.py:190} INFO - [2024-10-07T14:52:34.215+0000] {dag.py:4180} INFO - Setting next_dagrun for example_subdag_operator.section-2 to None, run_after=None
[2024-10-07T14:52:34.223+0000] {logging_mixin.py:190} INFO - [2024-10-07T14:52:34.222+0000] {dag.py:3239} INFO - Sync 2 DAGs
[2024-10-07T14:52:34.229+0000] {logging_mixin.py:190} INFO - [2024-10-07T14:52:34.229+0000] {dag.py:4180} INFO - Setting next_dagrun for example_subdag_operator.section-1 to None, run_after=None
[2024-10-07T14:52:34.231+0000] {logging_mixin.py:190} INFO - [2024-10-07T14:52:34.231+0000] {dag.py:4180} INFO - Setting next_dagrun for example_subdag_operator.section-2 to None, run_after=None
[2024-10-07T14:52:34.241+0000] {processor.py:208} INFO - Processing /home/airflow/.local/lib/python3.12/site-packages/airflow/example_dags/example_subdag_operator.py took 0.106 seconds
[2024-10-07T14:53:04.799+0000] {processor.py:186} INFO - Started process (PID=1279) to work on /home/airflow/.local/lib/python3.12/site-packages/airflow/example_dags/example_subdag_operator.py
[2024-10-07T14:53:04.801+0000] {processor.py:914} INFO - Processing file /home/airflow/.local/lib/python3.12/site-packages/airflow/example_dags/example_subdag_operator.py for tasks to queue
[2024-10-07T14:53:04.804+0000] {logging_mixin.py:190} INFO - [2024-10-07T14:53:04.804+0000] {dagbag.py:588} INFO - Filling up the DagBag from /home/airflow/.local/lib/python3.12/site-packages/airflow/example_dags/example_subdag_operator.py
[2024-10-07T14:53:04.833+0000] {processor.py:925} INFO - DAG(s) 'example_subdag_operator.section-1', 'example_subdag_operator.section-2', 'example_subdag_operator' retrieved from /home/airflow/.local/lib/python3.12/site-packages/airflow/example_dags/example_subdag_operator.py
[2024-10-07T14:53:04.853+0000] {logging_mixin.py:190} INFO - [2024-10-07T14:53:04.852+0000] {dag.py:3239} INFO - Sync 3 DAGs
[2024-10-07T14:53:04.878+0000] {logging_mixin.py:190} INFO - [2024-10-07T14:53:04.878+0000] {dag.py:4180} INFO - Setting next_dagrun for example_subdag_operator to 2022-01-01 00:00:00+00:00, run_after=2022-01-01 00:00:00+00:00
[2024-10-07T14:53:04.883+0000] {logging_mixin.py:190} INFO - [2024-10-07T14:53:04.882+0000] {dag.py:4180} INFO - Setting next_dagrun for example_subdag_operator.section-1 to None, run_after=None
[2024-10-07T14:53:04.885+0000] {logging_mixin.py:190} INFO - [2024-10-07T14:53:04.885+0000] {dag.py:4180} INFO - Setting next_dagrun for example_subdag_operator.section-2 to None, run_after=None
[2024-10-07T14:53:04.895+0000] {logging_mixin.py:190} INFO - [2024-10-07T14:53:04.895+0000] {dag.py:3239} INFO - Sync 2 DAGs
[2024-10-07T14:53:04.902+0000] {logging_mixin.py:190} INFO - [2024-10-07T14:53:04.902+0000] {dag.py:4180} INFO - Setting next_dagrun for example_subdag_operator.section-1 to None, run_after=None
[2024-10-07T14:53:04.904+0000] {logging_mixin.py:190} INFO - [2024-10-07T14:53:04.903+0000] {dag.py:4180} INFO - Setting next_dagrun for example_subdag_operator.section-2 to None, run_after=None
[2024-10-07T14:53:04.917+0000] {processor.py:208} INFO - Processing /home/airflow/.local/lib/python3.12/site-packages/airflow/example_dags/example_subdag_operator.py took 0.125 seconds
[2024-10-07T14:53:35.291+0000] {processor.py:186} INFO - Started process (PID=1342) to work on /home/airflow/.local/lib/python3.12/site-packages/airflow/example_dags/example_subdag_operator.py
[2024-10-07T14:53:35.293+0000] {processor.py:914} INFO - Processing file /home/airflow/.local/lib/python3.12/site-packages/airflow/example_dags/example_subdag_operator.py for tasks to queue
[2024-10-07T14:53:35.296+0000] {logging_mixin.py:190} INFO - [2024-10-07T14:53:35.296+0000] {dagbag.py:588} INFO - Filling up the DagBag from /home/airflow/.local/lib/python3.12/site-packages/airflow/example_dags/example_subdag_operator.py
[2024-10-07T14:53:35.321+0000] {processor.py:925} INFO - DAG(s) 'example_subdag_operator.section-1', 'example_subdag_operator.section-2', 'example_subdag_operator' retrieved from /home/airflow/.local/lib/python3.12/site-packages/airflow/example_dags/example_subdag_operator.py
[2024-10-07T14:53:35.336+0000] {logging_mixin.py:190} INFO - [2024-10-07T14:53:35.336+0000] {dag.py:3239} INFO - Sync 3 DAGs
[2024-10-07T14:53:35.360+0000] {logging_mixin.py:190} INFO - [2024-10-07T14:53:35.360+0000] {dag.py:4180} INFO - Setting next_dagrun for example_subdag_operator to 2022-01-01 00:00:00+00:00, run_after=2022-01-01 00:00:00+00:00
[2024-10-07T14:53:35.366+0000] {logging_mixin.py:190} INFO - [2024-10-07T14:53:35.366+0000] {dag.py:4180} INFO - Setting next_dagrun for example_subdag_operator.section-1 to None, run_after=None
[2024-10-07T14:53:35.368+0000] {logging_mixin.py:190} INFO - [2024-10-07T14:53:35.368+0000] {dag.py:4180} INFO - Setting next_dagrun for example_subdag_operator.section-2 to None, run_after=None
[2024-10-07T14:53:35.376+0000] {logging_mixin.py:190} INFO - [2024-10-07T14:53:35.376+0000] {dag.py:3239} INFO - Sync 2 DAGs
[2024-10-07T14:53:35.382+0000] {logging_mixin.py:190} INFO - [2024-10-07T14:53:35.382+0000] {dag.py:4180} INFO - Setting next_dagrun for example_subdag_operator.section-1 to None, run_after=None
[2024-10-07T14:53:35.384+0000] {logging_mixin.py:190} INFO - [2024-10-07T14:53:35.383+0000] {dag.py:4180} INFO - Setting next_dagrun for example_subdag_operator.section-2 to None, run_after=None
[2024-10-07T14:53:35.394+0000] {processor.py:208} INFO - Processing /home/airflow/.local/lib/python3.12/site-packages/airflow/example_dags/example_subdag_operator.py took 0.109 seconds
