[2024-10-07T14:43:24.609+0000] {processor.py:186} INFO - Started process (PID=113) to work on /home/airflow/.local/lib/python3.12/site-packages/airflow/example_dags/example_sensor_decorator.py
[2024-10-07T14:43:24.613+0000] {processor.py:914} INFO - Processing file /home/airflow/.local/lib/python3.12/site-packages/airflow/example_dags/example_sensor_decorator.py for tasks to queue
[2024-10-07T14:43:24.628+0000] {logging_mixin.py:190} INFO - [2024-10-07T14:43:24.625+0000] {dagbag.py:588} INFO - Filling up the DagBag from /home/airflow/.local/lib/python3.12/site-packages/airflow/example_dags/example_sensor_decorator.py
[2024-10-07T14:43:24.674+0000] {processor.py:925} INFO - DAG(s) 'example_sensor_decorator' retrieved from /home/airflow/.local/lib/python3.12/site-packages/airflow/example_dags/example_sensor_decorator.py
[2024-10-07T14:43:24.946+0000] {logging_mixin.py:190} INFO - [2024-10-07T14:43:24.945+0000] {override.py:1900} INFO - Created Permission View: can read on DAG:example_sensor_decorator
[2024-10-07T14:43:24.963+0000] {logging_mixin.py:190} INFO - [2024-10-07T14:43:24.962+0000] {override.py:1900} INFO - Created Permission View: can delete on DAG:example_sensor_decorator
[2024-10-07T14:43:24.974+0000] {logging_mixin.py:190} INFO - [2024-10-07T14:43:24.973+0000] {override.py:1900} INFO - Created Permission View: can edit on DAG:example_sensor_decorator
[2024-10-07T14:43:24.984+0000] {logging_mixin.py:190} INFO - [2024-10-07T14:43:24.984+0000] {override.py:1900} INFO - Created Permission View: can read on DAG Run:example_sensor_decorator
[2024-10-07T14:43:24.995+0000] {logging_mixin.py:190} INFO - [2024-10-07T14:43:24.995+0000] {override.py:1900} INFO - Created Permission View: can create on DAG Run:example_sensor_decorator
[2024-10-07T14:43:25.005+0000] {logging_mixin.py:190} INFO - [2024-10-07T14:43:25.004+0000] {override.py:1900} INFO - Created Permission View: menu access on DAG Run:example_sensor_decorator
[2024-10-07T14:43:25.016+0000] {logging_mixin.py:190} INFO - [2024-10-07T14:43:25.015+0000] {override.py:1900} INFO - Created Permission View: can delete on DAG Run:example_sensor_decorator
[2024-10-07T14:43:25.017+0000] {logging_mixin.py:190} INFO - [2024-10-07T14:43:25.017+0000] {dag.py:3239} INFO - Sync 1 DAGs
[2024-10-07T14:43:25.038+0000] {logging_mixin.py:190} INFO - [2024-10-07T14:43:25.037+0000] {dag.py:3262} INFO - Creating ORM DAG for example_sensor_decorator
[2024-10-07T14:43:25.039+0000] {logging_mixin.py:190} INFO - [2024-10-07T14:43:25.039+0000] {dag.py:4180} INFO - Setting next_dagrun for example_sensor_decorator to None, run_after=None
[2024-10-07T14:43:25.066+0000] {processor.py:208} INFO - Processing /home/airflow/.local/lib/python3.12/site-packages/airflow/example_dags/example_sensor_decorator.py took 0.475 seconds
[2024-10-07T14:43:55.396+0000] {processor.py:186} INFO - Started process (PID=175) to work on /home/airflow/.local/lib/python3.12/site-packages/airflow/example_dags/example_sensor_decorator.py
[2024-10-07T14:43:55.398+0000] {processor.py:914} INFO - Processing file /home/airflow/.local/lib/python3.12/site-packages/airflow/example_dags/example_sensor_decorator.py for tasks to queue
[2024-10-07T14:43:55.402+0000] {logging_mixin.py:190} INFO - [2024-10-07T14:43:55.401+0000] {dagbag.py:588} INFO - Filling up the DagBag from /home/airflow/.local/lib/python3.12/site-packages/airflow/example_dags/example_sensor_decorator.py
[2024-10-07T14:43:55.416+0000] {processor.py:925} INFO - DAG(s) 'example_sensor_decorator' retrieved from /home/airflow/.local/lib/python3.12/site-packages/airflow/example_dags/example_sensor_decorator.py
[2024-10-07T14:43:55.448+0000] {logging_mixin.py:190} INFO - [2024-10-07T14:43:55.447+0000] {dag.py:3239} INFO - Sync 1 DAGs
[2024-10-07T14:43:55.465+0000] {logging_mixin.py:190} INFO - [2024-10-07T14:43:55.465+0000] {dag.py:4180} INFO - Setting next_dagrun for example_sensor_decorator to None, run_after=None
[2024-10-07T14:43:55.486+0000] {processor.py:208} INFO - Processing /home/airflow/.local/lib/python3.12/site-packages/airflow/example_dags/example_sensor_decorator.py took 0.099 seconds
[2024-10-07T14:44:25.616+0000] {processor.py:186} INFO - Started process (PID=237) to work on /home/airflow/.local/lib/python3.12/site-packages/airflow/example_dags/example_sensor_decorator.py
[2024-10-07T14:44:25.618+0000] {processor.py:914} INFO - Processing file /home/airflow/.local/lib/python3.12/site-packages/airflow/example_dags/example_sensor_decorator.py for tasks to queue
[2024-10-07T14:44:25.621+0000] {logging_mixin.py:190} INFO - [2024-10-07T14:44:25.620+0000] {dagbag.py:588} INFO - Filling up the DagBag from /home/airflow/.local/lib/python3.12/site-packages/airflow/example_dags/example_sensor_decorator.py
[2024-10-07T14:44:25.629+0000] {processor.py:925} INFO - DAG(s) 'example_sensor_decorator' retrieved from /home/airflow/.local/lib/python3.12/site-packages/airflow/example_dags/example_sensor_decorator.py
[2024-10-07T14:44:25.648+0000] {logging_mixin.py:190} INFO - [2024-10-07T14:44:25.648+0000] {dag.py:3239} INFO - Sync 1 DAGs
[2024-10-07T14:44:25.662+0000] {logging_mixin.py:190} INFO - [2024-10-07T14:44:25.662+0000] {dag.py:4180} INFO - Setting next_dagrun for example_sensor_decorator to None, run_after=None
[2024-10-07T14:44:25.683+0000] {processor.py:208} INFO - Processing /home/airflow/.local/lib/python3.12/site-packages/airflow/example_dags/example_sensor_decorator.py took 0.072 seconds
[2024-10-07T14:44:56.532+0000] {processor.py:186} INFO - Started process (PID=299) to work on /home/airflow/.local/lib/python3.12/site-packages/airflow/example_dags/example_sensor_decorator.py
[2024-10-07T14:44:56.534+0000] {processor.py:914} INFO - Processing file /home/airflow/.local/lib/python3.12/site-packages/airflow/example_dags/example_sensor_decorator.py for tasks to queue
[2024-10-07T14:44:56.537+0000] {logging_mixin.py:190} INFO - [2024-10-07T14:44:56.536+0000] {dagbag.py:588} INFO - Filling up the DagBag from /home/airflow/.local/lib/python3.12/site-packages/airflow/example_dags/example_sensor_decorator.py
[2024-10-07T14:44:56.546+0000] {processor.py:925} INFO - DAG(s) 'example_sensor_decorator' retrieved from /home/airflow/.local/lib/python3.12/site-packages/airflow/example_dags/example_sensor_decorator.py
[2024-10-07T14:44:56.568+0000] {logging_mixin.py:190} INFO - [2024-10-07T14:44:56.568+0000] {dag.py:3239} INFO - Sync 1 DAGs
[2024-10-07T14:44:56.592+0000] {logging_mixin.py:190} INFO - [2024-10-07T14:44:56.591+0000] {dag.py:4180} INFO - Setting next_dagrun for example_sensor_decorator to None, run_after=None
[2024-10-07T14:44:56.614+0000] {processor.py:208} INFO - Processing /home/airflow/.local/lib/python3.12/site-packages/airflow/example_dags/example_sensor_decorator.py took 0.088 seconds
[2024-10-07T14:45:27.872+0000] {processor.py:186} INFO - Started process (PID=360) to work on /home/airflow/.local/lib/python3.12/site-packages/airflow/example_dags/example_sensor_decorator.py
[2024-10-07T14:45:27.874+0000] {processor.py:914} INFO - Processing file /home/airflow/.local/lib/python3.12/site-packages/airflow/example_dags/example_sensor_decorator.py for tasks to queue
[2024-10-07T14:45:27.878+0000] {logging_mixin.py:190} INFO - [2024-10-07T14:45:27.877+0000] {dagbag.py:588} INFO - Filling up the DagBag from /home/airflow/.local/lib/python3.12/site-packages/airflow/example_dags/example_sensor_decorator.py
[2024-10-07T14:45:27.889+0000] {processor.py:925} INFO - DAG(s) 'example_sensor_decorator' retrieved from /home/airflow/.local/lib/python3.12/site-packages/airflow/example_dags/example_sensor_decorator.py
[2024-10-07T14:45:27.918+0000] {logging_mixin.py:190} INFO - [2024-10-07T14:45:27.917+0000] {dag.py:3239} INFO - Sync 1 DAGs
[2024-10-07T14:45:27.939+0000] {logging_mixin.py:190} INFO - [2024-10-07T14:45:27.938+0000] {dag.py:4180} INFO - Setting next_dagrun for example_sensor_decorator to None, run_after=None
[2024-10-07T14:45:27.968+0000] {processor.py:208} INFO - Processing /home/airflow/.local/lib/python3.12/site-packages/airflow/example_dags/example_sensor_decorator.py took 0.102 seconds
[2024-10-07T14:45:58.201+0000] {processor.py:186} INFO - Started process (PID=423) to work on /home/airflow/.local/lib/python3.12/site-packages/airflow/example_dags/example_sensor_decorator.py
[2024-10-07T14:45:58.203+0000] {processor.py:914} INFO - Processing file /home/airflow/.local/lib/python3.12/site-packages/airflow/example_dags/example_sensor_decorator.py for tasks to queue
[2024-10-07T14:45:58.208+0000] {logging_mixin.py:190} INFO - [2024-10-07T14:45:58.207+0000] {dagbag.py:588} INFO - Filling up the DagBag from /home/airflow/.local/lib/python3.12/site-packages/airflow/example_dags/example_sensor_decorator.py
[2024-10-07T14:45:58.221+0000] {processor.py:925} INFO - DAG(s) 'example_sensor_decorator' retrieved from /home/airflow/.local/lib/python3.12/site-packages/airflow/example_dags/example_sensor_decorator.py
[2024-10-07T14:45:58.254+0000] {logging_mixin.py:190} INFO - [2024-10-07T14:45:58.254+0000] {dag.py:3239} INFO - Sync 1 DAGs
[2024-10-07T14:45:58.278+0000] {logging_mixin.py:190} INFO - [2024-10-07T14:45:58.277+0000] {dag.py:4180} INFO - Setting next_dagrun for example_sensor_decorator to None, run_after=None
[2024-10-07T14:45:58.308+0000] {processor.py:208} INFO - Processing /home/airflow/.local/lib/python3.12/site-packages/airflow/example_dags/example_sensor_decorator.py took 0.117 seconds
[2024-10-07T14:46:29.396+0000] {processor.py:186} INFO - Started process (PID=485) to work on /home/airflow/.local/lib/python3.12/site-packages/airflow/example_dags/example_sensor_decorator.py
[2024-10-07T14:46:29.399+0000] {processor.py:914} INFO - Processing file /home/airflow/.local/lib/python3.12/site-packages/airflow/example_dags/example_sensor_decorator.py for tasks to queue
[2024-10-07T14:46:29.405+0000] {logging_mixin.py:190} INFO - [2024-10-07T14:46:29.404+0000] {dagbag.py:588} INFO - Filling up the DagBag from /home/airflow/.local/lib/python3.12/site-packages/airflow/example_dags/example_sensor_decorator.py
[2024-10-07T14:46:29.422+0000] {processor.py:925} INFO - DAG(s) 'example_sensor_decorator' retrieved from /home/airflow/.local/lib/python3.12/site-packages/airflow/example_dags/example_sensor_decorator.py
[2024-10-07T14:46:29.474+0000] {logging_mixin.py:190} INFO - [2024-10-07T14:46:29.473+0000] {dag.py:3239} INFO - Sync 1 DAGs
[2024-10-07T14:46:29.515+0000] {logging_mixin.py:190} INFO - [2024-10-07T14:46:29.515+0000] {dag.py:4180} INFO - Setting next_dagrun for example_sensor_decorator to None, run_after=None
[2024-10-07T14:46:29.589+0000] {processor.py:208} INFO - Processing /home/airflow/.local/lib/python3.12/site-packages/airflow/example_dags/example_sensor_decorator.py took 0.206 seconds
[2024-10-07T14:47:00.211+0000] {processor.py:186} INFO - Started process (PID=547) to work on /home/airflow/.local/lib/python3.12/site-packages/airflow/example_dags/example_sensor_decorator.py
[2024-10-07T14:47:00.213+0000] {processor.py:914} INFO - Processing file /home/airflow/.local/lib/python3.12/site-packages/airflow/example_dags/example_sensor_decorator.py for tasks to queue
[2024-10-07T14:47:00.217+0000] {logging_mixin.py:190} INFO - [2024-10-07T14:47:00.217+0000] {dagbag.py:588} INFO - Filling up the DagBag from /home/airflow/.local/lib/python3.12/site-packages/airflow/example_dags/example_sensor_decorator.py
[2024-10-07T14:47:00.227+0000] {processor.py:925} INFO - DAG(s) 'example_sensor_decorator' retrieved from /home/airflow/.local/lib/python3.12/site-packages/airflow/example_dags/example_sensor_decorator.py
[2024-10-07T14:47:00.249+0000] {logging_mixin.py:190} INFO - [2024-10-07T14:47:00.249+0000] {dag.py:3239} INFO - Sync 1 DAGs
[2024-10-07T14:47:00.264+0000] {logging_mixin.py:190} INFO - [2024-10-07T14:47:00.263+0000] {dag.py:4180} INFO - Setting next_dagrun for example_sensor_decorator to None, run_after=None
[2024-10-07T14:47:00.284+0000] {processor.py:208} INFO - Processing /home/airflow/.local/lib/python3.12/site-packages/airflow/example_dags/example_sensor_decorator.py took 0.082 seconds
[2024-10-07T14:47:30.999+0000] {processor.py:186} INFO - Started process (PID=609) to work on /home/airflow/.local/lib/python3.12/site-packages/airflow/example_dags/example_sensor_decorator.py
[2024-10-07T14:47:31.000+0000] {processor.py:914} INFO - Processing file /home/airflow/.local/lib/python3.12/site-packages/airflow/example_dags/example_sensor_decorator.py for tasks to queue
[2024-10-07T14:47:31.004+0000] {logging_mixin.py:190} INFO - [2024-10-07T14:47:31.003+0000] {dagbag.py:588} INFO - Filling up the DagBag from /home/airflow/.local/lib/python3.12/site-packages/airflow/example_dags/example_sensor_decorator.py
[2024-10-07T14:47:31.013+0000] {processor.py:925} INFO - DAG(s) 'example_sensor_decorator' retrieved from /home/airflow/.local/lib/python3.12/site-packages/airflow/example_dags/example_sensor_decorator.py
[2024-10-07T14:47:31.034+0000] {logging_mixin.py:190} INFO - [2024-10-07T14:47:31.033+0000] {dag.py:3239} INFO - Sync 1 DAGs
[2024-10-07T14:47:31.048+0000] {logging_mixin.py:190} INFO - [2024-10-07T14:47:31.048+0000] {dag.py:4180} INFO - Setting next_dagrun for example_sensor_decorator to None, run_after=None
[2024-10-07T14:47:31.070+0000] {processor.py:208} INFO - Processing /home/airflow/.local/lib/python3.12/site-packages/airflow/example_dags/example_sensor_decorator.py took 0.077 seconds
[2024-10-07T14:48:01.551+0000] {processor.py:186} INFO - Started process (PID=671) to work on /home/airflow/.local/lib/python3.12/site-packages/airflow/example_dags/example_sensor_decorator.py
[2024-10-07T14:48:01.552+0000] {processor.py:914} INFO - Processing file /home/airflow/.local/lib/python3.12/site-packages/airflow/example_dags/example_sensor_decorator.py for tasks to queue
[2024-10-07T14:48:01.556+0000] {logging_mixin.py:190} INFO - [2024-10-07T14:48:01.555+0000] {dagbag.py:588} INFO - Filling up the DagBag from /home/airflow/.local/lib/python3.12/site-packages/airflow/example_dags/example_sensor_decorator.py
[2024-10-07T14:48:01.564+0000] {processor.py:925} INFO - DAG(s) 'example_sensor_decorator' retrieved from /home/airflow/.local/lib/python3.12/site-packages/airflow/example_dags/example_sensor_decorator.py
[2024-10-07T14:48:01.585+0000] {logging_mixin.py:190} INFO - [2024-10-07T14:48:01.584+0000] {dag.py:3239} INFO - Sync 1 DAGs
[2024-10-07T14:48:01.599+0000] {logging_mixin.py:190} INFO - [2024-10-07T14:48:01.599+0000] {dag.py:4180} INFO - Setting next_dagrun for example_sensor_decorator to None, run_after=None
[2024-10-07T14:48:01.622+0000] {processor.py:208} INFO - Processing /home/airflow/.local/lib/python3.12/site-packages/airflow/example_dags/example_sensor_decorator.py took 0.077 seconds
[2024-10-07T14:48:31.762+0000] {processor.py:186} INFO - Started process (PID=733) to work on /home/airflow/.local/lib/python3.12/site-packages/airflow/example_dags/example_sensor_decorator.py
[2024-10-07T14:48:31.764+0000] {processor.py:914} INFO - Processing file /home/airflow/.local/lib/python3.12/site-packages/airflow/example_dags/example_sensor_decorator.py for tasks to queue
[2024-10-07T14:48:31.768+0000] {logging_mixin.py:190} INFO - [2024-10-07T14:48:31.767+0000] {dagbag.py:588} INFO - Filling up the DagBag from /home/airflow/.local/lib/python3.12/site-packages/airflow/example_dags/example_sensor_decorator.py
[2024-10-07T14:48:31.777+0000] {processor.py:925} INFO - DAG(s) 'example_sensor_decorator' retrieved from /home/airflow/.local/lib/python3.12/site-packages/airflow/example_dags/example_sensor_decorator.py
[2024-10-07T14:48:31.799+0000] {logging_mixin.py:190} INFO - [2024-10-07T14:48:31.799+0000] {dag.py:3239} INFO - Sync 1 DAGs
[2024-10-07T14:48:31.813+0000] {logging_mixin.py:190} INFO - [2024-10-07T14:48:31.813+0000] {dag.py:4180} INFO - Setting next_dagrun for example_sensor_decorator to None, run_after=None
[2024-10-07T14:48:31.833+0000] {processor.py:208} INFO - Processing /home/airflow/.local/lib/python3.12/site-packages/airflow/example_dags/example_sensor_decorator.py took 0.079 seconds
[2024-10-07T14:49:02.135+0000] {processor.py:186} INFO - Started process (PID=795) to work on /home/airflow/.local/lib/python3.12/site-packages/airflow/example_dags/example_sensor_decorator.py
[2024-10-07T14:49:02.137+0000] {processor.py:914} INFO - Processing file /home/airflow/.local/lib/python3.12/site-packages/airflow/example_dags/example_sensor_decorator.py for tasks to queue
[2024-10-07T14:49:02.141+0000] {logging_mixin.py:190} INFO - [2024-10-07T14:49:02.141+0000] {dagbag.py:588} INFO - Filling up the DagBag from /home/airflow/.local/lib/python3.12/site-packages/airflow/example_dags/example_sensor_decorator.py
[2024-10-07T14:49:02.150+0000] {processor.py:925} INFO - DAG(s) 'example_sensor_decorator' retrieved from /home/airflow/.local/lib/python3.12/site-packages/airflow/example_dags/example_sensor_decorator.py
[2024-10-07T14:49:02.173+0000] {logging_mixin.py:190} INFO - [2024-10-07T14:49:02.173+0000] {dag.py:3239} INFO - Sync 1 DAGs
[2024-10-07T14:49:02.188+0000] {logging_mixin.py:190} INFO - [2024-10-07T14:49:02.188+0000] {dag.py:4180} INFO - Setting next_dagrun for example_sensor_decorator to None, run_after=None
[2024-10-07T14:49:02.207+0000] {processor.py:208} INFO - Processing /home/airflow/.local/lib/python3.12/site-packages/airflow/example_dags/example_sensor_decorator.py took 0.078 seconds
[2024-10-07T14:49:33.368+0000] {processor.py:186} INFO - Started process (PID=857) to work on /home/airflow/.local/lib/python3.12/site-packages/airflow/example_dags/example_sensor_decorator.py
[2024-10-07T14:49:33.370+0000] {processor.py:914} INFO - Processing file /home/airflow/.local/lib/python3.12/site-packages/airflow/example_dags/example_sensor_decorator.py for tasks to queue
[2024-10-07T14:49:33.373+0000] {logging_mixin.py:190} INFO - [2024-10-07T14:49:33.372+0000] {dagbag.py:588} INFO - Filling up the DagBag from /home/airflow/.local/lib/python3.12/site-packages/airflow/example_dags/example_sensor_decorator.py
[2024-10-07T14:49:33.382+0000] {processor.py:925} INFO - DAG(s) 'example_sensor_decorator' retrieved from /home/airflow/.local/lib/python3.12/site-packages/airflow/example_dags/example_sensor_decorator.py
[2024-10-07T14:49:33.403+0000] {logging_mixin.py:190} INFO - [2024-10-07T14:49:33.402+0000] {dag.py:3239} INFO - Sync 1 DAGs
[2024-10-07T14:49:33.418+0000] {logging_mixin.py:190} INFO - [2024-10-07T14:49:33.417+0000] {dag.py:4180} INFO - Setting next_dagrun for example_sensor_decorator to None, run_after=None
[2024-10-07T14:49:33.438+0000] {processor.py:208} INFO - Processing /home/airflow/.local/lib/python3.12/site-packages/airflow/example_dags/example_sensor_decorator.py took 0.080 seconds
[2024-10-07T14:50:03.590+0000] {processor.py:186} INFO - Started process (PID=919) to work on /home/airflow/.local/lib/python3.12/site-packages/airflow/example_dags/example_sensor_decorator.py
[2024-10-07T14:50:03.595+0000] {processor.py:914} INFO - Processing file /home/airflow/.local/lib/python3.12/site-packages/airflow/example_dags/example_sensor_decorator.py for tasks to queue
[2024-10-07T14:50:03.600+0000] {logging_mixin.py:190} INFO - [2024-10-07T14:50:03.600+0000] {dagbag.py:588} INFO - Filling up the DagBag from /home/airflow/.local/lib/python3.12/site-packages/airflow/example_dags/example_sensor_decorator.py
[2024-10-07T14:50:03.610+0000] {processor.py:925} INFO - DAG(s) 'example_sensor_decorator' retrieved from /home/airflow/.local/lib/python3.12/site-packages/airflow/example_dags/example_sensor_decorator.py
[2024-10-07T14:50:03.633+0000] {logging_mixin.py:190} INFO - [2024-10-07T14:50:03.633+0000] {dag.py:3239} INFO - Sync 1 DAGs
[2024-10-07T14:50:03.652+0000] {logging_mixin.py:190} INFO - [2024-10-07T14:50:03.652+0000] {dag.py:4180} INFO - Setting next_dagrun for example_sensor_decorator to None, run_after=None
[2024-10-07T14:50:03.674+0000] {processor.py:208} INFO - Processing /home/airflow/.local/lib/python3.12/site-packages/airflow/example_dags/example_sensor_decorator.py took 0.092 seconds
[2024-10-07T14:50:33.976+0000] {processor.py:186} INFO - Started process (PID=981) to work on /home/airflow/.local/lib/python3.12/site-packages/airflow/example_dags/example_sensor_decorator.py
[2024-10-07T14:50:33.978+0000] {processor.py:914} INFO - Processing file /home/airflow/.local/lib/python3.12/site-packages/airflow/example_dags/example_sensor_decorator.py for tasks to queue
[2024-10-07T14:50:33.980+0000] {logging_mixin.py:190} INFO - [2024-10-07T14:50:33.980+0000] {dagbag.py:588} INFO - Filling up the DagBag from /home/airflow/.local/lib/python3.12/site-packages/airflow/example_dags/example_sensor_decorator.py
[2024-10-07T14:50:33.989+0000] {processor.py:925} INFO - DAG(s) 'example_sensor_decorator' retrieved from /home/airflow/.local/lib/python3.12/site-packages/airflow/example_dags/example_sensor_decorator.py
[2024-10-07T14:50:34.008+0000] {logging_mixin.py:190} INFO - [2024-10-07T14:50:34.008+0000] {dag.py:3239} INFO - Sync 1 DAGs
[2024-10-07T14:50:34.025+0000] {logging_mixin.py:190} INFO - [2024-10-07T14:50:34.025+0000] {dag.py:4180} INFO - Setting next_dagrun for example_sensor_decorator to None, run_after=None
[2024-10-07T14:50:34.048+0000] {processor.py:208} INFO - Processing /home/airflow/.local/lib/python3.12/site-packages/airflow/example_dags/example_sensor_decorator.py took 0.078 seconds
[2024-10-07T14:51:04.497+0000] {processor.py:186} INFO - Started process (PID=1043) to work on /home/airflow/.local/lib/python3.12/site-packages/airflow/example_dags/example_sensor_decorator.py
[2024-10-07T14:51:04.499+0000] {processor.py:914} INFO - Processing file /home/airflow/.local/lib/python3.12/site-packages/airflow/example_dags/example_sensor_decorator.py for tasks to queue
[2024-10-07T14:51:04.503+0000] {logging_mixin.py:190} INFO - [2024-10-07T14:51:04.502+0000] {dagbag.py:588} INFO - Filling up the DagBag from /home/airflow/.local/lib/python3.12/site-packages/airflow/example_dags/example_sensor_decorator.py
[2024-10-07T14:51:04.513+0000] {processor.py:925} INFO - DAG(s) 'example_sensor_decorator' retrieved from /home/airflow/.local/lib/python3.12/site-packages/airflow/example_dags/example_sensor_decorator.py
[2024-10-07T14:51:04.538+0000] {logging_mixin.py:190} INFO - [2024-10-07T14:51:04.537+0000] {dag.py:3239} INFO - Sync 1 DAGs
[2024-10-07T14:51:04.555+0000] {logging_mixin.py:190} INFO - [2024-10-07T14:51:04.555+0000] {dag.py:4180} INFO - Setting next_dagrun for example_sensor_decorator to None, run_after=None
[2024-10-07T14:51:04.580+0000] {processor.py:208} INFO - Processing /home/airflow/.local/lib/python3.12/site-packages/airflow/example_dags/example_sensor_decorator.py took 0.095 seconds
[2024-10-07T14:51:34.692+0000] {processor.py:186} INFO - Started process (PID=1105) to work on /home/airflow/.local/lib/python3.12/site-packages/airflow/example_dags/example_sensor_decorator.py
[2024-10-07T14:51:34.694+0000] {processor.py:914} INFO - Processing file /home/airflow/.local/lib/python3.12/site-packages/airflow/example_dags/example_sensor_decorator.py for tasks to queue
[2024-10-07T14:51:34.699+0000] {logging_mixin.py:190} INFO - [2024-10-07T14:51:34.699+0000] {dagbag.py:588} INFO - Filling up the DagBag from /home/airflow/.local/lib/python3.12/site-packages/airflow/example_dags/example_sensor_decorator.py
[2024-10-07T14:51:34.715+0000] {processor.py:925} INFO - DAG(s) 'example_sensor_decorator' retrieved from /home/airflow/.local/lib/python3.12/site-packages/airflow/example_dags/example_sensor_decorator.py
[2024-10-07T14:51:34.744+0000] {logging_mixin.py:190} INFO - [2024-10-07T14:51:34.744+0000] {dag.py:3239} INFO - Sync 1 DAGs
[2024-10-07T14:51:34.763+0000] {logging_mixin.py:190} INFO - [2024-10-07T14:51:34.762+0000] {dag.py:4180} INFO - Setting next_dagrun for example_sensor_decorator to None, run_after=None
[2024-10-07T14:51:34.784+0000] {processor.py:208} INFO - Processing /home/airflow/.local/lib/python3.12/site-packages/airflow/example_dags/example_sensor_decorator.py took 0.102 seconds
[2024-10-07T14:52:05.369+0000] {processor.py:186} INFO - Started process (PID=1167) to work on /home/airflow/.local/lib/python3.12/site-packages/airflow/example_dags/example_sensor_decorator.py
[2024-10-07T14:52:05.372+0000] {processor.py:914} INFO - Processing file /home/airflow/.local/lib/python3.12/site-packages/airflow/example_dags/example_sensor_decorator.py for tasks to queue
[2024-10-07T14:52:05.375+0000] {logging_mixin.py:190} INFO - [2024-10-07T14:52:05.375+0000] {dagbag.py:588} INFO - Filling up the DagBag from /home/airflow/.local/lib/python3.12/site-packages/airflow/example_dags/example_sensor_decorator.py
[2024-10-07T14:52:05.386+0000] {processor.py:925} INFO - DAG(s) 'example_sensor_decorator' retrieved from /home/airflow/.local/lib/python3.12/site-packages/airflow/example_dags/example_sensor_decorator.py
[2024-10-07T14:52:05.408+0000] {logging_mixin.py:190} INFO - [2024-10-07T14:52:05.407+0000] {dag.py:3239} INFO - Sync 1 DAGs
[2024-10-07T14:52:05.422+0000] {logging_mixin.py:190} INFO - [2024-10-07T14:52:05.421+0000] {dag.py:4180} INFO - Setting next_dagrun for example_sensor_decorator to None, run_after=None
[2024-10-07T14:52:05.441+0000] {processor.py:208} INFO - Processing /home/airflow/.local/lib/python3.12/site-packages/airflow/example_dags/example_sensor_decorator.py took 0.079 seconds
[2024-10-07T14:52:35.930+0000] {processor.py:186} INFO - Started process (PID=1229) to work on /home/airflow/.local/lib/python3.12/site-packages/airflow/example_dags/example_sensor_decorator.py
[2024-10-07T14:52:35.932+0000] {processor.py:914} INFO - Processing file /home/airflow/.local/lib/python3.12/site-packages/airflow/example_dags/example_sensor_decorator.py for tasks to queue
[2024-10-07T14:52:35.935+0000] {logging_mixin.py:190} INFO - [2024-10-07T14:52:35.935+0000] {dagbag.py:588} INFO - Filling up the DagBag from /home/airflow/.local/lib/python3.12/site-packages/airflow/example_dags/example_sensor_decorator.py
[2024-10-07T14:52:35.944+0000] {processor.py:925} INFO - DAG(s) 'example_sensor_decorator' retrieved from /home/airflow/.local/lib/python3.12/site-packages/airflow/example_dags/example_sensor_decorator.py
[2024-10-07T14:52:35.963+0000] {logging_mixin.py:190} INFO - [2024-10-07T14:52:35.963+0000] {dag.py:3239} INFO - Sync 1 DAGs
[2024-10-07T14:52:35.977+0000] {logging_mixin.py:190} INFO - [2024-10-07T14:52:35.977+0000] {dag.py:4180} INFO - Setting next_dagrun for example_sensor_decorator to None, run_after=None
[2024-10-07T14:52:35.996+0000] {processor.py:208} INFO - Processing /home/airflow/.local/lib/python3.12/site-packages/airflow/example_dags/example_sensor_decorator.py took 0.072 seconds
[2024-10-07T14:53:06.665+0000] {processor.py:186} INFO - Started process (PID=1291) to work on /home/airflow/.local/lib/python3.12/site-packages/airflow/example_dags/example_sensor_decorator.py
[2024-10-07T14:53:06.667+0000] {processor.py:914} INFO - Processing file /home/airflow/.local/lib/python3.12/site-packages/airflow/example_dags/example_sensor_decorator.py for tasks to queue
[2024-10-07T14:53:06.671+0000] {logging_mixin.py:190} INFO - [2024-10-07T14:53:06.670+0000] {dagbag.py:588} INFO - Filling up the DagBag from /home/airflow/.local/lib/python3.12/site-packages/airflow/example_dags/example_sensor_decorator.py
[2024-10-07T14:53:06.682+0000] {processor.py:925} INFO - DAG(s) 'example_sensor_decorator' retrieved from /home/airflow/.local/lib/python3.12/site-packages/airflow/example_dags/example_sensor_decorator.py
[2024-10-07T14:53:06.708+0000] {logging_mixin.py:190} INFO - [2024-10-07T14:53:06.708+0000] {dag.py:3239} INFO - Sync 1 DAGs
[2024-10-07T14:53:06.728+0000] {logging_mixin.py:190} INFO - [2024-10-07T14:53:06.728+0000] {dag.py:4180} INFO - Setting next_dagrun for example_sensor_decorator to None, run_after=None
[2024-10-07T14:53:06.756+0000] {processor.py:208} INFO - Processing /home/airflow/.local/lib/python3.12/site-packages/airflow/example_dags/example_sensor_decorator.py took 0.099 seconds
[2024-10-07T14:53:37.178+0000] {processor.py:186} INFO - Started process (PID=1354) to work on /home/airflow/.local/lib/python3.12/site-packages/airflow/example_dags/example_sensor_decorator.py
[2024-10-07T14:53:37.180+0000] {processor.py:914} INFO - Processing file /home/airflow/.local/lib/python3.12/site-packages/airflow/example_dags/example_sensor_decorator.py for tasks to queue
[2024-10-07T14:53:37.183+0000] {logging_mixin.py:190} INFO - [2024-10-07T14:53:37.183+0000] {dagbag.py:588} INFO - Filling up the DagBag from /home/airflow/.local/lib/python3.12/site-packages/airflow/example_dags/example_sensor_decorator.py
[2024-10-07T14:53:37.191+0000] {processor.py:925} INFO - DAG(s) 'example_sensor_decorator' retrieved from /home/airflow/.local/lib/python3.12/site-packages/airflow/example_dags/example_sensor_decorator.py
[2024-10-07T14:53:37.212+0000] {logging_mixin.py:190} INFO - [2024-10-07T14:53:37.212+0000] {dag.py:3239} INFO - Sync 1 DAGs
[2024-10-07T14:53:37.228+0000] {logging_mixin.py:190} INFO - [2024-10-07T14:53:37.228+0000] {dag.py:4180} INFO - Setting next_dagrun for example_sensor_decorator to None, run_after=None
[2024-10-07T14:53:37.250+0000] {processor.py:208} INFO - Processing /home/airflow/.local/lib/python3.12/site-packages/airflow/example_dags/example_sensor_decorator.py took 0.077 seconds
