[2024-10-07T14:43:13.071+0000] {processor.py:186} INFO - Started process (PID=76) to work on /home/airflow/.local/lib/python3.12/site-packages/airflow/example_dags/example_sla_dag.py
[2024-10-07T14:43:13.073+0000] {processor.py:914} INFO - Processing file /home/airflow/.local/lib/python3.12/site-packages/airflow/example_dags/example_sla_dag.py for tasks to queue
[2024-10-07T14:43:13.078+0000] {logging_mixin.py:190} INFO - [2024-10-07T14:43:13.077+0000] {dagbag.py:588} INFO - Filling up the DagBag from /home/airflow/.local/lib/python3.12/site-packages/airflow/example_dags/example_sla_dag.py
[2024-10-07T14:43:13.106+0000] {processor.py:925} INFO - DAG(s) 'example_sla_dag' retrieved from /home/airflow/.local/lib/python3.12/site-packages/airflow/example_dags/example_sla_dag.py
[2024-10-07T14:43:13.962+0000] {logging_mixin.py:190} INFO - [2024-10-07T14:43:13.958+0000] {override.py:1900} INFO - Created Permission View: can read on DAG:example_sla_dag
[2024-10-07T14:43:13.991+0000] {logging_mixin.py:190} INFO - [2024-10-07T14:43:13.991+0000] {override.py:1900} INFO - Created Permission View: can delete on DAG:example_sla_dag
[2024-10-07T14:43:14.006+0000] {logging_mixin.py:190} INFO - [2024-10-07T14:43:14.006+0000] {override.py:1900} INFO - Created Permission View: can edit on DAG:example_sla_dag
[2024-10-07T14:43:14.021+0000] {logging_mixin.py:190} INFO - [2024-10-07T14:43:14.021+0000] {override.py:1900} INFO - Created Permission View: can read on DAG Run:example_sla_dag
[2024-10-07T14:43:14.036+0000] {logging_mixin.py:190} INFO - [2024-10-07T14:43:14.036+0000] {override.py:1900} INFO - Created Permission View: can create on DAG Run:example_sla_dag
[2024-10-07T14:43:14.050+0000] {logging_mixin.py:190} INFO - [2024-10-07T14:43:14.050+0000] {override.py:1900} INFO - Created Permission View: menu access on DAG Run:example_sla_dag
[2024-10-07T14:43:14.066+0000] {logging_mixin.py:190} INFO - [2024-10-07T14:43:14.065+0000] {override.py:1900} INFO - Created Permission View: can delete on DAG Run:example_sla_dag
[2024-10-07T14:43:14.068+0000] {logging_mixin.py:190} INFO - [2024-10-07T14:43:14.067+0000] {dag.py:3239} INFO - Sync 1 DAGs
[2024-10-07T14:43:14.145+0000] {logging_mixin.py:190} INFO - [2024-10-07T14:43:14.144+0000] {dag.py:3262} INFO - Creating ORM DAG for example_sla_dag
[2024-10-07T14:43:14.215+0000] {logging_mixin.py:190} INFO - [2024-10-07T14:43:14.214+0000] {dag.py:4180} INFO - Setting next_dagrun for example_sla_dag to 2024-10-07 14:40:00+00:00, run_after=2024-10-07 14:42:00+00:00
[2024-10-07T14:43:14.279+0000] {processor.py:208} INFO - Processing /home/airflow/.local/lib/python3.12/site-packages/airflow/example_dags/example_sla_dag.py took 1.220 seconds
[2024-10-07T14:43:44.480+0000] {processor.py:186} INFO - Started process (PID=139) to work on /home/airflow/.local/lib/python3.12/site-packages/airflow/example_dags/example_sla_dag.py
[2024-10-07T14:43:44.482+0000] {processor.py:914} INFO - Processing file /home/airflow/.local/lib/python3.12/site-packages/airflow/example_dags/example_sla_dag.py for tasks to queue
[2024-10-07T14:43:44.486+0000] {logging_mixin.py:190} INFO - [2024-10-07T14:43:44.485+0000] {dagbag.py:588} INFO - Filling up the DagBag from /home/airflow/.local/lib/python3.12/site-packages/airflow/example_dags/example_sla_dag.py
[2024-10-07T14:43:44.497+0000] {processor.py:925} INFO - DAG(s) 'example_sla_dag' retrieved from /home/airflow/.local/lib/python3.12/site-packages/airflow/example_dags/example_sla_dag.py
[2024-10-07T14:43:44.519+0000] {logging_mixin.py:190} INFO - [2024-10-07T14:43:44.519+0000] {dag.py:3239} INFO - Sync 1 DAGs
[2024-10-07T14:43:44.552+0000] {logging_mixin.py:190} INFO - [2024-10-07T14:43:44.552+0000] {dag.py:4180} INFO - Setting next_dagrun for example_sla_dag to 2024-10-07 14:40:00+00:00, run_after=2024-10-07 14:42:00+00:00
[2024-10-07T14:43:44.582+0000] {processor.py:208} INFO - Processing /home/airflow/.local/lib/python3.12/site-packages/airflow/example_dags/example_sla_dag.py took 0.107 seconds
[2024-10-07T14:44:15.457+0000] {processor.py:186} INFO - Started process (PID=200) to work on /home/airflow/.local/lib/python3.12/site-packages/airflow/example_dags/example_sla_dag.py
[2024-10-07T14:44:15.459+0000] {processor.py:914} INFO - Processing file /home/airflow/.local/lib/python3.12/site-packages/airflow/example_dags/example_sla_dag.py for tasks to queue
[2024-10-07T14:44:15.462+0000] {logging_mixin.py:190} INFO - [2024-10-07T14:44:15.461+0000] {dagbag.py:588} INFO - Filling up the DagBag from /home/airflow/.local/lib/python3.12/site-packages/airflow/example_dags/example_sla_dag.py
[2024-10-07T14:44:15.472+0000] {processor.py:925} INFO - DAG(s) 'example_sla_dag' retrieved from /home/airflow/.local/lib/python3.12/site-packages/airflow/example_dags/example_sla_dag.py
[2024-10-07T14:44:15.492+0000] {logging_mixin.py:190} INFO - [2024-10-07T14:44:15.492+0000] {dag.py:3239} INFO - Sync 1 DAGs
[2024-10-07T14:44:15.516+0000] {logging_mixin.py:190} INFO - [2024-10-07T14:44:15.516+0000] {dag.py:4180} INFO - Setting next_dagrun for example_sla_dag to 2024-10-07 14:42:00+00:00, run_after=2024-10-07 14:44:00+00:00
[2024-10-07T14:44:15.537+0000] {processor.py:208} INFO - Processing /home/airflow/.local/lib/python3.12/site-packages/airflow/example_dags/example_sla_dag.py took 0.086 seconds
[2024-10-07T14:44:46.419+0000] {processor.py:186} INFO - Started process (PID=262) to work on /home/airflow/.local/lib/python3.12/site-packages/airflow/example_dags/example_sla_dag.py
[2024-10-07T14:44:46.421+0000] {processor.py:914} INFO - Processing file /home/airflow/.local/lib/python3.12/site-packages/airflow/example_dags/example_sla_dag.py for tasks to queue
[2024-10-07T14:44:46.424+0000] {logging_mixin.py:190} INFO - [2024-10-07T14:44:46.424+0000] {dagbag.py:588} INFO - Filling up the DagBag from /home/airflow/.local/lib/python3.12/site-packages/airflow/example_dags/example_sla_dag.py
[2024-10-07T14:44:46.439+0000] {processor.py:925} INFO - DAG(s) 'example_sla_dag' retrieved from /home/airflow/.local/lib/python3.12/site-packages/airflow/example_dags/example_sla_dag.py
[2024-10-07T14:44:46.479+0000] {logging_mixin.py:190} INFO - [2024-10-07T14:44:46.479+0000] {dag.py:3239} INFO - Sync 1 DAGs
[2024-10-07T14:44:46.521+0000] {logging_mixin.py:190} INFO - [2024-10-07T14:44:46.521+0000] {dag.py:4180} INFO - Setting next_dagrun for example_sla_dag to 2024-10-07 14:42:00+00:00, run_after=2024-10-07 14:44:00+00:00
[2024-10-07T14:44:46.554+0000] {processor.py:208} INFO - Processing /home/airflow/.local/lib/python3.12/site-packages/airflow/example_dags/example_sla_dag.py took 0.140 seconds
[2024-10-07T14:45:17.119+0000] {processor.py:186} INFO - Started process (PID=323) to work on /home/airflow/.local/lib/python3.12/site-packages/airflow/example_dags/example_sla_dag.py
[2024-10-07T14:45:17.121+0000] {processor.py:914} INFO - Processing file /home/airflow/.local/lib/python3.12/site-packages/airflow/example_dags/example_sla_dag.py for tasks to queue
[2024-10-07T14:45:17.125+0000] {logging_mixin.py:190} INFO - [2024-10-07T14:45:17.124+0000] {dagbag.py:588} INFO - Filling up the DagBag from /home/airflow/.local/lib/python3.12/site-packages/airflow/example_dags/example_sla_dag.py
[2024-10-07T14:45:17.137+0000] {processor.py:925} INFO - DAG(s) 'example_sla_dag' retrieved from /home/airflow/.local/lib/python3.12/site-packages/airflow/example_dags/example_sla_dag.py
[2024-10-07T14:45:17.161+0000] {logging_mixin.py:190} INFO - [2024-10-07T14:45:17.161+0000] {dag.py:3239} INFO - Sync 1 DAGs
[2024-10-07T14:45:17.193+0000] {logging_mixin.py:190} INFO - [2024-10-07T14:45:17.192+0000] {dag.py:4180} INFO - Setting next_dagrun for example_sla_dag to 2024-10-07 14:42:00+00:00, run_after=2024-10-07 14:44:00+00:00
[2024-10-07T14:45:17.216+0000] {processor.py:208} INFO - Processing /home/airflow/.local/lib/python3.12/site-packages/airflow/example_dags/example_sla_dag.py took 0.105 seconds
[2024-10-07T14:45:47.420+0000] {processor.py:186} INFO - Started process (PID=386) to work on /home/airflow/.local/lib/python3.12/site-packages/airflow/example_dags/example_sla_dag.py
[2024-10-07T14:45:47.421+0000] {processor.py:914} INFO - Processing file /home/airflow/.local/lib/python3.12/site-packages/airflow/example_dags/example_sla_dag.py for tasks to queue
[2024-10-07T14:45:47.425+0000] {logging_mixin.py:190} INFO - [2024-10-07T14:45:47.425+0000] {dagbag.py:588} INFO - Filling up the DagBag from /home/airflow/.local/lib/python3.12/site-packages/airflow/example_dags/example_sla_dag.py
[2024-10-07T14:45:47.435+0000] {processor.py:925} INFO - DAG(s) 'example_sla_dag' retrieved from /home/airflow/.local/lib/python3.12/site-packages/airflow/example_dags/example_sla_dag.py
[2024-10-07T14:45:47.458+0000] {logging_mixin.py:190} INFO - [2024-10-07T14:45:47.458+0000] {dag.py:3239} INFO - Sync 1 DAGs
[2024-10-07T14:45:47.484+0000] {logging_mixin.py:190} INFO - [2024-10-07T14:45:47.483+0000] {dag.py:4180} INFO - Setting next_dagrun for example_sla_dag to 2024-10-07 14:42:00+00:00, run_after=2024-10-07 14:44:00+00:00
[2024-10-07T14:45:47.503+0000] {processor.py:208} INFO - Processing /home/airflow/.local/lib/python3.12/site-packages/airflow/example_dags/example_sla_dag.py took 0.089 seconds
[2024-10-07T14:46:18.233+0000] {processor.py:186} INFO - Started process (PID=448) to work on /home/airflow/.local/lib/python3.12/site-packages/airflow/example_dags/example_sla_dag.py
[2024-10-07T14:46:18.236+0000] {processor.py:914} INFO - Processing file /home/airflow/.local/lib/python3.12/site-packages/airflow/example_dags/example_sla_dag.py for tasks to queue
[2024-10-07T14:46:18.242+0000] {logging_mixin.py:190} INFO - [2024-10-07T14:46:18.241+0000] {dagbag.py:588} INFO - Filling up the DagBag from /home/airflow/.local/lib/python3.12/site-packages/airflow/example_dags/example_sla_dag.py
[2024-10-07T14:46:18.264+0000] {processor.py:925} INFO - DAG(s) 'example_sla_dag' retrieved from /home/airflow/.local/lib/python3.12/site-packages/airflow/example_dags/example_sla_dag.py
[2024-10-07T14:46:18.300+0000] {logging_mixin.py:190} INFO - [2024-10-07T14:46:18.299+0000] {dag.py:3239} INFO - Sync 1 DAGs
[2024-10-07T14:46:18.332+0000] {logging_mixin.py:190} INFO - [2024-10-07T14:46:18.332+0000] {dag.py:4180} INFO - Setting next_dagrun for example_sla_dag to 2024-10-07 14:44:00+00:00, run_after=2024-10-07 14:46:00+00:00
[2024-10-07T14:46:18.353+0000] {processor.py:208} INFO - Processing /home/airflow/.local/lib/python3.12/site-packages/airflow/example_dags/example_sla_dag.py took 0.134 seconds
[2024-10-07T14:46:48.570+0000] {processor.py:186} INFO - Started process (PID=510) to work on /home/airflow/.local/lib/python3.12/site-packages/airflow/example_dags/example_sla_dag.py
[2024-10-07T14:46:48.572+0000] {processor.py:914} INFO - Processing file /home/airflow/.local/lib/python3.12/site-packages/airflow/example_dags/example_sla_dag.py for tasks to queue
[2024-10-07T14:46:48.576+0000] {logging_mixin.py:190} INFO - [2024-10-07T14:46:48.575+0000] {dagbag.py:588} INFO - Filling up the DagBag from /home/airflow/.local/lib/python3.12/site-packages/airflow/example_dags/example_sla_dag.py
[2024-10-07T14:46:48.587+0000] {processor.py:925} INFO - DAG(s) 'example_sla_dag' retrieved from /home/airflow/.local/lib/python3.12/site-packages/airflow/example_dags/example_sla_dag.py
[2024-10-07T14:46:48.609+0000] {logging_mixin.py:190} INFO - [2024-10-07T14:46:48.609+0000] {dag.py:3239} INFO - Sync 1 DAGs
[2024-10-07T14:46:48.640+0000] {logging_mixin.py:190} INFO - [2024-10-07T14:46:48.639+0000] {dag.py:4180} INFO - Setting next_dagrun for example_sla_dag to 2024-10-07 14:44:00+00:00, run_after=2024-10-07 14:46:00+00:00
[2024-10-07T14:46:48.664+0000] {processor.py:208} INFO - Processing /home/airflow/.local/lib/python3.12/site-packages/airflow/example_dags/example_sla_dag.py took 0.100 seconds
[2024-10-07T14:47:19.204+0000] {processor.py:186} INFO - Started process (PID=572) to work on /home/airflow/.local/lib/python3.12/site-packages/airflow/example_dags/example_sla_dag.py
[2024-10-07T14:47:19.205+0000] {processor.py:914} INFO - Processing file /home/airflow/.local/lib/python3.12/site-packages/airflow/example_dags/example_sla_dag.py for tasks to queue
[2024-10-07T14:47:19.209+0000] {logging_mixin.py:190} INFO - [2024-10-07T14:47:19.208+0000] {dagbag.py:588} INFO - Filling up the DagBag from /home/airflow/.local/lib/python3.12/site-packages/airflow/example_dags/example_sla_dag.py
[2024-10-07T14:47:19.225+0000] {processor.py:925} INFO - DAG(s) 'example_sla_dag' retrieved from /home/airflow/.local/lib/python3.12/site-packages/airflow/example_dags/example_sla_dag.py
[2024-10-07T14:47:19.246+0000] {logging_mixin.py:190} INFO - [2024-10-07T14:47:19.245+0000] {dag.py:3239} INFO - Sync 1 DAGs
[2024-10-07T14:47:19.271+0000] {logging_mixin.py:190} INFO - [2024-10-07T14:47:19.271+0000] {dag.py:4180} INFO - Setting next_dagrun for example_sla_dag to 2024-10-07 14:44:00+00:00, run_after=2024-10-07 14:46:00+00:00
[2024-10-07T14:47:19.289+0000] {processor.py:208} INFO - Processing /home/airflow/.local/lib/python3.12/site-packages/airflow/example_dags/example_sla_dag.py took 0.092 seconds
[2024-10-07T14:47:49.640+0000] {processor.py:186} INFO - Started process (PID=634) to work on /home/airflow/.local/lib/python3.12/site-packages/airflow/example_dags/example_sla_dag.py
[2024-10-07T14:47:49.643+0000] {processor.py:914} INFO - Processing file /home/airflow/.local/lib/python3.12/site-packages/airflow/example_dags/example_sla_dag.py for tasks to queue
[2024-10-07T14:47:49.650+0000] {logging_mixin.py:190} INFO - [2024-10-07T14:47:49.649+0000] {dagbag.py:588} INFO - Filling up the DagBag from /home/airflow/.local/lib/python3.12/site-packages/airflow/example_dags/example_sla_dag.py
[2024-10-07T14:47:49.668+0000] {processor.py:925} INFO - DAG(s) 'example_sla_dag' retrieved from /home/airflow/.local/lib/python3.12/site-packages/airflow/example_dags/example_sla_dag.py
[2024-10-07T14:47:49.690+0000] {logging_mixin.py:190} INFO - [2024-10-07T14:47:49.690+0000] {dag.py:3239} INFO - Sync 1 DAGs
[2024-10-07T14:47:49.716+0000] {logging_mixin.py:190} INFO - [2024-10-07T14:47:49.716+0000] {dag.py:4180} INFO - Setting next_dagrun for example_sla_dag to 2024-10-07 14:44:00+00:00, run_after=2024-10-07 14:46:00+00:00
[2024-10-07T14:47:49.735+0000] {processor.py:208} INFO - Processing /home/airflow/.local/lib/python3.12/site-packages/airflow/example_dags/example_sla_dag.py took 0.108 seconds
[2024-10-07T14:48:20.397+0000] {processor.py:186} INFO - Started process (PID=696) to work on /home/airflow/.local/lib/python3.12/site-packages/airflow/example_dags/example_sla_dag.py
[2024-10-07T14:48:20.400+0000] {processor.py:914} INFO - Processing file /home/airflow/.local/lib/python3.12/site-packages/airflow/example_dags/example_sla_dag.py for tasks to queue
[2024-10-07T14:48:20.404+0000] {logging_mixin.py:190} INFO - [2024-10-07T14:48:20.404+0000] {dagbag.py:588} INFO - Filling up the DagBag from /home/airflow/.local/lib/python3.12/site-packages/airflow/example_dags/example_sla_dag.py
[2024-10-07T14:48:20.416+0000] {processor.py:925} INFO - DAG(s) 'example_sla_dag' retrieved from /home/airflow/.local/lib/python3.12/site-packages/airflow/example_dags/example_sla_dag.py
[2024-10-07T14:48:20.440+0000] {logging_mixin.py:190} INFO - [2024-10-07T14:48:20.439+0000] {dag.py:3239} INFO - Sync 1 DAGs
[2024-10-07T14:48:20.467+0000] {logging_mixin.py:190} INFO - [2024-10-07T14:48:20.466+0000] {dag.py:4180} INFO - Setting next_dagrun for example_sla_dag to 2024-10-07 14:46:00+00:00, run_after=2024-10-07 14:48:00+00:00
[2024-10-07T14:48:20.487+0000] {processor.py:208} INFO - Processing /home/airflow/.local/lib/python3.12/site-packages/airflow/example_dags/example_sla_dag.py took 0.095 seconds
[2024-10-07T14:48:50.593+0000] {processor.py:186} INFO - Started process (PID=758) to work on /home/airflow/.local/lib/python3.12/site-packages/airflow/example_dags/example_sla_dag.py
[2024-10-07T14:48:50.596+0000] {processor.py:914} INFO - Processing file /home/airflow/.local/lib/python3.12/site-packages/airflow/example_dags/example_sla_dag.py for tasks to queue
[2024-10-07T14:48:50.601+0000] {logging_mixin.py:190} INFO - [2024-10-07T14:48:50.600+0000] {dagbag.py:588} INFO - Filling up the DagBag from /home/airflow/.local/lib/python3.12/site-packages/airflow/example_dags/example_sla_dag.py
[2024-10-07T14:48:50.615+0000] {processor.py:925} INFO - DAG(s) 'example_sla_dag' retrieved from /home/airflow/.local/lib/python3.12/site-packages/airflow/example_dags/example_sla_dag.py
[2024-10-07T14:48:50.639+0000] {logging_mixin.py:190} INFO - [2024-10-07T14:48:50.639+0000] {dag.py:3239} INFO - Sync 1 DAGs
[2024-10-07T14:48:50.664+0000] {logging_mixin.py:190} INFO - [2024-10-07T14:48:50.664+0000] {dag.py:4180} INFO - Setting next_dagrun for example_sla_dag to 2024-10-07 14:46:00+00:00, run_after=2024-10-07 14:48:00+00:00
[2024-10-07T14:48:50.684+0000] {processor.py:208} INFO - Processing /home/airflow/.local/lib/python3.12/site-packages/airflow/example_dags/example_sla_dag.py took 0.104 seconds
[2024-10-07T14:49:20.781+0000] {processor.py:186} INFO - Started process (PID=820) to work on /home/airflow/.local/lib/python3.12/site-packages/airflow/example_dags/example_sla_dag.py
[2024-10-07T14:49:20.784+0000] {processor.py:914} INFO - Processing file /home/airflow/.local/lib/python3.12/site-packages/airflow/example_dags/example_sla_dag.py for tasks to queue
[2024-10-07T14:49:20.788+0000] {logging_mixin.py:190} INFO - [2024-10-07T14:49:20.787+0000] {dagbag.py:588} INFO - Filling up the DagBag from /home/airflow/.local/lib/python3.12/site-packages/airflow/example_dags/example_sla_dag.py
[2024-10-07T14:49:20.799+0000] {processor.py:925} INFO - DAG(s) 'example_sla_dag' retrieved from /home/airflow/.local/lib/python3.12/site-packages/airflow/example_dags/example_sla_dag.py
[2024-10-07T14:49:20.822+0000] {logging_mixin.py:190} INFO - [2024-10-07T14:49:20.821+0000] {dag.py:3239} INFO - Sync 1 DAGs
[2024-10-07T14:49:20.849+0000] {logging_mixin.py:190} INFO - [2024-10-07T14:49:20.849+0000] {dag.py:4180} INFO - Setting next_dagrun for example_sla_dag to 2024-10-07 14:46:00+00:00, run_after=2024-10-07 14:48:00+00:00
[2024-10-07T14:49:20.870+0000] {processor.py:208} INFO - Processing /home/airflow/.local/lib/python3.12/site-packages/airflow/example_dags/example_sla_dag.py took 0.099 seconds
[2024-10-07T14:49:51.263+0000] {processor.py:186} INFO - Started process (PID=882) to work on /home/airflow/.local/lib/python3.12/site-packages/airflow/example_dags/example_sla_dag.py
[2024-10-07T14:49:51.266+0000] {processor.py:914} INFO - Processing file /home/airflow/.local/lib/python3.12/site-packages/airflow/example_dags/example_sla_dag.py for tasks to queue
[2024-10-07T14:49:51.271+0000] {logging_mixin.py:190} INFO - [2024-10-07T14:49:51.271+0000] {dagbag.py:588} INFO - Filling up the DagBag from /home/airflow/.local/lib/python3.12/site-packages/airflow/example_dags/example_sla_dag.py
[2024-10-07T14:49:51.286+0000] {processor.py:925} INFO - DAG(s) 'example_sla_dag' retrieved from /home/airflow/.local/lib/python3.12/site-packages/airflow/example_dags/example_sla_dag.py
[2024-10-07T14:49:51.308+0000] {logging_mixin.py:190} INFO - [2024-10-07T14:49:51.307+0000] {dag.py:3239} INFO - Sync 1 DAGs
[2024-10-07T14:49:51.333+0000] {logging_mixin.py:190} INFO - [2024-10-07T14:49:51.333+0000] {dag.py:4180} INFO - Setting next_dagrun for example_sla_dag to 2024-10-07 14:46:00+00:00, run_after=2024-10-07 14:48:00+00:00
[2024-10-07T14:49:51.354+0000] {processor.py:208} INFO - Processing /home/airflow/.local/lib/python3.12/site-packages/airflow/example_dags/example_sla_dag.py took 0.102 seconds
[2024-10-07T14:50:21.418+0000] {processor.py:186} INFO - Started process (PID=944) to work on /home/airflow/.local/lib/python3.12/site-packages/airflow/example_dags/example_sla_dag.py
[2024-10-07T14:50:21.421+0000] {processor.py:914} INFO - Processing file /home/airflow/.local/lib/python3.12/site-packages/airflow/example_dags/example_sla_dag.py for tasks to queue
[2024-10-07T14:50:21.424+0000] {logging_mixin.py:190} INFO - [2024-10-07T14:50:21.424+0000] {dagbag.py:588} INFO - Filling up the DagBag from /home/airflow/.local/lib/python3.12/site-packages/airflow/example_dags/example_sla_dag.py
[2024-10-07T14:50:21.435+0000] {processor.py:925} INFO - DAG(s) 'example_sla_dag' retrieved from /home/airflow/.local/lib/python3.12/site-packages/airflow/example_dags/example_sla_dag.py
[2024-10-07T14:50:21.461+0000] {logging_mixin.py:190} INFO - [2024-10-07T14:50:21.460+0000] {dag.py:3239} INFO - Sync 1 DAGs
[2024-10-07T14:50:21.494+0000] {logging_mixin.py:190} INFO - [2024-10-07T14:50:21.494+0000] {dag.py:4180} INFO - Setting next_dagrun for example_sla_dag to 2024-10-07 14:48:00+00:00, run_after=2024-10-07 14:50:00+00:00
[2024-10-07T14:50:21.517+0000] {processor.py:208} INFO - Processing /home/airflow/.local/lib/python3.12/site-packages/airflow/example_dags/example_sla_dag.py took 0.105 seconds
[2024-10-07T14:50:51.703+0000] {processor.py:186} INFO - Started process (PID=1006) to work on /home/airflow/.local/lib/python3.12/site-packages/airflow/example_dags/example_sla_dag.py
[2024-10-07T14:50:51.705+0000] {processor.py:914} INFO - Processing file /home/airflow/.local/lib/python3.12/site-packages/airflow/example_dags/example_sla_dag.py for tasks to queue
[2024-10-07T14:50:51.708+0000] {logging_mixin.py:190} INFO - [2024-10-07T14:50:51.708+0000] {dagbag.py:588} INFO - Filling up the DagBag from /home/airflow/.local/lib/python3.12/site-packages/airflow/example_dags/example_sla_dag.py
[2024-10-07T14:50:51.718+0000] {processor.py:925} INFO - DAG(s) 'example_sla_dag' retrieved from /home/airflow/.local/lib/python3.12/site-packages/airflow/example_dags/example_sla_dag.py
[2024-10-07T14:50:51.741+0000] {logging_mixin.py:190} INFO - [2024-10-07T14:50:51.740+0000] {dag.py:3239} INFO - Sync 1 DAGs
[2024-10-07T14:50:51.767+0000] {logging_mixin.py:190} INFO - [2024-10-07T14:50:51.767+0000] {dag.py:4180} INFO - Setting next_dagrun for example_sla_dag to 2024-10-07 14:48:00+00:00, run_after=2024-10-07 14:50:00+00:00
[2024-10-07T14:50:51.787+0000] {processor.py:208} INFO - Processing /home/airflow/.local/lib/python3.12/site-packages/airflow/example_dags/example_sla_dag.py took 0.091 seconds
[2024-10-07T14:51:22.058+0000] {processor.py:186} INFO - Started process (PID=1068) to work on /home/airflow/.local/lib/python3.12/site-packages/airflow/example_dags/example_sla_dag.py
[2024-10-07T14:51:22.061+0000] {processor.py:914} INFO - Processing file /home/airflow/.local/lib/python3.12/site-packages/airflow/example_dags/example_sla_dag.py for tasks to queue
[2024-10-07T14:51:22.064+0000] {logging_mixin.py:190} INFO - [2024-10-07T14:51:22.064+0000] {dagbag.py:588} INFO - Filling up the DagBag from /home/airflow/.local/lib/python3.12/site-packages/airflow/example_dags/example_sla_dag.py
[2024-10-07T14:51:22.074+0000] {processor.py:925} INFO - DAG(s) 'example_sla_dag' retrieved from /home/airflow/.local/lib/python3.12/site-packages/airflow/example_dags/example_sla_dag.py
[2024-10-07T14:51:22.097+0000] {logging_mixin.py:190} INFO - [2024-10-07T14:51:22.097+0000] {dag.py:3239} INFO - Sync 1 DAGs
[2024-10-07T14:51:22.123+0000] {logging_mixin.py:190} INFO - [2024-10-07T14:51:22.123+0000] {dag.py:4180} INFO - Setting next_dagrun for example_sla_dag to 2024-10-07 14:48:00+00:00, run_after=2024-10-07 14:50:00+00:00
[2024-10-07T14:51:22.151+0000] {processor.py:208} INFO - Processing /home/airflow/.local/lib/python3.12/site-packages/airflow/example_dags/example_sla_dag.py took 0.099 seconds
[2024-10-07T14:51:52.462+0000] {processor.py:186} INFO - Started process (PID=1130) to work on /home/airflow/.local/lib/python3.12/site-packages/airflow/example_dags/example_sla_dag.py
[2024-10-07T14:51:52.466+0000] {processor.py:914} INFO - Processing file /home/airflow/.local/lib/python3.12/site-packages/airflow/example_dags/example_sla_dag.py for tasks to queue
[2024-10-07T14:51:52.472+0000] {logging_mixin.py:190} INFO - [2024-10-07T14:51:52.471+0000] {dagbag.py:588} INFO - Filling up the DagBag from /home/airflow/.local/lib/python3.12/site-packages/airflow/example_dags/example_sla_dag.py
[2024-10-07T14:51:52.487+0000] {processor.py:925} INFO - DAG(s) 'example_sla_dag' retrieved from /home/airflow/.local/lib/python3.12/site-packages/airflow/example_dags/example_sla_dag.py
[2024-10-07T14:51:52.509+0000] {logging_mixin.py:190} INFO - [2024-10-07T14:51:52.509+0000] {dag.py:3239} INFO - Sync 1 DAGs
[2024-10-07T14:51:52.538+0000] {logging_mixin.py:190} INFO - [2024-10-07T14:51:52.538+0000] {dag.py:4180} INFO - Setting next_dagrun for example_sla_dag to 2024-10-07 14:48:00+00:00, run_after=2024-10-07 14:50:00+00:00
[2024-10-07T14:51:52.561+0000] {processor.py:208} INFO - Processing /home/airflow/.local/lib/python3.12/site-packages/airflow/example_dags/example_sla_dag.py took 0.111 seconds
[2024-10-07T14:52:23.061+0000] {processor.py:186} INFO - Started process (PID=1192) to work on /home/airflow/.local/lib/python3.12/site-packages/airflow/example_dags/example_sla_dag.py
[2024-10-07T14:52:23.063+0000] {processor.py:914} INFO - Processing file /home/airflow/.local/lib/python3.12/site-packages/airflow/example_dags/example_sla_dag.py for tasks to queue
[2024-10-07T14:52:23.069+0000] {logging_mixin.py:190} INFO - [2024-10-07T14:52:23.069+0000] {dagbag.py:588} INFO - Filling up the DagBag from /home/airflow/.local/lib/python3.12/site-packages/airflow/example_dags/example_sla_dag.py
[2024-10-07T14:52:23.089+0000] {processor.py:925} INFO - DAG(s) 'example_sla_dag' retrieved from /home/airflow/.local/lib/python3.12/site-packages/airflow/example_dags/example_sla_dag.py
[2024-10-07T14:52:23.112+0000] {logging_mixin.py:190} INFO - [2024-10-07T14:52:23.112+0000] {dag.py:3239} INFO - Sync 1 DAGs
[2024-10-07T14:52:23.137+0000] {logging_mixin.py:190} INFO - [2024-10-07T14:52:23.137+0000] {dag.py:4180} INFO - Setting next_dagrun for example_sla_dag to 2024-10-07 14:50:00+00:00, run_after=2024-10-07 14:52:00+00:00
[2024-10-07T14:52:23.157+0000] {processor.py:208} INFO - Processing /home/airflow/.local/lib/python3.12/site-packages/airflow/example_dags/example_sla_dag.py took 0.107 seconds
[2024-10-07T14:52:53.610+0000] {processor.py:186} INFO - Started process (PID=1254) to work on /home/airflow/.local/lib/python3.12/site-packages/airflow/example_dags/example_sla_dag.py
[2024-10-07T14:52:53.612+0000] {processor.py:914} INFO - Processing file /home/airflow/.local/lib/python3.12/site-packages/airflow/example_dags/example_sla_dag.py for tasks to queue
[2024-10-07T14:52:53.615+0000] {logging_mixin.py:190} INFO - [2024-10-07T14:52:53.615+0000] {dagbag.py:588} INFO - Filling up the DagBag from /home/airflow/.local/lib/python3.12/site-packages/airflow/example_dags/example_sla_dag.py
[2024-10-07T14:52:53.625+0000] {processor.py:925} INFO - DAG(s) 'example_sla_dag' retrieved from /home/airflow/.local/lib/python3.12/site-packages/airflow/example_dags/example_sla_dag.py
[2024-10-07T14:52:53.646+0000] {logging_mixin.py:190} INFO - [2024-10-07T14:52:53.646+0000] {dag.py:3239} INFO - Sync 1 DAGs
[2024-10-07T14:52:53.671+0000] {logging_mixin.py:190} INFO - [2024-10-07T14:52:53.671+0000] {dag.py:4180} INFO - Setting next_dagrun for example_sla_dag to 2024-10-07 14:50:00+00:00, run_after=2024-10-07 14:52:00+00:00
[2024-10-07T14:52:53.690+0000] {processor.py:208} INFO - Processing /home/airflow/.local/lib/python3.12/site-packages/airflow/example_dags/example_sla_dag.py took 0.086 seconds
[2024-10-07T14:53:24.115+0000] {processor.py:186} INFO - Started process (PID=1317) to work on /home/airflow/.local/lib/python3.12/site-packages/airflow/example_dags/example_sla_dag.py
[2024-10-07T14:53:24.117+0000] {processor.py:914} INFO - Processing file /home/airflow/.local/lib/python3.12/site-packages/airflow/example_dags/example_sla_dag.py for tasks to queue
[2024-10-07T14:53:24.121+0000] {logging_mixin.py:190} INFO - [2024-10-07T14:53:24.121+0000] {dagbag.py:588} INFO - Filling up the DagBag from /home/airflow/.local/lib/python3.12/site-packages/airflow/example_dags/example_sla_dag.py
[2024-10-07T14:53:24.133+0000] {processor.py:925} INFO - DAG(s) 'example_sla_dag' retrieved from /home/airflow/.local/lib/python3.12/site-packages/airflow/example_dags/example_sla_dag.py
[2024-10-07T14:53:24.156+0000] {logging_mixin.py:190} INFO - [2024-10-07T14:53:24.155+0000] {dag.py:3239} INFO - Sync 1 DAGs
[2024-10-07T14:53:24.182+0000] {logging_mixin.py:190} INFO - [2024-10-07T14:53:24.182+0000] {dag.py:4180} INFO - Setting next_dagrun for example_sla_dag to 2024-10-07 14:50:00+00:00, run_after=2024-10-07 14:52:00+00:00
[2024-10-07T14:53:24.203+0000] {processor.py:208} INFO - Processing /home/airflow/.local/lib/python3.12/site-packages/airflow/example_dags/example_sla_dag.py took 0.097 seconds
