[2024-10-07T14:43:22.333+0000] {processor.py:186} INFO - Started process (PID=100) to work on /home/airflow/.local/lib/python3.12/site-packages/airflow/example_dags/example_xcomargs.py
[2024-10-07T14:43:22.335+0000] {processor.py:914} INFO - Processing file /home/airflow/.local/lib/python3.12/site-packages/airflow/example_dags/example_xcomargs.py for tasks to queue
[2024-10-07T14:43:22.338+0000] {logging_mixin.py:190} INFO - [2024-10-07T14:43:22.338+0000] {dagbag.py:588} INFO - Filling up the DagBag from /home/airflow/.local/lib/python3.12/site-packages/airflow/example_dags/example_xcomargs.py
[2024-10-07T14:43:22.354+0000] {processor.py:925} INFO - DAG(s) 'example_xcom_args_with_operators', 'example_xcom_args' retrieved from /home/airflow/.local/lib/python3.12/site-packages/airflow/example_dags/example_xcomargs.py
[2024-10-07T14:43:22.509+0000] {logging_mixin.py:190} INFO - [2024-10-07T14:43:22.508+0000] {override.py:1900} INFO - Created Permission View: can read on DAG:example_xcom_args_with_operators
[2024-10-07T14:43:22.529+0000] {logging_mixin.py:190} INFO - [2024-10-07T14:43:22.528+0000] {override.py:1900} INFO - Created Permission View: can delete on DAG:example_xcom_args_with_operators
[2024-10-07T14:43:22.541+0000] {logging_mixin.py:190} INFO - [2024-10-07T14:43:22.540+0000] {override.py:1900} INFO - Created Permission View: can edit on DAG:example_xcom_args_with_operators
[2024-10-07T14:43:22.553+0000] {logging_mixin.py:190} INFO - [2024-10-07T14:43:22.552+0000] {override.py:1900} INFO - Created Permission View: can read on DAG Run:example_xcom_args_with_operators
[2024-10-07T14:43:22.563+0000] {logging_mixin.py:190} INFO - [2024-10-07T14:43:22.563+0000] {override.py:1900} INFO - Created Permission View: can create on DAG Run:example_xcom_args_with_operators
[2024-10-07T14:43:22.573+0000] {logging_mixin.py:190} INFO - [2024-10-07T14:43:22.572+0000] {override.py:1900} INFO - Created Permission View: menu access on DAG Run:example_xcom_args_with_operators
[2024-10-07T14:43:22.582+0000] {logging_mixin.py:190} INFO - [2024-10-07T14:43:22.581+0000] {override.py:1900} INFO - Created Permission View: can delete on DAG Run:example_xcom_args_with_operators
[2024-10-07T14:43:22.599+0000] {logging_mixin.py:190} INFO - [2024-10-07T14:43:22.598+0000] {override.py:1900} INFO - Created Permission View: can read on DAG:example_xcom_args
[2024-10-07T14:43:22.608+0000] {logging_mixin.py:190} INFO - [2024-10-07T14:43:22.608+0000] {override.py:1900} INFO - Created Permission View: can delete on DAG:example_xcom_args
[2024-10-07T14:43:22.618+0000] {logging_mixin.py:190} INFO - [2024-10-07T14:43:22.617+0000] {override.py:1900} INFO - Created Permission View: can edit on DAG:example_xcom_args
[2024-10-07T14:43:22.628+0000] {logging_mixin.py:190} INFO - [2024-10-07T14:43:22.628+0000] {override.py:1900} INFO - Created Permission View: can read on DAG Run:example_xcom_args
[2024-10-07T14:43:22.637+0000] {logging_mixin.py:190} INFO - [2024-10-07T14:43:22.637+0000] {override.py:1900} INFO - Created Permission View: can create on DAG Run:example_xcom_args
[2024-10-07T14:43:22.646+0000] {logging_mixin.py:190} INFO - [2024-10-07T14:43:22.646+0000] {override.py:1900} INFO - Created Permission View: menu access on DAG Run:example_xcom_args
[2024-10-07T14:43:22.657+0000] {logging_mixin.py:190} INFO - [2024-10-07T14:43:22.657+0000] {override.py:1900} INFO - Created Permission View: can delete on DAG Run:example_xcom_args
[2024-10-07T14:43:22.658+0000] {logging_mixin.py:190} INFO - [2024-10-07T14:43:22.658+0000] {dag.py:3239} INFO - Sync 2 DAGs
[2024-10-07T14:43:22.683+0000] {logging_mixin.py:190} INFO - [2024-10-07T14:43:22.682+0000] {dag.py:3262} INFO - Creating ORM DAG for example_xcom_args
[2024-10-07T14:43:22.684+0000] {logging_mixin.py:190} INFO - [2024-10-07T14:43:22.684+0000] {dag.py:3262} INFO - Creating ORM DAG for example_xcom_args_with_operators
[2024-10-07T14:43:22.686+0000] {logging_mixin.py:190} INFO - [2024-10-07T14:43:22.686+0000] {dag.py:4180} INFO - Setting next_dagrun for example_xcom_args to None, run_after=None
[2024-10-07T14:43:22.688+0000] {logging_mixin.py:190} INFO - [2024-10-07T14:43:22.688+0000] {dag.py:4180} INFO - Setting next_dagrun for example_xcom_args_with_operators to None, run_after=None
[2024-10-07T14:43:22.710+0000] {processor.py:208} INFO - Processing /home/airflow/.local/lib/python3.12/site-packages/airflow/example_dags/example_xcomargs.py took 0.383 seconds
[2024-10-07T14:43:52.849+0000] {processor.py:186} INFO - Started process (PID=162) to work on /home/airflow/.local/lib/python3.12/site-packages/airflow/example_dags/example_xcomargs.py
[2024-10-07T14:43:52.850+0000] {processor.py:914} INFO - Processing file /home/airflow/.local/lib/python3.12/site-packages/airflow/example_dags/example_xcomargs.py for tasks to queue
[2024-10-07T14:43:52.855+0000] {logging_mixin.py:190} INFO - [2024-10-07T14:43:52.855+0000] {dagbag.py:588} INFO - Filling up the DagBag from /home/airflow/.local/lib/python3.12/site-packages/airflow/example_dags/example_xcomargs.py
[2024-10-07T14:43:52.871+0000] {processor.py:925} INFO - DAG(s) 'example_xcom_args_with_operators', 'example_xcom_args' retrieved from /home/airflow/.local/lib/python3.12/site-packages/airflow/example_dags/example_xcomargs.py
[2024-10-07T14:43:52.908+0000] {logging_mixin.py:190} INFO - [2024-10-07T14:43:52.908+0000] {dag.py:3239} INFO - Sync 2 DAGs
[2024-10-07T14:43:52.926+0000] {logging_mixin.py:190} INFO - [2024-10-07T14:43:52.925+0000] {dag.py:4180} INFO - Setting next_dagrun for example_xcom_args to None, run_after=None
[2024-10-07T14:43:52.932+0000] {logging_mixin.py:190} INFO - [2024-10-07T14:43:52.932+0000] {dag.py:4180} INFO - Setting next_dagrun for example_xcom_args_with_operators to None, run_after=None
[2024-10-07T14:43:52.951+0000] {processor.py:208} INFO - Processing /home/airflow/.local/lib/python3.12/site-packages/airflow/example_dags/example_xcomargs.py took 0.110 seconds
[2024-10-07T14:44:23.456+0000] {processor.py:186} INFO - Started process (PID=224) to work on /home/airflow/.local/lib/python3.12/site-packages/airflow/example_dags/example_xcomargs.py
[2024-10-07T14:44:23.458+0000] {processor.py:914} INFO - Processing file /home/airflow/.local/lib/python3.12/site-packages/airflow/example_dags/example_xcomargs.py for tasks to queue
[2024-10-07T14:44:23.461+0000] {logging_mixin.py:190} INFO - [2024-10-07T14:44:23.461+0000] {dagbag.py:588} INFO - Filling up the DagBag from /home/airflow/.local/lib/python3.12/site-packages/airflow/example_dags/example_xcomargs.py
[2024-10-07T14:44:23.473+0000] {processor.py:925} INFO - DAG(s) 'example_xcom_args', 'example_xcom_args_with_operators' retrieved from /home/airflow/.local/lib/python3.12/site-packages/airflow/example_dags/example_xcomargs.py
[2024-10-07T14:44:23.499+0000] {logging_mixin.py:190} INFO - [2024-10-07T14:44:23.498+0000] {dag.py:3239} INFO - Sync 2 DAGs
[2024-10-07T14:44:23.514+0000] {logging_mixin.py:190} INFO - [2024-10-07T14:44:23.514+0000] {dag.py:4180} INFO - Setting next_dagrun for example_xcom_args to None, run_after=None
[2024-10-07T14:44:23.519+0000] {logging_mixin.py:190} INFO - [2024-10-07T14:44:23.519+0000] {dag.py:4180} INFO - Setting next_dagrun for example_xcom_args_with_operators to None, run_after=None
[2024-10-07T14:44:23.538+0000] {processor.py:208} INFO - Processing /home/airflow/.local/lib/python3.12/site-packages/airflow/example_dags/example_xcomargs.py took 0.088 seconds
[2024-10-07T14:44:54.324+0000] {processor.py:186} INFO - Started process (PID=286) to work on /home/airflow/.local/lib/python3.12/site-packages/airflow/example_dags/example_xcomargs.py
[2024-10-07T14:44:54.325+0000] {processor.py:914} INFO - Processing file /home/airflow/.local/lib/python3.12/site-packages/airflow/example_dags/example_xcomargs.py for tasks to queue
[2024-10-07T14:44:54.328+0000] {logging_mixin.py:190} INFO - [2024-10-07T14:44:54.328+0000] {dagbag.py:588} INFO - Filling up the DagBag from /home/airflow/.local/lib/python3.12/site-packages/airflow/example_dags/example_xcomargs.py
[2024-10-07T14:44:54.339+0000] {processor.py:925} INFO - DAG(s) 'example_xcom_args_with_operators', 'example_xcom_args' retrieved from /home/airflow/.local/lib/python3.12/site-packages/airflow/example_dags/example_xcomargs.py
[2024-10-07T14:44:54.364+0000] {logging_mixin.py:190} INFO - [2024-10-07T14:44:54.364+0000] {dag.py:3239} INFO - Sync 2 DAGs
[2024-10-07T14:44:54.379+0000] {logging_mixin.py:190} INFO - [2024-10-07T14:44:54.379+0000] {dag.py:4180} INFO - Setting next_dagrun for example_xcom_args to None, run_after=None
[2024-10-07T14:44:54.383+0000] {logging_mixin.py:190} INFO - [2024-10-07T14:44:54.383+0000] {dag.py:4180} INFO - Setting next_dagrun for example_xcom_args_with_operators to None, run_after=None
[2024-10-07T14:44:54.401+0000] {processor.py:208} INFO - Processing /home/airflow/.local/lib/python3.12/site-packages/airflow/example_dags/example_xcomargs.py took 0.083 seconds
[2024-10-07T14:45:25.169+0000] {processor.py:186} INFO - Started process (PID=347) to work on /home/airflow/.local/lib/python3.12/site-packages/airflow/example_dags/example_xcomargs.py
[2024-10-07T14:45:25.171+0000] {processor.py:914} INFO - Processing file /home/airflow/.local/lib/python3.12/site-packages/airflow/example_dags/example_xcomargs.py for tasks to queue
[2024-10-07T14:45:25.174+0000] {logging_mixin.py:190} INFO - [2024-10-07T14:45:25.173+0000] {dagbag.py:588} INFO - Filling up the DagBag from /home/airflow/.local/lib/python3.12/site-packages/airflow/example_dags/example_xcomargs.py
[2024-10-07T14:45:25.185+0000] {processor.py:925} INFO - DAG(s) 'example_xcom_args_with_operators', 'example_xcom_args' retrieved from /home/airflow/.local/lib/python3.12/site-packages/airflow/example_dags/example_xcomargs.py
[2024-10-07T14:45:25.210+0000] {logging_mixin.py:190} INFO - [2024-10-07T14:45:25.210+0000] {dag.py:3239} INFO - Sync 2 DAGs
[2024-10-07T14:45:25.226+0000] {logging_mixin.py:190} INFO - [2024-10-07T14:45:25.226+0000] {dag.py:4180} INFO - Setting next_dagrun for example_xcom_args to None, run_after=None
[2024-10-07T14:45:25.237+0000] {logging_mixin.py:190} INFO - [2024-10-07T14:45:25.237+0000] {dag.py:4180} INFO - Setting next_dagrun for example_xcom_args_with_operators to None, run_after=None
[2024-10-07T14:45:25.256+0000] {processor.py:208} INFO - Processing /home/airflow/.local/lib/python3.12/site-packages/airflow/example_dags/example_xcomargs.py took 0.095 seconds
[2024-10-07T14:45:56.173+0000] {processor.py:186} INFO - Started process (PID=410) to work on /home/airflow/.local/lib/python3.12/site-packages/airflow/example_dags/example_xcomargs.py
[2024-10-07T14:45:56.175+0000] {processor.py:914} INFO - Processing file /home/airflow/.local/lib/python3.12/site-packages/airflow/example_dags/example_xcomargs.py for tasks to queue
[2024-10-07T14:45:56.179+0000] {logging_mixin.py:190} INFO - [2024-10-07T14:45:56.179+0000] {dagbag.py:588} INFO - Filling up the DagBag from /home/airflow/.local/lib/python3.12/site-packages/airflow/example_dags/example_xcomargs.py
[2024-10-07T14:45:56.198+0000] {processor.py:925} INFO - DAG(s) 'example_xcom_args', 'example_xcom_args_with_operators' retrieved from /home/airflow/.local/lib/python3.12/site-packages/airflow/example_dags/example_xcomargs.py
[2024-10-07T14:45:56.246+0000] {logging_mixin.py:190} INFO - [2024-10-07T14:45:56.245+0000] {dag.py:3239} INFO - Sync 2 DAGs
[2024-10-07T14:45:56.276+0000] {logging_mixin.py:190} INFO - [2024-10-07T14:45:56.275+0000] {dag.py:4180} INFO - Setting next_dagrun for example_xcom_args to None, run_after=None
[2024-10-07T14:45:56.285+0000] {logging_mixin.py:190} INFO - [2024-10-07T14:45:56.284+0000] {dag.py:4180} INFO - Setting next_dagrun for example_xcom_args_with_operators to None, run_after=None
[2024-10-07T14:45:56.322+0000] {processor.py:208} INFO - Processing /home/airflow/.local/lib/python3.12/site-packages/airflow/example_dags/example_xcomargs.py took 0.163 seconds
[2024-10-07T14:46:27.305+0000] {processor.py:186} INFO - Started process (PID=472) to work on /home/airflow/.local/lib/python3.12/site-packages/airflow/example_dags/example_xcomargs.py
[2024-10-07T14:46:27.308+0000] {processor.py:914} INFO - Processing file /home/airflow/.local/lib/python3.12/site-packages/airflow/example_dags/example_xcomargs.py for tasks to queue
[2024-10-07T14:46:27.315+0000] {logging_mixin.py:190} INFO - [2024-10-07T14:46:27.314+0000] {dagbag.py:588} INFO - Filling up the DagBag from /home/airflow/.local/lib/python3.12/site-packages/airflow/example_dags/example_xcomargs.py
[2024-10-07T14:46:27.344+0000] {processor.py:925} INFO - DAG(s) 'example_xcom_args_with_operators', 'example_xcom_args' retrieved from /home/airflow/.local/lib/python3.12/site-packages/airflow/example_dags/example_xcomargs.py
[2024-10-07T14:46:27.407+0000] {logging_mixin.py:190} INFO - [2024-10-07T14:46:27.407+0000] {dag.py:3239} INFO - Sync 2 DAGs
[2024-10-07T14:46:27.443+0000] {logging_mixin.py:190} INFO - [2024-10-07T14:46:27.443+0000] {dag.py:4180} INFO - Setting next_dagrun for example_xcom_args to None, run_after=None
[2024-10-07T14:46:27.454+0000] {logging_mixin.py:190} INFO - [2024-10-07T14:46:27.453+0000] {dag.py:4180} INFO - Setting next_dagrun for example_xcom_args_with_operators to None, run_after=None
[2024-10-07T14:46:27.494+0000] {processor.py:208} INFO - Processing /home/airflow/.local/lib/python3.12/site-packages/airflow/example_dags/example_xcomargs.py took 0.202 seconds
[2024-10-07T14:46:57.655+0000] {processor.py:186} INFO - Started process (PID=534) to work on /home/airflow/.local/lib/python3.12/site-packages/airflow/example_dags/example_xcomargs.py
[2024-10-07T14:46:57.657+0000] {processor.py:914} INFO - Processing file /home/airflow/.local/lib/python3.12/site-packages/airflow/example_dags/example_xcomargs.py for tasks to queue
[2024-10-07T14:46:57.660+0000] {logging_mixin.py:190} INFO - [2024-10-07T14:46:57.660+0000] {dagbag.py:588} INFO - Filling up the DagBag from /home/airflow/.local/lib/python3.12/site-packages/airflow/example_dags/example_xcomargs.py
[2024-10-07T14:46:57.673+0000] {processor.py:925} INFO - DAG(s) 'example_xcom_args_with_operators', 'example_xcom_args' retrieved from /home/airflow/.local/lib/python3.12/site-packages/airflow/example_dags/example_xcomargs.py
[2024-10-07T14:46:57.699+0000] {logging_mixin.py:190} INFO - [2024-10-07T14:46:57.699+0000] {dag.py:3239} INFO - Sync 2 DAGs
[2024-10-07T14:46:57.714+0000] {logging_mixin.py:190} INFO - [2024-10-07T14:46:57.714+0000] {dag.py:4180} INFO - Setting next_dagrun for example_xcom_args to None, run_after=None
[2024-10-07T14:46:57.719+0000] {logging_mixin.py:190} INFO - [2024-10-07T14:46:57.719+0000] {dag.py:4180} INFO - Setting next_dagrun for example_xcom_args_with_operators to None, run_after=None
[2024-10-07T14:46:57.737+0000] {processor.py:208} INFO - Processing /home/airflow/.local/lib/python3.12/site-packages/airflow/example_dags/example_xcomargs.py took 0.089 seconds
[2024-10-07T14:47:28.074+0000] {processor.py:186} INFO - Started process (PID=596) to work on /home/airflow/.local/lib/python3.12/site-packages/airflow/example_dags/example_xcomargs.py
[2024-10-07T14:47:28.076+0000] {processor.py:914} INFO - Processing file /home/airflow/.local/lib/python3.12/site-packages/airflow/example_dags/example_xcomargs.py for tasks to queue
[2024-10-07T14:47:28.079+0000] {logging_mixin.py:190} INFO - [2024-10-07T14:47:28.078+0000] {dagbag.py:588} INFO - Filling up the DagBag from /home/airflow/.local/lib/python3.12/site-packages/airflow/example_dags/example_xcomargs.py
[2024-10-07T14:47:28.089+0000] {processor.py:925} INFO - DAG(s) 'example_xcom_args', 'example_xcom_args_with_operators' retrieved from /home/airflow/.local/lib/python3.12/site-packages/airflow/example_dags/example_xcomargs.py
[2024-10-07T14:47:28.112+0000] {logging_mixin.py:190} INFO - [2024-10-07T14:47:28.112+0000] {dag.py:3239} INFO - Sync 2 DAGs
[2024-10-07T14:47:28.127+0000] {logging_mixin.py:190} INFO - [2024-10-07T14:47:28.127+0000] {dag.py:4180} INFO - Setting next_dagrun for example_xcom_args to None, run_after=None
[2024-10-07T14:47:28.133+0000] {logging_mixin.py:190} INFO - [2024-10-07T14:47:28.132+0000] {dag.py:4180} INFO - Setting next_dagrun for example_xcom_args_with_operators to None, run_after=None
[2024-10-07T14:47:28.153+0000] {processor.py:208} INFO - Processing /home/airflow/.local/lib/python3.12/site-packages/airflow/example_dags/example_xcomargs.py took 0.085 seconds
[2024-10-07T14:47:58.321+0000] {processor.py:186} INFO - Started process (PID=658) to work on /home/airflow/.local/lib/python3.12/site-packages/airflow/example_dags/example_xcomargs.py
[2024-10-07T14:47:58.323+0000] {processor.py:914} INFO - Processing file /home/airflow/.local/lib/python3.12/site-packages/airflow/example_dags/example_xcomargs.py for tasks to queue
[2024-10-07T14:47:58.326+0000] {logging_mixin.py:190} INFO - [2024-10-07T14:47:58.326+0000] {dagbag.py:588} INFO - Filling up the DagBag from /home/airflow/.local/lib/python3.12/site-packages/airflow/example_dags/example_xcomargs.py
[2024-10-07T14:47:58.337+0000] {processor.py:925} INFO - DAG(s) 'example_xcom_args_with_operators', 'example_xcom_args' retrieved from /home/airflow/.local/lib/python3.12/site-packages/airflow/example_dags/example_xcomargs.py
[2024-10-07T14:47:58.388+0000] {logging_mixin.py:190} INFO - [2024-10-07T14:47:58.388+0000] {dag.py:3239} INFO - Sync 2 DAGs
[2024-10-07T14:47:58.403+0000] {logging_mixin.py:190} INFO - [2024-10-07T14:47:58.403+0000] {dag.py:4180} INFO - Setting next_dagrun for example_xcom_args to None, run_after=None
[2024-10-07T14:47:58.407+0000] {logging_mixin.py:190} INFO - [2024-10-07T14:47:58.407+0000] {dag.py:4180} INFO - Setting next_dagrun for example_xcom_args_with_operators to None, run_after=None
[2024-10-07T14:47:58.426+0000] {processor.py:208} INFO - Processing /home/airflow/.local/lib/python3.12/site-packages/airflow/example_dags/example_xcomargs.py took 0.110 seconds
[2024-10-07T14:48:29.736+0000] {processor.py:186} INFO - Started process (PID=720) to work on /home/airflow/.local/lib/python3.12/site-packages/airflow/example_dags/example_xcomargs.py
[2024-10-07T14:48:29.738+0000] {processor.py:914} INFO - Processing file /home/airflow/.local/lib/python3.12/site-packages/airflow/example_dags/example_xcomargs.py for tasks to queue
[2024-10-07T14:48:29.742+0000] {logging_mixin.py:190} INFO - [2024-10-07T14:48:29.741+0000] {dagbag.py:588} INFO - Filling up the DagBag from /home/airflow/.local/lib/python3.12/site-packages/airflow/example_dags/example_xcomargs.py
[2024-10-07T14:48:29.755+0000] {processor.py:925} INFO - DAG(s) 'example_xcom_args', 'example_xcom_args_with_operators' retrieved from /home/airflow/.local/lib/python3.12/site-packages/airflow/example_dags/example_xcomargs.py
[2024-10-07T14:48:29.780+0000] {logging_mixin.py:190} INFO - [2024-10-07T14:48:29.780+0000] {dag.py:3239} INFO - Sync 2 DAGs
[2024-10-07T14:48:29.794+0000] {logging_mixin.py:190} INFO - [2024-10-07T14:48:29.794+0000] {dag.py:4180} INFO - Setting next_dagrun for example_xcom_args to None, run_after=None
[2024-10-07T14:48:29.798+0000] {logging_mixin.py:190} INFO - [2024-10-07T14:48:29.798+0000] {dag.py:4180} INFO - Setting next_dagrun for example_xcom_args_with_operators to None, run_after=None
[2024-10-07T14:48:29.815+0000] {processor.py:208} INFO - Processing /home/airflow/.local/lib/python3.12/site-packages/airflow/example_dags/example_xcomargs.py took 0.088 seconds
[2024-10-07T14:49:00.231+0000] {processor.py:186} INFO - Started process (PID=782) to work on /home/airflow/.local/lib/python3.12/site-packages/airflow/example_dags/example_xcomargs.py
[2024-10-07T14:49:00.233+0000] {processor.py:914} INFO - Processing file /home/airflow/.local/lib/python3.12/site-packages/airflow/example_dags/example_xcomargs.py for tasks to queue
[2024-10-07T14:49:00.236+0000] {logging_mixin.py:190} INFO - [2024-10-07T14:49:00.236+0000] {dagbag.py:588} INFO - Filling up the DagBag from /home/airflow/.local/lib/python3.12/site-packages/airflow/example_dags/example_xcomargs.py
[2024-10-07T14:49:00.249+0000] {processor.py:925} INFO - DAG(s) 'example_xcom_args_with_operators', 'example_xcom_args' retrieved from /home/airflow/.local/lib/python3.12/site-packages/airflow/example_dags/example_xcomargs.py
[2024-10-07T14:49:00.275+0000] {logging_mixin.py:190} INFO - [2024-10-07T14:49:00.275+0000] {dag.py:3239} INFO - Sync 2 DAGs
[2024-10-07T14:49:00.290+0000] {logging_mixin.py:190} INFO - [2024-10-07T14:49:00.289+0000] {dag.py:4180} INFO - Setting next_dagrun for example_xcom_args to None, run_after=None
[2024-10-07T14:49:00.295+0000] {logging_mixin.py:190} INFO - [2024-10-07T14:49:00.295+0000] {dag.py:4180} INFO - Setting next_dagrun for example_xcom_args_with_operators to None, run_after=None
[2024-10-07T14:49:00.314+0000] {processor.py:208} INFO - Processing /home/airflow/.local/lib/python3.12/site-packages/airflow/example_dags/example_xcomargs.py took 0.090 seconds
[2024-10-07T14:49:30.709+0000] {processor.py:186} INFO - Started process (PID=844) to work on /home/airflow/.local/lib/python3.12/site-packages/airflow/example_dags/example_xcomargs.py
[2024-10-07T14:49:30.711+0000] {processor.py:914} INFO - Processing file /home/airflow/.local/lib/python3.12/site-packages/airflow/example_dags/example_xcomargs.py for tasks to queue
[2024-10-07T14:49:30.715+0000] {logging_mixin.py:190} INFO - [2024-10-07T14:49:30.714+0000] {dagbag.py:588} INFO - Filling up the DagBag from /home/airflow/.local/lib/python3.12/site-packages/airflow/example_dags/example_xcomargs.py
[2024-10-07T14:49:30.725+0000] {processor.py:925} INFO - DAG(s) 'example_xcom_args', 'example_xcom_args_with_operators' retrieved from /home/airflow/.local/lib/python3.12/site-packages/airflow/example_dags/example_xcomargs.py
[2024-10-07T14:49:30.751+0000] {logging_mixin.py:190} INFO - [2024-10-07T14:49:30.750+0000] {dag.py:3239} INFO - Sync 2 DAGs
[2024-10-07T14:49:30.765+0000] {logging_mixin.py:190} INFO - [2024-10-07T14:49:30.765+0000] {dag.py:4180} INFO - Setting next_dagrun for example_xcom_args to None, run_after=None
[2024-10-07T14:49:30.770+0000] {logging_mixin.py:190} INFO - [2024-10-07T14:49:30.770+0000] {dag.py:4180} INFO - Setting next_dagrun for example_xcom_args_with_operators to None, run_after=None
[2024-10-07T14:49:30.789+0000] {processor.py:208} INFO - Processing /home/airflow/.local/lib/python3.12/site-packages/airflow/example_dags/example_xcomargs.py took 0.086 seconds
[2024-10-07T14:50:01.286+0000] {processor.py:186} INFO - Started process (PID=906) to work on /home/airflow/.local/lib/python3.12/site-packages/airflow/example_dags/example_xcomargs.py
[2024-10-07T14:50:01.288+0000] {processor.py:914} INFO - Processing file /home/airflow/.local/lib/python3.12/site-packages/airflow/example_dags/example_xcomargs.py for tasks to queue
[2024-10-07T14:50:01.291+0000] {logging_mixin.py:190} INFO - [2024-10-07T14:50:01.290+0000] {dagbag.py:588} INFO - Filling up the DagBag from /home/airflow/.local/lib/python3.12/site-packages/airflow/example_dags/example_xcomargs.py
[2024-10-07T14:50:01.302+0000] {processor.py:925} INFO - DAG(s) 'example_xcom_args', 'example_xcom_args_with_operators' retrieved from /home/airflow/.local/lib/python3.12/site-packages/airflow/example_dags/example_xcomargs.py
[2024-10-07T14:50:01.330+0000] {logging_mixin.py:190} INFO - [2024-10-07T14:50:01.330+0000] {dag.py:3239} INFO - Sync 2 DAGs
[2024-10-07T14:50:01.347+0000] {logging_mixin.py:190} INFO - [2024-10-07T14:50:01.347+0000] {dag.py:4180} INFO - Setting next_dagrun for example_xcom_args to None, run_after=None
[2024-10-07T14:50:01.352+0000] {logging_mixin.py:190} INFO - [2024-10-07T14:50:01.352+0000] {dag.py:4180} INFO - Setting next_dagrun for example_xcom_args_with_operators to None, run_after=None
[2024-10-07T14:50:01.370+0000] {processor.py:208} INFO - Processing /home/airflow/.local/lib/python3.12/site-packages/airflow/example_dags/example_xcomargs.py took 0.091 seconds
[2024-10-07T14:50:31.720+0000] {processor.py:186} INFO - Started process (PID=968) to work on /home/airflow/.local/lib/python3.12/site-packages/airflow/example_dags/example_xcomargs.py
[2024-10-07T14:50:31.722+0000] {processor.py:914} INFO - Processing file /home/airflow/.local/lib/python3.12/site-packages/airflow/example_dags/example_xcomargs.py for tasks to queue
[2024-10-07T14:50:31.725+0000] {logging_mixin.py:190} INFO - [2024-10-07T14:50:31.725+0000] {dagbag.py:588} INFO - Filling up the DagBag from /home/airflow/.local/lib/python3.12/site-packages/airflow/example_dags/example_xcomargs.py
[2024-10-07T14:50:31.736+0000] {processor.py:925} INFO - DAG(s) 'example_xcom_args', 'example_xcom_args_with_operators' retrieved from /home/airflow/.local/lib/python3.12/site-packages/airflow/example_dags/example_xcomargs.py
[2024-10-07T14:50:31.765+0000] {logging_mixin.py:190} INFO - [2024-10-07T14:50:31.765+0000] {dag.py:3239} INFO - Sync 2 DAGs
[2024-10-07T14:50:31.800+0000] {logging_mixin.py:190} INFO - [2024-10-07T14:50:31.799+0000] {dag.py:4180} INFO - Setting next_dagrun for example_xcom_args to None, run_after=None
[2024-10-07T14:50:31.806+0000] {logging_mixin.py:190} INFO - [2024-10-07T14:50:31.806+0000] {dag.py:4180} INFO - Setting next_dagrun for example_xcom_args_with_operators to None, run_after=None
[2024-10-07T14:50:31.832+0000] {processor.py:208} INFO - Processing /home/airflow/.local/lib/python3.12/site-packages/airflow/example_dags/example_xcomargs.py took 0.117 seconds
[2024-10-07T14:51:02.037+0000] {processor.py:186} INFO - Started process (PID=1030) to work on /home/airflow/.local/lib/python3.12/site-packages/airflow/example_dags/example_xcomargs.py
[2024-10-07T14:51:02.039+0000] {processor.py:914} INFO - Processing file /home/airflow/.local/lib/python3.12/site-packages/airflow/example_dags/example_xcomargs.py for tasks to queue
[2024-10-07T14:51:02.042+0000] {logging_mixin.py:190} INFO - [2024-10-07T14:51:02.042+0000] {dagbag.py:588} INFO - Filling up the DagBag from /home/airflow/.local/lib/python3.12/site-packages/airflow/example_dags/example_xcomargs.py
[2024-10-07T14:51:02.052+0000] {processor.py:925} INFO - DAG(s) 'example_xcom_args', 'example_xcom_args_with_operators' retrieved from /home/airflow/.local/lib/python3.12/site-packages/airflow/example_dags/example_xcomargs.py
[2024-10-07T14:51:02.075+0000] {logging_mixin.py:190} INFO - [2024-10-07T14:51:02.074+0000] {dag.py:3239} INFO - Sync 2 DAGs
[2024-10-07T14:51:02.090+0000] {logging_mixin.py:190} INFO - [2024-10-07T14:51:02.090+0000] {dag.py:4180} INFO - Setting next_dagrun for example_xcom_args to None, run_after=None
[2024-10-07T14:51:02.096+0000] {logging_mixin.py:190} INFO - [2024-10-07T14:51:02.096+0000] {dag.py:4180} INFO - Setting next_dagrun for example_xcom_args_with_operators to None, run_after=None
[2024-10-07T14:51:02.128+0000] {processor.py:208} INFO - Processing /home/airflow/.local/lib/python3.12/site-packages/airflow/example_dags/example_xcomargs.py took 0.097 seconds
[2024-10-07T14:51:32.493+0000] {processor.py:186} INFO - Started process (PID=1092) to work on /home/airflow/.local/lib/python3.12/site-packages/airflow/example_dags/example_xcomargs.py
[2024-10-07T14:51:32.495+0000] {processor.py:914} INFO - Processing file /home/airflow/.local/lib/python3.12/site-packages/airflow/example_dags/example_xcomargs.py for tasks to queue
[2024-10-07T14:51:32.498+0000] {logging_mixin.py:190} INFO - [2024-10-07T14:51:32.498+0000] {dagbag.py:588} INFO - Filling up the DagBag from /home/airflow/.local/lib/python3.12/site-packages/airflow/example_dags/example_xcomargs.py
[2024-10-07T14:51:32.512+0000] {processor.py:925} INFO - DAG(s) 'example_xcom_args', 'example_xcom_args_with_operators' retrieved from /home/airflow/.local/lib/python3.12/site-packages/airflow/example_dags/example_xcomargs.py
[2024-10-07T14:51:32.541+0000] {logging_mixin.py:190} INFO - [2024-10-07T14:51:32.540+0000] {dag.py:3239} INFO - Sync 2 DAGs
[2024-10-07T14:51:32.557+0000] {logging_mixin.py:190} INFO - [2024-10-07T14:51:32.557+0000] {dag.py:4180} INFO - Setting next_dagrun for example_xcom_args to None, run_after=None
[2024-10-07T14:51:32.564+0000] {logging_mixin.py:190} INFO - [2024-10-07T14:51:32.563+0000] {dag.py:4180} INFO - Setting next_dagrun for example_xcom_args_with_operators to None, run_after=None
[2024-10-07T14:51:32.586+0000] {processor.py:208} INFO - Processing /home/airflow/.local/lib/python3.12/site-packages/airflow/example_dags/example_xcomargs.py took 0.100 seconds
[2024-10-07T14:52:03.424+0000] {processor.py:186} INFO - Started process (PID=1154) to work on /home/airflow/.local/lib/python3.12/site-packages/airflow/example_dags/example_xcomargs.py
[2024-10-07T14:52:03.426+0000] {processor.py:914} INFO - Processing file /home/airflow/.local/lib/python3.12/site-packages/airflow/example_dags/example_xcomargs.py for tasks to queue
[2024-10-07T14:52:03.430+0000] {logging_mixin.py:190} INFO - [2024-10-07T14:52:03.429+0000] {dagbag.py:588} INFO - Filling up the DagBag from /home/airflow/.local/lib/python3.12/site-packages/airflow/example_dags/example_xcomargs.py
[2024-10-07T14:52:03.441+0000] {processor.py:925} INFO - DAG(s) 'example_xcom_args', 'example_xcom_args_with_operators' retrieved from /home/airflow/.local/lib/python3.12/site-packages/airflow/example_dags/example_xcomargs.py
[2024-10-07T14:52:03.467+0000] {logging_mixin.py:190} INFO - [2024-10-07T14:52:03.466+0000] {dag.py:3239} INFO - Sync 2 DAGs
[2024-10-07T14:52:03.482+0000] {logging_mixin.py:190} INFO - [2024-10-07T14:52:03.482+0000] {dag.py:4180} INFO - Setting next_dagrun for example_xcom_args to None, run_after=None
[2024-10-07T14:52:03.487+0000] {logging_mixin.py:190} INFO - [2024-10-07T14:52:03.487+0000] {dag.py:4180} INFO - Setting next_dagrun for example_xcom_args_with_operators to None, run_after=None
[2024-10-07T14:52:03.506+0000] {processor.py:208} INFO - Processing /home/airflow/.local/lib/python3.12/site-packages/airflow/example_dags/example_xcomargs.py took 0.088 seconds
[2024-10-07T14:52:34.067+0000] {processor.py:186} INFO - Started process (PID=1216) to work on /home/airflow/.local/lib/python3.12/site-packages/airflow/example_dags/example_xcomargs.py
[2024-10-07T14:52:34.069+0000] {processor.py:914} INFO - Processing file /home/airflow/.local/lib/python3.12/site-packages/airflow/example_dags/example_xcomargs.py for tasks to queue
[2024-10-07T14:52:34.071+0000] {logging_mixin.py:190} INFO - [2024-10-07T14:52:34.071+0000] {dagbag.py:588} INFO - Filling up the DagBag from /home/airflow/.local/lib/python3.12/site-packages/airflow/example_dags/example_xcomargs.py
[2024-10-07T14:52:34.082+0000] {processor.py:925} INFO - DAG(s) 'example_xcom_args_with_operators', 'example_xcom_args' retrieved from /home/airflow/.local/lib/python3.12/site-packages/airflow/example_dags/example_xcomargs.py
[2024-10-07T14:52:34.105+0000] {logging_mixin.py:190} INFO - [2024-10-07T14:52:34.105+0000] {dag.py:3239} INFO - Sync 2 DAGs
[2024-10-07T14:52:34.122+0000] {logging_mixin.py:190} INFO - [2024-10-07T14:52:34.122+0000] {dag.py:4180} INFO - Setting next_dagrun for example_xcom_args to None, run_after=None
[2024-10-07T14:52:34.127+0000] {logging_mixin.py:190} INFO - [2024-10-07T14:52:34.126+0000] {dag.py:4180} INFO - Setting next_dagrun for example_xcom_args_with_operators to None, run_after=None
[2024-10-07T14:52:34.143+0000] {processor.py:208} INFO - Processing /home/airflow/.local/lib/python3.12/site-packages/airflow/example_dags/example_xcomargs.py took 0.082 seconds
[2024-10-07T14:53:04.664+0000] {processor.py:186} INFO - Started process (PID=1278) to work on /home/airflow/.local/lib/python3.12/site-packages/airflow/example_dags/example_xcomargs.py
[2024-10-07T14:53:04.665+0000] {processor.py:914} INFO - Processing file /home/airflow/.local/lib/python3.12/site-packages/airflow/example_dags/example_xcomargs.py for tasks to queue
[2024-10-07T14:53:04.669+0000] {logging_mixin.py:190} INFO - [2024-10-07T14:53:04.669+0000] {dagbag.py:588} INFO - Filling up the DagBag from /home/airflow/.local/lib/python3.12/site-packages/airflow/example_dags/example_xcomargs.py
[2024-10-07T14:53:04.680+0000] {processor.py:925} INFO - DAG(s) 'example_xcom_args', 'example_xcom_args_with_operators' retrieved from /home/airflow/.local/lib/python3.12/site-packages/airflow/example_dags/example_xcomargs.py
[2024-10-07T14:53:04.771+0000] {logging_mixin.py:190} INFO - [2024-10-07T14:53:04.771+0000] {dag.py:3239} INFO - Sync 2 DAGs
[2024-10-07T14:53:04.790+0000] {logging_mixin.py:190} INFO - [2024-10-07T14:53:04.790+0000] {dag.py:4180} INFO - Setting next_dagrun for example_xcom_args to None, run_after=None
[2024-10-07T14:53:04.795+0000] {logging_mixin.py:190} INFO - [2024-10-07T14:53:04.795+0000] {dag.py:4180} INFO - Setting next_dagrun for example_xcom_args_with_operators to None, run_after=None
[2024-10-07T14:53:04.817+0000] {processor.py:208} INFO - Processing /home/airflow/.local/lib/python3.12/site-packages/airflow/example_dags/example_xcomargs.py took 0.164 seconds
[2024-10-07T14:53:35.204+0000] {processor.py:186} INFO - Started process (PID=1341) to work on /home/airflow/.local/lib/python3.12/site-packages/airflow/example_dags/example_xcomargs.py
[2024-10-07T14:53:35.205+0000] {processor.py:914} INFO - Processing file /home/airflow/.local/lib/python3.12/site-packages/airflow/example_dags/example_xcomargs.py for tasks to queue
[2024-10-07T14:53:35.208+0000] {logging_mixin.py:190} INFO - [2024-10-07T14:53:35.208+0000] {dagbag.py:588} INFO - Filling up the DagBag from /home/airflow/.local/lib/python3.12/site-packages/airflow/example_dags/example_xcomargs.py
[2024-10-07T14:53:35.219+0000] {processor.py:925} INFO - DAG(s) 'example_xcom_args_with_operators', 'example_xcom_args' retrieved from /home/airflow/.local/lib/python3.12/site-packages/airflow/example_dags/example_xcomargs.py
[2024-10-07T14:53:35.242+0000] {logging_mixin.py:190} INFO - [2024-10-07T14:53:35.242+0000] {dag.py:3239} INFO - Sync 2 DAGs
[2024-10-07T14:53:35.257+0000] {logging_mixin.py:190} INFO - [2024-10-07T14:53:35.257+0000] {dag.py:4180} INFO - Setting next_dagrun for example_xcom_args to None, run_after=None
[2024-10-07T14:53:35.262+0000] {logging_mixin.py:190} INFO - [2024-10-07T14:53:35.261+0000] {dag.py:4180} INFO - Setting next_dagrun for example_xcom_args_with_operators to None, run_after=None
[2024-10-07T14:53:35.280+0000] {processor.py:208} INFO - Processing /home/airflow/.local/lib/python3.12/site-packages/airflow/example_dags/example_xcomargs.py took 0.085 seconds
