[2024-10-07T14:43:18.428+0000] {processor.py:186} INFO - Started process (PID=86) to work on /home/airflow/.local/lib/python3.12/site-packages/airflow/example_dags/example_dataset_alias_with_no_taskflow.py
[2024-10-07T14:43:18.431+0000] {processor.py:914} INFO - Processing file /home/airflow/.local/lib/python3.12/site-packages/airflow/example_dags/example_dataset_alias_with_no_taskflow.py for tasks to queue
[2024-10-07T14:43:18.438+0000] {logging_mixin.py:190} INFO - [2024-10-07T14:43:18.437+0000] {dagbag.py:588} INFO - Filling up the DagBag from /home/airflow/.local/lib/python3.12/site-packages/airflow/example_dags/example_dataset_alias_with_no_taskflow.py
[2024-10-07T14:43:18.777+0000] {processor.py:925} INFO - DAG(s) 'dataset_s3_bucket_consumer_with_no_taskflow', 'dataset_alias_example_alias_consumer_with_no_taskflow', 'dataset_alias_example_alias_producer_with_no_taskflow', 'dataset_s3_bucket_producer_with_no_taskflow' retrieved from /home/airflow/.local/lib/python3.12/site-packages/airflow/example_dags/example_dataset_alias_with_no_taskflow.py
[2024-10-07T14:43:18.962+0000] {logging_mixin.py:190} INFO - [2024-10-07T14:43:18.961+0000] {override.py:1900} INFO - Created Permission View: can read on DAG:dataset_s3_bucket_consumer_with_no_taskflow
[2024-10-07T14:43:18.980+0000] {logging_mixin.py:190} INFO - [2024-10-07T14:43:18.979+0000] {override.py:1900} INFO - Created Permission View: can delete on DAG:dataset_s3_bucket_consumer_with_no_taskflow
[2024-10-07T14:43:18.989+0000] {logging_mixin.py:190} INFO - [2024-10-07T14:43:18.988+0000] {override.py:1900} INFO - Created Permission View: can edit on DAG:dataset_s3_bucket_consumer_with_no_taskflow
[2024-10-07T14:43:18.999+0000] {logging_mixin.py:190} INFO - [2024-10-07T14:43:18.998+0000] {override.py:1900} INFO - Created Permission View: can read on DAG Run:dataset_s3_bucket_consumer_with_no_taskflow
[2024-10-07T14:43:19.007+0000] {logging_mixin.py:190} INFO - [2024-10-07T14:43:19.007+0000] {override.py:1900} INFO - Created Permission View: can create on DAG Run:dataset_s3_bucket_consumer_with_no_taskflow
[2024-10-07T14:43:19.016+0000] {logging_mixin.py:190} INFO - [2024-10-07T14:43:19.016+0000] {override.py:1900} INFO - Created Permission View: menu access on DAG Run:dataset_s3_bucket_consumer_with_no_taskflow
[2024-10-07T14:43:19.025+0000] {logging_mixin.py:190} INFO - [2024-10-07T14:43:19.024+0000] {override.py:1900} INFO - Created Permission View: can delete on DAG Run:dataset_s3_bucket_consumer_with_no_taskflow
[2024-10-07T14:43:19.042+0000] {logging_mixin.py:190} INFO - [2024-10-07T14:43:19.042+0000] {override.py:1900} INFO - Created Permission View: can read on DAG:dataset_alias_example_alias_consumer_with_no_taskflow
[2024-10-07T14:43:19.051+0000] {logging_mixin.py:190} INFO - [2024-10-07T14:43:19.051+0000] {override.py:1900} INFO - Created Permission View: can delete on DAG:dataset_alias_example_alias_consumer_with_no_taskflow
[2024-10-07T14:43:19.061+0000] {logging_mixin.py:190} INFO - [2024-10-07T14:43:19.061+0000] {override.py:1900} INFO - Created Permission View: can edit on DAG:dataset_alias_example_alias_consumer_with_no_taskflow
[2024-10-07T14:43:19.070+0000] {logging_mixin.py:190} INFO - [2024-10-07T14:43:19.069+0000] {override.py:1900} INFO - Created Permission View: can read on DAG Run:dataset_alias_example_alias_consumer_with_no_taskflow
[2024-10-07T14:43:19.079+0000] {logging_mixin.py:190} INFO - [2024-10-07T14:43:19.078+0000] {override.py:1900} INFO - Created Permission View: can create on DAG Run:dataset_alias_example_alias_consumer_with_no_taskflow
[2024-10-07T14:43:19.088+0000] {logging_mixin.py:190} INFO - [2024-10-07T14:43:19.088+0000] {override.py:1900} INFO - Created Permission View: menu access on DAG Run:dataset_alias_example_alias_consumer_with_no_taskflow
[2024-10-07T14:43:19.097+0000] {logging_mixin.py:190} INFO - [2024-10-07T14:43:19.097+0000] {override.py:1900} INFO - Created Permission View: can delete on DAG Run:dataset_alias_example_alias_consumer_with_no_taskflow
[2024-10-07T14:43:19.116+0000] {logging_mixin.py:190} INFO - [2024-10-07T14:43:19.115+0000] {override.py:1900} INFO - Created Permission View: can read on DAG:dataset_alias_example_alias_producer_with_no_taskflow
[2024-10-07T14:43:19.126+0000] {logging_mixin.py:190} INFO - [2024-10-07T14:43:19.126+0000] {override.py:1900} INFO - Created Permission View: can delete on DAG:dataset_alias_example_alias_producer_with_no_taskflow
[2024-10-07T14:43:19.138+0000] {logging_mixin.py:190} INFO - [2024-10-07T14:43:19.137+0000] {override.py:1900} INFO - Created Permission View: can edit on DAG:dataset_alias_example_alias_producer_with_no_taskflow
[2024-10-07T14:43:19.148+0000] {logging_mixin.py:190} INFO - [2024-10-07T14:43:19.148+0000] {override.py:1900} INFO - Created Permission View: can read on DAG Run:dataset_alias_example_alias_producer_with_no_taskflow
[2024-10-07T14:43:19.159+0000] {logging_mixin.py:190} INFO - [2024-10-07T14:43:19.158+0000] {override.py:1900} INFO - Created Permission View: can create on DAG Run:dataset_alias_example_alias_producer_with_no_taskflow
[2024-10-07T14:43:19.170+0000] {logging_mixin.py:190} INFO - [2024-10-07T14:43:19.169+0000] {override.py:1900} INFO - Created Permission View: menu access on DAG Run:dataset_alias_example_alias_producer_with_no_taskflow
[2024-10-07T14:43:19.183+0000] {logging_mixin.py:190} INFO - [2024-10-07T14:43:19.182+0000] {override.py:1900} INFO - Created Permission View: can delete on DAG Run:dataset_alias_example_alias_producer_with_no_taskflow
[2024-10-07T14:43:19.204+0000] {logging_mixin.py:190} INFO - [2024-10-07T14:43:19.204+0000] {override.py:1900} INFO - Created Permission View: can read on DAG:dataset_s3_bucket_producer_with_no_taskflow
[2024-10-07T14:43:19.217+0000] {logging_mixin.py:190} INFO - [2024-10-07T14:43:19.216+0000] {override.py:1900} INFO - Created Permission View: can delete on DAG:dataset_s3_bucket_producer_with_no_taskflow
[2024-10-07T14:43:19.229+0000] {logging_mixin.py:190} INFO - [2024-10-07T14:43:19.228+0000] {override.py:1900} INFO - Created Permission View: can edit on DAG:dataset_s3_bucket_producer_with_no_taskflow
[2024-10-07T14:43:19.244+0000] {logging_mixin.py:190} INFO - [2024-10-07T14:43:19.243+0000] {override.py:1900} INFO - Created Permission View: can read on DAG Run:dataset_s3_bucket_producer_with_no_taskflow
[2024-10-07T14:43:19.258+0000] {logging_mixin.py:190} INFO - [2024-10-07T14:43:19.258+0000] {override.py:1900} INFO - Created Permission View: can create on DAG Run:dataset_s3_bucket_producer_with_no_taskflow
[2024-10-07T14:43:19.275+0000] {logging_mixin.py:190} INFO - [2024-10-07T14:43:19.274+0000] {override.py:1900} INFO - Created Permission View: menu access on DAG Run:dataset_s3_bucket_producer_with_no_taskflow
[2024-10-07T14:43:19.291+0000] {logging_mixin.py:190} INFO - [2024-10-07T14:43:19.290+0000] {override.py:1900} INFO - Created Permission View: can delete on DAG Run:dataset_s3_bucket_producer_with_no_taskflow
[2024-10-07T14:43:19.293+0000] {logging_mixin.py:190} INFO - [2024-10-07T14:43:19.292+0000] {dag.py:3239} INFO - Sync 4 DAGs
[2024-10-07T14:43:19.324+0000] {logging_mixin.py:190} INFO - [2024-10-07T14:43:19.323+0000] {dag.py:3262} INFO - Creating ORM DAG for dataset_alias_example_alias_producer_with_no_taskflow
[2024-10-07T14:43:19.326+0000] {logging_mixin.py:190} INFO - [2024-10-07T14:43:19.326+0000] {dag.py:3262} INFO - Creating ORM DAG for dataset_alias_example_alias_consumer_with_no_taskflow
[2024-10-07T14:43:19.328+0000] {logging_mixin.py:190} INFO - [2024-10-07T14:43:19.328+0000] {dag.py:3262} INFO - Creating ORM DAG for dataset_s3_bucket_consumer_with_no_taskflow
[2024-10-07T14:43:19.331+0000] {logging_mixin.py:190} INFO - [2024-10-07T14:43:19.331+0000] {dag.py:3262} INFO - Creating ORM DAG for dataset_s3_bucket_producer_with_no_taskflow
[2024-10-07T14:43:19.377+0000] {logging_mixin.py:190} INFO - [2024-10-07T14:43:19.376+0000] {dag.py:4180} INFO - Setting next_dagrun for dataset_alias_example_alias_consumer_with_no_taskflow to None, run_after=None
[2024-10-07T14:43:19.385+0000] {logging_mixin.py:190} INFO - [2024-10-07T14:43:19.384+0000] {dag.py:4180} INFO - Setting next_dagrun for dataset_alias_example_alias_producer_with_no_taskflow to None, run_after=None
[2024-10-07T14:43:19.388+0000] {logging_mixin.py:190} INFO - [2024-10-07T14:43:19.387+0000] {dag.py:4180} INFO - Setting next_dagrun for dataset_s3_bucket_consumer_with_no_taskflow to None, run_after=None
[2024-10-07T14:43:19.390+0000] {logging_mixin.py:190} INFO - [2024-10-07T14:43:19.389+0000] {dag.py:4180} INFO - Setting next_dagrun for dataset_s3_bucket_producer_with_no_taskflow to None, run_after=None
[2024-10-07T14:43:19.480+0000] {processor.py:208} INFO - Processing /home/airflow/.local/lib/python3.12/site-packages/airflow/example_dags/example_dataset_alias_with_no_taskflow.py took 1.068 seconds
[2024-10-07T14:43:49.791+0000] {processor.py:186} INFO - Started process (PID=148) to work on /home/airflow/.local/lib/python3.12/site-packages/airflow/example_dags/example_dataset_alias_with_no_taskflow.py
[2024-10-07T14:43:49.793+0000] {processor.py:914} INFO - Processing file /home/airflow/.local/lib/python3.12/site-packages/airflow/example_dags/example_dataset_alias_with_no_taskflow.py for tasks to queue
[2024-10-07T14:43:49.796+0000] {logging_mixin.py:190} INFO - [2024-10-07T14:43:49.796+0000] {dagbag.py:588} INFO - Filling up the DagBag from /home/airflow/.local/lib/python3.12/site-packages/airflow/example_dags/example_dataset_alias_with_no_taskflow.py
[2024-10-07T14:43:49.947+0000] {processor.py:925} INFO - DAG(s) 'dataset_alias_example_alias_consumer_with_no_taskflow', 'dataset_alias_example_alias_producer_with_no_taskflow', 'dataset_s3_bucket_producer_with_no_taskflow', 'dataset_s3_bucket_consumer_with_no_taskflow' retrieved from /home/airflow/.local/lib/python3.12/site-packages/airflow/example_dags/example_dataset_alias_with_no_taskflow.py
[2024-10-07T14:43:49.968+0000] {logging_mixin.py:190} INFO - [2024-10-07T14:43:49.967+0000] {dag.py:3239} INFO - Sync 4 DAGs
[2024-10-07T14:43:49.991+0000] {logging_mixin.py:190} INFO - [2024-10-07T14:43:49.991+0000] {dag.py:4180} INFO - Setting next_dagrun for dataset_alias_example_alias_consumer_with_no_taskflow to None, run_after=None
[2024-10-07T14:43:49.994+0000] {logging_mixin.py:190} INFO - [2024-10-07T14:43:49.994+0000] {dag.py:4180} INFO - Setting next_dagrun for dataset_alias_example_alias_producer_with_no_taskflow to None, run_after=None
[2024-10-07T14:43:49.996+0000] {logging_mixin.py:190} INFO - [2024-10-07T14:43:49.996+0000] {dag.py:4180} INFO - Setting next_dagrun for dataset_s3_bucket_consumer_with_no_taskflow to None, run_after=None
[2024-10-07T14:43:49.998+0000] {logging_mixin.py:190} INFO - [2024-10-07T14:43:49.998+0000] {dag.py:4180} INFO - Setting next_dagrun for dataset_s3_bucket_producer_with_no_taskflow to None, run_after=None
[2024-10-07T14:43:50.022+0000] {processor.py:208} INFO - Processing /home/airflow/.local/lib/python3.12/site-packages/airflow/example_dags/example_dataset_alias_with_no_taskflow.py took 0.237 seconds
[2024-10-07T14:44:20.304+0000] {processor.py:186} INFO - Started process (PID=210) to work on /home/airflow/.local/lib/python3.12/site-packages/airflow/example_dags/example_dataset_alias_with_no_taskflow.py
[2024-10-07T14:44:20.306+0000] {processor.py:914} INFO - Processing file /home/airflow/.local/lib/python3.12/site-packages/airflow/example_dags/example_dataset_alias_with_no_taskflow.py for tasks to queue
[2024-10-07T14:44:20.310+0000] {logging_mixin.py:190} INFO - [2024-10-07T14:44:20.310+0000] {dagbag.py:588} INFO - Filling up the DagBag from /home/airflow/.local/lib/python3.12/site-packages/airflow/example_dags/example_dataset_alias_with_no_taskflow.py
[2024-10-07T14:44:20.467+0000] {processor.py:925} INFO - DAG(s) 'dataset_alias_example_alias_producer_with_no_taskflow', 'dataset_s3_bucket_consumer_with_no_taskflow', 'dataset_alias_example_alias_consumer_with_no_taskflow', 'dataset_s3_bucket_producer_with_no_taskflow' retrieved from /home/airflow/.local/lib/python3.12/site-packages/airflow/example_dags/example_dataset_alias_with_no_taskflow.py
[2024-10-07T14:44:20.495+0000] {logging_mixin.py:190} INFO - [2024-10-07T14:44:20.495+0000] {dag.py:3239} INFO - Sync 4 DAGs
[2024-10-07T14:44:20.525+0000] {logging_mixin.py:190} INFO - [2024-10-07T14:44:20.525+0000] {dag.py:4180} INFO - Setting next_dagrun for dataset_alias_example_alias_consumer_with_no_taskflow to None, run_after=None
[2024-10-07T14:44:20.529+0000] {logging_mixin.py:190} INFO - [2024-10-07T14:44:20.529+0000] {dag.py:4180} INFO - Setting next_dagrun for dataset_alias_example_alias_producer_with_no_taskflow to None, run_after=None
[2024-10-07T14:44:20.532+0000] {logging_mixin.py:190} INFO - [2024-10-07T14:44:20.532+0000] {dag.py:4180} INFO - Setting next_dagrun for dataset_s3_bucket_consumer_with_no_taskflow to None, run_after=None
[2024-10-07T14:44:20.534+0000] {logging_mixin.py:190} INFO - [2024-10-07T14:44:20.534+0000] {dag.py:4180} INFO - Setting next_dagrun for dataset_s3_bucket_producer_with_no_taskflow to None, run_after=None
[2024-10-07T14:44:20.560+0000] {processor.py:208} INFO - Processing /home/airflow/.local/lib/python3.12/site-packages/airflow/example_dags/example_dataset_alias_with_no_taskflow.py took 0.262 seconds
[2024-10-07T14:44:51.193+0000] {processor.py:186} INFO - Started process (PID=272) to work on /home/airflow/.local/lib/python3.12/site-packages/airflow/example_dags/example_dataset_alias_with_no_taskflow.py
[2024-10-07T14:44:51.194+0000] {processor.py:914} INFO - Processing file /home/airflow/.local/lib/python3.12/site-packages/airflow/example_dags/example_dataset_alias_with_no_taskflow.py for tasks to queue
[2024-10-07T14:44:51.197+0000] {logging_mixin.py:190} INFO - [2024-10-07T14:44:51.197+0000] {dagbag.py:588} INFO - Filling up the DagBag from /home/airflow/.local/lib/python3.12/site-packages/airflow/example_dags/example_dataset_alias_with_no_taskflow.py
[2024-10-07T14:44:51.362+0000] {processor.py:925} INFO - DAG(s) 'dataset_s3_bucket_consumer_with_no_taskflow', 'dataset_alias_example_alias_producer_with_no_taskflow', 'dataset_alias_example_alias_consumer_with_no_taskflow', 'dataset_s3_bucket_producer_with_no_taskflow' retrieved from /home/airflow/.local/lib/python3.12/site-packages/airflow/example_dags/example_dataset_alias_with_no_taskflow.py
[2024-10-07T14:44:51.387+0000] {logging_mixin.py:190} INFO - [2024-10-07T14:44:51.387+0000] {dag.py:3239} INFO - Sync 4 DAGs
[2024-10-07T14:44:51.414+0000] {logging_mixin.py:190} INFO - [2024-10-07T14:44:51.414+0000] {dag.py:4180} INFO - Setting next_dagrun for dataset_alias_example_alias_consumer_with_no_taskflow to None, run_after=None
[2024-10-07T14:44:51.419+0000] {logging_mixin.py:190} INFO - [2024-10-07T14:44:51.419+0000] {dag.py:4180} INFO - Setting next_dagrun for dataset_alias_example_alias_producer_with_no_taskflow to None, run_after=None
[2024-10-07T14:44:51.422+0000] {logging_mixin.py:190} INFO - [2024-10-07T14:44:51.421+0000] {dag.py:4180} INFO - Setting next_dagrun for dataset_s3_bucket_consumer_with_no_taskflow to None, run_after=None
[2024-10-07T14:44:51.424+0000] {logging_mixin.py:190} INFO - [2024-10-07T14:44:51.423+0000] {dag.py:4180} INFO - Setting next_dagrun for dataset_s3_bucket_producer_with_no_taskflow to None, run_after=None
[2024-10-07T14:44:51.447+0000] {processor.py:208} INFO - Processing /home/airflow/.local/lib/python3.12/site-packages/airflow/example_dags/example_dataset_alias_with_no_taskflow.py took 0.260 seconds
[2024-10-07T14:45:21.991+0000] {processor.py:186} INFO - Started process (PID=333) to work on /home/airflow/.local/lib/python3.12/site-packages/airflow/example_dags/example_dataset_alias_with_no_taskflow.py
[2024-10-07T14:45:21.993+0000] {processor.py:914} INFO - Processing file /home/airflow/.local/lib/python3.12/site-packages/airflow/example_dags/example_dataset_alias_with_no_taskflow.py for tasks to queue
[2024-10-07T14:45:21.999+0000] {logging_mixin.py:190} INFO - [2024-10-07T14:45:21.998+0000] {dagbag.py:588} INFO - Filling up the DagBag from /home/airflow/.local/lib/python3.12/site-packages/airflow/example_dags/example_dataset_alias_with_no_taskflow.py
[2024-10-07T14:45:22.190+0000] {processor.py:925} INFO - DAG(s) 'dataset_alias_example_alias_producer_with_no_taskflow', 'dataset_s3_bucket_producer_with_no_taskflow', 'dataset_alias_example_alias_consumer_with_no_taskflow', 'dataset_s3_bucket_consumer_with_no_taskflow' retrieved from /home/airflow/.local/lib/python3.12/site-packages/airflow/example_dags/example_dataset_alias_with_no_taskflow.py
[2024-10-07T14:45:22.214+0000] {logging_mixin.py:190} INFO - [2024-10-07T14:45:22.214+0000] {dag.py:3239} INFO - Sync 4 DAGs
[2024-10-07T14:45:22.238+0000] {logging_mixin.py:190} INFO - [2024-10-07T14:45:22.238+0000] {dag.py:4180} INFO - Setting next_dagrun for dataset_alias_example_alias_consumer_with_no_taskflow to None, run_after=None
[2024-10-07T14:45:22.243+0000] {logging_mixin.py:190} INFO - [2024-10-07T14:45:22.243+0000] {dag.py:4180} INFO - Setting next_dagrun for dataset_alias_example_alias_producer_with_no_taskflow to None, run_after=None
[2024-10-07T14:45:22.246+0000] {logging_mixin.py:190} INFO - [2024-10-07T14:45:22.245+0000] {dag.py:4180} INFO - Setting next_dagrun for dataset_s3_bucket_consumer_with_no_taskflow to None, run_after=None
[2024-10-07T14:45:22.248+0000] {logging_mixin.py:190} INFO - [2024-10-07T14:45:22.247+0000] {dag.py:4180} INFO - Setting next_dagrun for dataset_s3_bucket_producer_with_no_taskflow to None, run_after=None
[2024-10-07T14:45:22.270+0000] {processor.py:208} INFO - Processing /home/airflow/.local/lib/python3.12/site-packages/airflow/example_dags/example_dataset_alias_with_no_taskflow.py took 0.291 seconds
[2024-10-07T14:45:52.600+0000] {processor.py:186} INFO - Started process (PID=396) to work on /home/airflow/.local/lib/python3.12/site-packages/airflow/example_dags/example_dataset_alias_with_no_taskflow.py
[2024-10-07T14:45:52.601+0000] {processor.py:914} INFO - Processing file /home/airflow/.local/lib/python3.12/site-packages/airflow/example_dags/example_dataset_alias_with_no_taskflow.py for tasks to queue
[2024-10-07T14:45:52.606+0000] {logging_mixin.py:190} INFO - [2024-10-07T14:45:52.606+0000] {dagbag.py:588} INFO - Filling up the DagBag from /home/airflow/.local/lib/python3.12/site-packages/airflow/example_dags/example_dataset_alias_with_no_taskflow.py
[2024-10-07T14:45:52.786+0000] {processor.py:925} INFO - DAG(s) 'dataset_s3_bucket_consumer_with_no_taskflow', 'dataset_alias_example_alias_consumer_with_no_taskflow', 'dataset_alias_example_alias_producer_with_no_taskflow', 'dataset_s3_bucket_producer_with_no_taskflow' retrieved from /home/airflow/.local/lib/python3.12/site-packages/airflow/example_dags/example_dataset_alias_with_no_taskflow.py
[2024-10-07T14:45:52.811+0000] {logging_mixin.py:190} INFO - [2024-10-07T14:45:52.810+0000] {dag.py:3239} INFO - Sync 4 DAGs
[2024-10-07T14:45:52.843+0000] {logging_mixin.py:190} INFO - [2024-10-07T14:45:52.843+0000] {dag.py:4180} INFO - Setting next_dagrun for dataset_alias_example_alias_consumer_with_no_taskflow to None, run_after=None
[2024-10-07T14:45:52.846+0000] {logging_mixin.py:190} INFO - [2024-10-07T14:45:52.846+0000] {dag.py:4180} INFO - Setting next_dagrun for dataset_alias_example_alias_producer_with_no_taskflow to None, run_after=None
[2024-10-07T14:45:52.849+0000] {logging_mixin.py:190} INFO - [2024-10-07T14:45:52.849+0000] {dag.py:4180} INFO - Setting next_dagrun for dataset_s3_bucket_consumer_with_no_taskflow to None, run_after=None
[2024-10-07T14:45:52.852+0000] {logging_mixin.py:190} INFO - [2024-10-07T14:45:52.851+0000] {dag.py:4180} INFO - Setting next_dagrun for dataset_s3_bucket_producer_with_no_taskflow to None, run_after=None
[2024-10-07T14:45:52.876+0000] {processor.py:208} INFO - Processing /home/airflow/.local/lib/python3.12/site-packages/airflow/example_dags/example_dataset_alias_with_no_taskflow.py took 0.283 seconds
[2024-10-07T14:46:23.557+0000] {processor.py:186} INFO - Started process (PID=458) to work on /home/airflow/.local/lib/python3.12/site-packages/airflow/example_dags/example_dataset_alias_with_no_taskflow.py
[2024-10-07T14:46:23.561+0000] {processor.py:914} INFO - Processing file /home/airflow/.local/lib/python3.12/site-packages/airflow/example_dags/example_dataset_alias_with_no_taskflow.py for tasks to queue
[2024-10-07T14:46:23.568+0000] {logging_mixin.py:190} INFO - [2024-10-07T14:46:23.567+0000] {dagbag.py:588} INFO - Filling up the DagBag from /home/airflow/.local/lib/python3.12/site-packages/airflow/example_dags/example_dataset_alias_with_no_taskflow.py
[2024-10-07T14:46:23.960+0000] {processor.py:925} INFO - DAG(s) 'dataset_alias_example_alias_producer_with_no_taskflow', 'dataset_alias_example_alias_consumer_with_no_taskflow', 'dataset_s3_bucket_producer_with_no_taskflow', 'dataset_s3_bucket_consumer_with_no_taskflow' retrieved from /home/airflow/.local/lib/python3.12/site-packages/airflow/example_dags/example_dataset_alias_with_no_taskflow.py
[2024-10-07T14:46:24.024+0000] {logging_mixin.py:190} INFO - [2024-10-07T14:46:24.023+0000] {dag.py:3239} INFO - Sync 4 DAGs
[2024-10-07T14:46:24.085+0000] {logging_mixin.py:190} INFO - [2024-10-07T14:46:24.085+0000] {dag.py:4180} INFO - Setting next_dagrun for dataset_alias_example_alias_consumer_with_no_taskflow to None, run_after=None
[2024-10-07T14:46:24.098+0000] {logging_mixin.py:190} INFO - [2024-10-07T14:46:24.097+0000] {dag.py:4180} INFO - Setting next_dagrun for dataset_alias_example_alias_producer_with_no_taskflow to None, run_after=None
[2024-10-07T14:46:24.104+0000] {logging_mixin.py:190} INFO - [2024-10-07T14:46:24.103+0000] {dag.py:4180} INFO - Setting next_dagrun for dataset_s3_bucket_consumer_with_no_taskflow to None, run_after=None
[2024-10-07T14:46:24.114+0000] {logging_mixin.py:190} INFO - [2024-10-07T14:46:24.111+0000] {dag.py:4180} INFO - Setting next_dagrun for dataset_s3_bucket_producer_with_no_taskflow to None, run_after=None
[2024-10-07T14:46:24.223+0000] {processor.py:208} INFO - Processing /home/airflow/.local/lib/python3.12/site-packages/airflow/example_dags/example_dataset_alias_with_no_taskflow.py took 0.678 seconds
[2024-10-07T14:46:54.575+0000] {processor.py:186} INFO - Started process (PID=521) to work on /home/airflow/.local/lib/python3.12/site-packages/airflow/example_dags/example_dataset_alias_with_no_taskflow.py
[2024-10-07T14:46:54.577+0000] {processor.py:914} INFO - Processing file /home/airflow/.local/lib/python3.12/site-packages/airflow/example_dags/example_dataset_alias_with_no_taskflow.py for tasks to queue
[2024-10-07T14:46:54.580+0000] {logging_mixin.py:190} INFO - [2024-10-07T14:46:54.580+0000] {dagbag.py:588} INFO - Filling up the DagBag from /home/airflow/.local/lib/python3.12/site-packages/airflow/example_dags/example_dataset_alias_with_no_taskflow.py
[2024-10-07T14:46:54.735+0000] {processor.py:925} INFO - DAG(s) 'dataset_s3_bucket_producer_with_no_taskflow', 'dataset_alias_example_alias_consumer_with_no_taskflow', 'dataset_s3_bucket_consumer_with_no_taskflow', 'dataset_alias_example_alias_producer_with_no_taskflow' retrieved from /home/airflow/.local/lib/python3.12/site-packages/airflow/example_dags/example_dataset_alias_with_no_taskflow.py
[2024-10-07T14:46:54.759+0000] {logging_mixin.py:190} INFO - [2024-10-07T14:46:54.759+0000] {dag.py:3239} INFO - Sync 4 DAGs
[2024-10-07T14:46:54.782+0000] {logging_mixin.py:190} INFO - [2024-10-07T14:46:54.782+0000] {dag.py:4180} INFO - Setting next_dagrun for dataset_alias_example_alias_consumer_with_no_taskflow to None, run_after=None
[2024-10-07T14:46:54.785+0000] {logging_mixin.py:190} INFO - [2024-10-07T14:46:54.785+0000] {dag.py:4180} INFO - Setting next_dagrun for dataset_alias_example_alias_producer_with_no_taskflow to None, run_after=None
[2024-10-07T14:46:54.787+0000] {logging_mixin.py:190} INFO - [2024-10-07T14:46:54.787+0000] {dag.py:4180} INFO - Setting next_dagrun for dataset_s3_bucket_consumer_with_no_taskflow to None, run_after=None
[2024-10-07T14:46:54.789+0000] {logging_mixin.py:190} INFO - [2024-10-07T14:46:54.789+0000] {dag.py:4180} INFO - Setting next_dagrun for dataset_s3_bucket_producer_with_no_taskflow to None, run_after=None
[2024-10-07T14:46:54.811+0000] {processor.py:208} INFO - Processing /home/airflow/.local/lib/python3.12/site-packages/airflow/example_dags/example_dataset_alias_with_no_taskflow.py took 0.243 seconds
[2024-10-07T14:47:25.147+0000] {processor.py:186} INFO - Started process (PID=584) to work on /home/airflow/.local/lib/python3.12/site-packages/airflow/example_dags/example_dataset_alias_with_no_taskflow.py
[2024-10-07T14:47:25.150+0000] {processor.py:914} INFO - Processing file /home/airflow/.local/lib/python3.12/site-packages/airflow/example_dags/example_dataset_alias_with_no_taskflow.py for tasks to queue
[2024-10-07T14:47:25.153+0000] {logging_mixin.py:190} INFO - [2024-10-07T14:47:25.152+0000] {dagbag.py:588} INFO - Filling up the DagBag from /home/airflow/.local/lib/python3.12/site-packages/airflow/example_dags/example_dataset_alias_with_no_taskflow.py
[2024-10-07T14:47:25.304+0000] {processor.py:925} INFO - DAG(s) 'dataset_alias_example_alias_producer_with_no_taskflow', 'dataset_s3_bucket_consumer_with_no_taskflow', 'dataset_alias_example_alias_consumer_with_no_taskflow', 'dataset_s3_bucket_producer_with_no_taskflow' retrieved from /home/airflow/.local/lib/python3.12/site-packages/airflow/example_dags/example_dataset_alias_with_no_taskflow.py
[2024-10-07T14:47:25.331+0000] {logging_mixin.py:190} INFO - [2024-10-07T14:47:25.330+0000] {dag.py:3239} INFO - Sync 4 DAGs
[2024-10-07T14:47:25.352+0000] {logging_mixin.py:190} INFO - [2024-10-07T14:47:25.352+0000] {dag.py:4180} INFO - Setting next_dagrun for dataset_alias_example_alias_consumer_with_no_taskflow to None, run_after=None
[2024-10-07T14:47:25.356+0000] {logging_mixin.py:190} INFO - [2024-10-07T14:47:25.356+0000] {dag.py:4180} INFO - Setting next_dagrun for dataset_alias_example_alias_producer_with_no_taskflow to None, run_after=None
[2024-10-07T14:47:25.358+0000] {logging_mixin.py:190} INFO - [2024-10-07T14:47:25.358+0000] {dag.py:4180} INFO - Setting next_dagrun for dataset_s3_bucket_consumer_with_no_taskflow to None, run_after=None
[2024-10-07T14:47:25.360+0000] {logging_mixin.py:190} INFO - [2024-10-07T14:47:25.360+0000] {dag.py:4180} INFO - Setting next_dagrun for dataset_s3_bucket_producer_with_no_taskflow to None, run_after=None
[2024-10-07T14:47:25.380+0000] {processor.py:208} INFO - Processing /home/airflow/.local/lib/python3.12/site-packages/airflow/example_dags/example_dataset_alias_with_no_taskflow.py took 0.239 seconds
[2024-10-07T14:47:55.550+0000] {processor.py:186} INFO - Started process (PID=647) to work on /home/airflow/.local/lib/python3.12/site-packages/airflow/example_dags/example_dataset_alias_with_no_taskflow.py
[2024-10-07T14:47:55.552+0000] {processor.py:914} INFO - Processing file /home/airflow/.local/lib/python3.12/site-packages/airflow/example_dags/example_dataset_alias_with_no_taskflow.py for tasks to queue
[2024-10-07T14:47:55.556+0000] {logging_mixin.py:190} INFO - [2024-10-07T14:47:55.555+0000] {dagbag.py:588} INFO - Filling up the DagBag from /home/airflow/.local/lib/python3.12/site-packages/airflow/example_dags/example_dataset_alias_with_no_taskflow.py
[2024-10-07T14:47:55.736+0000] {processor.py:925} INFO - DAG(s) 'dataset_s3_bucket_producer_with_no_taskflow', 'dataset_alias_example_alias_producer_with_no_taskflow', 'dataset_alias_example_alias_consumer_with_no_taskflow', 'dataset_s3_bucket_consumer_with_no_taskflow' retrieved from /home/airflow/.local/lib/python3.12/site-packages/airflow/example_dags/example_dataset_alias_with_no_taskflow.py
[2024-10-07T14:47:55.757+0000] {logging_mixin.py:190} INFO - [2024-10-07T14:47:55.757+0000] {dag.py:3239} INFO - Sync 4 DAGs
[2024-10-07T14:47:55.786+0000] {logging_mixin.py:190} INFO - [2024-10-07T14:47:55.786+0000] {dag.py:4180} INFO - Setting next_dagrun for dataset_alias_example_alias_consumer_with_no_taskflow to None, run_after=None
[2024-10-07T14:47:55.790+0000] {logging_mixin.py:190} INFO - [2024-10-07T14:47:55.790+0000] {dag.py:4180} INFO - Setting next_dagrun for dataset_alias_example_alias_producer_with_no_taskflow to None, run_after=None
[2024-10-07T14:47:55.793+0000] {logging_mixin.py:190} INFO - [2024-10-07T14:47:55.793+0000] {dag.py:4180} INFO - Setting next_dagrun for dataset_s3_bucket_consumer_with_no_taskflow to None, run_after=None
[2024-10-07T14:47:55.796+0000] {logging_mixin.py:190} INFO - [2024-10-07T14:47:55.796+0000] {dag.py:4180} INFO - Setting next_dagrun for dataset_s3_bucket_producer_with_no_taskflow to None, run_after=None
[2024-10-07T14:47:55.820+0000] {processor.py:208} INFO - Processing /home/airflow/.local/lib/python3.12/site-packages/airflow/example_dags/example_dataset_alias_with_no_taskflow.py took 0.277 seconds
[2024-10-07T14:48:26.180+0000] {processor.py:186} INFO - Started process (PID=706) to work on /home/airflow/.local/lib/python3.12/site-packages/airflow/example_dags/example_dataset_alias_with_no_taskflow.py
[2024-10-07T14:48:26.181+0000] {processor.py:914} INFO - Processing file /home/airflow/.local/lib/python3.12/site-packages/airflow/example_dags/example_dataset_alias_with_no_taskflow.py for tasks to queue
[2024-10-07T14:48:26.185+0000] {logging_mixin.py:190} INFO - [2024-10-07T14:48:26.184+0000] {dagbag.py:588} INFO - Filling up the DagBag from /home/airflow/.local/lib/python3.12/site-packages/airflow/example_dags/example_dataset_alias_with_no_taskflow.py
[2024-10-07T14:48:26.338+0000] {processor.py:925} INFO - DAG(s) 'dataset_alias_example_alias_producer_with_no_taskflow', 'dataset_alias_example_alias_consumer_with_no_taskflow', 'dataset_s3_bucket_consumer_with_no_taskflow', 'dataset_s3_bucket_producer_with_no_taskflow' retrieved from /home/airflow/.local/lib/python3.12/site-packages/airflow/example_dags/example_dataset_alias_with_no_taskflow.py
[2024-10-07T14:48:26.361+0000] {logging_mixin.py:190} INFO - [2024-10-07T14:48:26.361+0000] {dag.py:3239} INFO - Sync 4 DAGs
[2024-10-07T14:48:26.387+0000] {logging_mixin.py:190} INFO - [2024-10-07T14:48:26.386+0000] {dag.py:4180} INFO - Setting next_dagrun for dataset_alias_example_alias_consumer_with_no_taskflow to None, run_after=None
[2024-10-07T14:48:26.390+0000] {logging_mixin.py:190} INFO - [2024-10-07T14:48:26.390+0000] {dag.py:4180} INFO - Setting next_dagrun for dataset_alias_example_alias_producer_with_no_taskflow to None, run_after=None
[2024-10-07T14:48:26.392+0000] {logging_mixin.py:190} INFO - [2024-10-07T14:48:26.392+0000] {dag.py:4180} INFO - Setting next_dagrun for dataset_s3_bucket_consumer_with_no_taskflow to None, run_after=None
[2024-10-07T14:48:26.394+0000] {logging_mixin.py:190} INFO - [2024-10-07T14:48:26.394+0000] {dag.py:4180} INFO - Setting next_dagrun for dataset_s3_bucket_producer_with_no_taskflow to None, run_after=None
[2024-10-07T14:48:26.416+0000] {processor.py:208} INFO - Processing /home/airflow/.local/lib/python3.12/site-packages/airflow/example_dags/example_dataset_alias_with_no_taskflow.py took 0.243 seconds
[2024-10-07T14:48:56.839+0000] {processor.py:186} INFO - Started process (PID=768) to work on /home/airflow/.local/lib/python3.12/site-packages/airflow/example_dags/example_dataset_alias_with_no_taskflow.py
[2024-10-07T14:48:56.841+0000] {processor.py:914} INFO - Processing file /home/airflow/.local/lib/python3.12/site-packages/airflow/example_dags/example_dataset_alias_with_no_taskflow.py for tasks to queue
[2024-10-07T14:48:56.846+0000] {logging_mixin.py:190} INFO - [2024-10-07T14:48:56.846+0000] {dagbag.py:588} INFO - Filling up the DagBag from /home/airflow/.local/lib/python3.12/site-packages/airflow/example_dags/example_dataset_alias_with_no_taskflow.py
[2024-10-07T14:48:56.998+0000] {processor.py:925} INFO - DAG(s) 'dataset_alias_example_alias_consumer_with_no_taskflow', 'dataset_s3_bucket_consumer_with_no_taskflow', 'dataset_s3_bucket_producer_with_no_taskflow', 'dataset_alias_example_alias_producer_with_no_taskflow' retrieved from /home/airflow/.local/lib/python3.12/site-packages/airflow/example_dags/example_dataset_alias_with_no_taskflow.py
[2024-10-07T14:48:57.021+0000] {logging_mixin.py:190} INFO - [2024-10-07T14:48:57.021+0000] {dag.py:3239} INFO - Sync 4 DAGs
[2024-10-07T14:48:57.044+0000] {logging_mixin.py:190} INFO - [2024-10-07T14:48:57.044+0000] {dag.py:4180} INFO - Setting next_dagrun for dataset_alias_example_alias_consumer_with_no_taskflow to None, run_after=None
[2024-10-07T14:48:57.048+0000] {logging_mixin.py:190} INFO - [2024-10-07T14:48:57.047+0000] {dag.py:4180} INFO - Setting next_dagrun for dataset_alias_example_alias_producer_with_no_taskflow to None, run_after=None
[2024-10-07T14:48:57.050+0000] {logging_mixin.py:190} INFO - [2024-10-07T14:48:57.049+0000] {dag.py:4180} INFO - Setting next_dagrun for dataset_s3_bucket_consumer_with_no_taskflow to None, run_after=None
[2024-10-07T14:48:57.052+0000] {logging_mixin.py:190} INFO - [2024-10-07T14:48:57.052+0000] {dag.py:4180} INFO - Setting next_dagrun for dataset_s3_bucket_producer_with_no_taskflow to None, run_after=None
[2024-10-07T14:48:57.079+0000] {processor.py:208} INFO - Processing /home/airflow/.local/lib/python3.12/site-packages/airflow/example_dags/example_dataset_alias_with_no_taskflow.py took 0.246 seconds
[2024-10-07T14:49:27.463+0000] {processor.py:186} INFO - Started process (PID=830) to work on /home/airflow/.local/lib/python3.12/site-packages/airflow/example_dags/example_dataset_alias_with_no_taskflow.py
[2024-10-07T14:49:27.465+0000] {processor.py:914} INFO - Processing file /home/airflow/.local/lib/python3.12/site-packages/airflow/example_dags/example_dataset_alias_with_no_taskflow.py for tasks to queue
[2024-10-07T14:49:27.469+0000] {logging_mixin.py:190} INFO - [2024-10-07T14:49:27.468+0000] {dagbag.py:588} INFO - Filling up the DagBag from /home/airflow/.local/lib/python3.12/site-packages/airflow/example_dags/example_dataset_alias_with_no_taskflow.py
[2024-10-07T14:49:27.623+0000] {processor.py:925} INFO - DAG(s) 'dataset_alias_example_alias_producer_with_no_taskflow', 'dataset_s3_bucket_producer_with_no_taskflow', 'dataset_alias_example_alias_consumer_with_no_taskflow', 'dataset_s3_bucket_consumer_with_no_taskflow' retrieved from /home/airflow/.local/lib/python3.12/site-packages/airflow/example_dags/example_dataset_alias_with_no_taskflow.py
[2024-10-07T14:49:27.653+0000] {logging_mixin.py:190} INFO - [2024-10-07T14:49:27.653+0000] {dag.py:3239} INFO - Sync 4 DAGs
[2024-10-07T14:49:27.678+0000] {logging_mixin.py:190} INFO - [2024-10-07T14:49:27.678+0000] {dag.py:4180} INFO - Setting next_dagrun for dataset_alias_example_alias_consumer_with_no_taskflow to None, run_after=None
[2024-10-07T14:49:27.684+0000] {logging_mixin.py:190} INFO - [2024-10-07T14:49:27.683+0000] {dag.py:4180} INFO - Setting next_dagrun for dataset_alias_example_alias_producer_with_no_taskflow to None, run_after=None
[2024-10-07T14:49:27.686+0000] {logging_mixin.py:190} INFO - [2024-10-07T14:49:27.686+0000] {dag.py:4180} INFO - Setting next_dagrun for dataset_s3_bucket_consumer_with_no_taskflow to None, run_after=None
[2024-10-07T14:49:27.688+0000] {logging_mixin.py:190} INFO - [2024-10-07T14:49:27.688+0000] {dag.py:4180} INFO - Setting next_dagrun for dataset_s3_bucket_producer_with_no_taskflow to None, run_after=None
[2024-10-07T14:49:27.714+0000] {processor.py:208} INFO - Processing /home/airflow/.local/lib/python3.12/site-packages/airflow/example_dags/example_dataset_alias_with_no_taskflow.py took 0.256 seconds
[2024-10-07T14:49:57.985+0000] {processor.py:186} INFO - Started process (PID=892) to work on /home/airflow/.local/lib/python3.12/site-packages/airflow/example_dags/example_dataset_alias_with_no_taskflow.py
[2024-10-07T14:49:57.987+0000] {processor.py:914} INFO - Processing file /home/airflow/.local/lib/python3.12/site-packages/airflow/example_dags/example_dataset_alias_with_no_taskflow.py for tasks to queue
[2024-10-07T14:49:57.991+0000] {logging_mixin.py:190} INFO - [2024-10-07T14:49:57.991+0000] {dagbag.py:588} INFO - Filling up the DagBag from /home/airflow/.local/lib/python3.12/site-packages/airflow/example_dags/example_dataset_alias_with_no_taskflow.py
[2024-10-07T14:49:58.173+0000] {processor.py:925} INFO - DAG(s) 'dataset_s3_bucket_producer_with_no_taskflow', 'dataset_s3_bucket_consumer_with_no_taskflow', 'dataset_alias_example_alias_producer_with_no_taskflow', 'dataset_alias_example_alias_consumer_with_no_taskflow' retrieved from /home/airflow/.local/lib/python3.12/site-packages/airflow/example_dags/example_dataset_alias_with_no_taskflow.py
[2024-10-07T14:49:58.195+0000] {logging_mixin.py:190} INFO - [2024-10-07T14:49:58.195+0000] {dag.py:3239} INFO - Sync 4 DAGs
[2024-10-07T14:49:58.220+0000] {logging_mixin.py:190} INFO - [2024-10-07T14:49:58.219+0000] {dag.py:4180} INFO - Setting next_dagrun for dataset_alias_example_alias_consumer_with_no_taskflow to None, run_after=None
[2024-10-07T14:49:58.224+0000] {logging_mixin.py:190} INFO - [2024-10-07T14:49:58.223+0000] {dag.py:4180} INFO - Setting next_dagrun for dataset_alias_example_alias_producer_with_no_taskflow to None, run_after=None
[2024-10-07T14:49:58.226+0000] {logging_mixin.py:190} INFO - [2024-10-07T14:49:58.226+0000] {dag.py:4180} INFO - Setting next_dagrun for dataset_s3_bucket_consumer_with_no_taskflow to None, run_after=None
[2024-10-07T14:49:58.228+0000] {logging_mixin.py:190} INFO - [2024-10-07T14:49:58.228+0000] {dag.py:4180} INFO - Setting next_dagrun for dataset_s3_bucket_producer_with_no_taskflow to None, run_after=None
[2024-10-07T14:49:58.251+0000] {processor.py:208} INFO - Processing /home/airflow/.local/lib/python3.12/site-packages/airflow/example_dags/example_dataset_alias_with_no_taskflow.py took 0.272 seconds
[2024-10-07T14:50:28.391+0000] {processor.py:186} INFO - Started process (PID=954) to work on /home/airflow/.local/lib/python3.12/site-packages/airflow/example_dags/example_dataset_alias_with_no_taskflow.py
[2024-10-07T14:50:28.392+0000] {processor.py:914} INFO - Processing file /home/airflow/.local/lib/python3.12/site-packages/airflow/example_dags/example_dataset_alias_with_no_taskflow.py for tasks to queue
[2024-10-07T14:50:28.395+0000] {logging_mixin.py:190} INFO - [2024-10-07T14:50:28.395+0000] {dagbag.py:588} INFO - Filling up the DagBag from /home/airflow/.local/lib/python3.12/site-packages/airflow/example_dags/example_dataset_alias_with_no_taskflow.py
[2024-10-07T14:50:28.574+0000] {processor.py:925} INFO - DAG(s) 'dataset_s3_bucket_consumer_with_no_taskflow', 'dataset_alias_example_alias_producer_with_no_taskflow', 'dataset_alias_example_alias_consumer_with_no_taskflow', 'dataset_s3_bucket_producer_with_no_taskflow' retrieved from /home/airflow/.local/lib/python3.12/site-packages/airflow/example_dags/example_dataset_alias_with_no_taskflow.py
[2024-10-07T14:50:28.599+0000] {logging_mixin.py:190} INFO - [2024-10-07T14:50:28.599+0000] {dag.py:3239} INFO - Sync 4 DAGs
[2024-10-07T14:50:28.622+0000] {logging_mixin.py:190} INFO - [2024-10-07T14:50:28.622+0000] {dag.py:4180} INFO - Setting next_dagrun for dataset_alias_example_alias_consumer_with_no_taskflow to None, run_after=None
[2024-10-07T14:50:28.626+0000] {logging_mixin.py:190} INFO - [2024-10-07T14:50:28.626+0000] {dag.py:4180} INFO - Setting next_dagrun for dataset_alias_example_alias_producer_with_no_taskflow to None, run_after=None
[2024-10-07T14:50:28.629+0000] {logging_mixin.py:190} INFO - [2024-10-07T14:50:28.629+0000] {dag.py:4180} INFO - Setting next_dagrun for dataset_s3_bucket_consumer_with_no_taskflow to None, run_after=None
[2024-10-07T14:50:28.632+0000] {logging_mixin.py:190} INFO - [2024-10-07T14:50:28.632+0000] {dag.py:4180} INFO - Setting next_dagrun for dataset_s3_bucket_producer_with_no_taskflow to None, run_after=None
[2024-10-07T14:50:28.658+0000] {processor.py:208} INFO - Processing /home/airflow/.local/lib/python3.12/site-packages/airflow/example_dags/example_dataset_alias_with_no_taskflow.py took 0.273 seconds
[2024-10-07T14:50:59.428+0000] {processor.py:186} INFO - Started process (PID=1016) to work on /home/airflow/.local/lib/python3.12/site-packages/airflow/example_dags/example_dataset_alias_with_no_taskflow.py
[2024-10-07T14:50:59.430+0000] {processor.py:914} INFO - Processing file /home/airflow/.local/lib/python3.12/site-packages/airflow/example_dags/example_dataset_alias_with_no_taskflow.py for tasks to queue
[2024-10-07T14:50:59.434+0000] {logging_mixin.py:190} INFO - [2024-10-07T14:50:59.433+0000] {dagbag.py:588} INFO - Filling up the DagBag from /home/airflow/.local/lib/python3.12/site-packages/airflow/example_dags/example_dataset_alias_with_no_taskflow.py
[2024-10-07T14:50:59.609+0000] {processor.py:925} INFO - DAG(s) 'dataset_s3_bucket_producer_with_no_taskflow', 'dataset_s3_bucket_consumer_with_no_taskflow', 'dataset_alias_example_alias_consumer_with_no_taskflow', 'dataset_alias_example_alias_producer_with_no_taskflow' retrieved from /home/airflow/.local/lib/python3.12/site-packages/airflow/example_dags/example_dataset_alias_with_no_taskflow.py
[2024-10-07T14:50:59.632+0000] {logging_mixin.py:190} INFO - [2024-10-07T14:50:59.632+0000] {dag.py:3239} INFO - Sync 4 DAGs
[2024-10-07T14:50:59.657+0000] {logging_mixin.py:190} INFO - [2024-10-07T14:50:59.657+0000] {dag.py:4180} INFO - Setting next_dagrun for dataset_alias_example_alias_consumer_with_no_taskflow to None, run_after=None
[2024-10-07T14:50:59.661+0000] {logging_mixin.py:190} INFO - [2024-10-07T14:50:59.661+0000] {dag.py:4180} INFO - Setting next_dagrun for dataset_alias_example_alias_producer_with_no_taskflow to None, run_after=None
[2024-10-07T14:50:59.663+0000] {logging_mixin.py:190} INFO - [2024-10-07T14:50:59.663+0000] {dag.py:4180} INFO - Setting next_dagrun for dataset_s3_bucket_consumer_with_no_taskflow to None, run_after=None
[2024-10-07T14:50:59.665+0000] {logging_mixin.py:190} INFO - [2024-10-07T14:50:59.665+0000] {dag.py:4180} INFO - Setting next_dagrun for dataset_s3_bucket_producer_with_no_taskflow to None, run_after=None
[2024-10-07T14:50:59.688+0000] {processor.py:208} INFO - Processing /home/airflow/.local/lib/python3.12/site-packages/airflow/example_dags/example_dataset_alias_with_no_taskflow.py took 0.269 seconds
[2024-10-07T14:51:29.890+0000] {processor.py:186} INFO - Started process (PID=1078) to work on /home/airflow/.local/lib/python3.12/site-packages/airflow/example_dags/example_dataset_alias_with_no_taskflow.py
[2024-10-07T14:51:29.892+0000] {processor.py:914} INFO - Processing file /home/airflow/.local/lib/python3.12/site-packages/airflow/example_dags/example_dataset_alias_with_no_taskflow.py for tasks to queue
[2024-10-07T14:51:29.896+0000] {logging_mixin.py:190} INFO - [2024-10-07T14:51:29.896+0000] {dagbag.py:588} INFO - Filling up the DagBag from /home/airflow/.local/lib/python3.12/site-packages/airflow/example_dags/example_dataset_alias_with_no_taskflow.py
[2024-10-07T14:51:30.069+0000] {processor.py:925} INFO - DAG(s) 'dataset_s3_bucket_producer_with_no_taskflow', 'dataset_alias_example_alias_producer_with_no_taskflow', 'dataset_alias_example_alias_consumer_with_no_taskflow', 'dataset_s3_bucket_consumer_with_no_taskflow' retrieved from /home/airflow/.local/lib/python3.12/site-packages/airflow/example_dags/example_dataset_alias_with_no_taskflow.py
[2024-10-07T14:51:30.093+0000] {logging_mixin.py:190} INFO - [2024-10-07T14:51:30.093+0000] {dag.py:3239} INFO - Sync 4 DAGs
[2024-10-07T14:51:30.119+0000] {logging_mixin.py:190} INFO - [2024-10-07T14:51:30.118+0000] {dag.py:4180} INFO - Setting next_dagrun for dataset_alias_example_alias_consumer_with_no_taskflow to None, run_after=None
[2024-10-07T14:51:30.122+0000] {logging_mixin.py:190} INFO - [2024-10-07T14:51:30.122+0000] {dag.py:4180} INFO - Setting next_dagrun for dataset_alias_example_alias_producer_with_no_taskflow to None, run_after=None
[2024-10-07T14:51:30.126+0000] {logging_mixin.py:190} INFO - [2024-10-07T14:51:30.126+0000] {dag.py:4180} INFO - Setting next_dagrun for dataset_s3_bucket_consumer_with_no_taskflow to None, run_after=None
[2024-10-07T14:51:30.130+0000] {logging_mixin.py:190} INFO - [2024-10-07T14:51:30.129+0000] {dag.py:4180} INFO - Setting next_dagrun for dataset_s3_bucket_producer_with_no_taskflow to None, run_after=None
[2024-10-07T14:51:30.159+0000] {processor.py:208} INFO - Processing /home/airflow/.local/lib/python3.12/site-packages/airflow/example_dags/example_dataset_alias_with_no_taskflow.py took 0.275 seconds
[2024-10-07T14:52:00.956+0000] {processor.py:186} INFO - Started process (PID=1140) to work on /home/airflow/.local/lib/python3.12/site-packages/airflow/example_dags/example_dataset_alias_with_no_taskflow.py
[2024-10-07T14:52:00.957+0000] {processor.py:914} INFO - Processing file /home/airflow/.local/lib/python3.12/site-packages/airflow/example_dags/example_dataset_alias_with_no_taskflow.py for tasks to queue
[2024-10-07T14:52:00.961+0000] {logging_mixin.py:190} INFO - [2024-10-07T14:52:00.960+0000] {dagbag.py:588} INFO - Filling up the DagBag from /home/airflow/.local/lib/python3.12/site-packages/airflow/example_dags/example_dataset_alias_with_no_taskflow.py
[2024-10-07T14:52:01.170+0000] {processor.py:925} INFO - DAG(s) 'dataset_s3_bucket_consumer_with_no_taskflow', 'dataset_alias_example_alias_consumer_with_no_taskflow', 'dataset_alias_example_alias_producer_with_no_taskflow', 'dataset_s3_bucket_producer_with_no_taskflow' retrieved from /home/airflow/.local/lib/python3.12/site-packages/airflow/example_dags/example_dataset_alias_with_no_taskflow.py
[2024-10-07T14:52:01.202+0000] {logging_mixin.py:190} INFO - [2024-10-07T14:52:01.202+0000] {dag.py:3239} INFO - Sync 4 DAGs
[2024-10-07T14:52:01.258+0000] {logging_mixin.py:190} INFO - [2024-10-07T14:52:01.258+0000] {dag.py:4180} INFO - Setting next_dagrun for dataset_alias_example_alias_consumer_with_no_taskflow to None, run_after=None
[2024-10-07T14:52:01.263+0000] {logging_mixin.py:190} INFO - [2024-10-07T14:52:01.263+0000] {dag.py:4180} INFO - Setting next_dagrun for dataset_alias_example_alias_producer_with_no_taskflow to None, run_after=None
[2024-10-07T14:52:01.266+0000] {logging_mixin.py:190} INFO - [2024-10-07T14:52:01.265+0000] {dag.py:4180} INFO - Setting next_dagrun for dataset_s3_bucket_consumer_with_no_taskflow to None, run_after=None
[2024-10-07T14:52:01.268+0000] {logging_mixin.py:190} INFO - [2024-10-07T14:52:01.268+0000] {dag.py:4180} INFO - Setting next_dagrun for dataset_s3_bucket_producer_with_no_taskflow to None, run_after=None
[2024-10-07T14:52:01.304+0000] {processor.py:208} INFO - Processing /home/airflow/.local/lib/python3.12/site-packages/airflow/example_dags/example_dataset_alias_with_no_taskflow.py took 0.353 seconds
[2024-10-07T14:52:31.806+0000] {processor.py:186} INFO - Started process (PID=1202) to work on /home/airflow/.local/lib/python3.12/site-packages/airflow/example_dags/example_dataset_alias_with_no_taskflow.py
[2024-10-07T14:52:31.809+0000] {processor.py:914} INFO - Processing file /home/airflow/.local/lib/python3.12/site-packages/airflow/example_dags/example_dataset_alias_with_no_taskflow.py for tasks to queue
[2024-10-07T14:52:31.812+0000] {logging_mixin.py:190} INFO - [2024-10-07T14:52:31.812+0000] {dagbag.py:588} INFO - Filling up the DagBag from /home/airflow/.local/lib/python3.12/site-packages/airflow/example_dags/example_dataset_alias_with_no_taskflow.py
[2024-10-07T14:52:31.986+0000] {processor.py:925} INFO - DAG(s) 'dataset_s3_bucket_producer_with_no_taskflow', 'dataset_alias_example_alias_consumer_with_no_taskflow', 'dataset_alias_example_alias_producer_with_no_taskflow', 'dataset_s3_bucket_consumer_with_no_taskflow' retrieved from /home/airflow/.local/lib/python3.12/site-packages/airflow/example_dags/example_dataset_alias_with_no_taskflow.py
[2024-10-07T14:52:32.011+0000] {logging_mixin.py:190} INFO - [2024-10-07T14:52:32.011+0000] {dag.py:3239} INFO - Sync 4 DAGs
[2024-10-07T14:52:32.032+0000] {logging_mixin.py:190} INFO - [2024-10-07T14:52:32.031+0000] {dag.py:4180} INFO - Setting next_dagrun for dataset_alias_example_alias_consumer_with_no_taskflow to None, run_after=None
[2024-10-07T14:52:32.035+0000] {logging_mixin.py:190} INFO - [2024-10-07T14:52:32.035+0000] {dag.py:4180} INFO - Setting next_dagrun for dataset_alias_example_alias_producer_with_no_taskflow to None, run_after=None
[2024-10-07T14:52:32.037+0000] {logging_mixin.py:190} INFO - [2024-10-07T14:52:32.037+0000] {dag.py:4180} INFO - Setting next_dagrun for dataset_s3_bucket_consumer_with_no_taskflow to None, run_after=None
[2024-10-07T14:52:32.040+0000] {logging_mixin.py:190} INFO - [2024-10-07T14:52:32.039+0000] {dag.py:4180} INFO - Setting next_dagrun for dataset_s3_bucket_producer_with_no_taskflow to None, run_after=None
[2024-10-07T14:52:32.060+0000] {processor.py:208} INFO - Processing /home/airflow/.local/lib/python3.12/site-packages/airflow/example_dags/example_dataset_alias_with_no_taskflow.py took 0.264 seconds
[2024-10-07T14:53:02.189+0000] {processor.py:186} INFO - Started process (PID=1264) to work on /home/airflow/.local/lib/python3.12/site-packages/airflow/example_dags/example_dataset_alias_with_no_taskflow.py
[2024-10-07T14:53:02.191+0000] {processor.py:914} INFO - Processing file /home/airflow/.local/lib/python3.12/site-packages/airflow/example_dags/example_dataset_alias_with_no_taskflow.py for tasks to queue
[2024-10-07T14:53:02.194+0000] {logging_mixin.py:190} INFO - [2024-10-07T14:53:02.194+0000] {dagbag.py:588} INFO - Filling up the DagBag from /home/airflow/.local/lib/python3.12/site-packages/airflow/example_dags/example_dataset_alias_with_no_taskflow.py
[2024-10-07T14:53:02.387+0000] {processor.py:925} INFO - DAG(s) 'dataset_alias_example_alias_producer_with_no_taskflow', 'dataset_s3_bucket_consumer_with_no_taskflow', 'dataset_alias_example_alias_consumer_with_no_taskflow', 'dataset_s3_bucket_producer_with_no_taskflow' retrieved from /home/airflow/.local/lib/python3.12/site-packages/airflow/example_dags/example_dataset_alias_with_no_taskflow.py
[2024-10-07T14:53:02.412+0000] {logging_mixin.py:190} INFO - [2024-10-07T14:53:02.412+0000] {dag.py:3239} INFO - Sync 4 DAGs
[2024-10-07T14:53:02.435+0000] {logging_mixin.py:190} INFO - [2024-10-07T14:53:02.434+0000] {dag.py:4180} INFO - Setting next_dagrun for dataset_alias_example_alias_consumer_with_no_taskflow to None, run_after=None
[2024-10-07T14:53:02.439+0000] {logging_mixin.py:190} INFO - [2024-10-07T14:53:02.438+0000] {dag.py:4180} INFO - Setting next_dagrun for dataset_alias_example_alias_producer_with_no_taskflow to None, run_after=None
[2024-10-07T14:53:02.441+0000] {logging_mixin.py:190} INFO - [2024-10-07T14:53:02.441+0000] {dag.py:4180} INFO - Setting next_dagrun for dataset_s3_bucket_consumer_with_no_taskflow to None, run_after=None
[2024-10-07T14:53:02.443+0000] {logging_mixin.py:190} INFO - [2024-10-07T14:53:02.443+0000] {dag.py:4180} INFO - Setting next_dagrun for dataset_s3_bucket_producer_with_no_taskflow to None, run_after=None
[2024-10-07T14:53:02.464+0000] {processor.py:208} INFO - Processing /home/airflow/.local/lib/python3.12/site-packages/airflow/example_dags/example_dataset_alias_with_no_taskflow.py took 0.281 seconds
[2024-10-07T14:53:32.739+0000] {processor.py:186} INFO - Started process (PID=1327) to work on /home/airflow/.local/lib/python3.12/site-packages/airflow/example_dags/example_dataset_alias_with_no_taskflow.py
[2024-10-07T14:53:32.741+0000] {processor.py:914} INFO - Processing file /home/airflow/.local/lib/python3.12/site-packages/airflow/example_dags/example_dataset_alias_with_no_taskflow.py for tasks to queue
[2024-10-07T14:53:32.744+0000] {logging_mixin.py:190} INFO - [2024-10-07T14:53:32.743+0000] {dagbag.py:588} INFO - Filling up the DagBag from /home/airflow/.local/lib/python3.12/site-packages/airflow/example_dags/example_dataset_alias_with_no_taskflow.py
[2024-10-07T14:53:32.894+0000] {processor.py:925} INFO - DAG(s) 'dataset_alias_example_alias_producer_with_no_taskflow', 'dataset_alias_example_alias_consumer_with_no_taskflow', 'dataset_s3_bucket_producer_with_no_taskflow', 'dataset_s3_bucket_consumer_with_no_taskflow' retrieved from /home/airflow/.local/lib/python3.12/site-packages/airflow/example_dags/example_dataset_alias_with_no_taskflow.py
[2024-10-07T14:53:32.920+0000] {logging_mixin.py:190} INFO - [2024-10-07T14:53:32.920+0000] {dag.py:3239} INFO - Sync 4 DAGs
[2024-10-07T14:53:32.945+0000] {logging_mixin.py:190} INFO - [2024-10-07T14:53:32.945+0000] {dag.py:4180} INFO - Setting next_dagrun for dataset_alias_example_alias_consumer_with_no_taskflow to None, run_after=None
[2024-10-07T14:53:32.949+0000] {logging_mixin.py:190} INFO - [2024-10-07T14:53:32.949+0000] {dag.py:4180} INFO - Setting next_dagrun for dataset_alias_example_alias_producer_with_no_taskflow to None, run_after=None
[2024-10-07T14:53:32.952+0000] {logging_mixin.py:190} INFO - [2024-10-07T14:53:32.952+0000] {dag.py:4180} INFO - Setting next_dagrun for dataset_s3_bucket_consumer_with_no_taskflow to None, run_after=None
[2024-10-07T14:53:32.954+0000] {logging_mixin.py:190} INFO - [2024-10-07T14:53:32.954+0000] {dag.py:4180} INFO - Setting next_dagrun for dataset_s3_bucket_producer_with_no_taskflow to None, run_after=None
[2024-10-07T14:53:32.978+0000] {processor.py:208} INFO - Processing /home/airflow/.local/lib/python3.12/site-packages/airflow/example_dags/example_dataset_alias_with_no_taskflow.py took 0.244 seconds
