[2024-10-07T14:43:30.285+0000] {processor.py:186} INFO - Started process (PID=125) to work on /home/airflow/.local/lib/python3.12/site-packages/airflow/example_dags/example_bash_decorator.py
[2024-10-07T14:43:30.291+0000] {processor.py:914} INFO - Processing file /home/airflow/.local/lib/python3.12/site-packages/airflow/example_dags/example_bash_decorator.py for tasks to queue
[2024-10-07T14:43:30.298+0000] {logging_mixin.py:190} INFO - [2024-10-07T14:43:30.297+0000] {dagbag.py:588} INFO - Filling up the DagBag from /home/airflow/.local/lib/python3.12/site-packages/airflow/example_dags/example_bash_decorator.py
[2024-10-07T14:43:30.354+0000] {processor.py:925} INFO - DAG(s) 'example_bash_decorator' retrieved from /home/airflow/.local/lib/python3.12/site-packages/airflow/example_dags/example_bash_decorator.py
[2024-10-07T14:43:30.679+0000] {logging_mixin.py:190} INFO - [2024-10-07T14:43:30.677+0000] {override.py:1900} INFO - Created Permission View: can read on DAG:example_bash_decorator
[2024-10-07T14:43:30.710+0000] {logging_mixin.py:190} INFO - [2024-10-07T14:43:30.709+0000] {override.py:1900} INFO - Created Permission View: can delete on DAG:example_bash_decorator
[2024-10-07T14:43:30.732+0000] {logging_mixin.py:190} INFO - [2024-10-07T14:43:30.731+0000] {override.py:1900} INFO - Created Permission View: can edit on DAG:example_bash_decorator
[2024-10-07T14:43:30.757+0000] {logging_mixin.py:190} INFO - [2024-10-07T14:43:30.756+0000] {override.py:1900} INFO - Created Permission View: can read on DAG Run:example_bash_decorator
[2024-10-07T14:43:30.780+0000] {logging_mixin.py:190} INFO - [2024-10-07T14:43:30.780+0000] {override.py:1900} INFO - Created Permission View: can create on DAG Run:example_bash_decorator
[2024-10-07T14:43:30.803+0000] {logging_mixin.py:190} INFO - [2024-10-07T14:43:30.802+0000] {override.py:1900} INFO - Created Permission View: menu access on DAG Run:example_bash_decorator
[2024-10-07T14:43:30.825+0000] {logging_mixin.py:190} INFO - [2024-10-07T14:43:30.825+0000] {override.py:1900} INFO - Created Permission View: can delete on DAG Run:example_bash_decorator
[2024-10-07T14:43:30.828+0000] {logging_mixin.py:190} INFO - [2024-10-07T14:43:30.828+0000] {dag.py:3239} INFO - Sync 1 DAGs
[2024-10-07T14:43:30.868+0000] {logging_mixin.py:190} INFO - [2024-10-07T14:43:30.867+0000] {dag.py:3262} INFO - Creating ORM DAG for example_bash_decorator
[2024-10-07T14:43:30.872+0000] {logging_mixin.py:190} INFO - [2024-10-07T14:43:30.871+0000] {dag.py:4180} INFO - Setting next_dagrun for example_bash_decorator to None, run_after=None
[2024-10-07T14:43:30.928+0000] {processor.py:208} INFO - Processing /home/airflow/.local/lib/python3.12/site-packages/airflow/example_dags/example_bash_decorator.py took 0.661 seconds
[2024-10-07T14:44:01.668+0000] {processor.py:186} INFO - Started process (PID=187) to work on /home/airflow/.local/lib/python3.12/site-packages/airflow/example_dags/example_bash_decorator.py
[2024-10-07T14:44:01.671+0000] {processor.py:914} INFO - Processing file /home/airflow/.local/lib/python3.12/site-packages/airflow/example_dags/example_bash_decorator.py for tasks to queue
[2024-10-07T14:44:01.677+0000] {logging_mixin.py:190} INFO - [2024-10-07T14:44:01.676+0000] {dagbag.py:588} INFO - Filling up the DagBag from /home/airflow/.local/lib/python3.12/site-packages/airflow/example_dags/example_bash_decorator.py
[2024-10-07T14:44:01.695+0000] {processor.py:925} INFO - DAG(s) 'example_bash_decorator' retrieved from /home/airflow/.local/lib/python3.12/site-packages/airflow/example_dags/example_bash_decorator.py
[2024-10-07T14:44:01.721+0000] {logging_mixin.py:190} INFO - [2024-10-07T14:44:01.720+0000] {dag.py:3239} INFO - Sync 1 DAGs
[2024-10-07T14:44:01.735+0000] {logging_mixin.py:190} INFO - [2024-10-07T14:44:01.735+0000] {dag.py:4180} INFO - Setting next_dagrun for example_bash_decorator to None, run_after=None
[2024-10-07T14:44:01.756+0000] {processor.py:208} INFO - Processing /home/airflow/.local/lib/python3.12/site-packages/airflow/example_dags/example_bash_decorator.py took 0.098 seconds
[2024-10-07T14:44:31.842+0000] {processor.py:186} INFO - Started process (PID=249) to work on /home/airflow/.local/lib/python3.12/site-packages/airflow/example_dags/example_bash_decorator.py
[2024-10-07T14:44:31.843+0000] {processor.py:914} INFO - Processing file /home/airflow/.local/lib/python3.12/site-packages/airflow/example_dags/example_bash_decorator.py for tasks to queue
[2024-10-07T14:44:31.846+0000] {logging_mixin.py:190} INFO - [2024-10-07T14:44:31.846+0000] {dagbag.py:588} INFO - Filling up the DagBag from /home/airflow/.local/lib/python3.12/site-packages/airflow/example_dags/example_bash_decorator.py
[2024-10-07T14:44:31.860+0000] {processor.py:925} INFO - DAG(s) 'example_bash_decorator' retrieved from /home/airflow/.local/lib/python3.12/site-packages/airflow/example_dags/example_bash_decorator.py
[2024-10-07T14:44:31.884+0000] {logging_mixin.py:190} INFO - [2024-10-07T14:44:31.884+0000] {dag.py:3239} INFO - Sync 1 DAGs
[2024-10-07T14:44:31.898+0000] {logging_mixin.py:190} INFO - [2024-10-07T14:44:31.898+0000] {dag.py:4180} INFO - Setting next_dagrun for example_bash_decorator to None, run_after=None
[2024-10-07T14:44:31.918+0000] {processor.py:208} INFO - Processing /home/airflow/.local/lib/python3.12/site-packages/airflow/example_dags/example_bash_decorator.py took 0.084 seconds
[2024-10-07T14:45:02.416+0000] {processor.py:186} INFO - Started process (PID=311) to work on /home/airflow/.local/lib/python3.12/site-packages/airflow/example_dags/example_bash_decorator.py
[2024-10-07T14:45:02.418+0000] {processor.py:914} INFO - Processing file /home/airflow/.local/lib/python3.12/site-packages/airflow/example_dags/example_bash_decorator.py for tasks to queue
[2024-10-07T14:45:02.421+0000] {logging_mixin.py:190} INFO - [2024-10-07T14:45:02.421+0000] {dagbag.py:588} INFO - Filling up the DagBag from /home/airflow/.local/lib/python3.12/site-packages/airflow/example_dags/example_bash_decorator.py
[2024-10-07T14:45:02.435+0000] {processor.py:925} INFO - DAG(s) 'example_bash_decorator' retrieved from /home/airflow/.local/lib/python3.12/site-packages/airflow/example_dags/example_bash_decorator.py
[2024-10-07T14:45:02.460+0000] {logging_mixin.py:190} INFO - [2024-10-07T14:45:02.460+0000] {dag.py:3239} INFO - Sync 1 DAGs
[2024-10-07T14:45:02.474+0000] {logging_mixin.py:190} INFO - [2024-10-07T14:45:02.474+0000] {dag.py:4180} INFO - Setting next_dagrun for example_bash_decorator to None, run_after=None
[2024-10-07T14:45:02.493+0000] {processor.py:208} INFO - Processing /home/airflow/.local/lib/python3.12/site-packages/airflow/example_dags/example_bash_decorator.py took 0.085 seconds
[2024-10-07T14:45:32.833+0000] {processor.py:186} INFO - Started process (PID=372) to work on /home/airflow/.local/lib/python3.12/site-packages/airflow/example_dags/example_bash_decorator.py
[2024-10-07T14:45:32.835+0000] {processor.py:914} INFO - Processing file /home/airflow/.local/lib/python3.12/site-packages/airflow/example_dags/example_bash_decorator.py for tasks to queue
[2024-10-07T14:45:32.840+0000] {logging_mixin.py:190} INFO - [2024-10-07T14:45:32.839+0000] {dagbag.py:588} INFO - Filling up the DagBag from /home/airflow/.local/lib/python3.12/site-packages/airflow/example_dags/example_bash_decorator.py
[2024-10-07T14:45:32.857+0000] {processor.py:925} INFO - DAG(s) 'example_bash_decorator' retrieved from /home/airflow/.local/lib/python3.12/site-packages/airflow/example_dags/example_bash_decorator.py
[2024-10-07T14:45:32.885+0000] {logging_mixin.py:190} INFO - [2024-10-07T14:45:32.884+0000] {dag.py:3239} INFO - Sync 1 DAGs
[2024-10-07T14:45:32.901+0000] {logging_mixin.py:190} INFO - [2024-10-07T14:45:32.901+0000] {dag.py:4180} INFO - Setting next_dagrun for example_bash_decorator to None, run_after=None
[2024-10-07T14:45:32.923+0000] {processor.py:208} INFO - Processing /home/airflow/.local/lib/python3.12/site-packages/airflow/example_dags/example_bash_decorator.py took 0.100 seconds
[2024-10-07T14:46:03.390+0000] {processor.py:186} INFO - Started process (PID=435) to work on /home/airflow/.local/lib/python3.12/site-packages/airflow/example_dags/example_bash_decorator.py
[2024-10-07T14:46:03.396+0000] {processor.py:914} INFO - Processing file /home/airflow/.local/lib/python3.12/site-packages/airflow/example_dags/example_bash_decorator.py for tasks to queue
[2024-10-07T14:46:03.404+0000] {logging_mixin.py:190} INFO - [2024-10-07T14:46:03.403+0000] {dagbag.py:588} INFO - Filling up the DagBag from /home/airflow/.local/lib/python3.12/site-packages/airflow/example_dags/example_bash_decorator.py
[2024-10-07T14:46:03.456+0000] {processor.py:925} INFO - DAG(s) 'example_bash_decorator' retrieved from /home/airflow/.local/lib/python3.12/site-packages/airflow/example_dags/example_bash_decorator.py
[2024-10-07T14:46:03.511+0000] {logging_mixin.py:190} INFO - [2024-10-07T14:46:03.510+0000] {dag.py:3239} INFO - Sync 1 DAGs
[2024-10-07T14:46:03.550+0000] {logging_mixin.py:190} INFO - [2024-10-07T14:46:03.549+0000] {dag.py:4180} INFO - Setting next_dagrun for example_bash_decorator to None, run_after=None
[2024-10-07T14:46:03.594+0000] {processor.py:208} INFO - Processing /home/airflow/.local/lib/python3.12/site-packages/airflow/example_dags/example_bash_decorator.py took 0.221 seconds
[2024-10-07T14:46:34.137+0000] {processor.py:186} INFO - Started process (PID=497) to work on /home/airflow/.local/lib/python3.12/site-packages/airflow/example_dags/example_bash_decorator.py
[2024-10-07T14:46:34.142+0000] {processor.py:914} INFO - Processing file /home/airflow/.local/lib/python3.12/site-packages/airflow/example_dags/example_bash_decorator.py for tasks to queue
[2024-10-07T14:46:34.151+0000] {logging_mixin.py:190} INFO - [2024-10-07T14:46:34.149+0000] {dagbag.py:588} INFO - Filling up the DagBag from /home/airflow/.local/lib/python3.12/site-packages/airflow/example_dags/example_bash_decorator.py
[2024-10-07T14:46:34.189+0000] {processor.py:925} INFO - DAG(s) 'example_bash_decorator' retrieved from /home/airflow/.local/lib/python3.12/site-packages/airflow/example_dags/example_bash_decorator.py
[2024-10-07T14:46:34.259+0000] {logging_mixin.py:190} INFO - [2024-10-07T14:46:34.258+0000] {dag.py:3239} INFO - Sync 1 DAGs
[2024-10-07T14:46:34.300+0000] {logging_mixin.py:190} INFO - [2024-10-07T14:46:34.300+0000] {dag.py:4180} INFO - Setting next_dagrun for example_bash_decorator to None, run_after=None
[2024-10-07T14:46:34.352+0000] {processor.py:208} INFO - Processing /home/airflow/.local/lib/python3.12/site-packages/airflow/example_dags/example_bash_decorator.py took 0.229 seconds
[2024-10-07T14:47:04.551+0000] {processor.py:186} INFO - Started process (PID=559) to work on /home/airflow/.local/lib/python3.12/site-packages/airflow/example_dags/example_bash_decorator.py
[2024-10-07T14:47:04.552+0000] {processor.py:914} INFO - Processing file /home/airflow/.local/lib/python3.12/site-packages/airflow/example_dags/example_bash_decorator.py for tasks to queue
[2024-10-07T14:47:04.557+0000] {logging_mixin.py:190} INFO - [2024-10-07T14:47:04.557+0000] {dagbag.py:588} INFO - Filling up the DagBag from /home/airflow/.local/lib/python3.12/site-packages/airflow/example_dags/example_bash_decorator.py
[2024-10-07T14:47:04.580+0000] {processor.py:925} INFO - DAG(s) 'example_bash_decorator' retrieved from /home/airflow/.local/lib/python3.12/site-packages/airflow/example_dags/example_bash_decorator.py
[2024-10-07T14:47:04.612+0000] {logging_mixin.py:190} INFO - [2024-10-07T14:47:04.612+0000] {dag.py:3239} INFO - Sync 1 DAGs
[2024-10-07T14:47:04.633+0000] {logging_mixin.py:190} INFO - [2024-10-07T14:47:04.633+0000] {dag.py:4180} INFO - Setting next_dagrun for example_bash_decorator to None, run_after=None
[2024-10-07T14:47:04.659+0000] {processor.py:208} INFO - Processing /home/airflow/.local/lib/python3.12/site-packages/airflow/example_dags/example_bash_decorator.py took 0.117 seconds
[2024-10-07T14:47:34.790+0000] {processor.py:186} INFO - Started process (PID=620) to work on /home/airflow/.local/lib/python3.12/site-packages/airflow/example_dags/example_bash_decorator.py
[2024-10-07T14:47:34.791+0000] {processor.py:914} INFO - Processing file /home/airflow/.local/lib/python3.12/site-packages/airflow/example_dags/example_bash_decorator.py for tasks to queue
[2024-10-07T14:47:34.794+0000] {logging_mixin.py:190} INFO - [2024-10-07T14:47:34.794+0000] {dagbag.py:588} INFO - Filling up the DagBag from /home/airflow/.local/lib/python3.12/site-packages/airflow/example_dags/example_bash_decorator.py
[2024-10-07T14:47:34.808+0000] {processor.py:925} INFO - DAG(s) 'example_bash_decorator' retrieved from /home/airflow/.local/lib/python3.12/site-packages/airflow/example_dags/example_bash_decorator.py
[2024-10-07T14:47:34.832+0000] {logging_mixin.py:190} INFO - [2024-10-07T14:47:34.831+0000] {dag.py:3239} INFO - Sync 1 DAGs
[2024-10-07T14:47:34.847+0000] {logging_mixin.py:190} INFO - [2024-10-07T14:47:34.846+0000] {dag.py:4180} INFO - Setting next_dagrun for example_bash_decorator to None, run_after=None
[2024-10-07T14:47:34.867+0000] {processor.py:208} INFO - Processing /home/airflow/.local/lib/python3.12/site-packages/airflow/example_dags/example_bash_decorator.py took 0.083 seconds
[2024-10-07T14:48:05.477+0000] {processor.py:186} INFO - Started process (PID=682) to work on /home/airflow/.local/lib/python3.12/site-packages/airflow/example_dags/example_bash_decorator.py
[2024-10-07T14:48:05.478+0000] {processor.py:914} INFO - Processing file /home/airflow/.local/lib/python3.12/site-packages/airflow/example_dags/example_bash_decorator.py for tasks to queue
[2024-10-07T14:48:05.482+0000] {logging_mixin.py:190} INFO - [2024-10-07T14:48:05.481+0000] {dagbag.py:588} INFO - Filling up the DagBag from /home/airflow/.local/lib/python3.12/site-packages/airflow/example_dags/example_bash_decorator.py
[2024-10-07T14:48:05.498+0000] {processor.py:925} INFO - DAG(s) 'example_bash_decorator' retrieved from /home/airflow/.local/lib/python3.12/site-packages/airflow/example_dags/example_bash_decorator.py
[2024-10-07T14:48:05.523+0000] {logging_mixin.py:190} INFO - [2024-10-07T14:48:05.523+0000] {dag.py:3239} INFO - Sync 1 DAGs
[2024-10-07T14:48:05.537+0000] {logging_mixin.py:190} INFO - [2024-10-07T14:48:05.537+0000] {dag.py:4180} INFO - Setting next_dagrun for example_bash_decorator to None, run_after=None
[2024-10-07T14:48:05.557+0000] {processor.py:208} INFO - Processing /home/airflow/.local/lib/python3.12/site-packages/airflow/example_dags/example_bash_decorator.py took 0.090 seconds
[2024-10-07T14:48:35.892+0000] {processor.py:186} INFO - Started process (PID=744) to work on /home/airflow/.local/lib/python3.12/site-packages/airflow/example_dags/example_bash_decorator.py
[2024-10-07T14:48:35.894+0000] {processor.py:914} INFO - Processing file /home/airflow/.local/lib/python3.12/site-packages/airflow/example_dags/example_bash_decorator.py for tasks to queue
[2024-10-07T14:48:35.896+0000] {logging_mixin.py:190} INFO - [2024-10-07T14:48:35.896+0000] {dagbag.py:588} INFO - Filling up the DagBag from /home/airflow/.local/lib/python3.12/site-packages/airflow/example_dags/example_bash_decorator.py
[2024-10-07T14:48:35.912+0000] {processor.py:925} INFO - DAG(s) 'example_bash_decorator' retrieved from /home/airflow/.local/lib/python3.12/site-packages/airflow/example_dags/example_bash_decorator.py
[2024-10-07T14:48:35.936+0000] {logging_mixin.py:190} INFO - [2024-10-07T14:48:35.936+0000] {dag.py:3239} INFO - Sync 1 DAGs
[2024-10-07T14:48:35.952+0000] {logging_mixin.py:190} INFO - [2024-10-07T14:48:35.951+0000] {dag.py:4180} INFO - Setting next_dagrun for example_bash_decorator to None, run_after=None
[2024-10-07T14:48:35.973+0000] {processor.py:208} INFO - Processing /home/airflow/.local/lib/python3.12/site-packages/airflow/example_dags/example_bash_decorator.py took 0.085 seconds
[2024-10-07T14:49:06.226+0000] {processor.py:186} INFO - Started process (PID=806) to work on /home/airflow/.local/lib/python3.12/site-packages/airflow/example_dags/example_bash_decorator.py
[2024-10-07T14:49:06.228+0000] {processor.py:914} INFO - Processing file /home/airflow/.local/lib/python3.12/site-packages/airflow/example_dags/example_bash_decorator.py for tasks to queue
[2024-10-07T14:49:06.231+0000] {logging_mixin.py:190} INFO - [2024-10-07T14:49:06.231+0000] {dagbag.py:588} INFO - Filling up the DagBag from /home/airflow/.local/lib/python3.12/site-packages/airflow/example_dags/example_bash_decorator.py
[2024-10-07T14:49:06.246+0000] {processor.py:925} INFO - DAG(s) 'example_bash_decorator' retrieved from /home/airflow/.local/lib/python3.12/site-packages/airflow/example_dags/example_bash_decorator.py
[2024-10-07T14:49:06.271+0000] {logging_mixin.py:190} INFO - [2024-10-07T14:49:06.271+0000] {dag.py:3239} INFO - Sync 1 DAGs
[2024-10-07T14:49:06.288+0000] {logging_mixin.py:190} INFO - [2024-10-07T14:49:06.288+0000] {dag.py:4180} INFO - Setting next_dagrun for example_bash_decorator to None, run_after=None
[2024-10-07T14:49:06.315+0000] {processor.py:208} INFO - Processing /home/airflow/.local/lib/python3.12/site-packages/airflow/example_dags/example_bash_decorator.py took 0.097 seconds
[2024-10-07T14:49:37.201+0000] {processor.py:186} INFO - Started process (PID=868) to work on /home/airflow/.local/lib/python3.12/site-packages/airflow/example_dags/example_bash_decorator.py
[2024-10-07T14:49:37.202+0000] {processor.py:914} INFO - Processing file /home/airflow/.local/lib/python3.12/site-packages/airflow/example_dags/example_bash_decorator.py for tasks to queue
[2024-10-07T14:49:37.205+0000] {logging_mixin.py:190} INFO - [2024-10-07T14:49:37.205+0000] {dagbag.py:588} INFO - Filling up the DagBag from /home/airflow/.local/lib/python3.12/site-packages/airflow/example_dags/example_bash_decorator.py
[2024-10-07T14:49:37.220+0000] {processor.py:925} INFO - DAG(s) 'example_bash_decorator' retrieved from /home/airflow/.local/lib/python3.12/site-packages/airflow/example_dags/example_bash_decorator.py
[2024-10-07T14:49:37.244+0000] {logging_mixin.py:190} INFO - [2024-10-07T14:49:37.244+0000] {dag.py:3239} INFO - Sync 1 DAGs
[2024-10-07T14:49:37.259+0000] {logging_mixin.py:190} INFO - [2024-10-07T14:49:37.258+0000] {dag.py:4180} INFO - Setting next_dagrun for example_bash_decorator to None, run_after=None
[2024-10-07T14:49:37.280+0000] {processor.py:208} INFO - Processing /home/airflow/.local/lib/python3.12/site-packages/airflow/example_dags/example_bash_decorator.py took 0.085 seconds
[2024-10-07T14:50:07.526+0000] {processor.py:186} INFO - Started process (PID=930) to work on /home/airflow/.local/lib/python3.12/site-packages/airflow/example_dags/example_bash_decorator.py
[2024-10-07T14:50:07.529+0000] {processor.py:914} INFO - Processing file /home/airflow/.local/lib/python3.12/site-packages/airflow/example_dags/example_bash_decorator.py for tasks to queue
[2024-10-07T14:50:07.536+0000] {logging_mixin.py:190} INFO - [2024-10-07T14:50:07.535+0000] {dagbag.py:588} INFO - Filling up the DagBag from /home/airflow/.local/lib/python3.12/site-packages/airflow/example_dags/example_bash_decorator.py
[2024-10-07T14:50:07.564+0000] {processor.py:925} INFO - DAG(s) 'example_bash_decorator' retrieved from /home/airflow/.local/lib/python3.12/site-packages/airflow/example_dags/example_bash_decorator.py
[2024-10-07T14:50:07.592+0000] {logging_mixin.py:190} INFO - [2024-10-07T14:50:07.592+0000] {dag.py:3239} INFO - Sync 1 DAGs
[2024-10-07T14:50:07.608+0000] {logging_mixin.py:190} INFO - [2024-10-07T14:50:07.607+0000] {dag.py:4180} INFO - Setting next_dagrun for example_bash_decorator to None, run_after=None
[2024-10-07T14:50:07.626+0000] {processor.py:208} INFO - Processing /home/airflow/.local/lib/python3.12/site-packages/airflow/example_dags/example_bash_decorator.py took 0.112 seconds
[2024-10-07T14:50:37.883+0000] {processor.py:186} INFO - Started process (PID=992) to work on /home/airflow/.local/lib/python3.12/site-packages/airflow/example_dags/example_bash_decorator.py
[2024-10-07T14:50:37.884+0000] {processor.py:914} INFO - Processing file /home/airflow/.local/lib/python3.12/site-packages/airflow/example_dags/example_bash_decorator.py for tasks to queue
[2024-10-07T14:50:37.887+0000] {logging_mixin.py:190} INFO - [2024-10-07T14:50:37.887+0000] {dagbag.py:588} INFO - Filling up the DagBag from /home/airflow/.local/lib/python3.12/site-packages/airflow/example_dags/example_bash_decorator.py
[2024-10-07T14:50:37.903+0000] {processor.py:925} INFO - DAG(s) 'example_bash_decorator' retrieved from /home/airflow/.local/lib/python3.12/site-packages/airflow/example_dags/example_bash_decorator.py
[2024-10-07T14:50:37.926+0000] {logging_mixin.py:190} INFO - [2024-10-07T14:50:37.926+0000] {dag.py:3239} INFO - Sync 1 DAGs
[2024-10-07T14:50:37.941+0000] {logging_mixin.py:190} INFO - [2024-10-07T14:50:37.941+0000] {dag.py:4180} INFO - Setting next_dagrun for example_bash_decorator to None, run_after=None
[2024-10-07T14:50:37.959+0000] {processor.py:208} INFO - Processing /home/airflow/.local/lib/python3.12/site-packages/airflow/example_dags/example_bash_decorator.py took 0.083 seconds
[2024-10-07T14:51:08.437+0000] {processor.py:186} INFO - Started process (PID=1054) to work on /home/airflow/.local/lib/python3.12/site-packages/airflow/example_dags/example_bash_decorator.py
[2024-10-07T14:51:08.439+0000] {processor.py:914} INFO - Processing file /home/airflow/.local/lib/python3.12/site-packages/airflow/example_dags/example_bash_decorator.py for tasks to queue
[2024-10-07T14:51:08.443+0000] {logging_mixin.py:190} INFO - [2024-10-07T14:51:08.442+0000] {dagbag.py:588} INFO - Filling up the DagBag from /home/airflow/.local/lib/python3.12/site-packages/airflow/example_dags/example_bash_decorator.py
[2024-10-07T14:51:08.471+0000] {processor.py:925} INFO - DAG(s) 'example_bash_decorator' retrieved from /home/airflow/.local/lib/python3.12/site-packages/airflow/example_dags/example_bash_decorator.py
[2024-10-07T14:51:08.499+0000] {logging_mixin.py:190} INFO - [2024-10-07T14:51:08.499+0000] {dag.py:3239} INFO - Sync 1 DAGs
[2024-10-07T14:51:08.514+0000] {logging_mixin.py:190} INFO - [2024-10-07T14:51:08.513+0000] {dag.py:4180} INFO - Setting next_dagrun for example_bash_decorator to None, run_after=None
[2024-10-07T14:51:08.533+0000] {processor.py:208} INFO - Processing /home/airflow/.local/lib/python3.12/site-packages/airflow/example_dags/example_bash_decorator.py took 0.106 seconds
[2024-10-07T14:51:38.782+0000] {processor.py:186} INFO - Started process (PID=1116) to work on /home/airflow/.local/lib/python3.12/site-packages/airflow/example_dags/example_bash_decorator.py
[2024-10-07T14:51:38.784+0000] {processor.py:914} INFO - Processing file /home/airflow/.local/lib/python3.12/site-packages/airflow/example_dags/example_bash_decorator.py for tasks to queue
[2024-10-07T14:51:38.788+0000] {logging_mixin.py:190} INFO - [2024-10-07T14:51:38.787+0000] {dagbag.py:588} INFO - Filling up the DagBag from /home/airflow/.local/lib/python3.12/site-packages/airflow/example_dags/example_bash_decorator.py
[2024-10-07T14:51:38.805+0000] {processor.py:925} INFO - DAG(s) 'example_bash_decorator' retrieved from /home/airflow/.local/lib/python3.12/site-packages/airflow/example_dags/example_bash_decorator.py
[2024-10-07T14:51:38.829+0000] {logging_mixin.py:190} INFO - [2024-10-07T14:51:38.828+0000] {dag.py:3239} INFO - Sync 1 DAGs
[2024-10-07T14:51:38.845+0000] {logging_mixin.py:190} INFO - [2024-10-07T14:51:38.845+0000] {dag.py:4180} INFO - Setting next_dagrun for example_bash_decorator to None, run_after=None
[2024-10-07T14:51:38.868+0000] {processor.py:208} INFO - Processing /home/airflow/.local/lib/python3.12/site-packages/airflow/example_dags/example_bash_decorator.py took 0.093 seconds
[2024-10-07T14:52:09.387+0000] {processor.py:186} INFO - Started process (PID=1178) to work on /home/airflow/.local/lib/python3.12/site-packages/airflow/example_dags/example_bash_decorator.py
[2024-10-07T14:52:09.390+0000] {processor.py:914} INFO - Processing file /home/airflow/.local/lib/python3.12/site-packages/airflow/example_dags/example_bash_decorator.py for tasks to queue
[2024-10-07T14:52:09.397+0000] {logging_mixin.py:190} INFO - [2024-10-07T14:52:09.396+0000] {dagbag.py:588} INFO - Filling up the DagBag from /home/airflow/.local/lib/python3.12/site-packages/airflow/example_dags/example_bash_decorator.py
[2024-10-07T14:52:09.434+0000] {processor.py:925} INFO - DAG(s) 'example_bash_decorator' retrieved from /home/airflow/.local/lib/python3.12/site-packages/airflow/example_dags/example_bash_decorator.py
[2024-10-07T14:52:09.471+0000] {logging_mixin.py:190} INFO - [2024-10-07T14:52:09.471+0000] {dag.py:3239} INFO - Sync 1 DAGs
[2024-10-07T14:52:09.489+0000] {logging_mixin.py:190} INFO - [2024-10-07T14:52:09.488+0000] {dag.py:4180} INFO - Setting next_dagrun for example_bash_decorator to None, run_after=None
[2024-10-07T14:52:09.507+0000] {processor.py:208} INFO - Processing /home/airflow/.local/lib/python3.12/site-packages/airflow/example_dags/example_bash_decorator.py took 0.133 seconds
[2024-10-07T14:52:39.871+0000] {processor.py:186} INFO - Started process (PID=1240) to work on /home/airflow/.local/lib/python3.12/site-packages/airflow/example_dags/example_bash_decorator.py
[2024-10-07T14:52:39.873+0000] {processor.py:914} INFO - Processing file /home/airflow/.local/lib/python3.12/site-packages/airflow/example_dags/example_bash_decorator.py for tasks to queue
[2024-10-07T14:52:39.876+0000] {logging_mixin.py:190} INFO - [2024-10-07T14:52:39.876+0000] {dagbag.py:588} INFO - Filling up the DagBag from /home/airflow/.local/lib/python3.12/site-packages/airflow/example_dags/example_bash_decorator.py
[2024-10-07T14:52:39.893+0000] {processor.py:925} INFO - DAG(s) 'example_bash_decorator' retrieved from /home/airflow/.local/lib/python3.12/site-packages/airflow/example_dags/example_bash_decorator.py
[2024-10-07T14:52:39.918+0000] {logging_mixin.py:190} INFO - [2024-10-07T14:52:39.918+0000] {dag.py:3239} INFO - Sync 1 DAGs
[2024-10-07T14:52:39.934+0000] {logging_mixin.py:190} INFO - [2024-10-07T14:52:39.933+0000] {dag.py:4180} INFO - Setting next_dagrun for example_bash_decorator to None, run_after=None
[2024-10-07T14:52:39.952+0000] {processor.py:208} INFO - Processing /home/airflow/.local/lib/python3.12/site-packages/airflow/example_dags/example_bash_decorator.py took 0.089 seconds
[2024-10-07T14:53:10.596+0000] {processor.py:186} INFO - Started process (PID=1302) to work on /home/airflow/.local/lib/python3.12/site-packages/airflow/example_dags/example_bash_decorator.py
[2024-10-07T14:53:10.597+0000] {processor.py:914} INFO - Processing file /home/airflow/.local/lib/python3.12/site-packages/airflow/example_dags/example_bash_decorator.py for tasks to queue
[2024-10-07T14:53:10.600+0000] {logging_mixin.py:190} INFO - [2024-10-07T14:53:10.600+0000] {dagbag.py:588} INFO - Filling up the DagBag from /home/airflow/.local/lib/python3.12/site-packages/airflow/example_dags/example_bash_decorator.py
[2024-10-07T14:53:10.614+0000] {processor.py:925} INFO - DAG(s) 'example_bash_decorator' retrieved from /home/airflow/.local/lib/python3.12/site-packages/airflow/example_dags/example_bash_decorator.py
[2024-10-07T14:53:10.638+0000] {logging_mixin.py:190} INFO - [2024-10-07T14:53:10.637+0000] {dag.py:3239} INFO - Sync 1 DAGs
[2024-10-07T14:53:10.652+0000] {logging_mixin.py:190} INFO - [2024-10-07T14:53:10.652+0000] {dag.py:4180} INFO - Setting next_dagrun for example_bash_decorator to None, run_after=None
[2024-10-07T14:53:10.675+0000] {processor.py:208} INFO - Processing /home/airflow/.local/lib/python3.12/site-packages/airflow/example_dags/example_bash_decorator.py took 0.085 seconds
