[2024-10-07T14:43:24.388+0000] {processor.py:186} INFO - Started process (PID=112) to work on /home/airflow/.local/lib/python3.12/site-packages/airflow/example_dags/example_latest_only.py
[2024-10-07T14:43:24.390+0000] {processor.py:914} INFO - Processing file /home/airflow/.local/lib/python3.12/site-packages/airflow/example_dags/example_latest_only.py for tasks to queue
[2024-10-07T14:43:24.394+0000] {logging_mixin.py:190} INFO - [2024-10-07T14:43:24.394+0000] {dagbag.py:588} INFO - Filling up the DagBag from /home/airflow/.local/lib/python3.12/site-packages/airflow/example_dags/example_latest_only.py
[2024-10-07T14:43:24.407+0000] {processor.py:925} INFO - DAG(s) 'latest_only' retrieved from /home/airflow/.local/lib/python3.12/site-packages/airflow/example_dags/example_latest_only.py
[2024-10-07T14:43:24.713+0000] {logging_mixin.py:190} INFO - [2024-10-07T14:43:24.711+0000] {override.py:1900} INFO - Created Permission View: can read on DAG:latest_only
[2024-10-07T14:43:24.731+0000] {logging_mixin.py:190} INFO - [2024-10-07T14:43:24.731+0000] {override.py:1900} INFO - Created Permission View: can delete on DAG:latest_only
[2024-10-07T14:43:24.742+0000] {logging_mixin.py:190} INFO - [2024-10-07T14:43:24.742+0000] {override.py:1900} INFO - Created Permission View: can edit on DAG:latest_only
[2024-10-07T14:43:24.753+0000] {logging_mixin.py:190} INFO - [2024-10-07T14:43:24.753+0000] {override.py:1900} INFO - Created Permission View: can read on DAG Run:latest_only
[2024-10-07T14:43:24.765+0000] {logging_mixin.py:190} INFO - [2024-10-07T14:43:24.764+0000] {override.py:1900} INFO - Created Permission View: can create on DAG Run:latest_only
[2024-10-07T14:43:24.776+0000] {logging_mixin.py:190} INFO - [2024-10-07T14:43:24.776+0000] {override.py:1900} INFO - Created Permission View: menu access on DAG Run:latest_only
[2024-10-07T14:43:24.787+0000] {logging_mixin.py:190} INFO - [2024-10-07T14:43:24.787+0000] {override.py:1900} INFO - Created Permission View: can delete on DAG Run:latest_only
[2024-10-07T14:43:24.789+0000] {logging_mixin.py:190} INFO - [2024-10-07T14:43:24.788+0000] {dag.py:3239} INFO - Sync 1 DAGs
[2024-10-07T14:43:24.826+0000] {logging_mixin.py:190} INFO - [2024-10-07T14:43:24.825+0000] {dag.py:3262} INFO - Creating ORM DAG for latest_only
[2024-10-07T14:43:24.852+0000] {logging_mixin.py:190} INFO - [2024-10-07T14:43:24.851+0000] {dag.py:4180} INFO - Setting next_dagrun for latest_only to 2024-10-07 08:00:00+00:00, run_after=2024-10-07 12:00:00+00:00
[2024-10-07T14:43:24.892+0000] {processor.py:208} INFO - Processing /home/airflow/.local/lib/python3.12/site-packages/airflow/example_dags/example_latest_only.py took 0.513 seconds
[2024-10-07T14:43:55.136+0000] {processor.py:186} INFO - Started process (PID=174) to work on /home/airflow/.local/lib/python3.12/site-packages/airflow/example_dags/example_latest_only.py
[2024-10-07T14:43:55.138+0000] {processor.py:914} INFO - Processing file /home/airflow/.local/lib/python3.12/site-packages/airflow/example_dags/example_latest_only.py for tasks to queue
[2024-10-07T14:43:55.143+0000] {logging_mixin.py:190} INFO - [2024-10-07T14:43:55.142+0000] {dagbag.py:588} INFO - Filling up the DagBag from /home/airflow/.local/lib/python3.12/site-packages/airflow/example_dags/example_latest_only.py
[2024-10-07T14:43:55.154+0000] {processor.py:925} INFO - DAG(s) 'latest_only' retrieved from /home/airflow/.local/lib/python3.12/site-packages/airflow/example_dags/example_latest_only.py
[2024-10-07T14:43:55.183+0000] {logging_mixin.py:190} INFO - [2024-10-07T14:43:55.183+0000] {dag.py:3239} INFO - Sync 1 DAGs
[2024-10-07T14:43:55.219+0000] {logging_mixin.py:190} INFO - [2024-10-07T14:43:55.218+0000] {dag.py:4180} INFO - Setting next_dagrun for latest_only to 2024-10-07 08:00:00+00:00, run_after=2024-10-07 12:00:00+00:00
[2024-10-07T14:43:55.256+0000] {processor.py:208} INFO - Processing /home/airflow/.local/lib/python3.12/site-packages/airflow/example_dags/example_latest_only.py took 0.128 seconds
[2024-10-07T14:44:25.591+0000] {processor.py:186} INFO - Started process (PID=236) to work on /home/airflow/.local/lib/python3.12/site-packages/airflow/example_dags/example_latest_only.py
[2024-10-07T14:44:25.593+0000] {processor.py:914} INFO - Processing file /home/airflow/.local/lib/python3.12/site-packages/airflow/example_dags/example_latest_only.py for tasks to queue
[2024-10-07T14:44:25.596+0000] {logging_mixin.py:190} INFO - [2024-10-07T14:44:25.596+0000] {dagbag.py:588} INFO - Filling up the DagBag from /home/airflow/.local/lib/python3.12/site-packages/airflow/example_dags/example_latest_only.py
[2024-10-07T14:44:25.604+0000] {processor.py:925} INFO - DAG(s) 'latest_only' retrieved from /home/airflow/.local/lib/python3.12/site-packages/airflow/example_dags/example_latest_only.py
[2024-10-07T14:44:25.623+0000] {logging_mixin.py:190} INFO - [2024-10-07T14:44:25.623+0000] {dag.py:3239} INFO - Sync 1 DAGs
[2024-10-07T14:44:25.645+0000] {logging_mixin.py:190} INFO - [2024-10-07T14:44:25.645+0000] {dag.py:4180} INFO - Setting next_dagrun for latest_only to 2024-10-07 08:00:00+00:00, run_after=2024-10-07 12:00:00+00:00
[2024-10-07T14:44:25.665+0000] {processor.py:208} INFO - Processing /home/airflow/.local/lib/python3.12/site-packages/airflow/example_dags/example_latest_only.py took 0.079 seconds
[2024-10-07T14:44:56.417+0000] {processor.py:186} INFO - Started process (PID=298) to work on /home/airflow/.local/lib/python3.12/site-packages/airflow/example_dags/example_latest_only.py
[2024-10-07T14:44:56.419+0000] {processor.py:914} INFO - Processing file /home/airflow/.local/lib/python3.12/site-packages/airflow/example_dags/example_latest_only.py for tasks to queue
[2024-10-07T14:44:56.423+0000] {logging_mixin.py:190} INFO - [2024-10-07T14:44:56.423+0000] {dagbag.py:588} INFO - Filling up the DagBag from /home/airflow/.local/lib/python3.12/site-packages/airflow/example_dags/example_latest_only.py
[2024-10-07T14:44:56.432+0000] {processor.py:925} INFO - DAG(s) 'latest_only' retrieved from /home/airflow/.local/lib/python3.12/site-packages/airflow/example_dags/example_latest_only.py
[2024-10-07T14:44:56.455+0000] {logging_mixin.py:190} INFO - [2024-10-07T14:44:56.455+0000] {dag.py:3239} INFO - Sync 1 DAGs
[2024-10-07T14:44:56.480+0000] {logging_mixin.py:190} INFO - [2024-10-07T14:44:56.480+0000] {dag.py:4180} INFO - Setting next_dagrun for latest_only to 2024-10-07 08:00:00+00:00, run_after=2024-10-07 12:00:00+00:00
[2024-10-07T14:44:56.501+0000] {processor.py:208} INFO - Processing /home/airflow/.local/lib/python3.12/site-packages/airflow/example_dags/example_latest_only.py took 0.090 seconds
[2024-10-07T14:45:27.389+0000] {processor.py:186} INFO - Started process (PID=359) to work on /home/airflow/.local/lib/python3.12/site-packages/airflow/example_dags/example_latest_only.py
[2024-10-07T14:45:27.399+0000] {processor.py:914} INFO - Processing file /home/airflow/.local/lib/python3.12/site-packages/airflow/example_dags/example_latest_only.py for tasks to queue
[2024-10-07T14:45:27.417+0000] {logging_mixin.py:190} INFO - [2024-10-07T14:45:27.415+0000] {dagbag.py:588} INFO - Filling up the DagBag from /home/airflow/.local/lib/python3.12/site-packages/airflow/example_dags/example_latest_only.py
[2024-10-07T14:45:27.465+0000] {processor.py:925} INFO - DAG(s) 'latest_only' retrieved from /home/airflow/.local/lib/python3.12/site-packages/airflow/example_dags/example_latest_only.py
[2024-10-07T14:45:27.654+0000] {logging_mixin.py:190} INFO - [2024-10-07T14:45:27.652+0000] {dag.py:3239} INFO - Sync 1 DAGs
[2024-10-07T14:45:27.791+0000] {logging_mixin.py:190} INFO - [2024-10-07T14:45:27.791+0000] {dag.py:4180} INFO - Setting next_dagrun for latest_only to 2024-10-07 08:00:00+00:00, run_after=2024-10-07 12:00:00+00:00
[2024-10-07T14:45:27.837+0000] {processor.py:208} INFO - Processing /home/airflow/.local/lib/python3.12/site-packages/airflow/example_dags/example_latest_only.py took 0.488 seconds
[2024-10-07T14:45:57.969+0000] {processor.py:186} INFO - Started process (PID=422) to work on /home/airflow/.local/lib/python3.12/site-packages/airflow/example_dags/example_latest_only.py
[2024-10-07T14:45:57.971+0000] {processor.py:914} INFO - Processing file /home/airflow/.local/lib/python3.12/site-packages/airflow/example_dags/example_latest_only.py for tasks to queue
[2024-10-07T14:45:57.976+0000] {logging_mixin.py:190} INFO - [2024-10-07T14:45:57.975+0000] {dagbag.py:588} INFO - Filling up the DagBag from /home/airflow/.local/lib/python3.12/site-packages/airflow/example_dags/example_latest_only.py
[2024-10-07T14:45:57.987+0000] {processor.py:925} INFO - DAG(s) 'latest_only' retrieved from /home/airflow/.local/lib/python3.12/site-packages/airflow/example_dags/example_latest_only.py
[2024-10-07T14:45:58.025+0000] {logging_mixin.py:190} INFO - [2024-10-07T14:45:58.025+0000] {dag.py:3239} INFO - Sync 1 DAGs
[2024-10-07T14:45:58.062+0000] {logging_mixin.py:190} INFO - [2024-10-07T14:45:58.062+0000] {dag.py:4180} INFO - Setting next_dagrun for latest_only to 2024-10-07 08:00:00+00:00, run_after=2024-10-07 12:00:00+00:00
[2024-10-07T14:45:58.094+0000] {processor.py:208} INFO - Processing /home/airflow/.local/lib/python3.12/site-packages/airflow/example_dags/example_latest_only.py took 0.136 seconds
[2024-10-07T14:46:29.325+0000] {processor.py:186} INFO - Started process (PID=484) to work on /home/airflow/.local/lib/python3.12/site-packages/airflow/example_dags/example_latest_only.py
[2024-10-07T14:46:29.329+0000] {processor.py:914} INFO - Processing file /home/airflow/.local/lib/python3.12/site-packages/airflow/example_dags/example_latest_only.py for tasks to queue
[2024-10-07T14:46:29.335+0000] {logging_mixin.py:190} INFO - [2024-10-07T14:46:29.335+0000] {dagbag.py:588} INFO - Filling up the DagBag from /home/airflow/.local/lib/python3.12/site-packages/airflow/example_dags/example_latest_only.py
[2024-10-07T14:46:29.356+0000] {processor.py:925} INFO - DAG(s) 'latest_only' retrieved from /home/airflow/.local/lib/python3.12/site-packages/airflow/example_dags/example_latest_only.py
[2024-10-07T14:46:29.403+0000] {logging_mixin.py:190} INFO - [2024-10-07T14:46:29.403+0000] {dag.py:3239} INFO - Sync 1 DAGs
[2024-10-07T14:46:29.462+0000] {logging_mixin.py:190} INFO - [2024-10-07T14:46:29.462+0000] {dag.py:4180} INFO - Setting next_dagrun for latest_only to 2024-10-07 08:00:00+00:00, run_after=2024-10-07 12:00:00+00:00
[2024-10-07T14:46:29.510+0000] {processor.py:208} INFO - Processing /home/airflow/.local/lib/python3.12/site-packages/airflow/example_dags/example_latest_only.py took 0.200 seconds
[2024-10-07T14:47:00.205+0000] {processor.py:186} INFO - Started process (PID=546) to work on /home/airflow/.local/lib/python3.12/site-packages/airflow/example_dags/example_latest_only.py
[2024-10-07T14:47:00.208+0000] {processor.py:914} INFO - Processing file /home/airflow/.local/lib/python3.12/site-packages/airflow/example_dags/example_latest_only.py for tasks to queue
[2024-10-07T14:47:00.212+0000] {logging_mixin.py:190} INFO - [2024-10-07T14:47:00.212+0000] {dagbag.py:588} INFO - Filling up the DagBag from /home/airflow/.local/lib/python3.12/site-packages/airflow/example_dags/example_latest_only.py
[2024-10-07T14:47:00.222+0000] {processor.py:925} INFO - DAG(s) 'latest_only' retrieved from /home/airflow/.local/lib/python3.12/site-packages/airflow/example_dags/example_latest_only.py
[2024-10-07T14:47:00.243+0000] {logging_mixin.py:190} INFO - [2024-10-07T14:47:00.242+0000] {dag.py:3239} INFO - Sync 1 DAGs
[2024-10-07T14:47:00.266+0000] {logging_mixin.py:190} INFO - [2024-10-07T14:47:00.266+0000] {dag.py:4180} INFO - Setting next_dagrun for latest_only to 2024-10-07 08:00:00+00:00, run_after=2024-10-07 12:00:00+00:00
[2024-10-07T14:47:00.286+0000] {processor.py:208} INFO - Processing /home/airflow/.local/lib/python3.12/site-packages/airflow/example_dags/example_latest_only.py took 0.089 seconds
[2024-10-07T14:47:30.960+0000] {processor.py:186} INFO - Started process (PID=608) to work on /home/airflow/.local/lib/python3.12/site-packages/airflow/example_dags/example_latest_only.py
[2024-10-07T14:47:30.962+0000] {processor.py:914} INFO - Processing file /home/airflow/.local/lib/python3.12/site-packages/airflow/example_dags/example_latest_only.py for tasks to queue
[2024-10-07T14:47:30.966+0000] {logging_mixin.py:190} INFO - [2024-10-07T14:47:30.966+0000] {dagbag.py:588} INFO - Filling up the DagBag from /home/airflow/.local/lib/python3.12/site-packages/airflow/example_dags/example_latest_only.py
[2024-10-07T14:47:30.976+0000] {processor.py:925} INFO - DAG(s) 'latest_only' retrieved from /home/airflow/.local/lib/python3.12/site-packages/airflow/example_dags/example_latest_only.py
[2024-10-07T14:47:30.999+0000] {logging_mixin.py:190} INFO - [2024-10-07T14:47:30.999+0000] {dag.py:3239} INFO - Sync 1 DAGs
[2024-10-07T14:47:31.025+0000] {logging_mixin.py:190} INFO - [2024-10-07T14:47:31.025+0000] {dag.py:4180} INFO - Setting next_dagrun for latest_only to 2024-10-07 08:00:00+00:00, run_after=2024-10-07 12:00:00+00:00
[2024-10-07T14:47:31.044+0000] {processor.py:208} INFO - Processing /home/airflow/.local/lib/python3.12/site-packages/airflow/example_dags/example_latest_only.py took 0.093 seconds
[2024-10-07T14:48:01.378+0000] {processor.py:186} INFO - Started process (PID=670) to work on /home/airflow/.local/lib/python3.12/site-packages/airflow/example_dags/example_latest_only.py
[2024-10-07T14:48:01.380+0000] {processor.py:914} INFO - Processing file /home/airflow/.local/lib/python3.12/site-packages/airflow/example_dags/example_latest_only.py for tasks to queue
[2024-10-07T14:48:01.385+0000] {logging_mixin.py:190} INFO - [2024-10-07T14:48:01.384+0000] {dagbag.py:588} INFO - Filling up the DagBag from /home/airflow/.local/lib/python3.12/site-packages/airflow/example_dags/example_latest_only.py
[2024-10-07T14:48:01.397+0000] {processor.py:925} INFO - DAG(s) 'latest_only' retrieved from /home/airflow/.local/lib/python3.12/site-packages/airflow/example_dags/example_latest_only.py
[2024-10-07T14:48:01.419+0000] {logging_mixin.py:190} INFO - [2024-10-07T14:48:01.419+0000] {dag.py:3239} INFO - Sync 1 DAGs
[2024-10-07T14:48:01.444+0000] {logging_mixin.py:190} INFO - [2024-10-07T14:48:01.444+0000] {dag.py:4180} INFO - Setting next_dagrun for latest_only to 2024-10-07 08:00:00+00:00, run_after=2024-10-07 12:00:00+00:00
[2024-10-07T14:48:01.464+0000] {processor.py:208} INFO - Processing /home/airflow/.local/lib/python3.12/site-packages/airflow/example_dags/example_latest_only.py took 0.095 seconds
[2024-10-07T14:48:31.751+0000] {processor.py:186} INFO - Started process (PID=732) to work on /home/airflow/.local/lib/python3.12/site-packages/airflow/example_dags/example_latest_only.py
[2024-10-07T14:48:31.753+0000] {processor.py:914} INFO - Processing file /home/airflow/.local/lib/python3.12/site-packages/airflow/example_dags/example_latest_only.py for tasks to queue
[2024-10-07T14:48:31.757+0000] {logging_mixin.py:190} INFO - [2024-10-07T14:48:31.757+0000] {dagbag.py:588} INFO - Filling up the DagBag from /home/airflow/.local/lib/python3.12/site-packages/airflow/example_dags/example_latest_only.py
[2024-10-07T14:48:31.766+0000] {processor.py:925} INFO - DAG(s) 'latest_only' retrieved from /home/airflow/.local/lib/python3.12/site-packages/airflow/example_dags/example_latest_only.py
[2024-10-07T14:48:31.788+0000] {logging_mixin.py:190} INFO - [2024-10-07T14:48:31.787+0000] {dag.py:3239} INFO - Sync 1 DAGs
[2024-10-07T14:48:31.811+0000] {logging_mixin.py:190} INFO - [2024-10-07T14:48:31.811+0000] {dag.py:4180} INFO - Setting next_dagrun for latest_only to 2024-10-07 08:00:00+00:00, run_after=2024-10-07 12:00:00+00:00
[2024-10-07T14:48:31.832+0000] {processor.py:208} INFO - Processing /home/airflow/.local/lib/python3.12/site-packages/airflow/example_dags/example_latest_only.py took 0.090 seconds
[2024-10-07T14:49:02.104+0000] {processor.py:186} INFO - Started process (PID=794) to work on /home/airflow/.local/lib/python3.12/site-packages/airflow/example_dags/example_latest_only.py
[2024-10-07T14:49:02.106+0000] {processor.py:914} INFO - Processing file /home/airflow/.local/lib/python3.12/site-packages/airflow/example_dags/example_latest_only.py for tasks to queue
[2024-10-07T14:49:02.110+0000] {logging_mixin.py:190} INFO - [2024-10-07T14:49:02.109+0000] {dagbag.py:588} INFO - Filling up the DagBag from /home/airflow/.local/lib/python3.12/site-packages/airflow/example_dags/example_latest_only.py
[2024-10-07T14:49:02.125+0000] {processor.py:925} INFO - DAG(s) 'latest_only' retrieved from /home/airflow/.local/lib/python3.12/site-packages/airflow/example_dags/example_latest_only.py
[2024-10-07T14:49:02.153+0000] {logging_mixin.py:190} INFO - [2024-10-07T14:49:02.152+0000] {dag.py:3239} INFO - Sync 1 DAGs
[2024-10-07T14:49:02.184+0000] {logging_mixin.py:190} INFO - [2024-10-07T14:49:02.183+0000] {dag.py:4180} INFO - Setting next_dagrun for latest_only to 2024-10-07 08:00:00+00:00, run_after=2024-10-07 12:00:00+00:00
[2024-10-07T14:49:02.203+0000] {processor.py:208} INFO - Processing /home/airflow/.local/lib/python3.12/site-packages/airflow/example_dags/example_latest_only.py took 0.107 seconds
[2024-10-07T14:49:33.165+0000] {processor.py:186} INFO - Started process (PID=856) to work on /home/airflow/.local/lib/python3.12/site-packages/airflow/example_dags/example_latest_only.py
[2024-10-07T14:49:33.166+0000] {processor.py:914} INFO - Processing file /home/airflow/.local/lib/python3.12/site-packages/airflow/example_dags/example_latest_only.py for tasks to queue
[2024-10-07T14:49:33.171+0000] {logging_mixin.py:190} INFO - [2024-10-07T14:49:33.170+0000] {dagbag.py:588} INFO - Filling up the DagBag from /home/airflow/.local/lib/python3.12/site-packages/airflow/example_dags/example_latest_only.py
[2024-10-07T14:49:33.184+0000] {processor.py:925} INFO - DAG(s) 'latest_only' retrieved from /home/airflow/.local/lib/python3.12/site-packages/airflow/example_dags/example_latest_only.py
[2024-10-07T14:49:33.210+0000] {logging_mixin.py:190} INFO - [2024-10-07T14:49:33.209+0000] {dag.py:3239} INFO - Sync 1 DAGs
[2024-10-07T14:49:33.249+0000] {logging_mixin.py:190} INFO - [2024-10-07T14:49:33.249+0000] {dag.py:4180} INFO - Setting next_dagrun for latest_only to 2024-10-07 08:00:00+00:00, run_after=2024-10-07 12:00:00+00:00
[2024-10-07T14:49:33.277+0000] {processor.py:208} INFO - Processing /home/airflow/.local/lib/python3.12/site-packages/airflow/example_dags/example_latest_only.py took 0.123 seconds
[2024-10-07T14:50:03.427+0000] {processor.py:186} INFO - Started process (PID=918) to work on /home/airflow/.local/lib/python3.12/site-packages/airflow/example_dags/example_latest_only.py
[2024-10-07T14:50:03.430+0000] {processor.py:914} INFO - Processing file /home/airflow/.local/lib/python3.12/site-packages/airflow/example_dags/example_latest_only.py for tasks to queue
[2024-10-07T14:50:03.433+0000] {logging_mixin.py:190} INFO - [2024-10-07T14:50:03.433+0000] {dagbag.py:588} INFO - Filling up the DagBag from /home/airflow/.local/lib/python3.12/site-packages/airflow/example_dags/example_latest_only.py
[2024-10-07T14:50:03.442+0000] {processor.py:925} INFO - DAG(s) 'latest_only' retrieved from /home/airflow/.local/lib/python3.12/site-packages/airflow/example_dags/example_latest_only.py
[2024-10-07T14:50:03.464+0000] {logging_mixin.py:190} INFO - [2024-10-07T14:50:03.463+0000] {dag.py:3239} INFO - Sync 1 DAGs
[2024-10-07T14:50:03.487+0000] {logging_mixin.py:190} INFO - [2024-10-07T14:50:03.486+0000] {dag.py:4180} INFO - Setting next_dagrun for latest_only to 2024-10-07 08:00:00+00:00, run_after=2024-10-07 12:00:00+00:00
[2024-10-07T14:50:03.507+0000] {processor.py:208} INFO - Processing /home/airflow/.local/lib/python3.12/site-packages/airflow/example_dags/example_latest_only.py took 0.089 seconds
[2024-10-07T14:50:33.941+0000] {processor.py:186} INFO - Started process (PID=980) to work on /home/airflow/.local/lib/python3.12/site-packages/airflow/example_dags/example_latest_only.py
[2024-10-07T14:50:33.942+0000] {processor.py:914} INFO - Processing file /home/airflow/.local/lib/python3.12/site-packages/airflow/example_dags/example_latest_only.py for tasks to queue
[2024-10-07T14:50:33.945+0000] {logging_mixin.py:190} INFO - [2024-10-07T14:50:33.945+0000] {dagbag.py:588} INFO - Filling up the DagBag from /home/airflow/.local/lib/python3.12/site-packages/airflow/example_dags/example_latest_only.py
[2024-10-07T14:50:33.954+0000] {processor.py:925} INFO - DAG(s) 'latest_only' retrieved from /home/airflow/.local/lib/python3.12/site-packages/airflow/example_dags/example_latest_only.py
[2024-10-07T14:50:33.978+0000] {logging_mixin.py:190} INFO - [2024-10-07T14:50:33.978+0000] {dag.py:3239} INFO - Sync 1 DAGs
[2024-10-07T14:50:34.001+0000] {logging_mixin.py:190} INFO - [2024-10-07T14:50:34.001+0000] {dag.py:4180} INFO - Setting next_dagrun for latest_only to 2024-10-07 08:00:00+00:00, run_after=2024-10-07 12:00:00+00:00
[2024-10-07T14:50:34.020+0000] {processor.py:208} INFO - Processing /home/airflow/.local/lib/python3.12/site-packages/airflow/example_dags/example_latest_only.py took 0.085 seconds
[2024-10-07T14:51:04.295+0000] {processor.py:186} INFO - Started process (PID=1042) to work on /home/airflow/.local/lib/python3.12/site-packages/airflow/example_dags/example_latest_only.py
[2024-10-07T14:51:04.298+0000] {processor.py:914} INFO - Processing file /home/airflow/.local/lib/python3.12/site-packages/airflow/example_dags/example_latest_only.py for tasks to queue
[2024-10-07T14:51:04.304+0000] {logging_mixin.py:190} INFO - [2024-10-07T14:51:04.304+0000] {dagbag.py:588} INFO - Filling up the DagBag from /home/airflow/.local/lib/python3.12/site-packages/airflow/example_dags/example_latest_only.py
[2024-10-07T14:51:04.315+0000] {processor.py:925} INFO - DAG(s) 'latest_only' retrieved from /home/airflow/.local/lib/python3.12/site-packages/airflow/example_dags/example_latest_only.py
[2024-10-07T14:51:04.340+0000] {logging_mixin.py:190} INFO - [2024-10-07T14:51:04.340+0000] {dag.py:3239} INFO - Sync 1 DAGs
[2024-10-07T14:51:04.364+0000] {logging_mixin.py:190} INFO - [2024-10-07T14:51:04.364+0000] {dag.py:4180} INFO - Setting next_dagrun for latest_only to 2024-10-07 08:00:00+00:00, run_after=2024-10-07 12:00:00+00:00
[2024-10-07T14:51:04.388+0000] {processor.py:208} INFO - Processing /home/airflow/.local/lib/python3.12/site-packages/airflow/example_dags/example_latest_only.py took 0.104 seconds
[2024-10-07T14:51:34.482+0000] {processor.py:186} INFO - Started process (PID=1104) to work on /home/airflow/.local/lib/python3.12/site-packages/airflow/example_dags/example_latest_only.py
[2024-10-07T14:51:34.484+0000] {processor.py:914} INFO - Processing file /home/airflow/.local/lib/python3.12/site-packages/airflow/example_dags/example_latest_only.py for tasks to queue
[2024-10-07T14:51:34.487+0000] {logging_mixin.py:190} INFO - [2024-10-07T14:51:34.486+0000] {dagbag.py:588} INFO - Filling up the DagBag from /home/airflow/.local/lib/python3.12/site-packages/airflow/example_dags/example_latest_only.py
[2024-10-07T14:51:34.495+0000] {processor.py:925} INFO - DAG(s) 'latest_only' retrieved from /home/airflow/.local/lib/python3.12/site-packages/airflow/example_dags/example_latest_only.py
[2024-10-07T14:51:34.518+0000] {logging_mixin.py:190} INFO - [2024-10-07T14:51:34.517+0000] {dag.py:3239} INFO - Sync 1 DAGs
[2024-10-07T14:51:34.549+0000] {logging_mixin.py:190} INFO - [2024-10-07T14:51:34.548+0000] {dag.py:4180} INFO - Setting next_dagrun for latest_only to 2024-10-07 08:00:00+00:00, run_after=2024-10-07 12:00:00+00:00
[2024-10-07T14:51:34.568+0000] {processor.py:208} INFO - Processing /home/airflow/.local/lib/python3.12/site-packages/airflow/example_dags/example_latest_only.py took 0.093 seconds
[2024-10-07T14:52:05.347+0000] {processor.py:186} INFO - Started process (PID=1166) to work on /home/airflow/.local/lib/python3.12/site-packages/airflow/example_dags/example_latest_only.py
[2024-10-07T14:52:05.349+0000] {processor.py:914} INFO - Processing file /home/airflow/.local/lib/python3.12/site-packages/airflow/example_dags/example_latest_only.py for tasks to queue
[2024-10-07T14:52:05.353+0000] {logging_mixin.py:190} INFO - [2024-10-07T14:52:05.352+0000] {dagbag.py:588} INFO - Filling up the DagBag from /home/airflow/.local/lib/python3.12/site-packages/airflow/example_dags/example_latest_only.py
[2024-10-07T14:52:05.363+0000] {processor.py:925} INFO - DAG(s) 'latest_only' retrieved from /home/airflow/.local/lib/python3.12/site-packages/airflow/example_dags/example_latest_only.py
[2024-10-07T14:52:05.388+0000] {logging_mixin.py:190} INFO - [2024-10-07T14:52:05.388+0000] {dag.py:3239} INFO - Sync 1 DAGs
[2024-10-07T14:52:05.412+0000] {logging_mixin.py:190} INFO - [2024-10-07T14:52:05.412+0000] {dag.py:4180} INFO - Setting next_dagrun for latest_only to 2024-10-07 08:00:00+00:00, run_after=2024-10-07 12:00:00+00:00
[2024-10-07T14:52:05.431+0000] {processor.py:208} INFO - Processing /home/airflow/.local/lib/python3.12/site-packages/airflow/example_dags/example_latest_only.py took 0.092 seconds
[2024-10-07T14:52:35.885+0000] {processor.py:186} INFO - Started process (PID=1228) to work on /home/airflow/.local/lib/python3.12/site-packages/airflow/example_dags/example_latest_only.py
[2024-10-07T14:52:35.887+0000] {processor.py:914} INFO - Processing file /home/airflow/.local/lib/python3.12/site-packages/airflow/example_dags/example_latest_only.py for tasks to queue
[2024-10-07T14:52:35.891+0000] {logging_mixin.py:190} INFO - [2024-10-07T14:52:35.891+0000] {dagbag.py:588} INFO - Filling up the DagBag from /home/airflow/.local/lib/python3.12/site-packages/airflow/example_dags/example_latest_only.py
[2024-10-07T14:52:35.899+0000] {processor.py:925} INFO - DAG(s) 'latest_only' retrieved from /home/airflow/.local/lib/python3.12/site-packages/airflow/example_dags/example_latest_only.py
[2024-10-07T14:52:35.918+0000] {logging_mixin.py:190} INFO - [2024-10-07T14:52:35.917+0000] {dag.py:3239} INFO - Sync 1 DAGs
[2024-10-07T14:52:35.942+0000] {logging_mixin.py:190} INFO - [2024-10-07T14:52:35.942+0000] {dag.py:4180} INFO - Setting next_dagrun for latest_only to 2024-10-07 08:00:00+00:00, run_after=2024-10-07 12:00:00+00:00
[2024-10-07T14:52:35.961+0000] {processor.py:208} INFO - Processing /home/airflow/.local/lib/python3.12/site-packages/airflow/example_dags/example_latest_only.py took 0.082 seconds
[2024-10-07T14:53:06.622+0000] {processor.py:186} INFO - Started process (PID=1290) to work on /home/airflow/.local/lib/python3.12/site-packages/airflow/example_dags/example_latest_only.py
[2024-10-07T14:53:06.624+0000] {processor.py:914} INFO - Processing file /home/airflow/.local/lib/python3.12/site-packages/airflow/example_dags/example_latest_only.py for tasks to queue
[2024-10-07T14:53:06.629+0000] {logging_mixin.py:190} INFO - [2024-10-07T14:53:06.629+0000] {dagbag.py:588} INFO - Filling up the DagBag from /home/airflow/.local/lib/python3.12/site-packages/airflow/example_dags/example_latest_only.py
[2024-10-07T14:53:06.644+0000] {processor.py:925} INFO - DAG(s) 'latest_only' retrieved from /home/airflow/.local/lib/python3.12/site-packages/airflow/example_dags/example_latest_only.py
[2024-10-07T14:53:06.673+0000] {logging_mixin.py:190} INFO - [2024-10-07T14:53:06.672+0000] {dag.py:3239} INFO - Sync 1 DAGs
[2024-10-07T14:53:06.706+0000] {logging_mixin.py:190} INFO - [2024-10-07T14:53:06.706+0000] {dag.py:4180} INFO - Setting next_dagrun for latest_only to 2024-10-07 08:00:00+00:00, run_after=2024-10-07 12:00:00+00:00
[2024-10-07T14:53:06.732+0000] {processor.py:208} INFO - Processing /home/airflow/.local/lib/python3.12/site-packages/airflow/example_dags/example_latest_only.py took 0.120 seconds
[2024-10-07T14:53:37.142+0000] {processor.py:186} INFO - Started process (PID=1353) to work on /home/airflow/.local/lib/python3.12/site-packages/airflow/example_dags/example_latest_only.py
[2024-10-07T14:53:37.143+0000] {processor.py:914} INFO - Processing file /home/airflow/.local/lib/python3.12/site-packages/airflow/example_dags/example_latest_only.py for tasks to queue
[2024-10-07T14:53:37.146+0000] {logging_mixin.py:190} INFO - [2024-10-07T14:53:37.146+0000] {dagbag.py:588} INFO - Filling up the DagBag from /home/airflow/.local/lib/python3.12/site-packages/airflow/example_dags/example_latest_only.py
[2024-10-07T14:53:37.154+0000] {processor.py:925} INFO - DAG(s) 'latest_only' retrieved from /home/airflow/.local/lib/python3.12/site-packages/airflow/example_dags/example_latest_only.py
[2024-10-07T14:53:37.172+0000] {logging_mixin.py:190} INFO - [2024-10-07T14:53:37.172+0000] {dag.py:3239} INFO - Sync 1 DAGs
[2024-10-07T14:53:37.194+0000] {logging_mixin.py:190} INFO - [2024-10-07T14:53:37.194+0000] {dag.py:4180} INFO - Setting next_dagrun for latest_only to 2024-10-07 08:00:00+00:00, run_after=2024-10-07 12:00:00+00:00
[2024-10-07T14:53:37.216+0000] {processor.py:208} INFO - Processing /home/airflow/.local/lib/python3.12/site-packages/airflow/example_dags/example_latest_only.py took 0.080 seconds
