[2024-10-07T14:43:20.412+0000] {processor.py:186} INFO - Started process (PID=91) to work on /home/airflow/.local/lib/python3.12/site-packages/airflow/example_dags/example_branch_labels.py
[2024-10-07T14:43:20.415+0000] {processor.py:914} INFO - Processing file /home/airflow/.local/lib/python3.12/site-packages/airflow/example_dags/example_branch_labels.py for tasks to queue
[2024-10-07T14:43:20.427+0000] {logging_mixin.py:190} INFO - [2024-10-07T14:43:20.424+0000] {dagbag.py:588} INFO - Filling up the DagBag from /home/airflow/.local/lib/python3.12/site-packages/airflow/example_dags/example_branch_labels.py
[2024-10-07T14:43:20.479+0000] {processor.py:925} INFO - DAG(s) 'example_branch_labels' retrieved from /home/airflow/.local/lib/python3.12/site-packages/airflow/example_dags/example_branch_labels.py
[2024-10-07T14:43:20.740+0000] {logging_mixin.py:190} INFO - [2024-10-07T14:43:20.739+0000] {override.py:1900} INFO - Created Permission View: can read on DAG:example_branch_labels
[2024-10-07T14:43:20.757+0000] {logging_mixin.py:190} INFO - [2024-10-07T14:43:20.756+0000] {override.py:1900} INFO - Created Permission View: can delete on DAG:example_branch_labels
[2024-10-07T14:43:20.766+0000] {logging_mixin.py:190} INFO - [2024-10-07T14:43:20.766+0000] {override.py:1900} INFO - Created Permission View: can edit on DAG:example_branch_labels
[2024-10-07T14:43:20.777+0000] {logging_mixin.py:190} INFO - [2024-10-07T14:43:20.777+0000] {override.py:1900} INFO - Created Permission View: can read on DAG Run:example_branch_labels
[2024-10-07T14:43:20.787+0000] {logging_mixin.py:190} INFO - [2024-10-07T14:43:20.786+0000] {override.py:1900} INFO - Created Permission View: can create on DAG Run:example_branch_labels
[2024-10-07T14:43:20.796+0000] {logging_mixin.py:190} INFO - [2024-10-07T14:43:20.796+0000] {override.py:1900} INFO - Created Permission View: menu access on DAG Run:example_branch_labels
[2024-10-07T14:43:20.807+0000] {logging_mixin.py:190} INFO - [2024-10-07T14:43:20.807+0000] {override.py:1900} INFO - Created Permission View: can delete on DAG Run:example_branch_labels
[2024-10-07T14:43:20.809+0000] {logging_mixin.py:190} INFO - [2024-10-07T14:43:20.808+0000] {dag.py:3239} INFO - Sync 1 DAGs
[2024-10-07T14:43:20.831+0000] {logging_mixin.py:190} INFO - [2024-10-07T14:43:20.831+0000] {dag.py:3262} INFO - Creating ORM DAG for example_branch_labels
[2024-10-07T14:43:20.858+0000] {logging_mixin.py:190} INFO - [2024-10-07T14:43:20.858+0000] {dag.py:4180} INFO - Setting next_dagrun for example_branch_labels to 2024-10-06 00:00:00+00:00, run_after=2024-10-07 00:00:00+00:00
[2024-10-07T14:43:20.881+0000] {processor.py:208} INFO - Processing /home/airflow/.local/lib/python3.12/site-packages/airflow/example_dags/example_branch_labels.py took 0.492 seconds
[2024-10-07T14:43:51.070+0000] {processor.py:186} INFO - Started process (PID=153) to work on /home/airflow/.local/lib/python3.12/site-packages/airflow/example_dags/example_branch_labels.py
[2024-10-07T14:43:51.084+0000] {processor.py:914} INFO - Processing file /home/airflow/.local/lib/python3.12/site-packages/airflow/example_dags/example_branch_labels.py for tasks to queue
[2024-10-07T14:43:51.089+0000] {logging_mixin.py:190} INFO - [2024-10-07T14:43:51.088+0000] {dagbag.py:588} INFO - Filling up the DagBag from /home/airflow/.local/lib/python3.12/site-packages/airflow/example_dags/example_branch_labels.py
[2024-10-07T14:43:51.104+0000] {processor.py:925} INFO - DAG(s) 'example_branch_labels' retrieved from /home/airflow/.local/lib/python3.12/site-packages/airflow/example_dags/example_branch_labels.py
[2024-10-07T14:43:51.136+0000] {logging_mixin.py:190} INFO - [2024-10-07T14:43:51.136+0000] {dag.py:3239} INFO - Sync 1 DAGs
[2024-10-07T14:43:51.166+0000] {logging_mixin.py:190} INFO - [2024-10-07T14:43:51.166+0000] {dag.py:4180} INFO - Setting next_dagrun for example_branch_labels to 2024-10-06 00:00:00+00:00, run_after=2024-10-07 00:00:00+00:00
[2024-10-07T14:43:51.192+0000] {processor.py:208} INFO - Processing /home/airflow/.local/lib/python3.12/site-packages/airflow/example_dags/example_branch_labels.py took 0.132 seconds
[2024-10-07T14:44:21.880+0000] {processor.py:186} INFO - Started process (PID=215) to work on /home/airflow/.local/lib/python3.12/site-packages/airflow/example_dags/example_branch_labels.py
[2024-10-07T14:44:21.882+0000] {processor.py:914} INFO - Processing file /home/airflow/.local/lib/python3.12/site-packages/airflow/example_dags/example_branch_labels.py for tasks to queue
[2024-10-07T14:44:21.887+0000] {logging_mixin.py:190} INFO - [2024-10-07T14:44:21.887+0000] {dagbag.py:588} INFO - Filling up the DagBag from /home/airflow/.local/lib/python3.12/site-packages/airflow/example_dags/example_branch_labels.py
[2024-10-07T14:44:21.906+0000] {processor.py:925} INFO - DAG(s) 'example_branch_labels' retrieved from /home/airflow/.local/lib/python3.12/site-packages/airflow/example_dags/example_branch_labels.py
[2024-10-07T14:44:21.945+0000] {logging_mixin.py:190} INFO - [2024-10-07T14:44:21.944+0000] {dag.py:3239} INFO - Sync 1 DAGs
[2024-10-07T14:44:21.976+0000] {logging_mixin.py:190} INFO - [2024-10-07T14:44:21.976+0000] {dag.py:4180} INFO - Setting next_dagrun for example_branch_labels to 2024-10-06 00:00:00+00:00, run_after=2024-10-07 00:00:00+00:00
[2024-10-07T14:44:22.001+0000] {processor.py:208} INFO - Processing /home/airflow/.local/lib/python3.12/site-packages/airflow/example_dags/example_branch_labels.py took 0.131 seconds
[2024-10-07T14:44:52.676+0000] {processor.py:186} INFO - Started process (PID=277) to work on /home/airflow/.local/lib/python3.12/site-packages/airflow/example_dags/example_branch_labels.py
[2024-10-07T14:44:52.677+0000] {processor.py:914} INFO - Processing file /home/airflow/.local/lib/python3.12/site-packages/airflow/example_dags/example_branch_labels.py for tasks to queue
[2024-10-07T14:44:52.682+0000] {logging_mixin.py:190} INFO - [2024-10-07T14:44:52.681+0000] {dagbag.py:588} INFO - Filling up the DagBag from /home/airflow/.local/lib/python3.12/site-packages/airflow/example_dags/example_branch_labels.py
[2024-10-07T14:44:52.692+0000] {processor.py:925} INFO - DAG(s) 'example_branch_labels' retrieved from /home/airflow/.local/lib/python3.12/site-packages/airflow/example_dags/example_branch_labels.py
[2024-10-07T14:44:52.713+0000] {logging_mixin.py:190} INFO - [2024-10-07T14:44:52.712+0000] {dag.py:3239} INFO - Sync 1 DAGs
[2024-10-07T14:44:52.735+0000] {logging_mixin.py:190} INFO - [2024-10-07T14:44:52.735+0000] {dag.py:4180} INFO - Setting next_dagrun for example_branch_labels to 2024-10-06 00:00:00+00:00, run_after=2024-10-07 00:00:00+00:00
[2024-10-07T14:44:52.751+0000] {processor.py:208} INFO - Processing /home/airflow/.local/lib/python3.12/site-packages/airflow/example_dags/example_branch_labels.py took 0.081 seconds
[2024-10-07T14:45:23.557+0000] {processor.py:186} INFO - Started process (PID=338) to work on /home/airflow/.local/lib/python3.12/site-packages/airflow/example_dags/example_branch_labels.py
[2024-10-07T14:45:23.559+0000] {processor.py:914} INFO - Processing file /home/airflow/.local/lib/python3.12/site-packages/airflow/example_dags/example_branch_labels.py for tasks to queue
[2024-10-07T14:45:23.574+0000] {logging_mixin.py:190} INFO - [2024-10-07T14:45:23.574+0000] {dagbag.py:588} INFO - Filling up the DagBag from /home/airflow/.local/lib/python3.12/site-packages/airflow/example_dags/example_branch_labels.py
[2024-10-07T14:45:23.591+0000] {processor.py:925} INFO - DAG(s) 'example_branch_labels' retrieved from /home/airflow/.local/lib/python3.12/site-packages/airflow/example_dags/example_branch_labels.py
[2024-10-07T14:45:23.628+0000] {logging_mixin.py:190} INFO - [2024-10-07T14:45:23.627+0000] {dag.py:3239} INFO - Sync 1 DAGs
[2024-10-07T14:45:23.660+0000] {logging_mixin.py:190} INFO - [2024-10-07T14:45:23.660+0000] {dag.py:4180} INFO - Setting next_dagrun for example_branch_labels to 2024-10-06 00:00:00+00:00, run_after=2024-10-07 00:00:00+00:00
[2024-10-07T14:45:23.685+0000] {processor.py:208} INFO - Processing /home/airflow/.local/lib/python3.12/site-packages/airflow/example_dags/example_branch_labels.py took 0.135 seconds
[2024-10-07T14:45:54.053+0000] {processor.py:186} INFO - Started process (PID=401) to work on /home/airflow/.local/lib/python3.12/site-packages/airflow/example_dags/example_branch_labels.py
[2024-10-07T14:45:54.055+0000] {processor.py:914} INFO - Processing file /home/airflow/.local/lib/python3.12/site-packages/airflow/example_dags/example_branch_labels.py for tasks to queue
[2024-10-07T14:45:54.059+0000] {logging_mixin.py:190} INFO - [2024-10-07T14:45:54.058+0000] {dagbag.py:588} INFO - Filling up the DagBag from /home/airflow/.local/lib/python3.12/site-packages/airflow/example_dags/example_branch_labels.py
[2024-10-07T14:45:54.091+0000] {processor.py:925} INFO - DAG(s) 'example_branch_labels' retrieved from /home/airflow/.local/lib/python3.12/site-packages/airflow/example_dags/example_branch_labels.py
[2024-10-07T14:45:54.230+0000] {logging_mixin.py:190} INFO - [2024-10-07T14:45:54.230+0000] {dag.py:3239} INFO - Sync 1 DAGs
[2024-10-07T14:45:54.280+0000] {logging_mixin.py:190} INFO - [2024-10-07T14:45:54.280+0000] {dag.py:4180} INFO - Setting next_dagrun for example_branch_labels to 2024-10-06 00:00:00+00:00, run_after=2024-10-07 00:00:00+00:00
[2024-10-07T14:45:54.338+0000] {processor.py:208} INFO - Processing /home/airflow/.local/lib/python3.12/site-packages/airflow/example_dags/example_branch_labels.py took 0.292 seconds
[2024-10-07T14:46:24.672+0000] {processor.py:186} INFO - Started process (PID=463) to work on /home/airflow/.local/lib/python3.12/site-packages/airflow/example_dags/example_branch_labels.py
[2024-10-07T14:46:24.677+0000] {processor.py:914} INFO - Processing file /home/airflow/.local/lib/python3.12/site-packages/airflow/example_dags/example_branch_labels.py for tasks to queue
[2024-10-07T14:46:24.689+0000] {logging_mixin.py:190} INFO - [2024-10-07T14:46:24.687+0000] {dagbag.py:588} INFO - Filling up the DagBag from /home/airflow/.local/lib/python3.12/site-packages/airflow/example_dags/example_branch_labels.py
[2024-10-07T14:46:24.730+0000] {processor.py:925} INFO - DAG(s) 'example_branch_labels' retrieved from /home/airflow/.local/lib/python3.12/site-packages/airflow/example_dags/example_branch_labels.py
[2024-10-07T14:46:24.837+0000] {logging_mixin.py:190} INFO - [2024-10-07T14:46:24.835+0000] {dag.py:3239} INFO - Sync 1 DAGs
[2024-10-07T14:46:24.938+0000] {logging_mixin.py:190} INFO - [2024-10-07T14:46:24.937+0000] {dag.py:4180} INFO - Setting next_dagrun for example_branch_labels to 2024-10-06 00:00:00+00:00, run_after=2024-10-07 00:00:00+00:00
[2024-10-07T14:46:25.025+0000] {processor.py:208} INFO - Processing /home/airflow/.local/lib/python3.12/site-packages/airflow/example_dags/example_branch_labels.py took 0.380 seconds
[2024-10-07T14:46:55.895+0000] {processor.py:186} INFO - Started process (PID=525) to work on /home/airflow/.local/lib/python3.12/site-packages/airflow/example_dags/example_branch_labels.py
[2024-10-07T14:46:55.896+0000] {processor.py:914} INFO - Processing file /home/airflow/.local/lib/python3.12/site-packages/airflow/example_dags/example_branch_labels.py for tasks to queue
[2024-10-07T14:46:55.899+0000] {logging_mixin.py:190} INFO - [2024-10-07T14:46:55.899+0000] {dagbag.py:588} INFO - Filling up the DagBag from /home/airflow/.local/lib/python3.12/site-packages/airflow/example_dags/example_branch_labels.py
[2024-10-07T14:46:55.910+0000] {processor.py:925} INFO - DAG(s) 'example_branch_labels' retrieved from /home/airflow/.local/lib/python3.12/site-packages/airflow/example_dags/example_branch_labels.py
[2024-10-07T14:46:55.937+0000] {logging_mixin.py:190} INFO - [2024-10-07T14:46:55.936+0000] {dag.py:3239} INFO - Sync 1 DAGs
[2024-10-07T14:46:55.961+0000] {logging_mixin.py:190} INFO - [2024-10-07T14:46:55.961+0000] {dag.py:4180} INFO - Setting next_dagrun for example_branch_labels to 2024-10-06 00:00:00+00:00, run_after=2024-10-07 00:00:00+00:00
[2024-10-07T14:46:55.981+0000] {processor.py:208} INFO - Processing /home/airflow/.local/lib/python3.12/site-packages/airflow/example_dags/example_branch_labels.py took 0.093 seconds
[2024-10-07T14:47:26.408+0000] {processor.py:186} INFO - Started process (PID=587) to work on /home/airflow/.local/lib/python3.12/site-packages/airflow/example_dags/example_branch_labels.py
[2024-10-07T14:47:26.410+0000] {processor.py:914} INFO - Processing file /home/airflow/.local/lib/python3.12/site-packages/airflow/example_dags/example_branch_labels.py for tasks to queue
[2024-10-07T14:47:26.415+0000] {logging_mixin.py:190} INFO - [2024-10-07T14:47:26.414+0000] {dagbag.py:588} INFO - Filling up the DagBag from /home/airflow/.local/lib/python3.12/site-packages/airflow/example_dags/example_branch_labels.py
[2024-10-07T14:47:26.428+0000] {processor.py:925} INFO - DAG(s) 'example_branch_labels' retrieved from /home/airflow/.local/lib/python3.12/site-packages/airflow/example_dags/example_branch_labels.py
[2024-10-07T14:47:26.451+0000] {logging_mixin.py:190} INFO - [2024-10-07T14:47:26.450+0000] {dag.py:3239} INFO - Sync 1 DAGs
[2024-10-07T14:47:26.475+0000] {logging_mixin.py:190} INFO - [2024-10-07T14:47:26.475+0000] {dag.py:4180} INFO - Setting next_dagrun for example_branch_labels to 2024-10-06 00:00:00+00:00, run_after=2024-10-07 00:00:00+00:00
[2024-10-07T14:47:26.496+0000] {processor.py:208} INFO - Processing /home/airflow/.local/lib/python3.12/site-packages/airflow/example_dags/example_branch_labels.py took 0.095 seconds
[2024-10-07T14:47:56.646+0000] {processor.py:186} INFO - Started process (PID=649) to work on /home/airflow/.local/lib/python3.12/site-packages/airflow/example_dags/example_branch_labels.py
[2024-10-07T14:47:56.649+0000] {processor.py:914} INFO - Processing file /home/airflow/.local/lib/python3.12/site-packages/airflow/example_dags/example_branch_labels.py for tasks to queue
[2024-10-07T14:47:56.656+0000] {logging_mixin.py:190} INFO - [2024-10-07T14:47:56.655+0000] {dagbag.py:588} INFO - Filling up the DagBag from /home/airflow/.local/lib/python3.12/site-packages/airflow/example_dags/example_branch_labels.py
[2024-10-07T14:47:56.670+0000] {processor.py:925} INFO - DAG(s) 'example_branch_labels' retrieved from /home/airflow/.local/lib/python3.12/site-packages/airflow/example_dags/example_branch_labels.py
[2024-10-07T14:47:56.693+0000] {logging_mixin.py:190} INFO - [2024-10-07T14:47:56.692+0000] {dag.py:3239} INFO - Sync 1 DAGs
[2024-10-07T14:47:56.716+0000] {logging_mixin.py:190} INFO - [2024-10-07T14:47:56.716+0000] {dag.py:4180} INFO - Setting next_dagrun for example_branch_labels to 2024-10-06 00:00:00+00:00, run_after=2024-10-07 00:00:00+00:00
[2024-10-07T14:47:56.736+0000] {processor.py:208} INFO - Processing /home/airflow/.local/lib/python3.12/site-packages/airflow/example_dags/example_branch_labels.py took 0.102 seconds
[2024-10-07T14:48:27.532+0000] {processor.py:186} INFO - Started process (PID=711) to work on /home/airflow/.local/lib/python3.12/site-packages/airflow/example_dags/example_branch_labels.py
[2024-10-07T14:48:27.535+0000] {processor.py:914} INFO - Processing file /home/airflow/.local/lib/python3.12/site-packages/airflow/example_dags/example_branch_labels.py for tasks to queue
[2024-10-07T14:48:27.540+0000] {logging_mixin.py:190} INFO - [2024-10-07T14:48:27.539+0000] {dagbag.py:588} INFO - Filling up the DagBag from /home/airflow/.local/lib/python3.12/site-packages/airflow/example_dags/example_branch_labels.py
[2024-10-07T14:48:27.552+0000] {processor.py:925} INFO - DAG(s) 'example_branch_labels' retrieved from /home/airflow/.local/lib/python3.12/site-packages/airflow/example_dags/example_branch_labels.py
[2024-10-07T14:48:27.584+0000] {logging_mixin.py:190} INFO - [2024-10-07T14:48:27.583+0000] {dag.py:3239} INFO - Sync 1 DAGs
[2024-10-07T14:48:27.609+0000] {logging_mixin.py:190} INFO - [2024-10-07T14:48:27.608+0000] {dag.py:4180} INFO - Setting next_dagrun for example_branch_labels to 2024-10-06 00:00:00+00:00, run_after=2024-10-07 00:00:00+00:00
[2024-10-07T14:48:27.630+0000] {processor.py:208} INFO - Processing /home/airflow/.local/lib/python3.12/site-packages/airflow/example_dags/example_branch_labels.py took 0.110 seconds
[2024-10-07T14:48:58.159+0000] {processor.py:186} INFO - Started process (PID=773) to work on /home/airflow/.local/lib/python3.12/site-packages/airflow/example_dags/example_branch_labels.py
[2024-10-07T14:48:58.161+0000] {processor.py:914} INFO - Processing file /home/airflow/.local/lib/python3.12/site-packages/airflow/example_dags/example_branch_labels.py for tasks to queue
[2024-10-07T14:48:58.164+0000] {logging_mixin.py:190} INFO - [2024-10-07T14:48:58.163+0000] {dagbag.py:588} INFO - Filling up the DagBag from /home/airflow/.local/lib/python3.12/site-packages/airflow/example_dags/example_branch_labels.py
[2024-10-07T14:48:58.174+0000] {processor.py:925} INFO - DAG(s) 'example_branch_labels' retrieved from /home/airflow/.local/lib/python3.12/site-packages/airflow/example_dags/example_branch_labels.py
[2024-10-07T14:48:58.197+0000] {logging_mixin.py:190} INFO - [2024-10-07T14:48:58.197+0000] {dag.py:3239} INFO - Sync 1 DAGs
[2024-10-07T14:48:58.220+0000] {logging_mixin.py:190} INFO - [2024-10-07T14:48:58.220+0000] {dag.py:4180} INFO - Setting next_dagrun for example_branch_labels to 2024-10-06 00:00:00+00:00, run_after=2024-10-07 00:00:00+00:00
[2024-10-07T14:48:58.240+0000] {processor.py:208} INFO - Processing /home/airflow/.local/lib/python3.12/site-packages/airflow/example_dags/example_branch_labels.py took 0.087 seconds
[2024-10-07T14:49:29.004+0000] {processor.py:186} INFO - Started process (PID=835) to work on /home/airflow/.local/lib/python3.12/site-packages/airflow/example_dags/example_branch_labels.py
[2024-10-07T14:49:29.005+0000] {processor.py:914} INFO - Processing file /home/airflow/.local/lib/python3.12/site-packages/airflow/example_dags/example_branch_labels.py for tasks to queue
[2024-10-07T14:49:29.009+0000] {logging_mixin.py:190} INFO - [2024-10-07T14:49:29.008+0000] {dagbag.py:588} INFO - Filling up the DagBag from /home/airflow/.local/lib/python3.12/site-packages/airflow/example_dags/example_branch_labels.py
[2024-10-07T14:49:29.022+0000] {processor.py:925} INFO - DAG(s) 'example_branch_labels' retrieved from /home/airflow/.local/lib/python3.12/site-packages/airflow/example_dags/example_branch_labels.py
[2024-10-07T14:49:29.047+0000] {logging_mixin.py:190} INFO - [2024-10-07T14:49:29.046+0000] {dag.py:3239} INFO - Sync 1 DAGs
[2024-10-07T14:49:29.074+0000] {logging_mixin.py:190} INFO - [2024-10-07T14:49:29.074+0000] {dag.py:4180} INFO - Setting next_dagrun for example_branch_labels to 2024-10-06 00:00:00+00:00, run_after=2024-10-07 00:00:00+00:00
[2024-10-07T14:49:29.094+0000] {processor.py:208} INFO - Processing /home/airflow/.local/lib/python3.12/site-packages/airflow/example_dags/example_branch_labels.py took 0.099 seconds
[2024-10-07T14:49:59.516+0000] {processor.py:186} INFO - Started process (PID=897) to work on /home/airflow/.local/lib/python3.12/site-packages/airflow/example_dags/example_branch_labels.py
[2024-10-07T14:49:59.518+0000] {processor.py:914} INFO - Processing file /home/airflow/.local/lib/python3.12/site-packages/airflow/example_dags/example_branch_labels.py for tasks to queue
[2024-10-07T14:49:59.521+0000] {logging_mixin.py:190} INFO - [2024-10-07T14:49:59.520+0000] {dagbag.py:588} INFO - Filling up the DagBag from /home/airflow/.local/lib/python3.12/site-packages/airflow/example_dags/example_branch_labels.py
[2024-10-07T14:49:59.531+0000] {processor.py:925} INFO - DAG(s) 'example_branch_labels' retrieved from /home/airflow/.local/lib/python3.12/site-packages/airflow/example_dags/example_branch_labels.py
[2024-10-07T14:49:59.556+0000] {logging_mixin.py:190} INFO - [2024-10-07T14:49:59.555+0000] {dag.py:3239} INFO - Sync 1 DAGs
[2024-10-07T14:49:59.585+0000] {logging_mixin.py:190} INFO - [2024-10-07T14:49:59.584+0000] {dag.py:4180} INFO - Setting next_dagrun for example_branch_labels to 2024-10-06 00:00:00+00:00, run_after=2024-10-07 00:00:00+00:00
[2024-10-07T14:49:59.608+0000] {processor.py:208} INFO - Processing /home/airflow/.local/lib/python3.12/site-packages/airflow/example_dags/example_branch_labels.py took 0.098 seconds
[2024-10-07T14:50:29.990+0000] {processor.py:186} INFO - Started process (PID=959) to work on /home/airflow/.local/lib/python3.12/site-packages/airflow/example_dags/example_branch_labels.py
[2024-10-07T14:50:29.992+0000] {processor.py:914} INFO - Processing file /home/airflow/.local/lib/python3.12/site-packages/airflow/example_dags/example_branch_labels.py for tasks to queue
[2024-10-07T14:50:29.996+0000] {logging_mixin.py:190} INFO - [2024-10-07T14:50:29.995+0000] {dagbag.py:588} INFO - Filling up the DagBag from /home/airflow/.local/lib/python3.12/site-packages/airflow/example_dags/example_branch_labels.py
[2024-10-07T14:50:30.007+0000] {processor.py:925} INFO - DAG(s) 'example_branch_labels' retrieved from /home/airflow/.local/lib/python3.12/site-packages/airflow/example_dags/example_branch_labels.py
[2024-10-07T14:50:30.030+0000] {logging_mixin.py:190} INFO - [2024-10-07T14:50:30.030+0000] {dag.py:3239} INFO - Sync 1 DAGs
[2024-10-07T14:50:30.054+0000] {logging_mixin.py:190} INFO - [2024-10-07T14:50:30.054+0000] {dag.py:4180} INFO - Setting next_dagrun for example_branch_labels to 2024-10-06 00:00:00+00:00, run_after=2024-10-07 00:00:00+00:00
[2024-10-07T14:50:30.074+0000] {processor.py:208} INFO - Processing /home/airflow/.local/lib/python3.12/site-packages/airflow/example_dags/example_branch_labels.py took 0.092 seconds
[2024-10-07T14:51:00.217+0000] {processor.py:186} INFO - Started process (PID=1021) to work on /home/airflow/.local/lib/python3.12/site-packages/airflow/example_dags/example_branch_labels.py
[2024-10-07T14:51:00.220+0000] {processor.py:914} INFO - Processing file /home/airflow/.local/lib/python3.12/site-packages/airflow/example_dags/example_branch_labels.py for tasks to queue
[2024-10-07T14:51:00.223+0000] {logging_mixin.py:190} INFO - [2024-10-07T14:51:00.223+0000] {dagbag.py:588} INFO - Filling up the DagBag from /home/airflow/.local/lib/python3.12/site-packages/airflow/example_dags/example_branch_labels.py
[2024-10-07T14:51:00.235+0000] {processor.py:925} INFO - DAG(s) 'example_branch_labels' retrieved from /home/airflow/.local/lib/python3.12/site-packages/airflow/example_dags/example_branch_labels.py
[2024-10-07T14:51:00.265+0000] {logging_mixin.py:190} INFO - [2024-10-07T14:51:00.264+0000] {dag.py:3239} INFO - Sync 1 DAGs
[2024-10-07T14:51:00.306+0000] {logging_mixin.py:190} INFO - [2024-10-07T14:51:00.306+0000] {dag.py:4180} INFO - Setting next_dagrun for example_branch_labels to 2024-10-06 00:00:00+00:00, run_after=2024-10-07 00:00:00+00:00
[2024-10-07T14:51:00.328+0000] {processor.py:208} INFO - Processing /home/airflow/.local/lib/python3.12/site-packages/airflow/example_dags/example_branch_labels.py took 0.120 seconds
[2024-10-07T14:51:30.733+0000] {processor.py:186} INFO - Started process (PID=1083) to work on /home/airflow/.local/lib/python3.12/site-packages/airflow/example_dags/example_branch_labels.py
[2024-10-07T14:51:30.735+0000] {processor.py:914} INFO - Processing file /home/airflow/.local/lib/python3.12/site-packages/airflow/example_dags/example_branch_labels.py for tasks to queue
[2024-10-07T14:51:30.738+0000] {logging_mixin.py:190} INFO - [2024-10-07T14:51:30.737+0000] {dagbag.py:588} INFO - Filling up the DagBag from /home/airflow/.local/lib/python3.12/site-packages/airflow/example_dags/example_branch_labels.py
[2024-10-07T14:51:30.749+0000] {processor.py:925} INFO - DAG(s) 'example_branch_labels' retrieved from /home/airflow/.local/lib/python3.12/site-packages/airflow/example_dags/example_branch_labels.py
[2024-10-07T14:51:30.771+0000] {logging_mixin.py:190} INFO - [2024-10-07T14:51:30.770+0000] {dag.py:3239} INFO - Sync 1 DAGs
[2024-10-07T14:51:30.795+0000] {logging_mixin.py:190} INFO - [2024-10-07T14:51:30.795+0000] {dag.py:4180} INFO - Setting next_dagrun for example_branch_labels to 2024-10-06 00:00:00+00:00, run_after=2024-10-07 00:00:00+00:00
[2024-10-07T14:51:30.816+0000] {processor.py:208} INFO - Processing /home/airflow/.local/lib/python3.12/site-packages/airflow/example_dags/example_branch_labels.py took 0.091 seconds
[2024-10-07T14:52:01.677+0000] {processor.py:186} INFO - Started process (PID=1145) to work on /home/airflow/.local/lib/python3.12/site-packages/airflow/example_dags/example_branch_labels.py
[2024-10-07T14:52:01.679+0000] {processor.py:914} INFO - Processing file /home/airflow/.local/lib/python3.12/site-packages/airflow/example_dags/example_branch_labels.py for tasks to queue
[2024-10-07T14:52:01.683+0000] {logging_mixin.py:190} INFO - [2024-10-07T14:52:01.683+0000] {dagbag.py:588} INFO - Filling up the DagBag from /home/airflow/.local/lib/python3.12/site-packages/airflow/example_dags/example_branch_labels.py
[2024-10-07T14:52:01.693+0000] {processor.py:925} INFO - DAG(s) 'example_branch_labels' retrieved from /home/airflow/.local/lib/python3.12/site-packages/airflow/example_dags/example_branch_labels.py
[2024-10-07T14:52:01.720+0000] {logging_mixin.py:190} INFO - [2024-10-07T14:52:01.720+0000] {dag.py:3239} INFO - Sync 1 DAGs
[2024-10-07T14:52:01.748+0000] {logging_mixin.py:190} INFO - [2024-10-07T14:52:01.748+0000] {dag.py:4180} INFO - Setting next_dagrun for example_branch_labels to 2024-10-06 00:00:00+00:00, run_after=2024-10-07 00:00:00+00:00
[2024-10-07T14:52:01.767+0000] {processor.py:208} INFO - Processing /home/airflow/.local/lib/python3.12/site-packages/airflow/example_dags/example_branch_labels.py took 0.095 seconds
[2024-10-07T14:52:32.422+0000] {processor.py:186} INFO - Started process (PID=1207) to work on /home/airflow/.local/lib/python3.12/site-packages/airflow/example_dags/example_branch_labels.py
[2024-10-07T14:52:32.423+0000] {processor.py:914} INFO - Processing file /home/airflow/.local/lib/python3.12/site-packages/airflow/example_dags/example_branch_labels.py for tasks to queue
[2024-10-07T14:52:32.427+0000] {logging_mixin.py:190} INFO - [2024-10-07T14:52:32.426+0000] {dagbag.py:588} INFO - Filling up the DagBag from /home/airflow/.local/lib/python3.12/site-packages/airflow/example_dags/example_branch_labels.py
[2024-10-07T14:52:32.436+0000] {processor.py:925} INFO - DAG(s) 'example_branch_labels' retrieved from /home/airflow/.local/lib/python3.12/site-packages/airflow/example_dags/example_branch_labels.py
[2024-10-07T14:52:32.459+0000] {logging_mixin.py:190} INFO - [2024-10-07T14:52:32.459+0000] {dag.py:3239} INFO - Sync 1 DAGs
[2024-10-07T14:52:32.483+0000] {logging_mixin.py:190} INFO - [2024-10-07T14:52:32.483+0000] {dag.py:4180} INFO - Setting next_dagrun for example_branch_labels to 2024-10-06 00:00:00+00:00, run_after=2024-10-07 00:00:00+00:00
[2024-10-07T14:52:32.500+0000] {processor.py:208} INFO - Processing /home/airflow/.local/lib/python3.12/site-packages/airflow/example_dags/example_branch_labels.py took 0.084 seconds
[2024-10-07T14:53:03.045+0000] {processor.py:186} INFO - Started process (PID=1269) to work on /home/airflow/.local/lib/python3.12/site-packages/airflow/example_dags/example_branch_labels.py
[2024-10-07T14:53:03.046+0000] {processor.py:914} INFO - Processing file /home/airflow/.local/lib/python3.12/site-packages/airflow/example_dags/example_branch_labels.py for tasks to queue
[2024-10-07T14:53:03.049+0000] {logging_mixin.py:190} INFO - [2024-10-07T14:53:03.049+0000] {dagbag.py:588} INFO - Filling up the DagBag from /home/airflow/.local/lib/python3.12/site-packages/airflow/example_dags/example_branch_labels.py
[2024-10-07T14:53:03.059+0000] {processor.py:925} INFO - DAG(s) 'example_branch_labels' retrieved from /home/airflow/.local/lib/python3.12/site-packages/airflow/example_dags/example_branch_labels.py
[2024-10-07T14:53:03.079+0000] {logging_mixin.py:190} INFO - [2024-10-07T14:53:03.079+0000] {dag.py:3239} INFO - Sync 1 DAGs
[2024-10-07T14:53:03.102+0000] {logging_mixin.py:190} INFO - [2024-10-07T14:53:03.101+0000] {dag.py:4180} INFO - Setting next_dagrun for example_branch_labels to 2024-10-06 00:00:00+00:00, run_after=2024-10-07 00:00:00+00:00
[2024-10-07T14:53:03.120+0000] {processor.py:208} INFO - Processing /home/airflow/.local/lib/python3.12/site-packages/airflow/example_dags/example_branch_labels.py took 0.081 seconds
[2024-10-07T14:53:33.648+0000] {processor.py:186} INFO - Started process (PID=1332) to work on /home/airflow/.local/lib/python3.12/site-packages/airflow/example_dags/example_branch_labels.py
[2024-10-07T14:53:33.650+0000] {processor.py:914} INFO - Processing file /home/airflow/.local/lib/python3.12/site-packages/airflow/example_dags/example_branch_labels.py for tasks to queue
[2024-10-07T14:53:33.653+0000] {logging_mixin.py:190} INFO - [2024-10-07T14:53:33.653+0000] {dagbag.py:588} INFO - Filling up the DagBag from /home/airflow/.local/lib/python3.12/site-packages/airflow/example_dags/example_branch_labels.py
[2024-10-07T14:53:33.663+0000] {processor.py:925} INFO - DAG(s) 'example_branch_labels' retrieved from /home/airflow/.local/lib/python3.12/site-packages/airflow/example_dags/example_branch_labels.py
[2024-10-07T14:53:33.684+0000] {logging_mixin.py:190} INFO - [2024-10-07T14:53:33.683+0000] {dag.py:3239} INFO - Sync 1 DAGs
[2024-10-07T14:53:33.711+0000] {logging_mixin.py:190} INFO - [2024-10-07T14:53:33.710+0000] {dag.py:4180} INFO - Setting next_dagrun for example_branch_labels to 2024-10-06 00:00:00+00:00, run_after=2024-10-07 00:00:00+00:00
[2024-10-07T14:53:33.736+0000] {processor.py:208} INFO - Processing /home/airflow/.local/lib/python3.12/site-packages/airflow/example_dags/example_branch_labels.py took 0.094 seconds
