[2024-10-07T14:43:23.198+0000] {processor.py:186} INFO - Started process (PID=105) to work on /home/airflow/.local/lib/python3.12/site-packages/airflow/example_dags/example_task_group.py
[2024-10-07T14:43:23.200+0000] {processor.py:914} INFO - Processing file /home/airflow/.local/lib/python3.12/site-packages/airflow/example_dags/example_task_group.py for tasks to queue
[2024-10-07T14:43:23.203+0000] {logging_mixin.py:190} INFO - [2024-10-07T14:43:23.203+0000] {dagbag.py:588} INFO - Filling up the DagBag from /home/airflow/.local/lib/python3.12/site-packages/airflow/example_dags/example_task_group.py
[2024-10-07T14:43:23.213+0000] {processor.py:925} INFO - DAG(s) 'example_task_group' retrieved from /home/airflow/.local/lib/python3.12/site-packages/airflow/example_dags/example_task_group.py
[2024-10-07T14:43:23.341+0000] {logging_mixin.py:190} INFO - [2024-10-07T14:43:23.341+0000] {override.py:1900} INFO - Created Permission View: can read on DAG:example_task_group
[2024-10-07T14:43:23.353+0000] {logging_mixin.py:190} INFO - [2024-10-07T14:43:23.352+0000] {override.py:1900} INFO - Created Permission View: can delete on DAG:example_task_group
[2024-10-07T14:43:23.360+0000] {logging_mixin.py:190} INFO - [2024-10-07T14:43:23.360+0000] {override.py:1900} INFO - Created Permission View: can edit on DAG:example_task_group
[2024-10-07T14:43:23.368+0000] {logging_mixin.py:190} INFO - [2024-10-07T14:43:23.368+0000] {override.py:1900} INFO - Created Permission View: can read on DAG Run:example_task_group
[2024-10-07T14:43:23.376+0000] {logging_mixin.py:190} INFO - [2024-10-07T14:43:23.376+0000] {override.py:1900} INFO - Created Permission View: can create on DAG Run:example_task_group
[2024-10-07T14:43:23.385+0000] {logging_mixin.py:190} INFO - [2024-10-07T14:43:23.384+0000] {override.py:1900} INFO - Created Permission View: menu access on DAG Run:example_task_group
[2024-10-07T14:43:23.394+0000] {logging_mixin.py:190} INFO - [2024-10-07T14:43:23.394+0000] {override.py:1900} INFO - Created Permission View: can delete on DAG Run:example_task_group
[2024-10-07T14:43:23.395+0000] {logging_mixin.py:190} INFO - [2024-10-07T14:43:23.395+0000] {dag.py:3239} INFO - Sync 1 DAGs
[2024-10-07T14:43:23.413+0000] {logging_mixin.py:190} INFO - [2024-10-07T14:43:23.412+0000] {dag.py:3262} INFO - Creating ORM DAG for example_task_group
[2024-10-07T14:43:23.415+0000] {logging_mixin.py:190} INFO - [2024-10-07T14:43:23.414+0000] {dag.py:4180} INFO - Setting next_dagrun for example_task_group to None, run_after=None
[2024-10-07T14:43:23.437+0000] {processor.py:208} INFO - Processing /home/airflow/.local/lib/python3.12/site-packages/airflow/example_dags/example_task_group.py took 0.245 seconds
[2024-10-07T14:43:53.730+0000] {processor.py:186} INFO - Started process (PID=167) to work on /home/airflow/.local/lib/python3.12/site-packages/airflow/example_dags/example_task_group.py
[2024-10-07T14:43:53.732+0000] {processor.py:914} INFO - Processing file /home/airflow/.local/lib/python3.12/site-packages/airflow/example_dags/example_task_group.py for tasks to queue
[2024-10-07T14:43:53.737+0000] {logging_mixin.py:190} INFO - [2024-10-07T14:43:53.737+0000] {dagbag.py:588} INFO - Filling up the DagBag from /home/airflow/.local/lib/python3.12/site-packages/airflow/example_dags/example_task_group.py
[2024-10-07T14:43:53.751+0000] {processor.py:925} INFO - DAG(s) 'example_task_group' retrieved from /home/airflow/.local/lib/python3.12/site-packages/airflow/example_dags/example_task_group.py
[2024-10-07T14:43:53.785+0000] {logging_mixin.py:190} INFO - [2024-10-07T14:43:53.784+0000] {dag.py:3239} INFO - Sync 1 DAGs
[2024-10-07T14:43:53.805+0000] {logging_mixin.py:190} INFO - [2024-10-07T14:43:53.805+0000] {dag.py:4180} INFO - Setting next_dagrun for example_task_group to None, run_after=None
[2024-10-07T14:43:53.837+0000] {processor.py:208} INFO - Processing /home/airflow/.local/lib/python3.12/site-packages/airflow/example_dags/example_task_group.py took 0.117 seconds
[2024-10-07T14:44:24.860+0000] {processor.py:186} INFO - Started process (PID=229) to work on /home/airflow/.local/lib/python3.12/site-packages/airflow/example_dags/example_task_group.py
[2024-10-07T14:44:24.862+0000] {processor.py:914} INFO - Processing file /home/airflow/.local/lib/python3.12/site-packages/airflow/example_dags/example_task_group.py for tasks to queue
[2024-10-07T14:44:24.867+0000] {logging_mixin.py:190} INFO - [2024-10-07T14:44:24.866+0000] {dagbag.py:588} INFO - Filling up the DagBag from /home/airflow/.local/lib/python3.12/site-packages/airflow/example_dags/example_task_group.py
[2024-10-07T14:44:24.878+0000] {processor.py:925} INFO - DAG(s) 'example_task_group' retrieved from /home/airflow/.local/lib/python3.12/site-packages/airflow/example_dags/example_task_group.py
[2024-10-07T14:44:24.899+0000] {logging_mixin.py:190} INFO - [2024-10-07T14:44:24.899+0000] {dag.py:3239} INFO - Sync 1 DAGs
[2024-10-07T14:44:24.913+0000] {logging_mixin.py:190} INFO - [2024-10-07T14:44:24.913+0000] {dag.py:4180} INFO - Setting next_dagrun for example_task_group to None, run_after=None
[2024-10-07T14:44:24.933+0000] {processor.py:208} INFO - Processing /home/airflow/.local/lib/python3.12/site-packages/airflow/example_dags/example_task_group.py took 0.083 seconds
[2024-10-07T14:44:55.075+0000] {processor.py:186} INFO - Started process (PID=291) to work on /home/airflow/.local/lib/python3.12/site-packages/airflow/example_dags/example_task_group.py
[2024-10-07T14:44:55.076+0000] {processor.py:914} INFO - Processing file /home/airflow/.local/lib/python3.12/site-packages/airflow/example_dags/example_task_group.py for tasks to queue
[2024-10-07T14:44:55.079+0000] {logging_mixin.py:190} INFO - [2024-10-07T14:44:55.079+0000] {dagbag.py:588} INFO - Filling up the DagBag from /home/airflow/.local/lib/python3.12/site-packages/airflow/example_dags/example_task_group.py
[2024-10-07T14:44:55.096+0000] {processor.py:925} INFO - DAG(s) 'example_task_group' retrieved from /home/airflow/.local/lib/python3.12/site-packages/airflow/example_dags/example_task_group.py
[2024-10-07T14:44:55.123+0000] {logging_mixin.py:190} INFO - [2024-10-07T14:44:55.122+0000] {dag.py:3239} INFO - Sync 1 DAGs
[2024-10-07T14:44:55.150+0000] {logging_mixin.py:190} INFO - [2024-10-07T14:44:55.150+0000] {dag.py:4180} INFO - Setting next_dagrun for example_task_group to None, run_after=None
[2024-10-07T14:44:55.171+0000] {processor.py:208} INFO - Processing /home/airflow/.local/lib/python3.12/site-packages/airflow/example_dags/example_task_group.py took 0.102 seconds
[2024-10-07T14:45:25.662+0000] {processor.py:186} INFO - Started process (PID=352) to work on /home/airflow/.local/lib/python3.12/site-packages/airflow/example_dags/example_task_group.py
[2024-10-07T14:45:25.664+0000] {processor.py:914} INFO - Processing file /home/airflow/.local/lib/python3.12/site-packages/airflow/example_dags/example_task_group.py for tasks to queue
[2024-10-07T14:45:25.667+0000] {logging_mixin.py:190} INFO - [2024-10-07T14:45:25.667+0000] {dagbag.py:588} INFO - Filling up the DagBag from /home/airflow/.local/lib/python3.12/site-packages/airflow/example_dags/example_task_group.py
[2024-10-07T14:45:25.678+0000] {processor.py:925} INFO - DAG(s) 'example_task_group' retrieved from /home/airflow/.local/lib/python3.12/site-packages/airflow/example_dags/example_task_group.py
[2024-10-07T14:45:25.704+0000] {logging_mixin.py:190} INFO - [2024-10-07T14:45:25.703+0000] {dag.py:3239} INFO - Sync 1 DAGs
[2024-10-07T14:45:25.722+0000] {logging_mixin.py:190} INFO - [2024-10-07T14:45:25.722+0000] {dag.py:4180} INFO - Setting next_dagrun for example_task_group to None, run_after=None
[2024-10-07T14:45:25.751+0000] {processor.py:208} INFO - Processing /home/airflow/.local/lib/python3.12/site-packages/airflow/example_dags/example_task_group.py took 0.095 seconds
[2024-10-07T14:45:56.937+0000] {processor.py:186} INFO - Started process (PID=415) to work on /home/airflow/.local/lib/python3.12/site-packages/airflow/example_dags/example_task_group.py
[2024-10-07T14:45:56.939+0000] {processor.py:914} INFO - Processing file /home/airflow/.local/lib/python3.12/site-packages/airflow/example_dags/example_task_group.py for tasks to queue
[2024-10-07T14:45:56.945+0000] {logging_mixin.py:190} INFO - [2024-10-07T14:45:56.944+0000] {dagbag.py:588} INFO - Filling up the DagBag from /home/airflow/.local/lib/python3.12/site-packages/airflow/example_dags/example_task_group.py
[2024-10-07T14:45:56.964+0000] {processor.py:925} INFO - DAG(s) 'example_task_group' retrieved from /home/airflow/.local/lib/python3.12/site-packages/airflow/example_dags/example_task_group.py
[2024-10-07T14:45:57.006+0000] {logging_mixin.py:190} INFO - [2024-10-07T14:45:57.006+0000] {dag.py:3239} INFO - Sync 1 DAGs
[2024-10-07T14:45:57.035+0000] {logging_mixin.py:190} INFO - [2024-10-07T14:45:57.034+0000] {dag.py:4180} INFO - Setting next_dagrun for example_task_group to None, run_after=None
[2024-10-07T14:45:57.072+0000] {processor.py:208} INFO - Processing /home/airflow/.local/lib/python3.12/site-packages/airflow/example_dags/example_task_group.py took 0.149 seconds
[2024-10-07T14:46:28.193+0000] {processor.py:186} INFO - Started process (PID=477) to work on /home/airflow/.local/lib/python3.12/site-packages/airflow/example_dags/example_task_group.py
[2024-10-07T14:46:28.196+0000] {processor.py:914} INFO - Processing file /home/airflow/.local/lib/python3.12/site-packages/airflow/example_dags/example_task_group.py for tasks to queue
[2024-10-07T14:46:28.201+0000] {logging_mixin.py:190} INFO - [2024-10-07T14:46:28.201+0000] {dagbag.py:588} INFO - Filling up the DagBag from /home/airflow/.local/lib/python3.12/site-packages/airflow/example_dags/example_task_group.py
[2024-10-07T14:46:28.218+0000] {processor.py:925} INFO - DAG(s) 'example_task_group' retrieved from /home/airflow/.local/lib/python3.12/site-packages/airflow/example_dags/example_task_group.py
[2024-10-07T14:46:28.261+0000] {logging_mixin.py:190} INFO - [2024-10-07T14:46:28.261+0000] {dag.py:3239} INFO - Sync 1 DAGs
[2024-10-07T14:46:28.293+0000] {logging_mixin.py:190} INFO - [2024-10-07T14:46:28.293+0000] {dag.py:4180} INFO - Setting next_dagrun for example_task_group to None, run_after=None
[2024-10-07T14:46:28.332+0000] {processor.py:208} INFO - Processing /home/airflow/.local/lib/python3.12/site-packages/airflow/example_dags/example_task_group.py took 0.152 seconds
[2024-10-07T14:46:58.582+0000] {processor.py:186} INFO - Started process (PID=539) to work on /home/airflow/.local/lib/python3.12/site-packages/airflow/example_dags/example_task_group.py
[2024-10-07T14:46:58.584+0000] {processor.py:914} INFO - Processing file /home/airflow/.local/lib/python3.12/site-packages/airflow/example_dags/example_task_group.py for tasks to queue
[2024-10-07T14:46:58.588+0000] {logging_mixin.py:190} INFO - [2024-10-07T14:46:58.587+0000] {dagbag.py:588} INFO - Filling up the DagBag from /home/airflow/.local/lib/python3.12/site-packages/airflow/example_dags/example_task_group.py
[2024-10-07T14:46:58.598+0000] {processor.py:925} INFO - DAG(s) 'example_task_group' retrieved from /home/airflow/.local/lib/python3.12/site-packages/airflow/example_dags/example_task_group.py
[2024-10-07T14:46:58.620+0000] {logging_mixin.py:190} INFO - [2024-10-07T14:46:58.620+0000] {dag.py:3239} INFO - Sync 1 DAGs
[2024-10-07T14:46:58.634+0000] {logging_mixin.py:190} INFO - [2024-10-07T14:46:58.634+0000] {dag.py:4180} INFO - Setting next_dagrun for example_task_group to None, run_after=None
[2024-10-07T14:46:58.658+0000] {processor.py:208} INFO - Processing /home/airflow/.local/lib/python3.12/site-packages/airflow/example_dags/example_task_group.py took 0.081 seconds
[2024-10-07T14:47:29.475+0000] {processor.py:186} INFO - Started process (PID=601) to work on /home/airflow/.local/lib/python3.12/site-packages/airflow/example_dags/example_task_group.py
[2024-10-07T14:47:29.477+0000] {processor.py:914} INFO - Processing file /home/airflow/.local/lib/python3.12/site-packages/airflow/example_dags/example_task_group.py for tasks to queue
[2024-10-07T14:47:29.480+0000] {logging_mixin.py:190} INFO - [2024-10-07T14:47:29.480+0000] {dagbag.py:588} INFO - Filling up the DagBag from /home/airflow/.local/lib/python3.12/site-packages/airflow/example_dags/example_task_group.py
[2024-10-07T14:47:29.489+0000] {processor.py:925} INFO - DAG(s) 'example_task_group' retrieved from /home/airflow/.local/lib/python3.12/site-packages/airflow/example_dags/example_task_group.py
[2024-10-07T14:47:29.511+0000] {logging_mixin.py:190} INFO - [2024-10-07T14:47:29.510+0000] {dag.py:3239} INFO - Sync 1 DAGs
[2024-10-07T14:47:29.526+0000] {logging_mixin.py:190} INFO - [2024-10-07T14:47:29.526+0000] {dag.py:4180} INFO - Setting next_dagrun for example_task_group to None, run_after=None
[2024-10-07T14:47:29.545+0000] {processor.py:208} INFO - Processing /home/airflow/.local/lib/python3.12/site-packages/airflow/example_dags/example_task_group.py took 0.075 seconds
[2024-10-07T14:47:59.835+0000] {processor.py:186} INFO - Started process (PID=663) to work on /home/airflow/.local/lib/python3.12/site-packages/airflow/example_dags/example_task_group.py
[2024-10-07T14:47:59.837+0000] {processor.py:914} INFO - Processing file /home/airflow/.local/lib/python3.12/site-packages/airflow/example_dags/example_task_group.py for tasks to queue
[2024-10-07T14:47:59.839+0000] {logging_mixin.py:190} INFO - [2024-10-07T14:47:59.839+0000] {dagbag.py:588} INFO - Filling up the DagBag from /home/airflow/.local/lib/python3.12/site-packages/airflow/example_dags/example_task_group.py
[2024-10-07T14:47:59.848+0000] {processor.py:925} INFO - DAG(s) 'example_task_group' retrieved from /home/airflow/.local/lib/python3.12/site-packages/airflow/example_dags/example_task_group.py
[2024-10-07T14:47:59.869+0000] {logging_mixin.py:190} INFO - [2024-10-07T14:47:59.868+0000] {dag.py:3239} INFO - Sync 1 DAGs
[2024-10-07T14:47:59.883+0000] {logging_mixin.py:190} INFO - [2024-10-07T14:47:59.883+0000] {dag.py:4180} INFO - Setting next_dagrun for example_task_group to None, run_after=None
[2024-10-07T14:47:59.902+0000] {processor.py:208} INFO - Processing /home/airflow/.local/lib/python3.12/site-packages/airflow/example_dags/example_task_group.py took 0.074 seconds
[2024-10-07T14:48:30.168+0000] {processor.py:186} INFO - Started process (PID=725) to work on /home/airflow/.local/lib/python3.12/site-packages/airflow/example_dags/example_task_group.py
[2024-10-07T14:48:30.169+0000] {processor.py:914} INFO - Processing file /home/airflow/.local/lib/python3.12/site-packages/airflow/example_dags/example_task_group.py for tasks to queue
[2024-10-07T14:48:30.172+0000] {logging_mixin.py:190} INFO - [2024-10-07T14:48:30.172+0000] {dagbag.py:588} INFO - Filling up the DagBag from /home/airflow/.local/lib/python3.12/site-packages/airflow/example_dags/example_task_group.py
[2024-10-07T14:48:30.182+0000] {processor.py:925} INFO - DAG(s) 'example_task_group' retrieved from /home/airflow/.local/lib/python3.12/site-packages/airflow/example_dags/example_task_group.py
[2024-10-07T14:48:30.209+0000] {logging_mixin.py:190} INFO - [2024-10-07T14:48:30.209+0000] {dag.py:3239} INFO - Sync 1 DAGs
[2024-10-07T14:48:30.226+0000] {logging_mixin.py:190} INFO - [2024-10-07T14:48:30.226+0000] {dag.py:4180} INFO - Setting next_dagrun for example_task_group to None, run_after=None
[2024-10-07T14:48:30.248+0000] {processor.py:208} INFO - Processing /home/airflow/.local/lib/python3.12/site-packages/airflow/example_dags/example_task_group.py took 0.086 seconds
[2024-10-07T14:49:00.606+0000] {processor.py:186} INFO - Started process (PID=787) to work on /home/airflow/.local/lib/python3.12/site-packages/airflow/example_dags/example_task_group.py
[2024-10-07T14:49:00.608+0000] {processor.py:914} INFO - Processing file /home/airflow/.local/lib/python3.12/site-packages/airflow/example_dags/example_task_group.py for tasks to queue
[2024-10-07T14:49:00.611+0000] {logging_mixin.py:190} INFO - [2024-10-07T14:49:00.611+0000] {dagbag.py:588} INFO - Filling up the DagBag from /home/airflow/.local/lib/python3.12/site-packages/airflow/example_dags/example_task_group.py
[2024-10-07T14:49:00.620+0000] {processor.py:925} INFO - DAG(s) 'example_task_group' retrieved from /home/airflow/.local/lib/python3.12/site-packages/airflow/example_dags/example_task_group.py
[2024-10-07T14:49:00.644+0000] {logging_mixin.py:190} INFO - [2024-10-07T14:49:00.644+0000] {dag.py:3239} INFO - Sync 1 DAGs
[2024-10-07T14:49:00.658+0000] {logging_mixin.py:190} INFO - [2024-10-07T14:49:00.658+0000] {dag.py:4180} INFO - Setting next_dagrun for example_task_group to None, run_after=None
[2024-10-07T14:49:00.680+0000] {processor.py:208} INFO - Processing /home/airflow/.local/lib/python3.12/site-packages/airflow/example_dags/example_task_group.py took 0.079 seconds
[2024-10-07T14:49:31.284+0000] {processor.py:186} INFO - Started process (PID=849) to work on /home/airflow/.local/lib/python3.12/site-packages/airflow/example_dags/example_task_group.py
[2024-10-07T14:49:31.286+0000] {processor.py:914} INFO - Processing file /home/airflow/.local/lib/python3.12/site-packages/airflow/example_dags/example_task_group.py for tasks to queue
[2024-10-07T14:49:31.289+0000] {logging_mixin.py:190} INFO - [2024-10-07T14:49:31.289+0000] {dagbag.py:588} INFO - Filling up the DagBag from /home/airflow/.local/lib/python3.12/site-packages/airflow/example_dags/example_task_group.py
[2024-10-07T14:49:31.300+0000] {processor.py:925} INFO - DAG(s) 'example_task_group' retrieved from /home/airflow/.local/lib/python3.12/site-packages/airflow/example_dags/example_task_group.py
[2024-10-07T14:49:31.325+0000] {logging_mixin.py:190} INFO - [2024-10-07T14:49:31.325+0000] {dag.py:3239} INFO - Sync 1 DAGs
[2024-10-07T14:49:31.340+0000] {logging_mixin.py:190} INFO - [2024-10-07T14:49:31.340+0000] {dag.py:4180} INFO - Setting next_dagrun for example_task_group to None, run_after=None
[2024-10-07T14:49:31.361+0000] {processor.py:208} INFO - Processing /home/airflow/.local/lib/python3.12/site-packages/airflow/example_dags/example_task_group.py took 0.085 seconds
[2024-10-07T14:50:01.688+0000] {processor.py:186} INFO - Started process (PID=911) to work on /home/airflow/.local/lib/python3.12/site-packages/airflow/example_dags/example_task_group.py
[2024-10-07T14:50:01.690+0000] {processor.py:914} INFO - Processing file /home/airflow/.local/lib/python3.12/site-packages/airflow/example_dags/example_task_group.py for tasks to queue
[2024-10-07T14:50:01.695+0000] {logging_mixin.py:190} INFO - [2024-10-07T14:50:01.695+0000] {dagbag.py:588} INFO - Filling up the DagBag from /home/airflow/.local/lib/python3.12/site-packages/airflow/example_dags/example_task_group.py
[2024-10-07T14:50:01.706+0000] {processor.py:925} INFO - DAG(s) 'example_task_group' retrieved from /home/airflow/.local/lib/python3.12/site-packages/airflow/example_dags/example_task_group.py
[2024-10-07T14:50:01.735+0000] {logging_mixin.py:190} INFO - [2024-10-07T14:50:01.734+0000] {dag.py:3239} INFO - Sync 1 DAGs
[2024-10-07T14:50:01.755+0000] {logging_mixin.py:190} INFO - [2024-10-07T14:50:01.755+0000] {dag.py:4180} INFO - Setting next_dagrun for example_task_group to None, run_after=None
[2024-10-07T14:50:01.784+0000] {processor.py:208} INFO - Processing /home/airflow/.local/lib/python3.12/site-packages/airflow/example_dags/example_task_group.py took 0.104 seconds
[2024-10-07T14:50:32.286+0000] {processor.py:186} INFO - Started process (PID=973) to work on /home/airflow/.local/lib/python3.12/site-packages/airflow/example_dags/example_task_group.py
[2024-10-07T14:50:32.289+0000] {processor.py:914} INFO - Processing file /home/airflow/.local/lib/python3.12/site-packages/airflow/example_dags/example_task_group.py for tasks to queue
[2024-10-07T14:50:32.296+0000] {logging_mixin.py:190} INFO - [2024-10-07T14:50:32.295+0000] {dagbag.py:588} INFO - Filling up the DagBag from /home/airflow/.local/lib/python3.12/site-packages/airflow/example_dags/example_task_group.py
[2024-10-07T14:50:32.311+0000] {processor.py:925} INFO - DAG(s) 'example_task_group' retrieved from /home/airflow/.local/lib/python3.12/site-packages/airflow/example_dags/example_task_group.py
[2024-10-07T14:50:32.342+0000] {logging_mixin.py:190} INFO - [2024-10-07T14:50:32.341+0000] {dag.py:3239} INFO - Sync 1 DAGs
[2024-10-07T14:50:32.360+0000] {logging_mixin.py:190} INFO - [2024-10-07T14:50:32.359+0000] {dag.py:4180} INFO - Setting next_dagrun for example_task_group to None, run_after=None
[2024-10-07T14:50:32.382+0000] {processor.py:208} INFO - Processing /home/airflow/.local/lib/python3.12/site-packages/airflow/example_dags/example_task_group.py took 0.112 seconds
[2024-10-07T14:51:02.552+0000] {processor.py:186} INFO - Started process (PID=1035) to work on /home/airflow/.local/lib/python3.12/site-packages/airflow/example_dags/example_task_group.py
[2024-10-07T14:51:02.554+0000] {processor.py:914} INFO - Processing file /home/airflow/.local/lib/python3.12/site-packages/airflow/example_dags/example_task_group.py for tasks to queue
[2024-10-07T14:51:02.558+0000] {logging_mixin.py:190} INFO - [2024-10-07T14:51:02.557+0000] {dagbag.py:588} INFO - Filling up the DagBag from /home/airflow/.local/lib/python3.12/site-packages/airflow/example_dags/example_task_group.py
[2024-10-07T14:51:02.568+0000] {processor.py:925} INFO - DAG(s) 'example_task_group' retrieved from /home/airflow/.local/lib/python3.12/site-packages/airflow/example_dags/example_task_group.py
[2024-10-07T14:51:02.594+0000] {logging_mixin.py:190} INFO - [2024-10-07T14:51:02.594+0000] {dag.py:3239} INFO - Sync 1 DAGs
[2024-10-07T14:51:02.611+0000] {logging_mixin.py:190} INFO - [2024-10-07T14:51:02.611+0000] {dag.py:4180} INFO - Setting next_dagrun for example_task_group to None, run_after=None
[2024-10-07T14:51:02.639+0000] {processor.py:208} INFO - Processing /home/airflow/.local/lib/python3.12/site-packages/airflow/example_dags/example_task_group.py took 0.094 seconds
[2024-10-07T14:51:32.881+0000] {processor.py:186} INFO - Started process (PID=1097) to work on /home/airflow/.local/lib/python3.12/site-packages/airflow/example_dags/example_task_group.py
[2024-10-07T14:51:32.882+0000] {processor.py:914} INFO - Processing file /home/airflow/.local/lib/python3.12/site-packages/airflow/example_dags/example_task_group.py for tasks to queue
[2024-10-07T14:51:32.885+0000] {logging_mixin.py:190} INFO - [2024-10-07T14:51:32.885+0000] {dagbag.py:588} INFO - Filling up the DagBag from /home/airflow/.local/lib/python3.12/site-packages/airflow/example_dags/example_task_group.py
[2024-10-07T14:51:32.896+0000] {processor.py:925} INFO - DAG(s) 'example_task_group' retrieved from /home/airflow/.local/lib/python3.12/site-packages/airflow/example_dags/example_task_group.py
[2024-10-07T14:51:32.920+0000] {logging_mixin.py:190} INFO - [2024-10-07T14:51:32.920+0000] {dag.py:3239} INFO - Sync 1 DAGs
[2024-10-07T14:51:32.941+0000] {logging_mixin.py:190} INFO - [2024-10-07T14:51:32.940+0000] {dag.py:4180} INFO - Setting next_dagrun for example_task_group to None, run_after=None
[2024-10-07T14:51:32.965+0000] {processor.py:208} INFO - Processing /home/airflow/.local/lib/python3.12/site-packages/airflow/example_dags/example_task_group.py took 0.092 seconds
[2024-10-07T14:52:03.813+0000] {processor.py:186} INFO - Started process (PID=1159) to work on /home/airflow/.local/lib/python3.12/site-packages/airflow/example_dags/example_task_group.py
[2024-10-07T14:52:03.815+0000] {processor.py:914} INFO - Processing file /home/airflow/.local/lib/python3.12/site-packages/airflow/example_dags/example_task_group.py for tasks to queue
[2024-10-07T14:52:03.818+0000] {logging_mixin.py:190} INFO - [2024-10-07T14:52:03.818+0000] {dagbag.py:588} INFO - Filling up the DagBag from /home/airflow/.local/lib/python3.12/site-packages/airflow/example_dags/example_task_group.py
[2024-10-07T14:52:03.827+0000] {processor.py:925} INFO - DAG(s) 'example_task_group' retrieved from /home/airflow/.local/lib/python3.12/site-packages/airflow/example_dags/example_task_group.py
[2024-10-07T14:52:03.850+0000] {logging_mixin.py:190} INFO - [2024-10-07T14:52:03.850+0000] {dag.py:3239} INFO - Sync 1 DAGs
[2024-10-07T14:52:03.865+0000] {logging_mixin.py:190} INFO - [2024-10-07T14:52:03.865+0000] {dag.py:4180} INFO - Setting next_dagrun for example_task_group to None, run_after=None
[2024-10-07T14:52:03.889+0000] {processor.py:208} INFO - Processing /home/airflow/.local/lib/python3.12/site-packages/airflow/example_dags/example_task_group.py took 0.082 seconds
[2024-10-07T14:52:34.408+0000] {processor.py:186} INFO - Started process (PID=1221) to work on /home/airflow/.local/lib/python3.12/site-packages/airflow/example_dags/example_task_group.py
[2024-10-07T14:52:34.410+0000] {processor.py:914} INFO - Processing file /home/airflow/.local/lib/python3.12/site-packages/airflow/example_dags/example_task_group.py for tasks to queue
[2024-10-07T14:52:34.413+0000] {logging_mixin.py:190} INFO - [2024-10-07T14:52:34.413+0000] {dagbag.py:588} INFO - Filling up the DagBag from /home/airflow/.local/lib/python3.12/site-packages/airflow/example_dags/example_task_group.py
[2024-10-07T14:52:34.423+0000] {processor.py:925} INFO - DAG(s) 'example_task_group' retrieved from /home/airflow/.local/lib/python3.12/site-packages/airflow/example_dags/example_task_group.py
[2024-10-07T14:52:34.445+0000] {logging_mixin.py:190} INFO - [2024-10-07T14:52:34.445+0000] {dag.py:3239} INFO - Sync 1 DAGs
[2024-10-07T14:52:34.460+0000] {logging_mixin.py:190} INFO - [2024-10-07T14:52:34.460+0000] {dag.py:4180} INFO - Setting next_dagrun for example_task_group to None, run_after=None
[2024-10-07T14:52:34.478+0000] {processor.py:208} INFO - Processing /home/airflow/.local/lib/python3.12/site-packages/airflow/example_dags/example_task_group.py took 0.078 seconds
[2024-10-07T14:53:05.088+0000] {processor.py:186} INFO - Started process (PID=1283) to work on /home/airflow/.local/lib/python3.12/site-packages/airflow/example_dags/example_task_group.py
[2024-10-07T14:53:05.089+0000] {processor.py:914} INFO - Processing file /home/airflow/.local/lib/python3.12/site-packages/airflow/example_dags/example_task_group.py for tasks to queue
[2024-10-07T14:53:05.093+0000] {logging_mixin.py:190} INFO - [2024-10-07T14:53:05.093+0000] {dagbag.py:588} INFO - Filling up the DagBag from /home/airflow/.local/lib/python3.12/site-packages/airflow/example_dags/example_task_group.py
[2024-10-07T14:53:05.103+0000] {processor.py:925} INFO - DAG(s) 'example_task_group' retrieved from /home/airflow/.local/lib/python3.12/site-packages/airflow/example_dags/example_task_group.py
[2024-10-07T14:53:05.124+0000] {logging_mixin.py:190} INFO - [2024-10-07T14:53:05.124+0000] {dag.py:3239} INFO - Sync 1 DAGs
[2024-10-07T14:53:05.142+0000] {logging_mixin.py:190} INFO - [2024-10-07T14:53:05.141+0000] {dag.py:4180} INFO - Setting next_dagrun for example_task_group to None, run_after=None
[2024-10-07T14:53:05.163+0000] {processor.py:208} INFO - Processing /home/airflow/.local/lib/python3.12/site-packages/airflow/example_dags/example_task_group.py took 0.082 seconds
[2024-10-07T14:53:35.596+0000] {processor.py:186} INFO - Started process (PID=1346) to work on /home/airflow/.local/lib/python3.12/site-packages/airflow/example_dags/example_task_group.py
[2024-10-07T14:53:35.597+0000] {processor.py:914} INFO - Processing file /home/airflow/.local/lib/python3.12/site-packages/airflow/example_dags/example_task_group.py for tasks to queue
[2024-10-07T14:53:35.600+0000] {logging_mixin.py:190} INFO - [2024-10-07T14:53:35.600+0000] {dagbag.py:588} INFO - Filling up the DagBag from /home/airflow/.local/lib/python3.12/site-packages/airflow/example_dags/example_task_group.py
[2024-10-07T14:53:35.608+0000] {processor.py:925} INFO - DAG(s) 'example_task_group' retrieved from /home/airflow/.local/lib/python3.12/site-packages/airflow/example_dags/example_task_group.py
[2024-10-07T14:53:35.635+0000] {logging_mixin.py:190} INFO - [2024-10-07T14:53:35.635+0000] {dag.py:3239} INFO - Sync 1 DAGs
[2024-10-07T14:53:35.658+0000] {logging_mixin.py:190} INFO - [2024-10-07T14:53:35.657+0000] {dag.py:4180} INFO - Setting next_dagrun for example_task_group to None, run_after=None
[2024-10-07T14:53:35.685+0000] {processor.py:208} INFO - Processing /home/airflow/.local/lib/python3.12/site-packages/airflow/example_dags/example_task_group.py took 0.095 seconds
