[2024-10-07T14:43:22.002+0000] {processor.py:186} INFO - Started process (PID=98) to work on /home/airflow/.local/lib/python3.12/site-packages/airflow/example_dags/example_nested_branch_dag.py
[2024-10-07T14:43:22.003+0000] {processor.py:914} INFO - Processing file /home/airflow/.local/lib/python3.12/site-packages/airflow/example_dags/example_nested_branch_dag.py for tasks to queue
[2024-10-07T14:43:22.007+0000] {logging_mixin.py:190} INFO - [2024-10-07T14:43:22.007+0000] {dagbag.py:588} INFO - Filling up the DagBag from /home/airflow/.local/lib/python3.12/site-packages/airflow/example_dags/example_nested_branch_dag.py
[2024-10-07T14:43:22.024+0000] {processor.py:925} INFO - DAG(s) 'example_nested_branch_dag' retrieved from /home/airflow/.local/lib/python3.12/site-packages/airflow/example_dags/example_nested_branch_dag.py
[2024-10-07T14:43:22.162+0000] {logging_mixin.py:190} INFO - [2024-10-07T14:43:22.161+0000] {override.py:1900} INFO - Created Permission View: can read on DAG:example_nested_branch_dag
[2024-10-07T14:43:22.175+0000] {logging_mixin.py:190} INFO - [2024-10-07T14:43:22.175+0000] {override.py:1900} INFO - Created Permission View: can delete on DAG:example_nested_branch_dag
[2024-10-07T14:43:22.184+0000] {logging_mixin.py:190} INFO - [2024-10-07T14:43:22.184+0000] {override.py:1900} INFO - Created Permission View: can edit on DAG:example_nested_branch_dag
[2024-10-07T14:43:22.194+0000] {logging_mixin.py:190} INFO - [2024-10-07T14:43:22.194+0000] {override.py:1900} INFO - Created Permission View: can read on DAG Run:example_nested_branch_dag
[2024-10-07T14:43:22.204+0000] {logging_mixin.py:190} INFO - [2024-10-07T14:43:22.204+0000] {override.py:1900} INFO - Created Permission View: can create on DAG Run:example_nested_branch_dag
[2024-10-07T14:43:22.213+0000] {logging_mixin.py:190} INFO - [2024-10-07T14:43:22.212+0000] {override.py:1900} INFO - Created Permission View: menu access on DAG Run:example_nested_branch_dag
[2024-10-07T14:43:22.221+0000] {logging_mixin.py:190} INFO - [2024-10-07T14:43:22.221+0000] {override.py:1900} INFO - Created Permission View: can delete on DAG Run:example_nested_branch_dag
[2024-10-07T14:43:22.223+0000] {logging_mixin.py:190} INFO - [2024-10-07T14:43:22.223+0000] {dag.py:3239} INFO - Sync 1 DAGs
[2024-10-07T14:43:22.239+0000] {logging_mixin.py:190} INFO - [2024-10-07T14:43:22.238+0000] {dag.py:3262} INFO - Creating ORM DAG for example_nested_branch_dag
[2024-10-07T14:43:22.251+0000] {logging_mixin.py:190} INFO - [2024-10-07T14:43:22.250+0000] {dag.py:4180} INFO - Setting next_dagrun for example_nested_branch_dag to 2024-10-06 00:00:00+00:00, run_after=2024-10-07 00:00:00+00:00
[2024-10-07T14:43:22.274+0000] {processor.py:208} INFO - Processing /home/airflow/.local/lib/python3.12/site-packages/airflow/example_dags/example_nested_branch_dag.py took 0.279 seconds
[2024-10-07T14:43:52.485+0000] {processor.py:186} INFO - Started process (PID=160) to work on /home/airflow/.local/lib/python3.12/site-packages/airflow/example_dags/example_nested_branch_dag.py
[2024-10-07T14:43:52.487+0000] {processor.py:914} INFO - Processing file /home/airflow/.local/lib/python3.12/site-packages/airflow/example_dags/example_nested_branch_dag.py for tasks to queue
[2024-10-07T14:43:52.491+0000] {logging_mixin.py:190} INFO - [2024-10-07T14:43:52.490+0000] {dagbag.py:588} INFO - Filling up the DagBag from /home/airflow/.local/lib/python3.12/site-packages/airflow/example_dags/example_nested_branch_dag.py
[2024-10-07T14:43:52.502+0000] {processor.py:925} INFO - DAG(s) 'example_nested_branch_dag' retrieved from /home/airflow/.local/lib/python3.12/site-packages/airflow/example_dags/example_nested_branch_dag.py
[2024-10-07T14:43:52.527+0000] {logging_mixin.py:190} INFO - [2024-10-07T14:43:52.526+0000] {dag.py:3239} INFO - Sync 1 DAGs
[2024-10-07T14:43:52.551+0000] {logging_mixin.py:190} INFO - [2024-10-07T14:43:52.551+0000] {dag.py:4180} INFO - Setting next_dagrun for example_nested_branch_dag to 2024-10-06 00:00:00+00:00, run_after=2024-10-07 00:00:00+00:00
[2024-10-07T14:43:52.574+0000] {processor.py:208} INFO - Processing /home/airflow/.local/lib/python3.12/site-packages/airflow/example_dags/example_nested_branch_dag.py took 0.095 seconds
[2024-10-07T14:44:23.310+0000] {processor.py:186} INFO - Started process (PID=222) to work on /home/airflow/.local/lib/python3.12/site-packages/airflow/example_dags/example_nested_branch_dag.py
[2024-10-07T14:44:23.312+0000] {processor.py:914} INFO - Processing file /home/airflow/.local/lib/python3.12/site-packages/airflow/example_dags/example_nested_branch_dag.py for tasks to queue
[2024-10-07T14:44:23.315+0000] {logging_mixin.py:190} INFO - [2024-10-07T14:44:23.315+0000] {dagbag.py:588} INFO - Filling up the DagBag from /home/airflow/.local/lib/python3.12/site-packages/airflow/example_dags/example_nested_branch_dag.py
[2024-10-07T14:44:23.326+0000] {processor.py:925} INFO - DAG(s) 'example_nested_branch_dag' retrieved from /home/airflow/.local/lib/python3.12/site-packages/airflow/example_dags/example_nested_branch_dag.py
[2024-10-07T14:44:23.349+0000] {logging_mixin.py:190} INFO - [2024-10-07T14:44:23.349+0000] {dag.py:3239} INFO - Sync 1 DAGs
[2024-10-07T14:44:23.376+0000] {logging_mixin.py:190} INFO - [2024-10-07T14:44:23.376+0000] {dag.py:4180} INFO - Setting next_dagrun for example_nested_branch_dag to 2024-10-06 00:00:00+00:00, run_after=2024-10-07 00:00:00+00:00
[2024-10-07T14:44:23.396+0000] {processor.py:208} INFO - Processing /home/airflow/.local/lib/python3.12/site-packages/airflow/example_dags/example_nested_branch_dag.py took 0.091 seconds
[2024-10-07T14:44:54.185+0000] {processor.py:186} INFO - Started process (PID=284) to work on /home/airflow/.local/lib/python3.12/site-packages/airflow/example_dags/example_nested_branch_dag.py
[2024-10-07T14:44:54.187+0000] {processor.py:914} INFO - Processing file /home/airflow/.local/lib/python3.12/site-packages/airflow/example_dags/example_nested_branch_dag.py for tasks to queue
[2024-10-07T14:44:54.190+0000] {logging_mixin.py:190} INFO - [2024-10-07T14:44:54.190+0000] {dagbag.py:588} INFO - Filling up the DagBag from /home/airflow/.local/lib/python3.12/site-packages/airflow/example_dags/example_nested_branch_dag.py
[2024-10-07T14:44:54.202+0000] {processor.py:925} INFO - DAG(s) 'example_nested_branch_dag' retrieved from /home/airflow/.local/lib/python3.12/site-packages/airflow/example_dags/example_nested_branch_dag.py
[2024-10-07T14:44:54.226+0000] {logging_mixin.py:190} INFO - [2024-10-07T14:44:54.225+0000] {dag.py:3239} INFO - Sync 1 DAGs
[2024-10-07T14:44:54.252+0000] {logging_mixin.py:190} INFO - [2024-10-07T14:44:54.252+0000] {dag.py:4180} INFO - Setting next_dagrun for example_nested_branch_dag to 2024-10-06 00:00:00+00:00, run_after=2024-10-07 00:00:00+00:00
[2024-10-07T14:44:54.275+0000] {processor.py:208} INFO - Processing /home/airflow/.local/lib/python3.12/site-packages/airflow/example_dags/example_nested_branch_dag.py took 0.096 seconds
[2024-10-07T14:45:25.015+0000] {processor.py:186} INFO - Started process (PID=345) to work on /home/airflow/.local/lib/python3.12/site-packages/airflow/example_dags/example_nested_branch_dag.py
[2024-10-07T14:45:25.017+0000] {processor.py:914} INFO - Processing file /home/airflow/.local/lib/python3.12/site-packages/airflow/example_dags/example_nested_branch_dag.py for tasks to queue
[2024-10-07T14:45:25.020+0000] {logging_mixin.py:190} INFO - [2024-10-07T14:45:25.020+0000] {dagbag.py:588} INFO - Filling up the DagBag from /home/airflow/.local/lib/python3.12/site-packages/airflow/example_dags/example_nested_branch_dag.py
[2024-10-07T14:45:25.031+0000] {processor.py:925} INFO - DAG(s) 'example_nested_branch_dag' retrieved from /home/airflow/.local/lib/python3.12/site-packages/airflow/example_dags/example_nested_branch_dag.py
[2024-10-07T14:45:25.054+0000] {logging_mixin.py:190} INFO - [2024-10-07T14:45:25.054+0000] {dag.py:3239} INFO - Sync 1 DAGs
[2024-10-07T14:45:25.082+0000] {logging_mixin.py:190} INFO - [2024-10-07T14:45:25.082+0000] {dag.py:4180} INFO - Setting next_dagrun for example_nested_branch_dag to 2024-10-06 00:00:00+00:00, run_after=2024-10-07 00:00:00+00:00
[2024-10-07T14:45:25.107+0000] {processor.py:208} INFO - Processing /home/airflow/.local/lib/python3.12/site-packages/airflow/example_dags/example_nested_branch_dag.py took 0.098 seconds
[2024-10-07T14:45:55.852+0000] {processor.py:186} INFO - Started process (PID=408) to work on /home/airflow/.local/lib/python3.12/site-packages/airflow/example_dags/example_nested_branch_dag.py
[2024-10-07T14:45:55.856+0000] {processor.py:914} INFO - Processing file /home/airflow/.local/lib/python3.12/site-packages/airflow/example_dags/example_nested_branch_dag.py for tasks to queue
[2024-10-07T14:45:55.861+0000] {logging_mixin.py:190} INFO - [2024-10-07T14:45:55.861+0000] {dagbag.py:588} INFO - Filling up the DagBag from /home/airflow/.local/lib/python3.12/site-packages/airflow/example_dags/example_nested_branch_dag.py
[2024-10-07T14:45:55.890+0000] {processor.py:925} INFO - DAG(s) 'example_nested_branch_dag' retrieved from /home/airflow/.local/lib/python3.12/site-packages/airflow/example_dags/example_nested_branch_dag.py
[2024-10-07T14:45:55.939+0000] {logging_mixin.py:190} INFO - [2024-10-07T14:45:55.938+0000] {dag.py:3239} INFO - Sync 1 DAGs
[2024-10-07T14:45:55.993+0000] {logging_mixin.py:190} INFO - [2024-10-07T14:45:55.992+0000] {dag.py:4180} INFO - Setting next_dagrun for example_nested_branch_dag to 2024-10-06 00:00:00+00:00, run_after=2024-10-07 00:00:00+00:00
[2024-10-07T14:45:56.041+0000] {processor.py:208} INFO - Processing /home/airflow/.local/lib/python3.12/site-packages/airflow/example_dags/example_nested_branch_dag.py took 0.203 seconds
[2024-10-07T14:46:27.021+0000] {processor.py:186} INFO - Started process (PID=470) to work on /home/airflow/.local/lib/python3.12/site-packages/airflow/example_dags/example_nested_branch_dag.py
[2024-10-07T14:46:27.026+0000] {processor.py:914} INFO - Processing file /home/airflow/.local/lib/python3.12/site-packages/airflow/example_dags/example_nested_branch_dag.py for tasks to queue
[2024-10-07T14:46:27.033+0000] {logging_mixin.py:190} INFO - [2024-10-07T14:46:27.032+0000] {dagbag.py:588} INFO - Filling up the DagBag from /home/airflow/.local/lib/python3.12/site-packages/airflow/example_dags/example_nested_branch_dag.py
[2024-10-07T14:46:27.060+0000] {processor.py:925} INFO - DAG(s) 'example_nested_branch_dag' retrieved from /home/airflow/.local/lib/python3.12/site-packages/airflow/example_dags/example_nested_branch_dag.py
[2024-10-07T14:46:27.107+0000] {logging_mixin.py:190} INFO - [2024-10-07T14:46:27.106+0000] {dag.py:3239} INFO - Sync 1 DAGs
[2024-10-07T14:46:27.157+0000] {logging_mixin.py:190} INFO - [2024-10-07T14:46:27.157+0000] {dag.py:4180} INFO - Setting next_dagrun for example_nested_branch_dag to 2024-10-06 00:00:00+00:00, run_after=2024-10-07 00:00:00+00:00
[2024-10-07T14:46:27.200+0000] {processor.py:208} INFO - Processing /home/airflow/.local/lib/python3.12/site-packages/airflow/example_dags/example_nested_branch_dag.py took 0.192 seconds
[2024-10-07T14:46:57.512+0000] {processor.py:186} INFO - Started process (PID=532) to work on /home/airflow/.local/lib/python3.12/site-packages/airflow/example_dags/example_nested_branch_dag.py
[2024-10-07T14:46:57.514+0000] {processor.py:914} INFO - Processing file /home/airflow/.local/lib/python3.12/site-packages/airflow/example_dags/example_nested_branch_dag.py for tasks to queue
[2024-10-07T14:46:57.518+0000] {logging_mixin.py:190} INFO - [2024-10-07T14:46:57.518+0000] {dagbag.py:588} INFO - Filling up the DagBag from /home/airflow/.local/lib/python3.12/site-packages/airflow/example_dags/example_nested_branch_dag.py
[2024-10-07T14:46:57.532+0000] {processor.py:925} INFO - DAG(s) 'example_nested_branch_dag' retrieved from /home/airflow/.local/lib/python3.12/site-packages/airflow/example_dags/example_nested_branch_dag.py
[2024-10-07T14:46:57.556+0000] {logging_mixin.py:190} INFO - [2024-10-07T14:46:57.555+0000] {dag.py:3239} INFO - Sync 1 DAGs
[2024-10-07T14:46:57.582+0000] {logging_mixin.py:190} INFO - [2024-10-07T14:46:57.582+0000] {dag.py:4180} INFO - Setting next_dagrun for example_nested_branch_dag to 2024-10-06 00:00:00+00:00, run_after=2024-10-07 00:00:00+00:00
[2024-10-07T14:46:57.603+0000] {processor.py:208} INFO - Processing /home/airflow/.local/lib/python3.12/site-packages/airflow/example_dags/example_nested_branch_dag.py took 0.102 seconds
[2024-10-07T14:47:27.942+0000] {processor.py:186} INFO - Started process (PID=594) to work on /home/airflow/.local/lib/python3.12/site-packages/airflow/example_dags/example_nested_branch_dag.py
[2024-10-07T14:47:27.944+0000] {processor.py:914} INFO - Processing file /home/airflow/.local/lib/python3.12/site-packages/airflow/example_dags/example_nested_branch_dag.py for tasks to queue
[2024-10-07T14:47:27.947+0000] {logging_mixin.py:190} INFO - [2024-10-07T14:47:27.947+0000] {dagbag.py:588} INFO - Filling up the DagBag from /home/airflow/.local/lib/python3.12/site-packages/airflow/example_dags/example_nested_branch_dag.py
[2024-10-07T14:47:27.959+0000] {processor.py:925} INFO - DAG(s) 'example_nested_branch_dag' retrieved from /home/airflow/.local/lib/python3.12/site-packages/airflow/example_dags/example_nested_branch_dag.py
[2024-10-07T14:47:27.980+0000] {logging_mixin.py:190} INFO - [2024-10-07T14:47:27.980+0000] {dag.py:3239} INFO - Sync 1 DAGs
[2024-10-07T14:47:28.005+0000] {logging_mixin.py:190} INFO - [2024-10-07T14:47:28.005+0000] {dag.py:4180} INFO - Setting next_dagrun for example_nested_branch_dag to 2024-10-06 00:00:00+00:00, run_after=2024-10-07 00:00:00+00:00
[2024-10-07T14:47:28.025+0000] {processor.py:208} INFO - Processing /home/airflow/.local/lib/python3.12/site-packages/airflow/example_dags/example_nested_branch_dag.py took 0.089 seconds
[2024-10-07T14:47:58.182+0000] {processor.py:186} INFO - Started process (PID=656) to work on /home/airflow/.local/lib/python3.12/site-packages/airflow/example_dags/example_nested_branch_dag.py
[2024-10-07T14:47:58.184+0000] {processor.py:914} INFO - Processing file /home/airflow/.local/lib/python3.12/site-packages/airflow/example_dags/example_nested_branch_dag.py for tasks to queue
[2024-10-07T14:47:58.188+0000] {logging_mixin.py:190} INFO - [2024-10-07T14:47:58.187+0000] {dagbag.py:588} INFO - Filling up the DagBag from /home/airflow/.local/lib/python3.12/site-packages/airflow/example_dags/example_nested_branch_dag.py
[2024-10-07T14:47:58.201+0000] {processor.py:925} INFO - DAG(s) 'example_nested_branch_dag' retrieved from /home/airflow/.local/lib/python3.12/site-packages/airflow/example_dags/example_nested_branch_dag.py
[2024-10-07T14:47:58.222+0000] {logging_mixin.py:190} INFO - [2024-10-07T14:47:58.222+0000] {dag.py:3239} INFO - Sync 1 DAGs
[2024-10-07T14:47:58.247+0000] {logging_mixin.py:190} INFO - [2024-10-07T14:47:58.246+0000] {dag.py:4180} INFO - Setting next_dagrun for example_nested_branch_dag to 2024-10-06 00:00:00+00:00, run_after=2024-10-07 00:00:00+00:00
[2024-10-07T14:47:58.266+0000] {processor.py:208} INFO - Processing /home/airflow/.local/lib/python3.12/site-packages/airflow/example_dags/example_nested_branch_dag.py took 0.091 seconds
[2024-10-07T14:48:29.163+0000] {processor.py:186} INFO - Started process (PID=718) to work on /home/airflow/.local/lib/python3.12/site-packages/airflow/example_dags/example_nested_branch_dag.py
[2024-10-07T14:48:29.165+0000] {processor.py:914} INFO - Processing file /home/airflow/.local/lib/python3.12/site-packages/airflow/example_dags/example_nested_branch_dag.py for tasks to queue
[2024-10-07T14:48:29.168+0000] {logging_mixin.py:190} INFO - [2024-10-07T14:48:29.167+0000] {dagbag.py:588} INFO - Filling up the DagBag from /home/airflow/.local/lib/python3.12/site-packages/airflow/example_dags/example_nested_branch_dag.py
[2024-10-07T14:48:29.180+0000] {processor.py:925} INFO - DAG(s) 'example_nested_branch_dag' retrieved from /home/airflow/.local/lib/python3.12/site-packages/airflow/example_dags/example_nested_branch_dag.py
[2024-10-07T14:48:29.210+0000] {logging_mixin.py:190} INFO - [2024-10-07T14:48:29.209+0000] {dag.py:3239} INFO - Sync 1 DAGs
[2024-10-07T14:48:29.233+0000] {logging_mixin.py:190} INFO - [2024-10-07T14:48:29.233+0000] {dag.py:4180} INFO - Setting next_dagrun for example_nested_branch_dag to 2024-10-06 00:00:00+00:00, run_after=2024-10-07 00:00:00+00:00
[2024-10-07T14:48:29.254+0000] {processor.py:208} INFO - Processing /home/airflow/.local/lib/python3.12/site-packages/airflow/example_dags/example_nested_branch_dag.py took 0.099 seconds
[2024-10-07T14:48:59.800+0000] {processor.py:186} INFO - Started process (PID=780) to work on /home/airflow/.local/lib/python3.12/site-packages/airflow/example_dags/example_nested_branch_dag.py
[2024-10-07T14:48:59.802+0000] {processor.py:914} INFO - Processing file /home/airflow/.local/lib/python3.12/site-packages/airflow/example_dags/example_nested_branch_dag.py for tasks to queue
[2024-10-07T14:48:59.806+0000] {logging_mixin.py:190} INFO - [2024-10-07T14:48:59.806+0000] {dagbag.py:588} INFO - Filling up the DagBag from /home/airflow/.local/lib/python3.12/site-packages/airflow/example_dags/example_nested_branch_dag.py
[2024-10-07T14:48:59.822+0000] {processor.py:925} INFO - DAG(s) 'example_nested_branch_dag' retrieved from /home/airflow/.local/lib/python3.12/site-packages/airflow/example_dags/example_nested_branch_dag.py
[2024-10-07T14:48:59.854+0000] {logging_mixin.py:190} INFO - [2024-10-07T14:48:59.854+0000] {dag.py:3239} INFO - Sync 1 DAGs
[2024-10-07T14:48:59.877+0000] {logging_mixin.py:190} INFO - [2024-10-07T14:48:59.877+0000] {dag.py:4180} INFO - Setting next_dagrun for example_nested_branch_dag to 2024-10-06 00:00:00+00:00, run_after=2024-10-07 00:00:00+00:00
[2024-10-07T14:48:59.898+0000] {processor.py:208} INFO - Processing /home/airflow/.local/lib/python3.12/site-packages/airflow/example_dags/example_nested_branch_dag.py took 0.107 seconds
[2024-10-07T14:49:30.573+0000] {processor.py:186} INFO - Started process (PID=842) to work on /home/airflow/.local/lib/python3.12/site-packages/airflow/example_dags/example_nested_branch_dag.py
[2024-10-07T14:49:30.574+0000] {processor.py:914} INFO - Processing file /home/airflow/.local/lib/python3.12/site-packages/airflow/example_dags/example_nested_branch_dag.py for tasks to queue
[2024-10-07T14:49:30.577+0000] {logging_mixin.py:190} INFO - [2024-10-07T14:49:30.577+0000] {dagbag.py:588} INFO - Filling up the DagBag from /home/airflow/.local/lib/python3.12/site-packages/airflow/example_dags/example_nested_branch_dag.py
[2024-10-07T14:49:30.590+0000] {processor.py:925} INFO - DAG(s) 'example_nested_branch_dag' retrieved from /home/airflow/.local/lib/python3.12/site-packages/airflow/example_dags/example_nested_branch_dag.py
[2024-10-07T14:49:30.614+0000] {logging_mixin.py:190} INFO - [2024-10-07T14:49:30.613+0000] {dag.py:3239} INFO - Sync 1 DAGs
[2024-10-07T14:49:30.640+0000] {logging_mixin.py:190} INFO - [2024-10-07T14:49:30.640+0000] {dag.py:4180} INFO - Setting next_dagrun for example_nested_branch_dag to 2024-10-06 00:00:00+00:00, run_after=2024-10-07 00:00:00+00:00
[2024-10-07T14:49:30.661+0000] {processor.py:208} INFO - Processing /home/airflow/.local/lib/python3.12/site-packages/airflow/example_dags/example_nested_branch_dag.py took 0.094 seconds
[2024-10-07T14:50:01.146+0000] {processor.py:186} INFO - Started process (PID=904) to work on /home/airflow/.local/lib/python3.12/site-packages/airflow/example_dags/example_nested_branch_dag.py
[2024-10-07T14:50:01.148+0000] {processor.py:914} INFO - Processing file /home/airflow/.local/lib/python3.12/site-packages/airflow/example_dags/example_nested_branch_dag.py for tasks to queue
[2024-10-07T14:50:01.151+0000] {logging_mixin.py:190} INFO - [2024-10-07T14:50:01.150+0000] {dagbag.py:588} INFO - Filling up the DagBag from /home/airflow/.local/lib/python3.12/site-packages/airflow/example_dags/example_nested_branch_dag.py
[2024-10-07T14:50:01.163+0000] {processor.py:925} INFO - DAG(s) 'example_nested_branch_dag' retrieved from /home/airflow/.local/lib/python3.12/site-packages/airflow/example_dags/example_nested_branch_dag.py
[2024-10-07T14:50:01.189+0000] {logging_mixin.py:190} INFO - [2024-10-07T14:50:01.189+0000] {dag.py:3239} INFO - Sync 1 DAGs
[2024-10-07T14:50:01.218+0000] {logging_mixin.py:190} INFO - [2024-10-07T14:50:01.218+0000] {dag.py:4180} INFO - Setting next_dagrun for example_nested_branch_dag to 2024-10-06 00:00:00+00:00, run_after=2024-10-07 00:00:00+00:00
[2024-10-07T14:50:01.239+0000] {processor.py:208} INFO - Processing /home/airflow/.local/lib/python3.12/site-packages/airflow/example_dags/example_nested_branch_dag.py took 0.099 seconds
[2024-10-07T14:50:31.561+0000] {processor.py:186} INFO - Started process (PID=966) to work on /home/airflow/.local/lib/python3.12/site-packages/airflow/example_dags/example_nested_branch_dag.py
[2024-10-07T14:50:31.563+0000] {processor.py:914} INFO - Processing file /home/airflow/.local/lib/python3.12/site-packages/airflow/example_dags/example_nested_branch_dag.py for tasks to queue
[2024-10-07T14:50:31.567+0000] {logging_mixin.py:190} INFO - [2024-10-07T14:50:31.566+0000] {dagbag.py:588} INFO - Filling up the DagBag from /home/airflow/.local/lib/python3.12/site-packages/airflow/example_dags/example_nested_branch_dag.py
[2024-10-07T14:50:31.578+0000] {processor.py:925} INFO - DAG(s) 'example_nested_branch_dag' retrieved from /home/airflow/.local/lib/python3.12/site-packages/airflow/example_dags/example_nested_branch_dag.py
[2024-10-07T14:50:31.610+0000] {logging_mixin.py:190} INFO - [2024-10-07T14:50:31.610+0000] {dag.py:3239} INFO - Sync 1 DAGs
[2024-10-07T14:50:31.646+0000] {logging_mixin.py:190} INFO - [2024-10-07T14:50:31.646+0000] {dag.py:4180} INFO - Setting next_dagrun for example_nested_branch_dag to 2024-10-06 00:00:00+00:00, run_after=2024-10-07 00:00:00+00:00
[2024-10-07T14:50:31.667+0000] {processor.py:208} INFO - Processing /home/airflow/.local/lib/python3.12/site-packages/airflow/example_dags/example_nested_branch_dag.py took 0.112 seconds
[2024-10-07T14:51:01.894+0000] {processor.py:186} INFO - Started process (PID=1028) to work on /home/airflow/.local/lib/python3.12/site-packages/airflow/example_dags/example_nested_branch_dag.py
[2024-10-07T14:51:01.895+0000] {processor.py:914} INFO - Processing file /home/airflow/.local/lib/python3.12/site-packages/airflow/example_dags/example_nested_branch_dag.py for tasks to queue
[2024-10-07T14:51:01.898+0000] {logging_mixin.py:190} INFO - [2024-10-07T14:51:01.898+0000] {dagbag.py:588} INFO - Filling up the DagBag from /home/airflow/.local/lib/python3.12/site-packages/airflow/example_dags/example_nested_branch_dag.py
[2024-10-07T14:51:01.911+0000] {processor.py:925} INFO - DAG(s) 'example_nested_branch_dag' retrieved from /home/airflow/.local/lib/python3.12/site-packages/airflow/example_dags/example_nested_branch_dag.py
[2024-10-07T14:51:01.934+0000] {logging_mixin.py:190} INFO - [2024-10-07T14:51:01.934+0000] {dag.py:3239} INFO - Sync 1 DAGs
[2024-10-07T14:51:01.962+0000] {logging_mixin.py:190} INFO - [2024-10-07T14:51:01.962+0000] {dag.py:4180} INFO - Setting next_dagrun for example_nested_branch_dag to 2024-10-06 00:00:00+00:00, run_after=2024-10-07 00:00:00+00:00
[2024-10-07T14:51:01.984+0000] {processor.py:208} INFO - Processing /home/airflow/.local/lib/python3.12/site-packages/airflow/example_dags/example_nested_branch_dag.py took 0.097 seconds
[2024-10-07T14:51:32.354+0000] {processor.py:186} INFO - Started process (PID=1090) to work on /home/airflow/.local/lib/python3.12/site-packages/airflow/example_dags/example_nested_branch_dag.py
[2024-10-07T14:51:32.356+0000] {processor.py:914} INFO - Processing file /home/airflow/.local/lib/python3.12/site-packages/airflow/example_dags/example_nested_branch_dag.py for tasks to queue
[2024-10-07T14:51:32.359+0000] {logging_mixin.py:190} INFO - [2024-10-07T14:51:32.358+0000] {dagbag.py:588} INFO - Filling up the DagBag from /home/airflow/.local/lib/python3.12/site-packages/airflow/example_dags/example_nested_branch_dag.py
[2024-10-07T14:51:32.370+0000] {processor.py:925} INFO - DAG(s) 'example_nested_branch_dag' retrieved from /home/airflow/.local/lib/python3.12/site-packages/airflow/example_dags/example_nested_branch_dag.py
[2024-10-07T14:51:32.393+0000] {logging_mixin.py:190} INFO - [2024-10-07T14:51:32.393+0000] {dag.py:3239} INFO - Sync 1 DAGs
[2024-10-07T14:51:32.417+0000] {logging_mixin.py:190} INFO - [2024-10-07T14:51:32.417+0000] {dag.py:4180} INFO - Setting next_dagrun for example_nested_branch_dag to 2024-10-06 00:00:00+00:00, run_after=2024-10-07 00:00:00+00:00
[2024-10-07T14:51:32.438+0000] {processor.py:208} INFO - Processing /home/airflow/.local/lib/python3.12/site-packages/airflow/example_dags/example_nested_branch_dag.py took 0.091 seconds
[2024-10-07T14:52:03.277+0000] {processor.py:186} INFO - Started process (PID=1152) to work on /home/airflow/.local/lib/python3.12/site-packages/airflow/example_dags/example_nested_branch_dag.py
[2024-10-07T14:52:03.279+0000] {processor.py:914} INFO - Processing file /home/airflow/.local/lib/python3.12/site-packages/airflow/example_dags/example_nested_branch_dag.py for tasks to queue
[2024-10-07T14:52:03.282+0000] {logging_mixin.py:190} INFO - [2024-10-07T14:52:03.282+0000] {dagbag.py:588} INFO - Filling up the DagBag from /home/airflow/.local/lib/python3.12/site-packages/airflow/example_dags/example_nested_branch_dag.py
[2024-10-07T14:52:03.294+0000] {processor.py:925} INFO - DAG(s) 'example_nested_branch_dag' retrieved from /home/airflow/.local/lib/python3.12/site-packages/airflow/example_dags/example_nested_branch_dag.py
[2024-10-07T14:52:03.317+0000] {logging_mixin.py:190} INFO - [2024-10-07T14:52:03.317+0000] {dag.py:3239} INFO - Sync 1 DAGs
[2024-10-07T14:52:03.343+0000] {logging_mixin.py:190} INFO - [2024-10-07T14:52:03.343+0000] {dag.py:4180} INFO - Setting next_dagrun for example_nested_branch_dag to 2024-10-06 00:00:00+00:00, run_after=2024-10-07 00:00:00+00:00
[2024-10-07T14:52:03.366+0000] {processor.py:208} INFO - Processing /home/airflow/.local/lib/python3.12/site-packages/airflow/example_dags/example_nested_branch_dag.py took 0.095 seconds
[2024-10-07T14:52:33.919+0000] {processor.py:186} INFO - Started process (PID=1214) to work on /home/airflow/.local/lib/python3.12/site-packages/airflow/example_dags/example_nested_branch_dag.py
[2024-10-07T14:52:33.921+0000] {processor.py:914} INFO - Processing file /home/airflow/.local/lib/python3.12/site-packages/airflow/example_dags/example_nested_branch_dag.py for tasks to queue
[2024-10-07T14:52:33.924+0000] {logging_mixin.py:190} INFO - [2024-10-07T14:52:33.924+0000] {dagbag.py:588} INFO - Filling up the DagBag from /home/airflow/.local/lib/python3.12/site-packages/airflow/example_dags/example_nested_branch_dag.py
[2024-10-07T14:52:33.936+0000] {processor.py:925} INFO - DAG(s) 'example_nested_branch_dag' retrieved from /home/airflow/.local/lib/python3.12/site-packages/airflow/example_dags/example_nested_branch_dag.py
[2024-10-07T14:52:33.964+0000] {logging_mixin.py:190} INFO - [2024-10-07T14:52:33.963+0000] {dag.py:3239} INFO - Sync 1 DAGs
[2024-10-07T14:52:33.992+0000] {logging_mixin.py:190} INFO - [2024-10-07T14:52:33.992+0000] {dag.py:4180} INFO - Setting next_dagrun for example_nested_branch_dag to 2024-10-06 00:00:00+00:00, run_after=2024-10-07 00:00:00+00:00
[2024-10-07T14:52:34.013+0000] {processor.py:208} INFO - Processing /home/airflow/.local/lib/python3.12/site-packages/airflow/example_dags/example_nested_branch_dag.py took 0.099 seconds
[2024-10-07T14:53:04.525+0000] {processor.py:186} INFO - Started process (PID=1276) to work on /home/airflow/.local/lib/python3.12/site-packages/airflow/example_dags/example_nested_branch_dag.py
[2024-10-07T14:53:04.526+0000] {processor.py:914} INFO - Processing file /home/airflow/.local/lib/python3.12/site-packages/airflow/example_dags/example_nested_branch_dag.py for tasks to queue
[2024-10-07T14:53:04.529+0000] {logging_mixin.py:190} INFO - [2024-10-07T14:53:04.529+0000] {dagbag.py:588} INFO - Filling up the DagBag from /home/airflow/.local/lib/python3.12/site-packages/airflow/example_dags/example_nested_branch_dag.py
[2024-10-07T14:53:04.541+0000] {processor.py:925} INFO - DAG(s) 'example_nested_branch_dag' retrieved from /home/airflow/.local/lib/python3.12/site-packages/airflow/example_dags/example_nested_branch_dag.py
[2024-10-07T14:53:04.563+0000] {logging_mixin.py:190} INFO - [2024-10-07T14:53:04.562+0000] {dag.py:3239} INFO - Sync 1 DAGs
[2024-10-07T14:53:04.588+0000] {logging_mixin.py:190} INFO - [2024-10-07T14:53:04.588+0000] {dag.py:4180} INFO - Setting next_dagrun for example_nested_branch_dag to 2024-10-06 00:00:00+00:00, run_after=2024-10-07 00:00:00+00:00
[2024-10-07T14:53:04.607+0000] {processor.py:208} INFO - Processing /home/airflow/.local/lib/python3.12/site-packages/airflow/example_dags/example_nested_branch_dag.py took 0.089 seconds
[2024-10-07T14:53:35.070+0000] {processor.py:186} INFO - Started process (PID=1339) to work on /home/airflow/.local/lib/python3.12/site-packages/airflow/example_dags/example_nested_branch_dag.py
[2024-10-07T14:53:35.072+0000] {processor.py:914} INFO - Processing file /home/airflow/.local/lib/python3.12/site-packages/airflow/example_dags/example_nested_branch_dag.py for tasks to queue
[2024-10-07T14:53:35.075+0000] {logging_mixin.py:190} INFO - [2024-10-07T14:53:35.075+0000] {dagbag.py:588} INFO - Filling up the DagBag from /home/airflow/.local/lib/python3.12/site-packages/airflow/example_dags/example_nested_branch_dag.py
[2024-10-07T14:53:35.087+0000] {processor.py:925} INFO - DAG(s) 'example_nested_branch_dag' retrieved from /home/airflow/.local/lib/python3.12/site-packages/airflow/example_dags/example_nested_branch_dag.py
[2024-10-07T14:53:35.108+0000] {logging_mixin.py:190} INFO - [2024-10-07T14:53:35.107+0000] {dag.py:3239} INFO - Sync 1 DAGs
[2024-10-07T14:53:35.134+0000] {logging_mixin.py:190} INFO - [2024-10-07T14:53:35.133+0000] {dag.py:4180} INFO - Setting next_dagrun for example_nested_branch_dag to 2024-10-06 00:00:00+00:00, run_after=2024-10-07 00:00:00+00:00
[2024-10-07T14:53:35.151+0000] {processor.py:208} INFO - Processing /home/airflow/.local/lib/python3.12/site-packages/airflow/example_dags/example_nested_branch_dag.py took 0.086 seconds
