[2024-10-07T14:43:21.720+0000] {processor.py:186} INFO - Started process (PID=96) to work on /home/airflow/.local/lib/python3.12/site-packages/airflow/example_dags/example_python_operator.py
[2024-10-07T14:43:21.722+0000] {processor.py:914} INFO - Processing file /home/airflow/.local/lib/python3.12/site-packages/airflow/example_dags/example_python_operator.py for tasks to queue
[2024-10-07T14:43:21.725+0000] {logging_mixin.py:190} INFO - [2024-10-07T14:43:21.724+0000] {dagbag.py:588} INFO - Filling up the DagBag from /home/airflow/.local/lib/python3.12/site-packages/airflow/example_dags/example_python_operator.py
[2024-10-07T14:43:21.741+0000] {processor.py:925} INFO - DAG(s) 'example_python_operator' retrieved from /home/airflow/.local/lib/python3.12/site-packages/airflow/example_dags/example_python_operator.py
[2024-10-07T14:43:21.853+0000] {logging_mixin.py:190} INFO - [2024-10-07T14:43:21.852+0000] {override.py:1900} INFO - Created Permission View: can read on DAG:example_python_operator
[2024-10-07T14:43:21.864+0000] {logging_mixin.py:190} INFO - [2024-10-07T14:43:21.863+0000] {override.py:1900} INFO - Created Permission View: can delete on DAG:example_python_operator
[2024-10-07T14:43:21.871+0000] {logging_mixin.py:190} INFO - [2024-10-07T14:43:21.871+0000] {override.py:1900} INFO - Created Permission View: can edit on DAG:example_python_operator
[2024-10-07T14:43:21.879+0000] {logging_mixin.py:190} INFO - [2024-10-07T14:43:21.878+0000] {override.py:1900} INFO - Created Permission View: can read on DAG Run:example_python_operator
[2024-10-07T14:43:21.889+0000] {logging_mixin.py:190} INFO - [2024-10-07T14:43:21.889+0000] {override.py:1900} INFO - Created Permission View: can create on DAG Run:example_python_operator
[2024-10-07T14:43:21.898+0000] {logging_mixin.py:190} INFO - [2024-10-07T14:43:21.897+0000] {override.py:1900} INFO - Created Permission View: menu access on DAG Run:example_python_operator
[2024-10-07T14:43:21.905+0000] {logging_mixin.py:190} INFO - [2024-10-07T14:43:21.905+0000] {override.py:1900} INFO - Created Permission View: can delete on DAG Run:example_python_operator
[2024-10-07T14:43:21.907+0000] {logging_mixin.py:190} INFO - [2024-10-07T14:43:21.907+0000] {dag.py:3239} INFO - Sync 1 DAGs
[2024-10-07T14:43:21.920+0000] {logging_mixin.py:190} INFO - [2024-10-07T14:43:21.920+0000] {dag.py:3262} INFO - Creating ORM DAG for example_python_operator
[2024-10-07T14:43:21.922+0000] {logging_mixin.py:190} INFO - [2024-10-07T14:43:21.922+0000] {dag.py:4180} INFO - Setting next_dagrun for example_python_operator to None, run_after=None
[2024-10-07T14:43:21.942+0000] {processor.py:208} INFO - Processing /home/airflow/.local/lib/python3.12/site-packages/airflow/example_dags/example_python_operator.py took 0.229 seconds
[2024-10-07T14:43:52.350+0000] {processor.py:186} INFO - Started process (PID=158) to work on /home/airflow/.local/lib/python3.12/site-packages/airflow/example_dags/example_python_operator.py
[2024-10-07T14:43:52.351+0000] {processor.py:914} INFO - Processing file /home/airflow/.local/lib/python3.12/site-packages/airflow/example_dags/example_python_operator.py for tasks to queue
[2024-10-07T14:43:52.355+0000] {logging_mixin.py:190} INFO - [2024-10-07T14:43:52.354+0000] {dagbag.py:588} INFO - Filling up the DagBag from /home/airflow/.local/lib/python3.12/site-packages/airflow/example_dags/example_python_operator.py
[2024-10-07T14:43:52.367+0000] {processor.py:925} INFO - DAG(s) 'example_python_operator' retrieved from /home/airflow/.local/lib/python3.12/site-packages/airflow/example_dags/example_python_operator.py
[2024-10-07T14:43:52.391+0000] {logging_mixin.py:190} INFO - [2024-10-07T14:43:52.391+0000] {dag.py:3239} INFO - Sync 1 DAGs
[2024-10-07T14:43:52.406+0000] {logging_mixin.py:190} INFO - [2024-10-07T14:43:52.405+0000] {dag.py:4180} INFO - Setting next_dagrun for example_python_operator to None, run_after=None
[2024-10-07T14:43:52.427+0000] {processor.py:208} INFO - Processing /home/airflow/.local/lib/python3.12/site-packages/airflow/example_dags/example_python_operator.py took 0.084 seconds
[2024-10-07T14:44:23.185+0000] {processor.py:186} INFO - Started process (PID=220) to work on /home/airflow/.local/lib/python3.12/site-packages/airflow/example_dags/example_python_operator.py
[2024-10-07T14:44:23.186+0000] {processor.py:914} INFO - Processing file /home/airflow/.local/lib/python3.12/site-packages/airflow/example_dags/example_python_operator.py for tasks to queue
[2024-10-07T14:44:23.189+0000] {logging_mixin.py:190} INFO - [2024-10-07T14:44:23.189+0000] {dagbag.py:588} INFO - Filling up the DagBag from /home/airflow/.local/lib/python3.12/site-packages/airflow/example_dags/example_python_operator.py
[2024-10-07T14:44:23.201+0000] {processor.py:925} INFO - DAG(s) 'example_python_operator' retrieved from /home/airflow/.local/lib/python3.12/site-packages/airflow/example_dags/example_python_operator.py
[2024-10-07T14:44:23.223+0000] {logging_mixin.py:190} INFO - [2024-10-07T14:44:23.222+0000] {dag.py:3239} INFO - Sync 1 DAGs
[2024-10-07T14:44:23.237+0000] {logging_mixin.py:190} INFO - [2024-10-07T14:44:23.237+0000] {dag.py:4180} INFO - Setting next_dagrun for example_python_operator to None, run_after=None
[2024-10-07T14:44:23.256+0000] {processor.py:208} INFO - Processing /home/airflow/.local/lib/python3.12/site-packages/airflow/example_dags/example_python_operator.py took 0.078 seconds
[2024-10-07T14:44:54.052+0000] {processor.py:186} INFO - Started process (PID=282) to work on /home/airflow/.local/lib/python3.12/site-packages/airflow/example_dags/example_python_operator.py
[2024-10-07T14:44:54.054+0000] {processor.py:914} INFO - Processing file /home/airflow/.local/lib/python3.12/site-packages/airflow/example_dags/example_python_operator.py for tasks to queue
[2024-10-07T14:44:54.057+0000] {logging_mixin.py:190} INFO - [2024-10-07T14:44:54.057+0000] {dagbag.py:588} INFO - Filling up the DagBag from /home/airflow/.local/lib/python3.12/site-packages/airflow/example_dags/example_python_operator.py
[2024-10-07T14:44:54.071+0000] {processor.py:925} INFO - DAG(s) 'example_python_operator' retrieved from /home/airflow/.local/lib/python3.12/site-packages/airflow/example_dags/example_python_operator.py
[2024-10-07T14:44:54.095+0000] {logging_mixin.py:190} INFO - [2024-10-07T14:44:54.094+0000] {dag.py:3239} INFO - Sync 1 DAGs
[2024-10-07T14:44:54.112+0000] {logging_mixin.py:190} INFO - [2024-10-07T14:44:54.112+0000] {dag.py:4180} INFO - Setting next_dagrun for example_python_operator to None, run_after=None
[2024-10-07T14:44:54.132+0000] {processor.py:208} INFO - Processing /home/airflow/.local/lib/python3.12/site-packages/airflow/example_dags/example_python_operator.py took 0.087 seconds
[2024-10-07T14:45:24.882+0000] {processor.py:186} INFO - Started process (PID=343) to work on /home/airflow/.local/lib/python3.12/site-packages/airflow/example_dags/example_python_operator.py
[2024-10-07T14:45:24.884+0000] {processor.py:914} INFO - Processing file /home/airflow/.local/lib/python3.12/site-packages/airflow/example_dags/example_python_operator.py for tasks to queue
[2024-10-07T14:45:24.887+0000] {logging_mixin.py:190} INFO - [2024-10-07T14:45:24.887+0000] {dagbag.py:588} INFO - Filling up the DagBag from /home/airflow/.local/lib/python3.12/site-packages/airflow/example_dags/example_python_operator.py
[2024-10-07T14:45:24.903+0000] {processor.py:925} INFO - DAG(s) 'example_python_operator' retrieved from /home/airflow/.local/lib/python3.12/site-packages/airflow/example_dags/example_python_operator.py
[2024-10-07T14:45:24.926+0000] {logging_mixin.py:190} INFO - [2024-10-07T14:45:24.925+0000] {dag.py:3239} INFO - Sync 1 DAGs
[2024-10-07T14:45:24.942+0000] {logging_mixin.py:190} INFO - [2024-10-07T14:45:24.942+0000] {dag.py:4180} INFO - Setting next_dagrun for example_python_operator to None, run_after=None
[2024-10-07T14:45:24.964+0000] {processor.py:208} INFO - Processing /home/airflow/.local/lib/python3.12/site-packages/airflow/example_dags/example_python_operator.py took 0.090 seconds
[2024-10-07T14:45:55.628+0000] {processor.py:186} INFO - Started process (PID=406) to work on /home/airflow/.local/lib/python3.12/site-packages/airflow/example_dags/example_python_operator.py
[2024-10-07T14:45:55.631+0000] {processor.py:914} INFO - Processing file /home/airflow/.local/lib/python3.12/site-packages/airflow/example_dags/example_python_operator.py for tasks to queue
[2024-10-07T14:45:55.637+0000] {logging_mixin.py:190} INFO - [2024-10-07T14:45:55.636+0000] {dagbag.py:588} INFO - Filling up the DagBag from /home/airflow/.local/lib/python3.12/site-packages/airflow/example_dags/example_python_operator.py
[2024-10-07T14:45:55.659+0000] {processor.py:925} INFO - DAG(s) 'example_python_operator' retrieved from /home/airflow/.local/lib/python3.12/site-packages/airflow/example_dags/example_python_operator.py
[2024-10-07T14:45:55.696+0000] {logging_mixin.py:190} INFO - [2024-10-07T14:45:55.695+0000] {dag.py:3239} INFO - Sync 1 DAGs
[2024-10-07T14:45:55.727+0000] {logging_mixin.py:190} INFO - [2024-10-07T14:45:55.727+0000] {dag.py:4180} INFO - Setting next_dagrun for example_python_operator to None, run_after=None
[2024-10-07T14:45:55.764+0000] {processor.py:208} INFO - Processing /home/airflow/.local/lib/python3.12/site-packages/airflow/example_dags/example_python_operator.py took 0.147 seconds
[2024-10-07T14:46:26.714+0000] {processor.py:186} INFO - Started process (PID=468) to work on /home/airflow/.local/lib/python3.12/site-packages/airflow/example_dags/example_python_operator.py
[2024-10-07T14:46:26.717+0000] {processor.py:914} INFO - Processing file /home/airflow/.local/lib/python3.12/site-packages/airflow/example_dags/example_python_operator.py for tasks to queue
[2024-10-07T14:46:26.724+0000] {logging_mixin.py:190} INFO - [2024-10-07T14:46:26.723+0000] {dagbag.py:588} INFO - Filling up the DagBag from /home/airflow/.local/lib/python3.12/site-packages/airflow/example_dags/example_python_operator.py
[2024-10-07T14:46:26.751+0000] {processor.py:925} INFO - DAG(s) 'example_python_operator' retrieved from /home/airflow/.local/lib/python3.12/site-packages/airflow/example_dags/example_python_operator.py
[2024-10-07T14:46:26.811+0000] {logging_mixin.py:190} INFO - [2024-10-07T14:46:26.811+0000] {dag.py:3239} INFO - Sync 1 DAGs
[2024-10-07T14:46:26.851+0000] {logging_mixin.py:190} INFO - [2024-10-07T14:46:26.851+0000] {dag.py:4180} INFO - Setting next_dagrun for example_python_operator to None, run_after=None
[2024-10-07T14:46:26.903+0000] {processor.py:208} INFO - Processing /home/airflow/.local/lib/python3.12/site-packages/airflow/example_dags/example_python_operator.py took 0.203 seconds
[2024-10-07T14:46:57.348+0000] {processor.py:186} INFO - Started process (PID=530) to work on /home/airflow/.local/lib/python3.12/site-packages/airflow/example_dags/example_python_operator.py
[2024-10-07T14:46:57.350+0000] {processor.py:914} INFO - Processing file /home/airflow/.local/lib/python3.12/site-packages/airflow/example_dags/example_python_operator.py for tasks to queue
[2024-10-07T14:46:57.353+0000] {logging_mixin.py:190} INFO - [2024-10-07T14:46:57.353+0000] {dagbag.py:588} INFO - Filling up the DagBag from /home/airflow/.local/lib/python3.12/site-packages/airflow/example_dags/example_python_operator.py
[2024-10-07T14:46:57.366+0000] {processor.py:925} INFO - DAG(s) 'example_python_operator' retrieved from /home/airflow/.local/lib/python3.12/site-packages/airflow/example_dags/example_python_operator.py
[2024-10-07T14:46:57.389+0000] {logging_mixin.py:190} INFO - [2024-10-07T14:46:57.389+0000] {dag.py:3239} INFO - Sync 1 DAGs
[2024-10-07T14:46:57.407+0000] {logging_mixin.py:190} INFO - [2024-10-07T14:46:57.407+0000] {dag.py:4180} INFO - Setting next_dagrun for example_python_operator to None, run_after=None
[2024-10-07T14:46:57.428+0000] {processor.py:208} INFO - Processing /home/airflow/.local/lib/python3.12/site-packages/airflow/example_dags/example_python_operator.py took 0.085 seconds
[2024-10-07T14:47:27.810+0000] {processor.py:186} INFO - Started process (PID=592) to work on /home/airflow/.local/lib/python3.12/site-packages/airflow/example_dags/example_python_operator.py
[2024-10-07T14:47:27.811+0000] {processor.py:914} INFO - Processing file /home/airflow/.local/lib/python3.12/site-packages/airflow/example_dags/example_python_operator.py for tasks to queue
[2024-10-07T14:47:27.815+0000] {logging_mixin.py:190} INFO - [2024-10-07T14:47:27.814+0000] {dagbag.py:588} INFO - Filling up the DagBag from /home/airflow/.local/lib/python3.12/site-packages/airflow/example_dags/example_python_operator.py
[2024-10-07T14:47:27.828+0000] {processor.py:925} INFO - DAG(s) 'example_python_operator' retrieved from /home/airflow/.local/lib/python3.12/site-packages/airflow/example_dags/example_python_operator.py
[2024-10-07T14:47:27.854+0000] {logging_mixin.py:190} INFO - [2024-10-07T14:47:27.854+0000] {dag.py:3239} INFO - Sync 1 DAGs
[2024-10-07T14:47:27.871+0000] {logging_mixin.py:190} INFO - [2024-10-07T14:47:27.870+0000] {dag.py:4180} INFO - Setting next_dagrun for example_python_operator to None, run_after=None
[2024-10-07T14:47:27.892+0000] {processor.py:208} INFO - Processing /home/airflow/.local/lib/python3.12/site-packages/airflow/example_dags/example_python_operator.py took 0.089 seconds
[2024-10-07T14:47:58.051+0000] {processor.py:186} INFO - Started process (PID=654) to work on /home/airflow/.local/lib/python3.12/site-packages/airflow/example_dags/example_python_operator.py
[2024-10-07T14:47:58.052+0000] {processor.py:914} INFO - Processing file /home/airflow/.local/lib/python3.12/site-packages/airflow/example_dags/example_python_operator.py for tasks to queue
[2024-10-07T14:47:58.055+0000] {logging_mixin.py:190} INFO - [2024-10-07T14:47:58.055+0000] {dagbag.py:588} INFO - Filling up the DagBag from /home/airflow/.local/lib/python3.12/site-packages/airflow/example_dags/example_python_operator.py
[2024-10-07T14:47:58.067+0000] {processor.py:925} INFO - DAG(s) 'example_python_operator' retrieved from /home/airflow/.local/lib/python3.12/site-packages/airflow/example_dags/example_python_operator.py
[2024-10-07T14:47:58.089+0000] {logging_mixin.py:190} INFO - [2024-10-07T14:47:58.089+0000] {dag.py:3239} INFO - Sync 1 DAGs
[2024-10-07T14:47:58.105+0000] {logging_mixin.py:190} INFO - [2024-10-07T14:47:58.104+0000] {dag.py:4180} INFO - Setting next_dagrun for example_python_operator to None, run_after=None
[2024-10-07T14:47:58.124+0000] {processor.py:208} INFO - Processing /home/airflow/.local/lib/python3.12/site-packages/airflow/example_dags/example_python_operator.py took 0.079 seconds
[2024-10-07T14:48:28.945+0000] {processor.py:186} INFO - Started process (PID=716) to work on /home/airflow/.local/lib/python3.12/site-packages/airflow/example_dags/example_python_operator.py
[2024-10-07T14:48:28.947+0000] {processor.py:914} INFO - Processing file /home/airflow/.local/lib/python3.12/site-packages/airflow/example_dags/example_python_operator.py for tasks to queue
[2024-10-07T14:48:28.950+0000] {logging_mixin.py:190} INFO - [2024-10-07T14:48:28.949+0000] {dagbag.py:588} INFO - Filling up the DagBag from /home/airflow/.local/lib/python3.12/site-packages/airflow/example_dags/example_python_operator.py
[2024-10-07T14:48:28.962+0000] {processor.py:925} INFO - DAG(s) 'example_python_operator' retrieved from /home/airflow/.local/lib/python3.12/site-packages/airflow/example_dags/example_python_operator.py
[2024-10-07T14:48:29.003+0000] {logging_mixin.py:190} INFO - [2024-10-07T14:48:29.003+0000] {dag.py:3239} INFO - Sync 1 DAGs
[2024-10-07T14:48:29.034+0000] {logging_mixin.py:190} INFO - [2024-10-07T14:48:29.034+0000] {dag.py:4180} INFO - Setting next_dagrun for example_python_operator to None, run_after=None
[2024-10-07T14:48:29.084+0000] {processor.py:208} INFO - Processing /home/airflow/.local/lib/python3.12/site-packages/airflow/example_dags/example_python_operator.py took 0.145 seconds
[2024-10-07T14:48:59.588+0000] {processor.py:186} INFO - Started process (PID=778) to work on /home/airflow/.local/lib/python3.12/site-packages/airflow/example_dags/example_python_operator.py
[2024-10-07T14:48:59.590+0000] {processor.py:914} INFO - Processing file /home/airflow/.local/lib/python3.12/site-packages/airflow/example_dags/example_python_operator.py for tasks to queue
[2024-10-07T14:48:59.596+0000] {logging_mixin.py:190} INFO - [2024-10-07T14:48:59.595+0000] {dagbag.py:588} INFO - Filling up the DagBag from /home/airflow/.local/lib/python3.12/site-packages/airflow/example_dags/example_python_operator.py
[2024-10-07T14:48:59.615+0000] {processor.py:925} INFO - DAG(s) 'example_python_operator' retrieved from /home/airflow/.local/lib/python3.12/site-packages/airflow/example_dags/example_python_operator.py
[2024-10-07T14:48:59.639+0000] {logging_mixin.py:190} INFO - [2024-10-07T14:48:59.639+0000] {dag.py:3239} INFO - Sync 1 DAGs
[2024-10-07T14:48:59.653+0000] {logging_mixin.py:190} INFO - [2024-10-07T14:48:59.652+0000] {dag.py:4180} INFO - Setting next_dagrun for example_python_operator to None, run_after=None
[2024-10-07T14:48:59.672+0000] {processor.py:208} INFO - Processing /home/airflow/.local/lib/python3.12/site-packages/airflow/example_dags/example_python_operator.py took 0.093 seconds
[2024-10-07T14:49:30.437+0000] {processor.py:186} INFO - Started process (PID=840) to work on /home/airflow/.local/lib/python3.12/site-packages/airflow/example_dags/example_python_operator.py
[2024-10-07T14:49:30.439+0000] {processor.py:914} INFO - Processing file /home/airflow/.local/lib/python3.12/site-packages/airflow/example_dags/example_python_operator.py for tasks to queue
[2024-10-07T14:49:30.442+0000] {logging_mixin.py:190} INFO - [2024-10-07T14:49:30.442+0000] {dagbag.py:588} INFO - Filling up the DagBag from /home/airflow/.local/lib/python3.12/site-packages/airflow/example_dags/example_python_operator.py
[2024-10-07T14:49:30.458+0000] {processor.py:925} INFO - DAG(s) 'example_python_operator' retrieved from /home/airflow/.local/lib/python3.12/site-packages/airflow/example_dags/example_python_operator.py
[2024-10-07T14:49:30.483+0000] {logging_mixin.py:190} INFO - [2024-10-07T14:49:30.483+0000] {dag.py:3239} INFO - Sync 1 DAGs
[2024-10-07T14:49:30.499+0000] {logging_mixin.py:190} INFO - [2024-10-07T14:49:30.499+0000] {dag.py:4180} INFO - Setting next_dagrun for example_python_operator to None, run_after=None
[2024-10-07T14:49:30.519+0000] {processor.py:208} INFO - Processing /home/airflow/.local/lib/python3.12/site-packages/airflow/example_dags/example_python_operator.py took 0.088 seconds
[2024-10-07T14:50:01.011+0000] {processor.py:186} INFO - Started process (PID=902) to work on /home/airflow/.local/lib/python3.12/site-packages/airflow/example_dags/example_python_operator.py
[2024-10-07T14:50:01.013+0000] {processor.py:914} INFO - Processing file /home/airflow/.local/lib/python3.12/site-packages/airflow/example_dags/example_python_operator.py for tasks to queue
[2024-10-07T14:50:01.016+0000] {logging_mixin.py:190} INFO - [2024-10-07T14:50:01.016+0000] {dagbag.py:588} INFO - Filling up the DagBag from /home/airflow/.local/lib/python3.12/site-packages/airflow/example_dags/example_python_operator.py
[2024-10-07T14:50:01.033+0000] {processor.py:925} INFO - DAG(s) 'example_python_operator' retrieved from /home/airflow/.local/lib/python3.12/site-packages/airflow/example_dags/example_python_operator.py
[2024-10-07T14:50:01.059+0000] {logging_mixin.py:190} INFO - [2024-10-07T14:50:01.059+0000] {dag.py:3239} INFO - Sync 1 DAGs
[2024-10-07T14:50:01.075+0000] {logging_mixin.py:190} INFO - [2024-10-07T14:50:01.075+0000] {dag.py:4180} INFO - Setting next_dagrun for example_python_operator to None, run_after=None
[2024-10-07T14:50:01.097+0000] {processor.py:208} INFO - Processing /home/airflow/.local/lib/python3.12/site-packages/airflow/example_dags/example_python_operator.py took 0.092 seconds
[2024-10-07T14:50:31.371+0000] {processor.py:186} INFO - Started process (PID=964) to work on /home/airflow/.local/lib/python3.12/site-packages/airflow/example_dags/example_python_operator.py
[2024-10-07T14:50:31.373+0000] {processor.py:914} INFO - Processing file /home/airflow/.local/lib/python3.12/site-packages/airflow/example_dags/example_python_operator.py for tasks to queue
[2024-10-07T14:50:31.377+0000] {logging_mixin.py:190} INFO - [2024-10-07T14:50:31.376+0000] {dagbag.py:588} INFO - Filling up the DagBag from /home/airflow/.local/lib/python3.12/site-packages/airflow/example_dags/example_python_operator.py
[2024-10-07T14:50:31.390+0000] {processor.py:925} INFO - DAG(s) 'example_python_operator' retrieved from /home/airflow/.local/lib/python3.12/site-packages/airflow/example_dags/example_python_operator.py
[2024-10-07T14:50:31.411+0000] {logging_mixin.py:190} INFO - [2024-10-07T14:50:31.411+0000] {dag.py:3239} INFO - Sync 1 DAGs
[2024-10-07T14:50:31.425+0000] {logging_mixin.py:190} INFO - [2024-10-07T14:50:31.425+0000] {dag.py:4180} INFO - Setting next_dagrun for example_python_operator to None, run_after=None
[2024-10-07T14:50:31.443+0000] {processor.py:208} INFO - Processing /home/airflow/.local/lib/python3.12/site-packages/airflow/example_dags/example_python_operator.py took 0.077 seconds
[2024-10-07T14:51:01.721+0000] {processor.py:186} INFO - Started process (PID=1026) to work on /home/airflow/.local/lib/python3.12/site-packages/airflow/example_dags/example_python_operator.py
[2024-10-07T14:51:01.723+0000] {processor.py:914} INFO - Processing file /home/airflow/.local/lib/python3.12/site-packages/airflow/example_dags/example_python_operator.py for tasks to queue
[2024-10-07T14:51:01.727+0000] {logging_mixin.py:190} INFO - [2024-10-07T14:51:01.726+0000] {dagbag.py:588} INFO - Filling up the DagBag from /home/airflow/.local/lib/python3.12/site-packages/airflow/example_dags/example_python_operator.py
[2024-10-07T14:51:01.740+0000] {processor.py:925} INFO - DAG(s) 'example_python_operator' retrieved from /home/airflow/.local/lib/python3.12/site-packages/airflow/example_dags/example_python_operator.py
[2024-10-07T14:51:01.762+0000] {logging_mixin.py:190} INFO - [2024-10-07T14:51:01.762+0000] {dag.py:3239} INFO - Sync 1 DAGs
[2024-10-07T14:51:01.777+0000] {logging_mixin.py:190} INFO - [2024-10-07T14:51:01.776+0000] {dag.py:4180} INFO - Setting next_dagrun for example_python_operator to None, run_after=None
[2024-10-07T14:51:01.798+0000] {processor.py:208} INFO - Processing /home/airflow/.local/lib/python3.12/site-packages/airflow/example_dags/example_python_operator.py took 0.084 seconds
[2024-10-07T14:51:32.087+0000] {processor.py:186} INFO - Started process (PID=1088) to work on /home/airflow/.local/lib/python3.12/site-packages/airflow/example_dags/example_python_operator.py
[2024-10-07T14:51:32.089+0000] {processor.py:914} INFO - Processing file /home/airflow/.local/lib/python3.12/site-packages/airflow/example_dags/example_python_operator.py for tasks to queue
[2024-10-07T14:51:32.092+0000] {logging_mixin.py:190} INFO - [2024-10-07T14:51:32.092+0000] {dagbag.py:588} INFO - Filling up the DagBag from /home/airflow/.local/lib/python3.12/site-packages/airflow/example_dags/example_python_operator.py
[2024-10-07T14:51:32.106+0000] {processor.py:925} INFO - DAG(s) 'example_python_operator' retrieved from /home/airflow/.local/lib/python3.12/site-packages/airflow/example_dags/example_python_operator.py
[2024-10-07T14:51:32.129+0000] {logging_mixin.py:190} INFO - [2024-10-07T14:51:32.129+0000] {dag.py:3239} INFO - Sync 1 DAGs
[2024-10-07T14:51:32.145+0000] {logging_mixin.py:190} INFO - [2024-10-07T14:51:32.145+0000] {dag.py:4180} INFO - Setting next_dagrun for example_python_operator to None, run_after=None
[2024-10-07T14:51:32.168+0000] {processor.py:208} INFO - Processing /home/airflow/.local/lib/python3.12/site-packages/airflow/example_dags/example_python_operator.py took 0.088 seconds
[2024-10-07T14:52:03.146+0000] {processor.py:186} INFO - Started process (PID=1150) to work on /home/airflow/.local/lib/python3.12/site-packages/airflow/example_dags/example_python_operator.py
[2024-10-07T14:52:03.147+0000] {processor.py:914} INFO - Processing file /home/airflow/.local/lib/python3.12/site-packages/airflow/example_dags/example_python_operator.py for tasks to queue
[2024-10-07T14:52:03.150+0000] {logging_mixin.py:190} INFO - [2024-10-07T14:52:03.150+0000] {dagbag.py:588} INFO - Filling up the DagBag from /home/airflow/.local/lib/python3.12/site-packages/airflow/example_dags/example_python_operator.py
[2024-10-07T14:52:03.163+0000] {processor.py:925} INFO - DAG(s) 'example_python_operator' retrieved from /home/airflow/.local/lib/python3.12/site-packages/airflow/example_dags/example_python_operator.py
[2024-10-07T14:52:03.187+0000] {logging_mixin.py:190} INFO - [2024-10-07T14:52:03.187+0000] {dag.py:3239} INFO - Sync 1 DAGs
[2024-10-07T14:52:03.202+0000] {logging_mixin.py:190} INFO - [2024-10-07T14:52:03.202+0000] {dag.py:4180} INFO - Setting next_dagrun for example_python_operator to None, run_after=None
[2024-10-07T14:52:03.226+0000] {processor.py:208} INFO - Processing /home/airflow/.local/lib/python3.12/site-packages/airflow/example_dags/example_python_operator.py took 0.086 seconds
[2024-10-07T14:52:33.796+0000] {processor.py:186} INFO - Started process (PID=1212) to work on /home/airflow/.local/lib/python3.12/site-packages/airflow/example_dags/example_python_operator.py
[2024-10-07T14:52:33.797+0000] {processor.py:914} INFO - Processing file /home/airflow/.local/lib/python3.12/site-packages/airflow/example_dags/example_python_operator.py for tasks to queue
[2024-10-07T14:52:33.800+0000] {logging_mixin.py:190} INFO - [2024-10-07T14:52:33.800+0000] {dagbag.py:588} INFO - Filling up the DagBag from /home/airflow/.local/lib/python3.12/site-packages/airflow/example_dags/example_python_operator.py
[2024-10-07T14:52:33.813+0000] {processor.py:925} INFO - DAG(s) 'example_python_operator' retrieved from /home/airflow/.local/lib/python3.12/site-packages/airflow/example_dags/example_python_operator.py
[2024-10-07T14:52:33.842+0000] {logging_mixin.py:190} INFO - [2024-10-07T14:52:33.841+0000] {dag.py:3239} INFO - Sync 1 DAGs
[2024-10-07T14:52:33.856+0000] {logging_mixin.py:190} INFO - [2024-10-07T14:52:33.856+0000] {dag.py:4180} INFO - Setting next_dagrun for example_python_operator to None, run_after=None
[2024-10-07T14:52:33.875+0000] {processor.py:208} INFO - Processing /home/airflow/.local/lib/python3.12/site-packages/airflow/example_dags/example_python_operator.py took 0.085 seconds
[2024-10-07T14:53:04.393+0000] {processor.py:186} INFO - Started process (PID=1274) to work on /home/airflow/.local/lib/python3.12/site-packages/airflow/example_dags/example_python_operator.py
[2024-10-07T14:53:04.395+0000] {processor.py:914} INFO - Processing file /home/airflow/.local/lib/python3.12/site-packages/airflow/example_dags/example_python_operator.py for tasks to queue
[2024-10-07T14:53:04.399+0000] {logging_mixin.py:190} INFO - [2024-10-07T14:53:04.398+0000] {dagbag.py:588} INFO - Filling up the DagBag from /home/airflow/.local/lib/python3.12/site-packages/airflow/example_dags/example_python_operator.py
[2024-10-07T14:53:04.412+0000] {processor.py:925} INFO - DAG(s) 'example_python_operator' retrieved from /home/airflow/.local/lib/python3.12/site-packages/airflow/example_dags/example_python_operator.py
[2024-10-07T14:53:04.436+0000] {logging_mixin.py:190} INFO - [2024-10-07T14:53:04.435+0000] {dag.py:3239} INFO - Sync 1 DAGs
[2024-10-07T14:53:04.452+0000] {logging_mixin.py:190} INFO - [2024-10-07T14:53:04.451+0000] {dag.py:4180} INFO - Setting next_dagrun for example_python_operator to None, run_after=None
[2024-10-07T14:53:04.473+0000] {processor.py:208} INFO - Processing /home/airflow/.local/lib/python3.12/site-packages/airflow/example_dags/example_python_operator.py took 0.086 seconds
[2024-10-07T14:53:34.943+0000] {processor.py:186} INFO - Started process (PID=1337) to work on /home/airflow/.local/lib/python3.12/site-packages/airflow/example_dags/example_python_operator.py
[2024-10-07T14:53:34.945+0000] {processor.py:914} INFO - Processing file /home/airflow/.local/lib/python3.12/site-packages/airflow/example_dags/example_python_operator.py for tasks to queue
[2024-10-07T14:53:34.948+0000] {logging_mixin.py:190} INFO - [2024-10-07T14:53:34.947+0000] {dagbag.py:588} INFO - Filling up the DagBag from /home/airflow/.local/lib/python3.12/site-packages/airflow/example_dags/example_python_operator.py
[2024-10-07T14:53:34.960+0000] {processor.py:925} INFO - DAG(s) 'example_python_operator' retrieved from /home/airflow/.local/lib/python3.12/site-packages/airflow/example_dags/example_python_operator.py
[2024-10-07T14:53:34.981+0000] {logging_mixin.py:190} INFO - [2024-10-07T14:53:34.981+0000] {dag.py:3239} INFO - Sync 1 DAGs
[2024-10-07T14:53:34.997+0000] {logging_mixin.py:190} INFO - [2024-10-07T14:53:34.997+0000] {dag.py:4180} INFO - Setting next_dagrun for example_python_operator to None, run_after=None
[2024-10-07T14:53:35.016+0000] {processor.py:208} INFO - Processing /home/airflow/.local/lib/python3.12/site-packages/airflow/example_dags/example_python_operator.py took 0.078 seconds
