[2024-10-07T14:43:29.674+0000] {processor.py:186} INFO - Started process (PID=123) to work on /home/airflow/.local/lib/python3.12/site-packages/airflow/example_dags/example_setup_teardown.py
[2024-10-07T14:43:29.677+0000] {processor.py:914} INFO - Processing file /home/airflow/.local/lib/python3.12/site-packages/airflow/example_dags/example_setup_teardown.py for tasks to queue
[2024-10-07T14:43:29.684+0000] {logging_mixin.py:190} INFO - [2024-10-07T14:43:29.683+0000] {dagbag.py:588} INFO - Filling up the DagBag from /home/airflow/.local/lib/python3.12/site-packages/airflow/example_dags/example_setup_teardown.py
[2024-10-07T14:43:29.707+0000] {processor.py:925} INFO - DAG(s) 'example_setup_teardown' retrieved from /home/airflow/.local/lib/python3.12/site-packages/airflow/example_dags/example_setup_teardown.py
[2024-10-07T14:43:29.955+0000] {logging_mixin.py:190} INFO - [2024-10-07T14:43:29.954+0000] {override.py:1900} INFO - Created Permission View: can read on DAG:example_setup_teardown
[2024-10-07T14:43:29.979+0000] {logging_mixin.py:190} INFO - [2024-10-07T14:43:29.978+0000] {override.py:1900} INFO - Created Permission View: can delete on DAG:example_setup_teardown
[2024-10-07T14:43:29.998+0000] {logging_mixin.py:190} INFO - [2024-10-07T14:43:29.997+0000] {override.py:1900} INFO - Created Permission View: can edit on DAG:example_setup_teardown
[2024-10-07T14:43:30.016+0000] {logging_mixin.py:190} INFO - [2024-10-07T14:43:30.016+0000] {override.py:1900} INFO - Created Permission View: can read on DAG Run:example_setup_teardown
[2024-10-07T14:43:30.033+0000] {logging_mixin.py:190} INFO - [2024-10-07T14:43:30.032+0000] {override.py:1900} INFO - Created Permission View: can create on DAG Run:example_setup_teardown
[2024-10-07T14:43:30.049+0000] {logging_mixin.py:190} INFO - [2024-10-07T14:43:30.048+0000] {override.py:1900} INFO - Created Permission View: menu access on DAG Run:example_setup_teardown
[2024-10-07T14:43:30.064+0000] {logging_mixin.py:190} INFO - [2024-10-07T14:43:30.064+0000] {override.py:1900} INFO - Created Permission View: can delete on DAG Run:example_setup_teardown
[2024-10-07T14:43:30.067+0000] {logging_mixin.py:190} INFO - [2024-10-07T14:43:30.066+0000] {dag.py:3239} INFO - Sync 1 DAGs
[2024-10-07T14:43:30.091+0000] {logging_mixin.py:190} INFO - [2024-10-07T14:43:30.091+0000] {dag.py:3262} INFO - Creating ORM DAG for example_setup_teardown
[2024-10-07T14:43:30.094+0000] {logging_mixin.py:190} INFO - [2024-10-07T14:43:30.093+0000] {dag.py:4180} INFO - Setting next_dagrun for example_setup_teardown to None, run_after=None
[2024-10-07T14:43:30.131+0000] {processor.py:208} INFO - Processing /home/airflow/.local/lib/python3.12/site-packages/airflow/example_dags/example_setup_teardown.py took 0.472 seconds
[2024-10-07T14:44:00.493+0000] {processor.py:186} INFO - Started process (PID=185) to work on /home/airflow/.local/lib/python3.12/site-packages/airflow/example_dags/example_setup_teardown.py
[2024-10-07T14:44:00.495+0000] {processor.py:914} INFO - Processing file /home/airflow/.local/lib/python3.12/site-packages/airflow/example_dags/example_setup_teardown.py for tasks to queue
[2024-10-07T14:44:00.498+0000] {logging_mixin.py:190} INFO - [2024-10-07T14:44:00.498+0000] {dagbag.py:588} INFO - Filling up the DagBag from /home/airflow/.local/lib/python3.12/site-packages/airflow/example_dags/example_setup_teardown.py
[2024-10-07T14:44:00.507+0000] {processor.py:925} INFO - DAG(s) 'example_setup_teardown' retrieved from /home/airflow/.local/lib/python3.12/site-packages/airflow/example_dags/example_setup_teardown.py
[2024-10-07T14:44:00.527+0000] {logging_mixin.py:190} INFO - [2024-10-07T14:44:00.527+0000] {dag.py:3239} INFO - Sync 1 DAGs
[2024-10-07T14:44:00.544+0000] {logging_mixin.py:190} INFO - [2024-10-07T14:44:00.544+0000] {dag.py:4180} INFO - Setting next_dagrun for example_setup_teardown to None, run_after=None
[2024-10-07T14:44:00.563+0000] {processor.py:208} INFO - Processing /home/airflow/.local/lib/python3.12/site-packages/airflow/example_dags/example_setup_teardown.py took 0.075 seconds
[2024-10-07T14:44:30.652+0000] {processor.py:186} INFO - Started process (PID=246) to work on /home/airflow/.local/lib/python3.12/site-packages/airflow/example_dags/example_setup_teardown.py
[2024-10-07T14:44:30.654+0000] {processor.py:914} INFO - Processing file /home/airflow/.local/lib/python3.12/site-packages/airflow/example_dags/example_setup_teardown.py for tasks to queue
[2024-10-07T14:44:30.658+0000] {logging_mixin.py:190} INFO - [2024-10-07T14:44:30.657+0000] {dagbag.py:588} INFO - Filling up the DagBag from /home/airflow/.local/lib/python3.12/site-packages/airflow/example_dags/example_setup_teardown.py
[2024-10-07T14:44:30.666+0000] {processor.py:925} INFO - DAG(s) 'example_setup_teardown' retrieved from /home/airflow/.local/lib/python3.12/site-packages/airflow/example_dags/example_setup_teardown.py
[2024-10-07T14:44:30.687+0000] {logging_mixin.py:190} INFO - [2024-10-07T14:44:30.686+0000] {dag.py:3239} INFO - Sync 1 DAGs
[2024-10-07T14:44:30.701+0000] {logging_mixin.py:190} INFO - [2024-10-07T14:44:30.700+0000] {dag.py:4180} INFO - Setting next_dagrun for example_setup_teardown to None, run_after=None
[2024-10-07T14:44:30.736+0000] {processor.py:208} INFO - Processing /home/airflow/.local/lib/python3.12/site-packages/airflow/example_dags/example_setup_teardown.py took 0.091 seconds
[2024-10-07T14:45:01.229+0000] {processor.py:186} INFO - Started process (PID=308) to work on /home/airflow/.local/lib/python3.12/site-packages/airflow/example_dags/example_setup_teardown.py
[2024-10-07T14:45:01.231+0000] {processor.py:914} INFO - Processing file /home/airflow/.local/lib/python3.12/site-packages/airflow/example_dags/example_setup_teardown.py for tasks to queue
[2024-10-07T14:45:01.234+0000] {logging_mixin.py:190} INFO - [2024-10-07T14:45:01.234+0000] {dagbag.py:588} INFO - Filling up the DagBag from /home/airflow/.local/lib/python3.12/site-packages/airflow/example_dags/example_setup_teardown.py
[2024-10-07T14:45:01.243+0000] {processor.py:925} INFO - DAG(s) 'example_setup_teardown' retrieved from /home/airflow/.local/lib/python3.12/site-packages/airflow/example_dags/example_setup_teardown.py
[2024-10-07T14:45:01.265+0000] {logging_mixin.py:190} INFO - [2024-10-07T14:45:01.265+0000] {dag.py:3239} INFO - Sync 1 DAGs
[2024-10-07T14:45:01.280+0000] {logging_mixin.py:190} INFO - [2024-10-07T14:45:01.280+0000] {dag.py:4180} INFO - Setting next_dagrun for example_setup_teardown to None, run_after=None
[2024-10-07T14:45:01.301+0000] {processor.py:208} INFO - Processing /home/airflow/.local/lib/python3.12/site-packages/airflow/example_dags/example_setup_teardown.py took 0.079 seconds
[2024-10-07T14:45:31.616+0000] {processor.py:186} INFO - Started process (PID=369) to work on /home/airflow/.local/lib/python3.12/site-packages/airflow/example_dags/example_setup_teardown.py
[2024-10-07T14:45:31.618+0000] {processor.py:914} INFO - Processing file /home/airflow/.local/lib/python3.12/site-packages/airflow/example_dags/example_setup_teardown.py for tasks to queue
[2024-10-07T14:45:31.621+0000] {logging_mixin.py:190} INFO - [2024-10-07T14:45:31.620+0000] {dagbag.py:588} INFO - Filling up the DagBag from /home/airflow/.local/lib/python3.12/site-packages/airflow/example_dags/example_setup_teardown.py
[2024-10-07T14:45:31.629+0000] {processor.py:925} INFO - DAG(s) 'example_setup_teardown' retrieved from /home/airflow/.local/lib/python3.12/site-packages/airflow/example_dags/example_setup_teardown.py
[2024-10-07T14:45:31.651+0000] {logging_mixin.py:190} INFO - [2024-10-07T14:45:31.651+0000] {dag.py:3239} INFO - Sync 1 DAGs
[2024-10-07T14:45:31.665+0000] {logging_mixin.py:190} INFO - [2024-10-07T14:45:31.665+0000] {dag.py:4180} INFO - Setting next_dagrun for example_setup_teardown to None, run_after=None
[2024-10-07T14:45:31.688+0000] {processor.py:208} INFO - Processing /home/airflow/.local/lib/python3.12/site-packages/airflow/example_dags/example_setup_teardown.py took 0.078 seconds
[2024-10-07T14:46:02.158+0000] {processor.py:186} INFO - Started process (PID=432) to work on /home/airflow/.local/lib/python3.12/site-packages/airflow/example_dags/example_setup_teardown.py
[2024-10-07T14:46:02.160+0000] {processor.py:914} INFO - Processing file /home/airflow/.local/lib/python3.12/site-packages/airflow/example_dags/example_setup_teardown.py for tasks to queue
[2024-10-07T14:46:02.164+0000] {logging_mixin.py:190} INFO - [2024-10-07T14:46:02.164+0000] {dagbag.py:588} INFO - Filling up the DagBag from /home/airflow/.local/lib/python3.12/site-packages/airflow/example_dags/example_setup_teardown.py
[2024-10-07T14:46:02.174+0000] {processor.py:925} INFO - DAG(s) 'example_setup_teardown' retrieved from /home/airflow/.local/lib/python3.12/site-packages/airflow/example_dags/example_setup_teardown.py
[2024-10-07T14:46:02.199+0000] {logging_mixin.py:190} INFO - [2024-10-07T14:46:02.199+0000] {dag.py:3239} INFO - Sync 1 DAGs
[2024-10-07T14:46:02.218+0000] {logging_mixin.py:190} INFO - [2024-10-07T14:46:02.218+0000] {dag.py:4180} INFO - Setting next_dagrun for example_setup_teardown to None, run_after=None
[2024-10-07T14:46:02.244+0000] {processor.py:208} INFO - Processing /home/airflow/.local/lib/python3.12/site-packages/airflow/example_dags/example_setup_teardown.py took 0.092 seconds
[2024-10-07T14:46:32.388+0000] {processor.py:186} INFO - Started process (PID=493) to work on /home/airflow/.local/lib/python3.12/site-packages/airflow/example_dags/example_setup_teardown.py
[2024-10-07T14:46:32.390+0000] {processor.py:914} INFO - Processing file /home/airflow/.local/lib/python3.12/site-packages/airflow/example_dags/example_setup_teardown.py for tasks to queue
[2024-10-07T14:46:32.395+0000] {logging_mixin.py:190} INFO - [2024-10-07T14:46:32.395+0000] {dagbag.py:588} INFO - Filling up the DagBag from /home/airflow/.local/lib/python3.12/site-packages/airflow/example_dags/example_setup_teardown.py
[2024-10-07T14:46:32.410+0000] {processor.py:925} INFO - DAG(s) 'example_setup_teardown' retrieved from /home/airflow/.local/lib/python3.12/site-packages/airflow/example_dags/example_setup_teardown.py
[2024-10-07T14:46:32.445+0000] {logging_mixin.py:190} INFO - [2024-10-07T14:46:32.444+0000] {dag.py:3239} INFO - Sync 1 DAGs
[2024-10-07T14:46:32.470+0000] {logging_mixin.py:190} INFO - [2024-10-07T14:46:32.470+0000] {dag.py:4180} INFO - Setting next_dagrun for example_setup_teardown to None, run_after=None
[2024-10-07T14:46:32.505+0000] {processor.py:208} INFO - Processing /home/airflow/.local/lib/python3.12/site-packages/airflow/example_dags/example_setup_teardown.py took 0.129 seconds
[2024-10-07T14:47:03.304+0000] {processor.py:186} INFO - Started process (PID=556) to work on /home/airflow/.local/lib/python3.12/site-packages/airflow/example_dags/example_setup_teardown.py
[2024-10-07T14:47:03.306+0000] {processor.py:914} INFO - Processing file /home/airflow/.local/lib/python3.12/site-packages/airflow/example_dags/example_setup_teardown.py for tasks to queue
[2024-10-07T14:47:03.310+0000] {logging_mixin.py:190} INFO - [2024-10-07T14:47:03.309+0000] {dagbag.py:588} INFO - Filling up the DagBag from /home/airflow/.local/lib/python3.12/site-packages/airflow/example_dags/example_setup_teardown.py
[2024-10-07T14:47:03.321+0000] {processor.py:925} INFO - DAG(s) 'example_setup_teardown' retrieved from /home/airflow/.local/lib/python3.12/site-packages/airflow/example_dags/example_setup_teardown.py
[2024-10-07T14:47:03.346+0000] {logging_mixin.py:190} INFO - [2024-10-07T14:47:03.345+0000] {dag.py:3239} INFO - Sync 1 DAGs
[2024-10-07T14:47:03.364+0000] {logging_mixin.py:190} INFO - [2024-10-07T14:47:03.364+0000] {dag.py:4180} INFO - Setting next_dagrun for example_setup_teardown to None, run_after=None
[2024-10-07T14:47:03.386+0000] {processor.py:208} INFO - Processing /home/airflow/.local/lib/python3.12/site-packages/airflow/example_dags/example_setup_teardown.py took 0.089 seconds
[2024-10-07T14:47:33.793+0000] {processor.py:186} INFO - Started process (PID=618) to work on /home/airflow/.local/lib/python3.12/site-packages/airflow/example_dags/example_setup_teardown.py
[2024-10-07T14:47:33.795+0000] {processor.py:914} INFO - Processing file /home/airflow/.local/lib/python3.12/site-packages/airflow/example_dags/example_setup_teardown.py for tasks to queue
[2024-10-07T14:47:33.800+0000] {logging_mixin.py:190} INFO - [2024-10-07T14:47:33.799+0000] {dagbag.py:588} INFO - Filling up the DagBag from /home/airflow/.local/lib/python3.12/site-packages/airflow/example_dags/example_setup_teardown.py
[2024-10-07T14:47:33.811+0000] {processor.py:925} INFO - DAG(s) 'example_setup_teardown' retrieved from /home/airflow/.local/lib/python3.12/site-packages/airflow/example_dags/example_setup_teardown.py
[2024-10-07T14:47:33.836+0000] {logging_mixin.py:190} INFO - [2024-10-07T14:47:33.836+0000] {dag.py:3239} INFO - Sync 1 DAGs
[2024-10-07T14:47:33.854+0000] {logging_mixin.py:190} INFO - [2024-10-07T14:47:33.854+0000] {dag.py:4180} INFO - Setting next_dagrun for example_setup_teardown to None, run_after=None
[2024-10-07T14:47:33.882+0000] {processor.py:208} INFO - Processing /home/airflow/.local/lib/python3.12/site-packages/airflow/example_dags/example_setup_teardown.py took 0.097 seconds
[2024-10-07T14:48:04.407+0000] {processor.py:186} INFO - Started process (PID=680) to work on /home/airflow/.local/lib/python3.12/site-packages/airflow/example_dags/example_setup_teardown.py
[2024-10-07T14:48:04.409+0000] {processor.py:914} INFO - Processing file /home/airflow/.local/lib/python3.12/site-packages/airflow/example_dags/example_setup_teardown.py for tasks to queue
[2024-10-07T14:48:04.412+0000] {logging_mixin.py:190} INFO - [2024-10-07T14:48:04.412+0000] {dagbag.py:588} INFO - Filling up the DagBag from /home/airflow/.local/lib/python3.12/site-packages/airflow/example_dags/example_setup_teardown.py
[2024-10-07T14:48:04.421+0000] {processor.py:925} INFO - DAG(s) 'example_setup_teardown' retrieved from /home/airflow/.local/lib/python3.12/site-packages/airflow/example_dags/example_setup_teardown.py
[2024-10-07T14:48:04.441+0000] {logging_mixin.py:190} INFO - [2024-10-07T14:48:04.441+0000] {dag.py:3239} INFO - Sync 1 DAGs
[2024-10-07T14:48:04.455+0000] {logging_mixin.py:190} INFO - [2024-10-07T14:48:04.455+0000] {dag.py:4180} INFO - Setting next_dagrun for example_setup_teardown to None, run_after=None
[2024-10-07T14:48:04.473+0000] {processor.py:208} INFO - Processing /home/airflow/.local/lib/python3.12/site-packages/airflow/example_dags/example_setup_teardown.py took 0.071 seconds
[2024-10-07T14:48:34.893+0000] {processor.py:186} INFO - Started process (PID=742) to work on /home/airflow/.local/lib/python3.12/site-packages/airflow/example_dags/example_setup_teardown.py
[2024-10-07T14:48:34.894+0000] {processor.py:914} INFO - Processing file /home/airflow/.local/lib/python3.12/site-packages/airflow/example_dags/example_setup_teardown.py for tasks to queue
[2024-10-07T14:48:34.897+0000] {logging_mixin.py:190} INFO - [2024-10-07T14:48:34.896+0000] {dagbag.py:588} INFO - Filling up the DagBag from /home/airflow/.local/lib/python3.12/site-packages/airflow/example_dags/example_setup_teardown.py
[2024-10-07T14:48:34.905+0000] {processor.py:925} INFO - DAG(s) 'example_setup_teardown' retrieved from /home/airflow/.local/lib/python3.12/site-packages/airflow/example_dags/example_setup_teardown.py
[2024-10-07T14:48:34.969+0000] {logging_mixin.py:190} INFO - [2024-10-07T14:48:34.969+0000] {dag.py:3239} INFO - Sync 1 DAGs
[2024-10-07T14:48:34.984+0000] {logging_mixin.py:190} INFO - [2024-10-07T14:48:34.983+0000] {dag.py:4180} INFO - Setting next_dagrun for example_setup_teardown to None, run_after=None
[2024-10-07T14:48:35.004+0000] {processor.py:208} INFO - Processing /home/airflow/.local/lib/python3.12/site-packages/airflow/example_dags/example_setup_teardown.py took 0.117 seconds
[2024-10-07T14:49:05.206+0000] {processor.py:186} INFO - Started process (PID=804) to work on /home/airflow/.local/lib/python3.12/site-packages/airflow/example_dags/example_setup_teardown.py
[2024-10-07T14:49:05.208+0000] {processor.py:914} INFO - Processing file /home/airflow/.local/lib/python3.12/site-packages/airflow/example_dags/example_setup_teardown.py for tasks to queue
[2024-10-07T14:49:05.212+0000] {logging_mixin.py:190} INFO - [2024-10-07T14:49:05.212+0000] {dagbag.py:588} INFO - Filling up the DagBag from /home/airflow/.local/lib/python3.12/site-packages/airflow/example_dags/example_setup_teardown.py
[2024-10-07T14:49:05.224+0000] {processor.py:925} INFO - DAG(s) 'example_setup_teardown' retrieved from /home/airflow/.local/lib/python3.12/site-packages/airflow/example_dags/example_setup_teardown.py
[2024-10-07T14:49:05.251+0000] {logging_mixin.py:190} INFO - [2024-10-07T14:49:05.251+0000] {dag.py:3239} INFO - Sync 1 DAGs
[2024-10-07T14:49:05.267+0000] {logging_mixin.py:190} INFO - [2024-10-07T14:49:05.267+0000] {dag.py:4180} INFO - Setting next_dagrun for example_setup_teardown to None, run_after=None
[2024-10-07T14:49:05.297+0000] {processor.py:208} INFO - Processing /home/airflow/.local/lib/python3.12/site-packages/airflow/example_dags/example_setup_teardown.py took 0.099 seconds
[2024-10-07T14:49:36.156+0000] {processor.py:186} INFO - Started process (PID=866) to work on /home/airflow/.local/lib/python3.12/site-packages/airflow/example_dags/example_setup_teardown.py
[2024-10-07T14:49:36.158+0000] {processor.py:914} INFO - Processing file /home/airflow/.local/lib/python3.12/site-packages/airflow/example_dags/example_setup_teardown.py for tasks to queue
[2024-10-07T14:49:36.161+0000] {logging_mixin.py:190} INFO - [2024-10-07T14:49:36.161+0000] {dagbag.py:588} INFO - Filling up the DagBag from /home/airflow/.local/lib/python3.12/site-packages/airflow/example_dags/example_setup_teardown.py
[2024-10-07T14:49:36.169+0000] {processor.py:925} INFO - DAG(s) 'example_setup_teardown' retrieved from /home/airflow/.local/lib/python3.12/site-packages/airflow/example_dags/example_setup_teardown.py
[2024-10-07T14:49:36.187+0000] {logging_mixin.py:190} INFO - [2024-10-07T14:49:36.186+0000] {dag.py:3239} INFO - Sync 1 DAGs
[2024-10-07T14:49:36.200+0000] {logging_mixin.py:190} INFO - [2024-10-07T14:49:36.200+0000] {dag.py:4180} INFO - Setting next_dagrun for example_setup_teardown to None, run_after=None
[2024-10-07T14:49:36.218+0000] {processor.py:208} INFO - Processing /home/airflow/.local/lib/python3.12/site-packages/airflow/example_dags/example_setup_teardown.py took 0.068 seconds
[2024-10-07T14:50:06.460+0000] {processor.py:186} INFO - Started process (PID=928) to work on /home/airflow/.local/lib/python3.12/site-packages/airflow/example_dags/example_setup_teardown.py
[2024-10-07T14:50:06.462+0000] {processor.py:914} INFO - Processing file /home/airflow/.local/lib/python3.12/site-packages/airflow/example_dags/example_setup_teardown.py for tasks to queue
[2024-10-07T14:50:06.466+0000] {logging_mixin.py:190} INFO - [2024-10-07T14:50:06.465+0000] {dagbag.py:588} INFO - Filling up the DagBag from /home/airflow/.local/lib/python3.12/site-packages/airflow/example_dags/example_setup_teardown.py
[2024-10-07T14:50:06.477+0000] {processor.py:925} INFO - DAG(s) 'example_setup_teardown' retrieved from /home/airflow/.local/lib/python3.12/site-packages/airflow/example_dags/example_setup_teardown.py
[2024-10-07T14:50:06.508+0000] {logging_mixin.py:190} INFO - [2024-10-07T14:50:06.507+0000] {dag.py:3239} INFO - Sync 1 DAGs
[2024-10-07T14:50:06.523+0000] {logging_mixin.py:190} INFO - [2024-10-07T14:50:06.523+0000] {dag.py:4180} INFO - Setting next_dagrun for example_setup_teardown to None, run_after=None
[2024-10-07T14:50:06.542+0000] {processor.py:208} INFO - Processing /home/airflow/.local/lib/python3.12/site-packages/airflow/example_dags/example_setup_teardown.py took 0.089 seconds
[2024-10-07T14:50:36.839+0000] {processor.py:186} INFO - Started process (PID=990) to work on /home/airflow/.local/lib/python3.12/site-packages/airflow/example_dags/example_setup_teardown.py
[2024-10-07T14:50:36.842+0000] {processor.py:914} INFO - Processing file /home/airflow/.local/lib/python3.12/site-packages/airflow/example_dags/example_setup_teardown.py for tasks to queue
[2024-10-07T14:50:36.847+0000] {logging_mixin.py:190} INFO - [2024-10-07T14:50:36.847+0000] {dagbag.py:588} INFO - Filling up the DagBag from /home/airflow/.local/lib/python3.12/site-packages/airflow/example_dags/example_setup_teardown.py
[2024-10-07T14:50:36.858+0000] {processor.py:925} INFO - DAG(s) 'example_setup_teardown' retrieved from /home/airflow/.local/lib/python3.12/site-packages/airflow/example_dags/example_setup_teardown.py
[2024-10-07T14:50:36.890+0000] {logging_mixin.py:190} INFO - [2024-10-07T14:50:36.890+0000] {dag.py:3239} INFO - Sync 1 DAGs
[2024-10-07T14:50:36.911+0000] {logging_mixin.py:190} INFO - [2024-10-07T14:50:36.911+0000] {dag.py:4180} INFO - Setting next_dagrun for example_setup_teardown to None, run_after=None
[2024-10-07T14:50:36.937+0000] {processor.py:208} INFO - Processing /home/airflow/.local/lib/python3.12/site-packages/airflow/example_dags/example_setup_teardown.py took 0.107 seconds
[2024-10-07T14:51:07.362+0000] {processor.py:186} INFO - Started process (PID=1052) to work on /home/airflow/.local/lib/python3.12/site-packages/airflow/example_dags/example_setup_teardown.py
[2024-10-07T14:51:07.364+0000] {processor.py:914} INFO - Processing file /home/airflow/.local/lib/python3.12/site-packages/airflow/example_dags/example_setup_teardown.py for tasks to queue
[2024-10-07T14:51:07.367+0000] {logging_mixin.py:190} INFO - [2024-10-07T14:51:07.366+0000] {dagbag.py:588} INFO - Filling up the DagBag from /home/airflow/.local/lib/python3.12/site-packages/airflow/example_dags/example_setup_teardown.py
[2024-10-07T14:51:07.376+0000] {processor.py:925} INFO - DAG(s) 'example_setup_teardown' retrieved from /home/airflow/.local/lib/python3.12/site-packages/airflow/example_dags/example_setup_teardown.py
[2024-10-07T14:51:07.395+0000] {logging_mixin.py:190} INFO - [2024-10-07T14:51:07.395+0000] {dag.py:3239} INFO - Sync 1 DAGs
[2024-10-07T14:51:07.409+0000] {logging_mixin.py:190} INFO - [2024-10-07T14:51:07.409+0000] {dag.py:4180} INFO - Setting next_dagrun for example_setup_teardown to None, run_after=None
[2024-10-07T14:51:07.428+0000] {processor.py:208} INFO - Processing /home/airflow/.local/lib/python3.12/site-packages/airflow/example_dags/example_setup_teardown.py took 0.072 seconds
[2024-10-07T14:51:37.754+0000] {processor.py:186} INFO - Started process (PID=1114) to work on /home/airflow/.local/lib/python3.12/site-packages/airflow/example_dags/example_setup_teardown.py
[2024-10-07T14:51:37.756+0000] {processor.py:914} INFO - Processing file /home/airflow/.local/lib/python3.12/site-packages/airflow/example_dags/example_setup_teardown.py for tasks to queue
[2024-10-07T14:51:37.760+0000] {logging_mixin.py:190} INFO - [2024-10-07T14:51:37.760+0000] {dagbag.py:588} INFO - Filling up the DagBag from /home/airflow/.local/lib/python3.12/site-packages/airflow/example_dags/example_setup_teardown.py
[2024-10-07T14:51:37.772+0000] {processor.py:925} INFO - DAG(s) 'example_setup_teardown' retrieved from /home/airflow/.local/lib/python3.12/site-packages/airflow/example_dags/example_setup_teardown.py
[2024-10-07T14:51:37.794+0000] {logging_mixin.py:190} INFO - [2024-10-07T14:51:37.793+0000] {dag.py:3239} INFO - Sync 1 DAGs
[2024-10-07T14:51:37.809+0000] {logging_mixin.py:190} INFO - [2024-10-07T14:51:37.809+0000] {dag.py:4180} INFO - Setting next_dagrun for example_setup_teardown to None, run_after=None
[2024-10-07T14:51:37.830+0000] {processor.py:208} INFO - Processing /home/airflow/.local/lib/python3.12/site-packages/airflow/example_dags/example_setup_teardown.py took 0.085 seconds
[2024-10-07T14:52:08.319+0000] {processor.py:186} INFO - Started process (PID=1176) to work on /home/airflow/.local/lib/python3.12/site-packages/airflow/example_dags/example_setup_teardown.py
[2024-10-07T14:52:08.321+0000] {processor.py:914} INFO - Processing file /home/airflow/.local/lib/python3.12/site-packages/airflow/example_dags/example_setup_teardown.py for tasks to queue
[2024-10-07T14:52:08.324+0000] {logging_mixin.py:190} INFO - [2024-10-07T14:52:08.323+0000] {dagbag.py:588} INFO - Filling up the DagBag from /home/airflow/.local/lib/python3.12/site-packages/airflow/example_dags/example_setup_teardown.py
[2024-10-07T14:52:08.333+0000] {processor.py:925} INFO - DAG(s) 'example_setup_teardown' retrieved from /home/airflow/.local/lib/python3.12/site-packages/airflow/example_dags/example_setup_teardown.py
[2024-10-07T14:52:08.355+0000] {logging_mixin.py:190} INFO - [2024-10-07T14:52:08.354+0000] {dag.py:3239} INFO - Sync 1 DAGs
[2024-10-07T14:52:08.380+0000] {logging_mixin.py:190} INFO - [2024-10-07T14:52:08.380+0000] {dag.py:4180} INFO - Setting next_dagrun for example_setup_teardown to None, run_after=None
[2024-10-07T14:52:08.406+0000] {processor.py:208} INFO - Processing /home/airflow/.local/lib/python3.12/site-packages/airflow/example_dags/example_setup_teardown.py took 0.092 seconds
[2024-10-07T14:52:38.810+0000] {processor.py:186} INFO - Started process (PID=1238) to work on /home/airflow/.local/lib/python3.12/site-packages/airflow/example_dags/example_setup_teardown.py
[2024-10-07T14:52:38.812+0000] {processor.py:914} INFO - Processing file /home/airflow/.local/lib/python3.12/site-packages/airflow/example_dags/example_setup_teardown.py for tasks to queue
[2024-10-07T14:52:38.816+0000] {logging_mixin.py:190} INFO - [2024-10-07T14:52:38.815+0000] {dagbag.py:588} INFO - Filling up the DagBag from /home/airflow/.local/lib/python3.12/site-packages/airflow/example_dags/example_setup_teardown.py
[2024-10-07T14:52:38.825+0000] {processor.py:925} INFO - DAG(s) 'example_setup_teardown' retrieved from /home/airflow/.local/lib/python3.12/site-packages/airflow/example_dags/example_setup_teardown.py
[2024-10-07T14:52:38.854+0000] {logging_mixin.py:190} INFO - [2024-10-07T14:52:38.854+0000] {dag.py:3239} INFO - Sync 1 DAGs
[2024-10-07T14:52:38.869+0000] {logging_mixin.py:190} INFO - [2024-10-07T14:52:38.869+0000] {dag.py:4180} INFO - Setting next_dagrun for example_setup_teardown to None, run_after=None
[2024-10-07T14:52:38.893+0000] {processor.py:208} INFO - Processing /home/airflow/.local/lib/python3.12/site-packages/airflow/example_dags/example_setup_teardown.py took 0.088 seconds
[2024-10-07T14:53:09.541+0000] {processor.py:186} INFO - Started process (PID=1300) to work on /home/airflow/.local/lib/python3.12/site-packages/airflow/example_dags/example_setup_teardown.py
[2024-10-07T14:53:09.546+0000] {processor.py:914} INFO - Processing file /home/airflow/.local/lib/python3.12/site-packages/airflow/example_dags/example_setup_teardown.py for tasks to queue
[2024-10-07T14:53:09.550+0000] {logging_mixin.py:190} INFO - [2024-10-07T14:53:09.549+0000] {dagbag.py:588} INFO - Filling up the DagBag from /home/airflow/.local/lib/python3.12/site-packages/airflow/example_dags/example_setup_teardown.py
[2024-10-07T14:53:09.563+0000] {processor.py:925} INFO - DAG(s) 'example_setup_teardown' retrieved from /home/airflow/.local/lib/python3.12/site-packages/airflow/example_dags/example_setup_teardown.py
[2024-10-07T14:53:09.589+0000] {logging_mixin.py:190} INFO - [2024-10-07T14:53:09.589+0000] {dag.py:3239} INFO - Sync 1 DAGs
[2024-10-07T14:53:09.604+0000] {logging_mixin.py:190} INFO - [2024-10-07T14:53:09.603+0000] {dag.py:4180} INFO - Setting next_dagrun for example_setup_teardown to None, run_after=None
[2024-10-07T14:53:09.624+0000] {processor.py:208} INFO - Processing /home/airflow/.local/lib/python3.12/site-packages/airflow/example_dags/example_setup_teardown.py took 0.092 seconds
[2024-10-07T14:53:40.090+0000] {processor.py:186} INFO - Started process (PID=1363) to work on /home/airflow/.local/lib/python3.12/site-packages/airflow/example_dags/example_setup_teardown.py
[2024-10-07T14:53:40.095+0000] {processor.py:914} INFO - Processing file /home/airflow/.local/lib/python3.12/site-packages/airflow/example_dags/example_setup_teardown.py for tasks to queue
[2024-10-07T14:53:40.121+0000] {logging_mixin.py:190} INFO - [2024-10-07T14:53:40.120+0000] {dagbag.py:588} INFO - Filling up the DagBag from /home/airflow/.local/lib/python3.12/site-packages/airflow/example_dags/example_setup_teardown.py
[2024-10-07T14:53:40.159+0000] {processor.py:925} INFO - DAG(s) 'example_setup_teardown' retrieved from /home/airflow/.local/lib/python3.12/site-packages/airflow/example_dags/example_setup_teardown.py
[2024-10-07T14:53:40.232+0000] {logging_mixin.py:190} INFO - [2024-10-07T14:53:40.232+0000] {dag.py:3239} INFO - Sync 1 DAGs
[2024-10-07T14:53:40.276+0000] {logging_mixin.py:190} INFO - [2024-10-07T14:53:40.276+0000] {dag.py:4180} INFO - Setting next_dagrun for example_setup_teardown to None, run_after=None
[2024-10-07T14:53:40.325+0000] {processor.py:208} INFO - Processing /home/airflow/.local/lib/python3.12/site-packages/airflow/example_dags/example_setup_teardown.py took 0.254 seconds
