[2024-10-07T14:43:23.831+0000] {processor.py:186} INFO - Started process (PID=109) to work on /home/airflow/.local/lib/python3.12/site-packages/airflow/example_dags/example_latest_only_with_trigger.py
[2024-10-07T14:43:23.833+0000] {processor.py:914} INFO - Processing file /home/airflow/.local/lib/python3.12/site-packages/airflow/example_dags/example_latest_only_with_trigger.py for tasks to queue
[2024-10-07T14:43:23.836+0000] {logging_mixin.py:190} INFO - [2024-10-07T14:43:23.836+0000] {dagbag.py:588} INFO - Filling up the DagBag from /home/airflow/.local/lib/python3.12/site-packages/airflow/example_dags/example_latest_only_with_trigger.py
[2024-10-07T14:43:23.845+0000] {processor.py:925} INFO - DAG(s) 'latest_only_with_trigger' retrieved from /home/airflow/.local/lib/python3.12/site-packages/airflow/example_dags/example_latest_only_with_trigger.py
[2024-10-07T14:43:23.973+0000] {logging_mixin.py:190} INFO - [2024-10-07T14:43:23.973+0000] {override.py:1900} INFO - Created Permission View: can read on DAG:latest_only_with_trigger
[2024-10-07T14:43:23.987+0000] {logging_mixin.py:190} INFO - [2024-10-07T14:43:23.987+0000] {override.py:1900} INFO - Created Permission View: can delete on DAG:latest_only_with_trigger
[2024-10-07T14:43:23.997+0000] {logging_mixin.py:190} INFO - [2024-10-07T14:43:23.996+0000] {override.py:1900} INFO - Created Permission View: can edit on DAG:latest_only_with_trigger
[2024-10-07T14:43:24.007+0000] {logging_mixin.py:190} INFO - [2024-10-07T14:43:24.006+0000] {override.py:1900} INFO - Created Permission View: can read on DAG Run:latest_only_with_trigger
[2024-10-07T14:43:24.017+0000] {logging_mixin.py:190} INFO - [2024-10-07T14:43:24.016+0000] {override.py:1900} INFO - Created Permission View: can create on DAG Run:latest_only_with_trigger
[2024-10-07T14:43:24.026+0000] {logging_mixin.py:190} INFO - [2024-10-07T14:43:24.025+0000] {override.py:1900} INFO - Created Permission View: menu access on DAG Run:latest_only_with_trigger
[2024-10-07T14:43:24.034+0000] {logging_mixin.py:190} INFO - [2024-10-07T14:43:24.034+0000] {override.py:1900} INFO - Created Permission View: can delete on DAG Run:latest_only_with_trigger
[2024-10-07T14:43:24.036+0000] {logging_mixin.py:190} INFO - [2024-10-07T14:43:24.035+0000] {dag.py:3239} INFO - Sync 1 DAGs
[2024-10-07T14:43:24.053+0000] {logging_mixin.py:190} INFO - [2024-10-07T14:43:24.052+0000] {dag.py:3262} INFO - Creating ORM DAG for latest_only_with_trigger
[2024-10-07T14:43:24.065+0000] {logging_mixin.py:190} INFO - [2024-10-07T14:43:24.065+0000] {dag.py:4180} INFO - Setting next_dagrun for latest_only_with_trigger to 2024-10-07 08:00:00+00:00, run_after=2024-10-07 12:00:00+00:00
[2024-10-07T14:43:24.086+0000] {processor.py:208} INFO - Processing /home/airflow/.local/lib/python3.12/site-packages/airflow/example_dags/example_latest_only_with_trigger.py took 0.261 seconds
[2024-10-07T14:43:54.326+0000] {processor.py:186} INFO - Started process (PID=171) to work on /home/airflow/.local/lib/python3.12/site-packages/airflow/example_dags/example_latest_only_with_trigger.py
[2024-10-07T14:43:54.329+0000] {processor.py:914} INFO - Processing file /home/airflow/.local/lib/python3.12/site-packages/airflow/example_dags/example_latest_only_with_trigger.py for tasks to queue
[2024-10-07T14:43:54.333+0000] {logging_mixin.py:190} INFO - [2024-10-07T14:43:54.332+0000] {dagbag.py:588} INFO - Filling up the DagBag from /home/airflow/.local/lib/python3.12/site-packages/airflow/example_dags/example_latest_only_with_trigger.py
[2024-10-07T14:43:54.344+0000] {processor.py:925} INFO - DAG(s) 'latest_only_with_trigger' retrieved from /home/airflow/.local/lib/python3.12/site-packages/airflow/example_dags/example_latest_only_with_trigger.py
[2024-10-07T14:43:54.378+0000] {logging_mixin.py:190} INFO - [2024-10-07T14:43:54.378+0000] {dag.py:3239} INFO - Sync 1 DAGs
[2024-10-07T14:43:54.404+0000] {logging_mixin.py:190} INFO - [2024-10-07T14:43:54.404+0000] {dag.py:4180} INFO - Setting next_dagrun for latest_only_with_trigger to 2024-10-07 08:00:00+00:00, run_after=2024-10-07 12:00:00+00:00
[2024-10-07T14:43:54.427+0000] {processor.py:208} INFO - Processing /home/airflow/.local/lib/python3.12/site-packages/airflow/example_dags/example_latest_only_with_trigger.py took 0.110 seconds
[2024-10-07T14:44:25.323+0000] {processor.py:186} INFO - Started process (PID=233) to work on /home/airflow/.local/lib/python3.12/site-packages/airflow/example_dags/example_latest_only_with_trigger.py
[2024-10-07T14:44:25.324+0000] {processor.py:914} INFO - Processing file /home/airflow/.local/lib/python3.12/site-packages/airflow/example_dags/example_latest_only_with_trigger.py for tasks to queue
[2024-10-07T14:44:25.327+0000] {logging_mixin.py:190} INFO - [2024-10-07T14:44:25.327+0000] {dagbag.py:588} INFO - Filling up the DagBag from /home/airflow/.local/lib/python3.12/site-packages/airflow/example_dags/example_latest_only_with_trigger.py
[2024-10-07T14:44:25.335+0000] {processor.py:925} INFO - DAG(s) 'latest_only_with_trigger' retrieved from /home/airflow/.local/lib/python3.12/site-packages/airflow/example_dags/example_latest_only_with_trigger.py
[2024-10-07T14:44:25.356+0000] {logging_mixin.py:190} INFO - [2024-10-07T14:44:25.355+0000] {dag.py:3239} INFO - Sync 1 DAGs
[2024-10-07T14:44:25.378+0000] {logging_mixin.py:190} INFO - [2024-10-07T14:44:25.378+0000] {dag.py:4180} INFO - Setting next_dagrun for latest_only_with_trigger to 2024-10-07 08:00:00+00:00, run_after=2024-10-07 12:00:00+00:00
[2024-10-07T14:44:25.396+0000] {processor.py:208} INFO - Processing /home/airflow/.local/lib/python3.12/site-packages/airflow/example_dags/example_latest_only_with_trigger.py took 0.080 seconds
[2024-10-07T14:44:56.245+0000] {processor.py:186} INFO - Started process (PID=295) to work on /home/airflow/.local/lib/python3.12/site-packages/airflow/example_dags/example_latest_only_with_trigger.py
[2024-10-07T14:44:56.247+0000] {processor.py:914} INFO - Processing file /home/airflow/.local/lib/python3.12/site-packages/airflow/example_dags/example_latest_only_with_trigger.py for tasks to queue
[2024-10-07T14:44:56.250+0000] {logging_mixin.py:190} INFO - [2024-10-07T14:44:56.250+0000] {dagbag.py:588} INFO - Filling up the DagBag from /home/airflow/.local/lib/python3.12/site-packages/airflow/example_dags/example_latest_only_with_trigger.py
[2024-10-07T14:44:56.257+0000] {processor.py:925} INFO - DAG(s) 'latest_only_with_trigger' retrieved from /home/airflow/.local/lib/python3.12/site-packages/airflow/example_dags/example_latest_only_with_trigger.py
[2024-10-07T14:44:56.277+0000] {logging_mixin.py:190} INFO - [2024-10-07T14:44:56.277+0000] {dag.py:3239} INFO - Sync 1 DAGs
[2024-10-07T14:44:56.300+0000] {logging_mixin.py:190} INFO - [2024-10-07T14:44:56.300+0000] {dag.py:4180} INFO - Setting next_dagrun for latest_only_with_trigger to 2024-10-07 08:00:00+00:00, run_after=2024-10-07 12:00:00+00:00
[2024-10-07T14:44:56.323+0000] {processor.py:208} INFO - Processing /home/airflow/.local/lib/python3.12/site-packages/airflow/example_dags/example_latest_only_with_trigger.py took 0.083 seconds
[2024-10-07T14:45:27.048+0000] {processor.py:186} INFO - Started process (PID=356) to work on /home/airflow/.local/lib/python3.12/site-packages/airflow/example_dags/example_latest_only_with_trigger.py
[2024-10-07T14:45:27.050+0000] {processor.py:914} INFO - Processing file /home/airflow/.local/lib/python3.12/site-packages/airflow/example_dags/example_latest_only_with_trigger.py for tasks to queue
[2024-10-07T14:45:27.053+0000] {logging_mixin.py:190} INFO - [2024-10-07T14:45:27.053+0000] {dagbag.py:588} INFO - Filling up the DagBag from /home/airflow/.local/lib/python3.12/site-packages/airflow/example_dags/example_latest_only_with_trigger.py
[2024-10-07T14:45:27.069+0000] {processor.py:925} INFO - DAG(s) 'latest_only_with_trigger' retrieved from /home/airflow/.local/lib/python3.12/site-packages/airflow/example_dags/example_latest_only_with_trigger.py
[2024-10-07T14:45:27.097+0000] {logging_mixin.py:190} INFO - [2024-10-07T14:45:27.097+0000] {dag.py:3239} INFO - Sync 1 DAGs
[2024-10-07T14:45:27.126+0000] {logging_mixin.py:190} INFO - [2024-10-07T14:45:27.126+0000] {dag.py:4180} INFO - Setting next_dagrun for latest_only_with_trigger to 2024-10-07 08:00:00+00:00, run_after=2024-10-07 12:00:00+00:00
[2024-10-07T14:45:27.149+0000] {processor.py:208} INFO - Processing /home/airflow/.local/lib/python3.12/site-packages/airflow/example_dags/example_latest_only_with_trigger.py took 0.107 seconds
[2024-10-07T14:45:57.453+0000] {processor.py:186} INFO - Started process (PID=419) to work on /home/airflow/.local/lib/python3.12/site-packages/airflow/example_dags/example_latest_only_with_trigger.py
[2024-10-07T14:45:57.455+0000] {processor.py:914} INFO - Processing file /home/airflow/.local/lib/python3.12/site-packages/airflow/example_dags/example_latest_only_with_trigger.py for tasks to queue
[2024-10-07T14:45:57.460+0000] {logging_mixin.py:190} INFO - [2024-10-07T14:45:57.460+0000] {dagbag.py:588} INFO - Filling up the DagBag from /home/airflow/.local/lib/python3.12/site-packages/airflow/example_dags/example_latest_only_with_trigger.py
[2024-10-07T14:45:57.475+0000] {processor.py:925} INFO - DAG(s) 'latest_only_with_trigger' retrieved from /home/airflow/.local/lib/python3.12/site-packages/airflow/example_dags/example_latest_only_with_trigger.py
[2024-10-07T14:45:57.514+0000] {logging_mixin.py:190} INFO - [2024-10-07T14:45:57.514+0000] {dag.py:3239} INFO - Sync 1 DAGs
[2024-10-07T14:45:57.561+0000] {logging_mixin.py:190} INFO - [2024-10-07T14:45:57.560+0000] {dag.py:4180} INFO - Setting next_dagrun for latest_only_with_trigger to 2024-10-07 08:00:00+00:00, run_after=2024-10-07 12:00:00+00:00
[2024-10-07T14:45:57.597+0000] {processor.py:208} INFO - Processing /home/airflow/.local/lib/python3.12/site-packages/airflow/example_dags/example_latest_only_with_trigger.py took 0.155 seconds
[2024-10-07T14:46:28.723+0000] {processor.py:186} INFO - Started process (PID=481) to work on /home/airflow/.local/lib/python3.12/site-packages/airflow/example_dags/example_latest_only_with_trigger.py
[2024-10-07T14:46:28.726+0000] {processor.py:914} INFO - Processing file /home/airflow/.local/lib/python3.12/site-packages/airflow/example_dags/example_latest_only_with_trigger.py for tasks to queue
[2024-10-07T14:46:28.731+0000] {logging_mixin.py:190} INFO - [2024-10-07T14:46:28.730+0000] {dagbag.py:588} INFO - Filling up the DagBag from /home/airflow/.local/lib/python3.12/site-packages/airflow/example_dags/example_latest_only_with_trigger.py
[2024-10-07T14:46:28.745+0000] {processor.py:925} INFO - DAG(s) 'latest_only_with_trigger' retrieved from /home/airflow/.local/lib/python3.12/site-packages/airflow/example_dags/example_latest_only_with_trigger.py
[2024-10-07T14:46:28.783+0000] {logging_mixin.py:190} INFO - [2024-10-07T14:46:28.783+0000] {dag.py:3239} INFO - Sync 1 DAGs
[2024-10-07T14:46:28.860+0000] {logging_mixin.py:190} INFO - [2024-10-07T14:46:28.859+0000] {dag.py:4180} INFO - Setting next_dagrun for latest_only_with_trigger to 2024-10-07 08:00:00+00:00, run_after=2024-10-07 12:00:00+00:00
[2024-10-07T14:46:28.921+0000] {processor.py:208} INFO - Processing /home/airflow/.local/lib/python3.12/site-packages/airflow/example_dags/example_latest_only_with_trigger.py took 0.210 seconds
[2024-10-07T14:46:59.876+0000] {processor.py:186} INFO - Started process (PID=543) to work on /home/airflow/.local/lib/python3.12/site-packages/airflow/example_dags/example_latest_only_with_trigger.py
[2024-10-07T14:46:59.878+0000] {processor.py:914} INFO - Processing file /home/airflow/.local/lib/python3.12/site-packages/airflow/example_dags/example_latest_only_with_trigger.py for tasks to queue
[2024-10-07T14:46:59.881+0000] {logging_mixin.py:190} INFO - [2024-10-07T14:46:59.881+0000] {dagbag.py:588} INFO - Filling up the DagBag from /home/airflow/.local/lib/python3.12/site-packages/airflow/example_dags/example_latest_only_with_trigger.py
[2024-10-07T14:46:59.889+0000] {processor.py:925} INFO - DAG(s) 'latest_only_with_trigger' retrieved from /home/airflow/.local/lib/python3.12/site-packages/airflow/example_dags/example_latest_only_with_trigger.py
[2024-10-07T14:46:59.911+0000] {logging_mixin.py:190} INFO - [2024-10-07T14:46:59.911+0000] {dag.py:3239} INFO - Sync 1 DAGs
[2024-10-07T14:46:59.935+0000] {logging_mixin.py:190} INFO - [2024-10-07T14:46:59.935+0000] {dag.py:4180} INFO - Setting next_dagrun for latest_only_with_trigger to 2024-10-07 08:00:00+00:00, run_after=2024-10-07 12:00:00+00:00
[2024-10-07T14:46:59.956+0000] {processor.py:208} INFO - Processing /home/airflow/.local/lib/python3.12/site-packages/airflow/example_dags/example_latest_only_with_trigger.py took 0.087 seconds
[2024-10-07T14:47:30.682+0000] {processor.py:186} INFO - Started process (PID=605) to work on /home/airflow/.local/lib/python3.12/site-packages/airflow/example_dags/example_latest_only_with_trigger.py
[2024-10-07T14:47:30.684+0000] {processor.py:914} INFO - Processing file /home/airflow/.local/lib/python3.12/site-packages/airflow/example_dags/example_latest_only_with_trigger.py for tasks to queue
[2024-10-07T14:47:30.689+0000] {logging_mixin.py:190} INFO - [2024-10-07T14:47:30.689+0000] {dagbag.py:588} INFO - Filling up the DagBag from /home/airflow/.local/lib/python3.12/site-packages/airflow/example_dags/example_latest_only_with_trigger.py
[2024-10-07T14:47:30.697+0000] {processor.py:925} INFO - DAG(s) 'latest_only_with_trigger' retrieved from /home/airflow/.local/lib/python3.12/site-packages/airflow/example_dags/example_latest_only_with_trigger.py
[2024-10-07T14:47:30.721+0000] {logging_mixin.py:190} INFO - [2024-10-07T14:47:30.721+0000] {dag.py:3239} INFO - Sync 1 DAGs
[2024-10-07T14:47:30.744+0000] {logging_mixin.py:190} INFO - [2024-10-07T14:47:30.744+0000] {dag.py:4180} INFO - Setting next_dagrun for latest_only_with_trigger to 2024-10-07 08:00:00+00:00, run_after=2024-10-07 12:00:00+00:00
[2024-10-07T14:47:30.764+0000] {processor.py:208} INFO - Processing /home/airflow/.local/lib/python3.12/site-packages/airflow/example_dags/example_latest_only_with_trigger.py took 0.094 seconds
[2024-10-07T14:48:01.033+0000] {processor.py:186} INFO - Started process (PID=667) to work on /home/airflow/.local/lib/python3.12/site-packages/airflow/example_dags/example_latest_only_with_trigger.py
[2024-10-07T14:48:01.034+0000] {processor.py:914} INFO - Processing file /home/airflow/.local/lib/python3.12/site-packages/airflow/example_dags/example_latest_only_with_trigger.py for tasks to queue
[2024-10-07T14:48:01.037+0000] {logging_mixin.py:190} INFO - [2024-10-07T14:48:01.037+0000] {dagbag.py:588} INFO - Filling up the DagBag from /home/airflow/.local/lib/python3.12/site-packages/airflow/example_dags/example_latest_only_with_trigger.py
[2024-10-07T14:48:01.047+0000] {processor.py:925} INFO - DAG(s) 'latest_only_with_trigger' retrieved from /home/airflow/.local/lib/python3.12/site-packages/airflow/example_dags/example_latest_only_with_trigger.py
[2024-10-07T14:48:01.071+0000] {logging_mixin.py:190} INFO - [2024-10-07T14:48:01.070+0000] {dag.py:3239} INFO - Sync 1 DAGs
[2024-10-07T14:48:01.095+0000] {logging_mixin.py:190} INFO - [2024-10-07T14:48:01.095+0000] {dag.py:4180} INFO - Setting next_dagrun for latest_only_with_trigger to 2024-10-07 08:00:00+00:00, run_after=2024-10-07 12:00:00+00:00
[2024-10-07T14:48:01.115+0000] {processor.py:208} INFO - Processing /home/airflow/.local/lib/python3.12/site-packages/airflow/example_dags/example_latest_only_with_trigger.py took 0.089 seconds
[2024-10-07T14:48:31.407+0000] {processor.py:186} INFO - Started process (PID=729) to work on /home/airflow/.local/lib/python3.12/site-packages/airflow/example_dags/example_latest_only_with_trigger.py
[2024-10-07T14:48:31.409+0000] {processor.py:914} INFO - Processing file /home/airflow/.local/lib/python3.12/site-packages/airflow/example_dags/example_latest_only_with_trigger.py for tasks to queue
[2024-10-07T14:48:31.414+0000] {logging_mixin.py:190} INFO - [2024-10-07T14:48:31.414+0000] {dagbag.py:588} INFO - Filling up the DagBag from /home/airflow/.local/lib/python3.12/site-packages/airflow/example_dags/example_latest_only_with_trigger.py
[2024-10-07T14:48:31.422+0000] {processor.py:925} INFO - DAG(s) 'latest_only_with_trigger' retrieved from /home/airflow/.local/lib/python3.12/site-packages/airflow/example_dags/example_latest_only_with_trigger.py
[2024-10-07T14:48:31.445+0000] {logging_mixin.py:190} INFO - [2024-10-07T14:48:31.445+0000] {dag.py:3239} INFO - Sync 1 DAGs
[2024-10-07T14:48:31.469+0000] {logging_mixin.py:190} INFO - [2024-10-07T14:48:31.469+0000] {dag.py:4180} INFO - Setting next_dagrun for latest_only_with_trigger to 2024-10-07 08:00:00+00:00, run_after=2024-10-07 12:00:00+00:00
[2024-10-07T14:48:31.489+0000] {processor.py:208} INFO - Processing /home/airflow/.local/lib/python3.12/site-packages/airflow/example_dags/example_latest_only_with_trigger.py took 0.089 seconds
[2024-10-07T14:49:01.808+0000] {processor.py:186} INFO - Started process (PID=791) to work on /home/airflow/.local/lib/python3.12/site-packages/airflow/example_dags/example_latest_only_with_trigger.py
[2024-10-07T14:49:01.811+0000] {processor.py:914} INFO - Processing file /home/airflow/.local/lib/python3.12/site-packages/airflow/example_dags/example_latest_only_with_trigger.py for tasks to queue
[2024-10-07T14:49:01.816+0000] {logging_mixin.py:190} INFO - [2024-10-07T14:49:01.815+0000] {dagbag.py:588} INFO - Filling up the DagBag from /home/airflow/.local/lib/python3.12/site-packages/airflow/example_dags/example_latest_only_with_trigger.py
[2024-10-07T14:49:01.829+0000] {processor.py:925} INFO - DAG(s) 'latest_only_with_trigger' retrieved from /home/airflow/.local/lib/python3.12/site-packages/airflow/example_dags/example_latest_only_with_trigger.py
[2024-10-07T14:49:01.854+0000] {logging_mixin.py:190} INFO - [2024-10-07T14:49:01.853+0000] {dag.py:3239} INFO - Sync 1 DAGs
[2024-10-07T14:49:01.877+0000] {logging_mixin.py:190} INFO - [2024-10-07T14:49:01.877+0000] {dag.py:4180} INFO - Setting next_dagrun for latest_only_with_trigger to 2024-10-07 08:00:00+00:00, run_after=2024-10-07 12:00:00+00:00
[2024-10-07T14:49:01.898+0000] {processor.py:208} INFO - Processing /home/airflow/.local/lib/python3.12/site-packages/airflow/example_dags/example_latest_only_with_trigger.py took 0.101 seconds
[2024-10-07T14:49:32.753+0000] {processor.py:186} INFO - Started process (PID=853) to work on /home/airflow/.local/lib/python3.12/site-packages/airflow/example_dags/example_latest_only_with_trigger.py
[2024-10-07T14:49:32.757+0000] {processor.py:914} INFO - Processing file /home/airflow/.local/lib/python3.12/site-packages/airflow/example_dags/example_latest_only_with_trigger.py for tasks to queue
[2024-10-07T14:49:32.762+0000] {logging_mixin.py:190} INFO - [2024-10-07T14:49:32.762+0000] {dagbag.py:588} INFO - Filling up the DagBag from /home/airflow/.local/lib/python3.12/site-packages/airflow/example_dags/example_latest_only_with_trigger.py
[2024-10-07T14:49:32.783+0000] {processor.py:925} INFO - DAG(s) 'latest_only_with_trigger' retrieved from /home/airflow/.local/lib/python3.12/site-packages/airflow/example_dags/example_latest_only_with_trigger.py
[2024-10-07T14:49:32.814+0000] {logging_mixin.py:190} INFO - [2024-10-07T14:49:32.813+0000] {dag.py:3239} INFO - Sync 1 DAGs
[2024-10-07T14:49:32.857+0000] {logging_mixin.py:190} INFO - [2024-10-07T14:49:32.857+0000] {dag.py:4180} INFO - Setting next_dagrun for latest_only_with_trigger to 2024-10-07 08:00:00+00:00, run_after=2024-10-07 12:00:00+00:00
[2024-10-07T14:49:32.883+0000] {processor.py:208} INFO - Processing /home/airflow/.local/lib/python3.12/site-packages/airflow/example_dags/example_latest_only_with_trigger.py took 0.142 seconds
[2024-10-07T14:50:03.115+0000] {processor.py:186} INFO - Started process (PID=915) to work on /home/airflow/.local/lib/python3.12/site-packages/airflow/example_dags/example_latest_only_with_trigger.py
[2024-10-07T14:50:03.116+0000] {processor.py:914} INFO - Processing file /home/airflow/.local/lib/python3.12/site-packages/airflow/example_dags/example_latest_only_with_trigger.py for tasks to queue
[2024-10-07T14:50:03.120+0000] {logging_mixin.py:190} INFO - [2024-10-07T14:50:03.119+0000] {dagbag.py:588} INFO - Filling up the DagBag from /home/airflow/.local/lib/python3.12/site-packages/airflow/example_dags/example_latest_only_with_trigger.py
[2024-10-07T14:50:03.130+0000] {processor.py:925} INFO - DAG(s) 'latest_only_with_trigger' retrieved from /home/airflow/.local/lib/python3.12/site-packages/airflow/example_dags/example_latest_only_with_trigger.py
[2024-10-07T14:50:03.155+0000] {logging_mixin.py:190} INFO - [2024-10-07T14:50:03.155+0000] {dag.py:3239} INFO - Sync 1 DAGs
[2024-10-07T14:50:03.186+0000] {logging_mixin.py:190} INFO - [2024-10-07T14:50:03.185+0000] {dag.py:4180} INFO - Setting next_dagrun for latest_only_with_trigger to 2024-10-07 08:00:00+00:00, run_after=2024-10-07 12:00:00+00:00
[2024-10-07T14:50:03.210+0000] {processor.py:208} INFO - Processing /home/airflow/.local/lib/python3.12/site-packages/airflow/example_dags/example_latest_only_with_trigger.py took 0.102 seconds
[2024-10-07T14:50:33.616+0000] {processor.py:186} INFO - Started process (PID=977) to work on /home/airflow/.local/lib/python3.12/site-packages/airflow/example_dags/example_latest_only_with_trigger.py
[2024-10-07T14:50:33.618+0000] {processor.py:914} INFO - Processing file /home/airflow/.local/lib/python3.12/site-packages/airflow/example_dags/example_latest_only_with_trigger.py for tasks to queue
[2024-10-07T14:50:33.622+0000] {logging_mixin.py:190} INFO - [2024-10-07T14:50:33.622+0000] {dagbag.py:588} INFO - Filling up the DagBag from /home/airflow/.local/lib/python3.12/site-packages/airflow/example_dags/example_latest_only_with_trigger.py
[2024-10-07T14:50:33.635+0000] {processor.py:925} INFO - DAG(s) 'latest_only_with_trigger' retrieved from /home/airflow/.local/lib/python3.12/site-packages/airflow/example_dags/example_latest_only_with_trigger.py
[2024-10-07T14:50:33.663+0000] {logging_mixin.py:190} INFO - [2024-10-07T14:50:33.663+0000] {dag.py:3239} INFO - Sync 1 DAGs
[2024-10-07T14:50:33.688+0000] {logging_mixin.py:190} INFO - [2024-10-07T14:50:33.688+0000] {dag.py:4180} INFO - Setting next_dagrun for latest_only_with_trigger to 2024-10-07 08:00:00+00:00, run_after=2024-10-07 12:00:00+00:00
[2024-10-07T14:50:33.707+0000] {processor.py:208} INFO - Processing /home/airflow/.local/lib/python3.12/site-packages/airflow/example_dags/example_latest_only_with_trigger.py took 0.103 seconds
[2024-10-07T14:51:03.886+0000] {processor.py:186} INFO - Started process (PID=1039) to work on /home/airflow/.local/lib/python3.12/site-packages/airflow/example_dags/example_latest_only_with_trigger.py
[2024-10-07T14:51:03.889+0000] {processor.py:914} INFO - Processing file /home/airflow/.local/lib/python3.12/site-packages/airflow/example_dags/example_latest_only_with_trigger.py for tasks to queue
[2024-10-07T14:51:03.894+0000] {logging_mixin.py:190} INFO - [2024-10-07T14:51:03.893+0000] {dagbag.py:588} INFO - Filling up the DagBag from /home/airflow/.local/lib/python3.12/site-packages/airflow/example_dags/example_latest_only_with_trigger.py
[2024-10-07T14:51:03.906+0000] {processor.py:925} INFO - DAG(s) 'latest_only_with_trigger' retrieved from /home/airflow/.local/lib/python3.12/site-packages/airflow/example_dags/example_latest_only_with_trigger.py
[2024-10-07T14:51:03.929+0000] {logging_mixin.py:190} INFO - [2024-10-07T14:51:03.929+0000] {dag.py:3239} INFO - Sync 1 DAGs
[2024-10-07T14:51:03.952+0000] {logging_mixin.py:190} INFO - [2024-10-07T14:51:03.952+0000] {dag.py:4180} INFO - Setting next_dagrun for latest_only_with_trigger to 2024-10-07 08:00:00+00:00, run_after=2024-10-07 12:00:00+00:00
[2024-10-07T14:51:03.972+0000] {processor.py:208} INFO - Processing /home/airflow/.local/lib/python3.12/site-packages/airflow/example_dags/example_latest_only_with_trigger.py took 0.097 seconds
[2024-10-07T14:51:34.113+0000] {processor.py:186} INFO - Started process (PID=1101) to work on /home/airflow/.local/lib/python3.12/site-packages/airflow/example_dags/example_latest_only_with_trigger.py
[2024-10-07T14:51:34.117+0000] {processor.py:914} INFO - Processing file /home/airflow/.local/lib/python3.12/site-packages/airflow/example_dags/example_latest_only_with_trigger.py for tasks to queue
[2024-10-07T14:51:34.121+0000] {logging_mixin.py:190} INFO - [2024-10-07T14:51:34.121+0000] {dagbag.py:588} INFO - Filling up the DagBag from /home/airflow/.local/lib/python3.12/site-packages/airflow/example_dags/example_latest_only_with_trigger.py
[2024-10-07T14:51:34.133+0000] {processor.py:925} INFO - DAG(s) 'latest_only_with_trigger' retrieved from /home/airflow/.local/lib/python3.12/site-packages/airflow/example_dags/example_latest_only_with_trigger.py
[2024-10-07T14:51:34.157+0000] {logging_mixin.py:190} INFO - [2024-10-07T14:51:34.157+0000] {dag.py:3239} INFO - Sync 1 DAGs
[2024-10-07T14:51:34.182+0000] {logging_mixin.py:190} INFO - [2024-10-07T14:51:34.182+0000] {dag.py:4180} INFO - Setting next_dagrun for latest_only_with_trigger to 2024-10-07 08:00:00+00:00, run_after=2024-10-07 12:00:00+00:00
[2024-10-07T14:51:34.203+0000] {processor.py:208} INFO - Processing /home/airflow/.local/lib/python3.12/site-packages/airflow/example_dags/example_latest_only_with_trigger.py took 0.098 seconds
[2024-10-07T14:52:05.046+0000] {processor.py:186} INFO - Started process (PID=1163) to work on /home/airflow/.local/lib/python3.12/site-packages/airflow/example_dags/example_latest_only_with_trigger.py
[2024-10-07T14:52:05.047+0000] {processor.py:914} INFO - Processing file /home/airflow/.local/lib/python3.12/site-packages/airflow/example_dags/example_latest_only_with_trigger.py for tasks to queue
[2024-10-07T14:52:05.051+0000] {logging_mixin.py:190} INFO - [2024-10-07T14:52:05.050+0000] {dagbag.py:588} INFO - Filling up the DagBag from /home/airflow/.local/lib/python3.12/site-packages/airflow/example_dags/example_latest_only_with_trigger.py
[2024-10-07T14:52:05.059+0000] {processor.py:925} INFO - DAG(s) 'latest_only_with_trigger' retrieved from /home/airflow/.local/lib/python3.12/site-packages/airflow/example_dags/example_latest_only_with_trigger.py
[2024-10-07T14:52:05.080+0000] {logging_mixin.py:190} INFO - [2024-10-07T14:52:05.080+0000] {dag.py:3239} INFO - Sync 1 DAGs
[2024-10-07T14:52:05.103+0000] {logging_mixin.py:190} INFO - [2024-10-07T14:52:05.103+0000] {dag.py:4180} INFO - Setting next_dagrun for latest_only_with_trigger to 2024-10-07 08:00:00+00:00, run_after=2024-10-07 12:00:00+00:00
[2024-10-07T14:52:05.122+0000] {processor.py:208} INFO - Processing /home/airflow/.local/lib/python3.12/site-packages/airflow/example_dags/example_latest_only_with_trigger.py took 0.086 seconds
[2024-10-07T14:52:35.617+0000] {processor.py:186} INFO - Started process (PID=1225) to work on /home/airflow/.local/lib/python3.12/site-packages/airflow/example_dags/example_latest_only_with_trigger.py
[2024-10-07T14:52:35.618+0000] {processor.py:914} INFO - Processing file /home/airflow/.local/lib/python3.12/site-packages/airflow/example_dags/example_latest_only_with_trigger.py for tasks to queue
[2024-10-07T14:52:35.622+0000] {logging_mixin.py:190} INFO - [2024-10-07T14:52:35.621+0000] {dagbag.py:588} INFO - Filling up the DagBag from /home/airflow/.local/lib/python3.12/site-packages/airflow/example_dags/example_latest_only_with_trigger.py
[2024-10-07T14:52:35.631+0000] {processor.py:925} INFO - DAG(s) 'latest_only_with_trigger' retrieved from /home/airflow/.local/lib/python3.12/site-packages/airflow/example_dags/example_latest_only_with_trigger.py
[2024-10-07T14:52:35.654+0000] {logging_mixin.py:190} INFO - [2024-10-07T14:52:35.653+0000] {dag.py:3239} INFO - Sync 1 DAGs
[2024-10-07T14:52:35.678+0000] {logging_mixin.py:190} INFO - [2024-10-07T14:52:35.678+0000] {dag.py:4180} INFO - Setting next_dagrun for latest_only_with_trigger to 2024-10-07 08:00:00+00:00, run_after=2024-10-07 12:00:00+00:00
[2024-10-07T14:52:35.700+0000] {processor.py:208} INFO - Processing /home/airflow/.local/lib/python3.12/site-packages/airflow/example_dags/example_latest_only_with_trigger.py took 0.090 seconds
[2024-10-07T14:53:06.318+0000] {processor.py:186} INFO - Started process (PID=1287) to work on /home/airflow/.local/lib/python3.12/site-packages/airflow/example_dags/example_latest_only_with_trigger.py
[2024-10-07T14:53:06.320+0000] {processor.py:914} INFO - Processing file /home/airflow/.local/lib/python3.12/site-packages/airflow/example_dags/example_latest_only_with_trigger.py for tasks to queue
[2024-10-07T14:53:06.323+0000] {logging_mixin.py:190} INFO - [2024-10-07T14:53:06.323+0000] {dagbag.py:588} INFO - Filling up the DagBag from /home/airflow/.local/lib/python3.12/site-packages/airflow/example_dags/example_latest_only_with_trigger.py
[2024-10-07T14:53:06.331+0000] {processor.py:925} INFO - DAG(s) 'latest_only_with_trigger' retrieved from /home/airflow/.local/lib/python3.12/site-packages/airflow/example_dags/example_latest_only_with_trigger.py
[2024-10-07T14:53:06.357+0000] {logging_mixin.py:190} INFO - [2024-10-07T14:53:06.356+0000] {dag.py:3239} INFO - Sync 1 DAGs
[2024-10-07T14:53:06.381+0000] {logging_mixin.py:190} INFO - [2024-10-07T14:53:06.381+0000] {dag.py:4180} INFO - Setting next_dagrun for latest_only_with_trigger to 2024-10-07 08:00:00+00:00, run_after=2024-10-07 12:00:00+00:00
[2024-10-07T14:53:06.406+0000] {processor.py:208} INFO - Processing /home/airflow/.local/lib/python3.12/site-packages/airflow/example_dags/example_latest_only_with_trigger.py took 0.094 seconds
[2024-10-07T14:53:36.876+0000] {processor.py:186} INFO - Started process (PID=1350) to work on /home/airflow/.local/lib/python3.12/site-packages/airflow/example_dags/example_latest_only_with_trigger.py
[2024-10-07T14:53:36.878+0000] {processor.py:914} INFO - Processing file /home/airflow/.local/lib/python3.12/site-packages/airflow/example_dags/example_latest_only_with_trigger.py for tasks to queue
[2024-10-07T14:53:36.880+0000] {logging_mixin.py:190} INFO - [2024-10-07T14:53:36.880+0000] {dagbag.py:588} INFO - Filling up the DagBag from /home/airflow/.local/lib/python3.12/site-packages/airflow/example_dags/example_latest_only_with_trigger.py
[2024-10-07T14:53:36.888+0000] {processor.py:925} INFO - DAG(s) 'latest_only_with_trigger' retrieved from /home/airflow/.local/lib/python3.12/site-packages/airflow/example_dags/example_latest_only_with_trigger.py
[2024-10-07T14:53:36.912+0000] {logging_mixin.py:190} INFO - [2024-10-07T14:53:36.912+0000] {dag.py:3239} INFO - Sync 1 DAGs
[2024-10-07T14:53:36.937+0000] {logging_mixin.py:190} INFO - [2024-10-07T14:53:36.937+0000] {dag.py:4180} INFO - Setting next_dagrun for latest_only_with_trigger to 2024-10-07 08:00:00+00:00, run_after=2024-10-07 12:00:00+00:00
[2024-10-07T14:53:36.959+0000] {processor.py:208} INFO - Processing /home/airflow/.local/lib/python3.12/site-packages/airflow/example_dags/example_latest_only_with_trigger.py took 0.088 seconds
