[2024-10-07T14:43:19.564+0000] {processor.py:186} INFO - Started process (PID=88) to work on /home/airflow/.local/lib/python3.12/site-packages/airflow/example_dags/example_dynamic_task_mapping.py
[2024-10-07T14:43:19.570+0000] {processor.py:914} INFO - Processing file /home/airflow/.local/lib/python3.12/site-packages/airflow/example_dags/example_dynamic_task_mapping.py for tasks to queue
[2024-10-07T14:43:19.575+0000] {logging_mixin.py:190} INFO - [2024-10-07T14:43:19.574+0000] {dagbag.py:588} INFO - Filling up the DagBag from /home/airflow/.local/lib/python3.12/site-packages/airflow/example_dags/example_dynamic_task_mapping.py
[2024-10-07T14:43:19.638+0000] {processor.py:925} INFO - DAG(s) 'example_dynamic_task_mapping' retrieved from /home/airflow/.local/lib/python3.12/site-packages/airflow/example_dags/example_dynamic_task_mapping.py
[2024-10-07T14:43:19.904+0000] {logging_mixin.py:190} INFO - [2024-10-07T14:43:19.903+0000] {override.py:1900} INFO - Created Permission View: can read on DAG:example_dynamic_task_mapping
[2024-10-07T14:43:19.930+0000] {logging_mixin.py:190} INFO - [2024-10-07T14:43:19.929+0000] {override.py:1900} INFO - Created Permission View: can delete on DAG:example_dynamic_task_mapping
[2024-10-07T14:43:19.949+0000] {logging_mixin.py:190} INFO - [2024-10-07T14:43:19.948+0000] {override.py:1900} INFO - Created Permission View: can edit on DAG:example_dynamic_task_mapping
[2024-10-07T14:43:19.965+0000] {logging_mixin.py:190} INFO - [2024-10-07T14:43:19.964+0000] {override.py:1900} INFO - Created Permission View: can read on DAG Run:example_dynamic_task_mapping
[2024-10-07T14:43:19.977+0000] {logging_mixin.py:190} INFO - [2024-10-07T14:43:19.977+0000] {override.py:1900} INFO - Created Permission View: can create on DAG Run:example_dynamic_task_mapping
[2024-10-07T14:43:19.989+0000] {logging_mixin.py:190} INFO - [2024-10-07T14:43:19.989+0000] {override.py:1900} INFO - Created Permission View: menu access on DAG Run:example_dynamic_task_mapping
[2024-10-07T14:43:20.002+0000] {logging_mixin.py:190} INFO - [2024-10-07T14:43:20.001+0000] {override.py:1900} INFO - Created Permission View: can delete on DAG Run:example_dynamic_task_mapping
[2024-10-07T14:43:20.004+0000] {logging_mixin.py:190} INFO - [2024-10-07T14:43:20.003+0000] {dag.py:3239} INFO - Sync 1 DAGs
[2024-10-07T14:43:20.034+0000] {logging_mixin.py:190} INFO - [2024-10-07T14:43:20.033+0000] {dag.py:3262} INFO - Creating ORM DAG for example_dynamic_task_mapping
[2024-10-07T14:43:20.035+0000] {logging_mixin.py:190} INFO - [2024-10-07T14:43:20.034+0000] {dag.py:4180} INFO - Setting next_dagrun for example_dynamic_task_mapping to None, run_after=None
[2024-10-07T14:43:20.074+0000] {processor.py:208} INFO - Processing /home/airflow/.local/lib/python3.12/site-packages/airflow/example_dags/example_dynamic_task_mapping.py took 0.524 seconds
[2024-10-07T14:43:50.357+0000] {processor.py:186} INFO - Started process (PID=150) to work on /home/airflow/.local/lib/python3.12/site-packages/airflow/example_dags/example_dynamic_task_mapping.py
[2024-10-07T14:43:50.359+0000] {processor.py:914} INFO - Processing file /home/airflow/.local/lib/python3.12/site-packages/airflow/example_dags/example_dynamic_task_mapping.py for tasks to queue
[2024-10-07T14:43:50.363+0000] {logging_mixin.py:190} INFO - [2024-10-07T14:43:50.363+0000] {dagbag.py:588} INFO - Filling up the DagBag from /home/airflow/.local/lib/python3.12/site-packages/airflow/example_dags/example_dynamic_task_mapping.py
[2024-10-07T14:43:50.379+0000] {processor.py:925} INFO - DAG(s) 'example_dynamic_task_mapping' retrieved from /home/airflow/.local/lib/python3.12/site-packages/airflow/example_dags/example_dynamic_task_mapping.py
[2024-10-07T14:43:50.415+0000] {logging_mixin.py:190} INFO - [2024-10-07T14:43:50.415+0000] {dag.py:3239} INFO - Sync 1 DAGs
[2024-10-07T14:43:50.439+0000] {logging_mixin.py:190} INFO - [2024-10-07T14:43:50.439+0000] {dag.py:4180} INFO - Setting next_dagrun for example_dynamic_task_mapping to None, run_after=None
[2024-10-07T14:43:50.469+0000] {processor.py:208} INFO - Processing /home/airflow/.local/lib/python3.12/site-packages/airflow/example_dags/example_dynamic_task_mapping.py took 0.123 seconds
[2024-10-07T14:44:20.589+0000] {processor.py:186} INFO - Started process (PID=212) to work on /home/airflow/.local/lib/python3.12/site-packages/airflow/example_dags/example_dynamic_task_mapping.py
[2024-10-07T14:44:20.592+0000] {processor.py:914} INFO - Processing file /home/airflow/.local/lib/python3.12/site-packages/airflow/example_dags/example_dynamic_task_mapping.py for tasks to queue
[2024-10-07T14:44:20.596+0000] {logging_mixin.py:190} INFO - [2024-10-07T14:44:20.596+0000] {dagbag.py:588} INFO - Filling up the DagBag from /home/airflow/.local/lib/python3.12/site-packages/airflow/example_dags/example_dynamic_task_mapping.py
[2024-10-07T14:44:20.609+0000] {processor.py:925} INFO - DAG(s) 'example_dynamic_task_mapping' retrieved from /home/airflow/.local/lib/python3.12/site-packages/airflow/example_dags/example_dynamic_task_mapping.py
[2024-10-07T14:44:20.632+0000] {logging_mixin.py:190} INFO - [2024-10-07T14:44:20.632+0000] {dag.py:3239} INFO - Sync 1 DAGs
[2024-10-07T14:44:20.647+0000] {logging_mixin.py:190} INFO - [2024-10-07T14:44:20.646+0000] {dag.py:4180} INFO - Setting next_dagrun for example_dynamic_task_mapping to None, run_after=None
[2024-10-07T14:44:20.667+0000] {processor.py:208} INFO - Processing /home/airflow/.local/lib/python3.12/site-packages/airflow/example_dags/example_dynamic_task_mapping.py took 0.085 seconds
[2024-10-07T14:44:51.546+0000] {processor.py:186} INFO - Started process (PID=274) to work on /home/airflow/.local/lib/python3.12/site-packages/airflow/example_dags/example_dynamic_task_mapping.py
[2024-10-07T14:44:51.549+0000] {processor.py:914} INFO - Processing file /home/airflow/.local/lib/python3.12/site-packages/airflow/example_dags/example_dynamic_task_mapping.py for tasks to queue
[2024-10-07T14:44:51.553+0000] {logging_mixin.py:190} INFO - [2024-10-07T14:44:51.552+0000] {dagbag.py:588} INFO - Filling up the DagBag from /home/airflow/.local/lib/python3.12/site-packages/airflow/example_dags/example_dynamic_task_mapping.py
[2024-10-07T14:44:51.567+0000] {processor.py:925} INFO - DAG(s) 'example_dynamic_task_mapping' retrieved from /home/airflow/.local/lib/python3.12/site-packages/airflow/example_dags/example_dynamic_task_mapping.py
[2024-10-07T14:44:51.597+0000] {logging_mixin.py:190} INFO - [2024-10-07T14:44:51.597+0000] {dag.py:3239} INFO - Sync 1 DAGs
[2024-10-07T14:44:51.621+0000] {logging_mixin.py:190} INFO - [2024-10-07T14:44:51.620+0000] {dag.py:4180} INFO - Setting next_dagrun for example_dynamic_task_mapping to None, run_after=None
[2024-10-07T14:44:51.641+0000] {processor.py:208} INFO - Processing /home/airflow/.local/lib/python3.12/site-packages/airflow/example_dags/example_dynamic_task_mapping.py took 0.105 seconds
[2024-10-07T14:45:22.404+0000] {processor.py:186} INFO - Started process (PID=335) to work on /home/airflow/.local/lib/python3.12/site-packages/airflow/example_dags/example_dynamic_task_mapping.py
[2024-10-07T14:45:22.406+0000] {processor.py:914} INFO - Processing file /home/airflow/.local/lib/python3.12/site-packages/airflow/example_dags/example_dynamic_task_mapping.py for tasks to queue
[2024-10-07T14:45:22.412+0000] {logging_mixin.py:190} INFO - [2024-10-07T14:45:22.411+0000] {dagbag.py:588} INFO - Filling up the DagBag from /home/airflow/.local/lib/python3.12/site-packages/airflow/example_dags/example_dynamic_task_mapping.py
[2024-10-07T14:45:22.422+0000] {processor.py:925} INFO - DAG(s) 'example_dynamic_task_mapping' retrieved from /home/airflow/.local/lib/python3.12/site-packages/airflow/example_dags/example_dynamic_task_mapping.py
[2024-10-07T14:45:22.449+0000] {logging_mixin.py:190} INFO - [2024-10-07T14:45:22.448+0000] {dag.py:3239} INFO - Sync 1 DAGs
[2024-10-07T14:45:22.470+0000] {logging_mixin.py:190} INFO - [2024-10-07T14:45:22.470+0000] {dag.py:4180} INFO - Setting next_dagrun for example_dynamic_task_mapping to None, run_after=None
[2024-10-07T14:45:22.507+0000] {processor.py:208} INFO - Processing /home/airflow/.local/lib/python3.12/site-packages/airflow/example_dags/example_dynamic_task_mapping.py took 0.111 seconds
[2024-10-07T14:45:52.739+0000] {processor.py:186} INFO - Started process (PID=398) to work on /home/airflow/.local/lib/python3.12/site-packages/airflow/example_dags/example_dynamic_task_mapping.py
[2024-10-07T14:45:52.740+0000] {processor.py:914} INFO - Processing file /home/airflow/.local/lib/python3.12/site-packages/airflow/example_dags/example_dynamic_task_mapping.py for tasks to queue
[2024-10-07T14:45:52.744+0000] {logging_mixin.py:190} INFO - [2024-10-07T14:45:52.743+0000] {dagbag.py:588} INFO - Filling up the DagBag from /home/airflow/.local/lib/python3.12/site-packages/airflow/example_dags/example_dynamic_task_mapping.py
[2024-10-07T14:45:52.753+0000] {processor.py:925} INFO - DAG(s) 'example_dynamic_task_mapping' retrieved from /home/airflow/.local/lib/python3.12/site-packages/airflow/example_dags/example_dynamic_task_mapping.py
[2024-10-07T14:45:52.775+0000] {logging_mixin.py:190} INFO - [2024-10-07T14:45:52.774+0000] {dag.py:3239} INFO - Sync 1 DAGs
[2024-10-07T14:45:52.791+0000] {logging_mixin.py:190} INFO - [2024-10-07T14:45:52.790+0000] {dag.py:4180} INFO - Setting next_dagrun for example_dynamic_task_mapping to None, run_after=None
[2024-10-07T14:45:52.811+0000] {processor.py:208} INFO - Processing /home/airflow/.local/lib/python3.12/site-packages/airflow/example_dags/example_dynamic_task_mapping.py took 0.079 seconds
[2024-10-07T14:46:24.240+0000] {processor.py:186} INFO - Started process (PID=460) to work on /home/airflow/.local/lib/python3.12/site-packages/airflow/example_dags/example_dynamic_task_mapping.py
[2024-10-07T14:46:24.245+0000] {processor.py:914} INFO - Processing file /home/airflow/.local/lib/python3.12/site-packages/airflow/example_dags/example_dynamic_task_mapping.py for tasks to queue
[2024-10-07T14:46:24.252+0000] {logging_mixin.py:190} INFO - [2024-10-07T14:46:24.251+0000] {dagbag.py:588} INFO - Filling up the DagBag from /home/airflow/.local/lib/python3.12/site-packages/airflow/example_dags/example_dynamic_task_mapping.py
[2024-10-07T14:46:24.274+0000] {processor.py:925} INFO - DAG(s) 'example_dynamic_task_mapping' retrieved from /home/airflow/.local/lib/python3.12/site-packages/airflow/example_dags/example_dynamic_task_mapping.py
[2024-10-07T14:46:24.327+0000] {logging_mixin.py:190} INFO - [2024-10-07T14:46:24.326+0000] {dag.py:3239} INFO - Sync 1 DAGs
[2024-10-07T14:46:24.364+0000] {logging_mixin.py:190} INFO - [2024-10-07T14:46:24.363+0000] {dag.py:4180} INFO - Setting next_dagrun for example_dynamic_task_mapping to None, run_after=None
[2024-10-07T14:46:24.417+0000] {processor.py:208} INFO - Processing /home/airflow/.local/lib/python3.12/site-packages/airflow/example_dags/example_dynamic_task_mapping.py took 0.195 seconds
[2024-10-07T14:46:54.618+0000] {processor.py:186} INFO - Started process (PID=522) to work on /home/airflow/.local/lib/python3.12/site-packages/airflow/example_dags/example_dynamic_task_mapping.py
[2024-10-07T14:46:54.620+0000] {processor.py:914} INFO - Processing file /home/airflow/.local/lib/python3.12/site-packages/airflow/example_dags/example_dynamic_task_mapping.py for tasks to queue
[2024-10-07T14:46:54.623+0000] {logging_mixin.py:190} INFO - [2024-10-07T14:46:54.623+0000] {dagbag.py:588} INFO - Filling up the DagBag from /home/airflow/.local/lib/python3.12/site-packages/airflow/example_dags/example_dynamic_task_mapping.py
[2024-10-07T14:46:54.632+0000] {processor.py:925} INFO - DAG(s) 'example_dynamic_task_mapping' retrieved from /home/airflow/.local/lib/python3.12/site-packages/airflow/example_dags/example_dynamic_task_mapping.py
[2024-10-07T14:46:54.651+0000] {logging_mixin.py:190} INFO - [2024-10-07T14:46:54.651+0000] {dag.py:3239} INFO - Sync 1 DAGs
[2024-10-07T14:46:54.666+0000] {logging_mixin.py:190} INFO - [2024-10-07T14:46:54.666+0000] {dag.py:4180} INFO - Setting next_dagrun for example_dynamic_task_mapping to None, run_after=None
[2024-10-07T14:46:54.685+0000] {processor.py:208} INFO - Processing /home/airflow/.local/lib/python3.12/site-packages/airflow/example_dags/example_dynamic_task_mapping.py took 0.073 seconds
[2024-10-07T14:47:25.110+0000] {processor.py:186} INFO - Started process (PID=583) to work on /home/airflow/.local/lib/python3.12/site-packages/airflow/example_dags/example_dynamic_task_mapping.py
[2024-10-07T14:47:25.111+0000] {processor.py:914} INFO - Processing file /home/airflow/.local/lib/python3.12/site-packages/airflow/example_dags/example_dynamic_task_mapping.py for tasks to queue
[2024-10-07T14:47:25.114+0000] {logging_mixin.py:190} INFO - [2024-10-07T14:47:25.114+0000] {dagbag.py:588} INFO - Filling up the DagBag from /home/airflow/.local/lib/python3.12/site-packages/airflow/example_dags/example_dynamic_task_mapping.py
[2024-10-07T14:47:25.125+0000] {processor.py:925} INFO - DAG(s) 'example_dynamic_task_mapping' retrieved from /home/airflow/.local/lib/python3.12/site-packages/airflow/example_dags/example_dynamic_task_mapping.py
[2024-10-07T14:47:25.150+0000] {logging_mixin.py:190} INFO - [2024-10-07T14:47:25.150+0000] {dag.py:3239} INFO - Sync 1 DAGs
[2024-10-07T14:47:25.166+0000] {logging_mixin.py:190} INFO - [2024-10-07T14:47:25.166+0000] {dag.py:4180} INFO - Setting next_dagrun for example_dynamic_task_mapping to None, run_after=None
[2024-10-07T14:47:25.185+0000] {processor.py:208} INFO - Processing /home/airflow/.local/lib/python3.12/site-packages/airflow/example_dags/example_dynamic_task_mapping.py took 0.082 seconds
[2024-10-07T14:47:55.427+0000] {processor.py:186} INFO - Started process (PID=645) to work on /home/airflow/.local/lib/python3.12/site-packages/airflow/example_dags/example_dynamic_task_mapping.py
[2024-10-07T14:47:55.429+0000] {processor.py:914} INFO - Processing file /home/airflow/.local/lib/python3.12/site-packages/airflow/example_dags/example_dynamic_task_mapping.py for tasks to queue
[2024-10-07T14:47:55.432+0000] {logging_mixin.py:190} INFO - [2024-10-07T14:47:55.432+0000] {dagbag.py:588} INFO - Filling up the DagBag from /home/airflow/.local/lib/python3.12/site-packages/airflow/example_dags/example_dynamic_task_mapping.py
[2024-10-07T14:47:55.441+0000] {processor.py:925} INFO - DAG(s) 'example_dynamic_task_mapping' retrieved from /home/airflow/.local/lib/python3.12/site-packages/airflow/example_dags/example_dynamic_task_mapping.py
[2024-10-07T14:47:55.460+0000] {logging_mixin.py:190} INFO - [2024-10-07T14:47:55.459+0000] {dag.py:3239} INFO - Sync 1 DAGs
[2024-10-07T14:47:55.474+0000] {logging_mixin.py:190} INFO - [2024-10-07T14:47:55.473+0000] {dag.py:4180} INFO - Setting next_dagrun for example_dynamic_task_mapping to None, run_after=None
[2024-10-07T14:47:55.492+0000] {processor.py:208} INFO - Processing /home/airflow/.local/lib/python3.12/site-packages/airflow/example_dags/example_dynamic_task_mapping.py took 0.071 seconds
[2024-10-07T14:48:26.470+0000] {processor.py:186} INFO - Started process (PID=708) to work on /home/airflow/.local/lib/python3.12/site-packages/airflow/example_dags/example_dynamic_task_mapping.py
[2024-10-07T14:48:26.472+0000] {processor.py:914} INFO - Processing file /home/airflow/.local/lib/python3.12/site-packages/airflow/example_dags/example_dynamic_task_mapping.py for tasks to queue
[2024-10-07T14:48:26.477+0000] {logging_mixin.py:190} INFO - [2024-10-07T14:48:26.476+0000] {dagbag.py:588} INFO - Filling up the DagBag from /home/airflow/.local/lib/python3.12/site-packages/airflow/example_dags/example_dynamic_task_mapping.py
[2024-10-07T14:48:26.490+0000] {processor.py:925} INFO - DAG(s) 'example_dynamic_task_mapping' retrieved from /home/airflow/.local/lib/python3.12/site-packages/airflow/example_dags/example_dynamic_task_mapping.py
[2024-10-07T14:48:26.519+0000] {logging_mixin.py:190} INFO - [2024-10-07T14:48:26.519+0000] {dag.py:3239} INFO - Sync 1 DAGs
[2024-10-07T14:48:26.535+0000] {logging_mixin.py:190} INFO - [2024-10-07T14:48:26.534+0000] {dag.py:4180} INFO - Setting next_dagrun for example_dynamic_task_mapping to None, run_after=None
[2024-10-07T14:48:26.554+0000] {processor.py:208} INFO - Processing /home/airflow/.local/lib/python3.12/site-packages/airflow/example_dags/example_dynamic_task_mapping.py took 0.095 seconds
[2024-10-07T14:48:56.976+0000] {processor.py:186} INFO - Started process (PID=770) to work on /home/airflow/.local/lib/python3.12/site-packages/airflow/example_dags/example_dynamic_task_mapping.py
[2024-10-07T14:48:56.978+0000] {processor.py:914} INFO - Processing file /home/airflow/.local/lib/python3.12/site-packages/airflow/example_dags/example_dynamic_task_mapping.py for tasks to queue
[2024-10-07T14:48:56.981+0000] {logging_mixin.py:190} INFO - [2024-10-07T14:48:56.980+0000] {dagbag.py:588} INFO - Filling up the DagBag from /home/airflow/.local/lib/python3.12/site-packages/airflow/example_dags/example_dynamic_task_mapping.py
[2024-10-07T14:48:56.989+0000] {processor.py:925} INFO - DAG(s) 'example_dynamic_task_mapping' retrieved from /home/airflow/.local/lib/python3.12/site-packages/airflow/example_dags/example_dynamic_task_mapping.py
[2024-10-07T14:48:57.009+0000] {logging_mixin.py:190} INFO - [2024-10-07T14:48:57.009+0000] {dag.py:3239} INFO - Sync 1 DAGs
[2024-10-07T14:48:57.023+0000] {logging_mixin.py:190} INFO - [2024-10-07T14:48:57.023+0000] {dag.py:4180} INFO - Setting next_dagrun for example_dynamic_task_mapping to None, run_after=None
[2024-10-07T14:48:57.043+0000] {processor.py:208} INFO - Processing /home/airflow/.local/lib/python3.12/site-packages/airflow/example_dags/example_dynamic_task_mapping.py took 0.073 seconds
[2024-10-07T14:49:27.958+0000] {processor.py:186} INFO - Started process (PID=832) to work on /home/airflow/.local/lib/python3.12/site-packages/airflow/example_dags/example_dynamic_task_mapping.py
[2024-10-07T14:49:27.960+0000] {processor.py:914} INFO - Processing file /home/airflow/.local/lib/python3.12/site-packages/airflow/example_dags/example_dynamic_task_mapping.py for tasks to queue
[2024-10-07T14:49:27.964+0000] {logging_mixin.py:190} INFO - [2024-10-07T14:49:27.963+0000] {dagbag.py:588} INFO - Filling up the DagBag from /home/airflow/.local/lib/python3.12/site-packages/airflow/example_dags/example_dynamic_task_mapping.py
[2024-10-07T14:49:27.972+0000] {processor.py:925} INFO - DAG(s) 'example_dynamic_task_mapping' retrieved from /home/airflow/.local/lib/python3.12/site-packages/airflow/example_dags/example_dynamic_task_mapping.py
[2024-10-07T14:49:27.992+0000] {logging_mixin.py:190} INFO - [2024-10-07T14:49:27.992+0000] {dag.py:3239} INFO - Sync 1 DAGs
[2024-10-07T14:49:28.007+0000] {logging_mixin.py:190} INFO - [2024-10-07T14:49:28.007+0000] {dag.py:4180} INFO - Setting next_dagrun for example_dynamic_task_mapping to None, run_after=None
[2024-10-07T14:49:28.024+0000] {processor.py:208} INFO - Processing /home/airflow/.local/lib/python3.12/site-packages/airflow/example_dags/example_dynamic_task_mapping.py took 0.072 seconds
[2024-10-07T14:49:58.503+0000] {processor.py:186} INFO - Started process (PID=894) to work on /home/airflow/.local/lib/python3.12/site-packages/airflow/example_dags/example_dynamic_task_mapping.py
[2024-10-07T14:49:58.505+0000] {processor.py:914} INFO - Processing file /home/airflow/.local/lib/python3.12/site-packages/airflow/example_dags/example_dynamic_task_mapping.py for tasks to queue
[2024-10-07T14:49:58.508+0000] {logging_mixin.py:190} INFO - [2024-10-07T14:49:58.508+0000] {dagbag.py:588} INFO - Filling up the DagBag from /home/airflow/.local/lib/python3.12/site-packages/airflow/example_dags/example_dynamic_task_mapping.py
[2024-10-07T14:49:58.517+0000] {processor.py:925} INFO - DAG(s) 'example_dynamic_task_mapping' retrieved from /home/airflow/.local/lib/python3.12/site-packages/airflow/example_dags/example_dynamic_task_mapping.py
[2024-10-07T14:49:58.537+0000] {logging_mixin.py:190} INFO - [2024-10-07T14:49:58.537+0000] {dag.py:3239} INFO - Sync 1 DAGs
[2024-10-07T14:49:58.551+0000] {logging_mixin.py:190} INFO - [2024-10-07T14:49:58.551+0000] {dag.py:4180} INFO - Setting next_dagrun for example_dynamic_task_mapping to None, run_after=None
[2024-10-07T14:49:58.576+0000] {processor.py:208} INFO - Processing /home/airflow/.local/lib/python3.12/site-packages/airflow/example_dags/example_dynamic_task_mapping.py took 0.078 seconds
[2024-10-07T14:50:28.759+0000] {processor.py:186} INFO - Started process (PID=956) to work on /home/airflow/.local/lib/python3.12/site-packages/airflow/example_dags/example_dynamic_task_mapping.py
[2024-10-07T14:50:28.762+0000] {processor.py:914} INFO - Processing file /home/airflow/.local/lib/python3.12/site-packages/airflow/example_dags/example_dynamic_task_mapping.py for tasks to queue
[2024-10-07T14:50:28.768+0000] {logging_mixin.py:190} INFO - [2024-10-07T14:50:28.767+0000] {dagbag.py:588} INFO - Filling up the DagBag from /home/airflow/.local/lib/python3.12/site-packages/airflow/example_dags/example_dynamic_task_mapping.py
[2024-10-07T14:50:28.785+0000] {processor.py:925} INFO - DAG(s) 'example_dynamic_task_mapping' retrieved from /home/airflow/.local/lib/python3.12/site-packages/airflow/example_dags/example_dynamic_task_mapping.py
[2024-10-07T14:50:28.818+0000] {logging_mixin.py:190} INFO - [2024-10-07T14:50:28.818+0000] {dag.py:3239} INFO - Sync 1 DAGs
[2024-10-07T14:50:28.835+0000] {logging_mixin.py:190} INFO - [2024-10-07T14:50:28.835+0000] {dag.py:4180} INFO - Setting next_dagrun for example_dynamic_task_mapping to None, run_after=None
[2024-10-07T14:50:28.857+0000] {processor.py:208} INFO - Processing /home/airflow/.local/lib/python3.12/site-packages/airflow/example_dags/example_dynamic_task_mapping.py took 0.111 seconds
[2024-10-07T14:51:00.000+0000] {processor.py:186} INFO - Started process (PID=1018) to work on /home/airflow/.local/lib/python3.12/site-packages/airflow/example_dags/example_dynamic_task_mapping.py
[2024-10-07T14:51:00.004+0000] {processor.py:914} INFO - Processing file /home/airflow/.local/lib/python3.12/site-packages/airflow/example_dags/example_dynamic_task_mapping.py for tasks to queue
[2024-10-07T14:51:00.014+0000] {logging_mixin.py:190} INFO - [2024-10-07T14:51:00.013+0000] {dagbag.py:588} INFO - Filling up the DagBag from /home/airflow/.local/lib/python3.12/site-packages/airflow/example_dags/example_dynamic_task_mapping.py
[2024-10-07T14:51:00.049+0000] {processor.py:925} INFO - DAG(s) 'example_dynamic_task_mapping' retrieved from /home/airflow/.local/lib/python3.12/site-packages/airflow/example_dags/example_dynamic_task_mapping.py
[2024-10-07T14:51:00.093+0000] {logging_mixin.py:190} INFO - [2024-10-07T14:51:00.093+0000] {dag.py:3239} INFO - Sync 1 DAGs
[2024-10-07T14:51:00.108+0000] {logging_mixin.py:190} INFO - [2024-10-07T14:51:00.108+0000] {dag.py:4180} INFO - Setting next_dagrun for example_dynamic_task_mapping to None, run_after=None
[2024-10-07T14:51:00.127+0000] {processor.py:208} INFO - Processing /home/airflow/.local/lib/python3.12/site-packages/airflow/example_dags/example_dynamic_task_mapping.py took 0.140 seconds
[2024-10-07T14:51:30.379+0000] {processor.py:186} INFO - Started process (PID=1080) to work on /home/airflow/.local/lib/python3.12/site-packages/airflow/example_dags/example_dynamic_task_mapping.py
[2024-10-07T14:51:30.381+0000] {processor.py:914} INFO - Processing file /home/airflow/.local/lib/python3.12/site-packages/airflow/example_dags/example_dynamic_task_mapping.py for tasks to queue
[2024-10-07T14:51:30.383+0000] {logging_mixin.py:190} INFO - [2024-10-07T14:51:30.383+0000] {dagbag.py:588} INFO - Filling up the DagBag from /home/airflow/.local/lib/python3.12/site-packages/airflow/example_dags/example_dynamic_task_mapping.py
[2024-10-07T14:51:30.393+0000] {processor.py:925} INFO - DAG(s) 'example_dynamic_task_mapping' retrieved from /home/airflow/.local/lib/python3.12/site-packages/airflow/example_dags/example_dynamic_task_mapping.py
[2024-10-07T14:51:30.413+0000] {logging_mixin.py:190} INFO - [2024-10-07T14:51:30.413+0000] {dag.py:3239} INFO - Sync 1 DAGs
[2024-10-07T14:51:30.430+0000] {logging_mixin.py:190} INFO - [2024-10-07T14:51:30.430+0000] {dag.py:4180} INFO - Setting next_dagrun for example_dynamic_task_mapping to None, run_after=None
[2024-10-07T14:51:30.450+0000] {processor.py:208} INFO - Processing /home/airflow/.local/lib/python3.12/site-packages/airflow/example_dags/example_dynamic_task_mapping.py took 0.078 seconds
[2024-10-07T14:52:01.534+0000] {processor.py:186} INFO - Started process (PID=1142) to work on /home/airflow/.local/lib/python3.12/site-packages/airflow/example_dags/example_dynamic_task_mapping.py
[2024-10-07T14:52:01.536+0000] {processor.py:914} INFO - Processing file /home/airflow/.local/lib/python3.12/site-packages/airflow/example_dags/example_dynamic_task_mapping.py for tasks to queue
[2024-10-07T14:52:01.539+0000] {logging_mixin.py:190} INFO - [2024-10-07T14:52:01.539+0000] {dagbag.py:588} INFO - Filling up the DagBag from /home/airflow/.local/lib/python3.12/site-packages/airflow/example_dags/example_dynamic_task_mapping.py
[2024-10-07T14:52:01.548+0000] {processor.py:925} INFO - DAG(s) 'example_dynamic_task_mapping' retrieved from /home/airflow/.local/lib/python3.12/site-packages/airflow/example_dags/example_dynamic_task_mapping.py
[2024-10-07T14:52:01.569+0000] {logging_mixin.py:190} INFO - [2024-10-07T14:52:01.568+0000] {dag.py:3239} INFO - Sync 1 DAGs
[2024-10-07T14:52:01.583+0000] {logging_mixin.py:190} INFO - [2024-10-07T14:52:01.583+0000] {dag.py:4180} INFO - Setting next_dagrun for example_dynamic_task_mapping to None, run_after=None
[2024-10-07T14:52:01.601+0000] {processor.py:208} INFO - Processing /home/airflow/.local/lib/python3.12/site-packages/airflow/example_dags/example_dynamic_task_mapping.py took 0.074 seconds
[2024-10-07T14:52:32.288+0000] {processor.py:186} INFO - Started process (PID=1204) to work on /home/airflow/.local/lib/python3.12/site-packages/airflow/example_dags/example_dynamic_task_mapping.py
[2024-10-07T14:52:32.290+0000] {processor.py:914} INFO - Processing file /home/airflow/.local/lib/python3.12/site-packages/airflow/example_dags/example_dynamic_task_mapping.py for tasks to queue
[2024-10-07T14:52:32.293+0000] {logging_mixin.py:190} INFO - [2024-10-07T14:52:32.293+0000] {dagbag.py:588} INFO - Filling up the DagBag from /home/airflow/.local/lib/python3.12/site-packages/airflow/example_dags/example_dynamic_task_mapping.py
[2024-10-07T14:52:32.302+0000] {processor.py:925} INFO - DAG(s) 'example_dynamic_task_mapping' retrieved from /home/airflow/.local/lib/python3.12/site-packages/airflow/example_dags/example_dynamic_task_mapping.py
[2024-10-07T14:52:32.321+0000] {logging_mixin.py:190} INFO - [2024-10-07T14:52:32.321+0000] {dag.py:3239} INFO - Sync 1 DAGs
[2024-10-07T14:52:32.336+0000] {logging_mixin.py:190} INFO - [2024-10-07T14:52:32.336+0000] {dag.py:4180} INFO - Setting next_dagrun for example_dynamic_task_mapping to None, run_after=None
[2024-10-07T14:52:32.355+0000] {processor.py:208} INFO - Processing /home/airflow/.local/lib/python3.12/site-packages/airflow/example_dags/example_dynamic_task_mapping.py took 0.072 seconds
[2024-10-07T14:53:02.715+0000] {processor.py:186} INFO - Started process (PID=1266) to work on /home/airflow/.local/lib/python3.12/site-packages/airflow/example_dags/example_dynamic_task_mapping.py
[2024-10-07T14:53:02.717+0000] {processor.py:914} INFO - Processing file /home/airflow/.local/lib/python3.12/site-packages/airflow/example_dags/example_dynamic_task_mapping.py for tasks to queue
[2024-10-07T14:53:02.720+0000] {logging_mixin.py:190} INFO - [2024-10-07T14:53:02.719+0000] {dagbag.py:588} INFO - Filling up the DagBag from /home/airflow/.local/lib/python3.12/site-packages/airflow/example_dags/example_dynamic_task_mapping.py
[2024-10-07T14:53:02.728+0000] {processor.py:925} INFO - DAG(s) 'example_dynamic_task_mapping' retrieved from /home/airflow/.local/lib/python3.12/site-packages/airflow/example_dags/example_dynamic_task_mapping.py
[2024-10-07T14:53:02.751+0000] {logging_mixin.py:190} INFO - [2024-10-07T14:53:02.751+0000] {dag.py:3239} INFO - Sync 1 DAGs
[2024-10-07T14:53:02.767+0000] {logging_mixin.py:190} INFO - [2024-10-07T14:53:02.766+0000] {dag.py:4180} INFO - Setting next_dagrun for example_dynamic_task_mapping to None, run_after=None
[2024-10-07T14:53:02.787+0000] {processor.py:208} INFO - Processing /home/airflow/.local/lib/python3.12/site-packages/airflow/example_dags/example_dynamic_task_mapping.py took 0.077 seconds
[2024-10-07T14:53:33.263+0000] {processor.py:186} INFO - Started process (PID=1329) to work on /home/airflow/.local/lib/python3.12/site-packages/airflow/example_dags/example_dynamic_task_mapping.py
[2024-10-07T14:53:33.265+0000] {processor.py:914} INFO - Processing file /home/airflow/.local/lib/python3.12/site-packages/airflow/example_dags/example_dynamic_task_mapping.py for tasks to queue
[2024-10-07T14:53:33.269+0000] {logging_mixin.py:190} INFO - [2024-10-07T14:53:33.269+0000] {dagbag.py:588} INFO - Filling up the DagBag from /home/airflow/.local/lib/python3.12/site-packages/airflow/example_dags/example_dynamic_task_mapping.py
[2024-10-07T14:53:33.279+0000] {processor.py:925} INFO - DAG(s) 'example_dynamic_task_mapping' retrieved from /home/airflow/.local/lib/python3.12/site-packages/airflow/example_dags/example_dynamic_task_mapping.py
[2024-10-07T14:53:33.300+0000] {logging_mixin.py:190} INFO - [2024-10-07T14:53:33.300+0000] {dag.py:3239} INFO - Sync 1 DAGs
[2024-10-07T14:53:33.315+0000] {logging_mixin.py:190} INFO - [2024-10-07T14:53:33.314+0000] {dag.py:4180} INFO - Setting next_dagrun for example_dynamic_task_mapping to None, run_after=None
[2024-10-07T14:53:33.335+0000] {processor.py:208} INFO - Processing /home/airflow/.local/lib/python3.12/site-packages/airflow/example_dags/example_dynamic_task_mapping.py took 0.083 seconds
