[2024-10-07T14:43:16.725+0000] {processor.py:186} INFO - Started process (PID=83) to work on /home/airflow/.local/lib/python3.12/site-packages/airflow/example_dags/example_external_task_marker_dag.py
[2024-10-07T14:43:16.727+0000] {processor.py:914} INFO - Processing file /home/airflow/.local/lib/python3.12/site-packages/airflow/example_dags/example_external_task_marker_dag.py for tasks to queue
[2024-10-07T14:43:16.735+0000] {logging_mixin.py:190} INFO - [2024-10-07T14:43:16.733+0000] {dagbag.py:588} INFO - Filling up the DagBag from /home/airflow/.local/lib/python3.12/site-packages/airflow/example_dags/example_external_task_marker_dag.py
[2024-10-07T14:43:16.759+0000] {processor.py:925} INFO - DAG(s) 'example_external_task_marker_child', 'example_external_task_marker_parent' retrieved from /home/airflow/.local/lib/python3.12/site-packages/airflow/example_dags/example_external_task_marker_dag.py
[2024-10-07T14:43:17.092+0000] {logging_mixin.py:190} INFO - [2024-10-07T14:43:17.089+0000] {override.py:1900} INFO - Created Permission View: can read on DAG:example_external_task_marker_child
[2024-10-07T14:43:17.118+0000] {logging_mixin.py:190} INFO - [2024-10-07T14:43:17.117+0000] {override.py:1900} INFO - Created Permission View: can delete on DAG:example_external_task_marker_child
[2024-10-07T14:43:17.134+0000] {logging_mixin.py:190} INFO - [2024-10-07T14:43:17.134+0000] {override.py:1900} INFO - Created Permission View: can edit on DAG:example_external_task_marker_child
[2024-10-07T14:43:17.151+0000] {logging_mixin.py:190} INFO - [2024-10-07T14:43:17.150+0000] {override.py:1900} INFO - Created Permission View: can read on DAG Run:example_external_task_marker_child
[2024-10-07T14:43:17.168+0000] {logging_mixin.py:190} INFO - [2024-10-07T14:43:17.167+0000] {override.py:1900} INFO - Created Permission View: can create on DAG Run:example_external_task_marker_child
[2024-10-07T14:43:17.183+0000] {logging_mixin.py:190} INFO - [2024-10-07T14:43:17.182+0000] {override.py:1900} INFO - Created Permission View: menu access on DAG Run:example_external_task_marker_child
[2024-10-07T14:43:17.200+0000] {logging_mixin.py:190} INFO - [2024-10-07T14:43:17.199+0000] {override.py:1900} INFO - Created Permission View: can delete on DAG Run:example_external_task_marker_child
[2024-10-07T14:43:17.231+0000] {logging_mixin.py:190} INFO - [2024-10-07T14:43:17.230+0000] {override.py:1900} INFO - Created Permission View: can read on DAG:example_external_task_marker_parent
[2024-10-07T14:43:17.247+0000] {logging_mixin.py:190} INFO - [2024-10-07T14:43:17.247+0000] {override.py:1900} INFO - Created Permission View: can delete on DAG:example_external_task_marker_parent
[2024-10-07T14:43:17.261+0000] {logging_mixin.py:190} INFO - [2024-10-07T14:43:17.260+0000] {override.py:1900} INFO - Created Permission View: can edit on DAG:example_external_task_marker_parent
[2024-10-07T14:43:17.275+0000] {logging_mixin.py:190} INFO - [2024-10-07T14:43:17.275+0000] {override.py:1900} INFO - Created Permission View: can read on DAG Run:example_external_task_marker_parent
[2024-10-07T14:43:17.287+0000] {logging_mixin.py:190} INFO - [2024-10-07T14:43:17.287+0000] {override.py:1900} INFO - Created Permission View: can create on DAG Run:example_external_task_marker_parent
[2024-10-07T14:43:17.301+0000] {logging_mixin.py:190} INFO - [2024-10-07T14:43:17.301+0000] {override.py:1900} INFO - Created Permission View: menu access on DAG Run:example_external_task_marker_parent
[2024-10-07T14:43:17.314+0000] {logging_mixin.py:190} INFO - [2024-10-07T14:43:17.314+0000] {override.py:1900} INFO - Created Permission View: can delete on DAG Run:example_external_task_marker_parent
[2024-10-07T14:43:17.315+0000] {logging_mixin.py:190} INFO - [2024-10-07T14:43:17.315+0000] {dag.py:3239} INFO - Sync 2 DAGs
[2024-10-07T14:43:17.414+0000] {logging_mixin.py:190} INFO - [2024-10-07T14:43:17.413+0000] {dag.py:3262} INFO - Creating ORM DAG for example_external_task_marker_child
[2024-10-07T14:43:17.416+0000] {logging_mixin.py:190} INFO - [2024-10-07T14:43:17.416+0000] {dag.py:3262} INFO - Creating ORM DAG for example_external_task_marker_parent
[2024-10-07T14:43:17.419+0000] {logging_mixin.py:190} INFO - [2024-10-07T14:43:17.419+0000] {dag.py:4180} INFO - Setting next_dagrun for example_external_task_marker_child to None, run_after=None
[2024-10-07T14:43:17.423+0000] {logging_mixin.py:190} INFO - [2024-10-07T14:43:17.422+0000] {dag.py:4180} INFO - Setting next_dagrun for example_external_task_marker_parent to None, run_after=None
[2024-10-07T14:43:17.458+0000] {processor.py:208} INFO - Processing /home/airflow/.local/lib/python3.12/site-packages/airflow/example_dags/example_external_task_marker_dag.py took 0.742 seconds
[2024-10-07T14:43:48.013+0000] {processor.py:186} INFO - Started process (PID=145) to work on /home/airflow/.local/lib/python3.12/site-packages/airflow/example_dags/example_external_task_marker_dag.py
[2024-10-07T14:43:48.015+0000] {processor.py:914} INFO - Processing file /home/airflow/.local/lib/python3.12/site-packages/airflow/example_dags/example_external_task_marker_dag.py for tasks to queue
[2024-10-07T14:43:48.019+0000] {logging_mixin.py:190} INFO - [2024-10-07T14:43:48.019+0000] {dagbag.py:588} INFO - Filling up the DagBag from /home/airflow/.local/lib/python3.12/site-packages/airflow/example_dags/example_external_task_marker_dag.py
[2024-10-07T14:43:48.032+0000] {processor.py:925} INFO - DAG(s) 'example_external_task_marker_child', 'example_external_task_marker_parent' retrieved from /home/airflow/.local/lib/python3.12/site-packages/airflow/example_dags/example_external_task_marker_dag.py
[2024-10-07T14:43:48.059+0000] {logging_mixin.py:190} INFO - [2024-10-07T14:43:48.058+0000] {dag.py:3239} INFO - Sync 2 DAGs
[2024-10-07T14:43:48.073+0000] {logging_mixin.py:190} INFO - [2024-10-07T14:43:48.073+0000] {dag.py:4180} INFO - Setting next_dagrun for example_external_task_marker_child to None, run_after=None
[2024-10-07T14:43:48.077+0000] {logging_mixin.py:190} INFO - [2024-10-07T14:43:48.077+0000] {dag.py:4180} INFO - Setting next_dagrun for example_external_task_marker_parent to None, run_after=None
[2024-10-07T14:43:48.095+0000] {processor.py:208} INFO - Processing /home/airflow/.local/lib/python3.12/site-packages/airflow/example_dags/example_external_task_marker_dag.py took 0.092 seconds
[2024-10-07T14:44:18.928+0000] {processor.py:186} INFO - Started process (PID=207) to work on /home/airflow/.local/lib/python3.12/site-packages/airflow/example_dags/example_external_task_marker_dag.py
[2024-10-07T14:44:18.930+0000] {processor.py:914} INFO - Processing file /home/airflow/.local/lib/python3.12/site-packages/airflow/example_dags/example_external_task_marker_dag.py for tasks to queue
[2024-10-07T14:44:18.933+0000] {logging_mixin.py:190} INFO - [2024-10-07T14:44:18.933+0000] {dagbag.py:588} INFO - Filling up the DagBag from /home/airflow/.local/lib/python3.12/site-packages/airflow/example_dags/example_external_task_marker_dag.py
[2024-10-07T14:44:18.942+0000] {processor.py:925} INFO - DAG(s) 'example_external_task_marker_parent', 'example_external_task_marker_child' retrieved from /home/airflow/.local/lib/python3.12/site-packages/airflow/example_dags/example_external_task_marker_dag.py
[2024-10-07T14:44:18.965+0000] {logging_mixin.py:190} INFO - [2024-10-07T14:44:18.965+0000] {dag.py:3239} INFO - Sync 2 DAGs
[2024-10-07T14:44:18.980+0000] {logging_mixin.py:190} INFO - [2024-10-07T14:44:18.979+0000] {dag.py:4180} INFO - Setting next_dagrun for example_external_task_marker_child to None, run_after=None
[2024-10-07T14:44:18.985+0000] {logging_mixin.py:190} INFO - [2024-10-07T14:44:18.984+0000] {dag.py:4180} INFO - Setting next_dagrun for example_external_task_marker_parent to None, run_after=None
[2024-10-07T14:44:19.000+0000] {processor.py:208} INFO - Processing /home/airflow/.local/lib/python3.12/site-packages/airflow/example_dags/example_external_task_marker_dag.py took 0.078 seconds
[2024-10-07T14:44:49.917+0000] {processor.py:186} INFO - Started process (PID=269) to work on /home/airflow/.local/lib/python3.12/site-packages/airflow/example_dags/example_external_task_marker_dag.py
[2024-10-07T14:44:49.919+0000] {processor.py:914} INFO - Processing file /home/airflow/.local/lib/python3.12/site-packages/airflow/example_dags/example_external_task_marker_dag.py for tasks to queue
[2024-10-07T14:44:49.923+0000] {logging_mixin.py:190} INFO - [2024-10-07T14:44:49.923+0000] {dagbag.py:588} INFO - Filling up the DagBag from /home/airflow/.local/lib/python3.12/site-packages/airflow/example_dags/example_external_task_marker_dag.py
[2024-10-07T14:44:49.933+0000] {processor.py:925} INFO - DAG(s) 'example_external_task_marker_child', 'example_external_task_marker_parent' retrieved from /home/airflow/.local/lib/python3.12/site-packages/airflow/example_dags/example_external_task_marker_dag.py
[2024-10-07T14:44:49.957+0000] {logging_mixin.py:190} INFO - [2024-10-07T14:44:49.957+0000] {dag.py:3239} INFO - Sync 2 DAGs
[2024-10-07T14:44:49.972+0000] {logging_mixin.py:190} INFO - [2024-10-07T14:44:49.972+0000] {dag.py:4180} INFO - Setting next_dagrun for example_external_task_marker_child to None, run_after=None
[2024-10-07T14:44:49.977+0000] {logging_mixin.py:190} INFO - [2024-10-07T14:44:49.976+0000] {dag.py:4180} INFO - Setting next_dagrun for example_external_task_marker_parent to None, run_after=None
[2024-10-07T14:44:49.996+0000] {processor.py:208} INFO - Processing /home/airflow/.local/lib/python3.12/site-packages/airflow/example_dags/example_external_task_marker_dag.py took 0.086 seconds
[2024-10-07T14:45:20.665+0000] {processor.py:186} INFO - Started process (PID=330) to work on /home/airflow/.local/lib/python3.12/site-packages/airflow/example_dags/example_external_task_marker_dag.py
[2024-10-07T14:45:20.666+0000] {processor.py:914} INFO - Processing file /home/airflow/.local/lib/python3.12/site-packages/airflow/example_dags/example_external_task_marker_dag.py for tasks to queue
[2024-10-07T14:45:20.670+0000] {logging_mixin.py:190} INFO - [2024-10-07T14:45:20.669+0000] {dagbag.py:588} INFO - Filling up the DagBag from /home/airflow/.local/lib/python3.12/site-packages/airflow/example_dags/example_external_task_marker_dag.py
[2024-10-07T14:45:20.679+0000] {processor.py:925} INFO - DAG(s) 'example_external_task_marker_child', 'example_external_task_marker_parent' retrieved from /home/airflow/.local/lib/python3.12/site-packages/airflow/example_dags/example_external_task_marker_dag.py
[2024-10-07T14:45:20.704+0000] {logging_mixin.py:190} INFO - [2024-10-07T14:45:20.704+0000] {dag.py:3239} INFO - Sync 2 DAGs
[2024-10-07T14:45:20.723+0000] {logging_mixin.py:190} INFO - [2024-10-07T14:45:20.723+0000] {dag.py:4180} INFO - Setting next_dagrun for example_external_task_marker_child to None, run_after=None
[2024-10-07T14:45:20.728+0000] {logging_mixin.py:190} INFO - [2024-10-07T14:45:20.728+0000] {dag.py:4180} INFO - Setting next_dagrun for example_external_task_marker_parent to None, run_after=None
[2024-10-07T14:45:20.749+0000] {processor.py:208} INFO - Processing /home/airflow/.local/lib/python3.12/site-packages/airflow/example_dags/example_external_task_marker_dag.py took 0.092 seconds
[2024-10-07T14:45:50.890+0000] {processor.py:186} INFO - Started process (PID=393) to work on /home/airflow/.local/lib/python3.12/site-packages/airflow/example_dags/example_external_task_marker_dag.py
[2024-10-07T14:45:50.892+0000] {processor.py:914} INFO - Processing file /home/airflow/.local/lib/python3.12/site-packages/airflow/example_dags/example_external_task_marker_dag.py for tasks to queue
[2024-10-07T14:45:50.895+0000] {logging_mixin.py:190} INFO - [2024-10-07T14:45:50.895+0000] {dagbag.py:588} INFO - Filling up the DagBag from /home/airflow/.local/lib/python3.12/site-packages/airflow/example_dags/example_external_task_marker_dag.py
[2024-10-07T14:45:50.907+0000] {processor.py:925} INFO - DAG(s) 'example_external_task_marker_child', 'example_external_task_marker_parent' retrieved from /home/airflow/.local/lib/python3.12/site-packages/airflow/example_dags/example_external_task_marker_dag.py
[2024-10-07T14:45:50.935+0000] {logging_mixin.py:190} INFO - [2024-10-07T14:45:50.935+0000] {dag.py:3239} INFO - Sync 2 DAGs
[2024-10-07T14:45:50.952+0000] {logging_mixin.py:190} INFO - [2024-10-07T14:45:50.951+0000] {dag.py:4180} INFO - Setting next_dagrun for example_external_task_marker_child to None, run_after=None
[2024-10-07T14:45:50.958+0000] {logging_mixin.py:190} INFO - [2024-10-07T14:45:50.957+0000] {dag.py:4180} INFO - Setting next_dagrun for example_external_task_marker_parent to None, run_after=None
[2024-10-07T14:45:50.979+0000] {processor.py:208} INFO - Processing /home/airflow/.local/lib/python3.12/site-packages/airflow/example_dags/example_external_task_marker_dag.py took 0.096 seconds
[2024-10-07T14:46:21.827+0000] {processor.py:186} INFO - Started process (PID=455) to work on /home/airflow/.local/lib/python3.12/site-packages/airflow/example_dags/example_external_task_marker_dag.py
[2024-10-07T14:46:21.829+0000] {processor.py:914} INFO - Processing file /home/airflow/.local/lib/python3.12/site-packages/airflow/example_dags/example_external_task_marker_dag.py for tasks to queue
[2024-10-07T14:46:21.837+0000] {logging_mixin.py:190} INFO - [2024-10-07T14:46:21.835+0000] {dagbag.py:588} INFO - Filling up the DagBag from /home/airflow/.local/lib/python3.12/site-packages/airflow/example_dags/example_external_task_marker_dag.py
[2024-10-07T14:46:21.864+0000] {processor.py:925} INFO - DAG(s) 'example_external_task_marker_child', 'example_external_task_marker_parent' retrieved from /home/airflow/.local/lib/python3.12/site-packages/airflow/example_dags/example_external_task_marker_dag.py
[2024-10-07T14:46:21.925+0000] {logging_mixin.py:190} INFO - [2024-10-07T14:46:21.925+0000] {dag.py:3239} INFO - Sync 2 DAGs
[2024-10-07T14:46:21.965+0000] {logging_mixin.py:190} INFO - [2024-10-07T14:46:21.965+0000] {dag.py:4180} INFO - Setting next_dagrun for example_external_task_marker_child to None, run_after=None
[2024-10-07T14:46:21.973+0000] {logging_mixin.py:190} INFO - [2024-10-07T14:46:21.972+0000] {dag.py:4180} INFO - Setting next_dagrun for example_external_task_marker_parent to None, run_after=None
[2024-10-07T14:46:22.000+0000] {processor.py:208} INFO - Processing /home/airflow/.local/lib/python3.12/site-packages/airflow/example_dags/example_external_task_marker_dag.py took 0.180 seconds
[2024-10-07T14:46:52.096+0000] {processor.py:186} INFO - Started process (PID=516) to work on /home/airflow/.local/lib/python3.12/site-packages/airflow/example_dags/example_external_task_marker_dag.py
[2024-10-07T14:46:52.098+0000] {processor.py:914} INFO - Processing file /home/airflow/.local/lib/python3.12/site-packages/airflow/example_dags/example_external_task_marker_dag.py for tasks to queue
[2024-10-07T14:46:52.101+0000] {logging_mixin.py:190} INFO - [2024-10-07T14:46:52.100+0000] {dagbag.py:588} INFO - Filling up the DagBag from /home/airflow/.local/lib/python3.12/site-packages/airflow/example_dags/example_external_task_marker_dag.py
[2024-10-07T14:46:52.109+0000] {processor.py:925} INFO - DAG(s) 'example_external_task_marker_parent', 'example_external_task_marker_child' retrieved from /home/airflow/.local/lib/python3.12/site-packages/airflow/example_dags/example_external_task_marker_dag.py
[2024-10-07T14:46:52.139+0000] {logging_mixin.py:190} INFO - [2024-10-07T14:46:52.138+0000] {dag.py:3239} INFO - Sync 2 DAGs
[2024-10-07T14:46:52.155+0000] {logging_mixin.py:190} INFO - [2024-10-07T14:46:52.154+0000] {dag.py:4180} INFO - Setting next_dagrun for example_external_task_marker_child to None, run_after=None
[2024-10-07T14:46:52.159+0000] {logging_mixin.py:190} INFO - [2024-10-07T14:46:52.159+0000] {dag.py:4180} INFO - Setting next_dagrun for example_external_task_marker_parent to None, run_after=None
[2024-10-07T14:46:52.179+0000] {processor.py:208} INFO - Processing /home/airflow/.local/lib/python3.12/site-packages/airflow/example_dags/example_external_task_marker_dag.py took 0.089 seconds
[2024-10-07T14:47:22.675+0000] {processor.py:186} INFO - Started process (PID=579) to work on /home/airflow/.local/lib/python3.12/site-packages/airflow/example_dags/example_external_task_marker_dag.py
[2024-10-07T14:47:22.677+0000] {processor.py:914} INFO - Processing file /home/airflow/.local/lib/python3.12/site-packages/airflow/example_dags/example_external_task_marker_dag.py for tasks to queue
[2024-10-07T14:47:22.681+0000] {logging_mixin.py:190} INFO - [2024-10-07T14:47:22.680+0000] {dagbag.py:588} INFO - Filling up the DagBag from /home/airflow/.local/lib/python3.12/site-packages/airflow/example_dags/example_external_task_marker_dag.py
[2024-10-07T14:47:22.692+0000] {processor.py:925} INFO - DAG(s) 'example_external_task_marker_child', 'example_external_task_marker_parent' retrieved from /home/airflow/.local/lib/python3.12/site-packages/airflow/example_dags/example_external_task_marker_dag.py
[2024-10-07T14:47:22.717+0000] {logging_mixin.py:190} INFO - [2024-10-07T14:47:22.716+0000] {dag.py:3239} INFO - Sync 2 DAGs
[2024-10-07T14:47:22.732+0000] {logging_mixin.py:190} INFO - [2024-10-07T14:47:22.731+0000] {dag.py:4180} INFO - Setting next_dagrun for example_external_task_marker_child to None, run_after=None
[2024-10-07T14:47:22.736+0000] {logging_mixin.py:190} INFO - [2024-10-07T14:47:22.736+0000] {dag.py:4180} INFO - Setting next_dagrun for example_external_task_marker_parent to None, run_after=None
[2024-10-07T14:47:22.756+0000] {processor.py:208} INFO - Processing /home/airflow/.local/lib/python3.12/site-packages/airflow/example_dags/example_external_task_marker_dag.py took 0.089 seconds
[2024-10-07T14:47:53.006+0000] {processor.py:186} INFO - Started process (PID=641) to work on /home/airflow/.local/lib/python3.12/site-packages/airflow/example_dags/example_external_task_marker_dag.py
[2024-10-07T14:47:53.008+0000] {processor.py:914} INFO - Processing file /home/airflow/.local/lib/python3.12/site-packages/airflow/example_dags/example_external_task_marker_dag.py for tasks to queue
[2024-10-07T14:47:53.011+0000] {logging_mixin.py:190} INFO - [2024-10-07T14:47:53.010+0000] {dagbag.py:588} INFO - Filling up the DagBag from /home/airflow/.local/lib/python3.12/site-packages/airflow/example_dags/example_external_task_marker_dag.py
[2024-10-07T14:47:53.018+0000] {processor.py:925} INFO - DAG(s) 'example_external_task_marker_child', 'example_external_task_marker_parent' retrieved from /home/airflow/.local/lib/python3.12/site-packages/airflow/example_dags/example_external_task_marker_dag.py
[2024-10-07T14:47:53.042+0000] {logging_mixin.py:190} INFO - [2024-10-07T14:47:53.042+0000] {dag.py:3239} INFO - Sync 2 DAGs
[2024-10-07T14:47:53.057+0000] {logging_mixin.py:190} INFO - [2024-10-07T14:47:53.057+0000] {dag.py:4180} INFO - Setting next_dagrun for example_external_task_marker_child to None, run_after=None
[2024-10-07T14:47:53.061+0000] {logging_mixin.py:190} INFO - [2024-10-07T14:47:53.061+0000] {dag.py:4180} INFO - Setting next_dagrun for example_external_task_marker_parent to None, run_after=None
[2024-10-07T14:47:53.078+0000] {processor.py:208} INFO - Processing /home/airflow/.local/lib/python3.12/site-packages/airflow/example_dags/example_external_task_marker_dag.py took 0.079 seconds
[2024-10-07T14:48:23.833+0000] {processor.py:186} INFO - Started process (PID=703) to work on /home/airflow/.local/lib/python3.12/site-packages/airflow/example_dags/example_external_task_marker_dag.py
[2024-10-07T14:48:23.836+0000] {processor.py:914} INFO - Processing file /home/airflow/.local/lib/python3.12/site-packages/airflow/example_dags/example_external_task_marker_dag.py for tasks to queue
[2024-10-07T14:48:23.841+0000] {logging_mixin.py:190} INFO - [2024-10-07T14:48:23.840+0000] {dagbag.py:588} INFO - Filling up the DagBag from /home/airflow/.local/lib/python3.12/site-packages/airflow/example_dags/example_external_task_marker_dag.py
[2024-10-07T14:48:23.856+0000] {processor.py:925} INFO - DAG(s) 'example_external_task_marker_child', 'example_external_task_marker_parent' retrieved from /home/airflow/.local/lib/python3.12/site-packages/airflow/example_dags/example_external_task_marker_dag.py
[2024-10-07T14:48:23.893+0000] {logging_mixin.py:190} INFO - [2024-10-07T14:48:23.893+0000] {dag.py:3239} INFO - Sync 2 DAGs
[2024-10-07T14:48:23.908+0000] {logging_mixin.py:190} INFO - [2024-10-07T14:48:23.908+0000] {dag.py:4180} INFO - Setting next_dagrun for example_external_task_marker_child to None, run_after=None
[2024-10-07T14:48:23.913+0000] {logging_mixin.py:190} INFO - [2024-10-07T14:48:23.913+0000] {dag.py:4180} INFO - Setting next_dagrun for example_external_task_marker_parent to None, run_after=None
[2024-10-07T14:48:23.932+0000] {processor.py:208} INFO - Processing /home/airflow/.local/lib/python3.12/site-packages/airflow/example_dags/example_external_task_marker_dag.py took 0.108 seconds
[2024-10-07T14:48:54.083+0000] {processor.py:186} INFO - Started process (PID=765) to work on /home/airflow/.local/lib/python3.12/site-packages/airflow/example_dags/example_external_task_marker_dag.py
[2024-10-07T14:48:54.085+0000] {processor.py:914} INFO - Processing file /home/airflow/.local/lib/python3.12/site-packages/airflow/example_dags/example_external_task_marker_dag.py for tasks to queue
[2024-10-07T14:48:54.088+0000] {logging_mixin.py:190} INFO - [2024-10-07T14:48:54.087+0000] {dagbag.py:588} INFO - Filling up the DagBag from /home/airflow/.local/lib/python3.12/site-packages/airflow/example_dags/example_external_task_marker_dag.py
[2024-10-07T14:48:54.098+0000] {processor.py:925} INFO - DAG(s) 'example_external_task_marker_parent', 'example_external_task_marker_child' retrieved from /home/airflow/.local/lib/python3.12/site-packages/airflow/example_dags/example_external_task_marker_dag.py
[2024-10-07T14:48:54.122+0000] {logging_mixin.py:190} INFO - [2024-10-07T14:48:54.122+0000] {dag.py:3239} INFO - Sync 2 DAGs
[2024-10-07T14:48:54.138+0000] {logging_mixin.py:190} INFO - [2024-10-07T14:48:54.138+0000] {dag.py:4180} INFO - Setting next_dagrun for example_external_task_marker_child to None, run_after=None
[2024-10-07T14:48:54.143+0000] {logging_mixin.py:190} INFO - [2024-10-07T14:48:54.143+0000] {dag.py:4180} INFO - Setting next_dagrun for example_external_task_marker_parent to None, run_after=None
[2024-10-07T14:48:54.162+0000] {processor.py:208} INFO - Processing /home/airflow/.local/lib/python3.12/site-packages/airflow/example_dags/example_external_task_marker_dag.py took 0.088 seconds
[2024-10-07T14:49:24.280+0000] {processor.py:186} INFO - Started process (PID=827) to work on /home/airflow/.local/lib/python3.12/site-packages/airflow/example_dags/example_external_task_marker_dag.py
[2024-10-07T14:49:24.282+0000] {processor.py:914} INFO - Processing file /home/airflow/.local/lib/python3.12/site-packages/airflow/example_dags/example_external_task_marker_dag.py for tasks to queue
[2024-10-07T14:49:24.286+0000] {logging_mixin.py:190} INFO - [2024-10-07T14:49:24.286+0000] {dagbag.py:588} INFO - Filling up the DagBag from /home/airflow/.local/lib/python3.12/site-packages/airflow/example_dags/example_external_task_marker_dag.py
[2024-10-07T14:49:24.296+0000] {processor.py:925} INFO - DAG(s) 'example_external_task_marker_child', 'example_external_task_marker_parent' retrieved from /home/airflow/.local/lib/python3.12/site-packages/airflow/example_dags/example_external_task_marker_dag.py
[2024-10-07T14:49:24.323+0000] {logging_mixin.py:190} INFO - [2024-10-07T14:49:24.322+0000] {dag.py:3239} INFO - Sync 2 DAGs
[2024-10-07T14:49:24.337+0000] {logging_mixin.py:190} INFO - [2024-10-07T14:49:24.337+0000] {dag.py:4180} INFO - Setting next_dagrun for example_external_task_marker_child to None, run_after=None
[2024-10-07T14:49:24.343+0000] {logging_mixin.py:190} INFO - [2024-10-07T14:49:24.342+0000] {dag.py:4180} INFO - Setting next_dagrun for example_external_task_marker_parent to None, run_after=None
[2024-10-07T14:49:24.362+0000] {processor.py:208} INFO - Processing /home/airflow/.local/lib/python3.12/site-packages/airflow/example_dags/example_external_task_marker_dag.py took 0.093 seconds
[2024-10-07T14:49:54.781+0000] {processor.py:186} INFO - Started process (PID=889) to work on /home/airflow/.local/lib/python3.12/site-packages/airflow/example_dags/example_external_task_marker_dag.py
[2024-10-07T14:49:54.783+0000] {processor.py:914} INFO - Processing file /home/airflow/.local/lib/python3.12/site-packages/airflow/example_dags/example_external_task_marker_dag.py for tasks to queue
[2024-10-07T14:49:54.787+0000] {logging_mixin.py:190} INFO - [2024-10-07T14:49:54.787+0000] {dagbag.py:588} INFO - Filling up the DagBag from /home/airflow/.local/lib/python3.12/site-packages/airflow/example_dags/example_external_task_marker_dag.py
[2024-10-07T14:49:54.797+0000] {processor.py:925} INFO - DAG(s) 'example_external_task_marker_child', 'example_external_task_marker_parent' retrieved from /home/airflow/.local/lib/python3.12/site-packages/airflow/example_dags/example_external_task_marker_dag.py
[2024-10-07T14:49:54.828+0000] {logging_mixin.py:190} INFO - [2024-10-07T14:49:54.828+0000] {dag.py:3239} INFO - Sync 2 DAGs
[2024-10-07T14:49:54.846+0000] {logging_mixin.py:190} INFO - [2024-10-07T14:49:54.846+0000] {dag.py:4180} INFO - Setting next_dagrun for example_external_task_marker_child to None, run_after=None
[2024-10-07T14:49:54.852+0000] {logging_mixin.py:190} INFO - [2024-10-07T14:49:54.851+0000] {dag.py:4180} INFO - Setting next_dagrun for example_external_task_marker_parent to None, run_after=None
[2024-10-07T14:49:54.875+0000] {processor.py:208} INFO - Processing /home/airflow/.local/lib/python3.12/site-packages/airflow/example_dags/example_external_task_marker_dag.py took 0.099 seconds
[2024-10-07T14:50:25.013+0000] {processor.py:186} INFO - Started process (PID=951) to work on /home/airflow/.local/lib/python3.12/site-packages/airflow/example_dags/example_external_task_marker_dag.py
[2024-10-07T14:50:25.016+0000] {processor.py:914} INFO - Processing file /home/airflow/.local/lib/python3.12/site-packages/airflow/example_dags/example_external_task_marker_dag.py for tasks to queue
[2024-10-07T14:50:25.019+0000] {logging_mixin.py:190} INFO - [2024-10-07T14:50:25.019+0000] {dagbag.py:588} INFO - Filling up the DagBag from /home/airflow/.local/lib/python3.12/site-packages/airflow/example_dags/example_external_task_marker_dag.py
[2024-10-07T14:50:25.028+0000] {processor.py:925} INFO - DAG(s) 'example_external_task_marker_parent', 'example_external_task_marker_child' retrieved from /home/airflow/.local/lib/python3.12/site-packages/airflow/example_dags/example_external_task_marker_dag.py
[2024-10-07T14:50:25.054+0000] {logging_mixin.py:190} INFO - [2024-10-07T14:50:25.054+0000] {dag.py:3239} INFO - Sync 2 DAGs
[2024-10-07T14:50:25.071+0000] {logging_mixin.py:190} INFO - [2024-10-07T14:50:25.071+0000] {dag.py:4180} INFO - Setting next_dagrun for example_external_task_marker_child to None, run_after=None
[2024-10-07T14:50:25.077+0000] {logging_mixin.py:190} INFO - [2024-10-07T14:50:25.076+0000] {dag.py:4180} INFO - Setting next_dagrun for example_external_task_marker_parent to None, run_after=None
[2024-10-07T14:50:25.096+0000] {processor.py:208} INFO - Processing /home/airflow/.local/lib/python3.12/site-packages/airflow/example_dags/example_external_task_marker_dag.py took 0.091 seconds
[2024-10-07T14:50:55.203+0000] {processor.py:186} INFO - Started process (PID=1013) to work on /home/airflow/.local/lib/python3.12/site-packages/airflow/example_dags/example_external_task_marker_dag.py
[2024-10-07T14:50:55.205+0000] {processor.py:914} INFO - Processing file /home/airflow/.local/lib/python3.12/site-packages/airflow/example_dags/example_external_task_marker_dag.py for tasks to queue
[2024-10-07T14:50:55.208+0000] {logging_mixin.py:190} INFO - [2024-10-07T14:50:55.208+0000] {dagbag.py:588} INFO - Filling up the DagBag from /home/airflow/.local/lib/python3.12/site-packages/airflow/example_dags/example_external_task_marker_dag.py
[2024-10-07T14:50:55.217+0000] {processor.py:925} INFO - DAG(s) 'example_external_task_marker_parent', 'example_external_task_marker_child' retrieved from /home/airflow/.local/lib/python3.12/site-packages/airflow/example_dags/example_external_task_marker_dag.py
[2024-10-07T14:50:55.247+0000] {logging_mixin.py:190} INFO - [2024-10-07T14:50:55.247+0000] {dag.py:3239} INFO - Sync 2 DAGs
[2024-10-07T14:50:55.262+0000] {logging_mixin.py:190} INFO - [2024-10-07T14:50:55.262+0000] {dag.py:4180} INFO - Setting next_dagrun for example_external_task_marker_child to None, run_after=None
[2024-10-07T14:50:55.267+0000] {logging_mixin.py:190} INFO - [2024-10-07T14:50:55.267+0000] {dag.py:4180} INFO - Setting next_dagrun for example_external_task_marker_parent to None, run_after=None
[2024-10-07T14:50:55.283+0000] {processor.py:208} INFO - Processing /home/airflow/.local/lib/python3.12/site-packages/airflow/example_dags/example_external_task_marker_dag.py took 0.087 seconds
[2024-10-07T14:51:25.535+0000] {processor.py:186} INFO - Started process (PID=1075) to work on /home/airflow/.local/lib/python3.12/site-packages/airflow/example_dags/example_external_task_marker_dag.py
[2024-10-07T14:51:25.537+0000] {processor.py:914} INFO - Processing file /home/airflow/.local/lib/python3.12/site-packages/airflow/example_dags/example_external_task_marker_dag.py for tasks to queue
[2024-10-07T14:51:25.540+0000] {logging_mixin.py:190} INFO - [2024-10-07T14:51:25.539+0000] {dagbag.py:588} INFO - Filling up the DagBag from /home/airflow/.local/lib/python3.12/site-packages/airflow/example_dags/example_external_task_marker_dag.py
[2024-10-07T14:51:25.549+0000] {processor.py:925} INFO - DAG(s) 'example_external_task_marker_child', 'example_external_task_marker_parent' retrieved from /home/airflow/.local/lib/python3.12/site-packages/airflow/example_dags/example_external_task_marker_dag.py
[2024-10-07T14:51:25.575+0000] {logging_mixin.py:190} INFO - [2024-10-07T14:51:25.574+0000] {dag.py:3239} INFO - Sync 2 DAGs
[2024-10-07T14:51:25.590+0000] {logging_mixin.py:190} INFO - [2024-10-07T14:51:25.590+0000] {dag.py:4180} INFO - Setting next_dagrun for example_external_task_marker_child to None, run_after=None
[2024-10-07T14:51:25.595+0000] {logging_mixin.py:190} INFO - [2024-10-07T14:51:25.594+0000] {dag.py:4180} INFO - Setting next_dagrun for example_external_task_marker_parent to None, run_after=None
[2024-10-07T14:51:25.616+0000] {processor.py:208} INFO - Processing /home/airflow/.local/lib/python3.12/site-packages/airflow/example_dags/example_external_task_marker_dag.py took 0.089 seconds
[2024-10-07T14:51:55.770+0000] {processor.py:186} INFO - Started process (PID=1137) to work on /home/airflow/.local/lib/python3.12/site-packages/airflow/example_dags/example_external_task_marker_dag.py
[2024-10-07T14:51:55.772+0000] {processor.py:914} INFO - Processing file /home/airflow/.local/lib/python3.12/site-packages/airflow/example_dags/example_external_task_marker_dag.py for tasks to queue
[2024-10-07T14:51:55.776+0000] {logging_mixin.py:190} INFO - [2024-10-07T14:51:55.775+0000] {dagbag.py:588} INFO - Filling up the DagBag from /home/airflow/.local/lib/python3.12/site-packages/airflow/example_dags/example_external_task_marker_dag.py
[2024-10-07T14:51:55.784+0000] {processor.py:925} INFO - DAG(s) 'example_external_task_marker_parent', 'example_external_task_marker_child' retrieved from /home/airflow/.local/lib/python3.12/site-packages/airflow/example_dags/example_external_task_marker_dag.py
[2024-10-07T14:51:55.809+0000] {logging_mixin.py:190} INFO - [2024-10-07T14:51:55.809+0000] {dag.py:3239} INFO - Sync 2 DAGs
[2024-10-07T14:51:55.825+0000] {logging_mixin.py:190} INFO - [2024-10-07T14:51:55.825+0000] {dag.py:4180} INFO - Setting next_dagrun for example_external_task_marker_child to None, run_after=None
[2024-10-07T14:51:55.830+0000] {logging_mixin.py:190} INFO - [2024-10-07T14:51:55.829+0000] {dag.py:4180} INFO - Setting next_dagrun for example_external_task_marker_parent to None, run_after=None
[2024-10-07T14:51:55.847+0000] {processor.py:208} INFO - Processing /home/airflow/.local/lib/python3.12/site-packages/airflow/example_dags/example_external_task_marker_dag.py took 0.083 seconds
[2024-10-07T14:52:26.572+0000] {processor.py:186} INFO - Started process (PID=1199) to work on /home/airflow/.local/lib/python3.12/site-packages/airflow/example_dags/example_external_task_marker_dag.py
[2024-10-07T14:52:26.574+0000] {processor.py:914} INFO - Processing file /home/airflow/.local/lib/python3.12/site-packages/airflow/example_dags/example_external_task_marker_dag.py for tasks to queue
[2024-10-07T14:52:26.577+0000] {logging_mixin.py:190} INFO - [2024-10-07T14:52:26.577+0000] {dagbag.py:588} INFO - Filling up the DagBag from /home/airflow/.local/lib/python3.12/site-packages/airflow/example_dags/example_external_task_marker_dag.py
[2024-10-07T14:52:26.586+0000] {processor.py:925} INFO - DAG(s) 'example_external_task_marker_parent', 'example_external_task_marker_child' retrieved from /home/airflow/.local/lib/python3.12/site-packages/airflow/example_dags/example_external_task_marker_dag.py
[2024-10-07T14:52:26.614+0000] {logging_mixin.py:190} INFO - [2024-10-07T14:52:26.614+0000] {dag.py:3239} INFO - Sync 2 DAGs
[2024-10-07T14:52:26.628+0000] {logging_mixin.py:190} INFO - [2024-10-07T14:52:26.628+0000] {dag.py:4180} INFO - Setting next_dagrun for example_external_task_marker_child to None, run_after=None
[2024-10-07T14:52:26.633+0000] {logging_mixin.py:190} INFO - [2024-10-07T14:52:26.632+0000] {dag.py:4180} INFO - Setting next_dagrun for example_external_task_marker_parent to None, run_after=None
[2024-10-07T14:52:26.651+0000] {processor.py:208} INFO - Processing /home/airflow/.local/lib/python3.12/site-packages/airflow/example_dags/example_external_task_marker_dag.py took 0.086 seconds
[2024-10-07T14:52:56.977+0000] {processor.py:186} INFO - Started process (PID=1261) to work on /home/airflow/.local/lib/python3.12/site-packages/airflow/example_dags/example_external_task_marker_dag.py
[2024-10-07T14:52:56.978+0000] {processor.py:914} INFO - Processing file /home/airflow/.local/lib/python3.12/site-packages/airflow/example_dags/example_external_task_marker_dag.py for tasks to queue
[2024-10-07T14:52:56.981+0000] {logging_mixin.py:190} INFO - [2024-10-07T14:52:56.981+0000] {dagbag.py:588} INFO - Filling up the DagBag from /home/airflow/.local/lib/python3.12/site-packages/airflow/example_dags/example_external_task_marker_dag.py
[2024-10-07T14:52:56.991+0000] {processor.py:925} INFO - DAG(s) 'example_external_task_marker_parent', 'example_external_task_marker_child' retrieved from /home/airflow/.local/lib/python3.12/site-packages/airflow/example_dags/example_external_task_marker_dag.py
[2024-10-07T14:52:57.017+0000] {logging_mixin.py:190} INFO - [2024-10-07T14:52:57.016+0000] {dag.py:3239} INFO - Sync 2 DAGs
[2024-10-07T14:52:57.031+0000] {logging_mixin.py:190} INFO - [2024-10-07T14:52:57.031+0000] {dag.py:4180} INFO - Setting next_dagrun for example_external_task_marker_child to None, run_after=None
[2024-10-07T14:52:57.036+0000] {logging_mixin.py:190} INFO - [2024-10-07T14:52:57.036+0000] {dag.py:4180} INFO - Setting next_dagrun for example_external_task_marker_parent to None, run_after=None
[2024-10-07T14:52:57.054+0000] {processor.py:208} INFO - Processing /home/airflow/.local/lib/python3.12/site-packages/airflow/example_dags/example_external_task_marker_dag.py took 0.083 seconds
[2024-10-07T14:53:27.475+0000] {processor.py:186} INFO - Started process (PID=1324) to work on /home/airflow/.local/lib/python3.12/site-packages/airflow/example_dags/example_external_task_marker_dag.py
[2024-10-07T14:53:27.485+0000] {processor.py:914} INFO - Processing file /home/airflow/.local/lib/python3.12/site-packages/airflow/example_dags/example_external_task_marker_dag.py for tasks to queue
[2024-10-07T14:53:27.490+0000] {logging_mixin.py:190} INFO - [2024-10-07T14:53:27.490+0000] {dagbag.py:588} INFO - Filling up the DagBag from /home/airflow/.local/lib/python3.12/site-packages/airflow/example_dags/example_external_task_marker_dag.py
[2024-10-07T14:53:27.507+0000] {processor.py:925} INFO - DAG(s) 'example_external_task_marker_child', 'example_external_task_marker_parent' retrieved from /home/airflow/.local/lib/python3.12/site-packages/airflow/example_dags/example_external_task_marker_dag.py
[2024-10-07T14:53:27.550+0000] {logging_mixin.py:190} INFO - [2024-10-07T14:53:27.550+0000] {dag.py:3239} INFO - Sync 2 DAGs
[2024-10-07T14:53:27.565+0000] {logging_mixin.py:190} INFO - [2024-10-07T14:53:27.565+0000] {dag.py:4180} INFO - Setting next_dagrun for example_external_task_marker_child to None, run_after=None
[2024-10-07T14:53:27.570+0000] {logging_mixin.py:190} INFO - [2024-10-07T14:53:27.569+0000] {dag.py:4180} INFO - Setting next_dagrun for example_external_task_marker_parent to None, run_after=None
[2024-10-07T14:53:27.593+0000] {processor.py:208} INFO - Processing /home/airflow/.local/lib/python3.12/site-packages/airflow/example_dags/example_external_task_marker_dag.py took 0.128 seconds
