[2024-10-07T14:43:31.128+0000] {processor.py:186} INFO - Started process (PID=126) to work on /home/airflow/.local/lib/python3.12/site-packages/airflow/example_dags/example_skip_dag.py
[2024-10-07T14:43:31.132+0000] {processor.py:914} INFO - Processing file /home/airflow/.local/lib/python3.12/site-packages/airflow/example_dags/example_skip_dag.py for tasks to queue
[2024-10-07T14:43:31.139+0000] {logging_mixin.py:190} INFO - [2024-10-07T14:43:31.139+0000] {dagbag.py:588} INFO - Filling up the DagBag from /home/airflow/.local/lib/python3.12/site-packages/airflow/example_dags/example_skip_dag.py
[2024-10-07T14:43:31.163+0000] {processor.py:925} INFO - DAG(s) 'example_skip_dag' retrieved from /home/airflow/.local/lib/python3.12/site-packages/airflow/example_dags/example_skip_dag.py
[2024-10-07T14:43:31.452+0000] {logging_mixin.py:190} INFO - [2024-10-07T14:43:31.451+0000] {override.py:1900} INFO - Created Permission View: can read on DAG:example_skip_dag
[2024-10-07T14:43:31.483+0000] {logging_mixin.py:190} INFO - [2024-10-07T14:43:31.482+0000] {override.py:1900} INFO - Created Permission View: can delete on DAG:example_skip_dag
[2024-10-07T14:43:31.506+0000] {logging_mixin.py:190} INFO - [2024-10-07T14:43:31.505+0000] {override.py:1900} INFO - Created Permission View: can edit on DAG:example_skip_dag
[2024-10-07T14:43:31.528+0000] {logging_mixin.py:190} INFO - [2024-10-07T14:43:31.527+0000] {override.py:1900} INFO - Created Permission View: can read on DAG Run:example_skip_dag
[2024-10-07T14:43:31.548+0000] {logging_mixin.py:190} INFO - [2024-10-07T14:43:31.547+0000] {override.py:1900} INFO - Created Permission View: can create on DAG Run:example_skip_dag
[2024-10-07T14:43:31.567+0000] {logging_mixin.py:190} INFO - [2024-10-07T14:43:31.566+0000] {override.py:1900} INFO - Created Permission View: menu access on DAG Run:example_skip_dag
[2024-10-07T14:43:31.588+0000] {logging_mixin.py:190} INFO - [2024-10-07T14:43:31.587+0000] {override.py:1900} INFO - Created Permission View: can delete on DAG Run:example_skip_dag
[2024-10-07T14:43:31.590+0000] {logging_mixin.py:190} INFO - [2024-10-07T14:43:31.590+0000] {dag.py:3239} INFO - Sync 1 DAGs
[2024-10-07T14:43:31.626+0000] {logging_mixin.py:190} INFO - [2024-10-07T14:43:31.625+0000] {dag.py:3262} INFO - Creating ORM DAG for example_skip_dag
[2024-10-07T14:43:31.655+0000] {logging_mixin.py:190} INFO - [2024-10-07T14:43:31.654+0000] {dag.py:4180} INFO - Setting next_dagrun for example_skip_dag to 2024-10-06 00:00:00+00:00, run_after=2024-10-07 00:00:00+00:00
[2024-10-07T14:43:31.703+0000] {processor.py:208} INFO - Processing /home/airflow/.local/lib/python3.12/site-packages/airflow/example_dags/example_skip_dag.py took 0.590 seconds
[2024-10-07T14:44:01.861+0000] {processor.py:186} INFO - Started process (PID=188) to work on /home/airflow/.local/lib/python3.12/site-packages/airflow/example_dags/example_skip_dag.py
[2024-10-07T14:44:01.863+0000] {processor.py:914} INFO - Processing file /home/airflow/.local/lib/python3.12/site-packages/airflow/example_dags/example_skip_dag.py for tasks to queue
[2024-10-07T14:44:01.866+0000] {logging_mixin.py:190} INFO - [2024-10-07T14:44:01.866+0000] {dagbag.py:588} INFO - Filling up the DagBag from /home/airflow/.local/lib/python3.12/site-packages/airflow/example_dags/example_skip_dag.py
[2024-10-07T14:44:01.874+0000] {processor.py:925} INFO - DAG(s) 'example_skip_dag' retrieved from /home/airflow/.local/lib/python3.12/site-packages/airflow/example_dags/example_skip_dag.py
[2024-10-07T14:44:01.898+0000] {logging_mixin.py:190} INFO - [2024-10-07T14:44:01.898+0000] {dag.py:3239} INFO - Sync 1 DAGs
[2024-10-07T14:44:01.921+0000] {logging_mixin.py:190} INFO - [2024-10-07T14:44:01.921+0000] {dag.py:4180} INFO - Setting next_dagrun for example_skip_dag to 2024-10-06 00:00:00+00:00, run_after=2024-10-07 00:00:00+00:00
[2024-10-07T14:44:01.942+0000] {processor.py:208} INFO - Processing /home/airflow/.local/lib/python3.12/site-packages/airflow/example_dags/example_skip_dag.py took 0.089 seconds
[2024-10-07T14:44:33.013+0000] {processor.py:186} INFO - Started process (PID=250) to work on /home/airflow/.local/lib/python3.12/site-packages/airflow/example_dags/example_skip_dag.py
[2024-10-07T14:44:33.017+0000] {processor.py:914} INFO - Processing file /home/airflow/.local/lib/python3.12/site-packages/airflow/example_dags/example_skip_dag.py for tasks to queue
[2024-10-07T14:44:33.021+0000] {logging_mixin.py:190} INFO - [2024-10-07T14:44:33.020+0000] {dagbag.py:588} INFO - Filling up the DagBag from /home/airflow/.local/lib/python3.12/site-packages/airflow/example_dags/example_skip_dag.py
[2024-10-07T14:44:33.032+0000] {processor.py:925} INFO - DAG(s) 'example_skip_dag' retrieved from /home/airflow/.local/lib/python3.12/site-packages/airflow/example_dags/example_skip_dag.py
[2024-10-07T14:44:33.056+0000] {logging_mixin.py:190} INFO - [2024-10-07T14:44:33.055+0000] {dag.py:3239} INFO - Sync 1 DAGs
[2024-10-07T14:44:33.092+0000] {logging_mixin.py:190} INFO - [2024-10-07T14:44:33.091+0000] {dag.py:4180} INFO - Setting next_dagrun for example_skip_dag to 2024-10-06 00:00:00+00:00, run_after=2024-10-07 00:00:00+00:00
[2024-10-07T14:44:33.122+0000] {processor.py:208} INFO - Processing /home/airflow/.local/lib/python3.12/site-packages/airflow/example_dags/example_skip_dag.py took 0.114 seconds
[2024-10-07T14:45:03.619+0000] {processor.py:186} INFO - Started process (PID=312) to work on /home/airflow/.local/lib/python3.12/site-packages/airflow/example_dags/example_skip_dag.py
[2024-10-07T14:45:03.623+0000] {processor.py:914} INFO - Processing file /home/airflow/.local/lib/python3.12/site-packages/airflow/example_dags/example_skip_dag.py for tasks to queue
[2024-10-07T14:45:03.630+0000] {logging_mixin.py:190} INFO - [2024-10-07T14:45:03.630+0000] {dagbag.py:588} INFO - Filling up the DagBag from /home/airflow/.local/lib/python3.12/site-packages/airflow/example_dags/example_skip_dag.py
[2024-10-07T14:45:03.650+0000] {processor.py:925} INFO - DAG(s) 'example_skip_dag' retrieved from /home/airflow/.local/lib/python3.12/site-packages/airflow/example_dags/example_skip_dag.py
[2024-10-07T14:45:03.678+0000] {logging_mixin.py:190} INFO - [2024-10-07T14:45:03.677+0000] {dag.py:3239} INFO - Sync 1 DAGs
[2024-10-07T14:45:03.710+0000] {logging_mixin.py:190} INFO - [2024-10-07T14:45:03.709+0000] {dag.py:4180} INFO - Setting next_dagrun for example_skip_dag to 2024-10-06 00:00:00+00:00, run_after=2024-10-07 00:00:00+00:00
[2024-10-07T14:45:03.738+0000] {processor.py:208} INFO - Processing /home/airflow/.local/lib/python3.12/site-packages/airflow/example_dags/example_skip_dag.py took 0.130 seconds
[2024-10-07T14:45:34.000+0000] {processor.py:186} INFO - Started process (PID=373) to work on /home/airflow/.local/lib/python3.12/site-packages/airflow/example_dags/example_skip_dag.py
[2024-10-07T14:45:34.003+0000] {processor.py:914} INFO - Processing file /home/airflow/.local/lib/python3.12/site-packages/airflow/example_dags/example_skip_dag.py for tasks to queue
[2024-10-07T14:45:34.009+0000] {logging_mixin.py:190} INFO - [2024-10-07T14:45:34.008+0000] {dagbag.py:588} INFO - Filling up the DagBag from /home/airflow/.local/lib/python3.12/site-packages/airflow/example_dags/example_skip_dag.py
[2024-10-07T14:45:34.023+0000] {processor.py:925} INFO - DAG(s) 'example_skip_dag' retrieved from /home/airflow/.local/lib/python3.12/site-packages/airflow/example_dags/example_skip_dag.py
[2024-10-07T14:45:34.050+0000] {logging_mixin.py:190} INFO - [2024-10-07T14:45:34.050+0000] {dag.py:3239} INFO - Sync 1 DAGs
[2024-10-07T14:45:34.075+0000] {logging_mixin.py:190} INFO - [2024-10-07T14:45:34.075+0000] {dag.py:4180} INFO - Setting next_dagrun for example_skip_dag to 2024-10-06 00:00:00+00:00, run_after=2024-10-07 00:00:00+00:00
[2024-10-07T14:45:34.096+0000] {processor.py:208} INFO - Processing /home/airflow/.local/lib/python3.12/site-packages/airflow/example_dags/example_skip_dag.py took 0.110 seconds
[2024-10-07T14:46:04.684+0000] {processor.py:186} INFO - Started process (PID=436) to work on /home/airflow/.local/lib/python3.12/site-packages/airflow/example_dags/example_skip_dag.py
[2024-10-07T14:46:04.686+0000] {processor.py:914} INFO - Processing file /home/airflow/.local/lib/python3.12/site-packages/airflow/example_dags/example_skip_dag.py for tasks to queue
[2024-10-07T14:46:04.690+0000] {logging_mixin.py:190} INFO - [2024-10-07T14:46:04.690+0000] {dagbag.py:588} INFO - Filling up the DagBag from /home/airflow/.local/lib/python3.12/site-packages/airflow/example_dags/example_skip_dag.py
[2024-10-07T14:46:04.703+0000] {processor.py:925} INFO - DAG(s) 'example_skip_dag' retrieved from /home/airflow/.local/lib/python3.12/site-packages/airflow/example_dags/example_skip_dag.py
[2024-10-07T14:46:04.741+0000] {logging_mixin.py:190} INFO - [2024-10-07T14:46:04.741+0000] {dag.py:3239} INFO - Sync 1 DAGs
[2024-10-07T14:46:04.782+0000] {logging_mixin.py:190} INFO - [2024-10-07T14:46:04.782+0000] {dag.py:4180} INFO - Setting next_dagrun for example_skip_dag to 2024-10-06 00:00:00+00:00, run_after=2024-10-07 00:00:00+00:00
[2024-10-07T14:46:04.820+0000] {processor.py:208} INFO - Processing /home/airflow/.local/lib/python3.12/site-packages/airflow/example_dags/example_skip_dag.py took 0.148 seconds
[2024-10-07T14:46:35.162+0000] {processor.py:186} INFO - Started process (PID=498) to work on /home/airflow/.local/lib/python3.12/site-packages/airflow/example_dags/example_skip_dag.py
[2024-10-07T14:46:35.164+0000] {processor.py:914} INFO - Processing file /home/airflow/.local/lib/python3.12/site-packages/airflow/example_dags/example_skip_dag.py for tasks to queue
[2024-10-07T14:46:35.168+0000] {logging_mixin.py:190} INFO - [2024-10-07T14:46:35.167+0000] {dagbag.py:588} INFO - Filling up the DagBag from /home/airflow/.local/lib/python3.12/site-packages/airflow/example_dags/example_skip_dag.py
[2024-10-07T14:46:35.177+0000] {processor.py:925} INFO - DAG(s) 'example_skip_dag' retrieved from /home/airflow/.local/lib/python3.12/site-packages/airflow/example_dags/example_skip_dag.py
[2024-10-07T14:46:35.201+0000] {logging_mixin.py:190} INFO - [2024-10-07T14:46:35.200+0000] {dag.py:3239} INFO - Sync 1 DAGs
[2024-10-07T14:46:35.228+0000] {logging_mixin.py:190} INFO - [2024-10-07T14:46:35.228+0000] {dag.py:4180} INFO - Setting next_dagrun for example_skip_dag to 2024-10-06 00:00:00+00:00, run_after=2024-10-07 00:00:00+00:00
[2024-10-07T14:46:35.249+0000] {processor.py:208} INFO - Processing /home/airflow/.local/lib/python3.12/site-packages/airflow/example_dags/example_skip_dag.py took 0.098 seconds
[2024-10-07T14:47:05.739+0000] {processor.py:186} INFO - Started process (PID=560) to work on /home/airflow/.local/lib/python3.12/site-packages/airflow/example_dags/example_skip_dag.py
[2024-10-07T14:47:05.740+0000] {processor.py:914} INFO - Processing file /home/airflow/.local/lib/python3.12/site-packages/airflow/example_dags/example_skip_dag.py for tasks to queue
[2024-10-07T14:47:05.743+0000] {logging_mixin.py:190} INFO - [2024-10-07T14:47:05.743+0000] {dagbag.py:588} INFO - Filling up the DagBag from /home/airflow/.local/lib/python3.12/site-packages/airflow/example_dags/example_skip_dag.py
[2024-10-07T14:47:05.751+0000] {processor.py:925} INFO - DAG(s) 'example_skip_dag' retrieved from /home/airflow/.local/lib/python3.12/site-packages/airflow/example_dags/example_skip_dag.py
[2024-10-07T14:47:05.773+0000] {logging_mixin.py:190} INFO - [2024-10-07T14:47:05.773+0000] {dag.py:3239} INFO - Sync 1 DAGs
[2024-10-07T14:47:05.805+0000] {logging_mixin.py:190} INFO - [2024-10-07T14:47:05.805+0000] {dag.py:4180} INFO - Setting next_dagrun for example_skip_dag to 2024-10-06 00:00:00+00:00, run_after=2024-10-07 00:00:00+00:00
[2024-10-07T14:47:05.836+0000] {processor.py:208} INFO - Processing /home/airflow/.local/lib/python3.12/site-packages/airflow/example_dags/example_skip_dag.py took 0.103 seconds
[2024-10-07T14:47:35.921+0000] {processor.py:186} INFO - Started process (PID=622) to work on /home/airflow/.local/lib/python3.12/site-packages/airflow/example_dags/example_skip_dag.py
[2024-10-07T14:47:35.922+0000] {processor.py:914} INFO - Processing file /home/airflow/.local/lib/python3.12/site-packages/airflow/example_dags/example_skip_dag.py for tasks to queue
[2024-10-07T14:47:35.925+0000] {logging_mixin.py:190} INFO - [2024-10-07T14:47:35.925+0000] {dagbag.py:588} INFO - Filling up the DagBag from /home/airflow/.local/lib/python3.12/site-packages/airflow/example_dags/example_skip_dag.py
[2024-10-07T14:47:35.935+0000] {processor.py:925} INFO - DAG(s) 'example_skip_dag' retrieved from /home/airflow/.local/lib/python3.12/site-packages/airflow/example_dags/example_skip_dag.py
[2024-10-07T14:47:35.956+0000] {logging_mixin.py:190} INFO - [2024-10-07T14:47:35.956+0000] {dag.py:3239} INFO - Sync 1 DAGs
[2024-10-07T14:47:35.981+0000] {logging_mixin.py:190} INFO - [2024-10-07T14:47:35.981+0000] {dag.py:4180} INFO - Setting next_dagrun for example_skip_dag to 2024-10-06 00:00:00+00:00, run_after=2024-10-07 00:00:00+00:00
[2024-10-07T14:47:36.002+0000] {processor.py:208} INFO - Processing /home/airflow/.local/lib/python3.12/site-packages/airflow/example_dags/example_skip_dag.py took 0.086 seconds
[2024-10-07T14:48:06.650+0000] {processor.py:186} INFO - Started process (PID=684) to work on /home/airflow/.local/lib/python3.12/site-packages/airflow/example_dags/example_skip_dag.py
[2024-10-07T14:48:06.654+0000] {processor.py:914} INFO - Processing file /home/airflow/.local/lib/python3.12/site-packages/airflow/example_dags/example_skip_dag.py for tasks to queue
[2024-10-07T14:48:06.658+0000] {logging_mixin.py:190} INFO - [2024-10-07T14:48:06.657+0000] {dagbag.py:588} INFO - Filling up the DagBag from /home/airflow/.local/lib/python3.12/site-packages/airflow/example_dags/example_skip_dag.py
[2024-10-07T14:48:06.669+0000] {processor.py:925} INFO - DAG(s) 'example_skip_dag' retrieved from /home/airflow/.local/lib/python3.12/site-packages/airflow/example_dags/example_skip_dag.py
[2024-10-07T14:48:06.702+0000] {logging_mixin.py:190} INFO - [2024-10-07T14:48:06.702+0000] {dag.py:3239} INFO - Sync 1 DAGs
[2024-10-07T14:48:06.730+0000] {logging_mixin.py:190} INFO - [2024-10-07T14:48:06.729+0000] {dag.py:4180} INFO - Setting next_dagrun for example_skip_dag to 2024-10-06 00:00:00+00:00, run_after=2024-10-07 00:00:00+00:00
[2024-10-07T14:48:06.752+0000] {processor.py:208} INFO - Processing /home/airflow/.local/lib/python3.12/site-packages/airflow/example_dags/example_skip_dag.py took 0.111 seconds
[2024-10-07T14:48:37.037+0000] {processor.py:186} INFO - Started process (PID=745) to work on /home/airflow/.local/lib/python3.12/site-packages/airflow/example_dags/example_skip_dag.py
[2024-10-07T14:48:37.038+0000] {processor.py:914} INFO - Processing file /home/airflow/.local/lib/python3.12/site-packages/airflow/example_dags/example_skip_dag.py for tasks to queue
[2024-10-07T14:48:37.041+0000] {logging_mixin.py:190} INFO - [2024-10-07T14:48:37.041+0000] {dagbag.py:588} INFO - Filling up the DagBag from /home/airflow/.local/lib/python3.12/site-packages/airflow/example_dags/example_skip_dag.py
[2024-10-07T14:48:37.051+0000] {processor.py:925} INFO - DAG(s) 'example_skip_dag' retrieved from /home/airflow/.local/lib/python3.12/site-packages/airflow/example_dags/example_skip_dag.py
[2024-10-07T14:48:37.072+0000] {logging_mixin.py:190} INFO - [2024-10-07T14:48:37.071+0000] {dag.py:3239} INFO - Sync 1 DAGs
[2024-10-07T14:48:37.103+0000] {logging_mixin.py:190} INFO - [2024-10-07T14:48:37.102+0000] {dag.py:4180} INFO - Setting next_dagrun for example_skip_dag to 2024-10-06 00:00:00+00:00, run_after=2024-10-07 00:00:00+00:00
[2024-10-07T14:48:37.128+0000] {processor.py:208} INFO - Processing /home/airflow/.local/lib/python3.12/site-packages/airflow/example_dags/example_skip_dag.py took 0.098 seconds
[2024-10-07T14:49:07.370+0000] {processor.py:186} INFO - Started process (PID=807) to work on /home/airflow/.local/lib/python3.12/site-packages/airflow/example_dags/example_skip_dag.py
[2024-10-07T14:49:07.372+0000] {processor.py:914} INFO - Processing file /home/airflow/.local/lib/python3.12/site-packages/airflow/example_dags/example_skip_dag.py for tasks to queue
[2024-10-07T14:49:07.375+0000] {logging_mixin.py:190} INFO - [2024-10-07T14:49:07.375+0000] {dagbag.py:588} INFO - Filling up the DagBag from /home/airflow/.local/lib/python3.12/site-packages/airflow/example_dags/example_skip_dag.py
[2024-10-07T14:49:07.384+0000] {processor.py:925} INFO - DAG(s) 'example_skip_dag' retrieved from /home/airflow/.local/lib/python3.12/site-packages/airflow/example_dags/example_skip_dag.py
[2024-10-07T14:49:07.408+0000] {logging_mixin.py:190} INFO - [2024-10-07T14:49:07.408+0000] {dag.py:3239} INFO - Sync 1 DAGs
[2024-10-07T14:49:07.433+0000] {logging_mixin.py:190} INFO - [2024-10-07T14:49:07.432+0000] {dag.py:4180} INFO - Setting next_dagrun for example_skip_dag to 2024-10-06 00:00:00+00:00, run_after=2024-10-07 00:00:00+00:00
[2024-10-07T14:49:07.455+0000] {processor.py:208} INFO - Processing /home/airflow/.local/lib/python3.12/site-packages/airflow/example_dags/example_skip_dag.py took 0.091 seconds
[2024-10-07T14:49:38.373+0000] {processor.py:186} INFO - Started process (PID=870) to work on /home/airflow/.local/lib/python3.12/site-packages/airflow/example_dags/example_skip_dag.py
[2024-10-07T14:49:38.376+0000] {processor.py:914} INFO - Processing file /home/airflow/.local/lib/python3.12/site-packages/airflow/example_dags/example_skip_dag.py for tasks to queue
[2024-10-07T14:49:38.381+0000] {logging_mixin.py:190} INFO - [2024-10-07T14:49:38.380+0000] {dagbag.py:588} INFO - Filling up the DagBag from /home/airflow/.local/lib/python3.12/site-packages/airflow/example_dags/example_skip_dag.py
[2024-10-07T14:49:38.393+0000] {processor.py:925} INFO - DAG(s) 'example_skip_dag' retrieved from /home/airflow/.local/lib/python3.12/site-packages/airflow/example_dags/example_skip_dag.py
[2024-10-07T14:49:38.418+0000] {logging_mixin.py:190} INFO - [2024-10-07T14:49:38.418+0000] {dag.py:3239} INFO - Sync 1 DAGs
[2024-10-07T14:49:38.446+0000] {logging_mixin.py:190} INFO - [2024-10-07T14:49:38.445+0000] {dag.py:4180} INFO - Setting next_dagrun for example_skip_dag to 2024-10-06 00:00:00+00:00, run_after=2024-10-07 00:00:00+00:00
[2024-10-07T14:49:38.476+0000] {processor.py:208} INFO - Processing /home/airflow/.local/lib/python3.12/site-packages/airflow/example_dags/example_skip_dag.py took 0.114 seconds
[2024-10-07T14:50:08.705+0000] {processor.py:186} INFO - Started process (PID=931) to work on /home/airflow/.local/lib/python3.12/site-packages/airflow/example_dags/example_skip_dag.py
[2024-10-07T14:50:08.707+0000] {processor.py:914} INFO - Processing file /home/airflow/.local/lib/python3.12/site-packages/airflow/example_dags/example_skip_dag.py for tasks to queue
[2024-10-07T14:50:08.714+0000] {logging_mixin.py:190} INFO - [2024-10-07T14:50:08.714+0000] {dagbag.py:588} INFO - Filling up the DagBag from /home/airflow/.local/lib/python3.12/site-packages/airflow/example_dags/example_skip_dag.py
[2024-10-07T14:50:08.724+0000] {processor.py:925} INFO - DAG(s) 'example_skip_dag' retrieved from /home/airflow/.local/lib/python3.12/site-packages/airflow/example_dags/example_skip_dag.py
[2024-10-07T14:50:08.809+0000] {logging_mixin.py:190} INFO - [2024-10-07T14:50:08.809+0000] {dag.py:3239} INFO - Sync 1 DAGs
[2024-10-07T14:50:08.841+0000] {logging_mixin.py:190} INFO - [2024-10-07T14:50:08.841+0000] {dag.py:4180} INFO - Setting next_dagrun for example_skip_dag to 2024-10-06 00:00:00+00:00, run_after=2024-10-07 00:00:00+00:00
[2024-10-07T14:50:08.869+0000] {processor.py:208} INFO - Processing /home/airflow/.local/lib/python3.12/site-packages/airflow/example_dags/example_skip_dag.py took 0.170 seconds
[2024-10-07T14:50:39.041+0000] {processor.py:186} INFO - Started process (PID=993) to work on /home/airflow/.local/lib/python3.12/site-packages/airflow/example_dags/example_skip_dag.py
[2024-10-07T14:50:39.043+0000] {processor.py:914} INFO - Processing file /home/airflow/.local/lib/python3.12/site-packages/airflow/example_dags/example_skip_dag.py for tasks to queue
[2024-10-07T14:50:39.046+0000] {logging_mixin.py:190} INFO - [2024-10-07T14:50:39.045+0000] {dagbag.py:588} INFO - Filling up the DagBag from /home/airflow/.local/lib/python3.12/site-packages/airflow/example_dags/example_skip_dag.py
[2024-10-07T14:50:39.056+0000] {processor.py:925} INFO - DAG(s) 'example_skip_dag' retrieved from /home/airflow/.local/lib/python3.12/site-packages/airflow/example_dags/example_skip_dag.py
[2024-10-07T14:50:39.194+0000] {logging_mixin.py:190} INFO - [2024-10-07T14:50:39.193+0000] {dag.py:3239} INFO - Sync 1 DAGs
[2024-10-07T14:50:39.223+0000] {logging_mixin.py:190} INFO - [2024-10-07T14:50:39.223+0000] {dag.py:4180} INFO - Setting next_dagrun for example_skip_dag to 2024-10-06 00:00:00+00:00, run_after=2024-10-07 00:00:00+00:00
[2024-10-07T14:50:39.248+0000] {processor.py:208} INFO - Processing /home/airflow/.local/lib/python3.12/site-packages/airflow/example_dags/example_skip_dag.py took 0.216 seconds
[2024-10-07T14:51:09.596+0000] {processor.py:186} INFO - Started process (PID=1055) to work on /home/airflow/.local/lib/python3.12/site-packages/airflow/example_dags/example_skip_dag.py
[2024-10-07T14:51:09.599+0000] {processor.py:914} INFO - Processing file /home/airflow/.local/lib/python3.12/site-packages/airflow/example_dags/example_skip_dag.py for tasks to queue
[2024-10-07T14:51:09.604+0000] {logging_mixin.py:190} INFO - [2024-10-07T14:51:09.603+0000] {dagbag.py:588} INFO - Filling up the DagBag from /home/airflow/.local/lib/python3.12/site-packages/airflow/example_dags/example_skip_dag.py
[2024-10-07T14:51:09.613+0000] {processor.py:925} INFO - DAG(s) 'example_skip_dag' retrieved from /home/airflow/.local/lib/python3.12/site-packages/airflow/example_dags/example_skip_dag.py
[2024-10-07T14:51:09.638+0000] {logging_mixin.py:190} INFO - [2024-10-07T14:51:09.638+0000] {dag.py:3239} INFO - Sync 1 DAGs
[2024-10-07T14:51:09.668+0000] {logging_mixin.py:190} INFO - [2024-10-07T14:51:09.667+0000] {dag.py:4180} INFO - Setting next_dagrun for example_skip_dag to 2024-10-06 00:00:00+00:00, run_after=2024-10-07 00:00:00+00:00
[2024-10-07T14:51:09.688+0000] {processor.py:208} INFO - Processing /home/airflow/.local/lib/python3.12/site-packages/airflow/example_dags/example_skip_dag.py took 0.100 seconds
[2024-10-07T14:51:39.944+0000] {processor.py:186} INFO - Started process (PID=1117) to work on /home/airflow/.local/lib/python3.12/site-packages/airflow/example_dags/example_skip_dag.py
[2024-10-07T14:51:39.946+0000] {processor.py:914} INFO - Processing file /home/airflow/.local/lib/python3.12/site-packages/airflow/example_dags/example_skip_dag.py for tasks to queue
[2024-10-07T14:51:39.949+0000] {logging_mixin.py:190} INFO - [2024-10-07T14:51:39.949+0000] {dagbag.py:588} INFO - Filling up the DagBag from /home/airflow/.local/lib/python3.12/site-packages/airflow/example_dags/example_skip_dag.py
[2024-10-07T14:51:39.958+0000] {processor.py:925} INFO - DAG(s) 'example_skip_dag' retrieved from /home/airflow/.local/lib/python3.12/site-packages/airflow/example_dags/example_skip_dag.py
[2024-10-07T14:51:39.983+0000] {logging_mixin.py:190} INFO - [2024-10-07T14:51:39.982+0000] {dag.py:3239} INFO - Sync 1 DAGs
[2024-10-07T14:51:40.014+0000] {logging_mixin.py:190} INFO - [2024-10-07T14:51:40.014+0000] {dag.py:4180} INFO - Setting next_dagrun for example_skip_dag to 2024-10-06 00:00:00+00:00, run_after=2024-10-07 00:00:00+00:00
[2024-10-07T14:51:40.039+0000] {processor.py:208} INFO - Processing /home/airflow/.local/lib/python3.12/site-packages/airflow/example_dags/example_skip_dag.py took 0.102 seconds
[2024-10-07T14:52:10.586+0000] {processor.py:186} INFO - Started process (PID=1179) to work on /home/airflow/.local/lib/python3.12/site-packages/airflow/example_dags/example_skip_dag.py
[2024-10-07T14:52:10.589+0000] {processor.py:914} INFO - Processing file /home/airflow/.local/lib/python3.12/site-packages/airflow/example_dags/example_skip_dag.py for tasks to queue
[2024-10-07T14:52:10.593+0000] {logging_mixin.py:190} INFO - [2024-10-07T14:52:10.592+0000] {dagbag.py:588} INFO - Filling up the DagBag from /home/airflow/.local/lib/python3.12/site-packages/airflow/example_dags/example_skip_dag.py
[2024-10-07T14:52:10.613+0000] {processor.py:925} INFO - DAG(s) 'example_skip_dag' retrieved from /home/airflow/.local/lib/python3.12/site-packages/airflow/example_dags/example_skip_dag.py
[2024-10-07T14:52:10.637+0000] {logging_mixin.py:190} INFO - [2024-10-07T14:52:10.636+0000] {dag.py:3239} INFO - Sync 1 DAGs
[2024-10-07T14:52:10.673+0000] {logging_mixin.py:190} INFO - [2024-10-07T14:52:10.672+0000] {dag.py:4180} INFO - Setting next_dagrun for example_skip_dag to 2024-10-06 00:00:00+00:00, run_after=2024-10-07 00:00:00+00:00
[2024-10-07T14:52:10.696+0000] {processor.py:208} INFO - Processing /home/airflow/.local/lib/python3.12/site-packages/airflow/example_dags/example_skip_dag.py took 0.119 seconds
[2024-10-07T14:52:41.055+0000] {processor.py:186} INFO - Started process (PID=1241) to work on /home/airflow/.local/lib/python3.12/site-packages/airflow/example_dags/example_skip_dag.py
[2024-10-07T14:52:41.058+0000] {processor.py:914} INFO - Processing file /home/airflow/.local/lib/python3.12/site-packages/airflow/example_dags/example_skip_dag.py for tasks to queue
[2024-10-07T14:52:41.062+0000] {logging_mixin.py:190} INFO - [2024-10-07T14:52:41.061+0000] {dagbag.py:588} INFO - Filling up the DagBag from /home/airflow/.local/lib/python3.12/site-packages/airflow/example_dags/example_skip_dag.py
[2024-10-07T14:52:41.073+0000] {processor.py:925} INFO - DAG(s) 'example_skip_dag' retrieved from /home/airflow/.local/lib/python3.12/site-packages/airflow/example_dags/example_skip_dag.py
[2024-10-07T14:52:41.099+0000] {logging_mixin.py:190} INFO - [2024-10-07T14:52:41.099+0000] {dag.py:3239} INFO - Sync 1 DAGs
[2024-10-07T14:52:41.134+0000] {logging_mixin.py:190} INFO - [2024-10-07T14:52:41.133+0000] {dag.py:4180} INFO - Setting next_dagrun for example_skip_dag to 2024-10-06 00:00:00+00:00, run_after=2024-10-07 00:00:00+00:00
[2024-10-07T14:52:41.166+0000] {processor.py:208} INFO - Processing /home/airflow/.local/lib/python3.12/site-packages/airflow/example_dags/example_skip_dag.py took 0.119 seconds
[2024-10-07T14:53:11.801+0000] {processor.py:186} INFO - Started process (PID=1303) to work on /home/airflow/.local/lib/python3.12/site-packages/airflow/example_dags/example_skip_dag.py
[2024-10-07T14:53:11.804+0000] {processor.py:914} INFO - Processing file /home/airflow/.local/lib/python3.12/site-packages/airflow/example_dags/example_skip_dag.py for tasks to queue
[2024-10-07T14:53:11.808+0000] {logging_mixin.py:190} INFO - [2024-10-07T14:53:11.808+0000] {dagbag.py:588} INFO - Filling up the DagBag from /home/airflow/.local/lib/python3.12/site-packages/airflow/example_dags/example_skip_dag.py
[2024-10-07T14:53:11.823+0000] {processor.py:925} INFO - DAG(s) 'example_skip_dag' retrieved from /home/airflow/.local/lib/python3.12/site-packages/airflow/example_dags/example_skip_dag.py
[2024-10-07T14:53:11.849+0000] {logging_mixin.py:190} INFO - [2024-10-07T14:53:11.849+0000] {dag.py:3239} INFO - Sync 1 DAGs
[2024-10-07T14:53:11.874+0000] {logging_mixin.py:190} INFO - [2024-10-07T14:53:11.874+0000] {dag.py:4180} INFO - Setting next_dagrun for example_skip_dag to 2024-10-06 00:00:00+00:00, run_after=2024-10-07 00:00:00+00:00
[2024-10-07T14:53:11.908+0000] {processor.py:208} INFO - Processing /home/airflow/.local/lib/python3.12/site-packages/airflow/example_dags/example_skip_dag.py took 0.116 seconds
