[2024-10-07T14:43:26.539+0000] {processor.py:186} INFO - Started process (PID=119) to work on /home/airflow/.local/lib/python3.12/site-packages/airflow/example_dags/example_datasets.py
[2024-10-07T14:43:26.542+0000] {processor.py:914} INFO - Processing file /home/airflow/.local/lib/python3.12/site-packages/airflow/example_dags/example_datasets.py for tasks to queue
[2024-10-07T14:43:26.550+0000] {logging_mixin.py:190} INFO - [2024-10-07T14:43:26.549+0000] {dagbag.py:588} INFO - Filling up the DagBag from /home/airflow/.local/lib/python3.12/site-packages/airflow/example_dags/example_datasets.py
[2024-10-07T14:43:26.995+0000] {processor.py:925} INFO - DAG(s) 'dataset_consumes_1', 'consume_1_or_2_with_dataset_expressions', 'consume_1_or_both_2_and_3_with_dataset_expressions', 'dataset_consumes_1_never_scheduled', 'dataset_consumes_1_and_2', 'dataset_consumes_unknown_never_scheduled', 'dataset_produces_1', 'conditional_dataset_and_time_based_timetable', 'consume_1_and_2_with_dataset_expressions', 'dataset_produces_2' retrieved from /home/airflow/.local/lib/python3.12/site-packages/airflow/example_dags/example_datasets.py
[2024-10-07T14:43:27.313+0000] {logging_mixin.py:190} INFO - [2024-10-07T14:43:27.312+0000] {override.py:1900} INFO - Created Permission View: can read on DAG:dataset_consumes_1
[2024-10-07T14:43:27.343+0000] {logging_mixin.py:190} INFO - [2024-10-07T14:43:27.342+0000] {override.py:1900} INFO - Created Permission View: can delete on DAG:dataset_consumes_1
[2024-10-07T14:43:27.366+0000] {logging_mixin.py:190} INFO - [2024-10-07T14:43:27.365+0000] {override.py:1900} INFO - Created Permission View: can edit on DAG:dataset_consumes_1
[2024-10-07T14:43:27.393+0000] {logging_mixin.py:190} INFO - [2024-10-07T14:43:27.392+0000] {override.py:1900} INFO - Created Permission View: can read on DAG Run:dataset_consumes_1
[2024-10-07T14:43:27.422+0000] {logging_mixin.py:190} INFO - [2024-10-07T14:43:27.421+0000] {override.py:1900} INFO - Created Permission View: can create on DAG Run:dataset_consumes_1
[2024-10-07T14:43:27.452+0000] {logging_mixin.py:190} INFO - [2024-10-07T14:43:27.451+0000] {override.py:1900} INFO - Created Permission View: menu access on DAG Run:dataset_consumes_1
[2024-10-07T14:43:27.480+0000] {logging_mixin.py:190} INFO - [2024-10-07T14:43:27.479+0000] {override.py:1900} INFO - Created Permission View: can delete on DAG Run:dataset_consumes_1
[2024-10-07T14:43:27.528+0000] {logging_mixin.py:190} INFO - [2024-10-07T14:43:27.527+0000] {override.py:1900} INFO - Created Permission View: can read on DAG:consume_1_or_2_with_dataset_expressions
[2024-10-07T14:43:27.557+0000] {logging_mixin.py:190} INFO - [2024-10-07T14:43:27.556+0000] {override.py:1900} INFO - Created Permission View: can delete on DAG:consume_1_or_2_with_dataset_expressions
[2024-10-07T14:43:27.583+0000] {logging_mixin.py:190} INFO - [2024-10-07T14:43:27.583+0000] {override.py:1900} INFO - Created Permission View: can edit on DAG:consume_1_or_2_with_dataset_expressions
[2024-10-07T14:43:27.608+0000] {logging_mixin.py:190} INFO - [2024-10-07T14:43:27.607+0000] {override.py:1900} INFO - Created Permission View: can read on DAG Run:consume_1_or_2_with_dataset_expressions
[2024-10-07T14:43:27.629+0000] {logging_mixin.py:190} INFO - [2024-10-07T14:43:27.628+0000] {override.py:1900} INFO - Created Permission View: can create on DAG Run:consume_1_or_2_with_dataset_expressions
[2024-10-07T14:43:27.651+0000] {logging_mixin.py:190} INFO - [2024-10-07T14:43:27.651+0000] {override.py:1900} INFO - Created Permission View: menu access on DAG Run:consume_1_or_2_with_dataset_expressions
[2024-10-07T14:43:27.671+0000] {logging_mixin.py:190} INFO - [2024-10-07T14:43:27.670+0000] {override.py:1900} INFO - Created Permission View: can delete on DAG Run:consume_1_or_2_with_dataset_expressions
[2024-10-07T14:43:27.708+0000] {logging_mixin.py:190} INFO - [2024-10-07T14:43:27.707+0000] {override.py:1900} INFO - Created Permission View: can read on DAG:consume_1_or_both_2_and_3_with_dataset_expressions
[2024-10-07T14:43:27.727+0000] {logging_mixin.py:190} INFO - [2024-10-07T14:43:27.727+0000] {override.py:1900} INFO - Created Permission View: can delete on DAG:consume_1_or_both_2_and_3_with_dataset_expressions
[2024-10-07T14:43:27.752+0000] {logging_mixin.py:190} INFO - [2024-10-07T14:43:27.752+0000] {override.py:1900} INFO - Created Permission View: can edit on DAG:consume_1_or_both_2_and_3_with_dataset_expressions
[2024-10-07T14:43:27.779+0000] {logging_mixin.py:190} INFO - [2024-10-07T14:43:27.778+0000] {override.py:1900} INFO - Created Permission View: can read on DAG Run:consume_1_or_both_2_and_3_with_dataset_expressions
[2024-10-07T14:43:27.800+0000] {logging_mixin.py:190} INFO - [2024-10-07T14:43:27.799+0000] {override.py:1900} INFO - Created Permission View: can create on DAG Run:consume_1_or_both_2_and_3_with_dataset_expressions
[2024-10-07T14:43:27.827+0000] {logging_mixin.py:190} INFO - [2024-10-07T14:43:27.824+0000] {override.py:1900} INFO - Created Permission View: menu access on DAG Run:consume_1_or_both_2_and_3_with_dataset_expressions
[2024-10-07T14:43:27.859+0000] {logging_mixin.py:190} INFO - [2024-10-07T14:43:27.859+0000] {override.py:1900} INFO - Created Permission View: can delete on DAG Run:consume_1_or_both_2_and_3_with_dataset_expressions
[2024-10-07T14:43:27.913+0000] {logging_mixin.py:190} INFO - [2024-10-07T14:43:27.912+0000] {override.py:1900} INFO - Created Permission View: can read on DAG:dataset_consumes_1_never_scheduled
[2024-10-07T14:43:27.940+0000] {logging_mixin.py:190} INFO - [2024-10-07T14:43:27.938+0000] {override.py:1900} INFO - Created Permission View: can delete on DAG:dataset_consumes_1_never_scheduled
[2024-10-07T14:43:27.968+0000] {logging_mixin.py:190} INFO - [2024-10-07T14:43:27.966+0000] {override.py:1900} INFO - Created Permission View: can edit on DAG:dataset_consumes_1_never_scheduled
[2024-10-07T14:43:27.999+0000] {logging_mixin.py:190} INFO - [2024-10-07T14:43:27.998+0000] {override.py:1900} INFO - Created Permission View: can read on DAG Run:dataset_consumes_1_never_scheduled
[2024-10-07T14:43:28.032+0000] {logging_mixin.py:190} INFO - [2024-10-07T14:43:28.031+0000] {override.py:1900} INFO - Created Permission View: can create on DAG Run:dataset_consumes_1_never_scheduled
[2024-10-07T14:43:28.058+0000] {logging_mixin.py:190} INFO - [2024-10-07T14:43:28.057+0000] {override.py:1900} INFO - Created Permission View: menu access on DAG Run:dataset_consumes_1_never_scheduled
[2024-10-07T14:43:28.091+0000] {logging_mixin.py:190} INFO - [2024-10-07T14:43:28.090+0000] {override.py:1900} INFO - Created Permission View: can delete on DAG Run:dataset_consumes_1_never_scheduled
[2024-10-07T14:43:28.157+0000] {logging_mixin.py:190} INFO - [2024-10-07T14:43:28.156+0000] {override.py:1900} INFO - Created Permission View: can read on DAG:dataset_consumes_1_and_2
[2024-10-07T14:43:28.190+0000] {logging_mixin.py:190} INFO - [2024-10-07T14:43:28.188+0000] {override.py:1900} INFO - Created Permission View: can delete on DAG:dataset_consumes_1_and_2
[2024-10-07T14:43:28.215+0000] {logging_mixin.py:190} INFO - [2024-10-07T14:43:28.215+0000] {override.py:1900} INFO - Created Permission View: can edit on DAG:dataset_consumes_1_and_2
[2024-10-07T14:43:28.242+0000] {logging_mixin.py:190} INFO - [2024-10-07T14:43:28.241+0000] {override.py:1900} INFO - Created Permission View: can read on DAG Run:dataset_consumes_1_and_2
[2024-10-07T14:43:28.271+0000] {logging_mixin.py:190} INFO - [2024-10-07T14:43:28.270+0000] {override.py:1900} INFO - Created Permission View: can create on DAG Run:dataset_consumes_1_and_2
[2024-10-07T14:43:28.299+0000] {logging_mixin.py:190} INFO - [2024-10-07T14:43:28.298+0000] {override.py:1900} INFO - Created Permission View: menu access on DAG Run:dataset_consumes_1_and_2
[2024-10-07T14:43:28.324+0000] {logging_mixin.py:190} INFO - [2024-10-07T14:43:28.323+0000] {override.py:1900} INFO - Created Permission View: can delete on DAG Run:dataset_consumes_1_and_2
[2024-10-07T14:43:28.359+0000] {logging_mixin.py:190} INFO - [2024-10-07T14:43:28.358+0000] {override.py:1900} INFO - Created Permission View: can read on DAG:dataset_consumes_unknown_never_scheduled
[2024-10-07T14:43:28.380+0000] {logging_mixin.py:190} INFO - [2024-10-07T14:43:28.380+0000] {override.py:1900} INFO - Created Permission View: can delete on DAG:dataset_consumes_unknown_never_scheduled
[2024-10-07T14:43:28.408+0000] {logging_mixin.py:190} INFO - [2024-10-07T14:43:28.406+0000] {override.py:1900} INFO - Created Permission View: can edit on DAG:dataset_consumes_unknown_never_scheduled
[2024-10-07T14:43:28.449+0000] {logging_mixin.py:190} INFO - [2024-10-07T14:43:28.448+0000] {override.py:1900} INFO - Created Permission View: can read on DAG Run:dataset_consumes_unknown_never_scheduled
[2024-10-07T14:43:28.477+0000] {logging_mixin.py:190} INFO - [2024-10-07T14:43:28.476+0000] {override.py:1900} INFO - Created Permission View: can create on DAG Run:dataset_consumes_unknown_never_scheduled
[2024-10-07T14:43:28.501+0000] {logging_mixin.py:190} INFO - [2024-10-07T14:43:28.500+0000] {override.py:1900} INFO - Created Permission View: menu access on DAG Run:dataset_consumes_unknown_never_scheduled
[2024-10-07T14:43:28.525+0000] {logging_mixin.py:190} INFO - [2024-10-07T14:43:28.524+0000] {override.py:1900} INFO - Created Permission View: can delete on DAG Run:dataset_consumes_unknown_never_scheduled
[2024-10-07T14:43:28.563+0000] {logging_mixin.py:190} INFO - [2024-10-07T14:43:28.562+0000] {override.py:1900} INFO - Created Permission View: can read on DAG:dataset_produces_1
[2024-10-07T14:43:28.585+0000] {logging_mixin.py:190} INFO - [2024-10-07T14:43:28.584+0000] {override.py:1900} INFO - Created Permission View: can delete on DAG:dataset_produces_1
[2024-10-07T14:43:28.606+0000] {logging_mixin.py:190} INFO - [2024-10-07T14:43:28.605+0000] {override.py:1900} INFO - Created Permission View: can edit on DAG:dataset_produces_1
[2024-10-07T14:43:28.625+0000] {logging_mixin.py:190} INFO - [2024-10-07T14:43:28.624+0000] {override.py:1900} INFO - Created Permission View: can read on DAG Run:dataset_produces_1
[2024-10-07T14:43:28.645+0000] {logging_mixin.py:190} INFO - [2024-10-07T14:43:28.644+0000] {override.py:1900} INFO - Created Permission View: can create on DAG Run:dataset_produces_1
[2024-10-07T14:43:28.666+0000] {logging_mixin.py:190} INFO - [2024-10-07T14:43:28.665+0000] {override.py:1900} INFO - Created Permission View: menu access on DAG Run:dataset_produces_1
[2024-10-07T14:43:28.690+0000] {logging_mixin.py:190} INFO - [2024-10-07T14:43:28.689+0000] {override.py:1900} INFO - Created Permission View: can delete on DAG Run:dataset_produces_1
[2024-10-07T14:43:28.723+0000] {logging_mixin.py:190} INFO - [2024-10-07T14:43:28.723+0000] {override.py:1900} INFO - Created Permission View: can read on DAG:conditional_dataset_and_time_based_timetable
[2024-10-07T14:43:28.743+0000] {logging_mixin.py:190} INFO - [2024-10-07T14:43:28.743+0000] {override.py:1900} INFO - Created Permission View: can delete on DAG:conditional_dataset_and_time_based_timetable
[2024-10-07T14:43:28.761+0000] {logging_mixin.py:190} INFO - [2024-10-07T14:43:28.761+0000] {override.py:1900} INFO - Created Permission View: can edit on DAG:conditional_dataset_and_time_based_timetable
[2024-10-07T14:43:28.781+0000] {logging_mixin.py:190} INFO - [2024-10-07T14:43:28.780+0000] {override.py:1900} INFO - Created Permission View: can read on DAG Run:conditional_dataset_and_time_based_timetable
[2024-10-07T14:43:28.801+0000] {logging_mixin.py:190} INFO - [2024-10-07T14:43:28.800+0000] {override.py:1900} INFO - Created Permission View: can create on DAG Run:conditional_dataset_and_time_based_timetable
[2024-10-07T14:43:28.820+0000] {logging_mixin.py:190} INFO - [2024-10-07T14:43:28.819+0000] {override.py:1900} INFO - Created Permission View: menu access on DAG Run:conditional_dataset_and_time_based_timetable
[2024-10-07T14:43:28.839+0000] {logging_mixin.py:190} INFO - [2024-10-07T14:43:28.839+0000] {override.py:1900} INFO - Created Permission View: can delete on DAG Run:conditional_dataset_and_time_based_timetable
[2024-10-07T14:43:28.873+0000] {logging_mixin.py:190} INFO - [2024-10-07T14:43:28.873+0000] {override.py:1900} INFO - Created Permission View: can read on DAG:consume_1_and_2_with_dataset_expressions
[2024-10-07T14:43:28.893+0000] {logging_mixin.py:190} INFO - [2024-10-07T14:43:28.893+0000] {override.py:1900} INFO - Created Permission View: can delete on DAG:consume_1_and_2_with_dataset_expressions
[2024-10-07T14:43:28.910+0000] {logging_mixin.py:190} INFO - [2024-10-07T14:43:28.909+0000] {override.py:1900} INFO - Created Permission View: can edit on DAG:consume_1_and_2_with_dataset_expressions
[2024-10-07T14:43:28.931+0000] {logging_mixin.py:190} INFO - [2024-10-07T14:43:28.930+0000] {override.py:1900} INFO - Created Permission View: can read on DAG Run:consume_1_and_2_with_dataset_expressions
[2024-10-07T14:43:28.949+0000] {logging_mixin.py:190} INFO - [2024-10-07T14:43:28.948+0000] {override.py:1900} INFO - Created Permission View: can create on DAG Run:consume_1_and_2_with_dataset_expressions
[2024-10-07T14:43:28.966+0000] {logging_mixin.py:190} INFO - [2024-10-07T14:43:28.965+0000] {override.py:1900} INFO - Created Permission View: menu access on DAG Run:consume_1_and_2_with_dataset_expressions
[2024-10-07T14:43:28.985+0000] {logging_mixin.py:190} INFO - [2024-10-07T14:43:28.985+0000] {override.py:1900} INFO - Created Permission View: can delete on DAG Run:consume_1_and_2_with_dataset_expressions
[2024-10-07T14:43:29.016+0000] {logging_mixin.py:190} INFO - [2024-10-07T14:43:29.015+0000] {override.py:1900} INFO - Created Permission View: can read on DAG:dataset_produces_2
[2024-10-07T14:43:29.035+0000] {logging_mixin.py:190} INFO - [2024-10-07T14:43:29.034+0000] {override.py:1900} INFO - Created Permission View: can delete on DAG:dataset_produces_2
[2024-10-07T14:43:29.055+0000] {logging_mixin.py:190} INFO - [2024-10-07T14:43:29.054+0000] {override.py:1900} INFO - Created Permission View: can edit on DAG:dataset_produces_2
[2024-10-07T14:43:29.075+0000] {logging_mixin.py:190} INFO - [2024-10-07T14:43:29.075+0000] {override.py:1900} INFO - Created Permission View: can read on DAG Run:dataset_produces_2
[2024-10-07T14:43:29.099+0000] {logging_mixin.py:190} INFO - [2024-10-07T14:43:29.098+0000] {override.py:1900} INFO - Created Permission View: can create on DAG Run:dataset_produces_2
[2024-10-07T14:43:29.122+0000] {logging_mixin.py:190} INFO - [2024-10-07T14:43:29.121+0000] {override.py:1900} INFO - Created Permission View: menu access on DAG Run:dataset_produces_2
[2024-10-07T14:43:29.144+0000] {logging_mixin.py:190} INFO - [2024-10-07T14:43:29.143+0000] {override.py:1900} INFO - Created Permission View: can delete on DAG Run:dataset_produces_2
[2024-10-07T14:43:29.147+0000] {logging_mixin.py:190} INFO - [2024-10-07T14:43:29.146+0000] {dag.py:3239} INFO - Sync 10 DAGs
[2024-10-07T14:43:29.186+0000] {logging_mixin.py:190} INFO - [2024-10-07T14:43:29.185+0000] {dag.py:3262} INFO - Creating ORM DAG for consume_1_or_both_2_and_3_with_dataset_expressions
[2024-10-07T14:43:29.190+0000] {logging_mixin.py:190} INFO - [2024-10-07T14:43:29.189+0000] {dag.py:3262} INFO - Creating ORM DAG for conditional_dataset_and_time_based_timetable
[2024-10-07T14:43:29.193+0000] {logging_mixin.py:190} INFO - [2024-10-07T14:43:29.192+0000] {dag.py:3262} INFO - Creating ORM DAG for dataset_consumes_1
[2024-10-07T14:43:29.196+0000] {logging_mixin.py:190} INFO - [2024-10-07T14:43:29.195+0000] {dag.py:3262} INFO - Creating ORM DAG for dataset_consumes_unknown_never_scheduled
[2024-10-07T14:43:29.200+0000] {logging_mixin.py:190} INFO - [2024-10-07T14:43:29.199+0000] {dag.py:3262} INFO - Creating ORM DAG for consume_1_and_2_with_dataset_expressions
[2024-10-07T14:43:29.204+0000] {logging_mixin.py:190} INFO - [2024-10-07T14:43:29.203+0000] {dag.py:3262} INFO - Creating ORM DAG for dataset_consumes_1_and_2
[2024-10-07T14:43:29.208+0000] {logging_mixin.py:190} INFO - [2024-10-07T14:43:29.207+0000] {dag.py:3262} INFO - Creating ORM DAG for dataset_consumes_1_never_scheduled
[2024-10-07T14:43:29.210+0000] {logging_mixin.py:190} INFO - [2024-10-07T14:43:29.210+0000] {dag.py:3262} INFO - Creating ORM DAG for dataset_produces_1
[2024-10-07T14:43:29.213+0000] {logging_mixin.py:190} INFO - [2024-10-07T14:43:29.213+0000] {dag.py:3262} INFO - Creating ORM DAG for consume_1_or_2_with_dataset_expressions
[2024-10-07T14:43:29.217+0000] {logging_mixin.py:190} INFO - [2024-10-07T14:43:29.216+0000] {dag.py:3262} INFO - Creating ORM DAG for dataset_produces_2
[2024-10-07T14:43:29.243+0000] {logging_mixin.py:190} INFO - [2024-10-07T14:43:29.242+0000] {dag.py:4180} INFO - Setting next_dagrun for conditional_dataset_and_time_based_timetable to 2024-10-02 01:00:00+00:00, run_after=2024-10-02 01:00:00+00:00
[2024-10-07T14:43:29.248+0000] {logging_mixin.py:190} INFO - [2024-10-07T14:43:29.247+0000] {dag.py:4180} INFO - Setting next_dagrun for consume_1_and_2_with_dataset_expressions to None, run_after=None
[2024-10-07T14:43:29.252+0000] {logging_mixin.py:190} INFO - [2024-10-07T14:43:29.251+0000] {dag.py:4180} INFO - Setting next_dagrun for consume_1_or_2_with_dataset_expressions to None, run_after=None
[2024-10-07T14:43:29.255+0000] {logging_mixin.py:190} INFO - [2024-10-07T14:43:29.255+0000] {dag.py:4180} INFO - Setting next_dagrun for consume_1_or_both_2_and_3_with_dataset_expressions to None, run_after=None
[2024-10-07T14:43:29.258+0000] {logging_mixin.py:190} INFO - [2024-10-07T14:43:29.257+0000] {dag.py:4180} INFO - Setting next_dagrun for dataset_consumes_1 to None, run_after=None
[2024-10-07T14:43:29.261+0000] {logging_mixin.py:190} INFO - [2024-10-07T14:43:29.260+0000] {dag.py:4180} INFO - Setting next_dagrun for dataset_consumes_1_and_2 to None, run_after=None
[2024-10-07T14:43:29.264+0000] {logging_mixin.py:190} INFO - [2024-10-07T14:43:29.264+0000] {dag.py:4180} INFO - Setting next_dagrun for dataset_consumes_1_never_scheduled to None, run_after=None
[2024-10-07T14:43:29.268+0000] {logging_mixin.py:190} INFO - [2024-10-07T14:43:29.267+0000] {dag.py:4180} INFO - Setting next_dagrun for dataset_consumes_unknown_never_scheduled to None, run_after=None
[2024-10-07T14:43:29.275+0000] {logging_mixin.py:190} INFO - [2024-10-07T14:43:29.274+0000] {dag.py:4180} INFO - Setting next_dagrun for dataset_produces_1 to 2024-10-06 00:00:00+00:00, run_after=2024-10-07 00:00:00+00:00
[2024-10-07T14:43:29.278+0000] {logging_mixin.py:190} INFO - [2024-10-07T14:43:29.277+0000] {dag.py:4180} INFO - Setting next_dagrun for dataset_produces_2 to None, run_after=None
[2024-10-07T14:43:29.473+0000] {processor.py:208} INFO - Processing /home/airflow/.local/lib/python3.12/site-packages/airflow/example_dags/example_datasets.py took 2.960 seconds
[2024-10-07T14:44:00.293+0000] {processor.py:186} INFO - Started process (PID=183) to work on /home/airflow/.local/lib/python3.12/site-packages/airflow/example_dags/example_datasets.py
[2024-10-07T14:44:00.296+0000] {processor.py:914} INFO - Processing file /home/airflow/.local/lib/python3.12/site-packages/airflow/example_dags/example_datasets.py for tasks to queue
[2024-10-07T14:44:00.304+0000] {logging_mixin.py:190} INFO - [2024-10-07T14:44:00.303+0000] {dagbag.py:588} INFO - Filling up the DagBag from /home/airflow/.local/lib/python3.12/site-packages/airflow/example_dags/example_datasets.py
[2024-10-07T14:44:00.497+0000] {processor.py:925} INFO - DAG(s) 'dataset_consumes_1_never_scheduled', 'dataset_produces_1', 'dataset_consumes_1_and_2', 'dataset_consumes_unknown_never_scheduled', 'consume_1_and_2_with_dataset_expressions', 'consume_1_or_both_2_and_3_with_dataset_expressions', 'dataset_consumes_1', 'consume_1_or_2_with_dataset_expressions', 'conditional_dataset_and_time_based_timetable', 'dataset_produces_2' retrieved from /home/airflow/.local/lib/python3.12/site-packages/airflow/example_dags/example_datasets.py
[2024-10-07T14:44:00.545+0000] {logging_mixin.py:190} INFO - [2024-10-07T14:44:00.544+0000] {dag.py:3239} INFO - Sync 10 DAGs
[2024-10-07T14:44:00.571+0000] {logging_mixin.py:190} INFO - [2024-10-07T14:44:00.571+0000] {dag.py:4180} INFO - Setting next_dagrun for conditional_dataset_and_time_based_timetable to 2024-10-02 01:00:00+00:00, run_after=2024-10-02 01:00:00+00:00
[2024-10-07T14:44:00.576+0000] {logging_mixin.py:190} INFO - [2024-10-07T14:44:00.576+0000] {dag.py:4180} INFO - Setting next_dagrun for consume_1_and_2_with_dataset_expressions to None, run_after=None
[2024-10-07T14:44:00.578+0000] {logging_mixin.py:190} INFO - [2024-10-07T14:44:00.578+0000] {dag.py:4180} INFO - Setting next_dagrun for consume_1_or_2_with_dataset_expressions to None, run_after=None
[2024-10-07T14:44:00.581+0000] {logging_mixin.py:190} INFO - [2024-10-07T14:44:00.581+0000] {dag.py:4180} INFO - Setting next_dagrun for consume_1_or_both_2_and_3_with_dataset_expressions to None, run_after=None
[2024-10-07T14:44:00.583+0000] {logging_mixin.py:190} INFO - [2024-10-07T14:44:00.583+0000] {dag.py:4180} INFO - Setting next_dagrun for dataset_consumes_1 to None, run_after=None
[2024-10-07T14:44:00.585+0000] {logging_mixin.py:190} INFO - [2024-10-07T14:44:00.585+0000] {dag.py:4180} INFO - Setting next_dagrun for dataset_consumes_1_and_2 to None, run_after=None
[2024-10-07T14:44:00.587+0000] {logging_mixin.py:190} INFO - [2024-10-07T14:44:00.587+0000] {dag.py:4180} INFO - Setting next_dagrun for dataset_consumes_1_never_scheduled to None, run_after=None
[2024-10-07T14:44:00.589+0000] {logging_mixin.py:190} INFO - [2024-10-07T14:44:00.589+0000] {dag.py:4180} INFO - Setting next_dagrun for dataset_consumes_unknown_never_scheduled to None, run_after=None
[2024-10-07T14:44:00.592+0000] {logging_mixin.py:190} INFO - [2024-10-07T14:44:00.592+0000] {dag.py:4180} INFO - Setting next_dagrun for dataset_produces_1 to 2024-10-06 00:00:00+00:00, run_after=2024-10-07 00:00:00+00:00
[2024-10-07T14:44:00.595+0000] {logging_mixin.py:190} INFO - [2024-10-07T14:44:00.594+0000] {dag.py:4180} INFO - Setting next_dagrun for dataset_produces_2 to None, run_after=None
[2024-10-07T14:44:00.629+0000] {processor.py:208} INFO - Processing /home/airflow/.local/lib/python3.12/site-packages/airflow/example_dags/example_datasets.py took 0.347 seconds
[2024-10-07T14:44:30.856+0000] {processor.py:186} INFO - Started process (PID=247) to work on /home/airflow/.local/lib/python3.12/site-packages/airflow/example_dags/example_datasets.py
[2024-10-07T14:44:30.859+0000] {processor.py:914} INFO - Processing file /home/airflow/.local/lib/python3.12/site-packages/airflow/example_dags/example_datasets.py for tasks to queue
[2024-10-07T14:44:30.863+0000] {logging_mixin.py:190} INFO - [2024-10-07T14:44:30.863+0000] {dagbag.py:588} INFO - Filling up the DagBag from /home/airflow/.local/lib/python3.12/site-packages/airflow/example_dags/example_datasets.py
[2024-10-07T14:44:31.009+0000] {processor.py:925} INFO - DAG(s) 'consume_1_or_both_2_and_3_with_dataset_expressions', 'dataset_consumes_unknown_never_scheduled', 'conditional_dataset_and_time_based_timetable', 'dataset_consumes_1_and_2', 'dataset_produces_2', 'consume_1_or_2_with_dataset_expressions', 'dataset_consumes_1_never_scheduled', 'dataset_consumes_1', 'dataset_produces_1', 'consume_1_and_2_with_dataset_expressions' retrieved from /home/airflow/.local/lib/python3.12/site-packages/airflow/example_dags/example_datasets.py
[2024-10-07T14:44:31.079+0000] {logging_mixin.py:190} INFO - [2024-10-07T14:44:31.078+0000] {dag.py:3239} INFO - Sync 10 DAGs
[2024-10-07T14:44:31.111+0000] {logging_mixin.py:190} INFO - [2024-10-07T14:44:31.111+0000] {dag.py:4180} INFO - Setting next_dagrun for conditional_dataset_and_time_based_timetable to 2024-10-02 01:00:00+00:00, run_after=2024-10-02 01:00:00+00:00
[2024-10-07T14:44:31.117+0000] {logging_mixin.py:190} INFO - [2024-10-07T14:44:31.117+0000] {dag.py:4180} INFO - Setting next_dagrun for consume_1_and_2_with_dataset_expressions to None, run_after=None
[2024-10-07T14:44:31.120+0000] {logging_mixin.py:190} INFO - [2024-10-07T14:44:31.120+0000] {dag.py:4180} INFO - Setting next_dagrun for consume_1_or_2_with_dataset_expressions to None, run_after=None
[2024-10-07T14:44:31.123+0000] {logging_mixin.py:190} INFO - [2024-10-07T14:44:31.123+0000] {dag.py:4180} INFO - Setting next_dagrun for consume_1_or_both_2_and_3_with_dataset_expressions to None, run_after=None
[2024-10-07T14:44:31.126+0000] {logging_mixin.py:190} INFO - [2024-10-07T14:44:31.126+0000] {dag.py:4180} INFO - Setting next_dagrun for dataset_consumes_1 to None, run_after=None
[2024-10-07T14:44:31.130+0000] {logging_mixin.py:190} INFO - [2024-10-07T14:44:31.130+0000] {dag.py:4180} INFO - Setting next_dagrun for dataset_consumes_1_and_2 to None, run_after=None
[2024-10-07T14:44:31.133+0000] {logging_mixin.py:190} INFO - [2024-10-07T14:44:31.132+0000] {dag.py:4180} INFO - Setting next_dagrun for dataset_consumes_1_never_scheduled to None, run_after=None
[2024-10-07T14:44:31.141+0000] {logging_mixin.py:190} INFO - [2024-10-07T14:44:31.140+0000] {dag.py:4180} INFO - Setting next_dagrun for dataset_consumes_unknown_never_scheduled to None, run_after=None
[2024-10-07T14:44:31.146+0000] {logging_mixin.py:190} INFO - [2024-10-07T14:44:31.146+0000] {dag.py:4180} INFO - Setting next_dagrun for dataset_produces_1 to 2024-10-06 00:00:00+00:00, run_after=2024-10-07 00:00:00+00:00
[2024-10-07T14:44:31.151+0000] {logging_mixin.py:190} INFO - [2024-10-07T14:44:31.151+0000] {dag.py:4180} INFO - Setting next_dagrun for dataset_produces_2 to None, run_after=None
[2024-10-07T14:44:31.205+0000] {processor.py:208} INFO - Processing /home/airflow/.local/lib/python3.12/site-packages/airflow/example_dags/example_datasets.py took 0.361 seconds
[2024-10-07T14:45:01.353+0000] {processor.py:186} INFO - Started process (PID=309) to work on /home/airflow/.local/lib/python3.12/site-packages/airflow/example_dags/example_datasets.py
[2024-10-07T14:45:01.355+0000] {processor.py:914} INFO - Processing file /home/airflow/.local/lib/python3.12/site-packages/airflow/example_dags/example_datasets.py for tasks to queue
[2024-10-07T14:45:01.359+0000] {logging_mixin.py:190} INFO - [2024-10-07T14:45:01.359+0000] {dagbag.py:588} INFO - Filling up the DagBag from /home/airflow/.local/lib/python3.12/site-packages/airflow/example_dags/example_datasets.py
[2024-10-07T14:45:01.547+0000] {processor.py:925} INFO - DAG(s) 'conditional_dataset_and_time_based_timetable', 'dataset_consumes_1_and_2', 'consume_1_or_2_with_dataset_expressions', 'dataset_consumes_1_never_scheduled', 'dataset_consumes_1', 'dataset_produces_1', 'dataset_produces_2', 'consume_1_or_both_2_and_3_with_dataset_expressions', 'consume_1_and_2_with_dataset_expressions', 'dataset_consumes_unknown_never_scheduled' retrieved from /home/airflow/.local/lib/python3.12/site-packages/airflow/example_dags/example_datasets.py
[2024-10-07T14:45:01.600+0000] {logging_mixin.py:190} INFO - [2024-10-07T14:45:01.599+0000] {dag.py:3239} INFO - Sync 10 DAGs
[2024-10-07T14:45:01.626+0000] {logging_mixin.py:190} INFO - [2024-10-07T14:45:01.626+0000] {dag.py:4180} INFO - Setting next_dagrun for conditional_dataset_and_time_based_timetable to 2024-10-02 01:00:00+00:00, run_after=2024-10-02 01:00:00+00:00
[2024-10-07T14:45:01.634+0000] {logging_mixin.py:190} INFO - [2024-10-07T14:45:01.634+0000] {dag.py:4180} INFO - Setting next_dagrun for consume_1_and_2_with_dataset_expressions to None, run_after=None
[2024-10-07T14:45:01.638+0000] {logging_mixin.py:190} INFO - [2024-10-07T14:45:01.638+0000] {dag.py:4180} INFO - Setting next_dagrun for consume_1_or_2_with_dataset_expressions to None, run_after=None
[2024-10-07T14:45:01.643+0000] {logging_mixin.py:190} INFO - [2024-10-07T14:45:01.643+0000] {dag.py:4180} INFO - Setting next_dagrun for consume_1_or_both_2_and_3_with_dataset_expressions to None, run_after=None
[2024-10-07T14:45:01.648+0000] {logging_mixin.py:190} INFO - [2024-10-07T14:45:01.648+0000] {dag.py:4180} INFO - Setting next_dagrun for dataset_consumes_1 to None, run_after=None
[2024-10-07T14:45:01.653+0000] {logging_mixin.py:190} INFO - [2024-10-07T14:45:01.652+0000] {dag.py:4180} INFO - Setting next_dagrun for dataset_consumes_1_and_2 to None, run_after=None
[2024-10-07T14:45:01.661+0000] {logging_mixin.py:190} INFO - [2024-10-07T14:45:01.661+0000] {dag.py:4180} INFO - Setting next_dagrun for dataset_consumes_1_never_scheduled to None, run_after=None
[2024-10-07T14:45:01.670+0000] {logging_mixin.py:190} INFO - [2024-10-07T14:45:01.670+0000] {dag.py:4180} INFO - Setting next_dagrun for dataset_consumes_unknown_never_scheduled to None, run_after=None
[2024-10-07T14:45:01.676+0000] {logging_mixin.py:190} INFO - [2024-10-07T14:45:01.675+0000] {dag.py:4180} INFO - Setting next_dagrun for dataset_produces_1 to 2024-10-06 00:00:00+00:00, run_after=2024-10-07 00:00:00+00:00
[2024-10-07T14:45:01.680+0000] {logging_mixin.py:190} INFO - [2024-10-07T14:45:01.680+0000] {dag.py:4180} INFO - Setting next_dagrun for dataset_produces_2 to None, run_after=None
[2024-10-07T14:45:01.726+0000] {processor.py:208} INFO - Processing /home/airflow/.local/lib/python3.12/site-packages/airflow/example_dags/example_datasets.py took 0.379 seconds
[2024-10-07T14:45:31.843+0000] {processor.py:186} INFO - Started process (PID=370) to work on /home/airflow/.local/lib/python3.12/site-packages/airflow/example_dags/example_datasets.py
[2024-10-07T14:45:31.846+0000] {processor.py:914} INFO - Processing file /home/airflow/.local/lib/python3.12/site-packages/airflow/example_dags/example_datasets.py for tasks to queue
[2024-10-07T14:45:31.852+0000] {logging_mixin.py:190} INFO - [2024-10-07T14:45:31.851+0000] {dagbag.py:588} INFO - Filling up the DagBag from /home/airflow/.local/lib/python3.12/site-packages/airflow/example_dags/example_datasets.py
[2024-10-07T14:45:32.015+0000] {processor.py:925} INFO - DAG(s) 'consume_1_and_2_with_dataset_expressions', 'consume_1_or_both_2_and_3_with_dataset_expressions', 'dataset_consumes_unknown_never_scheduled', 'dataset_consumes_1_and_2', 'dataset_produces_1', 'dataset_consumes_1_never_scheduled', 'consume_1_or_2_with_dataset_expressions', 'conditional_dataset_and_time_based_timetable', 'dataset_consumes_1', 'dataset_produces_2' retrieved from /home/airflow/.local/lib/python3.12/site-packages/airflow/example_dags/example_datasets.py
[2024-10-07T14:45:32.059+0000] {logging_mixin.py:190} INFO - [2024-10-07T14:45:32.058+0000] {dag.py:3239} INFO - Sync 10 DAGs
[2024-10-07T14:45:32.085+0000] {logging_mixin.py:190} INFO - [2024-10-07T14:45:32.085+0000] {dag.py:4180} INFO - Setting next_dagrun for conditional_dataset_and_time_based_timetable to 2024-10-02 01:00:00+00:00, run_after=2024-10-02 01:00:00+00:00
[2024-10-07T14:45:32.090+0000] {logging_mixin.py:190} INFO - [2024-10-07T14:45:32.090+0000] {dag.py:4180} INFO - Setting next_dagrun for consume_1_and_2_with_dataset_expressions to None, run_after=None
[2024-10-07T14:45:32.095+0000] {logging_mixin.py:190} INFO - [2024-10-07T14:45:32.095+0000] {dag.py:4180} INFO - Setting next_dagrun for consume_1_or_2_with_dataset_expressions to None, run_after=None
[2024-10-07T14:45:32.098+0000] {logging_mixin.py:190} INFO - [2024-10-07T14:45:32.097+0000] {dag.py:4180} INFO - Setting next_dagrun for consume_1_or_both_2_and_3_with_dataset_expressions to None, run_after=None
[2024-10-07T14:45:32.100+0000] {logging_mixin.py:190} INFO - [2024-10-07T14:45:32.100+0000] {dag.py:4180} INFO - Setting next_dagrun for dataset_consumes_1 to None, run_after=None
[2024-10-07T14:45:32.102+0000] {logging_mixin.py:190} INFO - [2024-10-07T14:45:32.102+0000] {dag.py:4180} INFO - Setting next_dagrun for dataset_consumes_1_and_2 to None, run_after=None
[2024-10-07T14:45:32.104+0000] {logging_mixin.py:190} INFO - [2024-10-07T14:45:32.104+0000] {dag.py:4180} INFO - Setting next_dagrun for dataset_consumes_1_never_scheduled to None, run_after=None
[2024-10-07T14:45:32.107+0000] {logging_mixin.py:190} INFO - [2024-10-07T14:45:32.107+0000] {dag.py:4180} INFO - Setting next_dagrun for dataset_consumes_unknown_never_scheduled to None, run_after=None
[2024-10-07T14:45:32.113+0000] {logging_mixin.py:190} INFO - [2024-10-07T14:45:32.113+0000] {dag.py:4180} INFO - Setting next_dagrun for dataset_produces_1 to 2024-10-06 00:00:00+00:00, run_after=2024-10-07 00:00:00+00:00
[2024-10-07T14:45:32.115+0000] {logging_mixin.py:190} INFO - [2024-10-07T14:45:32.115+0000] {dag.py:4180} INFO - Setting next_dagrun for dataset_produces_2 to None, run_after=None
[2024-10-07T14:45:32.154+0000] {processor.py:208} INFO - Processing /home/airflow/.local/lib/python3.12/site-packages/airflow/example_dags/example_datasets.py took 0.325 seconds
[2024-10-07T14:46:02.303+0000] {processor.py:186} INFO - Started process (PID=433) to work on /home/airflow/.local/lib/python3.12/site-packages/airflow/example_dags/example_datasets.py
[2024-10-07T14:46:02.305+0000] {processor.py:914} INFO - Processing file /home/airflow/.local/lib/python3.12/site-packages/airflow/example_dags/example_datasets.py for tasks to queue
[2024-10-07T14:46:02.308+0000] {logging_mixin.py:190} INFO - [2024-10-07T14:46:02.308+0000] {dagbag.py:588} INFO - Filling up the DagBag from /home/airflow/.local/lib/python3.12/site-packages/airflow/example_dags/example_datasets.py
[2024-10-07T14:46:02.586+0000] {processor.py:925} INFO - DAG(s) 'dataset_produces_2', 'dataset_produces_1', 'dataset_consumes_1_never_scheduled', 'consume_1_and_2_with_dataset_expressions', 'dataset_consumes_unknown_never_scheduled', 'conditional_dataset_and_time_based_timetable', 'consume_1_or_2_with_dataset_expressions', 'consume_1_or_both_2_and_3_with_dataset_expressions', 'dataset_consumes_1_and_2', 'dataset_consumes_1' retrieved from /home/airflow/.local/lib/python3.12/site-packages/airflow/example_dags/example_datasets.py
[2024-10-07T14:46:02.665+0000] {logging_mixin.py:190} INFO - [2024-10-07T14:46:02.665+0000] {dag.py:3239} INFO - Sync 10 DAGs
[2024-10-07T14:46:02.711+0000] {logging_mixin.py:190} INFO - [2024-10-07T14:46:02.711+0000] {dag.py:4180} INFO - Setting next_dagrun for conditional_dataset_and_time_based_timetable to 2024-10-02 01:00:00+00:00, run_after=2024-10-02 01:00:00+00:00
[2024-10-07T14:46:02.720+0000] {logging_mixin.py:190} INFO - [2024-10-07T14:46:02.719+0000] {dag.py:4180} INFO - Setting next_dagrun for consume_1_and_2_with_dataset_expressions to None, run_after=None
[2024-10-07T14:46:02.724+0000] {logging_mixin.py:190} INFO - [2024-10-07T14:46:02.724+0000] {dag.py:4180} INFO - Setting next_dagrun for consume_1_or_2_with_dataset_expressions to None, run_after=None
[2024-10-07T14:46:02.727+0000] {logging_mixin.py:190} INFO - [2024-10-07T14:46:02.727+0000] {dag.py:4180} INFO - Setting next_dagrun for consume_1_or_both_2_and_3_with_dataset_expressions to None, run_after=None
[2024-10-07T14:46:02.732+0000] {logging_mixin.py:190} INFO - [2024-10-07T14:46:02.732+0000] {dag.py:4180} INFO - Setting next_dagrun for dataset_consumes_1 to None, run_after=None
[2024-10-07T14:46:02.737+0000] {logging_mixin.py:190} INFO - [2024-10-07T14:46:02.736+0000] {dag.py:4180} INFO - Setting next_dagrun for dataset_consumes_1_and_2 to None, run_after=None
[2024-10-07T14:46:02.743+0000] {logging_mixin.py:190} INFO - [2024-10-07T14:46:02.742+0000] {dag.py:4180} INFO - Setting next_dagrun for dataset_consumes_1_never_scheduled to None, run_after=None
[2024-10-07T14:46:02.746+0000] {logging_mixin.py:190} INFO - [2024-10-07T14:46:02.746+0000] {dag.py:4180} INFO - Setting next_dagrun for dataset_consumes_unknown_never_scheduled to None, run_after=None
[2024-10-07T14:46:02.757+0000] {logging_mixin.py:190} INFO - [2024-10-07T14:46:02.757+0000] {dag.py:4180} INFO - Setting next_dagrun for dataset_produces_1 to 2024-10-06 00:00:00+00:00, run_after=2024-10-07 00:00:00+00:00
[2024-10-07T14:46:02.761+0000] {logging_mixin.py:190} INFO - [2024-10-07T14:46:02.761+0000] {dag.py:4180} INFO - Setting next_dagrun for dataset_produces_2 to None, run_after=None
[2024-10-07T14:46:02.834+0000] {processor.py:208} INFO - Processing /home/airflow/.local/lib/python3.12/site-packages/airflow/example_dags/example_datasets.py took 0.540 seconds
[2024-10-07T14:46:33.657+0000] {processor.py:186} INFO - Started process (PID=495) to work on /home/airflow/.local/lib/python3.12/site-packages/airflow/example_dags/example_datasets.py
[2024-10-07T14:46:33.660+0000] {processor.py:914} INFO - Processing file /home/airflow/.local/lib/python3.12/site-packages/airflow/example_dags/example_datasets.py for tasks to queue
[2024-10-07T14:46:33.665+0000] {logging_mixin.py:190} INFO - [2024-10-07T14:46:33.665+0000] {dagbag.py:588} INFO - Filling up the DagBag from /home/airflow/.local/lib/python3.12/site-packages/airflow/example_dags/example_datasets.py
[2024-10-07T14:46:33.972+0000] {processor.py:925} INFO - DAG(s) 'dataset_produces_2', 'dataset_consumes_1_and_2', 'dataset_produces_1', 'consume_1_or_2_with_dataset_expressions', 'consume_1_or_both_2_and_3_with_dataset_expressions', 'conditional_dataset_and_time_based_timetable', 'dataset_consumes_1', 'dataset_consumes_1_never_scheduled', 'dataset_consumes_unknown_never_scheduled', 'consume_1_and_2_with_dataset_expressions' retrieved from /home/airflow/.local/lib/python3.12/site-packages/airflow/example_dags/example_datasets.py
[2024-10-07T14:46:34.080+0000] {logging_mixin.py:190} INFO - [2024-10-07T14:46:34.079+0000] {dag.py:3239} INFO - Sync 10 DAGs
[2024-10-07T14:46:34.160+0000] {logging_mixin.py:190} INFO - [2024-10-07T14:46:34.160+0000] {dag.py:4180} INFO - Setting next_dagrun for conditional_dataset_and_time_based_timetable to 2024-10-02 01:00:00+00:00, run_after=2024-10-02 01:00:00+00:00
[2024-10-07T14:46:34.172+0000] {logging_mixin.py:190} INFO - [2024-10-07T14:46:34.172+0000] {dag.py:4180} INFO - Setting next_dagrun for consume_1_and_2_with_dataset_expressions to None, run_after=None
[2024-10-07T14:46:34.179+0000] {logging_mixin.py:190} INFO - [2024-10-07T14:46:34.178+0000] {dag.py:4180} INFO - Setting next_dagrun for consume_1_or_2_with_dataset_expressions to None, run_after=None
[2024-10-07T14:46:34.185+0000] {logging_mixin.py:190} INFO - [2024-10-07T14:46:34.184+0000] {dag.py:4180} INFO - Setting next_dagrun for consume_1_or_both_2_and_3_with_dataset_expressions to None, run_after=None
[2024-10-07T14:46:34.192+0000] {logging_mixin.py:190} INFO - [2024-10-07T14:46:34.191+0000] {dag.py:4180} INFO - Setting next_dagrun for dataset_consumes_1 to None, run_after=None
[2024-10-07T14:46:34.198+0000] {logging_mixin.py:190} INFO - [2024-10-07T14:46:34.198+0000] {dag.py:4180} INFO - Setting next_dagrun for dataset_consumes_1_and_2 to None, run_after=None
[2024-10-07T14:46:34.205+0000] {logging_mixin.py:190} INFO - [2024-10-07T14:46:34.205+0000] {dag.py:4180} INFO - Setting next_dagrun for dataset_consumes_1_never_scheduled to None, run_after=None
[2024-10-07T14:46:34.212+0000] {logging_mixin.py:190} INFO - [2024-10-07T14:46:34.211+0000] {dag.py:4180} INFO - Setting next_dagrun for dataset_consumes_unknown_never_scheduled to None, run_after=None
[2024-10-07T14:46:34.220+0000] {logging_mixin.py:190} INFO - [2024-10-07T14:46:34.220+0000] {dag.py:4180} INFO - Setting next_dagrun for dataset_produces_1 to 2024-10-06 00:00:00+00:00, run_after=2024-10-07 00:00:00+00:00
[2024-10-07T14:46:34.226+0000] {logging_mixin.py:190} INFO - [2024-10-07T14:46:34.225+0000] {dag.py:4180} INFO - Setting next_dagrun for dataset_produces_2 to None, run_after=None
[2024-10-07T14:46:34.338+0000] {processor.py:208} INFO - Processing /home/airflow/.local/lib/python3.12/site-packages/airflow/example_dags/example_datasets.py took 0.691 seconds
[2024-10-07T14:47:04.458+0000] {processor.py:186} INFO - Started process (PID=558) to work on /home/airflow/.local/lib/python3.12/site-packages/airflow/example_dags/example_datasets.py
[2024-10-07T14:47:04.460+0000] {processor.py:914} INFO - Processing file /home/airflow/.local/lib/python3.12/site-packages/airflow/example_dags/example_datasets.py for tasks to queue
[2024-10-07T14:47:04.464+0000] {logging_mixin.py:190} INFO - [2024-10-07T14:47:04.464+0000] {dagbag.py:588} INFO - Filling up the DagBag from /home/airflow/.local/lib/python3.12/site-packages/airflow/example_dags/example_datasets.py
[2024-10-07T14:47:04.678+0000] {processor.py:925} INFO - DAG(s) 'dataset_consumes_unknown_never_scheduled', 'consume_1_or_both_2_and_3_with_dataset_expressions', 'conditional_dataset_and_time_based_timetable', 'dataset_produces_2', 'dataset_produces_1', 'dataset_consumes_1_and_2', 'dataset_consumes_1', 'consume_1_or_2_with_dataset_expressions', 'consume_1_and_2_with_dataset_expressions', 'dataset_consumes_1_never_scheduled' retrieved from /home/airflow/.local/lib/python3.12/site-packages/airflow/example_dags/example_datasets.py
[2024-10-07T14:47:04.743+0000] {logging_mixin.py:190} INFO - [2024-10-07T14:47:04.742+0000] {dag.py:3239} INFO - Sync 10 DAGs
[2024-10-07T14:47:04.785+0000] {logging_mixin.py:190} INFO - [2024-10-07T14:47:04.784+0000] {dag.py:4180} INFO - Setting next_dagrun for conditional_dataset_and_time_based_timetable to 2024-10-02 01:00:00+00:00, run_after=2024-10-02 01:00:00+00:00
[2024-10-07T14:47:04.791+0000] {logging_mixin.py:190} INFO - [2024-10-07T14:47:04.791+0000] {dag.py:4180} INFO - Setting next_dagrun for consume_1_and_2_with_dataset_expressions to None, run_after=None
[2024-10-07T14:47:04.795+0000] {logging_mixin.py:190} INFO - [2024-10-07T14:47:04.795+0000] {dag.py:4180} INFO - Setting next_dagrun for consume_1_or_2_with_dataset_expressions to None, run_after=None
[2024-10-07T14:47:04.799+0000] {logging_mixin.py:190} INFO - [2024-10-07T14:47:04.799+0000] {dag.py:4180} INFO - Setting next_dagrun for consume_1_or_both_2_and_3_with_dataset_expressions to None, run_after=None
[2024-10-07T14:47:04.802+0000] {logging_mixin.py:190} INFO - [2024-10-07T14:47:04.802+0000] {dag.py:4180} INFO - Setting next_dagrun for dataset_consumes_1 to None, run_after=None
[2024-10-07T14:47:04.807+0000] {logging_mixin.py:190} INFO - [2024-10-07T14:47:04.807+0000] {dag.py:4180} INFO - Setting next_dagrun for dataset_consumes_1_and_2 to None, run_after=None
[2024-10-07T14:47:04.811+0000] {logging_mixin.py:190} INFO - [2024-10-07T14:47:04.810+0000] {dag.py:4180} INFO - Setting next_dagrun for dataset_consumes_1_never_scheduled to None, run_after=None
[2024-10-07T14:47:04.815+0000] {logging_mixin.py:190} INFO - [2024-10-07T14:47:04.814+0000] {dag.py:4180} INFO - Setting next_dagrun for dataset_consumes_unknown_never_scheduled to None, run_after=None
[2024-10-07T14:47:04.825+0000] {logging_mixin.py:190} INFO - [2024-10-07T14:47:04.824+0000] {dag.py:4180} INFO - Setting next_dagrun for dataset_produces_1 to 2024-10-06 00:00:00+00:00, run_after=2024-10-07 00:00:00+00:00
[2024-10-07T14:47:04.831+0000] {logging_mixin.py:190} INFO - [2024-10-07T14:47:04.830+0000] {dag.py:4180} INFO - Setting next_dagrun for dataset_produces_2 to None, run_after=None
[2024-10-07T14:47:04.894+0000] {processor.py:208} INFO - Processing /home/airflow/.local/lib/python3.12/site-packages/airflow/example_dags/example_datasets.py took 0.443 seconds
[2024-10-07T14:47:35.920+0000] {processor.py:186} INFO - Started process (PID=621) to work on /home/airflow/.local/lib/python3.12/site-packages/airflow/example_dags/example_datasets.py
[2024-10-07T14:47:35.921+0000] {processor.py:914} INFO - Processing file /home/airflow/.local/lib/python3.12/site-packages/airflow/example_dags/example_datasets.py for tasks to queue
[2024-10-07T14:47:35.924+0000] {logging_mixin.py:190} INFO - [2024-10-07T14:47:35.924+0000] {dagbag.py:588} INFO - Filling up the DagBag from /home/airflow/.local/lib/python3.12/site-packages/airflow/example_dags/example_datasets.py
[2024-10-07T14:47:36.089+0000] {processor.py:925} INFO - DAG(s) 'dataset_produces_2', 'consume_1_and_2_with_dataset_expressions', 'dataset_produces_1', 'conditional_dataset_and_time_based_timetable', 'consume_1_or_both_2_and_3_with_dataset_expressions', 'dataset_consumes_unknown_never_scheduled', 'consume_1_or_2_with_dataset_expressions', 'dataset_consumes_1', 'dataset_consumes_1_never_scheduled', 'dataset_consumes_1_and_2' retrieved from /home/airflow/.local/lib/python3.12/site-packages/airflow/example_dags/example_datasets.py
[2024-10-07T14:47:36.155+0000] {logging_mixin.py:190} INFO - [2024-10-07T14:47:36.154+0000] {dag.py:3239} INFO - Sync 10 DAGs
[2024-10-07T14:47:36.192+0000] {logging_mixin.py:190} INFO - [2024-10-07T14:47:36.192+0000] {dag.py:4180} INFO - Setting next_dagrun for conditional_dataset_and_time_based_timetable to 2024-10-02 01:00:00+00:00, run_after=2024-10-02 01:00:00+00:00
[2024-10-07T14:47:36.196+0000] {logging_mixin.py:190} INFO - [2024-10-07T14:47:36.196+0000] {dag.py:4180} INFO - Setting next_dagrun for consume_1_and_2_with_dataset_expressions to None, run_after=None
[2024-10-07T14:47:36.199+0000] {logging_mixin.py:190} INFO - [2024-10-07T14:47:36.198+0000] {dag.py:4180} INFO - Setting next_dagrun for consume_1_or_2_with_dataset_expressions to None, run_after=None
[2024-10-07T14:47:36.201+0000] {logging_mixin.py:190} INFO - [2024-10-07T14:47:36.201+0000] {dag.py:4180} INFO - Setting next_dagrun for consume_1_or_both_2_and_3_with_dataset_expressions to None, run_after=None
[2024-10-07T14:47:36.204+0000] {logging_mixin.py:190} INFO - [2024-10-07T14:47:36.203+0000] {dag.py:4180} INFO - Setting next_dagrun for dataset_consumes_1 to None, run_after=None
[2024-10-07T14:47:36.207+0000] {logging_mixin.py:190} INFO - [2024-10-07T14:47:36.207+0000] {dag.py:4180} INFO - Setting next_dagrun for dataset_consumes_1_and_2 to None, run_after=None
[2024-10-07T14:47:36.210+0000] {logging_mixin.py:190} INFO - [2024-10-07T14:47:36.209+0000] {dag.py:4180} INFO - Setting next_dagrun for dataset_consumes_1_never_scheduled to None, run_after=None
[2024-10-07T14:47:36.212+0000] {logging_mixin.py:190} INFO - [2024-10-07T14:47:36.211+0000] {dag.py:4180} INFO - Setting next_dagrun for dataset_consumes_unknown_never_scheduled to None, run_after=None
[2024-10-07T14:47:36.214+0000] {logging_mixin.py:190} INFO - [2024-10-07T14:47:36.214+0000] {dag.py:4180} INFO - Setting next_dagrun for dataset_produces_1 to 2024-10-06 00:00:00+00:00, run_after=2024-10-07 00:00:00+00:00
[2024-10-07T14:47:36.217+0000] {logging_mixin.py:190} INFO - [2024-10-07T14:47:36.217+0000] {dag.py:4180} INFO - Setting next_dagrun for dataset_produces_2 to None, run_after=None
[2024-10-07T14:47:36.252+0000] {processor.py:208} INFO - Processing /home/airflow/.local/lib/python3.12/site-packages/airflow/example_dags/example_datasets.py took 0.337 seconds
[2024-10-07T14:48:06.650+0000] {processor.py:186} INFO - Started process (PID=683) to work on /home/airflow/.local/lib/python3.12/site-packages/airflow/example_dags/example_datasets.py
[2024-10-07T14:48:06.654+0000] {processor.py:914} INFO - Processing file /home/airflow/.local/lib/python3.12/site-packages/airflow/example_dags/example_datasets.py for tasks to queue
[2024-10-07T14:48:06.658+0000] {logging_mixin.py:190} INFO - [2024-10-07T14:48:06.657+0000] {dagbag.py:588} INFO - Filling up the DagBag from /home/airflow/.local/lib/python3.12/site-packages/airflow/example_dags/example_datasets.py
[2024-10-07T14:48:06.843+0000] {processor.py:925} INFO - DAG(s) 'consume_1_or_both_2_and_3_with_dataset_expressions', 'consume_1_or_2_with_dataset_expressions', 'dataset_produces_1', 'dataset_consumes_unknown_never_scheduled', 'dataset_consumes_1_and_2', 'conditional_dataset_and_time_based_timetable', 'dataset_consumes_1_never_scheduled', 'dataset_produces_2', 'consume_1_and_2_with_dataset_expressions', 'dataset_consumes_1' retrieved from /home/airflow/.local/lib/python3.12/site-packages/airflow/example_dags/example_datasets.py
[2024-10-07T14:48:06.902+0000] {logging_mixin.py:190} INFO - [2024-10-07T14:48:06.901+0000] {dag.py:3239} INFO - Sync 10 DAGs
[2024-10-07T14:48:06.934+0000] {logging_mixin.py:190} INFO - [2024-10-07T14:48:06.933+0000] {dag.py:4180} INFO - Setting next_dagrun for conditional_dataset_and_time_based_timetable to 2024-10-02 01:00:00+00:00, run_after=2024-10-02 01:00:00+00:00
[2024-10-07T14:48:06.939+0000] {logging_mixin.py:190} INFO - [2024-10-07T14:48:06.939+0000] {dag.py:4180} INFO - Setting next_dagrun for consume_1_and_2_with_dataset_expressions to None, run_after=None
[2024-10-07T14:48:06.943+0000] {logging_mixin.py:190} INFO - [2024-10-07T14:48:06.942+0000] {dag.py:4180} INFO - Setting next_dagrun for consume_1_or_2_with_dataset_expressions to None, run_after=None
[2024-10-07T14:48:06.945+0000] {logging_mixin.py:190} INFO - [2024-10-07T14:48:06.945+0000] {dag.py:4180} INFO - Setting next_dagrun for consume_1_or_both_2_and_3_with_dataset_expressions to None, run_after=None
[2024-10-07T14:48:06.948+0000] {logging_mixin.py:190} INFO - [2024-10-07T14:48:06.947+0000] {dag.py:4180} INFO - Setting next_dagrun for dataset_consumes_1 to None, run_after=None
[2024-10-07T14:48:06.950+0000] {logging_mixin.py:190} INFO - [2024-10-07T14:48:06.950+0000] {dag.py:4180} INFO - Setting next_dagrun for dataset_consumes_1_and_2 to None, run_after=None
[2024-10-07T14:48:06.954+0000] {logging_mixin.py:190} INFO - [2024-10-07T14:48:06.954+0000] {dag.py:4180} INFO - Setting next_dagrun for dataset_consumes_1_never_scheduled to None, run_after=None
[2024-10-07T14:48:06.956+0000] {logging_mixin.py:190} INFO - [2024-10-07T14:48:06.956+0000] {dag.py:4180} INFO - Setting next_dagrun for dataset_consumes_unknown_never_scheduled to None, run_after=None
[2024-10-07T14:48:06.960+0000] {logging_mixin.py:190} INFO - [2024-10-07T14:48:06.960+0000] {dag.py:4180} INFO - Setting next_dagrun for dataset_produces_1 to 2024-10-06 00:00:00+00:00, run_after=2024-10-07 00:00:00+00:00
[2024-10-07T14:48:06.963+0000] {logging_mixin.py:190} INFO - [2024-10-07T14:48:06.963+0000] {dag.py:4180} INFO - Setting next_dagrun for dataset_produces_2 to None, run_after=None
[2024-10-07T14:48:07.009+0000] {processor.py:208} INFO - Processing /home/airflow/.local/lib/python3.12/site-packages/airflow/example_dags/example_datasets.py took 0.368 seconds
[2024-10-07T14:48:37.183+0000] {processor.py:186} INFO - Started process (PID=748) to work on /home/airflow/.local/lib/python3.12/site-packages/airflow/example_dags/example_datasets.py
[2024-10-07T14:48:37.185+0000] {processor.py:914} INFO - Processing file /home/airflow/.local/lib/python3.12/site-packages/airflow/example_dags/example_datasets.py for tasks to queue
[2024-10-07T14:48:37.188+0000] {logging_mixin.py:190} INFO - [2024-10-07T14:48:37.188+0000] {dagbag.py:588} INFO - Filling up the DagBag from /home/airflow/.local/lib/python3.12/site-packages/airflow/example_dags/example_datasets.py
[2024-10-07T14:48:37.347+0000] {processor.py:925} INFO - DAG(s) 'dataset_consumes_1_never_scheduled', 'conditional_dataset_and_time_based_timetable', 'dataset_produces_1', 'consume_1_or_both_2_and_3_with_dataset_expressions', 'dataset_consumes_unknown_never_scheduled', 'dataset_consumes_1_and_2', 'dataset_produces_2', 'consume_1_and_2_with_dataset_expressions', 'dataset_consumes_1', 'consume_1_or_2_with_dataset_expressions' retrieved from /home/airflow/.local/lib/python3.12/site-packages/airflow/example_dags/example_datasets.py
[2024-10-07T14:48:37.402+0000] {logging_mixin.py:190} INFO - [2024-10-07T14:48:37.402+0000] {dag.py:3239} INFO - Sync 10 DAGs
[2024-10-07T14:48:37.429+0000] {logging_mixin.py:190} INFO - [2024-10-07T14:48:37.429+0000] {dag.py:4180} INFO - Setting next_dagrun for conditional_dataset_and_time_based_timetable to 2024-10-02 01:00:00+00:00, run_after=2024-10-02 01:00:00+00:00
[2024-10-07T14:48:37.433+0000] {logging_mixin.py:190} INFO - [2024-10-07T14:48:37.433+0000] {dag.py:4180} INFO - Setting next_dagrun for consume_1_and_2_with_dataset_expressions to None, run_after=None
[2024-10-07T14:48:37.436+0000] {logging_mixin.py:190} INFO - [2024-10-07T14:48:37.436+0000] {dag.py:4180} INFO - Setting next_dagrun for consume_1_or_2_with_dataset_expressions to None, run_after=None
[2024-10-07T14:48:37.438+0000] {logging_mixin.py:190} INFO - [2024-10-07T14:48:37.438+0000] {dag.py:4180} INFO - Setting next_dagrun for consume_1_or_both_2_and_3_with_dataset_expressions to None, run_after=None
[2024-10-07T14:48:37.440+0000] {logging_mixin.py:190} INFO - [2024-10-07T14:48:37.440+0000] {dag.py:4180} INFO - Setting next_dagrun for dataset_consumes_1 to None, run_after=None
[2024-10-07T14:48:37.443+0000] {logging_mixin.py:190} INFO - [2024-10-07T14:48:37.442+0000] {dag.py:4180} INFO - Setting next_dagrun for dataset_consumes_1_and_2 to None, run_after=None
[2024-10-07T14:48:37.445+0000] {logging_mixin.py:190} INFO - [2024-10-07T14:48:37.445+0000] {dag.py:4180} INFO - Setting next_dagrun for dataset_consumes_1_never_scheduled to None, run_after=None
[2024-10-07T14:48:37.447+0000] {logging_mixin.py:190} INFO - [2024-10-07T14:48:37.447+0000] {dag.py:4180} INFO - Setting next_dagrun for dataset_consumes_unknown_never_scheduled to None, run_after=None
[2024-10-07T14:48:37.450+0000] {logging_mixin.py:190} INFO - [2024-10-07T14:48:37.450+0000] {dag.py:4180} INFO - Setting next_dagrun for dataset_produces_1 to 2024-10-06 00:00:00+00:00, run_after=2024-10-07 00:00:00+00:00
[2024-10-07T14:48:37.452+0000] {logging_mixin.py:190} INFO - [2024-10-07T14:48:37.452+0000] {dag.py:4180} INFO - Setting next_dagrun for dataset_produces_2 to None, run_after=None
[2024-10-07T14:48:37.518+0000] {processor.py:208} INFO - Processing /home/airflow/.local/lib/python3.12/site-packages/airflow/example_dags/example_datasets.py took 0.341 seconds
[2024-10-07T14:49:07.587+0000] {processor.py:186} INFO - Started process (PID=812) to work on /home/airflow/.local/lib/python3.12/site-packages/airflow/example_dags/example_datasets.py
[2024-10-07T14:49:07.588+0000] {processor.py:914} INFO - Processing file /home/airflow/.local/lib/python3.12/site-packages/airflow/example_dags/example_datasets.py for tasks to queue
[2024-10-07T14:49:07.591+0000] {logging_mixin.py:190} INFO - [2024-10-07T14:49:07.591+0000] {dagbag.py:588} INFO - Filling up the DagBag from /home/airflow/.local/lib/python3.12/site-packages/airflow/example_dags/example_datasets.py
[2024-10-07T14:49:07.737+0000] {processor.py:925} INFO - DAG(s) 'dataset_consumes_unknown_never_scheduled', 'dataset_produces_2', 'consume_1_or_both_2_and_3_with_dataset_expressions', 'consume_1_or_2_with_dataset_expressions', 'consume_1_and_2_with_dataset_expressions', 'conditional_dataset_and_time_based_timetable', 'dataset_consumes_1', 'dataset_produces_1', 'dataset_consumes_1_never_scheduled', 'dataset_consumes_1_and_2' retrieved from /home/airflow/.local/lib/python3.12/site-packages/airflow/example_dags/example_datasets.py
[2024-10-07T14:49:07.781+0000] {logging_mixin.py:190} INFO - [2024-10-07T14:49:07.781+0000] {dag.py:3239} INFO - Sync 10 DAGs
[2024-10-07T14:49:07.854+0000] {logging_mixin.py:190} INFO - [2024-10-07T14:49:07.854+0000] {dag.py:4180} INFO - Setting next_dagrun for conditional_dataset_and_time_based_timetable to 2024-10-02 01:00:00+00:00, run_after=2024-10-02 01:00:00+00:00
[2024-10-07T14:49:07.859+0000] {logging_mixin.py:190} INFO - [2024-10-07T14:49:07.859+0000] {dag.py:4180} INFO - Setting next_dagrun for consume_1_and_2_with_dataset_expressions to None, run_after=None
[2024-10-07T14:49:07.862+0000] {logging_mixin.py:190} INFO - [2024-10-07T14:49:07.862+0000] {dag.py:4180} INFO - Setting next_dagrun for consume_1_or_2_with_dataset_expressions to None, run_after=None
[2024-10-07T14:49:07.864+0000] {logging_mixin.py:190} INFO - [2024-10-07T14:49:07.864+0000] {dag.py:4180} INFO - Setting next_dagrun for consume_1_or_both_2_and_3_with_dataset_expressions to None, run_after=None
[2024-10-07T14:49:07.868+0000] {logging_mixin.py:190} INFO - [2024-10-07T14:49:07.868+0000] {dag.py:4180} INFO - Setting next_dagrun for dataset_consumes_1 to None, run_after=None
[2024-10-07T14:49:07.876+0000] {logging_mixin.py:190} INFO - [2024-10-07T14:49:07.876+0000] {dag.py:4180} INFO - Setting next_dagrun for dataset_consumes_1_and_2 to None, run_after=None
[2024-10-07T14:49:07.879+0000] {logging_mixin.py:190} INFO - [2024-10-07T14:49:07.878+0000] {dag.py:4180} INFO - Setting next_dagrun for dataset_consumes_1_never_scheduled to None, run_after=None
[2024-10-07T14:49:07.881+0000] {logging_mixin.py:190} INFO - [2024-10-07T14:49:07.881+0000] {dag.py:4180} INFO - Setting next_dagrun for dataset_consumes_unknown_never_scheduled to None, run_after=None
[2024-10-07T14:49:07.886+0000] {logging_mixin.py:190} INFO - [2024-10-07T14:49:07.885+0000] {dag.py:4180} INFO - Setting next_dagrun for dataset_produces_1 to 2024-10-06 00:00:00+00:00, run_after=2024-10-07 00:00:00+00:00
[2024-10-07T14:49:07.889+0000] {logging_mixin.py:190} INFO - [2024-10-07T14:49:07.888+0000] {dag.py:4180} INFO - Setting next_dagrun for dataset_produces_2 to None, run_after=None
[2024-10-07T14:49:07.938+0000] {processor.py:208} INFO - Processing /home/airflow/.local/lib/python3.12/site-packages/airflow/example_dags/example_datasets.py took 0.358 seconds
[2024-10-07T14:49:38.372+0000] {processor.py:186} INFO - Started process (PID=869) to work on /home/airflow/.local/lib/python3.12/site-packages/airflow/example_dags/example_datasets.py
[2024-10-07T14:49:38.375+0000] {processor.py:914} INFO - Processing file /home/airflow/.local/lib/python3.12/site-packages/airflow/example_dags/example_datasets.py for tasks to queue
[2024-10-07T14:49:38.380+0000] {logging_mixin.py:190} INFO - [2024-10-07T14:49:38.379+0000] {dagbag.py:588} INFO - Filling up the DagBag from /home/airflow/.local/lib/python3.12/site-packages/airflow/example_dags/example_datasets.py
[2024-10-07T14:49:38.561+0000] {processor.py:925} INFO - DAG(s) 'dataset_consumes_unknown_never_scheduled', 'dataset_consumes_1', 'dataset_consumes_1_and_2', 'consume_1_or_2_with_dataset_expressions', 'consume_1_and_2_with_dataset_expressions', 'dataset_produces_2', 'consume_1_or_both_2_and_3_with_dataset_expressions', 'dataset_produces_1', 'dataset_consumes_1_never_scheduled', 'conditional_dataset_and_time_based_timetable' retrieved from /home/airflow/.local/lib/python3.12/site-packages/airflow/example_dags/example_datasets.py
[2024-10-07T14:49:38.610+0000] {logging_mixin.py:190} INFO - [2024-10-07T14:49:38.610+0000] {dag.py:3239} INFO - Sync 10 DAGs
[2024-10-07T14:49:38.636+0000] {logging_mixin.py:190} INFO - [2024-10-07T14:49:38.636+0000] {dag.py:4180} INFO - Setting next_dagrun for conditional_dataset_and_time_based_timetable to 2024-10-02 01:00:00+00:00, run_after=2024-10-02 01:00:00+00:00
[2024-10-07T14:49:38.643+0000] {logging_mixin.py:190} INFO - [2024-10-07T14:49:38.642+0000] {dag.py:4180} INFO - Setting next_dagrun for consume_1_and_2_with_dataset_expressions to None, run_after=None
[2024-10-07T14:49:38.645+0000] {logging_mixin.py:190} INFO - [2024-10-07T14:49:38.645+0000] {dag.py:4180} INFO - Setting next_dagrun for consume_1_or_2_with_dataset_expressions to None, run_after=None
[2024-10-07T14:49:38.647+0000] {logging_mixin.py:190} INFO - [2024-10-07T14:49:38.647+0000] {dag.py:4180} INFO - Setting next_dagrun for consume_1_or_both_2_and_3_with_dataset_expressions to None, run_after=None
[2024-10-07T14:49:38.649+0000] {logging_mixin.py:190} INFO - [2024-10-07T14:49:38.649+0000] {dag.py:4180} INFO - Setting next_dagrun for dataset_consumes_1 to None, run_after=None
[2024-10-07T14:49:38.651+0000] {logging_mixin.py:190} INFO - [2024-10-07T14:49:38.651+0000] {dag.py:4180} INFO - Setting next_dagrun for dataset_consumes_1_and_2 to None, run_after=None
[2024-10-07T14:49:38.653+0000] {logging_mixin.py:190} INFO - [2024-10-07T14:49:38.653+0000] {dag.py:4180} INFO - Setting next_dagrun for dataset_consumes_1_never_scheduled to None, run_after=None
[2024-10-07T14:49:38.655+0000] {logging_mixin.py:190} INFO - [2024-10-07T14:49:38.655+0000] {dag.py:4180} INFO - Setting next_dagrun for dataset_consumes_unknown_never_scheduled to None, run_after=None
[2024-10-07T14:49:38.663+0000] {logging_mixin.py:190} INFO - [2024-10-07T14:49:38.662+0000] {dag.py:4180} INFO - Setting next_dagrun for dataset_produces_1 to 2024-10-06 00:00:00+00:00, run_after=2024-10-07 00:00:00+00:00
[2024-10-07T14:49:38.665+0000] {logging_mixin.py:190} INFO - [2024-10-07T14:49:38.665+0000] {dag.py:4180} INFO - Setting next_dagrun for dataset_produces_2 to None, run_after=None
[2024-10-07T14:49:38.705+0000] {processor.py:208} INFO - Processing /home/airflow/.local/lib/python3.12/site-packages/airflow/example_dags/example_datasets.py took 0.344 seconds
[2024-10-07T14:50:08.856+0000] {processor.py:186} INFO - Started process (PID=933) to work on /home/airflow/.local/lib/python3.12/site-packages/airflow/example_dags/example_datasets.py
[2024-10-07T14:50:08.858+0000] {processor.py:914} INFO - Processing file /home/airflow/.local/lib/python3.12/site-packages/airflow/example_dags/example_datasets.py for tasks to queue
[2024-10-07T14:50:08.862+0000] {logging_mixin.py:190} INFO - [2024-10-07T14:50:08.862+0000] {dagbag.py:588} INFO - Filling up the DagBag from /home/airflow/.local/lib/python3.12/site-packages/airflow/example_dags/example_datasets.py
[2024-10-07T14:50:09.047+0000] {processor.py:925} INFO - DAG(s) 'conditional_dataset_and_time_based_timetable', 'dataset_produces_2', 'dataset_produces_1', 'dataset_consumes_1', 'consume_1_and_2_with_dataset_expressions', 'consume_1_or_both_2_and_3_with_dataset_expressions', 'dataset_consumes_unknown_never_scheduled', 'consume_1_or_2_with_dataset_expressions', 'dataset_consumes_1_and_2', 'dataset_consumes_1_never_scheduled' retrieved from /home/airflow/.local/lib/python3.12/site-packages/airflow/example_dags/example_datasets.py
[2024-10-07T14:50:09.104+0000] {logging_mixin.py:190} INFO - [2024-10-07T14:50:09.104+0000] {dag.py:3239} INFO - Sync 10 DAGs
[2024-10-07T14:50:09.146+0000] {logging_mixin.py:190} INFO - [2024-10-07T14:50:09.146+0000] {dag.py:4180} INFO - Setting next_dagrun for conditional_dataset_and_time_based_timetable to 2024-10-02 01:00:00+00:00, run_after=2024-10-02 01:00:00+00:00
[2024-10-07T14:50:09.153+0000] {logging_mixin.py:190} INFO - [2024-10-07T14:50:09.152+0000] {dag.py:4180} INFO - Setting next_dagrun for consume_1_and_2_with_dataset_expressions to None, run_after=None
[2024-10-07T14:50:09.156+0000] {logging_mixin.py:190} INFO - [2024-10-07T14:50:09.155+0000] {dag.py:4180} INFO - Setting next_dagrun for consume_1_or_2_with_dataset_expressions to None, run_after=None
[2024-10-07T14:50:09.158+0000] {logging_mixin.py:190} INFO - [2024-10-07T14:50:09.158+0000] {dag.py:4180} INFO - Setting next_dagrun for consume_1_or_both_2_and_3_with_dataset_expressions to None, run_after=None
[2024-10-07T14:50:09.160+0000] {logging_mixin.py:190} INFO - [2024-10-07T14:50:09.160+0000] {dag.py:4180} INFO - Setting next_dagrun for dataset_consumes_1 to None, run_after=None
[2024-10-07T14:50:09.163+0000] {logging_mixin.py:190} INFO - [2024-10-07T14:50:09.163+0000] {dag.py:4180} INFO - Setting next_dagrun for dataset_consumes_1_and_2 to None, run_after=None
[2024-10-07T14:50:09.166+0000] {logging_mixin.py:190} INFO - [2024-10-07T14:50:09.165+0000] {dag.py:4180} INFO - Setting next_dagrun for dataset_consumes_1_never_scheduled to None, run_after=None
[2024-10-07T14:50:09.168+0000] {logging_mixin.py:190} INFO - [2024-10-07T14:50:09.168+0000] {dag.py:4180} INFO - Setting next_dagrun for dataset_consumes_unknown_never_scheduled to None, run_after=None
[2024-10-07T14:50:09.174+0000] {logging_mixin.py:190} INFO - [2024-10-07T14:50:09.173+0000] {dag.py:4180} INFO - Setting next_dagrun for dataset_produces_1 to 2024-10-06 00:00:00+00:00, run_after=2024-10-07 00:00:00+00:00
[2024-10-07T14:50:09.176+0000] {logging_mixin.py:190} INFO - [2024-10-07T14:50:09.176+0000] {dag.py:4180} INFO - Setting next_dagrun for dataset_produces_2 to None, run_after=None
[2024-10-07T14:50:09.216+0000] {processor.py:208} INFO - Processing /home/airflow/.local/lib/python3.12/site-packages/airflow/example_dags/example_datasets.py took 0.366 seconds
[2024-10-07T14:50:39.302+0000] {processor.py:186} INFO - Started process (PID=996) to work on /home/airflow/.local/lib/python3.12/site-packages/airflow/example_dags/example_datasets.py
[2024-10-07T14:50:39.304+0000] {processor.py:914} INFO - Processing file /home/airflow/.local/lib/python3.12/site-packages/airflow/example_dags/example_datasets.py for tasks to queue
[2024-10-07T14:50:39.307+0000] {logging_mixin.py:190} INFO - [2024-10-07T14:50:39.307+0000] {dagbag.py:588} INFO - Filling up the DagBag from /home/airflow/.local/lib/python3.12/site-packages/airflow/example_dags/example_datasets.py
[2024-10-07T14:50:39.496+0000] {processor.py:925} INFO - DAG(s) 'dataset_produces_1', 'consume_1_or_both_2_and_3_with_dataset_expressions', 'conditional_dataset_and_time_based_timetable', 'dataset_consumes_unknown_never_scheduled', 'dataset_consumes_1', 'dataset_consumes_1_and_2', 'dataset_produces_2', 'consume_1_or_2_with_dataset_expressions', 'dataset_consumes_1_never_scheduled', 'consume_1_and_2_with_dataset_expressions' retrieved from /home/airflow/.local/lib/python3.12/site-packages/airflow/example_dags/example_datasets.py
[2024-10-07T14:50:39.558+0000] {logging_mixin.py:190} INFO - [2024-10-07T14:50:39.558+0000] {dag.py:3239} INFO - Sync 10 DAGs
[2024-10-07T14:50:39.593+0000] {logging_mixin.py:190} INFO - [2024-10-07T14:50:39.593+0000] {dag.py:4180} INFO - Setting next_dagrun for conditional_dataset_and_time_based_timetable to 2024-10-02 01:00:00+00:00, run_after=2024-10-02 01:00:00+00:00
[2024-10-07T14:50:39.599+0000] {logging_mixin.py:190} INFO - [2024-10-07T14:50:39.599+0000] {dag.py:4180} INFO - Setting next_dagrun for consume_1_and_2_with_dataset_expressions to None, run_after=None
[2024-10-07T14:50:39.602+0000] {logging_mixin.py:190} INFO - [2024-10-07T14:50:39.602+0000] {dag.py:4180} INFO - Setting next_dagrun for consume_1_or_2_with_dataset_expressions to None, run_after=None
[2024-10-07T14:50:39.605+0000] {logging_mixin.py:190} INFO - [2024-10-07T14:50:39.605+0000] {dag.py:4180} INFO - Setting next_dagrun for consume_1_or_both_2_and_3_with_dataset_expressions to None, run_after=None
[2024-10-07T14:50:39.608+0000] {logging_mixin.py:190} INFO - [2024-10-07T14:50:39.607+0000] {dag.py:4180} INFO - Setting next_dagrun for dataset_consumes_1 to None, run_after=None
[2024-10-07T14:50:39.610+0000] {logging_mixin.py:190} INFO - [2024-10-07T14:50:39.610+0000] {dag.py:4180} INFO - Setting next_dagrun for dataset_consumes_1_and_2 to None, run_after=None
[2024-10-07T14:50:39.612+0000] {logging_mixin.py:190} INFO - [2024-10-07T14:50:39.612+0000] {dag.py:4180} INFO - Setting next_dagrun for dataset_consumes_1_never_scheduled to None, run_after=None
[2024-10-07T14:50:39.615+0000] {logging_mixin.py:190} INFO - [2024-10-07T14:50:39.614+0000] {dag.py:4180} INFO - Setting next_dagrun for dataset_consumes_unknown_never_scheduled to None, run_after=None
[2024-10-07T14:50:39.618+0000] {logging_mixin.py:190} INFO - [2024-10-07T14:50:39.618+0000] {dag.py:4180} INFO - Setting next_dagrun for dataset_produces_1 to 2024-10-06 00:00:00+00:00, run_after=2024-10-07 00:00:00+00:00
[2024-10-07T14:50:39.622+0000] {logging_mixin.py:190} INFO - [2024-10-07T14:50:39.621+0000] {dag.py:4180} INFO - Setting next_dagrun for dataset_produces_2 to None, run_after=None
[2024-10-07T14:50:39.680+0000] {processor.py:208} INFO - Processing /home/airflow/.local/lib/python3.12/site-packages/airflow/example_dags/example_datasets.py took 0.385 seconds
[2024-10-07T14:51:09.873+0000] {processor.py:186} INFO - Started process (PID=1061) to work on /home/airflow/.local/lib/python3.12/site-packages/airflow/example_dags/example_datasets.py
[2024-10-07T14:51:09.875+0000] {processor.py:914} INFO - Processing file /home/airflow/.local/lib/python3.12/site-packages/airflow/example_dags/example_datasets.py for tasks to queue
[2024-10-07T14:51:09.879+0000] {logging_mixin.py:190} INFO - [2024-10-07T14:51:09.878+0000] {dagbag.py:588} INFO - Filling up the DagBag from /home/airflow/.local/lib/python3.12/site-packages/airflow/example_dags/example_datasets.py
[2024-10-07T14:51:10.060+0000] {processor.py:925} INFO - DAG(s) 'consume_1_or_2_with_dataset_expressions', 'conditional_dataset_and_time_based_timetable', 'consume_1_or_both_2_and_3_with_dataset_expressions', 'dataset_produces_2', 'dataset_consumes_1_never_scheduled', 'consume_1_and_2_with_dataset_expressions', 'dataset_consumes_unknown_never_scheduled', 'dataset_consumes_1_and_2', 'dataset_consumes_1', 'dataset_produces_1' retrieved from /home/airflow/.local/lib/python3.12/site-packages/airflow/example_dags/example_datasets.py
[2024-10-07T14:51:10.122+0000] {logging_mixin.py:190} INFO - [2024-10-07T14:51:10.122+0000] {dag.py:3239} INFO - Sync 10 DAGs
[2024-10-07T14:51:10.162+0000] {logging_mixin.py:190} INFO - [2024-10-07T14:51:10.162+0000] {dag.py:4180} INFO - Setting next_dagrun for conditional_dataset_and_time_based_timetable to 2024-10-02 01:00:00+00:00, run_after=2024-10-02 01:00:00+00:00
[2024-10-07T14:51:10.168+0000] {logging_mixin.py:190} INFO - [2024-10-07T14:51:10.168+0000] {dag.py:4180} INFO - Setting next_dagrun for consume_1_and_2_with_dataset_expressions to None, run_after=None
[2024-10-07T14:51:10.171+0000] {logging_mixin.py:190} INFO - [2024-10-07T14:51:10.170+0000] {dag.py:4180} INFO - Setting next_dagrun for consume_1_or_2_with_dataset_expressions to None, run_after=None
[2024-10-07T14:51:10.173+0000] {logging_mixin.py:190} INFO - [2024-10-07T14:51:10.173+0000] {dag.py:4180} INFO - Setting next_dagrun for consume_1_or_both_2_and_3_with_dataset_expressions to None, run_after=None
[2024-10-07T14:51:10.175+0000] {logging_mixin.py:190} INFO - [2024-10-07T14:51:10.175+0000] {dag.py:4180} INFO - Setting next_dagrun for dataset_consumes_1 to None, run_after=None
[2024-10-07T14:51:10.178+0000] {logging_mixin.py:190} INFO - [2024-10-07T14:51:10.177+0000] {dag.py:4180} INFO - Setting next_dagrun for dataset_consumes_1_and_2 to None, run_after=None
[2024-10-07T14:51:10.180+0000] {logging_mixin.py:190} INFO - [2024-10-07T14:51:10.180+0000] {dag.py:4180} INFO - Setting next_dagrun for dataset_consumes_1_never_scheduled to None, run_after=None
[2024-10-07T14:51:10.183+0000] {logging_mixin.py:190} INFO - [2024-10-07T14:51:10.183+0000] {dag.py:4180} INFO - Setting next_dagrun for dataset_consumes_unknown_never_scheduled to None, run_after=None
[2024-10-07T14:51:10.187+0000] {logging_mixin.py:190} INFO - [2024-10-07T14:51:10.187+0000] {dag.py:4180} INFO - Setting next_dagrun for dataset_produces_1 to 2024-10-06 00:00:00+00:00, run_after=2024-10-07 00:00:00+00:00
[2024-10-07T14:51:10.189+0000] {logging_mixin.py:190} INFO - [2024-10-07T14:51:10.189+0000] {dag.py:4180} INFO - Setting next_dagrun for dataset_produces_2 to None, run_after=None
[2024-10-07T14:51:10.234+0000] {processor.py:208} INFO - Processing /home/airflow/.local/lib/python3.12/site-packages/airflow/example_dags/example_datasets.py took 0.368 seconds
[2024-10-07T14:51:40.365+0000] {processor.py:186} INFO - Started process (PID=1123) to work on /home/airflow/.local/lib/python3.12/site-packages/airflow/example_dags/example_datasets.py
[2024-10-07T14:51:40.367+0000] {processor.py:914} INFO - Processing file /home/airflow/.local/lib/python3.12/site-packages/airflow/example_dags/example_datasets.py for tasks to queue
[2024-10-07T14:51:40.371+0000] {logging_mixin.py:190} INFO - [2024-10-07T14:51:40.370+0000] {dagbag.py:588} INFO - Filling up the DagBag from /home/airflow/.local/lib/python3.12/site-packages/airflow/example_dags/example_datasets.py
[2024-10-07T14:51:40.551+0000] {processor.py:925} INFO - DAG(s) 'consume_1_or_both_2_and_3_with_dataset_expressions', 'dataset_consumes_1_never_scheduled', 'dataset_consumes_1_and_2', 'dataset_consumes_unknown_never_scheduled', 'dataset_consumes_1', 'conditional_dataset_and_time_based_timetable', 'dataset_produces_2', 'consume_1_and_2_with_dataset_expressions', 'consume_1_or_2_with_dataset_expressions', 'dataset_produces_1' retrieved from /home/airflow/.local/lib/python3.12/site-packages/airflow/example_dags/example_datasets.py
[2024-10-07T14:51:40.599+0000] {logging_mixin.py:190} INFO - [2024-10-07T14:51:40.599+0000] {dag.py:3239} INFO - Sync 10 DAGs
[2024-10-07T14:51:40.630+0000] {logging_mixin.py:190} INFO - [2024-10-07T14:51:40.630+0000] {dag.py:4180} INFO - Setting next_dagrun for conditional_dataset_and_time_based_timetable to 2024-10-02 01:00:00+00:00, run_after=2024-10-02 01:00:00+00:00
[2024-10-07T14:51:40.635+0000] {logging_mixin.py:190} INFO - [2024-10-07T14:51:40.635+0000] {dag.py:4180} INFO - Setting next_dagrun for consume_1_and_2_with_dataset_expressions to None, run_after=None
[2024-10-07T14:51:40.638+0000] {logging_mixin.py:190} INFO - [2024-10-07T14:51:40.638+0000] {dag.py:4180} INFO - Setting next_dagrun for consume_1_or_2_with_dataset_expressions to None, run_after=None
[2024-10-07T14:51:40.642+0000] {logging_mixin.py:190} INFO - [2024-10-07T14:51:40.641+0000] {dag.py:4180} INFO - Setting next_dagrun for consume_1_or_both_2_and_3_with_dataset_expressions to None, run_after=None
[2024-10-07T14:51:40.644+0000] {logging_mixin.py:190} INFO - [2024-10-07T14:51:40.644+0000] {dag.py:4180} INFO - Setting next_dagrun for dataset_consumes_1 to None, run_after=None
[2024-10-07T14:51:40.647+0000] {logging_mixin.py:190} INFO - [2024-10-07T14:51:40.647+0000] {dag.py:4180} INFO - Setting next_dagrun for dataset_consumes_1_and_2 to None, run_after=None
[2024-10-07T14:51:40.650+0000] {logging_mixin.py:190} INFO - [2024-10-07T14:51:40.650+0000] {dag.py:4180} INFO - Setting next_dagrun for dataset_consumes_1_never_scheduled to None, run_after=None
[2024-10-07T14:51:40.652+0000] {logging_mixin.py:190} INFO - [2024-10-07T14:51:40.652+0000] {dag.py:4180} INFO - Setting next_dagrun for dataset_consumes_unknown_never_scheduled to None, run_after=None
[2024-10-07T14:51:40.658+0000] {logging_mixin.py:190} INFO - [2024-10-07T14:51:40.658+0000] {dag.py:4180} INFO - Setting next_dagrun for dataset_produces_1 to 2024-10-06 00:00:00+00:00, run_after=2024-10-07 00:00:00+00:00
[2024-10-07T14:51:40.661+0000] {logging_mixin.py:190} INFO - [2024-10-07T14:51:40.660+0000] {dag.py:4180} INFO - Setting next_dagrun for dataset_produces_2 to None, run_after=None
[2024-10-07T14:51:40.725+0000] {processor.py:208} INFO - Processing /home/airflow/.local/lib/python3.12/site-packages/airflow/example_dags/example_datasets.py took 0.368 seconds
[2024-10-07T14:52:10.853+0000] {processor.py:186} INFO - Started process (PID=1185) to work on /home/airflow/.local/lib/python3.12/site-packages/airflow/example_dags/example_datasets.py
[2024-10-07T14:52:10.855+0000] {processor.py:914} INFO - Processing file /home/airflow/.local/lib/python3.12/site-packages/airflow/example_dags/example_datasets.py for tasks to queue
[2024-10-07T14:52:10.858+0000] {logging_mixin.py:190} INFO - [2024-10-07T14:52:10.857+0000] {dagbag.py:588} INFO - Filling up the DagBag from /home/airflow/.local/lib/python3.12/site-packages/airflow/example_dags/example_datasets.py
[2024-10-07T14:52:11.005+0000] {processor.py:925} INFO - DAG(s) 'consume_1_and_2_with_dataset_expressions', 'dataset_consumes_1_never_scheduled', 'conditional_dataset_and_time_based_timetable', 'dataset_consumes_1', 'consume_1_or_both_2_and_3_with_dataset_expressions', 'dataset_produces_2', 'dataset_consumes_1_and_2', 'dataset_produces_1', 'consume_1_or_2_with_dataset_expressions', 'dataset_consumes_unknown_never_scheduled' retrieved from /home/airflow/.local/lib/python3.12/site-packages/airflow/example_dags/example_datasets.py
[2024-10-07T14:52:11.048+0000] {logging_mixin.py:190} INFO - [2024-10-07T14:52:11.047+0000] {dag.py:3239} INFO - Sync 10 DAGs
[2024-10-07T14:52:11.073+0000] {logging_mixin.py:190} INFO - [2024-10-07T14:52:11.072+0000] {dag.py:4180} INFO - Setting next_dagrun for conditional_dataset_and_time_based_timetable to 2024-10-02 01:00:00+00:00, run_after=2024-10-02 01:00:00+00:00
[2024-10-07T14:52:11.076+0000] {logging_mixin.py:190} INFO - [2024-10-07T14:52:11.076+0000] {dag.py:4180} INFO - Setting next_dagrun for consume_1_and_2_with_dataset_expressions to None, run_after=None
[2024-10-07T14:52:11.079+0000] {logging_mixin.py:190} INFO - [2024-10-07T14:52:11.079+0000] {dag.py:4180} INFO - Setting next_dagrun for consume_1_or_2_with_dataset_expressions to None, run_after=None
[2024-10-07T14:52:11.081+0000] {logging_mixin.py:190} INFO - [2024-10-07T14:52:11.081+0000] {dag.py:4180} INFO - Setting next_dagrun for consume_1_or_both_2_and_3_with_dataset_expressions to None, run_after=None
[2024-10-07T14:52:11.083+0000] {logging_mixin.py:190} INFO - [2024-10-07T14:52:11.082+0000] {dag.py:4180} INFO - Setting next_dagrun for dataset_consumes_1 to None, run_after=None
[2024-10-07T14:52:11.084+0000] {logging_mixin.py:190} INFO - [2024-10-07T14:52:11.084+0000] {dag.py:4180} INFO - Setting next_dagrun for dataset_consumes_1_and_2 to None, run_after=None
[2024-10-07T14:52:11.086+0000] {logging_mixin.py:190} INFO - [2024-10-07T14:52:11.086+0000] {dag.py:4180} INFO - Setting next_dagrun for dataset_consumes_1_never_scheduled to None, run_after=None
[2024-10-07T14:52:11.088+0000] {logging_mixin.py:190} INFO - [2024-10-07T14:52:11.088+0000] {dag.py:4180} INFO - Setting next_dagrun for dataset_consumes_unknown_never_scheduled to None, run_after=None
[2024-10-07T14:52:11.092+0000] {logging_mixin.py:190} INFO - [2024-10-07T14:52:11.092+0000] {dag.py:4180} INFO - Setting next_dagrun for dataset_produces_1 to 2024-10-06 00:00:00+00:00, run_after=2024-10-07 00:00:00+00:00
[2024-10-07T14:52:11.095+0000] {logging_mixin.py:190} INFO - [2024-10-07T14:52:11.095+0000] {dag.py:4180} INFO - Setting next_dagrun for dataset_produces_2 to None, run_after=None
[2024-10-07T14:52:11.131+0000] {processor.py:208} INFO - Processing /home/airflow/.local/lib/python3.12/site-packages/airflow/example_dags/example_datasets.py took 0.284 seconds
[2024-10-07T14:52:41.532+0000] {processor.py:186} INFO - Started process (PID=1247) to work on /home/airflow/.local/lib/python3.12/site-packages/airflow/example_dags/example_datasets.py
[2024-10-07T14:52:41.534+0000] {processor.py:914} INFO - Processing file /home/airflow/.local/lib/python3.12/site-packages/airflow/example_dags/example_datasets.py for tasks to queue
[2024-10-07T14:52:41.540+0000] {logging_mixin.py:190} INFO - [2024-10-07T14:52:41.539+0000] {dagbag.py:588} INFO - Filling up the DagBag from /home/airflow/.local/lib/python3.12/site-packages/airflow/example_dags/example_datasets.py
[2024-10-07T14:52:41.726+0000] {processor.py:925} INFO - DAG(s) 'dataset_produces_2', 'consume_1_and_2_with_dataset_expressions', 'dataset_consumes_1', 'conditional_dataset_and_time_based_timetable', 'dataset_consumes_1_never_scheduled', 'dataset_consumes_unknown_never_scheduled', 'consume_1_or_both_2_and_3_with_dataset_expressions', 'dataset_produces_1', 'dataset_consumes_1_and_2', 'consume_1_or_2_with_dataset_expressions' retrieved from /home/airflow/.local/lib/python3.12/site-packages/airflow/example_dags/example_datasets.py
[2024-10-07T14:52:41.854+0000] {logging_mixin.py:190} INFO - [2024-10-07T14:52:41.854+0000] {dag.py:3239} INFO - Sync 10 DAGs
[2024-10-07T14:52:41.884+0000] {logging_mixin.py:190} INFO - [2024-10-07T14:52:41.884+0000] {dag.py:4180} INFO - Setting next_dagrun for conditional_dataset_and_time_based_timetable to 2024-10-02 01:00:00+00:00, run_after=2024-10-02 01:00:00+00:00
[2024-10-07T14:52:41.889+0000] {logging_mixin.py:190} INFO - [2024-10-07T14:52:41.889+0000] {dag.py:4180} INFO - Setting next_dagrun for consume_1_and_2_with_dataset_expressions to None, run_after=None
[2024-10-07T14:52:41.892+0000] {logging_mixin.py:190} INFO - [2024-10-07T14:52:41.892+0000] {dag.py:4180} INFO - Setting next_dagrun for consume_1_or_2_with_dataset_expressions to None, run_after=None
[2024-10-07T14:52:41.894+0000] {logging_mixin.py:190} INFO - [2024-10-07T14:52:41.894+0000] {dag.py:4180} INFO - Setting next_dagrun for consume_1_or_both_2_and_3_with_dataset_expressions to None, run_after=None
[2024-10-07T14:52:41.897+0000] {logging_mixin.py:190} INFO - [2024-10-07T14:52:41.897+0000] {dag.py:4180} INFO - Setting next_dagrun for dataset_consumes_1 to None, run_after=None
[2024-10-07T14:52:41.901+0000] {logging_mixin.py:190} INFO - [2024-10-07T14:52:41.901+0000] {dag.py:4180} INFO - Setting next_dagrun for dataset_consumes_1_and_2 to None, run_after=None
[2024-10-07T14:52:41.904+0000] {logging_mixin.py:190} INFO - [2024-10-07T14:52:41.904+0000] {dag.py:4180} INFO - Setting next_dagrun for dataset_consumes_1_never_scheduled to None, run_after=None
[2024-10-07T14:52:41.907+0000] {logging_mixin.py:190} INFO - [2024-10-07T14:52:41.907+0000] {dag.py:4180} INFO - Setting next_dagrun for dataset_consumes_unknown_never_scheduled to None, run_after=None
[2024-10-07T14:52:41.914+0000] {logging_mixin.py:190} INFO - [2024-10-07T14:52:41.913+0000] {dag.py:4180} INFO - Setting next_dagrun for dataset_produces_1 to 2024-10-06 00:00:00+00:00, run_after=2024-10-07 00:00:00+00:00
[2024-10-07T14:52:41.918+0000] {logging_mixin.py:190} INFO - [2024-10-07T14:52:41.918+0000] {dag.py:4180} INFO - Setting next_dagrun for dataset_produces_2 to None, run_after=None
[2024-10-07T14:52:41.985+0000] {processor.py:208} INFO - Processing /home/airflow/.local/lib/python3.12/site-packages/airflow/example_dags/example_datasets.py took 0.463 seconds
[2024-10-07T14:53:12.481+0000] {processor.py:186} INFO - Started process (PID=1315) to work on /home/airflow/.local/lib/python3.12/site-packages/airflow/example_dags/example_datasets.py
[2024-10-07T14:53:12.483+0000] {processor.py:914} INFO - Processing file /home/airflow/.local/lib/python3.12/site-packages/airflow/example_dags/example_datasets.py for tasks to queue
[2024-10-07T14:53:12.489+0000] {logging_mixin.py:190} INFO - [2024-10-07T14:53:12.488+0000] {dagbag.py:588} INFO - Filling up the DagBag from /home/airflow/.local/lib/python3.12/site-packages/airflow/example_dags/example_datasets.py
[2024-10-07T14:53:12.645+0000] {processor.py:925} INFO - DAG(s) 'dataset_consumes_1_never_scheduled', 'dataset_consumes_1', 'dataset_produces_1', 'consume_1_and_2_with_dataset_expressions', 'consume_1_or_both_2_and_3_with_dataset_expressions', 'consume_1_or_2_with_dataset_expressions', 'conditional_dataset_and_time_based_timetable', 'dataset_consumes_unknown_never_scheduled', 'dataset_produces_2', 'dataset_consumes_1_and_2' retrieved from /home/airflow/.local/lib/python3.12/site-packages/airflow/example_dags/example_datasets.py
[2024-10-07T14:53:12.695+0000] {logging_mixin.py:190} INFO - [2024-10-07T14:53:12.695+0000] {dag.py:3239} INFO - Sync 10 DAGs
[2024-10-07T14:53:12.727+0000] {logging_mixin.py:190} INFO - [2024-10-07T14:53:12.727+0000] {dag.py:4180} INFO - Setting next_dagrun for conditional_dataset_and_time_based_timetable to 2024-10-02 01:00:00+00:00, run_after=2024-10-02 01:00:00+00:00
[2024-10-07T14:53:12.736+0000] {logging_mixin.py:190} INFO - [2024-10-07T14:53:12.736+0000] {dag.py:4180} INFO - Setting next_dagrun for consume_1_and_2_with_dataset_expressions to None, run_after=None
[2024-10-07T14:53:12.740+0000] {logging_mixin.py:190} INFO - [2024-10-07T14:53:12.740+0000] {dag.py:4180} INFO - Setting next_dagrun for consume_1_or_2_with_dataset_expressions to None, run_after=None
[2024-10-07T14:53:12.744+0000] {logging_mixin.py:190} INFO - [2024-10-07T14:53:12.744+0000] {dag.py:4180} INFO - Setting next_dagrun for consume_1_or_both_2_and_3_with_dataset_expressions to None, run_after=None
[2024-10-07T14:53:12.748+0000] {logging_mixin.py:190} INFO - [2024-10-07T14:53:12.748+0000] {dag.py:4180} INFO - Setting next_dagrun for dataset_consumes_1 to None, run_after=None
[2024-10-07T14:53:12.753+0000] {logging_mixin.py:190} INFO - [2024-10-07T14:53:12.752+0000] {dag.py:4180} INFO - Setting next_dagrun for dataset_consumes_1_and_2 to None, run_after=None
[2024-10-07T14:53:12.757+0000] {logging_mixin.py:190} INFO - [2024-10-07T14:53:12.757+0000] {dag.py:4180} INFO - Setting next_dagrun for dataset_consumes_1_never_scheduled to None, run_after=None
[2024-10-07T14:53:12.762+0000] {logging_mixin.py:190} INFO - [2024-10-07T14:53:12.761+0000] {dag.py:4180} INFO - Setting next_dagrun for dataset_consumes_unknown_never_scheduled to None, run_after=None
[2024-10-07T14:53:12.768+0000] {logging_mixin.py:190} INFO - [2024-10-07T14:53:12.768+0000] {dag.py:4180} INFO - Setting next_dagrun for dataset_produces_1 to 2024-10-06 00:00:00+00:00, run_after=2024-10-07 00:00:00+00:00
[2024-10-07T14:53:12.772+0000] {logging_mixin.py:190} INFO - [2024-10-07T14:53:12.771+0000] {dag.py:4180} INFO - Setting next_dagrun for dataset_produces_2 to None, run_after=None
[2024-10-07T14:53:12.840+0000] {processor.py:208} INFO - Processing /home/airflow/.local/lib/python3.12/site-packages/airflow/example_dags/example_datasets.py took 0.370 seconds
