[2024-10-07T14:43:23.496+0000] {processor.py:186} INFO - Started process (PID=107) to work on /home/airflow/.local/lib/python3.12/site-packages/airflow/example_dags/example_xcom.py
[2024-10-07T14:43:23.498+0000] {processor.py:914} INFO - Processing file /home/airflow/.local/lib/python3.12/site-packages/airflow/example_dags/example_xcom.py for tasks to queue
[2024-10-07T14:43:23.501+0000] {logging_mixin.py:190} INFO - [2024-10-07T14:43:23.500+0000] {dagbag.py:588} INFO - Filling up the DagBag from /home/airflow/.local/lib/python3.12/site-packages/airflow/example_dags/example_xcom.py
[2024-10-07T14:43:23.512+0000] {processor.py:925} INFO - DAG(s) 'example_xcom' retrieved from /home/airflow/.local/lib/python3.12/site-packages/airflow/example_dags/example_xcom.py
[2024-10-07T14:43:23.665+0000] {logging_mixin.py:190} INFO - [2024-10-07T14:43:23.664+0000] {override.py:1900} INFO - Created Permission View: can read on DAG:example_xcom
[2024-10-07T14:43:23.678+0000] {logging_mixin.py:190} INFO - [2024-10-07T14:43:23.678+0000] {override.py:1900} INFO - Created Permission View: can delete on DAG:example_xcom
[2024-10-07T14:43:23.686+0000] {logging_mixin.py:190} INFO - [2024-10-07T14:43:23.686+0000] {override.py:1900} INFO - Created Permission View: can edit on DAG:example_xcom
[2024-10-07T14:43:23.693+0000] {logging_mixin.py:190} INFO - [2024-10-07T14:43:23.693+0000] {override.py:1900} INFO - Created Permission View: can read on DAG Run:example_xcom
[2024-10-07T14:43:23.701+0000] {logging_mixin.py:190} INFO - [2024-10-07T14:43:23.700+0000] {override.py:1900} INFO - Created Permission View: can create on DAG Run:example_xcom
[2024-10-07T14:43:23.709+0000] {logging_mixin.py:190} INFO - [2024-10-07T14:43:23.709+0000] {override.py:1900} INFO - Created Permission View: menu access on DAG Run:example_xcom
[2024-10-07T14:43:23.718+0000] {logging_mixin.py:190} INFO - [2024-10-07T14:43:23.718+0000] {override.py:1900} INFO - Created Permission View: can delete on DAG Run:example_xcom
[2024-10-07T14:43:23.720+0000] {logging_mixin.py:190} INFO - [2024-10-07T14:43:23.719+0000] {dag.py:3239} INFO - Sync 1 DAGs
[2024-10-07T14:43:23.736+0000] {logging_mixin.py:190} INFO - [2024-10-07T14:43:23.736+0000] {dag.py:3262} INFO - Creating ORM DAG for example_xcom
[2024-10-07T14:43:23.747+0000] {logging_mixin.py:190} INFO - [2024-10-07T14:43:23.747+0000] {dag.py:4180} INFO - Setting next_dagrun for example_xcom to 2021-01-01 00:00:00+00:00, run_after=2021-01-01 00:00:00+00:00
[2024-10-07T14:43:23.767+0000] {processor.py:208} INFO - Processing /home/airflow/.local/lib/python3.12/site-packages/airflow/example_dags/example_xcom.py took 0.277 seconds
[2024-10-07T14:43:53.932+0000] {processor.py:186} INFO - Started process (PID=169) to work on /home/airflow/.local/lib/python3.12/site-packages/airflow/example_dags/example_xcom.py
[2024-10-07T14:43:53.934+0000] {processor.py:914} INFO - Processing file /home/airflow/.local/lib/python3.12/site-packages/airflow/example_dags/example_xcom.py for tasks to queue
[2024-10-07T14:43:53.940+0000] {logging_mixin.py:190} INFO - [2024-10-07T14:43:53.939+0000] {dagbag.py:588} INFO - Filling up the DagBag from /home/airflow/.local/lib/python3.12/site-packages/airflow/example_dags/example_xcom.py
[2024-10-07T14:43:53.950+0000] {processor.py:925} INFO - DAG(s) 'example_xcom' retrieved from /home/airflow/.local/lib/python3.12/site-packages/airflow/example_dags/example_xcom.py
[2024-10-07T14:43:53.976+0000] {logging_mixin.py:190} INFO - [2024-10-07T14:43:53.976+0000] {dag.py:3239} INFO - Sync 1 DAGs
[2024-10-07T14:43:54.007+0000] {logging_mixin.py:190} INFO - [2024-10-07T14:43:54.006+0000] {dag.py:4180} INFO - Setting next_dagrun for example_xcom to 2021-01-01 00:00:00+00:00, run_after=2021-01-01 00:00:00+00:00
[2024-10-07T14:43:54.030+0000] {processor.py:208} INFO - Processing /home/airflow/.local/lib/python3.12/site-packages/airflow/example_dags/example_xcom.py took 0.105 seconds
[2024-10-07T14:44:25.027+0000] {processor.py:186} INFO - Started process (PID=231) to work on /home/airflow/.local/lib/python3.12/site-packages/airflow/example_dags/example_xcom.py
[2024-10-07T14:44:25.031+0000] {processor.py:914} INFO - Processing file /home/airflow/.local/lib/python3.12/site-packages/airflow/example_dags/example_xcom.py for tasks to queue
[2024-10-07T14:44:25.036+0000] {logging_mixin.py:190} INFO - [2024-10-07T14:44:25.036+0000] {dagbag.py:588} INFO - Filling up the DagBag from /home/airflow/.local/lib/python3.12/site-packages/airflow/example_dags/example_xcom.py
[2024-10-07T14:44:25.053+0000] {processor.py:925} INFO - DAG(s) 'example_xcom' retrieved from /home/airflow/.local/lib/python3.12/site-packages/airflow/example_dags/example_xcom.py
[2024-10-07T14:44:25.201+0000] {logging_mixin.py:190} INFO - [2024-10-07T14:44:25.200+0000] {dag.py:3239} INFO - Sync 1 DAGs
[2024-10-07T14:44:25.231+0000] {logging_mixin.py:190} INFO - [2024-10-07T14:44:25.231+0000] {dag.py:4180} INFO - Setting next_dagrun for example_xcom to 2021-01-01 00:00:00+00:00, run_after=2021-01-01 00:00:00+00:00
[2024-10-07T14:44:25.255+0000] {processor.py:208} INFO - Processing /home/airflow/.local/lib/python3.12/site-packages/airflow/example_dags/example_xcom.py took 0.236 seconds
[2024-10-07T14:44:56.107+0000] {processor.py:186} INFO - Started process (PID=293) to work on /home/airflow/.local/lib/python3.12/site-packages/airflow/example_dags/example_xcom.py
[2024-10-07T14:44:56.109+0000] {processor.py:914} INFO - Processing file /home/airflow/.local/lib/python3.12/site-packages/airflow/example_dags/example_xcom.py for tasks to queue
[2024-10-07T14:44:56.112+0000] {logging_mixin.py:190} INFO - [2024-10-07T14:44:56.112+0000] {dagbag.py:588} INFO - Filling up the DagBag from /home/airflow/.local/lib/python3.12/site-packages/airflow/example_dags/example_xcom.py
[2024-10-07T14:44:56.122+0000] {processor.py:925} INFO - DAG(s) 'example_xcom' retrieved from /home/airflow/.local/lib/python3.12/site-packages/airflow/example_dags/example_xcom.py
[2024-10-07T14:44:56.145+0000] {logging_mixin.py:190} INFO - [2024-10-07T14:44:56.145+0000] {dag.py:3239} INFO - Sync 1 DAGs
[2024-10-07T14:44:56.170+0000] {logging_mixin.py:190} INFO - [2024-10-07T14:44:56.170+0000] {dag.py:4180} INFO - Setting next_dagrun for example_xcom to 2021-01-01 00:00:00+00:00, run_after=2021-01-01 00:00:00+00:00
[2024-10-07T14:44:56.193+0000] {processor.py:208} INFO - Processing /home/airflow/.local/lib/python3.12/site-packages/airflow/example_dags/example_xcom.py took 0.091 seconds
[2024-10-07T14:45:26.910+0000] {processor.py:186} INFO - Started process (PID=354) to work on /home/airflow/.local/lib/python3.12/site-packages/airflow/example_dags/example_xcom.py
[2024-10-07T14:45:26.914+0000] {processor.py:914} INFO - Processing file /home/airflow/.local/lib/python3.12/site-packages/airflow/example_dags/example_xcom.py for tasks to queue
[2024-10-07T14:45:26.918+0000] {logging_mixin.py:190} INFO - [2024-10-07T14:45:26.918+0000] {dagbag.py:588} INFO - Filling up the DagBag from /home/airflow/.local/lib/python3.12/site-packages/airflow/example_dags/example_xcom.py
[2024-10-07T14:45:26.929+0000] {processor.py:925} INFO - DAG(s) 'example_xcom' retrieved from /home/airflow/.local/lib/python3.12/site-packages/airflow/example_dags/example_xcom.py
[2024-10-07T14:45:26.954+0000] {logging_mixin.py:190} INFO - [2024-10-07T14:45:26.954+0000] {dag.py:3239} INFO - Sync 1 DAGs
[2024-10-07T14:45:26.979+0000] {logging_mixin.py:190} INFO - [2024-10-07T14:45:26.979+0000] {dag.py:4180} INFO - Setting next_dagrun for example_xcom to 2021-01-01 00:00:00+00:00, run_after=2021-01-01 00:00:00+00:00
[2024-10-07T14:45:26.999+0000] {processor.py:208} INFO - Processing /home/airflow/.local/lib/python3.12/site-packages/airflow/example_dags/example_xcom.py took 0.099 seconds
[2024-10-07T14:45:57.224+0000] {processor.py:186} INFO - Started process (PID=417) to work on /home/airflow/.local/lib/python3.12/site-packages/airflow/example_dags/example_xcom.py
[2024-10-07T14:45:57.226+0000] {processor.py:914} INFO - Processing file /home/airflow/.local/lib/python3.12/site-packages/airflow/example_dags/example_xcom.py for tasks to queue
[2024-10-07T14:45:57.232+0000] {logging_mixin.py:190} INFO - [2024-10-07T14:45:57.231+0000] {dagbag.py:588} INFO - Filling up the DagBag from /home/airflow/.local/lib/python3.12/site-packages/airflow/example_dags/example_xcom.py
[2024-10-07T14:45:57.250+0000] {processor.py:925} INFO - DAG(s) 'example_xcom' retrieved from /home/airflow/.local/lib/python3.12/site-packages/airflow/example_dags/example_xcom.py
[2024-10-07T14:45:57.290+0000] {logging_mixin.py:190} INFO - [2024-10-07T14:45:57.290+0000] {dag.py:3239} INFO - Sync 1 DAGs
[2024-10-07T14:45:57.339+0000] {logging_mixin.py:190} INFO - [2024-10-07T14:45:57.338+0000] {dag.py:4180} INFO - Setting next_dagrun for example_xcom to 2021-01-01 00:00:00+00:00, run_after=2021-01-01 00:00:00+00:00
[2024-10-07T14:45:57.375+0000] {processor.py:208} INFO - Processing /home/airflow/.local/lib/python3.12/site-packages/airflow/example_dags/example_xcom.py took 0.164 seconds
[2024-10-07T14:46:28.479+0000] {processor.py:186} INFO - Started process (PID=479) to work on /home/airflow/.local/lib/python3.12/site-packages/airflow/example_dags/example_xcom.py
[2024-10-07T14:46:28.482+0000] {processor.py:914} INFO - Processing file /home/airflow/.local/lib/python3.12/site-packages/airflow/example_dags/example_xcom.py for tasks to queue
[2024-10-07T14:46:28.489+0000] {logging_mixin.py:190} INFO - [2024-10-07T14:46:28.488+0000] {dagbag.py:588} INFO - Filling up the DagBag from /home/airflow/.local/lib/python3.12/site-packages/airflow/example_dags/example_xcom.py
[2024-10-07T14:46:28.507+0000] {processor.py:925} INFO - DAG(s) 'example_xcom' retrieved from /home/airflow/.local/lib/python3.12/site-packages/airflow/example_dags/example_xcom.py
[2024-10-07T14:46:28.548+0000] {logging_mixin.py:190} INFO - [2024-10-07T14:46:28.547+0000] {dag.py:3239} INFO - Sync 1 DAGs
[2024-10-07T14:46:28.597+0000] {logging_mixin.py:190} INFO - [2024-10-07T14:46:28.596+0000] {dag.py:4180} INFO - Setting next_dagrun for example_xcom to 2021-01-01 00:00:00+00:00, run_after=2021-01-01 00:00:00+00:00
[2024-10-07T14:46:28.634+0000] {processor.py:208} INFO - Processing /home/airflow/.local/lib/python3.12/site-packages/airflow/example_dags/example_xcom.py took 0.170 seconds
[2024-10-07T14:46:58.744+0000] {processor.py:186} INFO - Started process (PID=541) to work on /home/airflow/.local/lib/python3.12/site-packages/airflow/example_dags/example_xcom.py
[2024-10-07T14:46:58.746+0000] {processor.py:914} INFO - Processing file /home/airflow/.local/lib/python3.12/site-packages/airflow/example_dags/example_xcom.py for tasks to queue
[2024-10-07T14:46:58.749+0000] {logging_mixin.py:190} INFO - [2024-10-07T14:46:58.748+0000] {dagbag.py:588} INFO - Filling up the DagBag from /home/airflow/.local/lib/python3.12/site-packages/airflow/example_dags/example_xcom.py
[2024-10-07T14:46:58.758+0000] {processor.py:925} INFO - DAG(s) 'example_xcom' retrieved from /home/airflow/.local/lib/python3.12/site-packages/airflow/example_dags/example_xcom.py
[2024-10-07T14:46:58.782+0000] {logging_mixin.py:190} INFO - [2024-10-07T14:46:58.782+0000] {dag.py:3239} INFO - Sync 1 DAGs
[2024-10-07T14:46:58.805+0000] {logging_mixin.py:190} INFO - [2024-10-07T14:46:58.805+0000] {dag.py:4180} INFO - Setting next_dagrun for example_xcom to 2021-01-01 00:00:00+00:00, run_after=2021-01-01 00:00:00+00:00
[2024-10-07T14:46:58.832+0000] {processor.py:208} INFO - Processing /home/airflow/.local/lib/python3.12/site-packages/airflow/example_dags/example_xcom.py took 0.093 seconds
[2024-10-07T14:47:29.591+0000] {processor.py:186} INFO - Started process (PID=603) to work on /home/airflow/.local/lib/python3.12/site-packages/airflow/example_dags/example_xcom.py
[2024-10-07T14:47:29.592+0000] {processor.py:914} INFO - Processing file /home/airflow/.local/lib/python3.12/site-packages/airflow/example_dags/example_xcom.py for tasks to queue
[2024-10-07T14:47:29.595+0000] {logging_mixin.py:190} INFO - [2024-10-07T14:47:29.595+0000] {dagbag.py:588} INFO - Filling up the DagBag from /home/airflow/.local/lib/python3.12/site-packages/airflow/example_dags/example_xcom.py
[2024-10-07T14:47:29.605+0000] {processor.py:925} INFO - DAG(s) 'example_xcom' retrieved from /home/airflow/.local/lib/python3.12/site-packages/airflow/example_dags/example_xcom.py
[2024-10-07T14:47:29.626+0000] {logging_mixin.py:190} INFO - [2024-10-07T14:47:29.626+0000] {dag.py:3239} INFO - Sync 1 DAGs
[2024-10-07T14:47:29.649+0000] {logging_mixin.py:190} INFO - [2024-10-07T14:47:29.649+0000] {dag.py:4180} INFO - Setting next_dagrun for example_xcom to 2021-01-01 00:00:00+00:00, run_after=2021-01-01 00:00:00+00:00
[2024-10-07T14:47:29.667+0000] {processor.py:208} INFO - Processing /home/airflow/.local/lib/python3.12/site-packages/airflow/example_dags/example_xcom.py took 0.082 seconds
[2024-10-07T14:47:59.986+0000] {processor.py:186} INFO - Started process (PID=665) to work on /home/airflow/.local/lib/python3.12/site-packages/airflow/example_dags/example_xcom.py
[2024-10-07T14:47:59.987+0000] {processor.py:914} INFO - Processing file /home/airflow/.local/lib/python3.12/site-packages/airflow/example_dags/example_xcom.py for tasks to queue
[2024-10-07T14:47:59.990+0000] {logging_mixin.py:190} INFO - [2024-10-07T14:47:59.990+0000] {dagbag.py:588} INFO - Filling up the DagBag from /home/airflow/.local/lib/python3.12/site-packages/airflow/example_dags/example_xcom.py
[2024-10-07T14:48:00.000+0000] {processor.py:925} INFO - DAG(s) 'example_xcom' retrieved from /home/airflow/.local/lib/python3.12/site-packages/airflow/example_dags/example_xcom.py
[2024-10-07T14:48:00.034+0000] {logging_mixin.py:190} INFO - [2024-10-07T14:48:00.034+0000] {dag.py:3239} INFO - Sync 1 DAGs
[2024-10-07T14:48:00.063+0000] {logging_mixin.py:190} INFO - [2024-10-07T14:48:00.062+0000] {dag.py:4180} INFO - Setting next_dagrun for example_xcom to 2021-01-01 00:00:00+00:00, run_after=2021-01-01 00:00:00+00:00
[2024-10-07T14:48:00.094+0000] {processor.py:208} INFO - Processing /home/airflow/.local/lib/python3.12/site-packages/airflow/example_dags/example_xcom.py took 0.114 seconds
[2024-10-07T14:48:30.299+0000] {processor.py:186} INFO - Started process (PID=727) to work on /home/airflow/.local/lib/python3.12/site-packages/airflow/example_dags/example_xcom.py
[2024-10-07T14:48:30.301+0000] {processor.py:914} INFO - Processing file /home/airflow/.local/lib/python3.12/site-packages/airflow/example_dags/example_xcom.py for tasks to queue
[2024-10-07T14:48:30.304+0000] {logging_mixin.py:190} INFO - [2024-10-07T14:48:30.304+0000] {dagbag.py:588} INFO - Filling up the DagBag from /home/airflow/.local/lib/python3.12/site-packages/airflow/example_dags/example_xcom.py
[2024-10-07T14:48:30.313+0000] {processor.py:925} INFO - DAG(s) 'example_xcom' retrieved from /home/airflow/.local/lib/python3.12/site-packages/airflow/example_dags/example_xcom.py
[2024-10-07T14:48:30.337+0000] {logging_mixin.py:190} INFO - [2024-10-07T14:48:30.337+0000] {dag.py:3239} INFO - Sync 1 DAGs
[2024-10-07T14:48:30.359+0000] {logging_mixin.py:190} INFO - [2024-10-07T14:48:30.359+0000] {dag.py:4180} INFO - Setting next_dagrun for example_xcom to 2021-01-01 00:00:00+00:00, run_after=2021-01-01 00:00:00+00:00
[2024-10-07T14:48:30.378+0000] {processor.py:208} INFO - Processing /home/airflow/.local/lib/python3.12/site-packages/airflow/example_dags/example_xcom.py took 0.085 seconds
[2024-10-07T14:49:00.740+0000] {processor.py:186} INFO - Started process (PID=789) to work on /home/airflow/.local/lib/python3.12/site-packages/airflow/example_dags/example_xcom.py
[2024-10-07T14:49:00.742+0000] {processor.py:914} INFO - Processing file /home/airflow/.local/lib/python3.12/site-packages/airflow/example_dags/example_xcom.py for tasks to queue
[2024-10-07T14:49:00.745+0000] {logging_mixin.py:190} INFO - [2024-10-07T14:49:00.745+0000] {dagbag.py:588} INFO - Filling up the DagBag from /home/airflow/.local/lib/python3.12/site-packages/airflow/example_dags/example_xcom.py
[2024-10-07T14:49:00.755+0000] {processor.py:925} INFO - DAG(s) 'example_xcom' retrieved from /home/airflow/.local/lib/python3.12/site-packages/airflow/example_dags/example_xcom.py
[2024-10-07T14:49:00.777+0000] {logging_mixin.py:190} INFO - [2024-10-07T14:49:00.777+0000] {dag.py:3239} INFO - Sync 1 DAGs
[2024-10-07T14:49:00.800+0000] {logging_mixin.py:190} INFO - [2024-10-07T14:49:00.800+0000] {dag.py:4180} INFO - Setting next_dagrun for example_xcom to 2021-01-01 00:00:00+00:00, run_after=2021-01-01 00:00:00+00:00
[2024-10-07T14:49:00.819+0000] {processor.py:208} INFO - Processing /home/airflow/.local/lib/python3.12/site-packages/airflow/example_dags/example_xcom.py took 0.086 seconds
[2024-10-07T14:49:31.749+0000] {processor.py:186} INFO - Started process (PID=851) to work on /home/airflow/.local/lib/python3.12/site-packages/airflow/example_dags/example_xcom.py
[2024-10-07T14:49:31.750+0000] {processor.py:914} INFO - Processing file /home/airflow/.local/lib/python3.12/site-packages/airflow/example_dags/example_xcom.py for tasks to queue
[2024-10-07T14:49:31.754+0000] {logging_mixin.py:190} INFO - [2024-10-07T14:49:31.754+0000] {dagbag.py:588} INFO - Filling up the DagBag from /home/airflow/.local/lib/python3.12/site-packages/airflow/example_dags/example_xcom.py
[2024-10-07T14:49:31.765+0000] {processor.py:925} INFO - DAG(s) 'example_xcom' retrieved from /home/airflow/.local/lib/python3.12/site-packages/airflow/example_dags/example_xcom.py
[2024-10-07T14:49:31.792+0000] {logging_mixin.py:190} INFO - [2024-10-07T14:49:31.792+0000] {dag.py:3239} INFO - Sync 1 DAGs
[2024-10-07T14:49:31.816+0000] {logging_mixin.py:190} INFO - [2024-10-07T14:49:31.816+0000] {dag.py:4180} INFO - Setting next_dagrun for example_xcom to 2021-01-01 00:00:00+00:00, run_after=2021-01-01 00:00:00+00:00
[2024-10-07T14:49:31.844+0000] {processor.py:208} INFO - Processing /home/airflow/.local/lib/python3.12/site-packages/airflow/example_dags/example_xcom.py took 0.102 seconds
[2024-10-07T14:50:01.942+0000] {processor.py:186} INFO - Started process (PID=913) to work on /home/airflow/.local/lib/python3.12/site-packages/airflow/example_dags/example_xcom.py
[2024-10-07T14:50:01.944+0000] {processor.py:914} INFO - Processing file /home/airflow/.local/lib/python3.12/site-packages/airflow/example_dags/example_xcom.py for tasks to queue
[2024-10-07T14:50:01.947+0000] {logging_mixin.py:190} INFO - [2024-10-07T14:50:01.947+0000] {dagbag.py:588} INFO - Filling up the DagBag from /home/airflow/.local/lib/python3.12/site-packages/airflow/example_dags/example_xcom.py
[2024-10-07T14:50:01.956+0000] {processor.py:925} INFO - DAG(s) 'example_xcom' retrieved from /home/airflow/.local/lib/python3.12/site-packages/airflow/example_dags/example_xcom.py
[2024-10-07T14:50:01.979+0000] {logging_mixin.py:190} INFO - [2024-10-07T14:50:01.978+0000] {dag.py:3239} INFO - Sync 1 DAGs
[2024-10-07T14:50:02.003+0000] {logging_mixin.py:190} INFO - [2024-10-07T14:50:02.003+0000] {dag.py:4180} INFO - Setting next_dagrun for example_xcom to 2021-01-01 00:00:00+00:00, run_after=2021-01-01 00:00:00+00:00
[2024-10-07T14:50:02.023+0000] {processor.py:208} INFO - Processing /home/airflow/.local/lib/python3.12/site-packages/airflow/example_dags/example_xcom.py took 0.087 seconds
[2024-10-07T14:50:32.471+0000] {processor.py:186} INFO - Started process (PID=975) to work on /home/airflow/.local/lib/python3.12/site-packages/airflow/example_dags/example_xcom.py
[2024-10-07T14:50:32.473+0000] {processor.py:914} INFO - Processing file /home/airflow/.local/lib/python3.12/site-packages/airflow/example_dags/example_xcom.py for tasks to queue
[2024-10-07T14:50:32.476+0000] {logging_mixin.py:190} INFO - [2024-10-07T14:50:32.476+0000] {dagbag.py:588} INFO - Filling up the DagBag from /home/airflow/.local/lib/python3.12/site-packages/airflow/example_dags/example_xcom.py
[2024-10-07T14:50:32.486+0000] {processor.py:925} INFO - DAG(s) 'example_xcom' retrieved from /home/airflow/.local/lib/python3.12/site-packages/airflow/example_dags/example_xcom.py
[2024-10-07T14:50:32.509+0000] {logging_mixin.py:190} INFO - [2024-10-07T14:50:32.508+0000] {dag.py:3239} INFO - Sync 1 DAGs
[2024-10-07T14:50:32.534+0000] {logging_mixin.py:190} INFO - [2024-10-07T14:50:32.534+0000] {dag.py:4180} INFO - Setting next_dagrun for example_xcom to 2021-01-01 00:00:00+00:00, run_after=2021-01-01 00:00:00+00:00
[2024-10-07T14:50:32.561+0000] {processor.py:208} INFO - Processing /home/airflow/.local/lib/python3.12/site-packages/airflow/example_dags/example_xcom.py took 0.097 seconds
[2024-10-07T14:51:02.720+0000] {processor.py:186} INFO - Started process (PID=1037) to work on /home/airflow/.local/lib/python3.12/site-packages/airflow/example_dags/example_xcom.py
[2024-10-07T14:51:02.722+0000] {processor.py:914} INFO - Processing file /home/airflow/.local/lib/python3.12/site-packages/airflow/example_dags/example_xcom.py for tasks to queue
[2024-10-07T14:51:02.725+0000] {logging_mixin.py:190} INFO - [2024-10-07T14:51:02.725+0000] {dagbag.py:588} INFO - Filling up the DagBag from /home/airflow/.local/lib/python3.12/site-packages/airflow/example_dags/example_xcom.py
[2024-10-07T14:51:02.735+0000] {processor.py:925} INFO - DAG(s) 'example_xcom' retrieved from /home/airflow/.local/lib/python3.12/site-packages/airflow/example_dags/example_xcom.py
[2024-10-07T14:51:02.760+0000] {logging_mixin.py:190} INFO - [2024-10-07T14:51:02.760+0000] {dag.py:3239} INFO - Sync 1 DAGs
[2024-10-07T14:51:02.787+0000] {logging_mixin.py:190} INFO - [2024-10-07T14:51:02.787+0000] {dag.py:4180} INFO - Setting next_dagrun for example_xcom to 2021-01-01 00:00:00+00:00, run_after=2021-01-01 00:00:00+00:00
[2024-10-07T14:51:02.810+0000] {processor.py:208} INFO - Processing /home/airflow/.local/lib/python3.12/site-packages/airflow/example_dags/example_xcom.py took 0.096 seconds
[2024-10-07T14:51:33.013+0000] {processor.py:186} INFO - Started process (PID=1099) to work on /home/airflow/.local/lib/python3.12/site-packages/airflow/example_dags/example_xcom.py
[2024-10-07T14:51:33.015+0000] {processor.py:914} INFO - Processing file /home/airflow/.local/lib/python3.12/site-packages/airflow/example_dags/example_xcom.py for tasks to queue
[2024-10-07T14:51:33.018+0000] {logging_mixin.py:190} INFO - [2024-10-07T14:51:33.017+0000] {dagbag.py:588} INFO - Filling up the DagBag from /home/airflow/.local/lib/python3.12/site-packages/airflow/example_dags/example_xcom.py
[2024-10-07T14:51:33.027+0000] {processor.py:925} INFO - DAG(s) 'example_xcom' retrieved from /home/airflow/.local/lib/python3.12/site-packages/airflow/example_dags/example_xcom.py
[2024-10-07T14:51:33.048+0000] {logging_mixin.py:190} INFO - [2024-10-07T14:51:33.047+0000] {dag.py:3239} INFO - Sync 1 DAGs
[2024-10-07T14:51:33.069+0000] {logging_mixin.py:190} INFO - [2024-10-07T14:51:33.069+0000] {dag.py:4180} INFO - Setting next_dagrun for example_xcom to 2021-01-01 00:00:00+00:00, run_after=2021-01-01 00:00:00+00:00
[2024-10-07T14:51:33.088+0000] {processor.py:208} INFO - Processing /home/airflow/.local/lib/python3.12/site-packages/airflow/example_dags/example_xcom.py took 0.080 seconds
[2024-10-07T14:52:03.945+0000] {processor.py:186} INFO - Started process (PID=1161) to work on /home/airflow/.local/lib/python3.12/site-packages/airflow/example_dags/example_xcom.py
[2024-10-07T14:52:03.947+0000] {processor.py:914} INFO - Processing file /home/airflow/.local/lib/python3.12/site-packages/airflow/example_dags/example_xcom.py for tasks to queue
[2024-10-07T14:52:03.951+0000] {logging_mixin.py:190} INFO - [2024-10-07T14:52:03.951+0000] {dagbag.py:588} INFO - Filling up the DagBag from /home/airflow/.local/lib/python3.12/site-packages/airflow/example_dags/example_xcom.py
[2024-10-07T14:52:03.962+0000] {processor.py:925} INFO - DAG(s) 'example_xcom' retrieved from /home/airflow/.local/lib/python3.12/site-packages/airflow/example_dags/example_xcom.py
[2024-10-07T14:52:03.986+0000] {logging_mixin.py:190} INFO - [2024-10-07T14:52:03.986+0000] {dag.py:3239} INFO - Sync 1 DAGs
[2024-10-07T14:52:04.023+0000] {logging_mixin.py:190} INFO - [2024-10-07T14:52:04.023+0000] {dag.py:4180} INFO - Setting next_dagrun for example_xcom to 2021-01-01 00:00:00+00:00, run_after=2021-01-01 00:00:00+00:00
[2024-10-07T14:52:04.057+0000] {processor.py:208} INFO - Processing /home/airflow/.local/lib/python3.12/site-packages/airflow/example_dags/example_xcom.py took 0.119 seconds
[2024-10-07T14:52:34.532+0000] {processor.py:186} INFO - Started process (PID=1223) to work on /home/airflow/.local/lib/python3.12/site-packages/airflow/example_dags/example_xcom.py
[2024-10-07T14:52:34.534+0000] {processor.py:914} INFO - Processing file /home/airflow/.local/lib/python3.12/site-packages/airflow/example_dags/example_xcom.py for tasks to queue
[2024-10-07T14:52:34.537+0000] {logging_mixin.py:190} INFO - [2024-10-07T14:52:34.537+0000] {dagbag.py:588} INFO - Filling up the DagBag from /home/airflow/.local/lib/python3.12/site-packages/airflow/example_dags/example_xcom.py
[2024-10-07T14:52:34.548+0000] {processor.py:925} INFO - DAG(s) 'example_xcom' retrieved from /home/airflow/.local/lib/python3.12/site-packages/airflow/example_dags/example_xcom.py
[2024-10-07T14:52:34.571+0000] {logging_mixin.py:190} INFO - [2024-10-07T14:52:34.570+0000] {dag.py:3239} INFO - Sync 1 DAGs
[2024-10-07T14:52:34.594+0000] {logging_mixin.py:190} INFO - [2024-10-07T14:52:34.594+0000] {dag.py:4180} INFO - Setting next_dagrun for example_xcom to 2021-01-01 00:00:00+00:00, run_after=2021-01-01 00:00:00+00:00
[2024-10-07T14:52:34.613+0000] {processor.py:208} INFO - Processing /home/airflow/.local/lib/python3.12/site-packages/airflow/example_dags/example_xcom.py took 0.087 seconds
[2024-10-07T14:53:05.215+0000] {processor.py:186} INFO - Started process (PID=1285) to work on /home/airflow/.local/lib/python3.12/site-packages/airflow/example_dags/example_xcom.py
[2024-10-07T14:53:05.217+0000] {processor.py:914} INFO - Processing file /home/airflow/.local/lib/python3.12/site-packages/airflow/example_dags/example_xcom.py for tasks to queue
[2024-10-07T14:53:05.220+0000] {logging_mixin.py:190} INFO - [2024-10-07T14:53:05.220+0000] {dagbag.py:588} INFO - Filling up the DagBag from /home/airflow/.local/lib/python3.12/site-packages/airflow/example_dags/example_xcom.py
[2024-10-07T14:53:05.230+0000] {processor.py:925} INFO - DAG(s) 'example_xcom' retrieved from /home/airflow/.local/lib/python3.12/site-packages/airflow/example_dags/example_xcom.py
[2024-10-07T14:53:05.251+0000] {logging_mixin.py:190} INFO - [2024-10-07T14:53:05.250+0000] {dag.py:3239} INFO - Sync 1 DAGs
[2024-10-07T14:53:05.276+0000] {logging_mixin.py:190} INFO - [2024-10-07T14:53:05.276+0000] {dag.py:4180} INFO - Setting next_dagrun for example_xcom to 2021-01-01 00:00:00+00:00, run_after=2021-01-01 00:00:00+00:00
[2024-10-07T14:53:05.298+0000] {processor.py:208} INFO - Processing /home/airflow/.local/lib/python3.12/site-packages/airflow/example_dags/example_xcom.py took 0.088 seconds
[2024-10-07T14:53:35.768+0000] {processor.py:186} INFO - Started process (PID=1348) to work on /home/airflow/.local/lib/python3.12/site-packages/airflow/example_dags/example_xcom.py
[2024-10-07T14:53:35.769+0000] {processor.py:914} INFO - Processing file /home/airflow/.local/lib/python3.12/site-packages/airflow/example_dags/example_xcom.py for tasks to queue
[2024-10-07T14:53:35.772+0000] {logging_mixin.py:190} INFO - [2024-10-07T14:53:35.772+0000] {dagbag.py:588} INFO - Filling up the DagBag from /home/airflow/.local/lib/python3.12/site-packages/airflow/example_dags/example_xcom.py
[2024-10-07T14:53:35.781+0000] {processor.py:925} INFO - DAG(s) 'example_xcom' retrieved from /home/airflow/.local/lib/python3.12/site-packages/airflow/example_dags/example_xcom.py
[2024-10-07T14:53:35.802+0000] {logging_mixin.py:190} INFO - [2024-10-07T14:53:35.801+0000] {dag.py:3239} INFO - Sync 1 DAGs
[2024-10-07T14:53:35.824+0000] {logging_mixin.py:190} INFO - [2024-10-07T14:53:35.824+0000] {dag.py:4180} INFO - Setting next_dagrun for example_xcom to 2021-01-01 00:00:00+00:00, run_after=2021-01-01 00:00:00+00:00
[2024-10-07T14:53:35.844+0000] {processor.py:208} INFO - Processing /home/airflow/.local/lib/python3.12/site-packages/airflow/example_dags/example_xcom.py took 0.082 seconds
