[2024-10-07T14:43:14.350+0000] {processor.py:186} INFO - Started process (PID=78) to work on /home/airflow/.local/lib/python3.12/site-packages/airflow/example_dags/example_workday_timetable.py
[2024-10-07T14:43:14.353+0000] {processor.py:914} INFO - Processing file /home/airflow/.local/lib/python3.12/site-packages/airflow/example_dags/example_workday_timetable.py for tasks to queue
[2024-10-07T14:43:14.359+0000] {logging_mixin.py:190} INFO - [2024-10-07T14:43:14.358+0000] {dagbag.py:588} INFO - Filling up the DagBag from /home/airflow/.local/lib/python3.12/site-packages/airflow/example_dags/example_workday_timetable.py
[2024-10-07T14:43:14.377+0000] {processor.py:925} INFO - DAG(s) 'example_workday_timetable' retrieved from /home/airflow/.local/lib/python3.12/site-packages/airflow/example_dags/example_workday_timetable.py
[2024-10-07T14:43:14.926+0000] {logging_mixin.py:190} INFO - [2024-10-07T14:43:14.924+0000] {override.py:1900} INFO - Created Permission View: can read on DAG:example_workday_timetable
[2024-10-07T14:43:14.956+0000] {logging_mixin.py:190} INFO - [2024-10-07T14:43:14.955+0000] {override.py:1900} INFO - Created Permission View: can delete on DAG:example_workday_timetable
[2024-10-07T14:43:14.971+0000] {logging_mixin.py:190} INFO - [2024-10-07T14:43:14.970+0000] {override.py:1900} INFO - Created Permission View: can edit on DAG:example_workday_timetable
[2024-10-07T14:43:14.989+0000] {logging_mixin.py:190} INFO - [2024-10-07T14:43:14.989+0000] {override.py:1900} INFO - Created Permission View: can read on DAG Run:example_workday_timetable
[2024-10-07T14:43:15.006+0000] {logging_mixin.py:190} INFO - [2024-10-07T14:43:15.005+0000] {override.py:1900} INFO - Created Permission View: can create on DAG Run:example_workday_timetable
[2024-10-07T14:43:15.021+0000] {logging_mixin.py:190} INFO - [2024-10-07T14:43:15.021+0000] {override.py:1900} INFO - Created Permission View: menu access on DAG Run:example_workday_timetable
[2024-10-07T14:43:15.038+0000] {logging_mixin.py:190} INFO - [2024-10-07T14:43:15.037+0000] {override.py:1900} INFO - Created Permission View: can delete on DAG Run:example_workday_timetable
[2024-10-07T14:43:15.040+0000] {logging_mixin.py:190} INFO - [2024-10-07T14:43:15.040+0000] {dag.py:3239} INFO - Sync 1 DAGs
[2024-10-07T14:43:15.117+0000] {logging_mixin.py:190} INFO - [2024-10-07T14:43:15.116+0000] {dag.py:3262} INFO - Creating ORM DAG for example_workday_timetable
[2024-10-07T14:43:15.426+0000] {logging_mixin.py:190} INFO - [2024-10-07T14:43:15.426+0000] {dag.py:4180} INFO - Setting next_dagrun for example_workday_timetable to 2021-01-04 00:00:00+00:00, run_after=2021-01-05 00:00:00+00:00
[2024-10-07T14:43:15.489+0000] {processor.py:208} INFO - Processing /home/airflow/.local/lib/python3.12/site-packages/airflow/example_dags/example_workday_timetable.py took 1.161 seconds
[2024-10-07T14:43:45.654+0000] {processor.py:186} INFO - Started process (PID=141) to work on /home/airflow/.local/lib/python3.12/site-packages/airflow/example_dags/example_workday_timetable.py
[2024-10-07T14:43:45.656+0000] {processor.py:914} INFO - Processing file /home/airflow/.local/lib/python3.12/site-packages/airflow/example_dags/example_workday_timetable.py for tasks to queue
[2024-10-07T14:43:45.661+0000] {logging_mixin.py:190} INFO - [2024-10-07T14:43:45.660+0000] {dagbag.py:588} INFO - Filling up the DagBag from /home/airflow/.local/lib/python3.12/site-packages/airflow/example_dags/example_workday_timetable.py
[2024-10-07T14:43:45.669+0000] {processor.py:925} INFO - DAG(s) 'example_workday_timetable' retrieved from /home/airflow/.local/lib/python3.12/site-packages/airflow/example_dags/example_workday_timetable.py
[2024-10-07T14:43:45.696+0000] {logging_mixin.py:190} INFO - [2024-10-07T14:43:45.696+0000] {dag.py:3239} INFO - Sync 1 DAGs
[2024-10-07T14:43:45.757+0000] {logging_mixin.py:190} INFO - [2024-10-07T14:43:45.757+0000] {dag.py:4180} INFO - Setting next_dagrun for example_workday_timetable to 2021-01-04 00:00:00+00:00, run_after=2021-01-05 00:00:00+00:00
[2024-10-07T14:43:45.777+0000] {processor.py:208} INFO - Processing /home/airflow/.local/lib/python3.12/site-packages/airflow/example_dags/example_workday_timetable.py took 0.129 seconds
[2024-10-07T14:44:16.611+0000] {processor.py:186} INFO - Started process (PID=202) to work on /home/airflow/.local/lib/python3.12/site-packages/airflow/example_dags/example_workday_timetable.py
[2024-10-07T14:44:16.613+0000] {processor.py:914} INFO - Processing file /home/airflow/.local/lib/python3.12/site-packages/airflow/example_dags/example_workday_timetable.py for tasks to queue
[2024-10-07T14:44:16.617+0000] {logging_mixin.py:190} INFO - [2024-10-07T14:44:16.616+0000] {dagbag.py:588} INFO - Filling up the DagBag from /home/airflow/.local/lib/python3.12/site-packages/airflow/example_dags/example_workday_timetable.py
[2024-10-07T14:44:16.623+0000] {processor.py:925} INFO - DAG(s) 'example_workday_timetable' retrieved from /home/airflow/.local/lib/python3.12/site-packages/airflow/example_dags/example_workday_timetable.py
[2024-10-07T14:44:16.644+0000] {logging_mixin.py:190} INFO - [2024-10-07T14:44:16.644+0000] {dag.py:3239} INFO - Sync 1 DAGs
[2024-10-07T14:44:16.700+0000] {logging_mixin.py:190} INFO - [2024-10-07T14:44:16.700+0000] {dag.py:4180} INFO - Setting next_dagrun for example_workday_timetable to 2021-01-04 00:00:00+00:00, run_after=2021-01-05 00:00:00+00:00
[2024-10-07T14:44:16.721+0000] {processor.py:208} INFO - Processing /home/airflow/.local/lib/python3.12/site-packages/airflow/example_dags/example_workday_timetable.py took 0.120 seconds
[2024-10-07T14:44:47.593+0000] {processor.py:186} INFO - Started process (PID=264) to work on /home/airflow/.local/lib/python3.12/site-packages/airflow/example_dags/example_workday_timetable.py
[2024-10-07T14:44:47.595+0000] {processor.py:914} INFO - Processing file /home/airflow/.local/lib/python3.12/site-packages/airflow/example_dags/example_workday_timetable.py for tasks to queue
[2024-10-07T14:44:47.601+0000] {logging_mixin.py:190} INFO - [2024-10-07T14:44:47.600+0000] {dagbag.py:588} INFO - Filling up the DagBag from /home/airflow/.local/lib/python3.12/site-packages/airflow/example_dags/example_workday_timetable.py
[2024-10-07T14:44:47.611+0000] {processor.py:925} INFO - DAG(s) 'example_workday_timetable' retrieved from /home/airflow/.local/lib/python3.12/site-packages/airflow/example_dags/example_workday_timetable.py
[2024-10-07T14:44:47.632+0000] {logging_mixin.py:190} INFO - [2024-10-07T14:44:47.631+0000] {dag.py:3239} INFO - Sync 1 DAGs
[2024-10-07T14:44:47.686+0000] {logging_mixin.py:190} INFO - [2024-10-07T14:44:47.686+0000] {dag.py:4180} INFO - Setting next_dagrun for example_workday_timetable to 2021-01-04 00:00:00+00:00, run_after=2021-01-05 00:00:00+00:00
[2024-10-07T14:44:47.708+0000] {processor.py:208} INFO - Processing /home/airflow/.local/lib/python3.12/site-packages/airflow/example_dags/example_workday_timetable.py took 0.127 seconds
[2024-10-07T14:45:18.283+0000] {processor.py:186} INFO - Started process (PID=325) to work on /home/airflow/.local/lib/python3.12/site-packages/airflow/example_dags/example_workday_timetable.py
[2024-10-07T14:45:18.285+0000] {processor.py:914} INFO - Processing file /home/airflow/.local/lib/python3.12/site-packages/airflow/example_dags/example_workday_timetable.py for tasks to queue
[2024-10-07T14:45:18.288+0000] {logging_mixin.py:190} INFO - [2024-10-07T14:45:18.288+0000] {dagbag.py:588} INFO - Filling up the DagBag from /home/airflow/.local/lib/python3.12/site-packages/airflow/example_dags/example_workday_timetable.py
[2024-10-07T14:45:18.294+0000] {processor.py:925} INFO - DAG(s) 'example_workday_timetable' retrieved from /home/airflow/.local/lib/python3.12/site-packages/airflow/example_dags/example_workday_timetable.py
[2024-10-07T14:45:18.316+0000] {logging_mixin.py:190} INFO - [2024-10-07T14:45:18.316+0000] {dag.py:3239} INFO - Sync 1 DAGs
[2024-10-07T14:45:18.376+0000] {logging_mixin.py:190} INFO - [2024-10-07T14:45:18.376+0000] {dag.py:4180} INFO - Setting next_dagrun for example_workday_timetable to 2021-01-04 00:00:00+00:00, run_after=2021-01-05 00:00:00+00:00
[2024-10-07T14:45:18.395+0000] {processor.py:208} INFO - Processing /home/airflow/.local/lib/python3.12/site-packages/airflow/example_dags/example_workday_timetable.py took 0.118 seconds
[2024-10-07T14:45:48.585+0000] {processor.py:186} INFO - Started process (PID=388) to work on /home/airflow/.local/lib/python3.12/site-packages/airflow/example_dags/example_workday_timetable.py
[2024-10-07T14:45:48.587+0000] {processor.py:914} INFO - Processing file /home/airflow/.local/lib/python3.12/site-packages/airflow/example_dags/example_workday_timetable.py for tasks to queue
[2024-10-07T14:45:48.590+0000] {logging_mixin.py:190} INFO - [2024-10-07T14:45:48.589+0000] {dagbag.py:588} INFO - Filling up the DagBag from /home/airflow/.local/lib/python3.12/site-packages/airflow/example_dags/example_workday_timetable.py
[2024-10-07T14:45:48.598+0000] {processor.py:925} INFO - DAG(s) 'example_workday_timetable' retrieved from /home/airflow/.local/lib/python3.12/site-packages/airflow/example_dags/example_workday_timetable.py
[2024-10-07T14:45:48.623+0000] {logging_mixin.py:190} INFO - [2024-10-07T14:45:48.623+0000] {dag.py:3239} INFO - Sync 1 DAGs
[2024-10-07T14:45:48.696+0000] {logging_mixin.py:190} INFO - [2024-10-07T14:45:48.695+0000] {dag.py:4180} INFO - Setting next_dagrun for example_workday_timetable to 2021-01-04 00:00:00+00:00, run_after=2021-01-05 00:00:00+00:00
[2024-10-07T14:45:48.715+0000] {processor.py:208} INFO - Processing /home/airflow/.local/lib/python3.12/site-packages/airflow/example_dags/example_workday_timetable.py took 0.137 seconds
[2024-10-07T14:46:19.445+0000] {processor.py:186} INFO - Started process (PID=450) to work on /home/airflow/.local/lib/python3.12/site-packages/airflow/example_dags/example_workday_timetable.py
[2024-10-07T14:46:19.447+0000] {processor.py:914} INFO - Processing file /home/airflow/.local/lib/python3.12/site-packages/airflow/example_dags/example_workday_timetable.py for tasks to queue
[2024-10-07T14:46:19.453+0000] {logging_mixin.py:190} INFO - [2024-10-07T14:46:19.453+0000] {dagbag.py:588} INFO - Filling up the DagBag from /home/airflow/.local/lib/python3.12/site-packages/airflow/example_dags/example_workday_timetable.py
[2024-10-07T14:46:19.463+0000] {processor.py:925} INFO - DAG(s) 'example_workday_timetable' retrieved from /home/airflow/.local/lib/python3.12/site-packages/airflow/example_dags/example_workday_timetable.py
[2024-10-07T14:46:19.491+0000] {logging_mixin.py:190} INFO - [2024-10-07T14:46:19.490+0000] {dag.py:3239} INFO - Sync 1 DAGs
[2024-10-07T14:46:19.587+0000] {logging_mixin.py:190} INFO - [2024-10-07T14:46:19.587+0000] {dag.py:4180} INFO - Setting next_dagrun for example_workday_timetable to 2021-01-04 00:00:00+00:00, run_after=2021-01-05 00:00:00+00:00
[2024-10-07T14:46:19.610+0000] {processor.py:208} INFO - Processing /home/airflow/.local/lib/python3.12/site-packages/airflow/example_dags/example_workday_timetable.py took 0.175 seconds
[2024-10-07T14:46:49.743+0000] {processor.py:186} INFO - Started process (PID=512) to work on /home/airflow/.local/lib/python3.12/site-packages/airflow/example_dags/example_workday_timetable.py
[2024-10-07T14:46:49.745+0000] {processor.py:914} INFO - Processing file /home/airflow/.local/lib/python3.12/site-packages/airflow/example_dags/example_workday_timetable.py for tasks to queue
[2024-10-07T14:46:49.750+0000] {logging_mixin.py:190} INFO - [2024-10-07T14:46:49.749+0000] {dagbag.py:588} INFO - Filling up the DagBag from /home/airflow/.local/lib/python3.12/site-packages/airflow/example_dags/example_workday_timetable.py
[2024-10-07T14:46:49.758+0000] {processor.py:925} INFO - DAG(s) 'example_workday_timetable' retrieved from /home/airflow/.local/lib/python3.12/site-packages/airflow/example_dags/example_workday_timetable.py
[2024-10-07T14:46:49.781+0000] {logging_mixin.py:190} INFO - [2024-10-07T14:46:49.781+0000] {dag.py:3239} INFO - Sync 1 DAGs
[2024-10-07T14:46:49.850+0000] {logging_mixin.py:190} INFO - [2024-10-07T14:46:49.850+0000] {dag.py:4180} INFO - Setting next_dagrun for example_workday_timetable to 2021-01-04 00:00:00+00:00, run_after=2021-01-05 00:00:00+00:00
[2024-10-07T14:46:49.877+0000] {processor.py:208} INFO - Processing /home/airflow/.local/lib/python3.12/site-packages/airflow/example_dags/example_workday_timetable.py took 0.148 seconds
[2024-10-07T14:47:20.362+0000] {processor.py:186} INFO - Started process (PID=574) to work on /home/airflow/.local/lib/python3.12/site-packages/airflow/example_dags/example_workday_timetable.py
[2024-10-07T14:47:20.364+0000] {processor.py:914} INFO - Processing file /home/airflow/.local/lib/python3.12/site-packages/airflow/example_dags/example_workday_timetable.py for tasks to queue
[2024-10-07T14:47:20.367+0000] {logging_mixin.py:190} INFO - [2024-10-07T14:47:20.367+0000] {dagbag.py:588} INFO - Filling up the DagBag from /home/airflow/.local/lib/python3.12/site-packages/airflow/example_dags/example_workday_timetable.py
[2024-10-07T14:47:20.374+0000] {processor.py:925} INFO - DAG(s) 'example_workday_timetable' retrieved from /home/airflow/.local/lib/python3.12/site-packages/airflow/example_dags/example_workday_timetable.py
[2024-10-07T14:47:20.394+0000] {logging_mixin.py:190} INFO - [2024-10-07T14:47:20.394+0000] {dag.py:3239} INFO - Sync 1 DAGs
[2024-10-07T14:47:20.453+0000] {logging_mixin.py:190} INFO - [2024-10-07T14:47:20.452+0000] {dag.py:4180} INFO - Setting next_dagrun for example_workday_timetable to 2021-01-04 00:00:00+00:00, run_after=2021-01-05 00:00:00+00:00
[2024-10-07T14:47:20.493+0000] {processor.py:208} INFO - Processing /home/airflow/.local/lib/python3.12/site-packages/airflow/example_dags/example_workday_timetable.py took 0.138 seconds
[2024-10-07T14:47:50.695+0000] {processor.py:186} INFO - Started process (PID=636) to work on /home/airflow/.local/lib/python3.12/site-packages/airflow/example_dags/example_workday_timetable.py
[2024-10-07T14:47:50.698+0000] {processor.py:914} INFO - Processing file /home/airflow/.local/lib/python3.12/site-packages/airflow/example_dags/example_workday_timetable.py for tasks to queue
[2024-10-07T14:47:50.706+0000] {logging_mixin.py:190} INFO - [2024-10-07T14:47:50.705+0000] {dagbag.py:588} INFO - Filling up the DagBag from /home/airflow/.local/lib/python3.12/site-packages/airflow/example_dags/example_workday_timetable.py
[2024-10-07T14:47:50.717+0000] {processor.py:925} INFO - DAG(s) 'example_workday_timetable' retrieved from /home/airflow/.local/lib/python3.12/site-packages/airflow/example_dags/example_workday_timetable.py
[2024-10-07T14:47:50.750+0000] {logging_mixin.py:190} INFO - [2024-10-07T14:47:50.750+0000] {dag.py:3239} INFO - Sync 1 DAGs
[2024-10-07T14:47:50.809+0000] {logging_mixin.py:190} INFO - [2024-10-07T14:47:50.808+0000] {dag.py:4180} INFO - Setting next_dagrun for example_workday_timetable to 2021-01-04 00:00:00+00:00, run_after=2021-01-05 00:00:00+00:00
[2024-10-07T14:47:50.836+0000] {processor.py:208} INFO - Processing /home/airflow/.local/lib/python3.12/site-packages/airflow/example_dags/example_workday_timetable.py took 0.152 seconds
[2024-10-07T14:48:21.464+0000] {processor.py:186} INFO - Started process (PID=698) to work on /home/airflow/.local/lib/python3.12/site-packages/airflow/example_dags/example_workday_timetable.py
[2024-10-07T14:48:21.466+0000] {processor.py:914} INFO - Processing file /home/airflow/.local/lib/python3.12/site-packages/airflow/example_dags/example_workday_timetable.py for tasks to queue
[2024-10-07T14:48:21.471+0000] {logging_mixin.py:190} INFO - [2024-10-07T14:48:21.470+0000] {dagbag.py:588} INFO - Filling up the DagBag from /home/airflow/.local/lib/python3.12/site-packages/airflow/example_dags/example_workday_timetable.py
[2024-10-07T14:48:21.478+0000] {processor.py:925} INFO - DAG(s) 'example_workday_timetable' retrieved from /home/airflow/.local/lib/python3.12/site-packages/airflow/example_dags/example_workday_timetable.py
[2024-10-07T14:48:21.502+0000] {logging_mixin.py:190} INFO - [2024-10-07T14:48:21.502+0000] {dag.py:3239} INFO - Sync 1 DAGs
[2024-10-07T14:48:21.563+0000] {logging_mixin.py:190} INFO - [2024-10-07T14:48:21.563+0000] {dag.py:4180} INFO - Setting next_dagrun for example_workday_timetable to 2021-01-04 00:00:00+00:00, run_after=2021-01-05 00:00:00+00:00
[2024-10-07T14:48:21.581+0000] {processor.py:208} INFO - Processing /home/airflow/.local/lib/python3.12/site-packages/airflow/example_dags/example_workday_timetable.py took 0.133 seconds
[2024-10-07T14:48:51.776+0000] {processor.py:186} INFO - Started process (PID=760) to work on /home/airflow/.local/lib/python3.12/site-packages/airflow/example_dags/example_workday_timetable.py
[2024-10-07T14:48:51.778+0000] {processor.py:914} INFO - Processing file /home/airflow/.local/lib/python3.12/site-packages/airflow/example_dags/example_workday_timetable.py for tasks to queue
[2024-10-07T14:48:51.783+0000] {logging_mixin.py:190} INFO - [2024-10-07T14:48:51.783+0000] {dagbag.py:588} INFO - Filling up the DagBag from /home/airflow/.local/lib/python3.12/site-packages/airflow/example_dags/example_workday_timetable.py
[2024-10-07T14:48:51.791+0000] {processor.py:925} INFO - DAG(s) 'example_workday_timetable' retrieved from /home/airflow/.local/lib/python3.12/site-packages/airflow/example_dags/example_workday_timetable.py
[2024-10-07T14:48:51.812+0000] {logging_mixin.py:190} INFO - [2024-10-07T14:48:51.811+0000] {dag.py:3239} INFO - Sync 1 DAGs
[2024-10-07T14:48:51.868+0000] {logging_mixin.py:190} INFO - [2024-10-07T14:48:51.868+0000] {dag.py:4180} INFO - Setting next_dagrun for example_workday_timetable to 2021-01-04 00:00:00+00:00, run_after=2021-01-05 00:00:00+00:00
[2024-10-07T14:48:51.888+0000] {processor.py:208} INFO - Processing /home/airflow/.local/lib/python3.12/site-packages/airflow/example_dags/example_workday_timetable.py took 0.121 seconds
[2024-10-07T14:49:21.959+0000] {processor.py:186} INFO - Started process (PID=823) to work on /home/airflow/.local/lib/python3.12/site-packages/airflow/example_dags/example_workday_timetable.py
[2024-10-07T14:49:21.962+0000] {processor.py:914} INFO - Processing file /home/airflow/.local/lib/python3.12/site-packages/airflow/example_dags/example_workday_timetable.py for tasks to queue
[2024-10-07T14:49:21.966+0000] {logging_mixin.py:190} INFO - [2024-10-07T14:49:21.965+0000] {dagbag.py:588} INFO - Filling up the DagBag from /home/airflow/.local/lib/python3.12/site-packages/airflow/example_dags/example_workday_timetable.py
[2024-10-07T14:49:21.973+0000] {processor.py:925} INFO - DAG(s) 'example_workday_timetable' retrieved from /home/airflow/.local/lib/python3.12/site-packages/airflow/example_dags/example_workday_timetable.py
[2024-10-07T14:49:21.993+0000] {logging_mixin.py:190} INFO - [2024-10-07T14:49:21.993+0000] {dag.py:3239} INFO - Sync 1 DAGs
[2024-10-07T14:49:22.056+0000] {logging_mixin.py:190} INFO - [2024-10-07T14:49:22.056+0000] {dag.py:4180} INFO - Setting next_dagrun for example_workday_timetable to 2021-01-04 00:00:00+00:00, run_after=2021-01-05 00:00:00+00:00
[2024-10-07T14:49:22.077+0000] {processor.py:208} INFO - Processing /home/airflow/.local/lib/python3.12/site-packages/airflow/example_dags/example_workday_timetable.py took 0.125 seconds
[2024-10-07T14:49:52.448+0000] {processor.py:186} INFO - Started process (PID=884) to work on /home/airflow/.local/lib/python3.12/site-packages/airflow/example_dags/example_workday_timetable.py
[2024-10-07T14:49:52.451+0000] {processor.py:914} INFO - Processing file /home/airflow/.local/lib/python3.12/site-packages/airflow/example_dags/example_workday_timetable.py for tasks to queue
[2024-10-07T14:49:52.456+0000] {logging_mixin.py:190} INFO - [2024-10-07T14:49:52.455+0000] {dagbag.py:588} INFO - Filling up the DagBag from /home/airflow/.local/lib/python3.12/site-packages/airflow/example_dags/example_workday_timetable.py
[2024-10-07T14:49:52.465+0000] {processor.py:925} INFO - DAG(s) 'example_workday_timetable' retrieved from /home/airflow/.local/lib/python3.12/site-packages/airflow/example_dags/example_workday_timetable.py
[2024-10-07T14:49:52.493+0000] {logging_mixin.py:190} INFO - [2024-10-07T14:49:52.493+0000] {dag.py:3239} INFO - Sync 1 DAGs
[2024-10-07T14:49:52.556+0000] {logging_mixin.py:190} INFO - [2024-10-07T14:49:52.556+0000] {dag.py:4180} INFO - Setting next_dagrun for example_workday_timetable to 2021-01-04 00:00:00+00:00, run_after=2021-01-05 00:00:00+00:00
[2024-10-07T14:49:52.578+0000] {processor.py:208} INFO - Processing /home/airflow/.local/lib/python3.12/site-packages/airflow/example_dags/example_workday_timetable.py took 0.139 seconds
[2024-10-07T14:50:23.617+0000] {processor.py:186} INFO - Started process (PID=946) to work on /home/airflow/.local/lib/python3.12/site-packages/airflow/example_dags/example_workday_timetable.py
[2024-10-07T14:50:23.619+0000] {processor.py:914} INFO - Processing file /home/airflow/.local/lib/python3.12/site-packages/airflow/example_dags/example_workday_timetable.py for tasks to queue
[2024-10-07T14:50:23.623+0000] {logging_mixin.py:190} INFO - [2024-10-07T14:50:23.623+0000] {dagbag.py:588} INFO - Filling up the DagBag from /home/airflow/.local/lib/python3.12/site-packages/airflow/example_dags/example_workday_timetable.py
[2024-10-07T14:50:23.630+0000] {processor.py:925} INFO - DAG(s) 'example_workday_timetable' retrieved from /home/airflow/.local/lib/python3.12/site-packages/airflow/example_dags/example_workday_timetable.py
[2024-10-07T14:50:23.659+0000] {logging_mixin.py:190} INFO - [2024-10-07T14:50:23.659+0000] {dag.py:3239} INFO - Sync 1 DAGs
[2024-10-07T14:50:23.719+0000] {logging_mixin.py:190} INFO - [2024-10-07T14:50:23.718+0000] {dag.py:4180} INFO - Setting next_dagrun for example_workday_timetable to 2021-01-04 00:00:00+00:00, run_after=2021-01-05 00:00:00+00:00
[2024-10-07T14:50:23.745+0000] {processor.py:208} INFO - Processing /home/airflow/.local/lib/python3.12/site-packages/airflow/example_dags/example_workday_timetable.py took 0.136 seconds
[2024-10-07T14:50:53.867+0000] {processor.py:186} INFO - Started process (PID=1008) to work on /home/airflow/.local/lib/python3.12/site-packages/airflow/example_dags/example_workday_timetable.py
[2024-10-07T14:50:53.869+0000] {processor.py:914} INFO - Processing file /home/airflow/.local/lib/python3.12/site-packages/airflow/example_dags/example_workday_timetable.py for tasks to queue
[2024-10-07T14:50:53.874+0000] {logging_mixin.py:190} INFO - [2024-10-07T14:50:53.873+0000] {dagbag.py:588} INFO - Filling up the DagBag from /home/airflow/.local/lib/python3.12/site-packages/airflow/example_dags/example_workday_timetable.py
[2024-10-07T14:50:53.882+0000] {processor.py:925} INFO - DAG(s) 'example_workday_timetable' retrieved from /home/airflow/.local/lib/python3.12/site-packages/airflow/example_dags/example_workday_timetable.py
[2024-10-07T14:50:53.904+0000] {logging_mixin.py:190} INFO - [2024-10-07T14:50:53.904+0000] {dag.py:3239} INFO - Sync 1 DAGs
[2024-10-07T14:50:53.982+0000] {logging_mixin.py:190} INFO - [2024-10-07T14:50:53.982+0000] {dag.py:4180} INFO - Setting next_dagrun for example_workday_timetable to 2021-01-04 00:00:00+00:00, run_after=2021-01-05 00:00:00+00:00
[2024-10-07T14:50:54.004+0000] {processor.py:208} INFO - Processing /home/airflow/.local/lib/python3.12/site-packages/airflow/example_dags/example_workday_timetable.py took 0.144 seconds
[2024-10-07T14:51:24.232+0000] {processor.py:186} INFO - Started process (PID=1070) to work on /home/airflow/.local/lib/python3.12/site-packages/airflow/example_dags/example_workday_timetable.py
[2024-10-07T14:51:24.235+0000] {processor.py:914} INFO - Processing file /home/airflow/.local/lib/python3.12/site-packages/airflow/example_dags/example_workday_timetable.py for tasks to queue
[2024-10-07T14:51:24.241+0000] {logging_mixin.py:190} INFO - [2024-10-07T14:51:24.240+0000] {dagbag.py:588} INFO - Filling up the DagBag from /home/airflow/.local/lib/python3.12/site-packages/airflow/example_dags/example_workday_timetable.py
[2024-10-07T14:51:24.252+0000] {processor.py:925} INFO - DAG(s) 'example_workday_timetable' retrieved from /home/airflow/.local/lib/python3.12/site-packages/airflow/example_dags/example_workday_timetable.py
[2024-10-07T14:51:24.286+0000] {logging_mixin.py:190} INFO - [2024-10-07T14:51:24.285+0000] {dag.py:3239} INFO - Sync 1 DAGs
[2024-10-07T14:51:24.352+0000] {logging_mixin.py:190} INFO - [2024-10-07T14:51:24.352+0000] {dag.py:4180} INFO - Setting next_dagrun for example_workday_timetable to 2021-01-04 00:00:00+00:00, run_after=2021-01-05 00:00:00+00:00
[2024-10-07T14:51:24.371+0000] {processor.py:208} INFO - Processing /home/airflow/.local/lib/python3.12/site-packages/airflow/example_dags/example_workday_timetable.py took 0.146 seconds
[2024-10-07T14:51:54.473+0000] {processor.py:186} INFO - Started process (PID=1132) to work on /home/airflow/.local/lib/python3.12/site-packages/airflow/example_dags/example_workday_timetable.py
[2024-10-07T14:51:54.474+0000] {processor.py:914} INFO - Processing file /home/airflow/.local/lib/python3.12/site-packages/airflow/example_dags/example_workday_timetable.py for tasks to queue
[2024-10-07T14:51:54.477+0000] {logging_mixin.py:190} INFO - [2024-10-07T14:51:54.477+0000] {dagbag.py:588} INFO - Filling up the DagBag from /home/airflow/.local/lib/python3.12/site-packages/airflow/example_dags/example_workday_timetable.py
[2024-10-07T14:51:54.483+0000] {processor.py:925} INFO - DAG(s) 'example_workday_timetable' retrieved from /home/airflow/.local/lib/python3.12/site-packages/airflow/example_dags/example_workday_timetable.py
[2024-10-07T14:51:54.503+0000] {logging_mixin.py:190} INFO - [2024-10-07T14:51:54.503+0000] {dag.py:3239} INFO - Sync 1 DAGs
[2024-10-07T14:51:54.561+0000] {logging_mixin.py:190} INFO - [2024-10-07T14:51:54.561+0000] {dag.py:4180} INFO - Setting next_dagrun for example_workday_timetable to 2021-01-04 00:00:00+00:00, run_after=2021-01-05 00:00:00+00:00
[2024-10-07T14:51:54.584+0000] {processor.py:208} INFO - Processing /home/airflow/.local/lib/python3.12/site-packages/airflow/example_dags/example_workday_timetable.py took 0.118 seconds
[2024-10-07T14:52:25.248+0000] {processor.py:186} INFO - Started process (PID=1194) to work on /home/airflow/.local/lib/python3.12/site-packages/airflow/example_dags/example_workday_timetable.py
[2024-10-07T14:52:25.250+0000] {processor.py:914} INFO - Processing file /home/airflow/.local/lib/python3.12/site-packages/airflow/example_dags/example_workday_timetable.py for tasks to queue
[2024-10-07T14:52:25.254+0000] {logging_mixin.py:190} INFO - [2024-10-07T14:52:25.254+0000] {dagbag.py:588} INFO - Filling up the DagBag from /home/airflow/.local/lib/python3.12/site-packages/airflow/example_dags/example_workday_timetable.py
[2024-10-07T14:52:25.262+0000] {processor.py:925} INFO - DAG(s) 'example_workday_timetable' retrieved from /home/airflow/.local/lib/python3.12/site-packages/airflow/example_dags/example_workday_timetable.py
[2024-10-07T14:52:25.281+0000] {logging_mixin.py:190} INFO - [2024-10-07T14:52:25.281+0000] {dag.py:3239} INFO - Sync 1 DAGs
[2024-10-07T14:52:25.344+0000] {logging_mixin.py:190} INFO - [2024-10-07T14:52:25.343+0000] {dag.py:4180} INFO - Setting next_dagrun for example_workday_timetable to 2021-01-04 00:00:00+00:00, run_after=2021-01-05 00:00:00+00:00
[2024-10-07T14:52:25.366+0000] {processor.py:208} INFO - Processing /home/airflow/.local/lib/python3.12/site-packages/airflow/example_dags/example_workday_timetable.py took 0.128 seconds
[2024-10-07T14:52:55.637+0000] {processor.py:186} INFO - Started process (PID=1256) to work on /home/airflow/.local/lib/python3.12/site-packages/airflow/example_dags/example_workday_timetable.py
[2024-10-07T14:52:55.639+0000] {processor.py:914} INFO - Processing file /home/airflow/.local/lib/python3.12/site-packages/airflow/example_dags/example_workday_timetable.py for tasks to queue
[2024-10-07T14:52:55.642+0000] {logging_mixin.py:190} INFO - [2024-10-07T14:52:55.642+0000] {dagbag.py:588} INFO - Filling up the DagBag from /home/airflow/.local/lib/python3.12/site-packages/airflow/example_dags/example_workday_timetable.py
[2024-10-07T14:52:55.649+0000] {processor.py:925} INFO - DAG(s) 'example_workday_timetable' retrieved from /home/airflow/.local/lib/python3.12/site-packages/airflow/example_dags/example_workday_timetable.py
[2024-10-07T14:52:55.671+0000] {logging_mixin.py:190} INFO - [2024-10-07T14:52:55.671+0000] {dag.py:3239} INFO - Sync 1 DAGs
[2024-10-07T14:52:55.737+0000] {logging_mixin.py:190} INFO - [2024-10-07T14:52:55.736+0000] {dag.py:4180} INFO - Setting next_dagrun for example_workday_timetable to 2021-01-04 00:00:00+00:00, run_after=2021-01-05 00:00:00+00:00
[2024-10-07T14:52:55.764+0000] {processor.py:208} INFO - Processing /home/airflow/.local/lib/python3.12/site-packages/airflow/example_dags/example_workday_timetable.py took 0.134 seconds
[2024-10-07T14:53:26.148+0000] {processor.py:186} INFO - Started process (PID=1319) to work on /home/airflow/.local/lib/python3.12/site-packages/airflow/example_dags/example_workday_timetable.py
[2024-10-07T14:53:26.150+0000] {processor.py:914} INFO - Processing file /home/airflow/.local/lib/python3.12/site-packages/airflow/example_dags/example_workday_timetable.py for tasks to queue
[2024-10-07T14:53:26.152+0000] {logging_mixin.py:190} INFO - [2024-10-07T14:53:26.152+0000] {dagbag.py:588} INFO - Filling up the DagBag from /home/airflow/.local/lib/python3.12/site-packages/airflow/example_dags/example_workday_timetable.py
[2024-10-07T14:53:26.158+0000] {processor.py:925} INFO - DAG(s) 'example_workday_timetable' retrieved from /home/airflow/.local/lib/python3.12/site-packages/airflow/example_dags/example_workday_timetable.py
[2024-10-07T14:53:26.177+0000] {logging_mixin.py:190} INFO - [2024-10-07T14:53:26.177+0000] {dag.py:3239} INFO - Sync 1 DAGs
[2024-10-07T14:53:26.237+0000] {logging_mixin.py:190} INFO - [2024-10-07T14:53:26.237+0000] {dag.py:4180} INFO - Setting next_dagrun for example_workday_timetable to 2021-01-04 00:00:00+00:00, run_after=2021-01-05 00:00:00+00:00
[2024-10-07T14:53:26.258+0000] {processor.py:208} INFO - Processing /home/airflow/.local/lib/python3.12/site-packages/airflow/example_dags/example_workday_timetable.py took 0.115 seconds
