[2024-10-07T14:43:21.874+0000] {processor.py:186} INFO - Started process (PID=97) to work on /home/airflow/.local/lib/python3.12/site-packages/airflow/example_dags/example_branch_python_dop_operator_3.py
[2024-10-07T14:43:21.876+0000] {processor.py:914} INFO - Processing file /home/airflow/.local/lib/python3.12/site-packages/airflow/example_dags/example_branch_python_dop_operator_3.py for tasks to queue
[2024-10-07T14:43:21.879+0000] {logging_mixin.py:190} INFO - [2024-10-07T14:43:21.879+0000] {dagbag.py:588} INFO - Filling up the DagBag from /home/airflow/.local/lib/python3.12/site-packages/airflow/example_dags/example_branch_python_dop_operator_3.py
[2024-10-07T14:43:21.893+0000] {processor.py:925} INFO - DAG(s) 'example_branch_dop_operator_v3' retrieved from /home/airflow/.local/lib/python3.12/site-packages/airflow/example_dags/example_branch_python_dop_operator_3.py
[2024-10-07T14:43:22.012+0000] {logging_mixin.py:190} INFO - [2024-10-07T14:43:22.011+0000] {override.py:1900} INFO - Created Permission View: can read on DAG:example_branch_dop_operator_v3
[2024-10-07T14:43:22.026+0000] {logging_mixin.py:190} INFO - [2024-10-07T14:43:22.025+0000] {override.py:1900} INFO - Created Permission View: can delete on DAG:example_branch_dop_operator_v3
[2024-10-07T14:43:22.035+0000] {logging_mixin.py:190} INFO - [2024-10-07T14:43:22.035+0000] {override.py:1900} INFO - Created Permission View: can edit on DAG:example_branch_dop_operator_v3
[2024-10-07T14:43:22.045+0000] {logging_mixin.py:190} INFO - [2024-10-07T14:43:22.045+0000] {override.py:1900} INFO - Created Permission View: can read on DAG Run:example_branch_dop_operator_v3
[2024-10-07T14:43:22.053+0000] {logging_mixin.py:190} INFO - [2024-10-07T14:43:22.053+0000] {override.py:1900} INFO - Created Permission View: can create on DAG Run:example_branch_dop_operator_v3
[2024-10-07T14:43:22.061+0000] {logging_mixin.py:190} INFO - [2024-10-07T14:43:22.061+0000] {override.py:1900} INFO - Created Permission View: menu access on DAG Run:example_branch_dop_operator_v3
[2024-10-07T14:43:22.071+0000] {logging_mixin.py:190} INFO - [2024-10-07T14:43:22.070+0000] {override.py:1900} INFO - Created Permission View: can delete on DAG Run:example_branch_dop_operator_v3
[2024-10-07T14:43:22.072+0000] {logging_mixin.py:190} INFO - [2024-10-07T14:43:22.072+0000] {dag.py:3239} INFO - Sync 1 DAGs
[2024-10-07T14:43:22.086+0000] {logging_mixin.py:190} INFO - [2024-10-07T14:43:22.086+0000] {dag.py:3262} INFO - Creating ORM DAG for example_branch_dop_operator_v3
[2024-10-07T14:43:22.102+0000] {logging_mixin.py:190} INFO - [2024-10-07T14:43:22.102+0000] {dag.py:4180} INFO - Setting next_dagrun for example_branch_dop_operator_v3 to 2024-10-07 14:42:00+00:00, run_after=2024-10-07 14:43:00+00:00
[2024-10-07T14:43:22.124+0000] {processor.py:208} INFO - Processing /home/airflow/.local/lib/python3.12/site-packages/airflow/example_dags/example_branch_python_dop_operator_3.py took 0.255 seconds
[2024-10-07T14:43:52.447+0000] {processor.py:186} INFO - Started process (PID=159) to work on /home/airflow/.local/lib/python3.12/site-packages/airflow/example_dags/example_branch_python_dop_operator_3.py
[2024-10-07T14:43:52.448+0000] {processor.py:914} INFO - Processing file /home/airflow/.local/lib/python3.12/site-packages/airflow/example_dags/example_branch_python_dop_operator_3.py for tasks to queue
[2024-10-07T14:43:52.452+0000] {logging_mixin.py:190} INFO - [2024-10-07T14:43:52.451+0000] {dagbag.py:588} INFO - Filling up the DagBag from /home/airflow/.local/lib/python3.12/site-packages/airflow/example_dags/example_branch_python_dop_operator_3.py
[2024-10-07T14:43:52.462+0000] {processor.py:925} INFO - DAG(s) 'example_branch_dop_operator_v3' retrieved from /home/airflow/.local/lib/python3.12/site-packages/airflow/example_dags/example_branch_python_dop_operator_3.py
[2024-10-07T14:43:52.483+0000] {logging_mixin.py:190} INFO - [2024-10-07T14:43:52.483+0000] {dag.py:3239} INFO - Sync 1 DAGs
[2024-10-07T14:43:52.509+0000] {logging_mixin.py:190} INFO - [2024-10-07T14:43:52.509+0000] {dag.py:4180} INFO - Setting next_dagrun for example_branch_dop_operator_v3 to 2024-10-07 14:42:00+00:00, run_after=2024-10-07 14:43:00+00:00
[2024-10-07T14:43:52.530+0000] {processor.py:208} INFO - Processing /home/airflow/.local/lib/python3.12/site-packages/airflow/example_dags/example_branch_python_dop_operator_3.py took 0.089 seconds
[2024-10-07T14:44:23.249+0000] {processor.py:186} INFO - Started process (PID=221) to work on /home/airflow/.local/lib/python3.12/site-packages/airflow/example_dags/example_branch_python_dop_operator_3.py
[2024-10-07T14:44:23.251+0000] {processor.py:914} INFO - Processing file /home/airflow/.local/lib/python3.12/site-packages/airflow/example_dags/example_branch_python_dop_operator_3.py for tasks to queue
[2024-10-07T14:44:23.253+0000] {logging_mixin.py:190} INFO - [2024-10-07T14:44:23.253+0000] {dagbag.py:588} INFO - Filling up the DagBag from /home/airflow/.local/lib/python3.12/site-packages/airflow/example_dags/example_branch_python_dop_operator_3.py
[2024-10-07T14:44:23.263+0000] {processor.py:925} INFO - DAG(s) 'example_branch_dop_operator_v3' retrieved from /home/airflow/.local/lib/python3.12/site-packages/airflow/example_dags/example_branch_python_dop_operator_3.py
[2024-10-07T14:44:23.283+0000] {logging_mixin.py:190} INFO - [2024-10-07T14:44:23.283+0000] {dag.py:3239} INFO - Sync 1 DAGs
[2024-10-07T14:44:23.308+0000] {logging_mixin.py:190} INFO - [2024-10-07T14:44:23.308+0000] {dag.py:4180} INFO - Setting next_dagrun for example_branch_dop_operator_v3 to 2024-10-07 14:43:00+00:00, run_after=2024-10-07 14:44:00+00:00
[2024-10-07T14:44:23.327+0000] {processor.py:208} INFO - Processing /home/airflow/.local/lib/python3.12/site-packages/airflow/example_dags/example_branch_python_dop_operator_3.py took 0.084 seconds
[2024-10-07T14:44:54.149+0000] {processor.py:186} INFO - Started process (PID=283) to work on /home/airflow/.local/lib/python3.12/site-packages/airflow/example_dags/example_branch_python_dop_operator_3.py
[2024-10-07T14:44:54.151+0000] {processor.py:914} INFO - Processing file /home/airflow/.local/lib/python3.12/site-packages/airflow/example_dags/example_branch_python_dop_operator_3.py for tasks to queue
[2024-10-07T14:44:54.154+0000] {logging_mixin.py:190} INFO - [2024-10-07T14:44:54.154+0000] {dagbag.py:588} INFO - Filling up the DagBag from /home/airflow/.local/lib/python3.12/site-packages/airflow/example_dags/example_branch_python_dop_operator_3.py
[2024-10-07T14:44:54.168+0000] {processor.py:925} INFO - DAG(s) 'example_branch_dop_operator_v3' retrieved from /home/airflow/.local/lib/python3.12/site-packages/airflow/example_dags/example_branch_python_dop_operator_3.py
[2024-10-07T14:44:54.189+0000] {logging_mixin.py:190} INFO - [2024-10-07T14:44:54.188+0000] {dag.py:3239} INFO - Sync 1 DAGs
[2024-10-07T14:44:54.216+0000] {logging_mixin.py:190} INFO - [2024-10-07T14:44:54.215+0000] {dag.py:4180} INFO - Setting next_dagrun for example_branch_dop_operator_v3 to 2024-10-07 14:43:00+00:00, run_after=2024-10-07 14:44:00+00:00
[2024-10-07T14:44:54.238+0000] {processor.py:208} INFO - Processing /home/airflow/.local/lib/python3.12/site-packages/airflow/example_dags/example_branch_python_dop_operator_3.py took 0.095 seconds
[2024-10-07T14:45:24.977+0000] {processor.py:186} INFO - Started process (PID=344) to work on /home/airflow/.local/lib/python3.12/site-packages/airflow/example_dags/example_branch_python_dop_operator_3.py
[2024-10-07T14:45:24.979+0000] {processor.py:914} INFO - Processing file /home/airflow/.local/lib/python3.12/site-packages/airflow/example_dags/example_branch_python_dop_operator_3.py for tasks to queue
[2024-10-07T14:45:24.982+0000] {logging_mixin.py:190} INFO - [2024-10-07T14:45:24.982+0000] {dagbag.py:588} INFO - Filling up the DagBag from /home/airflow/.local/lib/python3.12/site-packages/airflow/example_dags/example_branch_python_dop_operator_3.py
[2024-10-07T14:45:24.993+0000] {processor.py:925} INFO - DAG(s) 'example_branch_dop_operator_v3' retrieved from /home/airflow/.local/lib/python3.12/site-packages/airflow/example_dags/example_branch_python_dop_operator_3.py
[2024-10-07T14:45:25.015+0000] {logging_mixin.py:190} INFO - [2024-10-07T14:45:25.015+0000] {dag.py:3239} INFO - Sync 1 DAGs
[2024-10-07T14:45:25.040+0000] {logging_mixin.py:190} INFO - [2024-10-07T14:45:25.040+0000] {dag.py:4180} INFO - Setting next_dagrun for example_branch_dop_operator_v3 to 2024-10-07 14:44:00+00:00, run_after=2024-10-07 14:45:00+00:00
[2024-10-07T14:45:25.062+0000] {processor.py:208} INFO - Processing /home/airflow/.local/lib/python3.12/site-packages/airflow/example_dags/example_branch_python_dop_operator_3.py took 0.092 seconds
[2024-10-07T14:45:55.765+0000] {processor.py:186} INFO - Started process (PID=407) to work on /home/airflow/.local/lib/python3.12/site-packages/airflow/example_dags/example_branch_python_dop_operator_3.py
[2024-10-07T14:45:55.767+0000] {processor.py:914} INFO - Processing file /home/airflow/.local/lib/python3.12/site-packages/airflow/example_dags/example_branch_python_dop_operator_3.py for tasks to queue
[2024-10-07T14:45:55.773+0000] {logging_mixin.py:190} INFO - [2024-10-07T14:45:55.773+0000] {dagbag.py:588} INFO - Filling up the DagBag from /home/airflow/.local/lib/python3.12/site-packages/airflow/example_dags/example_branch_python_dop_operator_3.py
[2024-10-07T14:45:55.793+0000] {processor.py:925} INFO - DAG(s) 'example_branch_dop_operator_v3' retrieved from /home/airflow/.local/lib/python3.12/site-packages/airflow/example_dags/example_branch_python_dop_operator_3.py
[2024-10-07T14:45:55.829+0000] {logging_mixin.py:190} INFO - [2024-10-07T14:45:55.829+0000] {dag.py:3239} INFO - Sync 1 DAGs
[2024-10-07T14:45:55.890+0000] {logging_mixin.py:190} INFO - [2024-10-07T14:45:55.890+0000] {dag.py:4180} INFO - Setting next_dagrun for example_branch_dop_operator_v3 to 2024-10-07 14:44:00+00:00, run_after=2024-10-07 14:45:00+00:00
[2024-10-07T14:45:55.935+0000] {processor.py:208} INFO - Processing /home/airflow/.local/lib/python3.12/site-packages/airflow/example_dags/example_branch_python_dop_operator_3.py took 0.180 seconds
[2024-10-07T14:46:26.875+0000] {processor.py:186} INFO - Started process (PID=469) to work on /home/airflow/.local/lib/python3.12/site-packages/airflow/example_dags/example_branch_python_dop_operator_3.py
[2024-10-07T14:46:26.879+0000] {processor.py:914} INFO - Processing file /home/airflow/.local/lib/python3.12/site-packages/airflow/example_dags/example_branch_python_dop_operator_3.py for tasks to queue
[2024-10-07T14:46:26.885+0000] {logging_mixin.py:190} INFO - [2024-10-07T14:46:26.884+0000] {dagbag.py:588} INFO - Filling up the DagBag from /home/airflow/.local/lib/python3.12/site-packages/airflow/example_dags/example_branch_python_dop_operator_3.py
[2024-10-07T14:46:26.910+0000] {processor.py:925} INFO - DAG(s) 'example_branch_dop_operator_v3' retrieved from /home/airflow/.local/lib/python3.12/site-packages/airflow/example_dags/example_branch_python_dop_operator_3.py
[2024-10-07T14:46:26.968+0000] {logging_mixin.py:190} INFO - [2024-10-07T14:46:26.968+0000] {dag.py:3239} INFO - Sync 1 DAGs
[2024-10-07T14:46:27.032+0000] {logging_mixin.py:190} INFO - [2024-10-07T14:46:27.032+0000] {dag.py:4180} INFO - Setting next_dagrun for example_branch_dop_operator_v3 to 2024-10-07 14:45:00+00:00, run_after=2024-10-07 14:46:00+00:00
[2024-10-07T14:46:27.080+0000] {processor.py:208} INFO - Processing /home/airflow/.local/lib/python3.12/site-packages/airflow/example_dags/example_branch_python_dop_operator_3.py took 0.218 seconds
[2024-10-07T14:46:57.415+0000] {processor.py:186} INFO - Started process (PID=531) to work on /home/airflow/.local/lib/python3.12/site-packages/airflow/example_dags/example_branch_python_dop_operator_3.py
[2024-10-07T14:46:57.421+0000] {processor.py:914} INFO - Processing file /home/airflow/.local/lib/python3.12/site-packages/airflow/example_dags/example_branch_python_dop_operator_3.py for tasks to queue
[2024-10-07T14:46:57.428+0000] {logging_mixin.py:190} INFO - [2024-10-07T14:46:57.427+0000] {dagbag.py:588} INFO - Filling up the DagBag from /home/airflow/.local/lib/python3.12/site-packages/airflow/example_dags/example_branch_python_dop_operator_3.py
[2024-10-07T14:46:57.456+0000] {processor.py:925} INFO - DAG(s) 'example_branch_dop_operator_v3' retrieved from /home/airflow/.local/lib/python3.12/site-packages/airflow/example_dags/example_branch_python_dop_operator_3.py
[2024-10-07T14:46:57.480+0000] {logging_mixin.py:190} INFO - [2024-10-07T14:46:57.479+0000] {dag.py:3239} INFO - Sync 1 DAGs
[2024-10-07T14:46:57.518+0000] {logging_mixin.py:190} INFO - [2024-10-07T14:46:57.518+0000] {dag.py:4180} INFO - Setting next_dagrun for example_branch_dop_operator_v3 to 2024-10-07 14:45:00+00:00, run_after=2024-10-07 14:46:00+00:00
[2024-10-07T14:46:57.542+0000] {processor.py:208} INFO - Processing /home/airflow/.local/lib/python3.12/site-packages/airflow/example_dags/example_branch_python_dop_operator_3.py took 0.133 seconds
[2024-10-07T14:47:27.898+0000] {processor.py:186} INFO - Started process (PID=593) to work on /home/airflow/.local/lib/python3.12/site-packages/airflow/example_dags/example_branch_python_dop_operator_3.py
[2024-10-07T14:47:27.899+0000] {processor.py:914} INFO - Processing file /home/airflow/.local/lib/python3.12/site-packages/airflow/example_dags/example_branch_python_dop_operator_3.py for tasks to queue
[2024-10-07T14:47:27.903+0000] {logging_mixin.py:190} INFO - [2024-10-07T14:47:27.903+0000] {dagbag.py:588} INFO - Filling up the DagBag from /home/airflow/.local/lib/python3.12/site-packages/airflow/example_dags/example_branch_python_dop_operator_3.py
[2024-10-07T14:47:27.914+0000] {processor.py:925} INFO - DAG(s) 'example_branch_dop_operator_v3' retrieved from /home/airflow/.local/lib/python3.12/site-packages/airflow/example_dags/example_branch_python_dop_operator_3.py
[2024-10-07T14:47:27.936+0000] {logging_mixin.py:190} INFO - [2024-10-07T14:47:27.936+0000] {dag.py:3239} INFO - Sync 1 DAGs
[2024-10-07T14:47:27.963+0000] {logging_mixin.py:190} INFO - [2024-10-07T14:47:27.963+0000] {dag.py:4180} INFO - Setting next_dagrun for example_branch_dop_operator_v3 to 2024-10-07 14:46:00+00:00, run_after=2024-10-07 14:47:00+00:00
[2024-10-07T14:47:27.980+0000] {processor.py:208} INFO - Processing /home/airflow/.local/lib/python3.12/site-packages/airflow/example_dags/example_branch_python_dop_operator_3.py took 0.089 seconds
[2024-10-07T14:47:58.125+0000] {processor.py:186} INFO - Started process (PID=655) to work on /home/airflow/.local/lib/python3.12/site-packages/airflow/example_dags/example_branch_python_dop_operator_3.py
[2024-10-07T14:47:58.127+0000] {processor.py:914} INFO - Processing file /home/airflow/.local/lib/python3.12/site-packages/airflow/example_dags/example_branch_python_dop_operator_3.py for tasks to queue
[2024-10-07T14:47:58.130+0000] {logging_mixin.py:190} INFO - [2024-10-07T14:47:58.129+0000] {dagbag.py:588} INFO - Filling up the DagBag from /home/airflow/.local/lib/python3.12/site-packages/airflow/example_dags/example_branch_python_dop_operator_3.py
[2024-10-07T14:47:58.141+0000] {processor.py:925} INFO - DAG(s) 'example_branch_dop_operator_v3' retrieved from /home/airflow/.local/lib/python3.12/site-packages/airflow/example_dags/example_branch_python_dop_operator_3.py
[2024-10-07T14:47:58.167+0000] {logging_mixin.py:190} INFO - [2024-10-07T14:47:58.167+0000] {dag.py:3239} INFO - Sync 1 DAGs
[2024-10-07T14:47:58.197+0000] {logging_mixin.py:190} INFO - [2024-10-07T14:47:58.196+0000] {dag.py:4180} INFO - Setting next_dagrun for example_branch_dop_operator_v3 to 2024-10-07 14:46:00+00:00, run_after=2024-10-07 14:47:00+00:00
[2024-10-07T14:47:58.215+0000] {processor.py:208} INFO - Processing /home/airflow/.local/lib/python3.12/site-packages/airflow/example_dags/example_branch_python_dop_operator_3.py took 0.095 seconds
[2024-10-07T14:48:29.150+0000] {processor.py:186} INFO - Started process (PID=717) to work on /home/airflow/.local/lib/python3.12/site-packages/airflow/example_dags/example_branch_python_dop_operator_3.py
[2024-10-07T14:48:29.152+0000] {processor.py:914} INFO - Processing file /home/airflow/.local/lib/python3.12/site-packages/airflow/example_dags/example_branch_python_dop_operator_3.py for tasks to queue
[2024-10-07T14:48:29.156+0000] {logging_mixin.py:190} INFO - [2024-10-07T14:48:29.156+0000] {dagbag.py:588} INFO - Filling up the DagBag from /home/airflow/.local/lib/python3.12/site-packages/airflow/example_dags/example_branch_python_dop_operator_3.py
[2024-10-07T14:48:29.168+0000] {processor.py:925} INFO - DAG(s) 'example_branch_dop_operator_v3' retrieved from /home/airflow/.local/lib/python3.12/site-packages/airflow/example_dags/example_branch_python_dop_operator_3.py
[2024-10-07T14:48:29.193+0000] {logging_mixin.py:190} INFO - [2024-10-07T14:48:29.192+0000] {dag.py:3239} INFO - Sync 1 DAGs
[2024-10-07T14:48:29.221+0000] {logging_mixin.py:190} INFO - [2024-10-07T14:48:29.221+0000] {dag.py:4180} INFO - Setting next_dagrun for example_branch_dop_operator_v3 to 2024-10-07 14:47:00+00:00, run_after=2024-10-07 14:48:00+00:00
[2024-10-07T14:48:29.243+0000] {processor.py:208} INFO - Processing /home/airflow/.local/lib/python3.12/site-packages/airflow/example_dags/example_branch_python_dop_operator_3.py took 0.102 seconds
[2024-10-07T14:48:59.794+0000] {processor.py:186} INFO - Started process (PID=779) to work on /home/airflow/.local/lib/python3.12/site-packages/airflow/example_dags/example_branch_python_dop_operator_3.py
[2024-10-07T14:48:59.797+0000] {processor.py:914} INFO - Processing file /home/airflow/.local/lib/python3.12/site-packages/airflow/example_dags/example_branch_python_dop_operator_3.py for tasks to queue
[2024-10-07T14:48:59.801+0000] {logging_mixin.py:190} INFO - [2024-10-07T14:48:59.800+0000] {dagbag.py:588} INFO - Filling up the DagBag from /home/airflow/.local/lib/python3.12/site-packages/airflow/example_dags/example_branch_python_dop_operator_3.py
[2024-10-07T14:48:59.816+0000] {processor.py:925} INFO - DAG(s) 'example_branch_dop_operator_v3' retrieved from /home/airflow/.local/lib/python3.12/site-packages/airflow/example_dags/example_branch_python_dop_operator_3.py
[2024-10-07T14:48:59.846+0000] {logging_mixin.py:190} INFO - [2024-10-07T14:48:59.846+0000] {dag.py:3239} INFO - Sync 1 DAGs
[2024-10-07T14:48:59.871+0000] {logging_mixin.py:190} INFO - [2024-10-07T14:48:59.871+0000] {dag.py:4180} INFO - Setting next_dagrun for example_branch_dop_operator_v3 to 2024-10-07 14:47:00+00:00, run_after=2024-10-07 14:48:00+00:00
[2024-10-07T14:48:59.892+0000] {processor.py:208} INFO - Processing /home/airflow/.local/lib/python3.12/site-packages/airflow/example_dags/example_branch_python_dop_operator_3.py took 0.106 seconds
[2024-10-07T14:49:30.517+0000] {processor.py:186} INFO - Started process (PID=841) to work on /home/airflow/.local/lib/python3.12/site-packages/airflow/example_dags/example_branch_python_dop_operator_3.py
[2024-10-07T14:49:30.518+0000] {processor.py:914} INFO - Processing file /home/airflow/.local/lib/python3.12/site-packages/airflow/example_dags/example_branch_python_dop_operator_3.py for tasks to queue
[2024-10-07T14:49:30.521+0000] {logging_mixin.py:190} INFO - [2024-10-07T14:49:30.521+0000] {dagbag.py:588} INFO - Filling up the DagBag from /home/airflow/.local/lib/python3.12/site-packages/airflow/example_dags/example_branch_python_dop_operator_3.py
[2024-10-07T14:49:30.534+0000] {processor.py:925} INFO - DAG(s) 'example_branch_dop_operator_v3' retrieved from /home/airflow/.local/lib/python3.12/site-packages/airflow/example_dags/example_branch_python_dop_operator_3.py
[2024-10-07T14:49:30.554+0000] {logging_mixin.py:190} INFO - [2024-10-07T14:49:30.553+0000] {dag.py:3239} INFO - Sync 1 DAGs
[2024-10-07T14:49:30.581+0000] {logging_mixin.py:190} INFO - [2024-10-07T14:49:30.581+0000] {dag.py:4180} INFO - Setting next_dagrun for example_branch_dop_operator_v3 to 2024-10-07 14:48:00+00:00, run_after=2024-10-07 14:49:00+00:00
[2024-10-07T14:49:30.602+0000] {processor.py:208} INFO - Processing /home/airflow/.local/lib/python3.12/site-packages/airflow/example_dags/example_branch_python_dop_operator_3.py took 0.091 seconds
[2024-10-07T14:50:01.075+0000] {processor.py:186} INFO - Started process (PID=903) to work on /home/airflow/.local/lib/python3.12/site-packages/airflow/example_dags/example_branch_python_dop_operator_3.py
[2024-10-07T14:50:01.076+0000] {processor.py:914} INFO - Processing file /home/airflow/.local/lib/python3.12/site-packages/airflow/example_dags/example_branch_python_dop_operator_3.py for tasks to queue
[2024-10-07T14:50:01.079+0000] {logging_mixin.py:190} INFO - [2024-10-07T14:50:01.079+0000] {dagbag.py:588} INFO - Filling up the DagBag from /home/airflow/.local/lib/python3.12/site-packages/airflow/example_dags/example_branch_python_dop_operator_3.py
[2024-10-07T14:50:01.091+0000] {processor.py:925} INFO - DAG(s) 'example_branch_dop_operator_v3' retrieved from /home/airflow/.local/lib/python3.12/site-packages/airflow/example_dags/example_branch_python_dop_operator_3.py
[2024-10-07T14:50:01.114+0000] {logging_mixin.py:190} INFO - [2024-10-07T14:50:01.114+0000] {dag.py:3239} INFO - Sync 1 DAGs
[2024-10-07T14:50:01.144+0000] {logging_mixin.py:190} INFO - [2024-10-07T14:50:01.144+0000] {dag.py:4180} INFO - Setting next_dagrun for example_branch_dop_operator_v3 to 2024-10-07 14:49:00+00:00, run_after=2024-10-07 14:50:00+00:00
[2024-10-07T14:50:01.166+0000] {processor.py:208} INFO - Processing /home/airflow/.local/lib/python3.12/site-packages/airflow/example_dags/example_branch_python_dop_operator_3.py took 0.097 seconds
[2024-10-07T14:50:31.501+0000] {processor.py:186} INFO - Started process (PID=965) to work on /home/airflow/.local/lib/python3.12/site-packages/airflow/example_dags/example_branch_python_dop_operator_3.py
[2024-10-07T14:50:31.505+0000] {processor.py:914} INFO - Processing file /home/airflow/.local/lib/python3.12/site-packages/airflow/example_dags/example_branch_python_dop_operator_3.py for tasks to queue
[2024-10-07T14:50:31.515+0000] {logging_mixin.py:190} INFO - [2024-10-07T14:50:31.514+0000] {dagbag.py:588} INFO - Filling up the DagBag from /home/airflow/.local/lib/python3.12/site-packages/airflow/example_dags/example_branch_python_dop_operator_3.py
[2024-10-07T14:50:31.528+0000] {processor.py:925} INFO - DAG(s) 'example_branch_dop_operator_v3' retrieved from /home/airflow/.local/lib/python3.12/site-packages/airflow/example_dags/example_branch_python_dop_operator_3.py
[2024-10-07T14:50:31.549+0000] {logging_mixin.py:190} INFO - [2024-10-07T14:50:31.549+0000] {dag.py:3239} INFO - Sync 1 DAGs
[2024-10-07T14:50:31.577+0000] {logging_mixin.py:190} INFO - [2024-10-07T14:50:31.577+0000] {dag.py:4180} INFO - Setting next_dagrun for example_branch_dop_operator_v3 to 2024-10-07 14:49:00+00:00, run_after=2024-10-07 14:50:00+00:00
[2024-10-07T14:50:31.607+0000] {processor.py:208} INFO - Processing /home/airflow/.local/lib/python3.12/site-packages/airflow/example_dags/example_branch_python_dop_operator_3.py took 0.111 seconds
[2024-10-07T14:51:01.847+0000] {processor.py:186} INFO - Started process (PID=1027) to work on /home/airflow/.local/lib/python3.12/site-packages/airflow/example_dags/example_branch_python_dop_operator_3.py
[2024-10-07T14:51:01.849+0000] {processor.py:914} INFO - Processing file /home/airflow/.local/lib/python3.12/site-packages/airflow/example_dags/example_branch_python_dop_operator_3.py for tasks to queue
[2024-10-07T14:51:01.853+0000] {logging_mixin.py:190} INFO - [2024-10-07T14:51:01.852+0000] {dagbag.py:588} INFO - Filling up the DagBag from /home/airflow/.local/lib/python3.12/site-packages/airflow/example_dags/example_branch_python_dop_operator_3.py
[2024-10-07T14:51:01.864+0000] {processor.py:925} INFO - DAG(s) 'example_branch_dop_operator_v3' retrieved from /home/airflow/.local/lib/python3.12/site-packages/airflow/example_dags/example_branch_python_dop_operator_3.py
[2024-10-07T14:51:01.887+0000] {logging_mixin.py:190} INFO - [2024-10-07T14:51:01.887+0000] {dag.py:3239} INFO - Sync 1 DAGs
[2024-10-07T14:51:01.914+0000] {logging_mixin.py:190} INFO - [2024-10-07T14:51:01.914+0000] {dag.py:4180} INFO - Setting next_dagrun for example_branch_dop_operator_v3 to 2024-10-07 14:50:00+00:00, run_after=2024-10-07 14:51:00+00:00
[2024-10-07T14:51:01.938+0000] {processor.py:208} INFO - Processing /home/airflow/.local/lib/python3.12/site-packages/airflow/example_dags/example_branch_python_dop_operator_3.py took 0.098 seconds
[2024-10-07T14:51:32.220+0000] {processor.py:186} INFO - Started process (PID=1089) to work on /home/airflow/.local/lib/python3.12/site-packages/airflow/example_dags/example_branch_python_dop_operator_3.py
[2024-10-07T14:51:32.221+0000] {processor.py:914} INFO - Processing file /home/airflow/.local/lib/python3.12/site-packages/airflow/example_dags/example_branch_python_dop_operator_3.py for tasks to queue
[2024-10-07T14:51:32.224+0000] {logging_mixin.py:190} INFO - [2024-10-07T14:51:32.224+0000] {dagbag.py:588} INFO - Filling up the DagBag from /home/airflow/.local/lib/python3.12/site-packages/airflow/example_dags/example_branch_python_dop_operator_3.py
[2024-10-07T14:51:32.236+0000] {processor.py:925} INFO - DAG(s) 'example_branch_dop_operator_v3' retrieved from /home/airflow/.local/lib/python3.12/site-packages/airflow/example_dags/example_branch_python_dop_operator_3.py
[2024-10-07T14:51:32.263+0000] {logging_mixin.py:190} INFO - [2024-10-07T14:51:32.263+0000] {dag.py:3239} INFO - Sync 1 DAGs
[2024-10-07T14:51:32.287+0000] {logging_mixin.py:190} INFO - [2024-10-07T14:51:32.287+0000] {dag.py:4180} INFO - Setting next_dagrun for example_branch_dop_operator_v3 to 2024-10-07 14:50:00+00:00, run_after=2024-10-07 14:51:00+00:00
[2024-10-07T14:51:32.309+0000] {processor.py:208} INFO - Processing /home/airflow/.local/lib/python3.12/site-packages/airflow/example_dags/example_branch_python_dop_operator_3.py took 0.096 seconds
[2024-10-07T14:52:03.235+0000] {processor.py:186} INFO - Started process (PID=1151) to work on /home/airflow/.local/lib/python3.12/site-packages/airflow/example_dags/example_branch_python_dop_operator_3.py
[2024-10-07T14:52:03.236+0000] {processor.py:914} INFO - Processing file /home/airflow/.local/lib/python3.12/site-packages/airflow/example_dags/example_branch_python_dop_operator_3.py for tasks to queue
[2024-10-07T14:52:03.240+0000] {logging_mixin.py:190} INFO - [2024-10-07T14:52:03.239+0000] {dagbag.py:588} INFO - Filling up the DagBag from /home/airflow/.local/lib/python3.12/site-packages/airflow/example_dags/example_branch_python_dop_operator_3.py
[2024-10-07T14:52:03.250+0000] {processor.py:925} INFO - DAG(s) 'example_branch_dop_operator_v3' retrieved from /home/airflow/.local/lib/python3.12/site-packages/airflow/example_dags/example_branch_python_dop_operator_3.py
[2024-10-07T14:52:03.271+0000] {logging_mixin.py:190} INFO - [2024-10-07T14:52:03.271+0000] {dag.py:3239} INFO - Sync 1 DAGs
[2024-10-07T14:52:03.297+0000] {logging_mixin.py:190} INFO - [2024-10-07T14:52:03.297+0000] {dag.py:4180} INFO - Setting next_dagrun for example_branch_dop_operator_v3 to 2024-10-07 14:51:00+00:00, run_after=2024-10-07 14:52:00+00:00
[2024-10-07T14:52:03.317+0000] {processor.py:208} INFO - Processing /home/airflow/.local/lib/python3.12/site-packages/airflow/example_dags/example_branch_python_dop_operator_3.py took 0.089 seconds
[2024-10-07T14:52:33.853+0000] {processor.py:186} INFO - Started process (PID=1213) to work on /home/airflow/.local/lib/python3.12/site-packages/airflow/example_dags/example_branch_python_dop_operator_3.py
[2024-10-07T14:52:33.855+0000] {processor.py:914} INFO - Processing file /home/airflow/.local/lib/python3.12/site-packages/airflow/example_dags/example_branch_python_dop_operator_3.py for tasks to queue
[2024-10-07T14:52:33.858+0000] {logging_mixin.py:190} INFO - [2024-10-07T14:52:33.858+0000] {dagbag.py:588} INFO - Filling up the DagBag from /home/airflow/.local/lib/python3.12/site-packages/airflow/example_dags/example_branch_python_dop_operator_3.py
[2024-10-07T14:52:33.869+0000] {processor.py:925} INFO - DAG(s) 'example_branch_dop_operator_v3' retrieved from /home/airflow/.local/lib/python3.12/site-packages/airflow/example_dags/example_branch_python_dop_operator_3.py
[2024-10-07T14:52:33.889+0000] {logging_mixin.py:190} INFO - [2024-10-07T14:52:33.889+0000] {dag.py:3239} INFO - Sync 1 DAGs
[2024-10-07T14:52:33.915+0000] {logging_mixin.py:190} INFO - [2024-10-07T14:52:33.915+0000] {dag.py:4180} INFO - Setting next_dagrun for example_branch_dop_operator_v3 to 2024-10-07 14:51:00+00:00, run_after=2024-10-07 14:52:00+00:00
[2024-10-07T14:52:33.937+0000] {processor.py:208} INFO - Processing /home/airflow/.local/lib/python3.12/site-packages/airflow/example_dags/example_branch_python_dop_operator_3.py took 0.089 seconds
[2024-10-07T14:53:04.465+0000] {processor.py:186} INFO - Started process (PID=1275) to work on /home/airflow/.local/lib/python3.12/site-packages/airflow/example_dags/example_branch_python_dop_operator_3.py
[2024-10-07T14:53:04.466+0000] {processor.py:914} INFO - Processing file /home/airflow/.local/lib/python3.12/site-packages/airflow/example_dags/example_branch_python_dop_operator_3.py for tasks to queue
[2024-10-07T14:53:04.469+0000] {logging_mixin.py:190} INFO - [2024-10-07T14:53:04.469+0000] {dagbag.py:588} INFO - Filling up the DagBag from /home/airflow/.local/lib/python3.12/site-packages/airflow/example_dags/example_branch_python_dop_operator_3.py
[2024-10-07T14:53:04.481+0000] {processor.py:925} INFO - DAG(s) 'example_branch_dop_operator_v3' retrieved from /home/airflow/.local/lib/python3.12/site-packages/airflow/example_dags/example_branch_python_dop_operator_3.py
[2024-10-07T14:53:04.503+0000] {logging_mixin.py:190} INFO - [2024-10-07T14:53:04.502+0000] {dag.py:3239} INFO - Sync 1 DAGs
[2024-10-07T14:53:04.530+0000] {logging_mixin.py:190} INFO - [2024-10-07T14:53:04.530+0000] {dag.py:4180} INFO - Setting next_dagrun for example_branch_dop_operator_v3 to 2024-10-07 14:52:00+00:00, run_after=2024-10-07 14:53:00+00:00
[2024-10-07T14:53:04.551+0000] {processor.py:208} INFO - Processing /home/airflow/.local/lib/python3.12/site-packages/airflow/example_dags/example_branch_python_dop_operator_3.py took 0.092 seconds
[2024-10-07T14:53:35.013+0000] {processor.py:186} INFO - Started process (PID=1338) to work on /home/airflow/.local/lib/python3.12/site-packages/airflow/example_dags/example_branch_python_dop_operator_3.py
[2024-10-07T14:53:35.015+0000] {processor.py:914} INFO - Processing file /home/airflow/.local/lib/python3.12/site-packages/airflow/example_dags/example_branch_python_dop_operator_3.py for tasks to queue
[2024-10-07T14:53:35.018+0000] {logging_mixin.py:190} INFO - [2024-10-07T14:53:35.017+0000] {dagbag.py:588} INFO - Filling up the DagBag from /home/airflow/.local/lib/python3.12/site-packages/airflow/example_dags/example_branch_python_dop_operator_3.py
[2024-10-07T14:53:35.028+0000] {processor.py:925} INFO - DAG(s) 'example_branch_dop_operator_v3' retrieved from /home/airflow/.local/lib/python3.12/site-packages/airflow/example_dags/example_branch_python_dop_operator_3.py
[2024-10-07T14:53:35.048+0000] {logging_mixin.py:190} INFO - [2024-10-07T14:53:35.048+0000] {dag.py:3239} INFO - Sync 1 DAGs
[2024-10-07T14:53:35.073+0000] {logging_mixin.py:190} INFO - [2024-10-07T14:53:35.073+0000] {dag.py:4180} INFO - Setting next_dagrun for example_branch_dop_operator_v3 to 2024-10-07 14:52:00+00:00, run_after=2024-10-07 14:53:00+00:00
[2024-10-07T14:53:35.091+0000] {processor.py:208} INFO - Processing /home/airflow/.local/lib/python3.12/site-packages/airflow/example_dags/example_branch_python_dop_operator_3.py took 0.084 seconds
