[2024-10-07T14:43:25.378+0000] {processor.py:186} INFO - Started process (PID=116) to work on /home/airflow/.local/lib/python3.12/site-packages/airflow/example_dags/example_complex.py
[2024-10-07T14:43:25.380+0000] {processor.py:914} INFO - Processing file /home/airflow/.local/lib/python3.12/site-packages/airflow/example_dags/example_complex.py for tasks to queue
[2024-10-07T14:43:25.384+0000] {logging_mixin.py:190} INFO - [2024-10-07T14:43:25.384+0000] {dagbag.py:588} INFO - Filling up the DagBag from /home/airflow/.local/lib/python3.12/site-packages/airflow/example_dags/example_complex.py
[2024-10-07T14:43:25.405+0000] {processor.py:925} INFO - DAG(s) 'example_complex' retrieved from /home/airflow/.local/lib/python3.12/site-packages/airflow/example_dags/example_complex.py
[2024-10-07T14:43:25.572+0000] {logging_mixin.py:190} INFO - [2024-10-07T14:43:25.571+0000] {override.py:1900} INFO - Created Permission View: can read on DAG:example_complex
[2024-10-07T14:43:25.593+0000] {logging_mixin.py:190} INFO - [2024-10-07T14:43:25.592+0000] {override.py:1900} INFO - Created Permission View: can delete on DAG:example_complex
[2024-10-07T14:43:25.604+0000] {logging_mixin.py:190} INFO - [2024-10-07T14:43:25.603+0000] {override.py:1900} INFO - Created Permission View: can edit on DAG:example_complex
[2024-10-07T14:43:25.619+0000] {logging_mixin.py:190} INFO - [2024-10-07T14:43:25.619+0000] {override.py:1900} INFO - Created Permission View: can read on DAG Run:example_complex
[2024-10-07T14:43:25.634+0000] {logging_mixin.py:190} INFO - [2024-10-07T14:43:25.633+0000] {override.py:1900} INFO - Created Permission View: can create on DAG Run:example_complex
[2024-10-07T14:43:25.647+0000] {logging_mixin.py:190} INFO - [2024-10-07T14:43:25.647+0000] {override.py:1900} INFO - Created Permission View: menu access on DAG Run:example_complex
[2024-10-07T14:43:25.658+0000] {logging_mixin.py:190} INFO - [2024-10-07T14:43:25.658+0000] {override.py:1900} INFO - Created Permission View: can delete on DAG Run:example_complex
[2024-10-07T14:43:25.660+0000] {logging_mixin.py:190} INFO - [2024-10-07T14:43:25.659+0000] {dag.py:3239} INFO - Sync 1 DAGs
[2024-10-07T14:43:25.682+0000] {logging_mixin.py:190} INFO - [2024-10-07T14:43:25.682+0000] {dag.py:3262} INFO - Creating ORM DAG for example_complex
[2024-10-07T14:43:25.685+0000] {logging_mixin.py:190} INFO - [2024-10-07T14:43:25.684+0000] {dag.py:4180} INFO - Setting next_dagrun for example_complex to None, run_after=None
[2024-10-07T14:43:25.720+0000] {processor.py:208} INFO - Processing /home/airflow/.local/lib/python3.12/site-packages/airflow/example_dags/example_complex.py took 0.350 seconds
[2024-10-07T14:43:56.725+0000] {processor.py:186} INFO - Started process (PID=178) to work on /home/airflow/.local/lib/python3.12/site-packages/airflow/example_dags/example_complex.py
[2024-10-07T14:43:56.728+0000] {processor.py:914} INFO - Processing file /home/airflow/.local/lib/python3.12/site-packages/airflow/example_dags/example_complex.py for tasks to queue
[2024-10-07T14:43:56.733+0000] {logging_mixin.py:190} INFO - [2024-10-07T14:43:56.732+0000] {dagbag.py:588} INFO - Filling up the DagBag from /home/airflow/.local/lib/python3.12/site-packages/airflow/example_dags/example_complex.py
[2024-10-07T14:43:56.751+0000] {processor.py:925} INFO - DAG(s) 'example_complex' retrieved from /home/airflow/.local/lib/python3.12/site-packages/airflow/example_dags/example_complex.py
[2024-10-07T14:43:56.785+0000] {logging_mixin.py:190} INFO - [2024-10-07T14:43:56.784+0000] {dag.py:3239} INFO - Sync 1 DAGs
[2024-10-07T14:43:56.800+0000] {logging_mixin.py:190} INFO - [2024-10-07T14:43:56.799+0000] {dag.py:4180} INFO - Setting next_dagrun for example_complex to None, run_after=None
[2024-10-07T14:43:56.820+0000] {processor.py:208} INFO - Processing /home/airflow/.local/lib/python3.12/site-packages/airflow/example_dags/example_complex.py took 0.101 seconds
[2024-10-07T14:44:27.078+0000] {processor.py:186} INFO - Started process (PID=240) to work on /home/airflow/.local/lib/python3.12/site-packages/airflow/example_dags/example_complex.py
[2024-10-07T14:44:27.081+0000] {processor.py:914} INFO - Processing file /home/airflow/.local/lib/python3.12/site-packages/airflow/example_dags/example_complex.py for tasks to queue
[2024-10-07T14:44:27.086+0000] {logging_mixin.py:190} INFO - [2024-10-07T14:44:27.085+0000] {dagbag.py:588} INFO - Filling up the DagBag from /home/airflow/.local/lib/python3.12/site-packages/airflow/example_dags/example_complex.py
[2024-10-07T14:44:27.098+0000] {processor.py:925} INFO - DAG(s) 'example_complex' retrieved from /home/airflow/.local/lib/python3.12/site-packages/airflow/example_dags/example_complex.py
[2024-10-07T14:44:27.138+0000] {logging_mixin.py:190} INFO - [2024-10-07T14:44:27.138+0000] {dag.py:3239} INFO - Sync 1 DAGs
[2024-10-07T14:44:27.154+0000] {logging_mixin.py:190} INFO - [2024-10-07T14:44:27.154+0000] {dag.py:4180} INFO - Setting next_dagrun for example_complex to None, run_after=None
[2024-10-07T14:44:27.176+0000] {processor.py:208} INFO - Processing /home/airflow/.local/lib/python3.12/site-packages/airflow/example_dags/example_complex.py took 0.109 seconds
[2024-10-07T14:44:57.762+0000] {processor.py:186} INFO - Started process (PID=302) to work on /home/airflow/.local/lib/python3.12/site-packages/airflow/example_dags/example_complex.py
[2024-10-07T14:44:57.765+0000] {processor.py:914} INFO - Processing file /home/airflow/.local/lib/python3.12/site-packages/airflow/example_dags/example_complex.py for tasks to queue
[2024-10-07T14:44:57.771+0000] {logging_mixin.py:190} INFO - [2024-10-07T14:44:57.770+0000] {dagbag.py:588} INFO - Filling up the DagBag from /home/airflow/.local/lib/python3.12/site-packages/airflow/example_dags/example_complex.py
[2024-10-07T14:44:57.789+0000] {processor.py:925} INFO - DAG(s) 'example_complex' retrieved from /home/airflow/.local/lib/python3.12/site-packages/airflow/example_dags/example_complex.py
[2024-10-07T14:44:57.826+0000] {logging_mixin.py:190} INFO - [2024-10-07T14:44:57.826+0000] {dag.py:3239} INFO - Sync 1 DAGs
[2024-10-07T14:44:57.841+0000] {logging_mixin.py:190} INFO - [2024-10-07T14:44:57.841+0000] {dag.py:4180} INFO - Setting next_dagrun for example_complex to None, run_after=None
[2024-10-07T14:44:57.863+0000] {processor.py:208} INFO - Processing /home/airflow/.local/lib/python3.12/site-packages/airflow/example_dags/example_complex.py took 0.112 seconds
[2024-10-07T14:45:28.085+0000] {processor.py:186} INFO - Started process (PID=363) to work on /home/airflow/.local/lib/python3.12/site-packages/airflow/example_dags/example_complex.py
[2024-10-07T14:45:28.088+0000] {processor.py:914} INFO - Processing file /home/airflow/.local/lib/python3.12/site-packages/airflow/example_dags/example_complex.py for tasks to queue
[2024-10-07T14:45:28.092+0000] {logging_mixin.py:190} INFO - [2024-10-07T14:45:28.091+0000] {dagbag.py:588} INFO - Filling up the DagBag from /home/airflow/.local/lib/python3.12/site-packages/airflow/example_dags/example_complex.py
[2024-10-07T14:45:28.114+0000] {processor.py:925} INFO - DAG(s) 'example_complex' retrieved from /home/airflow/.local/lib/python3.12/site-packages/airflow/example_dags/example_complex.py
[2024-10-07T14:45:28.158+0000] {logging_mixin.py:190} INFO - [2024-10-07T14:45:28.158+0000] {dag.py:3239} INFO - Sync 1 DAGs
[2024-10-07T14:45:28.176+0000] {logging_mixin.py:190} INFO - [2024-10-07T14:45:28.176+0000] {dag.py:4180} INFO - Setting next_dagrun for example_complex to None, run_after=None
[2024-10-07T14:45:28.201+0000] {processor.py:208} INFO - Processing /home/airflow/.local/lib/python3.12/site-packages/airflow/example_dags/example_complex.py took 0.124 seconds
[2024-10-07T14:45:58.632+0000] {processor.py:186} INFO - Started process (PID=426) to work on /home/airflow/.local/lib/python3.12/site-packages/airflow/example_dags/example_complex.py
[2024-10-07T14:45:58.635+0000] {processor.py:914} INFO - Processing file /home/airflow/.local/lib/python3.12/site-packages/airflow/example_dags/example_complex.py for tasks to queue
[2024-10-07T14:45:58.639+0000] {logging_mixin.py:190} INFO - [2024-10-07T14:45:58.638+0000] {dagbag.py:588} INFO - Filling up the DagBag from /home/airflow/.local/lib/python3.12/site-packages/airflow/example_dags/example_complex.py
[2024-10-07T14:45:58.664+0000] {processor.py:925} INFO - DAG(s) 'example_complex' retrieved from /home/airflow/.local/lib/python3.12/site-packages/airflow/example_dags/example_complex.py
[2024-10-07T14:45:58.737+0000] {logging_mixin.py:190} INFO - [2024-10-07T14:45:58.737+0000] {dag.py:3239} INFO - Sync 1 DAGs
[2024-10-07T14:45:58.770+0000] {logging_mixin.py:190} INFO - [2024-10-07T14:45:58.769+0000] {dag.py:4180} INFO - Setting next_dagrun for example_complex to None, run_after=None
[2024-10-07T14:45:58.808+0000] {processor.py:208} INFO - Processing /home/airflow/.local/lib/python3.12/site-packages/airflow/example_dags/example_complex.py took 0.186 seconds
[2024-10-07T14:46:30.087+0000] {processor.py:186} INFO - Started process (PID=488) to work on /home/airflow/.local/lib/python3.12/site-packages/airflow/example_dags/example_complex.py
[2024-10-07T14:46:30.091+0000] {processor.py:914} INFO - Processing file /home/airflow/.local/lib/python3.12/site-packages/airflow/example_dags/example_complex.py for tasks to queue
[2024-10-07T14:46:30.099+0000] {logging_mixin.py:190} INFO - [2024-10-07T14:46:30.098+0000] {dagbag.py:588} INFO - Filling up the DagBag from /home/airflow/.local/lib/python3.12/site-packages/airflow/example_dags/example_complex.py
[2024-10-07T14:46:30.128+0000] {processor.py:925} INFO - DAG(s) 'example_complex' retrieved from /home/airflow/.local/lib/python3.12/site-packages/airflow/example_dags/example_complex.py
[2024-10-07T14:46:30.199+0000] {logging_mixin.py:190} INFO - [2024-10-07T14:46:30.199+0000] {dag.py:3239} INFO - Sync 1 DAGs
[2024-10-07T14:46:30.228+0000] {logging_mixin.py:190} INFO - [2024-10-07T14:46:30.228+0000] {dag.py:4180} INFO - Setting next_dagrun for example_complex to None, run_after=None
[2024-10-07T14:46:30.272+0000] {processor.py:208} INFO - Processing /home/airflow/.local/lib/python3.12/site-packages/airflow/example_dags/example_complex.py took 0.206 seconds
[2024-10-07T14:47:00.624+0000] {processor.py:186} INFO - Started process (PID=550) to work on /home/airflow/.local/lib/python3.12/site-packages/airflow/example_dags/example_complex.py
[2024-10-07T14:47:00.628+0000] {processor.py:914} INFO - Processing file /home/airflow/.local/lib/python3.12/site-packages/airflow/example_dags/example_complex.py for tasks to queue
[2024-10-07T14:47:00.635+0000] {logging_mixin.py:190} INFO - [2024-10-07T14:47:00.634+0000] {dagbag.py:588} INFO - Filling up the DagBag from /home/airflow/.local/lib/python3.12/site-packages/airflow/example_dags/example_complex.py
[2024-10-07T14:47:00.651+0000] {processor.py:925} INFO - DAG(s) 'example_complex' retrieved from /home/airflow/.local/lib/python3.12/site-packages/airflow/example_dags/example_complex.py
[2024-10-07T14:47:00.749+0000] {logging_mixin.py:190} INFO - [2024-10-07T14:47:00.749+0000] {dag.py:3239} INFO - Sync 1 DAGs
[2024-10-07T14:47:00.767+0000] {logging_mixin.py:190} INFO - [2024-10-07T14:47:00.767+0000] {dag.py:4180} INFO - Setting next_dagrun for example_complex to None, run_after=None
[2024-10-07T14:47:00.791+0000] {processor.py:208} INFO - Processing /home/airflow/.local/lib/python3.12/site-packages/airflow/example_dags/example_complex.py took 0.187 seconds
[2024-10-07T14:47:31.263+0000] {processor.py:186} INFO - Started process (PID=612) to work on /home/airflow/.local/lib/python3.12/site-packages/airflow/example_dags/example_complex.py
[2024-10-07T14:47:31.264+0000] {processor.py:914} INFO - Processing file /home/airflow/.local/lib/python3.12/site-packages/airflow/example_dags/example_complex.py for tasks to queue
[2024-10-07T14:47:31.268+0000] {logging_mixin.py:190} INFO - [2024-10-07T14:47:31.267+0000] {dagbag.py:588} INFO - Filling up the DagBag from /home/airflow/.local/lib/python3.12/site-packages/airflow/example_dags/example_complex.py
[2024-10-07T14:47:31.279+0000] {processor.py:925} INFO - DAG(s) 'example_complex' retrieved from /home/airflow/.local/lib/python3.12/site-packages/airflow/example_dags/example_complex.py
[2024-10-07T14:47:31.310+0000] {logging_mixin.py:190} INFO - [2024-10-07T14:47:31.310+0000] {dag.py:3239} INFO - Sync 1 DAGs
[2024-10-07T14:47:31.326+0000] {logging_mixin.py:190} INFO - [2024-10-07T14:47:31.325+0000] {dag.py:4180} INFO - Setting next_dagrun for example_complex to None, run_after=None
[2024-10-07T14:47:31.347+0000] {processor.py:208} INFO - Processing /home/airflow/.local/lib/python3.12/site-packages/airflow/example_dags/example_complex.py took 0.090 seconds
[2024-10-07T14:48:01.815+0000] {processor.py:186} INFO - Started process (PID=674) to work on /home/airflow/.local/lib/python3.12/site-packages/airflow/example_dags/example_complex.py
[2024-10-07T14:48:01.817+0000] {processor.py:914} INFO - Processing file /home/airflow/.local/lib/python3.12/site-packages/airflow/example_dags/example_complex.py for tasks to queue
[2024-10-07T14:48:01.820+0000] {logging_mixin.py:190} INFO - [2024-10-07T14:48:01.820+0000] {dagbag.py:588} INFO - Filling up the DagBag from /home/airflow/.local/lib/python3.12/site-packages/airflow/example_dags/example_complex.py
[2024-10-07T14:48:01.832+0000] {processor.py:925} INFO - DAG(s) 'example_complex' retrieved from /home/airflow/.local/lib/python3.12/site-packages/airflow/example_dags/example_complex.py
[2024-10-07T14:48:01.865+0000] {logging_mixin.py:190} INFO - [2024-10-07T14:48:01.865+0000] {dag.py:3239} INFO - Sync 1 DAGs
[2024-10-07T14:48:01.881+0000] {logging_mixin.py:190} INFO - [2024-10-07T14:48:01.881+0000] {dag.py:4180} INFO - Setting next_dagrun for example_complex to None, run_after=None
[2024-10-07T14:48:01.899+0000] {processor.py:208} INFO - Processing /home/airflow/.local/lib/python3.12/site-packages/airflow/example_dags/example_complex.py took 0.090 seconds
[2024-10-07T14:48:32.428+0000] {processor.py:186} INFO - Started process (PID=736) to work on /home/airflow/.local/lib/python3.12/site-packages/airflow/example_dags/example_complex.py
[2024-10-07T14:48:32.430+0000] {processor.py:914} INFO - Processing file /home/airflow/.local/lib/python3.12/site-packages/airflow/example_dags/example_complex.py for tasks to queue
[2024-10-07T14:48:32.433+0000] {logging_mixin.py:190} INFO - [2024-10-07T14:48:32.433+0000] {dagbag.py:588} INFO - Filling up the DagBag from /home/airflow/.local/lib/python3.12/site-packages/airflow/example_dags/example_complex.py
[2024-10-07T14:48:32.445+0000] {processor.py:925} INFO - DAG(s) 'example_complex' retrieved from /home/airflow/.local/lib/python3.12/site-packages/airflow/example_dags/example_complex.py
[2024-10-07T14:48:32.478+0000] {logging_mixin.py:190} INFO - [2024-10-07T14:48:32.478+0000] {dag.py:3239} INFO - Sync 1 DAGs
[2024-10-07T14:48:32.492+0000] {logging_mixin.py:190} INFO - [2024-10-07T14:48:32.492+0000] {dag.py:4180} INFO - Setting next_dagrun for example_complex to None, run_after=None
[2024-10-07T14:48:32.512+0000] {processor.py:208} INFO - Processing /home/airflow/.local/lib/python3.12/site-packages/airflow/example_dags/example_complex.py took 0.093 seconds
[2024-10-07T14:49:02.842+0000] {processor.py:186} INFO - Started process (PID=798) to work on /home/airflow/.local/lib/python3.12/site-packages/airflow/example_dags/example_complex.py
[2024-10-07T14:49:02.844+0000] {processor.py:914} INFO - Processing file /home/airflow/.local/lib/python3.12/site-packages/airflow/example_dags/example_complex.py for tasks to queue
[2024-10-07T14:49:02.847+0000] {logging_mixin.py:190} INFO - [2024-10-07T14:49:02.847+0000] {dagbag.py:588} INFO - Filling up the DagBag from /home/airflow/.local/lib/python3.12/site-packages/airflow/example_dags/example_complex.py
[2024-10-07T14:49:02.863+0000] {processor.py:925} INFO - DAG(s) 'example_complex' retrieved from /home/airflow/.local/lib/python3.12/site-packages/airflow/example_dags/example_complex.py
[2024-10-07T14:49:02.909+0000] {logging_mixin.py:190} INFO - [2024-10-07T14:49:02.908+0000] {dag.py:3239} INFO - Sync 1 DAGs
[2024-10-07T14:49:02.930+0000] {logging_mixin.py:190} INFO - [2024-10-07T14:49:02.930+0000] {dag.py:4180} INFO - Setting next_dagrun for example_complex to None, run_after=None
[2024-10-07T14:49:02.964+0000] {processor.py:208} INFO - Processing /home/airflow/.local/lib/python3.12/site-packages/airflow/example_dags/example_complex.py took 0.131 seconds
[2024-10-07T14:49:33.507+0000] {processor.py:186} INFO - Started process (PID=860) to work on /home/airflow/.local/lib/python3.12/site-packages/airflow/example_dags/example_complex.py
[2024-10-07T14:49:33.508+0000] {processor.py:914} INFO - Processing file /home/airflow/.local/lib/python3.12/site-packages/airflow/example_dags/example_complex.py for tasks to queue
[2024-10-07T14:49:33.512+0000] {logging_mixin.py:190} INFO - [2024-10-07T14:49:33.511+0000] {dagbag.py:588} INFO - Filling up the DagBag from /home/airflow/.local/lib/python3.12/site-packages/airflow/example_dags/example_complex.py
[2024-10-07T14:49:33.526+0000] {processor.py:925} INFO - DAG(s) 'example_complex' retrieved from /home/airflow/.local/lib/python3.12/site-packages/airflow/example_dags/example_complex.py
[2024-10-07T14:49:33.556+0000] {logging_mixin.py:190} INFO - [2024-10-07T14:49:33.556+0000] {dag.py:3239} INFO - Sync 1 DAGs
[2024-10-07T14:49:33.572+0000] {logging_mixin.py:190} INFO - [2024-10-07T14:49:33.571+0000] {dag.py:4180} INFO - Setting next_dagrun for example_complex to None, run_after=None
[2024-10-07T14:49:33.591+0000] {processor.py:208} INFO - Processing /home/airflow/.local/lib/python3.12/site-packages/airflow/example_dags/example_complex.py took 0.091 seconds
[2024-10-07T14:50:03.749+0000] {processor.py:186} INFO - Started process (PID=922) to work on /home/airflow/.local/lib/python3.12/site-packages/airflow/example_dags/example_complex.py
[2024-10-07T14:50:03.751+0000] {processor.py:914} INFO - Processing file /home/airflow/.local/lib/python3.12/site-packages/airflow/example_dags/example_complex.py for tasks to queue
[2024-10-07T14:50:03.755+0000] {logging_mixin.py:190} INFO - [2024-10-07T14:50:03.754+0000] {dagbag.py:588} INFO - Filling up the DagBag from /home/airflow/.local/lib/python3.12/site-packages/airflow/example_dags/example_complex.py
[2024-10-07T14:50:03.767+0000] {processor.py:925} INFO - DAG(s) 'example_complex' retrieved from /home/airflow/.local/lib/python3.12/site-packages/airflow/example_dags/example_complex.py
[2024-10-07T14:50:03.802+0000] {logging_mixin.py:190} INFO - [2024-10-07T14:50:03.801+0000] {dag.py:3239} INFO - Sync 1 DAGs
[2024-10-07T14:50:03.819+0000] {logging_mixin.py:190} INFO - [2024-10-07T14:50:03.818+0000] {dag.py:4180} INFO - Setting next_dagrun for example_complex to None, run_after=None
[2024-10-07T14:50:03.847+0000] {processor.py:208} INFO - Processing /home/airflow/.local/lib/python3.12/site-packages/airflow/example_dags/example_complex.py took 0.105 seconds
[2024-10-07T14:50:34.345+0000] {processor.py:186} INFO - Started process (PID=984) to work on /home/airflow/.local/lib/python3.12/site-packages/airflow/example_dags/example_complex.py
[2024-10-07T14:50:34.348+0000] {processor.py:914} INFO - Processing file /home/airflow/.local/lib/python3.12/site-packages/airflow/example_dags/example_complex.py for tasks to queue
[2024-10-07T14:50:34.353+0000] {logging_mixin.py:190} INFO - [2024-10-07T14:50:34.352+0000] {dagbag.py:588} INFO - Filling up the DagBag from /home/airflow/.local/lib/python3.12/site-packages/airflow/example_dags/example_complex.py
[2024-10-07T14:50:34.369+0000] {processor.py:925} INFO - DAG(s) 'example_complex' retrieved from /home/airflow/.local/lib/python3.12/site-packages/airflow/example_dags/example_complex.py
[2024-10-07T14:50:34.404+0000] {logging_mixin.py:190} INFO - [2024-10-07T14:50:34.404+0000] {dag.py:3239} INFO - Sync 1 DAGs
[2024-10-07T14:50:34.420+0000] {logging_mixin.py:190} INFO - [2024-10-07T14:50:34.420+0000] {dag.py:4180} INFO - Setting next_dagrun for example_complex to None, run_after=None
[2024-10-07T14:50:34.443+0000] {processor.py:208} INFO - Processing /home/airflow/.local/lib/python3.12/site-packages/airflow/example_dags/example_complex.py took 0.111 seconds
[2024-10-07T14:51:04.857+0000] {processor.py:186} INFO - Started process (PID=1046) to work on /home/airflow/.local/lib/python3.12/site-packages/airflow/example_dags/example_complex.py
[2024-10-07T14:51:04.861+0000] {processor.py:914} INFO - Processing file /home/airflow/.local/lib/python3.12/site-packages/airflow/example_dags/example_complex.py for tasks to queue
[2024-10-07T14:51:04.868+0000] {logging_mixin.py:190} INFO - [2024-10-07T14:51:04.866+0000] {dagbag.py:588} INFO - Filling up the DagBag from /home/airflow/.local/lib/python3.12/site-packages/airflow/example_dags/example_complex.py
[2024-10-07T14:51:04.895+0000] {processor.py:925} INFO - DAG(s) 'example_complex' retrieved from /home/airflow/.local/lib/python3.12/site-packages/airflow/example_dags/example_complex.py
[2024-10-07T14:51:04.947+0000] {logging_mixin.py:190} INFO - [2024-10-07T14:51:04.946+0000] {dag.py:3239} INFO - Sync 1 DAGs
[2024-10-07T14:51:04.964+0000] {logging_mixin.py:190} INFO - [2024-10-07T14:51:04.964+0000] {dag.py:4180} INFO - Setting next_dagrun for example_complex to None, run_after=None
[2024-10-07T14:51:04.987+0000] {processor.py:208} INFO - Processing /home/airflow/.local/lib/python3.12/site-packages/airflow/example_dags/example_complex.py took 0.145 seconds
[2024-10-07T14:51:36.075+0000] {processor.py:186} INFO - Started process (PID=1108) to work on /home/airflow/.local/lib/python3.12/site-packages/airflow/example_dags/example_complex.py
[2024-10-07T14:51:36.077+0000] {processor.py:914} INFO - Processing file /home/airflow/.local/lib/python3.12/site-packages/airflow/example_dags/example_complex.py for tasks to queue
[2024-10-07T14:51:36.081+0000] {logging_mixin.py:190} INFO - [2024-10-07T14:51:36.080+0000] {dagbag.py:588} INFO - Filling up the DagBag from /home/airflow/.local/lib/python3.12/site-packages/airflow/example_dags/example_complex.py
[2024-10-07T14:51:36.094+0000] {processor.py:925} INFO - DAG(s) 'example_complex' retrieved from /home/airflow/.local/lib/python3.12/site-packages/airflow/example_dags/example_complex.py
[2024-10-07T14:51:36.128+0000] {logging_mixin.py:190} INFO - [2024-10-07T14:51:36.127+0000] {dag.py:3239} INFO - Sync 1 DAGs
[2024-10-07T14:51:36.143+0000] {logging_mixin.py:190} INFO - [2024-10-07T14:51:36.143+0000] {dag.py:4180} INFO - Setting next_dagrun for example_complex to None, run_after=None
[2024-10-07T14:51:36.166+0000] {processor.py:208} INFO - Processing /home/airflow/.local/lib/python3.12/site-packages/airflow/example_dags/example_complex.py took 0.098 seconds
[2024-10-07T14:52:06.757+0000] {processor.py:186} INFO - Started process (PID=1170) to work on /home/airflow/.local/lib/python3.12/site-packages/airflow/example_dags/example_complex.py
[2024-10-07T14:52:06.759+0000] {processor.py:914} INFO - Processing file /home/airflow/.local/lib/python3.12/site-packages/airflow/example_dags/example_complex.py for tasks to queue
[2024-10-07T14:52:06.764+0000] {logging_mixin.py:190} INFO - [2024-10-07T14:52:06.764+0000] {dagbag.py:588} INFO - Filling up the DagBag from /home/airflow/.local/lib/python3.12/site-packages/airflow/example_dags/example_complex.py
[2024-10-07T14:52:06.781+0000] {processor.py:925} INFO - DAG(s) 'example_complex' retrieved from /home/airflow/.local/lib/python3.12/site-packages/airflow/example_dags/example_complex.py
[2024-10-07T14:52:06.818+0000] {logging_mixin.py:190} INFO - [2024-10-07T14:52:06.818+0000] {dag.py:3239} INFO - Sync 1 DAGs
[2024-10-07T14:52:06.833+0000] {logging_mixin.py:190} INFO - [2024-10-07T14:52:06.833+0000] {dag.py:4180} INFO - Setting next_dagrun for example_complex to None, run_after=None
[2024-10-07T14:52:06.854+0000] {processor.py:208} INFO - Processing /home/airflow/.local/lib/python3.12/site-packages/airflow/example_dags/example_complex.py took 0.108 seconds
[2024-10-07T14:52:37.242+0000] {processor.py:186} INFO - Started process (PID=1232) to work on /home/airflow/.local/lib/python3.12/site-packages/airflow/example_dags/example_complex.py
[2024-10-07T14:52:37.252+0000] {processor.py:914} INFO - Processing file /home/airflow/.local/lib/python3.12/site-packages/airflow/example_dags/example_complex.py for tasks to queue
[2024-10-07T14:52:37.255+0000] {logging_mixin.py:190} INFO - [2024-10-07T14:52:37.255+0000] {dagbag.py:588} INFO - Filling up the DagBag from /home/airflow/.local/lib/python3.12/site-packages/airflow/example_dags/example_complex.py
[2024-10-07T14:52:37.276+0000] {processor.py:925} INFO - DAG(s) 'example_complex' retrieved from /home/airflow/.local/lib/python3.12/site-packages/airflow/example_dags/example_complex.py
[2024-10-07T14:52:37.324+0000] {logging_mixin.py:190} INFO - [2024-10-07T14:52:37.324+0000] {dag.py:3239} INFO - Sync 1 DAGs
[2024-10-07T14:52:37.341+0000] {logging_mixin.py:190} INFO - [2024-10-07T14:52:37.341+0000] {dag.py:4180} INFO - Setting next_dagrun for example_complex to None, run_after=None
[2024-10-07T14:52:37.364+0000] {processor.py:208} INFO - Processing /home/airflow/.local/lib/python3.12/site-packages/airflow/example_dags/example_complex.py took 0.131 seconds
[2024-10-07T14:53:07.853+0000] {processor.py:186} INFO - Started process (PID=1294) to work on /home/airflow/.local/lib/python3.12/site-packages/airflow/example_dags/example_complex.py
[2024-10-07T14:53:07.855+0000] {processor.py:914} INFO - Processing file /home/airflow/.local/lib/python3.12/site-packages/airflow/example_dags/example_complex.py for tasks to queue
[2024-10-07T14:53:07.859+0000] {logging_mixin.py:190} INFO - [2024-10-07T14:53:07.858+0000] {dagbag.py:588} INFO - Filling up the DagBag from /home/airflow/.local/lib/python3.12/site-packages/airflow/example_dags/example_complex.py
[2024-10-07T14:53:07.876+0000] {processor.py:925} INFO - DAG(s) 'example_complex' retrieved from /home/airflow/.local/lib/python3.12/site-packages/airflow/example_dags/example_complex.py
[2024-10-07T14:53:07.923+0000] {logging_mixin.py:190} INFO - [2024-10-07T14:53:07.923+0000] {dag.py:3239} INFO - Sync 1 DAGs
[2024-10-07T14:53:07.946+0000] {logging_mixin.py:190} INFO - [2024-10-07T14:53:07.945+0000] {dag.py:4180} INFO - Setting next_dagrun for example_complex to None, run_after=None
[2024-10-07T14:53:07.976+0000] {processor.py:208} INFO - Processing /home/airflow/.local/lib/python3.12/site-packages/airflow/example_dags/example_complex.py took 0.131 seconds
[2024-10-07T14:53:38.433+0000] {processor.py:186} INFO - Started process (PID=1357) to work on /home/airflow/.local/lib/python3.12/site-packages/airflow/example_dags/example_complex.py
[2024-10-07T14:53:38.435+0000] {processor.py:914} INFO - Processing file /home/airflow/.local/lib/python3.12/site-packages/airflow/example_dags/example_complex.py for tasks to queue
[2024-10-07T14:53:38.438+0000] {logging_mixin.py:190} INFO - [2024-10-07T14:53:38.438+0000] {dagbag.py:588} INFO - Filling up the DagBag from /home/airflow/.local/lib/python3.12/site-packages/airflow/example_dags/example_complex.py
[2024-10-07T14:53:38.452+0000] {processor.py:925} INFO - DAG(s) 'example_complex' retrieved from /home/airflow/.local/lib/python3.12/site-packages/airflow/example_dags/example_complex.py
[2024-10-07T14:53:38.489+0000] {logging_mixin.py:190} INFO - [2024-10-07T14:53:38.489+0000] {dag.py:3239} INFO - Sync 1 DAGs
[2024-10-07T14:53:38.505+0000] {logging_mixin.py:190} INFO - [2024-10-07T14:53:38.505+0000] {dag.py:4180} INFO - Setting next_dagrun for example_complex to None, run_after=None
[2024-10-07T14:53:38.528+0000] {processor.py:208} INFO - Processing /home/airflow/.local/lib/python3.12/site-packages/airflow/example_dags/example_complex.py took 0.102 seconds
