[2024-10-07T14:43:17.273+0000] {processor.py:186} INFO - Started process (PID=84) to work on /home/airflow/.local/lib/python3.12/site-packages/airflow/example_dags/example_dataset_alias.py
[2024-10-07T14:43:17.275+0000] {processor.py:914} INFO - Processing file /home/airflow/.local/lib/python3.12/site-packages/airflow/example_dags/example_dataset_alias.py for tasks to queue
[2024-10-07T14:43:17.283+0000] {logging_mixin.py:190} INFO - [2024-10-07T14:43:17.279+0000] {dagbag.py:588} INFO - Filling up the DagBag from /home/airflow/.local/lib/python3.12/site-packages/airflow/example_dags/example_dataset_alias.py
[2024-10-07T14:43:18.534+0000] {processor.py:925} INFO - DAG(s) 'dataset_s3_bucket_producer', 'dataset_s3_bucket_consumer', 'dataset_alias_example_alias_producer', 'dataset_alias_example_alias_consumer' retrieved from /home/airflow/.local/lib/python3.12/site-packages/airflow/example_dags/example_dataset_alias.py
[2024-10-07T14:43:18.707+0000] {logging_mixin.py:190} INFO - [2024-10-07T14:43:18.705+0000] {override.py:1900} INFO - Created Permission View: can read on DAG:dataset_s3_bucket_producer
[2024-10-07T14:43:18.724+0000] {logging_mixin.py:190} INFO - [2024-10-07T14:43:18.723+0000] {override.py:1900} INFO - Created Permission View: can delete on DAG:dataset_s3_bucket_producer
[2024-10-07T14:43:18.735+0000] {logging_mixin.py:190} INFO - [2024-10-07T14:43:18.734+0000] {override.py:1900} INFO - Created Permission View: can edit on DAG:dataset_s3_bucket_producer
[2024-10-07T14:43:18.748+0000] {logging_mixin.py:190} INFO - [2024-10-07T14:43:18.747+0000] {override.py:1900} INFO - Created Permission View: can read on DAG Run:dataset_s3_bucket_producer
[2024-10-07T14:43:18.759+0000] {logging_mixin.py:190} INFO - [2024-10-07T14:43:18.758+0000] {override.py:1900} INFO - Created Permission View: can create on DAG Run:dataset_s3_bucket_producer
[2024-10-07T14:43:18.770+0000] {logging_mixin.py:190} INFO - [2024-10-07T14:43:18.770+0000] {override.py:1900} INFO - Created Permission View: menu access on DAG Run:dataset_s3_bucket_producer
[2024-10-07T14:43:18.781+0000] {logging_mixin.py:190} INFO - [2024-10-07T14:43:18.780+0000] {override.py:1900} INFO - Created Permission View: can delete on DAG Run:dataset_s3_bucket_producer
[2024-10-07T14:43:18.801+0000] {logging_mixin.py:190} INFO - [2024-10-07T14:43:18.801+0000] {override.py:1900} INFO - Created Permission View: can read on DAG:dataset_s3_bucket_consumer
[2024-10-07T14:43:18.812+0000] {logging_mixin.py:190} INFO - [2024-10-07T14:43:18.812+0000] {override.py:1900} INFO - Created Permission View: can delete on DAG:dataset_s3_bucket_consumer
[2024-10-07T14:43:18.822+0000] {logging_mixin.py:190} INFO - [2024-10-07T14:43:18.822+0000] {override.py:1900} INFO - Created Permission View: can edit on DAG:dataset_s3_bucket_consumer
[2024-10-07T14:43:18.834+0000] {logging_mixin.py:190} INFO - [2024-10-07T14:43:18.834+0000] {override.py:1900} INFO - Created Permission View: can read on DAG Run:dataset_s3_bucket_consumer
[2024-10-07T14:43:18.845+0000] {logging_mixin.py:190} INFO - [2024-10-07T14:43:18.845+0000] {override.py:1900} INFO - Created Permission View: can create on DAG Run:dataset_s3_bucket_consumer
[2024-10-07T14:43:18.855+0000] {logging_mixin.py:190} INFO - [2024-10-07T14:43:18.854+0000] {override.py:1900} INFO - Created Permission View: menu access on DAG Run:dataset_s3_bucket_consumer
[2024-10-07T14:43:18.866+0000] {logging_mixin.py:190} INFO - [2024-10-07T14:43:18.866+0000] {override.py:1900} INFO - Created Permission View: can delete on DAG Run:dataset_s3_bucket_consumer
[2024-10-07T14:43:18.887+0000] {logging_mixin.py:190} INFO - [2024-10-07T14:43:18.887+0000] {override.py:1900} INFO - Created Permission View: can read on DAG:dataset_alias_example_alias_producer
[2024-10-07T14:43:18.899+0000] {logging_mixin.py:190} INFO - [2024-10-07T14:43:18.898+0000] {override.py:1900} INFO - Created Permission View: can delete on DAG:dataset_alias_example_alias_producer
[2024-10-07T14:43:18.910+0000] {logging_mixin.py:190} INFO - [2024-10-07T14:43:18.909+0000] {override.py:1900} INFO - Created Permission View: can edit on DAG:dataset_alias_example_alias_producer
[2024-10-07T14:43:18.921+0000] {logging_mixin.py:190} INFO - [2024-10-07T14:43:18.921+0000] {override.py:1900} INFO - Created Permission View: can read on DAG Run:dataset_alias_example_alias_producer
[2024-10-07T14:43:18.931+0000] {logging_mixin.py:190} INFO - [2024-10-07T14:43:18.931+0000] {override.py:1900} INFO - Created Permission View: can create on DAG Run:dataset_alias_example_alias_producer
[2024-10-07T14:43:18.940+0000] {logging_mixin.py:190} INFO - [2024-10-07T14:43:18.940+0000] {override.py:1900} INFO - Created Permission View: menu access on DAG Run:dataset_alias_example_alias_producer
[2024-10-07T14:43:18.951+0000] {logging_mixin.py:190} INFO - [2024-10-07T14:43:18.950+0000] {override.py:1900} INFO - Created Permission View: can delete on DAG Run:dataset_alias_example_alias_producer
[2024-10-07T14:43:18.966+0000] {logging_mixin.py:190} INFO - [2024-10-07T14:43:18.966+0000] {override.py:1900} INFO - Created Permission View: can read on DAG:dataset_alias_example_alias_consumer
[2024-10-07T14:43:18.978+0000] {logging_mixin.py:190} INFO - [2024-10-07T14:43:18.977+0000] {override.py:1900} INFO - Created Permission View: can delete on DAG:dataset_alias_example_alias_consumer
[2024-10-07T14:43:18.987+0000] {logging_mixin.py:190} INFO - [2024-10-07T14:43:18.986+0000] {override.py:1900} INFO - Created Permission View: can edit on DAG:dataset_alias_example_alias_consumer
[2024-10-07T14:43:18.998+0000] {logging_mixin.py:190} INFO - [2024-10-07T14:43:18.997+0000] {override.py:1900} INFO - Created Permission View: can read on DAG Run:dataset_alias_example_alias_consumer
[2024-10-07T14:43:19.007+0000] {logging_mixin.py:190} INFO - [2024-10-07T14:43:19.006+0000] {override.py:1900} INFO - Created Permission View: can create on DAG Run:dataset_alias_example_alias_consumer
[2024-10-07T14:43:19.016+0000] {logging_mixin.py:190} INFO - [2024-10-07T14:43:19.015+0000] {override.py:1900} INFO - Created Permission View: menu access on DAG Run:dataset_alias_example_alias_consumer
[2024-10-07T14:43:19.024+0000] {logging_mixin.py:190} INFO - [2024-10-07T14:43:19.024+0000] {override.py:1900} INFO - Created Permission View: can delete on DAG Run:dataset_alias_example_alias_consumer
[2024-10-07T14:43:19.025+0000] {logging_mixin.py:190} INFO - [2024-10-07T14:43:19.025+0000] {dag.py:3239} INFO - Sync 4 DAGs
[2024-10-07T14:43:19.062+0000] {logging_mixin.py:190} INFO - [2024-10-07T14:43:19.062+0000] {dag.py:3262} INFO - Creating ORM DAG for dataset_alias_example_alias_producer
[2024-10-07T14:43:19.064+0000] {logging_mixin.py:190} INFO - [2024-10-07T14:43:19.063+0000] {dag.py:3262} INFO - Creating ORM DAG for dataset_s3_bucket_producer
[2024-10-07T14:43:19.065+0000] {logging_mixin.py:190} INFO - [2024-10-07T14:43:19.065+0000] {dag.py:3262} INFO - Creating ORM DAG for dataset_s3_bucket_consumer
[2024-10-07T14:43:19.066+0000] {logging_mixin.py:190} INFO - [2024-10-07T14:43:19.066+0000] {dag.py:3262} INFO - Creating ORM DAG for dataset_alias_example_alias_consumer
[2024-10-07T14:43:19.083+0000] {logging_mixin.py:190} INFO - [2024-10-07T14:43:19.083+0000] {dag.py:4180} INFO - Setting next_dagrun for dataset_alias_example_alias_consumer to None, run_after=None
[2024-10-07T14:43:19.086+0000] {logging_mixin.py:190} INFO - [2024-10-07T14:43:19.085+0000] {dag.py:4180} INFO - Setting next_dagrun for dataset_alias_example_alias_producer to None, run_after=None
[2024-10-07T14:43:19.087+0000] {logging_mixin.py:190} INFO - [2024-10-07T14:43:19.087+0000] {dag.py:4180} INFO - Setting next_dagrun for dataset_s3_bucket_consumer to None, run_after=None
[2024-10-07T14:43:19.089+0000] {logging_mixin.py:190} INFO - [2024-10-07T14:43:19.089+0000] {dag.py:4180} INFO - Setting next_dagrun for dataset_s3_bucket_producer to None, run_after=None
[2024-10-07T14:43:19.148+0000] {processor.py:208} INFO - Processing /home/airflow/.local/lib/python3.12/site-packages/airflow/example_dags/example_dataset_alias.py took 1.884 seconds
[2024-10-07T14:43:49.402+0000] {processor.py:186} INFO - Started process (PID=147) to work on /home/airflow/.local/lib/python3.12/site-packages/airflow/example_dags/example_dataset_alias.py
[2024-10-07T14:43:49.404+0000] {processor.py:914} INFO - Processing file /home/airflow/.local/lib/python3.12/site-packages/airflow/example_dags/example_dataset_alias.py for tasks to queue
[2024-10-07T14:43:49.407+0000] {logging_mixin.py:190} INFO - [2024-10-07T14:43:49.407+0000] {dagbag.py:588} INFO - Filling up the DagBag from /home/airflow/.local/lib/python3.12/site-packages/airflow/example_dags/example_dataset_alias.py
[2024-10-07T14:43:49.604+0000] {processor.py:925} INFO - DAG(s) 'dataset_alias_example_alias_producer', 'dataset_s3_bucket_consumer', 'dataset_alias_example_alias_consumer', 'dataset_s3_bucket_producer' retrieved from /home/airflow/.local/lib/python3.12/site-packages/airflow/example_dags/example_dataset_alias.py
[2024-10-07T14:43:49.636+0000] {logging_mixin.py:190} INFO - [2024-10-07T14:43:49.635+0000] {dag.py:3239} INFO - Sync 4 DAGs
[2024-10-07T14:43:49.670+0000] {logging_mixin.py:190} INFO - [2024-10-07T14:43:49.670+0000] {dag.py:4180} INFO - Setting next_dagrun for dataset_alias_example_alias_consumer to None, run_after=None
[2024-10-07T14:43:49.676+0000] {logging_mixin.py:190} INFO - [2024-10-07T14:43:49.676+0000] {dag.py:4180} INFO - Setting next_dagrun for dataset_alias_example_alias_producer to None, run_after=None
[2024-10-07T14:43:49.679+0000] {logging_mixin.py:190} INFO - [2024-10-07T14:43:49.679+0000] {dag.py:4180} INFO - Setting next_dagrun for dataset_s3_bucket_consumer to None, run_after=None
[2024-10-07T14:43:49.683+0000] {logging_mixin.py:190} INFO - [2024-10-07T14:43:49.683+0000] {dag.py:4180} INFO - Setting next_dagrun for dataset_s3_bucket_producer to None, run_after=None
[2024-10-07T14:43:49.706+0000] {processor.py:208} INFO - Processing /home/airflow/.local/lib/python3.12/site-packages/airflow/example_dags/example_dataset_alias.py took 0.309 seconds
[2024-10-07T14:44:20.114+0000] {processor.py:186} INFO - Started process (PID=208) to work on /home/airflow/.local/lib/python3.12/site-packages/airflow/example_dags/example_dataset_alias.py
[2024-10-07T14:44:20.117+0000] {processor.py:914} INFO - Processing file /home/airflow/.local/lib/python3.12/site-packages/airflow/example_dags/example_dataset_alias.py for tasks to queue
[2024-10-07T14:44:20.122+0000] {logging_mixin.py:190} INFO - [2024-10-07T14:44:20.121+0000] {dagbag.py:588} INFO - Filling up the DagBag from /home/airflow/.local/lib/python3.12/site-packages/airflow/example_dags/example_dataset_alias.py
[2024-10-07T14:44:20.287+0000] {processor.py:925} INFO - DAG(s) 'dataset_alias_example_alias_producer', 'dataset_s3_bucket_consumer', 'dataset_alias_example_alias_consumer', 'dataset_s3_bucket_producer' retrieved from /home/airflow/.local/lib/python3.12/site-packages/airflow/example_dags/example_dataset_alias.py
[2024-10-07T14:44:20.315+0000] {logging_mixin.py:190} INFO - [2024-10-07T14:44:20.315+0000] {dag.py:3239} INFO - Sync 4 DAGs
[2024-10-07T14:44:20.338+0000] {logging_mixin.py:190} INFO - [2024-10-07T14:44:20.338+0000] {dag.py:4180} INFO - Setting next_dagrun for dataset_alias_example_alias_consumer to None, run_after=None
[2024-10-07T14:44:20.342+0000] {logging_mixin.py:190} INFO - [2024-10-07T14:44:20.342+0000] {dag.py:4180} INFO - Setting next_dagrun for dataset_alias_example_alias_producer to None, run_after=None
[2024-10-07T14:44:20.344+0000] {logging_mixin.py:190} INFO - [2024-10-07T14:44:20.344+0000] {dag.py:4180} INFO - Setting next_dagrun for dataset_s3_bucket_consumer to None, run_after=None
[2024-10-07T14:44:20.347+0000] {logging_mixin.py:190} INFO - [2024-10-07T14:44:20.347+0000] {dag.py:4180} INFO - Setting next_dagrun for dataset_s3_bucket_producer to None, run_after=None
[2024-10-07T14:44:20.371+0000] {processor.py:208} INFO - Processing /home/airflow/.local/lib/python3.12/site-packages/airflow/example_dags/example_dataset_alias.py took 0.267 seconds
[2024-10-07T14:44:51.055+0000] {processor.py:186} INFO - Started process (PID=270) to work on /home/airflow/.local/lib/python3.12/site-packages/airflow/example_dags/example_dataset_alias.py
[2024-10-07T14:44:51.058+0000] {processor.py:914} INFO - Processing file /home/airflow/.local/lib/python3.12/site-packages/airflow/example_dags/example_dataset_alias.py for tasks to queue
[2024-10-07T14:44:51.061+0000] {logging_mixin.py:190} INFO - [2024-10-07T14:44:51.060+0000] {dagbag.py:588} INFO - Filling up the DagBag from /home/airflow/.local/lib/python3.12/site-packages/airflow/example_dags/example_dataset_alias.py
[2024-10-07T14:44:51.223+0000] {processor.py:925} INFO - DAG(s) 'dataset_s3_bucket_producer', 'dataset_alias_example_alias_consumer', 'dataset_alias_example_alias_producer', 'dataset_s3_bucket_consumer' retrieved from /home/airflow/.local/lib/python3.12/site-packages/airflow/example_dags/example_dataset_alias.py
[2024-10-07T14:44:51.249+0000] {logging_mixin.py:190} INFO - [2024-10-07T14:44:51.249+0000] {dag.py:3239} INFO - Sync 4 DAGs
[2024-10-07T14:44:51.276+0000] {logging_mixin.py:190} INFO - [2024-10-07T14:44:51.276+0000] {dag.py:4180} INFO - Setting next_dagrun for dataset_alias_example_alias_consumer to None, run_after=None
[2024-10-07T14:44:51.282+0000] {logging_mixin.py:190} INFO - [2024-10-07T14:44:51.282+0000] {dag.py:4180} INFO - Setting next_dagrun for dataset_alias_example_alias_producer to None, run_after=None
[2024-10-07T14:44:51.285+0000] {logging_mixin.py:190} INFO - [2024-10-07T14:44:51.285+0000] {dag.py:4180} INFO - Setting next_dagrun for dataset_s3_bucket_consumer to None, run_after=None
[2024-10-07T14:44:51.288+0000] {logging_mixin.py:190} INFO - [2024-10-07T14:44:51.288+0000] {dag.py:4180} INFO - Setting next_dagrun for dataset_s3_bucket_producer to None, run_after=None
[2024-10-07T14:44:51.324+0000] {processor.py:208} INFO - Processing /home/airflow/.local/lib/python3.12/site-packages/airflow/example_dags/example_dataset_alias.py took 0.275 seconds
[2024-10-07T14:45:21.820+0000] {processor.py:186} INFO - Started process (PID=331) to work on /home/airflow/.local/lib/python3.12/site-packages/airflow/example_dags/example_dataset_alias.py
[2024-10-07T14:45:21.821+0000] {processor.py:914} INFO - Processing file /home/airflow/.local/lib/python3.12/site-packages/airflow/example_dags/example_dataset_alias.py for tasks to queue
[2024-10-07T14:45:21.824+0000] {logging_mixin.py:190} INFO - [2024-10-07T14:45:21.824+0000] {dagbag.py:588} INFO - Filling up the DagBag from /home/airflow/.local/lib/python3.12/site-packages/airflow/example_dags/example_dataset_alias.py
[2024-10-07T14:45:22.038+0000] {processor.py:925} INFO - DAG(s) 'dataset_alias_example_alias_consumer', 'dataset_s3_bucket_consumer', 'dataset_s3_bucket_producer', 'dataset_alias_example_alias_producer' retrieved from /home/airflow/.local/lib/python3.12/site-packages/airflow/example_dags/example_dataset_alias.py
[2024-10-07T14:45:22.075+0000] {logging_mixin.py:190} INFO - [2024-10-07T14:45:22.075+0000] {dag.py:3239} INFO - Sync 4 DAGs
[2024-10-07T14:45:22.106+0000] {logging_mixin.py:190} INFO - [2024-10-07T14:45:22.106+0000] {dag.py:4180} INFO - Setting next_dagrun for dataset_alias_example_alias_consumer to None, run_after=None
[2024-10-07T14:45:22.110+0000] {logging_mixin.py:190} INFO - [2024-10-07T14:45:22.110+0000] {dag.py:4180} INFO - Setting next_dagrun for dataset_alias_example_alias_producer to None, run_after=None
[2024-10-07T14:45:22.112+0000] {logging_mixin.py:190} INFO - [2024-10-07T14:45:22.112+0000] {dag.py:4180} INFO - Setting next_dagrun for dataset_s3_bucket_consumer to None, run_after=None
[2024-10-07T14:45:22.114+0000] {logging_mixin.py:190} INFO - [2024-10-07T14:45:22.113+0000] {dag.py:4180} INFO - Setting next_dagrun for dataset_s3_bucket_producer to None, run_after=None
[2024-10-07T14:45:22.138+0000] {processor.py:208} INFO - Processing /home/airflow/.local/lib/python3.12/site-packages/airflow/example_dags/example_dataset_alias.py took 0.324 seconds
[2024-10-07T14:45:52.268+0000] {processor.py:186} INFO - Started process (PID=395) to work on /home/airflow/.local/lib/python3.12/site-packages/airflow/example_dags/example_dataset_alias.py
[2024-10-07T14:45:52.269+0000] {processor.py:914} INFO - Processing file /home/airflow/.local/lib/python3.12/site-packages/airflow/example_dags/example_dataset_alias.py for tasks to queue
[2024-10-07T14:45:52.274+0000] {logging_mixin.py:190} INFO - [2024-10-07T14:45:52.273+0000] {dagbag.py:588} INFO - Filling up the DagBag from /home/airflow/.local/lib/python3.12/site-packages/airflow/example_dags/example_dataset_alias.py
[2024-10-07T14:45:52.448+0000] {processor.py:925} INFO - DAG(s) 'dataset_s3_bucket_consumer', 'dataset_s3_bucket_producer', 'dataset_alias_example_alias_producer', 'dataset_alias_example_alias_consumer' retrieved from /home/airflow/.local/lib/python3.12/site-packages/airflow/example_dags/example_dataset_alias.py
[2024-10-07T14:45:52.476+0000] {logging_mixin.py:190} INFO - [2024-10-07T14:45:52.476+0000] {dag.py:3239} INFO - Sync 4 DAGs
[2024-10-07T14:45:52.500+0000] {logging_mixin.py:190} INFO - [2024-10-07T14:45:52.500+0000] {dag.py:4180} INFO - Setting next_dagrun for dataset_alias_example_alias_consumer to None, run_after=None
[2024-10-07T14:45:52.505+0000] {logging_mixin.py:190} INFO - [2024-10-07T14:45:52.505+0000] {dag.py:4180} INFO - Setting next_dagrun for dataset_alias_example_alias_producer to None, run_after=None
[2024-10-07T14:45:52.507+0000] {logging_mixin.py:190} INFO - [2024-10-07T14:45:52.507+0000] {dag.py:4180} INFO - Setting next_dagrun for dataset_s3_bucket_consumer to None, run_after=None
[2024-10-07T14:45:52.510+0000] {logging_mixin.py:190} INFO - [2024-10-07T14:45:52.510+0000] {dag.py:4180} INFO - Setting next_dagrun for dataset_s3_bucket_producer to None, run_after=None
[2024-10-07T14:45:52.537+0000] {processor.py:208} INFO - Processing /home/airflow/.local/lib/python3.12/site-packages/airflow/example_dags/example_dataset_alias.py took 0.275 seconds
[2024-10-07T14:46:23.101+0000] {processor.py:186} INFO - Started process (PID=456) to work on /home/airflow/.local/lib/python3.12/site-packages/airflow/example_dags/example_dataset_alias.py
[2024-10-07T14:46:23.110+0000] {processor.py:914} INFO - Processing file /home/airflow/.local/lib/python3.12/site-packages/airflow/example_dags/example_dataset_alias.py for tasks to queue
[2024-10-07T14:46:23.133+0000] {logging_mixin.py:190} INFO - [2024-10-07T14:46:23.131+0000] {dagbag.py:588} INFO - Filling up the DagBag from /home/airflow/.local/lib/python3.12/site-packages/airflow/example_dags/example_dataset_alias.py
[2024-10-07T14:46:23.581+0000] {processor.py:925} INFO - DAG(s) 'dataset_alias_example_alias_consumer', 'dataset_alias_example_alias_producer', 'dataset_s3_bucket_producer', 'dataset_s3_bucket_consumer' retrieved from /home/airflow/.local/lib/python3.12/site-packages/airflow/example_dags/example_dataset_alias.py
[2024-10-07T14:46:23.643+0000] {logging_mixin.py:190} INFO - [2024-10-07T14:46:23.642+0000] {dag.py:3239} INFO - Sync 4 DAGs
[2024-10-07T14:46:23.694+0000] {logging_mixin.py:190} INFO - [2024-10-07T14:46:23.693+0000] {dag.py:4180} INFO - Setting next_dagrun for dataset_alias_example_alias_consumer to None, run_after=None
[2024-10-07T14:46:23.701+0000] {logging_mixin.py:190} INFO - [2024-10-07T14:46:23.700+0000] {dag.py:4180} INFO - Setting next_dagrun for dataset_alias_example_alias_producer to None, run_after=None
[2024-10-07T14:46:23.707+0000] {logging_mixin.py:190} INFO - [2024-10-07T14:46:23.707+0000] {dag.py:4180} INFO - Setting next_dagrun for dataset_s3_bucket_consumer to None, run_after=None
[2024-10-07T14:46:23.714+0000] {logging_mixin.py:190} INFO - [2024-10-07T14:46:23.713+0000] {dag.py:4180} INFO - Setting next_dagrun for dataset_s3_bucket_producer to None, run_after=None
[2024-10-07T14:46:23.780+0000] {processor.py:208} INFO - Processing /home/airflow/.local/lib/python3.12/site-packages/airflow/example_dags/example_dataset_alias.py took 0.701 seconds
[2024-10-07T14:46:54.272+0000] {processor.py:186} INFO - Started process (PID=518) to work on /home/airflow/.local/lib/python3.12/site-packages/airflow/example_dags/example_dataset_alias.py
[2024-10-07T14:46:54.274+0000] {processor.py:914} INFO - Processing file /home/airflow/.local/lib/python3.12/site-packages/airflow/example_dags/example_dataset_alias.py for tasks to queue
[2024-10-07T14:46:54.278+0000] {logging_mixin.py:190} INFO - [2024-10-07T14:46:54.277+0000] {dagbag.py:588} INFO - Filling up the DagBag from /home/airflow/.local/lib/python3.12/site-packages/airflow/example_dags/example_dataset_alias.py
[2024-10-07T14:46:54.462+0000] {processor.py:925} INFO - DAG(s) 'dataset_s3_bucket_producer', 'dataset_alias_example_alias_consumer', 'dataset_alias_example_alias_producer', 'dataset_s3_bucket_consumer' retrieved from /home/airflow/.local/lib/python3.12/site-packages/airflow/example_dags/example_dataset_alias.py
[2024-10-07T14:46:54.499+0000] {logging_mixin.py:190} INFO - [2024-10-07T14:46:54.499+0000] {dag.py:3239} INFO - Sync 4 DAGs
[2024-10-07T14:46:54.531+0000] {logging_mixin.py:190} INFO - [2024-10-07T14:46:54.531+0000] {dag.py:4180} INFO - Setting next_dagrun for dataset_alias_example_alias_consumer to None, run_after=None
[2024-10-07T14:46:54.535+0000] {logging_mixin.py:190} INFO - [2024-10-07T14:46:54.535+0000] {dag.py:4180} INFO - Setting next_dagrun for dataset_alias_example_alias_producer to None, run_after=None
[2024-10-07T14:46:54.539+0000] {logging_mixin.py:190} INFO - [2024-10-07T14:46:54.538+0000] {dag.py:4180} INFO - Setting next_dagrun for dataset_s3_bucket_consumer to None, run_after=None
[2024-10-07T14:46:54.542+0000] {logging_mixin.py:190} INFO - [2024-10-07T14:46:54.541+0000] {dag.py:4180} INFO - Setting next_dagrun for dataset_s3_bucket_producer to None, run_after=None
[2024-10-07T14:46:54.565+0000] {processor.py:208} INFO - Processing /home/airflow/.local/lib/python3.12/site-packages/airflow/example_dags/example_dataset_alias.py took 0.299 seconds
[2024-10-07T14:47:24.834+0000] {processor.py:186} INFO - Started process (PID=580) to work on /home/airflow/.local/lib/python3.12/site-packages/airflow/example_dags/example_dataset_alias.py
[2024-10-07T14:47:24.837+0000] {processor.py:914} INFO - Processing file /home/airflow/.local/lib/python3.12/site-packages/airflow/example_dags/example_dataset_alias.py for tasks to queue
[2024-10-07T14:47:24.841+0000] {logging_mixin.py:190} INFO - [2024-10-07T14:47:24.841+0000] {dagbag.py:588} INFO - Filling up the DagBag from /home/airflow/.local/lib/python3.12/site-packages/airflow/example_dags/example_dataset_alias.py
[2024-10-07T14:47:25.001+0000] {processor.py:925} INFO - DAG(s) 'dataset_alias_example_alias_consumer', 'dataset_s3_bucket_producer', 'dataset_s3_bucket_consumer', 'dataset_alias_example_alias_producer' retrieved from /home/airflow/.local/lib/python3.12/site-packages/airflow/example_dags/example_dataset_alias.py
[2024-10-07T14:47:25.028+0000] {logging_mixin.py:190} INFO - [2024-10-07T14:47:25.028+0000] {dag.py:3239} INFO - Sync 4 DAGs
[2024-10-07T14:47:25.050+0000] {logging_mixin.py:190} INFO - [2024-10-07T14:47:25.050+0000] {dag.py:4180} INFO - Setting next_dagrun for dataset_alias_example_alias_consumer to None, run_after=None
[2024-10-07T14:47:25.054+0000] {logging_mixin.py:190} INFO - [2024-10-07T14:47:25.054+0000] {dag.py:4180} INFO - Setting next_dagrun for dataset_alias_example_alias_producer to None, run_after=None
[2024-10-07T14:47:25.057+0000] {logging_mixin.py:190} INFO - [2024-10-07T14:47:25.056+0000] {dag.py:4180} INFO - Setting next_dagrun for dataset_s3_bucket_consumer to None, run_after=None
[2024-10-07T14:47:25.059+0000] {logging_mixin.py:190} INFO - [2024-10-07T14:47:25.059+0000] {dag.py:4180} INFO - Setting next_dagrun for dataset_s3_bucket_producer to None, run_after=None
[2024-10-07T14:47:25.083+0000] {processor.py:208} INFO - Processing /home/airflow/.local/lib/python3.12/site-packages/airflow/example_dags/example_dataset_alias.py took 0.255 seconds
[2024-10-07T14:47:55.155+0000] {processor.py:186} INFO - Started process (PID=642) to work on /home/airflow/.local/lib/python3.12/site-packages/airflow/example_dags/example_dataset_alias.py
[2024-10-07T14:47:55.157+0000] {processor.py:914} INFO - Processing file /home/airflow/.local/lib/python3.12/site-packages/airflow/example_dags/example_dataset_alias.py for tasks to queue
[2024-10-07T14:47:55.160+0000] {logging_mixin.py:190} INFO - [2024-10-07T14:47:55.159+0000] {dagbag.py:588} INFO - Filling up the DagBag from /home/airflow/.local/lib/python3.12/site-packages/airflow/example_dags/example_dataset_alias.py
[2024-10-07T14:47:55.323+0000] {processor.py:925} INFO - DAG(s) 'dataset_s3_bucket_producer', 'dataset_s3_bucket_consumer', 'dataset_alias_example_alias_consumer', 'dataset_alias_example_alias_producer' retrieved from /home/airflow/.local/lib/python3.12/site-packages/airflow/example_dags/example_dataset_alias.py
[2024-10-07T14:47:55.348+0000] {logging_mixin.py:190} INFO - [2024-10-07T14:47:55.347+0000] {dag.py:3239} INFO - Sync 4 DAGs
[2024-10-07T14:47:55.373+0000] {logging_mixin.py:190} INFO - [2024-10-07T14:47:55.372+0000] {dag.py:4180} INFO - Setting next_dagrun for dataset_alias_example_alias_consumer to None, run_after=None
[2024-10-07T14:47:55.376+0000] {logging_mixin.py:190} INFO - [2024-10-07T14:47:55.376+0000] {dag.py:4180} INFO - Setting next_dagrun for dataset_alias_example_alias_producer to None, run_after=None
[2024-10-07T14:47:55.379+0000] {logging_mixin.py:190} INFO - [2024-10-07T14:47:55.379+0000] {dag.py:4180} INFO - Setting next_dagrun for dataset_s3_bucket_consumer to None, run_after=None
[2024-10-07T14:47:55.382+0000] {logging_mixin.py:190} INFO - [2024-10-07T14:47:55.382+0000] {dag.py:4180} INFO - Setting next_dagrun for dataset_s3_bucket_producer to None, run_after=None
[2024-10-07T14:47:55.406+0000] {processor.py:208} INFO - Processing /home/airflow/.local/lib/python3.12/site-packages/airflow/example_dags/example_dataset_alias.py took 0.256 seconds
[2024-10-07T14:48:26.025+0000] {processor.py:186} INFO - Started process (PID=704) to work on /home/airflow/.local/lib/python3.12/site-packages/airflow/example_dags/example_dataset_alias.py
[2024-10-07T14:48:26.027+0000] {processor.py:914} INFO - Processing file /home/airflow/.local/lib/python3.12/site-packages/airflow/example_dags/example_dataset_alias.py for tasks to queue
[2024-10-07T14:48:26.031+0000] {logging_mixin.py:190} INFO - [2024-10-07T14:48:26.030+0000] {dagbag.py:588} INFO - Filling up the DagBag from /home/airflow/.local/lib/python3.12/site-packages/airflow/example_dags/example_dataset_alias.py
[2024-10-07T14:48:26.192+0000] {processor.py:925} INFO - DAG(s) 'dataset_s3_bucket_producer', 'dataset_alias_example_alias_consumer', 'dataset_alias_example_alias_producer', 'dataset_s3_bucket_consumer' retrieved from /home/airflow/.local/lib/python3.12/site-packages/airflow/example_dags/example_dataset_alias.py
[2024-10-07T14:48:26.214+0000] {logging_mixin.py:190} INFO - [2024-10-07T14:48:26.214+0000] {dag.py:3239} INFO - Sync 4 DAGs
[2024-10-07T14:48:26.239+0000] {logging_mixin.py:190} INFO - [2024-10-07T14:48:26.238+0000] {dag.py:4180} INFO - Setting next_dagrun for dataset_alias_example_alias_consumer to None, run_after=None
[2024-10-07T14:48:26.242+0000] {logging_mixin.py:190} INFO - [2024-10-07T14:48:26.242+0000] {dag.py:4180} INFO - Setting next_dagrun for dataset_alias_example_alias_producer to None, run_after=None
[2024-10-07T14:48:26.244+0000] {logging_mixin.py:190} INFO - [2024-10-07T14:48:26.244+0000] {dag.py:4180} INFO - Setting next_dagrun for dataset_s3_bucket_consumer to None, run_after=None
[2024-10-07T14:48:26.246+0000] {logging_mixin.py:190} INFO - [2024-10-07T14:48:26.246+0000] {dag.py:4180} INFO - Setting next_dagrun for dataset_s3_bucket_producer to None, run_after=None
[2024-10-07T14:48:26.270+0000] {processor.py:208} INFO - Processing /home/airflow/.local/lib/python3.12/site-packages/airflow/example_dags/example_dataset_alias.py took 0.254 seconds
[2024-10-07T14:48:56.507+0000] {processor.py:186} INFO - Started process (PID=767) to work on /home/airflow/.local/lib/python3.12/site-packages/airflow/example_dags/example_dataset_alias.py
[2024-10-07T14:48:56.510+0000] {processor.py:914} INFO - Processing file /home/airflow/.local/lib/python3.12/site-packages/airflow/example_dags/example_dataset_alias.py for tasks to queue
[2024-10-07T14:48:56.515+0000] {logging_mixin.py:190} INFO - [2024-10-07T14:48:56.514+0000] {dagbag.py:588} INFO - Filling up the DagBag from /home/airflow/.local/lib/python3.12/site-packages/airflow/example_dags/example_dataset_alias.py
[2024-10-07T14:48:56.686+0000] {processor.py:925} INFO - DAG(s) 'dataset_s3_bucket_producer', 'dataset_alias_example_alias_producer', 'dataset_s3_bucket_consumer', 'dataset_alias_example_alias_consumer' retrieved from /home/airflow/.local/lib/python3.12/site-packages/airflow/example_dags/example_dataset_alias.py
[2024-10-07T14:48:56.707+0000] {logging_mixin.py:190} INFO - [2024-10-07T14:48:56.707+0000] {dag.py:3239} INFO - Sync 4 DAGs
[2024-10-07T14:48:56.730+0000] {logging_mixin.py:190} INFO - [2024-10-07T14:48:56.730+0000] {dag.py:4180} INFO - Setting next_dagrun for dataset_alias_example_alias_consumer to None, run_after=None
[2024-10-07T14:48:56.734+0000] {logging_mixin.py:190} INFO - [2024-10-07T14:48:56.734+0000] {dag.py:4180} INFO - Setting next_dagrun for dataset_alias_example_alias_producer to None, run_after=None
[2024-10-07T14:48:56.736+0000] {logging_mixin.py:190} INFO - [2024-10-07T14:48:56.735+0000] {dag.py:4180} INFO - Setting next_dagrun for dataset_s3_bucket_consumer to None, run_after=None
[2024-10-07T14:48:56.738+0000] {logging_mixin.py:190} INFO - [2024-10-07T14:48:56.738+0000] {dag.py:4180} INFO - Setting next_dagrun for dataset_s3_bucket_producer to None, run_after=None
[2024-10-07T14:48:56.760+0000] {processor.py:208} INFO - Processing /home/airflow/.local/lib/python3.12/site-packages/airflow/example_dags/example_dataset_alias.py took 0.262 seconds
[2024-10-07T14:49:27.465+0000] {processor.py:186} INFO - Started process (PID=829) to work on /home/airflow/.local/lib/python3.12/site-packages/airflow/example_dags/example_dataset_alias.py
[2024-10-07T14:49:27.466+0000] {processor.py:914} INFO - Processing file /home/airflow/.local/lib/python3.12/site-packages/airflow/example_dags/example_dataset_alias.py for tasks to queue
[2024-10-07T14:49:27.469+0000] {logging_mixin.py:190} INFO - [2024-10-07T14:49:27.469+0000] {dagbag.py:588} INFO - Filling up the DagBag from /home/airflow/.local/lib/python3.12/site-packages/airflow/example_dags/example_dataset_alias.py
[2024-10-07T14:49:27.623+0000] {processor.py:925} INFO - DAG(s) 'dataset_alias_example_alias_producer', 'dataset_alias_example_alias_consumer', 'dataset_s3_bucket_producer', 'dataset_s3_bucket_consumer' retrieved from /home/airflow/.local/lib/python3.12/site-packages/airflow/example_dags/example_dataset_alias.py
[2024-10-07T14:49:27.654+0000] {logging_mixin.py:190} INFO - [2024-10-07T14:49:27.654+0000] {dag.py:3239} INFO - Sync 4 DAGs
[2024-10-07T14:49:27.682+0000] {logging_mixin.py:190} INFO - [2024-10-07T14:49:27.682+0000] {dag.py:4180} INFO - Setting next_dagrun for dataset_alias_example_alias_consumer to None, run_after=None
[2024-10-07T14:49:27.686+0000] {logging_mixin.py:190} INFO - [2024-10-07T14:49:27.686+0000] {dag.py:4180} INFO - Setting next_dagrun for dataset_alias_example_alias_producer to None, run_after=None
[2024-10-07T14:49:27.688+0000] {logging_mixin.py:190} INFO - [2024-10-07T14:49:27.688+0000] {dag.py:4180} INFO - Setting next_dagrun for dataset_s3_bucket_consumer to None, run_after=None
[2024-10-07T14:49:27.690+0000] {logging_mixin.py:190} INFO - [2024-10-07T14:49:27.690+0000] {dag.py:4180} INFO - Setting next_dagrun for dataset_s3_bucket_producer to None, run_after=None
[2024-10-07T14:49:27.715+0000] {processor.py:208} INFO - Processing /home/airflow/.local/lib/python3.12/site-packages/airflow/example_dags/example_dataset_alias.py took 0.256 seconds
[2024-10-07T14:49:57.985+0000] {processor.py:186} INFO - Started process (PID=891) to work on /home/airflow/.local/lib/python3.12/site-packages/airflow/example_dags/example_dataset_alias.py
[2024-10-07T14:49:57.987+0000] {processor.py:914} INFO - Processing file /home/airflow/.local/lib/python3.12/site-packages/airflow/example_dags/example_dataset_alias.py for tasks to queue
[2024-10-07T14:49:57.991+0000] {logging_mixin.py:190} INFO - [2024-10-07T14:49:57.990+0000] {dagbag.py:588} INFO - Filling up the DagBag from /home/airflow/.local/lib/python3.12/site-packages/airflow/example_dags/example_dataset_alias.py
[2024-10-07T14:49:58.175+0000] {processor.py:925} INFO - DAG(s) 'dataset_s3_bucket_producer', 'dataset_s3_bucket_consumer', 'dataset_alias_example_alias_producer', 'dataset_alias_example_alias_consumer' retrieved from /home/airflow/.local/lib/python3.12/site-packages/airflow/example_dags/example_dataset_alias.py
[2024-10-07T14:49:58.197+0000] {logging_mixin.py:190} INFO - [2024-10-07T14:49:58.197+0000] {dag.py:3239} INFO - Sync 4 DAGs
[2024-10-07T14:49:58.220+0000] {logging_mixin.py:190} INFO - [2024-10-07T14:49:58.220+0000] {dag.py:4180} INFO - Setting next_dagrun for dataset_alias_example_alias_consumer to None, run_after=None
[2024-10-07T14:49:58.224+0000] {logging_mixin.py:190} INFO - [2024-10-07T14:49:58.223+0000] {dag.py:4180} INFO - Setting next_dagrun for dataset_alias_example_alias_producer to None, run_after=None
[2024-10-07T14:49:58.226+0000] {logging_mixin.py:190} INFO - [2024-10-07T14:49:58.226+0000] {dag.py:4180} INFO - Setting next_dagrun for dataset_s3_bucket_consumer to None, run_after=None
[2024-10-07T14:49:58.228+0000] {logging_mixin.py:190} INFO - [2024-10-07T14:49:58.228+0000] {dag.py:4180} INFO - Setting next_dagrun for dataset_s3_bucket_producer to None, run_after=None
[2024-10-07T14:49:58.251+0000] {processor.py:208} INFO - Processing /home/airflow/.local/lib/python3.12/site-packages/airflow/example_dags/example_dataset_alias.py took 0.272 seconds
[2024-10-07T14:50:28.391+0000] {processor.py:186} INFO - Started process (PID=953) to work on /home/airflow/.local/lib/python3.12/site-packages/airflow/example_dags/example_dataset_alias.py
[2024-10-07T14:50:28.393+0000] {processor.py:914} INFO - Processing file /home/airflow/.local/lib/python3.12/site-packages/airflow/example_dags/example_dataset_alias.py for tasks to queue
[2024-10-07T14:50:28.396+0000] {logging_mixin.py:190} INFO - [2024-10-07T14:50:28.396+0000] {dagbag.py:588} INFO - Filling up the DagBag from /home/airflow/.local/lib/python3.12/site-packages/airflow/example_dags/example_dataset_alias.py
[2024-10-07T14:50:28.573+0000] {processor.py:925} INFO - DAG(s) 'dataset_alias_example_alias_consumer', 'dataset_alias_example_alias_producer', 'dataset_s3_bucket_consumer', 'dataset_s3_bucket_producer' retrieved from /home/airflow/.local/lib/python3.12/site-packages/airflow/example_dags/example_dataset_alias.py
[2024-10-07T14:50:28.599+0000] {logging_mixin.py:190} INFO - [2024-10-07T14:50:28.599+0000] {dag.py:3239} INFO - Sync 4 DAGs
[2024-10-07T14:50:28.622+0000] {logging_mixin.py:190} INFO - [2024-10-07T14:50:28.622+0000] {dag.py:4180} INFO - Setting next_dagrun for dataset_alias_example_alias_consumer to None, run_after=None
[2024-10-07T14:50:28.627+0000] {logging_mixin.py:190} INFO - [2024-10-07T14:50:28.626+0000] {dag.py:4180} INFO - Setting next_dagrun for dataset_alias_example_alias_producer to None, run_after=None
[2024-10-07T14:50:28.630+0000] {logging_mixin.py:190} INFO - [2024-10-07T14:50:28.630+0000] {dag.py:4180} INFO - Setting next_dagrun for dataset_s3_bucket_consumer to None, run_after=None
[2024-10-07T14:50:28.633+0000] {logging_mixin.py:190} INFO - [2024-10-07T14:50:28.633+0000] {dag.py:4180} INFO - Setting next_dagrun for dataset_s3_bucket_producer to None, run_after=None
[2024-10-07T14:50:28.657+0000] {processor.py:208} INFO - Processing /home/airflow/.local/lib/python3.12/site-packages/airflow/example_dags/example_dataset_alias.py took 0.272 seconds
[2024-10-07T14:50:59.428+0000] {processor.py:186} INFO - Started process (PID=1015) to work on /home/airflow/.local/lib/python3.12/site-packages/airflow/example_dags/example_dataset_alias.py
[2024-10-07T14:50:59.429+0000] {processor.py:914} INFO - Processing file /home/airflow/.local/lib/python3.12/site-packages/airflow/example_dags/example_dataset_alias.py for tasks to queue
[2024-10-07T14:50:59.434+0000] {logging_mixin.py:190} INFO - [2024-10-07T14:50:59.433+0000] {dagbag.py:588} INFO - Filling up the DagBag from /home/airflow/.local/lib/python3.12/site-packages/airflow/example_dags/example_dataset_alias.py
[2024-10-07T14:50:59.616+0000] {processor.py:925} INFO - DAG(s) 'dataset_s3_bucket_producer', 'dataset_s3_bucket_consumer', 'dataset_alias_example_alias_consumer', 'dataset_alias_example_alias_producer' retrieved from /home/airflow/.local/lib/python3.12/site-packages/airflow/example_dags/example_dataset_alias.py
[2024-10-07T14:50:59.641+0000] {logging_mixin.py:190} INFO - [2024-10-07T14:50:59.641+0000] {dag.py:3239} INFO - Sync 4 DAGs
[2024-10-07T14:50:59.665+0000] {logging_mixin.py:190} INFO - [2024-10-07T14:50:59.665+0000] {dag.py:4180} INFO - Setting next_dagrun for dataset_alias_example_alias_consumer to None, run_after=None
[2024-10-07T14:50:59.669+0000] {logging_mixin.py:190} INFO - [2024-10-07T14:50:59.669+0000] {dag.py:4180} INFO - Setting next_dagrun for dataset_alias_example_alias_producer to None, run_after=None
[2024-10-07T14:50:59.672+0000] {logging_mixin.py:190} INFO - [2024-10-07T14:50:59.671+0000] {dag.py:4180} INFO - Setting next_dagrun for dataset_s3_bucket_consumer to None, run_after=None
[2024-10-07T14:50:59.674+0000] {logging_mixin.py:190} INFO - [2024-10-07T14:50:59.674+0000] {dag.py:4180} INFO - Setting next_dagrun for dataset_s3_bucket_producer to None, run_after=None
[2024-10-07T14:50:59.695+0000] {processor.py:208} INFO - Processing /home/airflow/.local/lib/python3.12/site-packages/airflow/example_dags/example_dataset_alias.py took 0.275 seconds
[2024-10-07T14:51:29.889+0000] {processor.py:186} INFO - Started process (PID=1077) to work on /home/airflow/.local/lib/python3.12/site-packages/airflow/example_dags/example_dataset_alias.py
[2024-10-07T14:51:29.890+0000] {processor.py:914} INFO - Processing file /home/airflow/.local/lib/python3.12/site-packages/airflow/example_dags/example_dataset_alias.py for tasks to queue
[2024-10-07T14:51:29.894+0000] {logging_mixin.py:190} INFO - [2024-10-07T14:51:29.893+0000] {dagbag.py:588} INFO - Filling up the DagBag from /home/airflow/.local/lib/python3.12/site-packages/airflow/example_dags/example_dataset_alias.py
[2024-10-07T14:51:30.071+0000] {processor.py:925} INFO - DAG(s) 'dataset_s3_bucket_producer', 'dataset_alias_example_alias_consumer', 'dataset_alias_example_alias_producer', 'dataset_s3_bucket_consumer' retrieved from /home/airflow/.local/lib/python3.12/site-packages/airflow/example_dags/example_dataset_alias.py
[2024-10-07T14:51:30.093+0000] {logging_mixin.py:190} INFO - [2024-10-07T14:51:30.093+0000] {dag.py:3239} INFO - Sync 4 DAGs
[2024-10-07T14:51:30.119+0000] {logging_mixin.py:190} INFO - [2024-10-07T14:51:30.118+0000] {dag.py:4180} INFO - Setting next_dagrun for dataset_alias_example_alias_consumer to None, run_after=None
[2024-10-07T14:51:30.123+0000] {logging_mixin.py:190} INFO - [2024-10-07T14:51:30.122+0000] {dag.py:4180} INFO - Setting next_dagrun for dataset_alias_example_alias_producer to None, run_after=None
[2024-10-07T14:51:30.126+0000] {logging_mixin.py:190} INFO - [2024-10-07T14:51:30.126+0000] {dag.py:4180} INFO - Setting next_dagrun for dataset_s3_bucket_consumer to None, run_after=None
[2024-10-07T14:51:30.131+0000] {logging_mixin.py:190} INFO - [2024-10-07T14:51:30.130+0000] {dag.py:4180} INFO - Setting next_dagrun for dataset_s3_bucket_producer to None, run_after=None
[2024-10-07T14:51:30.160+0000] {processor.py:208} INFO - Processing /home/airflow/.local/lib/python3.12/site-packages/airflow/example_dags/example_dataset_alias.py took 0.277 seconds
[2024-10-07T14:52:00.956+0000] {processor.py:186} INFO - Started process (PID=1139) to work on /home/airflow/.local/lib/python3.12/site-packages/airflow/example_dags/example_dataset_alias.py
[2024-10-07T14:52:00.957+0000] {processor.py:914} INFO - Processing file /home/airflow/.local/lib/python3.12/site-packages/airflow/example_dags/example_dataset_alias.py for tasks to queue
[2024-10-07T14:52:00.961+0000] {logging_mixin.py:190} INFO - [2024-10-07T14:52:00.961+0000] {dagbag.py:588} INFO - Filling up the DagBag from /home/airflow/.local/lib/python3.12/site-packages/airflow/example_dags/example_dataset_alias.py
[2024-10-07T14:52:01.181+0000] {processor.py:925} INFO - DAG(s) 'dataset_alias_example_alias_consumer', 'dataset_alias_example_alias_producer', 'dataset_s3_bucket_producer', 'dataset_s3_bucket_consumer' retrieved from /home/airflow/.local/lib/python3.12/site-packages/airflow/example_dags/example_dataset_alias.py
[2024-10-07T14:52:01.221+0000] {logging_mixin.py:190} INFO - [2024-10-07T14:52:01.221+0000] {dag.py:3239} INFO - Sync 4 DAGs
[2024-10-07T14:52:01.257+0000] {logging_mixin.py:190} INFO - [2024-10-07T14:52:01.256+0000] {dag.py:4180} INFO - Setting next_dagrun for dataset_alias_example_alias_consumer to None, run_after=None
[2024-10-07T14:52:01.261+0000] {logging_mixin.py:190} INFO - [2024-10-07T14:52:01.261+0000] {dag.py:4180} INFO - Setting next_dagrun for dataset_alias_example_alias_producer to None, run_after=None
[2024-10-07T14:52:01.264+0000] {logging_mixin.py:190} INFO - [2024-10-07T14:52:01.264+0000] {dag.py:4180} INFO - Setting next_dagrun for dataset_s3_bucket_consumer to None, run_after=None
[2024-10-07T14:52:01.267+0000] {logging_mixin.py:190} INFO - [2024-10-07T14:52:01.266+0000] {dag.py:4180} INFO - Setting next_dagrun for dataset_s3_bucket_producer to None, run_after=None
[2024-10-07T14:52:01.303+0000] {processor.py:208} INFO - Processing /home/airflow/.local/lib/python3.12/site-packages/airflow/example_dags/example_dataset_alias.py took 0.353 seconds
[2024-10-07T14:52:31.806+0000] {processor.py:186} INFO - Started process (PID=1201) to work on /home/airflow/.local/lib/python3.12/site-packages/airflow/example_dags/example_dataset_alias.py
[2024-10-07T14:52:31.808+0000] {processor.py:914} INFO - Processing file /home/airflow/.local/lib/python3.12/site-packages/airflow/example_dags/example_dataset_alias.py for tasks to queue
[2024-10-07T14:52:31.812+0000] {logging_mixin.py:190} INFO - [2024-10-07T14:52:31.811+0000] {dagbag.py:588} INFO - Filling up the DagBag from /home/airflow/.local/lib/python3.12/site-packages/airflow/example_dags/example_dataset_alias.py
[2024-10-07T14:52:31.986+0000] {processor.py:925} INFO - DAG(s) 'dataset_alias_example_alias_consumer', 'dataset_s3_bucket_producer', 'dataset_alias_example_alias_producer', 'dataset_s3_bucket_consumer' retrieved from /home/airflow/.local/lib/python3.12/site-packages/airflow/example_dags/example_dataset_alias.py
[2024-10-07T14:52:32.010+0000] {logging_mixin.py:190} INFO - [2024-10-07T14:52:32.010+0000] {dag.py:3239} INFO - Sync 4 DAGs
[2024-10-07T14:52:32.032+0000] {logging_mixin.py:190} INFO - [2024-10-07T14:52:32.031+0000] {dag.py:4180} INFO - Setting next_dagrun for dataset_alias_example_alias_consumer to None, run_after=None
[2024-10-07T14:52:32.035+0000] {logging_mixin.py:190} INFO - [2024-10-07T14:52:32.035+0000] {dag.py:4180} INFO - Setting next_dagrun for dataset_alias_example_alias_producer to None, run_after=None
[2024-10-07T14:52:32.037+0000] {logging_mixin.py:190} INFO - [2024-10-07T14:52:32.037+0000] {dag.py:4180} INFO - Setting next_dagrun for dataset_s3_bucket_consumer to None, run_after=None
[2024-10-07T14:52:32.040+0000] {logging_mixin.py:190} INFO - [2024-10-07T14:52:32.039+0000] {dag.py:4180} INFO - Setting next_dagrun for dataset_s3_bucket_producer to None, run_after=None
[2024-10-07T14:52:32.059+0000] {processor.py:208} INFO - Processing /home/airflow/.local/lib/python3.12/site-packages/airflow/example_dags/example_dataset_alias.py took 0.264 seconds
[2024-10-07T14:53:02.189+0000] {processor.py:186} INFO - Started process (PID=1263) to work on /home/airflow/.local/lib/python3.12/site-packages/airflow/example_dags/example_dataset_alias.py
[2024-10-07T14:53:02.191+0000] {processor.py:914} INFO - Processing file /home/airflow/.local/lib/python3.12/site-packages/airflow/example_dags/example_dataset_alias.py for tasks to queue
[2024-10-07T14:53:02.194+0000] {logging_mixin.py:190} INFO - [2024-10-07T14:53:02.193+0000] {dagbag.py:588} INFO - Filling up the DagBag from /home/airflow/.local/lib/python3.12/site-packages/airflow/example_dags/example_dataset_alias.py
[2024-10-07T14:53:02.387+0000] {processor.py:925} INFO - DAG(s) 'dataset_alias_example_alias_producer', 'dataset_s3_bucket_producer', 'dataset_alias_example_alias_consumer', 'dataset_s3_bucket_consumer' retrieved from /home/airflow/.local/lib/python3.12/site-packages/airflow/example_dags/example_dataset_alias.py
[2024-10-07T14:53:02.410+0000] {logging_mixin.py:190} INFO - [2024-10-07T14:53:02.410+0000] {dag.py:3239} INFO - Sync 4 DAGs
[2024-10-07T14:53:02.435+0000] {logging_mixin.py:190} INFO - [2024-10-07T14:53:02.434+0000] {dag.py:4180} INFO - Setting next_dagrun for dataset_alias_example_alias_consumer to None, run_after=None
[2024-10-07T14:53:02.439+0000] {logging_mixin.py:190} INFO - [2024-10-07T14:53:02.438+0000] {dag.py:4180} INFO - Setting next_dagrun for dataset_alias_example_alias_producer to None, run_after=None
[2024-10-07T14:53:02.441+0000] {logging_mixin.py:190} INFO - [2024-10-07T14:53:02.441+0000] {dag.py:4180} INFO - Setting next_dagrun for dataset_s3_bucket_consumer to None, run_after=None
[2024-10-07T14:53:02.443+0000] {logging_mixin.py:190} INFO - [2024-10-07T14:53:02.443+0000] {dag.py:4180} INFO - Setting next_dagrun for dataset_s3_bucket_producer to None, run_after=None
[2024-10-07T14:53:02.466+0000] {processor.py:208} INFO - Processing /home/airflow/.local/lib/python3.12/site-packages/airflow/example_dags/example_dataset_alias.py took 0.283 seconds
[2024-10-07T14:53:32.739+0000] {processor.py:186} INFO - Started process (PID=1326) to work on /home/airflow/.local/lib/python3.12/site-packages/airflow/example_dags/example_dataset_alias.py
[2024-10-07T14:53:32.740+0000] {processor.py:914} INFO - Processing file /home/airflow/.local/lib/python3.12/site-packages/airflow/example_dags/example_dataset_alias.py for tasks to queue
[2024-10-07T14:53:32.744+0000] {logging_mixin.py:190} INFO - [2024-10-07T14:53:32.743+0000] {dagbag.py:588} INFO - Filling up the DagBag from /home/airflow/.local/lib/python3.12/site-packages/airflow/example_dags/example_dataset_alias.py
[2024-10-07T14:53:32.896+0000] {processor.py:925} INFO - DAG(s) 'dataset_alias_example_alias_consumer', 'dataset_alias_example_alias_producer', 'dataset_s3_bucket_producer', 'dataset_s3_bucket_consumer' retrieved from /home/airflow/.local/lib/python3.12/site-packages/airflow/example_dags/example_dataset_alias.py
[2024-10-07T14:53:32.923+0000] {logging_mixin.py:190} INFO - [2024-10-07T14:53:32.923+0000] {dag.py:3239} INFO - Sync 4 DAGs
[2024-10-07T14:53:32.945+0000] {logging_mixin.py:190} INFO - [2024-10-07T14:53:32.945+0000] {dag.py:4180} INFO - Setting next_dagrun for dataset_alias_example_alias_consumer to None, run_after=None
[2024-10-07T14:53:32.949+0000] {logging_mixin.py:190} INFO - [2024-10-07T14:53:32.949+0000] {dag.py:4180} INFO - Setting next_dagrun for dataset_alias_example_alias_producer to None, run_after=None
[2024-10-07T14:53:32.952+0000] {logging_mixin.py:190} INFO - [2024-10-07T14:53:32.952+0000] {dag.py:4180} INFO - Setting next_dagrun for dataset_s3_bucket_consumer to None, run_after=None
[2024-10-07T14:53:32.954+0000] {logging_mixin.py:190} INFO - [2024-10-07T14:53:32.954+0000] {dag.py:4180} INFO - Setting next_dagrun for dataset_s3_bucket_producer to None, run_after=None
[2024-10-07T14:53:32.978+0000] {processor.py:208} INFO - Processing /home/airflow/.local/lib/python3.12/site-packages/airflow/example_dags/example_dataset_alias.py took 0.245 seconds
