[2024-10-07T14:43:14.407+0000] {processor.py:186} INFO - Started process (PID=79) to work on /home/airflow/.local/lib/python3.12/site-packages/airflow/example_dags/tutorial.py
[2024-10-07T14:43:14.411+0000] {processor.py:914} INFO - Processing file /home/airflow/.local/lib/python3.12/site-packages/airflow/example_dags/tutorial.py for tasks to queue
[2024-10-07T14:43:14.416+0000] {logging_mixin.py:190} INFO - [2024-10-07T14:43:14.416+0000] {dagbag.py:588} INFO - Filling up the DagBag from /home/airflow/.local/lib/python3.12/site-packages/airflow/example_dags/tutorial.py
[2024-10-07T14:43:14.454+0000] {processor.py:925} INFO - DAG(s) 'tutorial' retrieved from /home/airflow/.local/lib/python3.12/site-packages/airflow/example_dags/tutorial.py
[2024-10-07T14:43:15.107+0000] {logging_mixin.py:190} INFO - [2024-10-07T14:43:15.105+0000] {override.py:1900} INFO - Created Permission View: can read on DAG:tutorial
[2024-10-07T14:43:15.130+0000] {logging_mixin.py:190} INFO - [2024-10-07T14:43:15.129+0000] {override.py:1900} INFO - Created Permission View: can delete on DAG:tutorial
[2024-10-07T14:43:15.143+0000] {logging_mixin.py:190} INFO - [2024-10-07T14:43:15.142+0000] {override.py:1900} INFO - Created Permission View: can edit on DAG:tutorial
[2024-10-07T14:43:15.157+0000] {logging_mixin.py:190} INFO - [2024-10-07T14:43:15.157+0000] {override.py:1900} INFO - Created Permission View: can read on DAG Run:tutorial
[2024-10-07T14:43:15.171+0000] {logging_mixin.py:190} INFO - [2024-10-07T14:43:15.171+0000] {override.py:1900} INFO - Created Permission View: can create on DAG Run:tutorial
[2024-10-07T14:43:15.186+0000] {logging_mixin.py:190} INFO - [2024-10-07T14:43:15.186+0000] {override.py:1900} INFO - Created Permission View: menu access on DAG Run:tutorial
[2024-10-07T14:43:15.201+0000] {logging_mixin.py:190} INFO - [2024-10-07T14:43:15.201+0000] {override.py:1900} INFO - Created Permission View: can delete on DAG Run:tutorial
[2024-10-07T14:43:15.203+0000] {logging_mixin.py:190} INFO - [2024-10-07T14:43:15.202+0000] {dag.py:3239} INFO - Sync 1 DAGs
[2024-10-07T14:43:15.263+0000] {logging_mixin.py:190} INFO - [2024-10-07T14:43:15.263+0000] {dag.py:3262} INFO - Creating ORM DAG for tutorial
[2024-10-07T14:43:15.312+0000] {logging_mixin.py:190} INFO - [2024-10-07T14:43:15.311+0000] {dag.py:4180} INFO - Setting next_dagrun for tutorial to 2024-10-06 00:00:00+00:00, run_after=2024-10-07 00:00:00+00:00
[2024-10-07T14:43:15.385+0000] {processor.py:208} INFO - Processing /home/airflow/.local/lib/python3.12/site-packages/airflow/example_dags/tutorial.py took 1.001 seconds
[2024-10-07T14:43:45.623+0000] {processor.py:186} INFO - Started process (PID=140) to work on /home/airflow/.local/lib/python3.12/site-packages/airflow/example_dags/tutorial.py
[2024-10-07T14:43:45.625+0000] {processor.py:914} INFO - Processing file /home/airflow/.local/lib/python3.12/site-packages/airflow/example_dags/tutorial.py for tasks to queue
[2024-10-07T14:43:45.631+0000] {logging_mixin.py:190} INFO - [2024-10-07T14:43:45.630+0000] {dagbag.py:588} INFO - Filling up the DagBag from /home/airflow/.local/lib/python3.12/site-packages/airflow/example_dags/tutorial.py
[2024-10-07T14:43:45.643+0000] {processor.py:925} INFO - DAG(s) 'tutorial' retrieved from /home/airflow/.local/lib/python3.12/site-packages/airflow/example_dags/tutorial.py
[2024-10-07T14:43:45.668+0000] {logging_mixin.py:190} INFO - [2024-10-07T14:43:45.668+0000] {dag.py:3239} INFO - Sync 1 DAGs
[2024-10-07T14:43:45.697+0000] {logging_mixin.py:190} INFO - [2024-10-07T14:43:45.697+0000] {dag.py:4180} INFO - Setting next_dagrun for tutorial to 2024-10-06 00:00:00+00:00, run_after=2024-10-07 00:00:00+00:00
[2024-10-07T14:43:45.716+0000] {processor.py:208} INFO - Processing /home/airflow/.local/lib/python3.12/site-packages/airflow/example_dags/tutorial.py took 0.104 seconds
[2024-10-07T14:44:16.611+0000] {processor.py:186} INFO - Started process (PID=203) to work on /home/airflow/.local/lib/python3.12/site-packages/airflow/example_dags/tutorial.py
[2024-10-07T14:44:16.613+0000] {processor.py:914} INFO - Processing file /home/airflow/.local/lib/python3.12/site-packages/airflow/example_dags/tutorial.py for tasks to queue
[2024-10-07T14:44:16.617+0000] {logging_mixin.py:190} INFO - [2024-10-07T14:44:16.617+0000] {dagbag.py:588} INFO - Filling up the DagBag from /home/airflow/.local/lib/python3.12/site-packages/airflow/example_dags/tutorial.py
[2024-10-07T14:44:16.625+0000] {processor.py:925} INFO - DAG(s) 'tutorial' retrieved from /home/airflow/.local/lib/python3.12/site-packages/airflow/example_dags/tutorial.py
[2024-10-07T14:44:16.646+0000] {logging_mixin.py:190} INFO - [2024-10-07T14:44:16.645+0000] {dag.py:3239} INFO - Sync 1 DAGs
[2024-10-07T14:44:16.668+0000] {logging_mixin.py:190} INFO - [2024-10-07T14:44:16.668+0000] {dag.py:4180} INFO - Setting next_dagrun for tutorial to 2024-10-06 00:00:00+00:00, run_after=2024-10-07 00:00:00+00:00
[2024-10-07T14:44:16.689+0000] {processor.py:208} INFO - Processing /home/airflow/.local/lib/python3.12/site-packages/airflow/example_dags/tutorial.py took 0.087 seconds
[2024-10-07T14:44:47.599+0000] {processor.py:186} INFO - Started process (PID=265) to work on /home/airflow/.local/lib/python3.12/site-packages/airflow/example_dags/tutorial.py
[2024-10-07T14:44:47.601+0000] {processor.py:914} INFO - Processing file /home/airflow/.local/lib/python3.12/site-packages/airflow/example_dags/tutorial.py for tasks to queue
[2024-10-07T14:44:47.606+0000] {logging_mixin.py:190} INFO - [2024-10-07T14:44:47.605+0000] {dagbag.py:588} INFO - Filling up the DagBag from /home/airflow/.local/lib/python3.12/site-packages/airflow/example_dags/tutorial.py
[2024-10-07T14:44:47.615+0000] {processor.py:925} INFO - DAG(s) 'tutorial' retrieved from /home/airflow/.local/lib/python3.12/site-packages/airflow/example_dags/tutorial.py
[2024-10-07T14:44:47.643+0000] {logging_mixin.py:190} INFO - [2024-10-07T14:44:47.642+0000] {dag.py:3239} INFO - Sync 1 DAGs
[2024-10-07T14:44:47.668+0000] {logging_mixin.py:190} INFO - [2024-10-07T14:44:47.667+0000] {dag.py:4180} INFO - Setting next_dagrun for tutorial to 2024-10-06 00:00:00+00:00, run_after=2024-10-07 00:00:00+00:00
[2024-10-07T14:44:47.688+0000] {processor.py:208} INFO - Processing /home/airflow/.local/lib/python3.12/site-packages/airflow/example_dags/tutorial.py took 0.100 seconds
[2024-10-07T14:45:18.282+0000] {processor.py:186} INFO - Started process (PID=326) to work on /home/airflow/.local/lib/python3.12/site-packages/airflow/example_dags/tutorial.py
[2024-10-07T14:45:18.284+0000] {processor.py:914} INFO - Processing file /home/airflow/.local/lib/python3.12/site-packages/airflow/example_dags/tutorial.py for tasks to queue
[2024-10-07T14:45:18.288+0000] {logging_mixin.py:190} INFO - [2024-10-07T14:45:18.288+0000] {dagbag.py:588} INFO - Filling up the DagBag from /home/airflow/.local/lib/python3.12/site-packages/airflow/example_dags/tutorial.py
[2024-10-07T14:45:18.296+0000] {processor.py:925} INFO - DAG(s) 'tutorial' retrieved from /home/airflow/.local/lib/python3.12/site-packages/airflow/example_dags/tutorial.py
[2024-10-07T14:45:18.320+0000] {logging_mixin.py:190} INFO - [2024-10-07T14:45:18.320+0000] {dag.py:3239} INFO - Sync 1 DAGs
[2024-10-07T14:45:18.345+0000] {logging_mixin.py:190} INFO - [2024-10-07T14:45:18.345+0000] {dag.py:4180} INFO - Setting next_dagrun for tutorial to 2024-10-06 00:00:00+00:00, run_after=2024-10-07 00:00:00+00:00
[2024-10-07T14:45:18.365+0000] {processor.py:208} INFO - Processing /home/airflow/.local/lib/python3.12/site-packages/airflow/example_dags/tutorial.py took 0.088 seconds
[2024-10-07T14:45:48.584+0000] {processor.py:186} INFO - Started process (PID=389) to work on /home/airflow/.local/lib/python3.12/site-packages/airflow/example_dags/tutorial.py
[2024-10-07T14:45:48.587+0000] {processor.py:914} INFO - Processing file /home/airflow/.local/lib/python3.12/site-packages/airflow/example_dags/tutorial.py for tasks to queue
[2024-10-07T14:45:48.590+0000] {logging_mixin.py:190} INFO - [2024-10-07T14:45:48.590+0000] {dagbag.py:588} INFO - Filling up the DagBag from /home/airflow/.local/lib/python3.12/site-packages/airflow/example_dags/tutorial.py
[2024-10-07T14:45:48.600+0000] {processor.py:925} INFO - DAG(s) 'tutorial' retrieved from /home/airflow/.local/lib/python3.12/site-packages/airflow/example_dags/tutorial.py
[2024-10-07T14:45:48.624+0000] {logging_mixin.py:190} INFO - [2024-10-07T14:45:48.623+0000] {dag.py:3239} INFO - Sync 1 DAGs
[2024-10-07T14:45:48.650+0000] {logging_mixin.py:190} INFO - [2024-10-07T14:45:48.650+0000] {dag.py:4180} INFO - Setting next_dagrun for tutorial to 2024-10-06 00:00:00+00:00, run_after=2024-10-07 00:00:00+00:00
[2024-10-07T14:45:48.676+0000] {processor.py:208} INFO - Processing /home/airflow/.local/lib/python3.12/site-packages/airflow/example_dags/tutorial.py took 0.099 seconds
[2024-10-07T14:46:19.445+0000] {processor.py:186} INFO - Started process (PID=451) to work on /home/airflow/.local/lib/python3.12/site-packages/airflow/example_dags/tutorial.py
[2024-10-07T14:46:19.447+0000] {processor.py:914} INFO - Processing file /home/airflow/.local/lib/python3.12/site-packages/airflow/example_dags/tutorial.py for tasks to queue
[2024-10-07T14:46:19.453+0000] {logging_mixin.py:190} INFO - [2024-10-07T14:46:19.453+0000] {dagbag.py:588} INFO - Filling up the DagBag from /home/airflow/.local/lib/python3.12/site-packages/airflow/example_dags/tutorial.py
[2024-10-07T14:46:19.466+0000] {processor.py:925} INFO - DAG(s) 'tutorial' retrieved from /home/airflow/.local/lib/python3.12/site-packages/airflow/example_dags/tutorial.py
[2024-10-07T14:46:19.492+0000] {logging_mixin.py:190} INFO - [2024-10-07T14:46:19.492+0000] {dag.py:3239} INFO - Sync 1 DAGs
[2024-10-07T14:46:19.531+0000] {logging_mixin.py:190} INFO - [2024-10-07T14:46:19.531+0000] {dag.py:4180} INFO - Setting next_dagrun for tutorial to 2024-10-06 00:00:00+00:00, run_after=2024-10-07 00:00:00+00:00
[2024-10-07T14:46:19.563+0000] {processor.py:208} INFO - Processing /home/airflow/.local/lib/python3.12/site-packages/airflow/example_dags/tutorial.py took 0.128 seconds
[2024-10-07T14:46:49.742+0000] {processor.py:186} INFO - Started process (PID=513) to work on /home/airflow/.local/lib/python3.12/site-packages/airflow/example_dags/tutorial.py
[2024-10-07T14:46:49.745+0000] {processor.py:914} INFO - Processing file /home/airflow/.local/lib/python3.12/site-packages/airflow/example_dags/tutorial.py for tasks to queue
[2024-10-07T14:46:49.750+0000] {logging_mixin.py:190} INFO - [2024-10-07T14:46:49.750+0000] {dagbag.py:588} INFO - Filling up the DagBag from /home/airflow/.local/lib/python3.12/site-packages/airflow/example_dags/tutorial.py
[2024-10-07T14:46:49.760+0000] {processor.py:925} INFO - DAG(s) 'tutorial' retrieved from /home/airflow/.local/lib/python3.12/site-packages/airflow/example_dags/tutorial.py
[2024-10-07T14:46:49.782+0000] {logging_mixin.py:190} INFO - [2024-10-07T14:46:49.782+0000] {dag.py:3239} INFO - Sync 1 DAGs
[2024-10-07T14:46:49.808+0000] {logging_mixin.py:190} INFO - [2024-10-07T14:46:49.808+0000] {dag.py:4180} INFO - Setting next_dagrun for tutorial to 2024-10-06 00:00:00+00:00, run_after=2024-10-07 00:00:00+00:00
[2024-10-07T14:46:49.833+0000] {processor.py:208} INFO - Processing /home/airflow/.local/lib/python3.12/site-packages/airflow/example_dags/tutorial.py took 0.103 seconds
[2024-10-07T14:47:20.362+0000] {processor.py:186} INFO - Started process (PID=575) to work on /home/airflow/.local/lib/python3.12/site-packages/airflow/example_dags/tutorial.py
[2024-10-07T14:47:20.364+0000] {processor.py:914} INFO - Processing file /home/airflow/.local/lib/python3.12/site-packages/airflow/example_dags/tutorial.py for tasks to queue
[2024-10-07T14:47:20.367+0000] {logging_mixin.py:190} INFO - [2024-10-07T14:47:20.367+0000] {dagbag.py:588} INFO - Filling up the DagBag from /home/airflow/.local/lib/python3.12/site-packages/airflow/example_dags/tutorial.py
[2024-10-07T14:47:20.375+0000] {processor.py:925} INFO - DAG(s) 'tutorial' retrieved from /home/airflow/.local/lib/python3.12/site-packages/airflow/example_dags/tutorial.py
[2024-10-07T14:47:20.395+0000] {logging_mixin.py:190} INFO - [2024-10-07T14:47:20.395+0000] {dag.py:3239} INFO - Sync 1 DAGs
[2024-10-07T14:47:20.418+0000] {logging_mixin.py:190} INFO - [2024-10-07T14:47:20.418+0000] {dag.py:4180} INFO - Setting next_dagrun for tutorial to 2024-10-06 00:00:00+00:00, run_after=2024-10-07 00:00:00+00:00
[2024-10-07T14:47:20.440+0000] {processor.py:208} INFO - Processing /home/airflow/.local/lib/python3.12/site-packages/airflow/example_dags/tutorial.py took 0.084 seconds
[2024-10-07T14:47:50.698+0000] {processor.py:186} INFO - Started process (PID=637) to work on /home/airflow/.local/lib/python3.12/site-packages/airflow/example_dags/tutorial.py
[2024-10-07T14:47:50.701+0000] {processor.py:914} INFO - Processing file /home/airflow/.local/lib/python3.12/site-packages/airflow/example_dags/tutorial.py for tasks to queue
[2024-10-07T14:47:50.706+0000] {logging_mixin.py:190} INFO - [2024-10-07T14:47:50.706+0000] {dagbag.py:588} INFO - Filling up the DagBag from /home/airflow/.local/lib/python3.12/site-packages/airflow/example_dags/tutorial.py
[2024-10-07T14:47:50.720+0000] {processor.py:925} INFO - DAG(s) 'tutorial' retrieved from /home/airflow/.local/lib/python3.12/site-packages/airflow/example_dags/tutorial.py
[2024-10-07T14:47:50.752+0000] {logging_mixin.py:190} INFO - [2024-10-07T14:47:50.752+0000] {dag.py:3239} INFO - Sync 1 DAGs
[2024-10-07T14:47:50.774+0000] {logging_mixin.py:190} INFO - [2024-10-07T14:47:50.774+0000] {dag.py:4180} INFO - Setting next_dagrun for tutorial to 2024-10-06 00:00:00+00:00, run_after=2024-10-07 00:00:00+00:00
[2024-10-07T14:47:50.795+0000] {processor.py:208} INFO - Processing /home/airflow/.local/lib/python3.12/site-packages/airflow/example_dags/tutorial.py took 0.108 seconds
[2024-10-07T14:48:21.462+0000] {processor.py:186} INFO - Started process (PID=699) to work on /home/airflow/.local/lib/python3.12/site-packages/airflow/example_dags/tutorial.py
[2024-10-07T14:48:21.466+0000] {processor.py:914} INFO - Processing file /home/airflow/.local/lib/python3.12/site-packages/airflow/example_dags/tutorial.py for tasks to queue
[2024-10-07T14:48:21.471+0000] {logging_mixin.py:190} INFO - [2024-10-07T14:48:21.470+0000] {dagbag.py:588} INFO - Filling up the DagBag from /home/airflow/.local/lib/python3.12/site-packages/airflow/example_dags/tutorial.py
[2024-10-07T14:48:21.481+0000] {processor.py:925} INFO - DAG(s) 'tutorial' retrieved from /home/airflow/.local/lib/python3.12/site-packages/airflow/example_dags/tutorial.py
[2024-10-07T14:48:21.504+0000] {logging_mixin.py:190} INFO - [2024-10-07T14:48:21.503+0000] {dag.py:3239} INFO - Sync 1 DAGs
[2024-10-07T14:48:21.528+0000] {logging_mixin.py:190} INFO - [2024-10-07T14:48:21.528+0000] {dag.py:4180} INFO - Setting next_dagrun for tutorial to 2024-10-06 00:00:00+00:00, run_after=2024-10-07 00:00:00+00:00
[2024-10-07T14:48:21.546+0000] {processor.py:208} INFO - Processing /home/airflow/.local/lib/python3.12/site-packages/airflow/example_dags/tutorial.py took 0.098 seconds
[2024-10-07T14:48:51.775+0000] {processor.py:186} INFO - Started process (PID=761) to work on /home/airflow/.local/lib/python3.12/site-packages/airflow/example_dags/tutorial.py
[2024-10-07T14:48:51.778+0000] {processor.py:914} INFO - Processing file /home/airflow/.local/lib/python3.12/site-packages/airflow/example_dags/tutorial.py for tasks to queue
[2024-10-07T14:48:51.783+0000] {logging_mixin.py:190} INFO - [2024-10-07T14:48:51.783+0000] {dagbag.py:588} INFO - Filling up the DagBag from /home/airflow/.local/lib/python3.12/site-packages/airflow/example_dags/tutorial.py
[2024-10-07T14:48:51.793+0000] {processor.py:925} INFO - DAG(s) 'tutorial' retrieved from /home/airflow/.local/lib/python3.12/site-packages/airflow/example_dags/tutorial.py
[2024-10-07T14:48:51.813+0000] {logging_mixin.py:190} INFO - [2024-10-07T14:48:51.812+0000] {dag.py:3239} INFO - Sync 1 DAGs
[2024-10-07T14:48:51.835+0000] {logging_mixin.py:190} INFO - [2024-10-07T14:48:51.835+0000] {dag.py:4180} INFO - Setting next_dagrun for tutorial to 2024-10-06 00:00:00+00:00, run_after=2024-10-07 00:00:00+00:00
[2024-10-07T14:48:51.855+0000] {processor.py:208} INFO - Processing /home/airflow/.local/lib/python3.12/site-packages/airflow/example_dags/tutorial.py took 0.089 seconds
[2024-10-07T14:49:21.953+0000] {processor.py:186} INFO - Started process (PID=822) to work on /home/airflow/.local/lib/python3.12/site-packages/airflow/example_dags/tutorial.py
[2024-10-07T14:49:21.954+0000] {processor.py:914} INFO - Processing file /home/airflow/.local/lib/python3.12/site-packages/airflow/example_dags/tutorial.py for tasks to queue
[2024-10-07T14:49:21.958+0000] {logging_mixin.py:190} INFO - [2024-10-07T14:49:21.957+0000] {dagbag.py:588} INFO - Filling up the DagBag from /home/airflow/.local/lib/python3.12/site-packages/airflow/example_dags/tutorial.py
[2024-10-07T14:49:21.969+0000] {processor.py:925} INFO - DAG(s) 'tutorial' retrieved from /home/airflow/.local/lib/python3.12/site-packages/airflow/example_dags/tutorial.py
[2024-10-07T14:49:21.989+0000] {logging_mixin.py:190} INFO - [2024-10-07T14:49:21.989+0000] {dag.py:3239} INFO - Sync 1 DAGs
[2024-10-07T14:49:22.012+0000] {logging_mixin.py:190} INFO - [2024-10-07T14:49:22.012+0000] {dag.py:4180} INFO - Setting next_dagrun for tutorial to 2024-10-06 00:00:00+00:00, run_after=2024-10-07 00:00:00+00:00
[2024-10-07T14:49:22.033+0000] {processor.py:208} INFO - Processing /home/airflow/.local/lib/python3.12/site-packages/airflow/example_dags/tutorial.py took 0.086 seconds
[2024-10-07T14:49:52.449+0000] {processor.py:186} INFO - Started process (PID=885) to work on /home/airflow/.local/lib/python3.12/site-packages/airflow/example_dags/tutorial.py
[2024-10-07T14:49:52.451+0000] {processor.py:914} INFO - Processing file /home/airflow/.local/lib/python3.12/site-packages/airflow/example_dags/tutorial.py for tasks to queue
[2024-10-07T14:49:52.456+0000] {logging_mixin.py:190} INFO - [2024-10-07T14:49:52.455+0000] {dagbag.py:588} INFO - Filling up the DagBag from /home/airflow/.local/lib/python3.12/site-packages/airflow/example_dags/tutorial.py
[2024-10-07T14:49:52.468+0000] {processor.py:925} INFO - DAG(s) 'tutorial' retrieved from /home/airflow/.local/lib/python3.12/site-packages/airflow/example_dags/tutorial.py
[2024-10-07T14:49:52.494+0000] {logging_mixin.py:190} INFO - [2024-10-07T14:49:52.494+0000] {dag.py:3239} INFO - Sync 1 DAGs
[2024-10-07T14:49:52.523+0000] {logging_mixin.py:190} INFO - [2024-10-07T14:49:52.523+0000] {dag.py:4180} INFO - Setting next_dagrun for tutorial to 2024-10-06 00:00:00+00:00, run_after=2024-10-07 00:00:00+00:00
[2024-10-07T14:49:52.544+0000] {processor.py:208} INFO - Processing /home/airflow/.local/lib/python3.12/site-packages/airflow/example_dags/tutorial.py took 0.103 seconds
[2024-10-07T14:50:23.617+0000] {processor.py:186} INFO - Started process (PID=947) to work on /home/airflow/.local/lib/python3.12/site-packages/airflow/example_dags/tutorial.py
[2024-10-07T14:50:23.619+0000] {processor.py:914} INFO - Processing file /home/airflow/.local/lib/python3.12/site-packages/airflow/example_dags/tutorial.py for tasks to queue
[2024-10-07T14:50:23.623+0000] {logging_mixin.py:190} INFO - [2024-10-07T14:50:23.622+0000] {dagbag.py:588} INFO - Filling up the DagBag from /home/airflow/.local/lib/python3.12/site-packages/airflow/example_dags/tutorial.py
[2024-10-07T14:50:23.632+0000] {processor.py:925} INFO - DAG(s) 'tutorial' retrieved from /home/airflow/.local/lib/python3.12/site-packages/airflow/example_dags/tutorial.py
[2024-10-07T14:50:23.659+0000] {logging_mixin.py:190} INFO - [2024-10-07T14:50:23.659+0000] {dag.py:3239} INFO - Sync 1 DAGs
[2024-10-07T14:50:23.682+0000] {logging_mixin.py:190} INFO - [2024-10-07T14:50:23.682+0000] {dag.py:4180} INFO - Setting next_dagrun for tutorial to 2024-10-06 00:00:00+00:00, run_after=2024-10-07 00:00:00+00:00
[2024-10-07T14:50:23.706+0000] {processor.py:208} INFO - Processing /home/airflow/.local/lib/python3.12/site-packages/airflow/example_dags/tutorial.py took 0.098 seconds
[2024-10-07T14:50:53.866+0000] {processor.py:186} INFO - Started process (PID=1009) to work on /home/airflow/.local/lib/python3.12/site-packages/airflow/example_dags/tutorial.py
[2024-10-07T14:50:53.868+0000] {processor.py:914} INFO - Processing file /home/airflow/.local/lib/python3.12/site-packages/airflow/example_dags/tutorial.py for tasks to queue
[2024-10-07T14:50:53.871+0000] {logging_mixin.py:190} INFO - [2024-10-07T14:50:53.871+0000] {dagbag.py:588} INFO - Filling up the DagBag from /home/airflow/.local/lib/python3.12/site-packages/airflow/example_dags/tutorial.py
[2024-10-07T14:50:53.884+0000] {processor.py:925} INFO - DAG(s) 'tutorial' retrieved from /home/airflow/.local/lib/python3.12/site-packages/airflow/example_dags/tutorial.py
[2024-10-07T14:50:53.906+0000] {logging_mixin.py:190} INFO - [2024-10-07T14:50:53.905+0000] {dag.py:3239} INFO - Sync 1 DAGs
[2024-10-07T14:50:53.933+0000] {logging_mixin.py:190} INFO - [2024-10-07T14:50:53.932+0000] {dag.py:4180} INFO - Setting next_dagrun for tutorial to 2024-10-06 00:00:00+00:00, run_after=2024-10-07 00:00:00+00:00
[2024-10-07T14:50:53.954+0000] {processor.py:208} INFO - Processing /home/airflow/.local/lib/python3.12/site-packages/airflow/example_dags/tutorial.py took 0.095 seconds
[2024-10-07T14:51:24.233+0000] {processor.py:186} INFO - Started process (PID=1071) to work on /home/airflow/.local/lib/python3.12/site-packages/airflow/example_dags/tutorial.py
[2024-10-07T14:51:24.236+0000] {processor.py:914} INFO - Processing file /home/airflow/.local/lib/python3.12/site-packages/airflow/example_dags/tutorial.py for tasks to queue
[2024-10-07T14:51:24.242+0000] {logging_mixin.py:190} INFO - [2024-10-07T14:51:24.241+0000] {dagbag.py:588} INFO - Filling up the DagBag from /home/airflow/.local/lib/python3.12/site-packages/airflow/example_dags/tutorial.py
[2024-10-07T14:51:24.258+0000] {processor.py:925} INFO - DAG(s) 'tutorial' retrieved from /home/airflow/.local/lib/python3.12/site-packages/airflow/example_dags/tutorial.py
[2024-10-07T14:51:24.290+0000] {logging_mixin.py:190} INFO - [2024-10-07T14:51:24.290+0000] {dag.py:3239} INFO - Sync 1 DAGs
[2024-10-07T14:51:24.318+0000] {logging_mixin.py:190} INFO - [2024-10-07T14:51:24.318+0000] {dag.py:4180} INFO - Setting next_dagrun for tutorial to 2024-10-06 00:00:00+00:00, run_after=2024-10-07 00:00:00+00:00
[2024-10-07T14:51:24.341+0000] {processor.py:208} INFO - Processing /home/airflow/.local/lib/python3.12/site-packages/airflow/example_dags/tutorial.py took 0.117 seconds
[2024-10-07T14:51:54.476+0000] {processor.py:186} INFO - Started process (PID=1133) to work on /home/airflow/.local/lib/python3.12/site-packages/airflow/example_dags/tutorial.py
[2024-10-07T14:51:54.477+0000] {processor.py:914} INFO - Processing file /home/airflow/.local/lib/python3.12/site-packages/airflow/example_dags/tutorial.py for tasks to queue
[2024-10-07T14:51:54.480+0000] {logging_mixin.py:190} INFO - [2024-10-07T14:51:54.480+0000] {dagbag.py:588} INFO - Filling up the DagBag from /home/airflow/.local/lib/python3.12/site-packages/airflow/example_dags/tutorial.py
[2024-10-07T14:51:54.488+0000] {processor.py:925} INFO - DAG(s) 'tutorial' retrieved from /home/airflow/.local/lib/python3.12/site-packages/airflow/example_dags/tutorial.py
[2024-10-07T14:51:54.508+0000] {logging_mixin.py:190} INFO - [2024-10-07T14:51:54.508+0000] {dag.py:3239} INFO - Sync 1 DAGs
[2024-10-07T14:51:54.530+0000] {logging_mixin.py:190} INFO - [2024-10-07T14:51:54.530+0000] {dag.py:4180} INFO - Setting next_dagrun for tutorial to 2024-10-06 00:00:00+00:00, run_after=2024-10-07 00:00:00+00:00
[2024-10-07T14:51:54.551+0000] {processor.py:208} INFO - Processing /home/airflow/.local/lib/python3.12/site-packages/airflow/example_dags/tutorial.py took 0.080 seconds
[2024-10-07T14:52:25.249+0000] {processor.py:186} INFO - Started process (PID=1195) to work on /home/airflow/.local/lib/python3.12/site-packages/airflow/example_dags/tutorial.py
[2024-10-07T14:52:25.250+0000] {processor.py:914} INFO - Processing file /home/airflow/.local/lib/python3.12/site-packages/airflow/example_dags/tutorial.py for tasks to queue
[2024-10-07T14:52:25.254+0000] {logging_mixin.py:190} INFO - [2024-10-07T14:52:25.254+0000] {dagbag.py:588} INFO - Filling up the DagBag from /home/airflow/.local/lib/python3.12/site-packages/airflow/example_dags/tutorial.py
[2024-10-07T14:52:25.264+0000] {processor.py:925} INFO - DAG(s) 'tutorial' retrieved from /home/airflow/.local/lib/python3.12/site-packages/airflow/example_dags/tutorial.py
[2024-10-07T14:52:25.283+0000] {logging_mixin.py:190} INFO - [2024-10-07T14:52:25.283+0000] {dag.py:3239} INFO - Sync 1 DAGs
[2024-10-07T14:52:25.306+0000] {logging_mixin.py:190} INFO - [2024-10-07T14:52:25.306+0000] {dag.py:4180} INFO - Setting next_dagrun for tutorial to 2024-10-06 00:00:00+00:00, run_after=2024-10-07 00:00:00+00:00
[2024-10-07T14:52:25.329+0000] {processor.py:208} INFO - Processing /home/airflow/.local/lib/python3.12/site-packages/airflow/example_dags/tutorial.py took 0.091 seconds
[2024-10-07T14:52:55.637+0000] {processor.py:186} INFO - Started process (PID=1257) to work on /home/airflow/.local/lib/python3.12/site-packages/airflow/example_dags/tutorial.py
[2024-10-07T14:52:55.639+0000] {processor.py:914} INFO - Processing file /home/airflow/.local/lib/python3.12/site-packages/airflow/example_dags/tutorial.py for tasks to queue
[2024-10-07T14:52:55.642+0000] {logging_mixin.py:190} INFO - [2024-10-07T14:52:55.642+0000] {dagbag.py:588} INFO - Filling up the DagBag from /home/airflow/.local/lib/python3.12/site-packages/airflow/example_dags/tutorial.py
[2024-10-07T14:52:55.652+0000] {processor.py:925} INFO - DAG(s) 'tutorial' retrieved from /home/airflow/.local/lib/python3.12/site-packages/airflow/example_dags/tutorial.py
[2024-10-07T14:52:55.673+0000] {logging_mixin.py:190} INFO - [2024-10-07T14:52:55.673+0000] {dag.py:3239} INFO - Sync 1 DAGs
[2024-10-07T14:52:55.697+0000] {logging_mixin.py:190} INFO - [2024-10-07T14:52:55.697+0000] {dag.py:4180} INFO - Setting next_dagrun for tutorial to 2024-10-06 00:00:00+00:00, run_after=2024-10-07 00:00:00+00:00
[2024-10-07T14:52:55.721+0000] {processor.py:208} INFO - Processing /home/airflow/.local/lib/python3.12/site-packages/airflow/example_dags/tutorial.py took 0.092 seconds
[2024-10-07T14:53:26.147+0000] {processor.py:186} INFO - Started process (PID=1320) to work on /home/airflow/.local/lib/python3.12/site-packages/airflow/example_dags/tutorial.py
[2024-10-07T14:53:26.150+0000] {processor.py:914} INFO - Processing file /home/airflow/.local/lib/python3.12/site-packages/airflow/example_dags/tutorial.py for tasks to queue
[2024-10-07T14:53:26.152+0000] {logging_mixin.py:190} INFO - [2024-10-07T14:53:26.152+0000] {dagbag.py:588} INFO - Filling up the DagBag from /home/airflow/.local/lib/python3.12/site-packages/airflow/example_dags/tutorial.py
[2024-10-07T14:53:26.160+0000] {processor.py:925} INFO - DAG(s) 'tutorial' retrieved from /home/airflow/.local/lib/python3.12/site-packages/airflow/example_dags/tutorial.py
[2024-10-07T14:53:26.180+0000] {logging_mixin.py:190} INFO - [2024-10-07T14:53:26.179+0000] {dag.py:3239} INFO - Sync 1 DAGs
[2024-10-07T14:53:26.202+0000] {logging_mixin.py:190} INFO - [2024-10-07T14:53:26.202+0000] {dag.py:4180} INFO - Setting next_dagrun for tutorial to 2024-10-06 00:00:00+00:00, run_after=2024-10-07 00:00:00+00:00
[2024-10-07T14:53:26.221+0000] {processor.py:208} INFO - Processing /home/airflow/.local/lib/python3.12/site-packages/airflow/example_dags/tutorial.py took 0.080 seconds
