[2024-10-07T14:43:19.840+0000] {processor.py:186} INFO - Started process (PID=89) to work on /home/airflow/.local/lib/python3.12/site-packages/airflow/example_dags/tutorial_dag.py
[2024-10-07T14:43:19.842+0000] {processor.py:914} INFO - Processing file /home/airflow/.local/lib/python3.12/site-packages/airflow/example_dags/tutorial_dag.py for tasks to queue
[2024-10-07T14:43:19.847+0000] {logging_mixin.py:190} INFO - [2024-10-07T14:43:19.846+0000] {dagbag.py:588} INFO - Filling up the DagBag from /home/airflow/.local/lib/python3.12/site-packages/airflow/example_dags/tutorial_dag.py
[2024-10-07T14:43:19.862+0000] {processor.py:925} INFO - DAG(s) 'tutorial_dag' retrieved from /home/airflow/.local/lib/python3.12/site-packages/airflow/example_dags/tutorial_dag.py
[2024-10-07T14:43:20.162+0000] {logging_mixin.py:190} INFO - [2024-10-07T14:43:20.161+0000] {override.py:1900} INFO - Created Permission View: can read on DAG:tutorial_dag
[2024-10-07T14:43:20.182+0000] {logging_mixin.py:190} INFO - [2024-10-07T14:43:20.182+0000] {override.py:1900} INFO - Created Permission View: can delete on DAG:tutorial_dag
[2024-10-07T14:43:20.194+0000] {logging_mixin.py:190} INFO - [2024-10-07T14:43:20.194+0000] {override.py:1900} INFO - Created Permission View: can edit on DAG:tutorial_dag
[2024-10-07T14:43:20.211+0000] {logging_mixin.py:190} INFO - [2024-10-07T14:43:20.211+0000] {override.py:1900} INFO - Created Permission View: can read on DAG Run:tutorial_dag
[2024-10-07T14:43:20.226+0000] {logging_mixin.py:190} INFO - [2024-10-07T14:43:20.226+0000] {override.py:1900} INFO - Created Permission View: can create on DAG Run:tutorial_dag
[2024-10-07T14:43:20.239+0000] {logging_mixin.py:190} INFO - [2024-10-07T14:43:20.239+0000] {override.py:1900} INFO - Created Permission View: menu access on DAG Run:tutorial_dag
[2024-10-07T14:43:20.253+0000] {logging_mixin.py:190} INFO - [2024-10-07T14:43:20.253+0000] {override.py:1900} INFO - Created Permission View: can delete on DAG Run:tutorial_dag
[2024-10-07T14:43:20.255+0000] {logging_mixin.py:190} INFO - [2024-10-07T14:43:20.255+0000] {dag.py:3239} INFO - Sync 1 DAGs
[2024-10-07T14:43:20.287+0000] {logging_mixin.py:190} INFO - [2024-10-07T14:43:20.287+0000] {dag.py:3262} INFO - Creating ORM DAG for tutorial_dag
[2024-10-07T14:43:20.290+0000] {logging_mixin.py:190} INFO - [2024-10-07T14:43:20.289+0000] {dag.py:4180} INFO - Setting next_dagrun for tutorial_dag to None, run_after=None
[2024-10-07T14:43:20.322+0000] {processor.py:208} INFO - Processing /home/airflow/.local/lib/python3.12/site-packages/airflow/example_dags/tutorial_dag.py took 0.494 seconds
[2024-10-07T14:43:50.598+0000] {processor.py:186} INFO - Started process (PID=151) to work on /home/airflow/.local/lib/python3.12/site-packages/airflow/example_dags/tutorial_dag.py
[2024-10-07T14:43:50.600+0000] {processor.py:914} INFO - Processing file /home/airflow/.local/lib/python3.12/site-packages/airflow/example_dags/tutorial_dag.py for tasks to queue
[2024-10-07T14:43:50.605+0000] {logging_mixin.py:190} INFO - [2024-10-07T14:43:50.604+0000] {dagbag.py:588} INFO - Filling up the DagBag from /home/airflow/.local/lib/python3.12/site-packages/airflow/example_dags/tutorial_dag.py
[2024-10-07T14:43:50.619+0000] {processor.py:925} INFO - DAG(s) 'tutorial_dag' retrieved from /home/airflow/.local/lib/python3.12/site-packages/airflow/example_dags/tutorial_dag.py
[2024-10-07T14:43:50.647+0000] {logging_mixin.py:190} INFO - [2024-10-07T14:43:50.647+0000] {dag.py:3239} INFO - Sync 1 DAGs
[2024-10-07T14:43:50.669+0000] {logging_mixin.py:190} INFO - [2024-10-07T14:43:50.669+0000] {dag.py:4180} INFO - Setting next_dagrun for tutorial_dag to None, run_after=None
[2024-10-07T14:43:50.690+0000] {processor.py:208} INFO - Processing /home/airflow/.local/lib/python3.12/site-packages/airflow/example_dags/tutorial_dag.py took 0.102 seconds
[2024-10-07T14:44:21.683+0000] {processor.py:186} INFO - Started process (PID=213) to work on /home/airflow/.local/lib/python3.12/site-packages/airflow/example_dags/tutorial_dag.py
[2024-10-07T14:44:21.685+0000] {processor.py:914} INFO - Processing file /home/airflow/.local/lib/python3.12/site-packages/airflow/example_dags/tutorial_dag.py for tasks to queue
[2024-10-07T14:44:21.690+0000] {logging_mixin.py:190} INFO - [2024-10-07T14:44:21.689+0000] {dagbag.py:588} INFO - Filling up the DagBag from /home/airflow/.local/lib/python3.12/site-packages/airflow/example_dags/tutorial_dag.py
[2024-10-07T14:44:21.702+0000] {processor.py:925} INFO - DAG(s) 'tutorial_dag' retrieved from /home/airflow/.local/lib/python3.12/site-packages/airflow/example_dags/tutorial_dag.py
[2024-10-07T14:44:21.729+0000] {logging_mixin.py:190} INFO - [2024-10-07T14:44:21.728+0000] {dag.py:3239} INFO - Sync 1 DAGs
[2024-10-07T14:44:21.742+0000] {logging_mixin.py:190} INFO - [2024-10-07T14:44:21.742+0000] {dag.py:4180} INFO - Setting next_dagrun for tutorial_dag to None, run_after=None
[2024-10-07T14:44:21.768+0000] {processor.py:208} INFO - Processing /home/airflow/.local/lib/python3.12/site-packages/airflow/example_dags/tutorial_dag.py took 0.094 seconds
[2024-10-07T14:44:52.542+0000] {processor.py:186} INFO - Started process (PID=275) to work on /home/airflow/.local/lib/python3.12/site-packages/airflow/example_dags/tutorial_dag.py
[2024-10-07T14:44:52.543+0000] {processor.py:914} INFO - Processing file /home/airflow/.local/lib/python3.12/site-packages/airflow/example_dags/tutorial_dag.py for tasks to queue
[2024-10-07T14:44:52.546+0000] {logging_mixin.py:190} INFO - [2024-10-07T14:44:52.546+0000] {dagbag.py:588} INFO - Filling up the DagBag from /home/airflow/.local/lib/python3.12/site-packages/airflow/example_dags/tutorial_dag.py
[2024-10-07T14:44:52.554+0000] {processor.py:925} INFO - DAG(s) 'tutorial_dag' retrieved from /home/airflow/.local/lib/python3.12/site-packages/airflow/example_dags/tutorial_dag.py
[2024-10-07T14:44:52.574+0000] {logging_mixin.py:190} INFO - [2024-10-07T14:44:52.573+0000] {dag.py:3239} INFO - Sync 1 DAGs
[2024-10-07T14:44:52.588+0000] {logging_mixin.py:190} INFO - [2024-10-07T14:44:52.588+0000] {dag.py:4180} INFO - Setting next_dagrun for tutorial_dag to None, run_after=None
[2024-10-07T14:44:52.607+0000] {processor.py:208} INFO - Processing /home/airflow/.local/lib/python3.12/site-packages/airflow/example_dags/tutorial_dag.py took 0.074 seconds
[2024-10-07T14:45:23.375+0000] {processor.py:186} INFO - Started process (PID=336) to work on /home/airflow/.local/lib/python3.12/site-packages/airflow/example_dags/tutorial_dag.py
[2024-10-07T14:45:23.379+0000] {processor.py:914} INFO - Processing file /home/airflow/.local/lib/python3.12/site-packages/airflow/example_dags/tutorial_dag.py for tasks to queue
[2024-10-07T14:45:23.384+0000] {logging_mixin.py:190} INFO - [2024-10-07T14:45:23.383+0000] {dagbag.py:588} INFO - Filling up the DagBag from /home/airflow/.local/lib/python3.12/site-packages/airflow/example_dags/tutorial_dag.py
[2024-10-07T14:45:23.395+0000] {processor.py:925} INFO - DAG(s) 'tutorial_dag' retrieved from /home/airflow/.local/lib/python3.12/site-packages/airflow/example_dags/tutorial_dag.py
[2024-10-07T14:45:23.419+0000] {logging_mixin.py:190} INFO - [2024-10-07T14:45:23.419+0000] {dag.py:3239} INFO - Sync 1 DAGs
[2024-10-07T14:45:23.434+0000] {logging_mixin.py:190} INFO - [2024-10-07T14:45:23.433+0000] {dag.py:4180} INFO - Setting next_dagrun for tutorial_dag to None, run_after=None
[2024-10-07T14:45:23.454+0000] {processor.py:208} INFO - Processing /home/airflow/.local/lib/python3.12/site-packages/airflow/example_dags/tutorial_dag.py took 0.088 seconds
[2024-10-07T14:45:53.908+0000] {processor.py:186} INFO - Started process (PID=399) to work on /home/airflow/.local/lib/python3.12/site-packages/airflow/example_dags/tutorial_dag.py
[2024-10-07T14:45:53.911+0000] {processor.py:914} INFO - Processing file /home/airflow/.local/lib/python3.12/site-packages/airflow/example_dags/tutorial_dag.py for tasks to queue
[2024-10-07T14:45:53.916+0000] {logging_mixin.py:190} INFO - [2024-10-07T14:45:53.916+0000] {dagbag.py:588} INFO - Filling up the DagBag from /home/airflow/.local/lib/python3.12/site-packages/airflow/example_dags/tutorial_dag.py
[2024-10-07T14:45:53.930+0000] {processor.py:925} INFO - DAG(s) 'tutorial_dag' retrieved from /home/airflow/.local/lib/python3.12/site-packages/airflow/example_dags/tutorial_dag.py
[2024-10-07T14:45:53.954+0000] {logging_mixin.py:190} INFO - [2024-10-07T14:45:53.954+0000] {dag.py:3239} INFO - Sync 1 DAGs
[2024-10-07T14:45:53.970+0000] {logging_mixin.py:190} INFO - [2024-10-07T14:45:53.970+0000] {dag.py:4180} INFO - Setting next_dagrun for tutorial_dag to None, run_after=None
[2024-10-07T14:45:53.999+0000] {processor.py:208} INFO - Processing /home/airflow/.local/lib/python3.12/site-packages/airflow/example_dags/tutorial_dag.py took 0.103 seconds
[2024-10-07T14:46:24.347+0000] {processor.py:186} INFO - Started process (PID=461) to work on /home/airflow/.local/lib/python3.12/site-packages/airflow/example_dags/tutorial_dag.py
[2024-10-07T14:46:24.351+0000] {processor.py:914} INFO - Processing file /home/airflow/.local/lib/python3.12/site-packages/airflow/example_dags/tutorial_dag.py for tasks to queue
[2024-10-07T14:46:24.359+0000] {logging_mixin.py:190} INFO - [2024-10-07T14:46:24.357+0000] {dagbag.py:588} INFO - Filling up the DagBag from /home/airflow/.local/lib/python3.12/site-packages/airflow/example_dags/tutorial_dag.py
[2024-10-07T14:46:24.377+0000] {processor.py:925} INFO - DAG(s) 'tutorial_dag' retrieved from /home/airflow/.local/lib/python3.12/site-packages/airflow/example_dags/tutorial_dag.py
[2024-10-07T14:46:24.432+0000] {logging_mixin.py:190} INFO - [2024-10-07T14:46:24.431+0000] {dag.py:3239} INFO - Sync 1 DAGs
[2024-10-07T14:46:24.474+0000] {logging_mixin.py:190} INFO - [2024-10-07T14:46:24.473+0000] {dag.py:4180} INFO - Setting next_dagrun for tutorial_dag to None, run_after=None
[2024-10-07T14:46:24.529+0000] {processor.py:208} INFO - Processing /home/airflow/.local/lib/python3.12/site-packages/airflow/example_dags/tutorial_dag.py took 0.204 seconds
[2024-10-07T14:46:54.733+0000] {processor.py:186} INFO - Started process (PID=523) to work on /home/airflow/.local/lib/python3.12/site-packages/airflow/example_dags/tutorial_dag.py
[2024-10-07T14:46:54.735+0000] {processor.py:914} INFO - Processing file /home/airflow/.local/lib/python3.12/site-packages/airflow/example_dags/tutorial_dag.py for tasks to queue
[2024-10-07T14:46:54.738+0000] {logging_mixin.py:190} INFO - [2024-10-07T14:46:54.738+0000] {dagbag.py:588} INFO - Filling up the DagBag from /home/airflow/.local/lib/python3.12/site-packages/airflow/example_dags/tutorial_dag.py
[2024-10-07T14:46:54.746+0000] {processor.py:925} INFO - DAG(s) 'tutorial_dag' retrieved from /home/airflow/.local/lib/python3.12/site-packages/airflow/example_dags/tutorial_dag.py
[2024-10-07T14:46:54.765+0000] {logging_mixin.py:190} INFO - [2024-10-07T14:46:54.764+0000] {dag.py:3239} INFO - Sync 1 DAGs
[2024-10-07T14:46:54.779+0000] {logging_mixin.py:190} INFO - [2024-10-07T14:46:54.779+0000] {dag.py:4180} INFO - Setting next_dagrun for tutorial_dag to None, run_after=None
[2024-10-07T14:46:54.797+0000] {processor.py:208} INFO - Processing /home/airflow/.local/lib/python3.12/site-packages/airflow/example_dags/tutorial_dag.py took 0.070 seconds
[2024-10-07T14:47:25.235+0000] {processor.py:186} INFO - Started process (PID=585) to work on /home/airflow/.local/lib/python3.12/site-packages/airflow/example_dags/tutorial_dag.py
[2024-10-07T14:47:25.237+0000] {processor.py:914} INFO - Processing file /home/airflow/.local/lib/python3.12/site-packages/airflow/example_dags/tutorial_dag.py for tasks to queue
[2024-10-07T14:47:25.241+0000] {logging_mixin.py:190} INFO - [2024-10-07T14:47:25.241+0000] {dagbag.py:588} INFO - Filling up the DagBag from /home/airflow/.local/lib/python3.12/site-packages/airflow/example_dags/tutorial_dag.py
[2024-10-07T14:47:25.251+0000] {processor.py:925} INFO - DAG(s) 'tutorial_dag' retrieved from /home/airflow/.local/lib/python3.12/site-packages/airflow/example_dags/tutorial_dag.py
[2024-10-07T14:47:25.275+0000] {logging_mixin.py:190} INFO - [2024-10-07T14:47:25.275+0000] {dag.py:3239} INFO - Sync 1 DAGs
[2024-10-07T14:47:25.290+0000] {logging_mixin.py:190} INFO - [2024-10-07T14:47:25.290+0000] {dag.py:4180} INFO - Setting next_dagrun for tutorial_dag to None, run_after=None
[2024-10-07T14:47:25.310+0000] {processor.py:208} INFO - Processing /home/airflow/.local/lib/python3.12/site-packages/airflow/example_dags/tutorial_dag.py took 0.080 seconds
[2024-10-07T14:47:55.462+0000] {processor.py:186} INFO - Started process (PID=646) to work on /home/airflow/.local/lib/python3.12/site-packages/airflow/example_dags/tutorial_dag.py
[2024-10-07T14:47:55.464+0000] {processor.py:914} INFO - Processing file /home/airflow/.local/lib/python3.12/site-packages/airflow/example_dags/tutorial_dag.py for tasks to queue
[2024-10-07T14:47:55.467+0000] {logging_mixin.py:190} INFO - [2024-10-07T14:47:55.467+0000] {dagbag.py:588} INFO - Filling up the DagBag from /home/airflow/.local/lib/python3.12/site-packages/airflow/example_dags/tutorial_dag.py
[2024-10-07T14:47:55.474+0000] {processor.py:925} INFO - DAG(s) 'tutorial_dag' retrieved from /home/airflow/.local/lib/python3.12/site-packages/airflow/example_dags/tutorial_dag.py
[2024-10-07T14:47:55.493+0000] {logging_mixin.py:190} INFO - [2024-10-07T14:47:55.493+0000] {dag.py:3239} INFO - Sync 1 DAGs
[2024-10-07T14:47:55.508+0000] {logging_mixin.py:190} INFO - [2024-10-07T14:47:55.508+0000] {dag.py:4180} INFO - Setting next_dagrun for tutorial_dag to None, run_after=None
[2024-10-07T14:47:55.530+0000] {processor.py:208} INFO - Processing /home/airflow/.local/lib/python3.12/site-packages/airflow/example_dags/tutorial_dag.py took 0.073 seconds
[2024-10-07T14:48:26.479+0000] {processor.py:186} INFO - Started process (PID=709) to work on /home/airflow/.local/lib/python3.12/site-packages/airflow/example_dags/tutorial_dag.py
[2024-10-07T14:48:26.481+0000] {processor.py:914} INFO - Processing file /home/airflow/.local/lib/python3.12/site-packages/airflow/example_dags/tutorial_dag.py for tasks to queue
[2024-10-07T14:48:26.486+0000] {logging_mixin.py:190} INFO - [2024-10-07T14:48:26.485+0000] {dagbag.py:588} INFO - Filling up the DagBag from /home/airflow/.local/lib/python3.12/site-packages/airflow/example_dags/tutorial_dag.py
[2024-10-07T14:48:26.497+0000] {processor.py:925} INFO - DAG(s) 'tutorial_dag' retrieved from /home/airflow/.local/lib/python3.12/site-packages/airflow/example_dags/tutorial_dag.py
[2024-10-07T14:48:26.524+0000] {logging_mixin.py:190} INFO - [2024-10-07T14:48:26.524+0000] {dag.py:3239} INFO - Sync 1 DAGs
[2024-10-07T14:48:26.539+0000] {logging_mixin.py:190} INFO - [2024-10-07T14:48:26.539+0000] {dag.py:4180} INFO - Setting next_dagrun for tutorial_dag to None, run_after=None
[2024-10-07T14:48:26.561+0000] {processor.py:208} INFO - Processing /home/airflow/.local/lib/python3.12/site-packages/airflow/example_dags/tutorial_dag.py took 0.090 seconds
[2024-10-07T14:48:57.087+0000] {processor.py:186} INFO - Started process (PID=771) to work on /home/airflow/.local/lib/python3.12/site-packages/airflow/example_dags/tutorial_dag.py
[2024-10-07T14:48:57.089+0000] {processor.py:914} INFO - Processing file /home/airflow/.local/lib/python3.12/site-packages/airflow/example_dags/tutorial_dag.py for tasks to queue
[2024-10-07T14:48:57.103+0000] {logging_mixin.py:190} INFO - [2024-10-07T14:48:57.103+0000] {dagbag.py:588} INFO - Filling up the DagBag from /home/airflow/.local/lib/python3.12/site-packages/airflow/example_dags/tutorial_dag.py
[2024-10-07T14:48:57.115+0000] {processor.py:925} INFO - DAG(s) 'tutorial_dag' retrieved from /home/airflow/.local/lib/python3.12/site-packages/airflow/example_dags/tutorial_dag.py
[2024-10-07T14:48:57.141+0000] {logging_mixin.py:190} INFO - [2024-10-07T14:48:57.141+0000] {dag.py:3239} INFO - Sync 1 DAGs
[2024-10-07T14:48:57.162+0000] {logging_mixin.py:190} INFO - [2024-10-07T14:48:57.162+0000] {dag.py:4180} INFO - Setting next_dagrun for tutorial_dag to None, run_after=None
[2024-10-07T14:48:57.189+0000] {processor.py:208} INFO - Processing /home/airflow/.local/lib/python3.12/site-packages/airflow/example_dags/tutorial_dag.py took 0.108 seconds
[2024-10-07T14:49:27.960+0000] {processor.py:186} INFO - Started process (PID=833) to work on /home/airflow/.local/lib/python3.12/site-packages/airflow/example_dags/tutorial_dag.py
[2024-10-07T14:49:27.962+0000] {processor.py:914} INFO - Processing file /home/airflow/.local/lib/python3.12/site-packages/airflow/example_dags/tutorial_dag.py for tasks to queue
[2024-10-07T14:49:27.965+0000] {logging_mixin.py:190} INFO - [2024-10-07T14:49:27.964+0000] {dagbag.py:588} INFO - Filling up the DagBag from /home/airflow/.local/lib/python3.12/site-packages/airflow/example_dags/tutorial_dag.py
[2024-10-07T14:49:27.972+0000] {processor.py:925} INFO - DAG(s) 'tutorial_dag' retrieved from /home/airflow/.local/lib/python3.12/site-packages/airflow/example_dags/tutorial_dag.py
[2024-10-07T14:49:27.992+0000] {logging_mixin.py:190} INFO - [2024-10-07T14:49:27.991+0000] {dag.py:3239} INFO - Sync 1 DAGs
[2024-10-07T14:49:28.007+0000] {logging_mixin.py:190} INFO - [2024-10-07T14:49:28.006+0000] {dag.py:4180} INFO - Setting next_dagrun for tutorial_dag to None, run_after=None
[2024-10-07T14:49:28.026+0000] {processor.py:208} INFO - Processing /home/airflow/.local/lib/python3.12/site-packages/airflow/example_dags/tutorial_dag.py took 0.071 seconds
[2024-10-07T14:49:58.503+0000] {processor.py:186} INFO - Started process (PID=895) to work on /home/airflow/.local/lib/python3.12/site-packages/airflow/example_dags/tutorial_dag.py
[2024-10-07T14:49:58.504+0000] {processor.py:914} INFO - Processing file /home/airflow/.local/lib/python3.12/site-packages/airflow/example_dags/tutorial_dag.py for tasks to queue
[2024-10-07T14:49:58.508+0000] {logging_mixin.py:190} INFO - [2024-10-07T14:49:58.507+0000] {dagbag.py:588} INFO - Filling up the DagBag from /home/airflow/.local/lib/python3.12/site-packages/airflow/example_dags/tutorial_dag.py
[2024-10-07T14:49:58.516+0000] {processor.py:925} INFO - DAG(s) 'tutorial_dag' retrieved from /home/airflow/.local/lib/python3.12/site-packages/airflow/example_dags/tutorial_dag.py
[2024-10-07T14:49:58.536+0000] {logging_mixin.py:190} INFO - [2024-10-07T14:49:58.536+0000] {dag.py:3239} INFO - Sync 1 DAGs
[2024-10-07T14:49:58.550+0000] {logging_mixin.py:190} INFO - [2024-10-07T14:49:58.550+0000] {dag.py:4180} INFO - Setting next_dagrun for tutorial_dag to None, run_after=None
[2024-10-07T14:49:58.577+0000] {processor.py:208} INFO - Processing /home/airflow/.local/lib/python3.12/site-packages/airflow/example_dags/tutorial_dag.py took 0.080 seconds
[2024-10-07T14:50:28.944+0000] {processor.py:186} INFO - Started process (PID=957) to work on /home/airflow/.local/lib/python3.12/site-packages/airflow/example_dags/tutorial_dag.py
[2024-10-07T14:50:28.946+0000] {processor.py:914} INFO - Processing file /home/airflow/.local/lib/python3.12/site-packages/airflow/example_dags/tutorial_dag.py for tasks to queue
[2024-10-07T14:50:28.950+0000] {logging_mixin.py:190} INFO - [2024-10-07T14:50:28.950+0000] {dagbag.py:588} INFO - Filling up the DagBag from /home/airflow/.local/lib/python3.12/site-packages/airflow/example_dags/tutorial_dag.py
[2024-10-07T14:50:28.959+0000] {processor.py:925} INFO - DAG(s) 'tutorial_dag' retrieved from /home/airflow/.local/lib/python3.12/site-packages/airflow/example_dags/tutorial_dag.py
[2024-10-07T14:50:29.046+0000] {logging_mixin.py:190} INFO - [2024-10-07T14:50:29.046+0000] {dag.py:3239} INFO - Sync 1 DAGs
[2024-10-07T14:50:29.063+0000] {logging_mixin.py:190} INFO - [2024-10-07T14:50:29.063+0000] {dag.py:4180} INFO - Setting next_dagrun for tutorial_dag to None, run_after=None
[2024-10-07T14:50:29.090+0000] {processor.py:208} INFO - Processing /home/airflow/.local/lib/python3.12/site-packages/airflow/example_dags/tutorial_dag.py took 0.153 seconds
[2024-10-07T14:51:00.002+0000] {processor.py:186} INFO - Started process (PID=1019) to work on /home/airflow/.local/lib/python3.12/site-packages/airflow/example_dags/tutorial_dag.py
[2024-10-07T14:51:00.006+0000] {processor.py:914} INFO - Processing file /home/airflow/.local/lib/python3.12/site-packages/airflow/example_dags/tutorial_dag.py for tasks to queue
[2024-10-07T14:51:00.016+0000] {logging_mixin.py:190} INFO - [2024-10-07T14:51:00.015+0000] {dagbag.py:588} INFO - Filling up the DagBag from /home/airflow/.local/lib/python3.12/site-packages/airflow/example_dags/tutorial_dag.py
[2024-10-07T14:51:00.043+0000] {processor.py:925} INFO - DAG(s) 'tutorial_dag' retrieved from /home/airflow/.local/lib/python3.12/site-packages/airflow/example_dags/tutorial_dag.py
[2024-10-07T14:51:00.093+0000] {logging_mixin.py:190} INFO - [2024-10-07T14:51:00.093+0000] {dag.py:3239} INFO - Sync 1 DAGs
[2024-10-07T14:51:00.108+0000] {logging_mixin.py:190} INFO - [2024-10-07T14:51:00.108+0000] {dag.py:4180} INFO - Setting next_dagrun for tutorial_dag to None, run_after=None
[2024-10-07T14:51:00.127+0000] {processor.py:208} INFO - Processing /home/airflow/.local/lib/python3.12/site-packages/airflow/example_dags/tutorial_dag.py took 0.139 seconds
[2024-10-07T14:51:30.378+0000] {processor.py:186} INFO - Started process (PID=1081) to work on /home/airflow/.local/lib/python3.12/site-packages/airflow/example_dags/tutorial_dag.py
[2024-10-07T14:51:30.380+0000] {processor.py:914} INFO - Processing file /home/airflow/.local/lib/python3.12/site-packages/airflow/example_dags/tutorial_dag.py for tasks to queue
[2024-10-07T14:51:30.383+0000] {logging_mixin.py:190} INFO - [2024-10-07T14:51:30.383+0000] {dagbag.py:588} INFO - Filling up the DagBag from /home/airflow/.local/lib/python3.12/site-packages/airflow/example_dags/tutorial_dag.py
[2024-10-07T14:51:30.392+0000] {processor.py:925} INFO - DAG(s) 'tutorial_dag' retrieved from /home/airflow/.local/lib/python3.12/site-packages/airflow/example_dags/tutorial_dag.py
[2024-10-07T14:51:30.413+0000] {logging_mixin.py:190} INFO - [2024-10-07T14:51:30.413+0000] {dag.py:3239} INFO - Sync 1 DAGs
[2024-10-07T14:51:30.429+0000] {logging_mixin.py:190} INFO - [2024-10-07T14:51:30.429+0000] {dag.py:4180} INFO - Setting next_dagrun for tutorial_dag to None, run_after=None
[2024-10-07T14:51:30.450+0000] {processor.py:208} INFO - Processing /home/airflow/.local/lib/python3.12/site-packages/airflow/example_dags/tutorial_dag.py took 0.077 seconds
[2024-10-07T14:52:01.534+0000] {processor.py:186} INFO - Started process (PID=1143) to work on /home/airflow/.local/lib/python3.12/site-packages/airflow/example_dags/tutorial_dag.py
[2024-10-07T14:52:01.536+0000] {processor.py:914} INFO - Processing file /home/airflow/.local/lib/python3.12/site-packages/airflow/example_dags/tutorial_dag.py for tasks to queue
[2024-10-07T14:52:01.539+0000] {logging_mixin.py:190} INFO - [2024-10-07T14:52:01.539+0000] {dagbag.py:588} INFO - Filling up the DagBag from /home/airflow/.local/lib/python3.12/site-packages/airflow/example_dags/tutorial_dag.py
[2024-10-07T14:52:01.547+0000] {processor.py:925} INFO - DAG(s) 'tutorial_dag' retrieved from /home/airflow/.local/lib/python3.12/site-packages/airflow/example_dags/tutorial_dag.py
[2024-10-07T14:52:01.569+0000] {logging_mixin.py:190} INFO - [2024-10-07T14:52:01.569+0000] {dag.py:3239} INFO - Sync 1 DAGs
[2024-10-07T14:52:01.583+0000] {logging_mixin.py:190} INFO - [2024-10-07T14:52:01.583+0000] {dag.py:4180} INFO - Setting next_dagrun for tutorial_dag to None, run_after=None
[2024-10-07T14:52:01.601+0000] {processor.py:208} INFO - Processing /home/airflow/.local/lib/python3.12/site-packages/airflow/example_dags/tutorial_dag.py took 0.073 seconds
[2024-10-07T14:52:32.288+0000] {processor.py:186} INFO - Started process (PID=1205) to work on /home/airflow/.local/lib/python3.12/site-packages/airflow/example_dags/tutorial_dag.py
[2024-10-07T14:52:32.290+0000] {processor.py:914} INFO - Processing file /home/airflow/.local/lib/python3.12/site-packages/airflow/example_dags/tutorial_dag.py for tasks to queue
[2024-10-07T14:52:32.293+0000] {logging_mixin.py:190} INFO - [2024-10-07T14:52:32.293+0000] {dagbag.py:588} INFO - Filling up the DagBag from /home/airflow/.local/lib/python3.12/site-packages/airflow/example_dags/tutorial_dag.py
[2024-10-07T14:52:32.301+0000] {processor.py:925} INFO - DAG(s) 'tutorial_dag' retrieved from /home/airflow/.local/lib/python3.12/site-packages/airflow/example_dags/tutorial_dag.py
[2024-10-07T14:52:32.321+0000] {logging_mixin.py:190} INFO - [2024-10-07T14:52:32.320+0000] {dag.py:3239} INFO - Sync 1 DAGs
[2024-10-07T14:52:32.337+0000] {logging_mixin.py:190} INFO - [2024-10-07T14:52:32.337+0000] {dag.py:4180} INFO - Setting next_dagrun for tutorial_dag to None, run_after=None
[2024-10-07T14:52:32.355+0000] {processor.py:208} INFO - Processing /home/airflow/.local/lib/python3.12/site-packages/airflow/example_dags/tutorial_dag.py took 0.074 seconds
[2024-10-07T14:53:02.716+0000] {processor.py:186} INFO - Started process (PID=1267) to work on /home/airflow/.local/lib/python3.12/site-packages/airflow/example_dags/tutorial_dag.py
[2024-10-07T14:53:02.718+0000] {processor.py:914} INFO - Processing file /home/airflow/.local/lib/python3.12/site-packages/airflow/example_dags/tutorial_dag.py for tasks to queue
[2024-10-07T14:53:02.721+0000] {logging_mixin.py:190} INFO - [2024-10-07T14:53:02.720+0000] {dagbag.py:588} INFO - Filling up the DagBag from /home/airflow/.local/lib/python3.12/site-packages/airflow/example_dags/tutorial_dag.py
[2024-10-07T14:53:02.730+0000] {processor.py:925} INFO - DAG(s) 'tutorial_dag' retrieved from /home/airflow/.local/lib/python3.12/site-packages/airflow/example_dags/tutorial_dag.py
[2024-10-07T14:53:02.751+0000] {logging_mixin.py:190} INFO - [2024-10-07T14:53:02.751+0000] {dag.py:3239} INFO - Sync 1 DAGs
[2024-10-07T14:53:02.767+0000] {logging_mixin.py:190} INFO - [2024-10-07T14:53:02.767+0000] {dag.py:4180} INFO - Setting next_dagrun for tutorial_dag to None, run_after=None
[2024-10-07T14:53:02.786+0000] {processor.py:208} INFO - Processing /home/airflow/.local/lib/python3.12/site-packages/airflow/example_dags/tutorial_dag.py took 0.077 seconds
[2024-10-07T14:53:33.263+0000] {processor.py:186} INFO - Started process (PID=1330) to work on /home/airflow/.local/lib/python3.12/site-packages/airflow/example_dags/tutorial_dag.py
[2024-10-07T14:53:33.265+0000] {processor.py:914} INFO - Processing file /home/airflow/.local/lib/python3.12/site-packages/airflow/example_dags/tutorial_dag.py for tasks to queue
[2024-10-07T14:53:33.268+0000] {logging_mixin.py:190} INFO - [2024-10-07T14:53:33.268+0000] {dagbag.py:588} INFO - Filling up the DagBag from /home/airflow/.local/lib/python3.12/site-packages/airflow/example_dags/tutorial_dag.py
[2024-10-07T14:53:33.277+0000] {processor.py:925} INFO - DAG(s) 'tutorial_dag' retrieved from /home/airflow/.local/lib/python3.12/site-packages/airflow/example_dags/tutorial_dag.py
[2024-10-07T14:53:33.298+0000] {logging_mixin.py:190} INFO - [2024-10-07T14:53:33.298+0000] {dag.py:3239} INFO - Sync 1 DAGs
[2024-10-07T14:53:33.313+0000] {logging_mixin.py:190} INFO - [2024-10-07T14:53:33.313+0000] {dag.py:4180} INFO - Setting next_dagrun for tutorial_dag to None, run_after=None
[2024-10-07T14:53:33.335+0000] {processor.py:208} INFO - Processing /home/airflow/.local/lib/python3.12/site-packages/airflow/example_dags/tutorial_dag.py took 0.082 seconds
