[2024-10-07T14:43:22.933+0000] {processor.py:186} INFO - Started process (PID=103) to work on /home/airflow/.local/lib/python3.12/site-packages/airflow/example_dags/tutorial_objectstorage.py
[2024-10-07T14:43:22.935+0000] {processor.py:914} INFO - Processing file /home/airflow/.local/lib/python3.12/site-packages/airflow/example_dags/tutorial_objectstorage.py for tasks to queue
[2024-10-07T14:43:22.939+0000] {logging_mixin.py:190} INFO - [2024-10-07T14:43:22.939+0000] {dagbag.py:588} INFO - Filling up the DagBag from /home/airflow/.local/lib/python3.12/site-packages/airflow/example_dags/tutorial_objectstorage.py
[2024-10-07T14:43:22.952+0000] {processor.py:925} INFO - DAG(s) 'tutorial_objectstorage' retrieved from /home/airflow/.local/lib/python3.12/site-packages/airflow/example_dags/tutorial_objectstorage.py
[2024-10-07T14:43:23.059+0000] {logging_mixin.py:190} INFO - [2024-10-07T14:43:23.058+0000] {override.py:1900} INFO - Created Permission View: can read on DAG:tutorial_objectstorage
[2024-10-07T14:43:23.070+0000] {logging_mixin.py:190} INFO - [2024-10-07T14:43:23.070+0000] {override.py:1900} INFO - Created Permission View: can delete on DAG:tutorial_objectstorage
[2024-10-07T14:43:23.078+0000] {logging_mixin.py:190} INFO - [2024-10-07T14:43:23.078+0000] {override.py:1900} INFO - Created Permission View: can edit on DAG:tutorial_objectstorage
[2024-10-07T14:43:23.087+0000] {logging_mixin.py:190} INFO - [2024-10-07T14:43:23.087+0000] {override.py:1900} INFO - Created Permission View: can read on DAG Run:tutorial_objectstorage
[2024-10-07T14:43:23.094+0000] {logging_mixin.py:190} INFO - [2024-10-07T14:43:23.094+0000] {override.py:1900} INFO - Created Permission View: can create on DAG Run:tutorial_objectstorage
[2024-10-07T14:43:23.101+0000] {logging_mixin.py:190} INFO - [2024-10-07T14:43:23.101+0000] {override.py:1900} INFO - Created Permission View: menu access on DAG Run:tutorial_objectstorage
[2024-10-07T14:43:23.109+0000] {logging_mixin.py:190} INFO - [2024-10-07T14:43:23.108+0000] {override.py:1900} INFO - Created Permission View: can delete on DAG Run:tutorial_objectstorage
[2024-10-07T14:43:23.110+0000] {logging_mixin.py:190} INFO - [2024-10-07T14:43:23.110+0000] {dag.py:3239} INFO - Sync 1 DAGs
[2024-10-07T14:43:23.123+0000] {logging_mixin.py:190} INFO - [2024-10-07T14:43:23.123+0000] {dag.py:3262} INFO - Creating ORM DAG for tutorial_objectstorage
[2024-10-07T14:43:23.125+0000] {logging_mixin.py:190} INFO - [2024-10-07T14:43:23.125+0000] {dag.py:4180} INFO - Setting next_dagrun for tutorial_objectstorage to None, run_after=None
[2024-10-07T14:43:23.142+0000] {processor.py:208} INFO - Processing /home/airflow/.local/lib/python3.12/site-packages/airflow/example_dags/tutorial_objectstorage.py took 0.215 seconds
[2024-10-07T14:43:53.328+0000] {processor.py:186} INFO - Started process (PID=165) to work on /home/airflow/.local/lib/python3.12/site-packages/airflow/example_dags/tutorial_objectstorage.py
[2024-10-07T14:43:53.331+0000] {processor.py:914} INFO - Processing file /home/airflow/.local/lib/python3.12/site-packages/airflow/example_dags/tutorial_objectstorage.py for tasks to queue
[2024-10-07T14:43:53.335+0000] {logging_mixin.py:190} INFO - [2024-10-07T14:43:53.335+0000] {dagbag.py:588} INFO - Filling up the DagBag from /home/airflow/.local/lib/python3.12/site-packages/airflow/example_dags/tutorial_objectstorage.py
[2024-10-07T14:43:53.347+0000] {processor.py:925} INFO - DAG(s) 'tutorial_objectstorage' retrieved from /home/airflow/.local/lib/python3.12/site-packages/airflow/example_dags/tutorial_objectstorage.py
[2024-10-07T14:43:53.368+0000] {logging_mixin.py:190} INFO - [2024-10-07T14:43:53.368+0000] {dag.py:3239} INFO - Sync 1 DAGs
[2024-10-07T14:43:53.384+0000] {logging_mixin.py:190} INFO - [2024-10-07T14:43:53.383+0000] {dag.py:4180} INFO - Setting next_dagrun for tutorial_objectstorage to None, run_after=None
[2024-10-07T14:43:53.406+0000] {processor.py:208} INFO - Processing /home/airflow/.local/lib/python3.12/site-packages/airflow/example_dags/tutorial_objectstorage.py took 0.085 seconds
[2024-10-07T14:44:23.703+0000] {processor.py:186} INFO - Started process (PID=227) to work on /home/airflow/.local/lib/python3.12/site-packages/airflow/example_dags/tutorial_objectstorage.py
[2024-10-07T14:44:23.704+0000] {processor.py:914} INFO - Processing file /home/airflow/.local/lib/python3.12/site-packages/airflow/example_dags/tutorial_objectstorage.py for tasks to queue
[2024-10-07T14:44:23.707+0000] {logging_mixin.py:190} INFO - [2024-10-07T14:44:23.707+0000] {dagbag.py:588} INFO - Filling up the DagBag from /home/airflow/.local/lib/python3.12/site-packages/airflow/example_dags/tutorial_objectstorage.py
[2024-10-07T14:44:23.718+0000] {processor.py:925} INFO - DAG(s) 'tutorial_objectstorage' retrieved from /home/airflow/.local/lib/python3.12/site-packages/airflow/example_dags/tutorial_objectstorage.py
[2024-10-07T14:44:23.735+0000] {logging_mixin.py:190} INFO - [2024-10-07T14:44:23.735+0000] {dag.py:3239} INFO - Sync 1 DAGs
[2024-10-07T14:44:23.750+0000] {logging_mixin.py:190} INFO - [2024-10-07T14:44:23.750+0000] {dag.py:4180} INFO - Setting next_dagrun for tutorial_objectstorage to None, run_after=None
[2024-10-07T14:44:23.767+0000] {processor.py:208} INFO - Processing /home/airflow/.local/lib/python3.12/site-packages/airflow/example_dags/tutorial_objectstorage.py took 0.071 seconds
[2024-10-07T14:44:54.661+0000] {processor.py:186} INFO - Started process (PID=289) to work on /home/airflow/.local/lib/python3.12/site-packages/airflow/example_dags/tutorial_objectstorage.py
[2024-10-07T14:44:54.665+0000] {processor.py:914} INFO - Processing file /home/airflow/.local/lib/python3.12/site-packages/airflow/example_dags/tutorial_objectstorage.py for tasks to queue
[2024-10-07T14:44:54.669+0000] {logging_mixin.py:190} INFO - [2024-10-07T14:44:54.669+0000] {dagbag.py:588} INFO - Filling up the DagBag from /home/airflow/.local/lib/python3.12/site-packages/airflow/example_dags/tutorial_objectstorage.py
[2024-10-07T14:44:54.684+0000] {processor.py:925} INFO - DAG(s) 'tutorial_objectstorage' retrieved from /home/airflow/.local/lib/python3.12/site-packages/airflow/example_dags/tutorial_objectstorage.py
[2024-10-07T14:44:54.720+0000] {logging_mixin.py:190} INFO - [2024-10-07T14:44:54.719+0000] {dag.py:3239} INFO - Sync 1 DAGs
[2024-10-07T14:44:54.748+0000] {logging_mixin.py:190} INFO - [2024-10-07T14:44:54.747+0000] {dag.py:4180} INFO - Setting next_dagrun for tutorial_objectstorage to None, run_after=None
[2024-10-07T14:44:54.779+0000] {processor.py:208} INFO - Processing /home/airflow/.local/lib/python3.12/site-packages/airflow/example_dags/tutorial_objectstorage.py took 0.127 seconds
[2024-10-07T14:45:25.489+0000] {processor.py:186} INFO - Started process (PID=350) to work on /home/airflow/.local/lib/python3.12/site-packages/airflow/example_dags/tutorial_objectstorage.py
[2024-10-07T14:45:25.493+0000] {processor.py:914} INFO - Processing file /home/airflow/.local/lib/python3.12/site-packages/airflow/example_dags/tutorial_objectstorage.py for tasks to queue
[2024-10-07T14:45:25.498+0000] {logging_mixin.py:190} INFO - [2024-10-07T14:45:25.497+0000] {dagbag.py:588} INFO - Filling up the DagBag from /home/airflow/.local/lib/python3.12/site-packages/airflow/example_dags/tutorial_objectstorage.py
[2024-10-07T14:45:25.519+0000] {processor.py:925} INFO - DAG(s) 'tutorial_objectstorage' retrieved from /home/airflow/.local/lib/python3.12/site-packages/airflow/example_dags/tutorial_objectstorage.py
[2024-10-07T14:45:25.551+0000] {logging_mixin.py:190} INFO - [2024-10-07T14:45:25.551+0000] {dag.py:3239} INFO - Sync 1 DAGs
[2024-10-07T14:45:25.569+0000] {logging_mixin.py:190} INFO - [2024-10-07T14:45:25.568+0000] {dag.py:4180} INFO - Setting next_dagrun for tutorial_objectstorage to None, run_after=None
[2024-10-07T14:45:25.592+0000] {processor.py:208} INFO - Processing /home/airflow/.local/lib/python3.12/site-packages/airflow/example_dags/tutorial_objectstorage.py took 0.111 seconds
[2024-10-07T14:45:56.679+0000] {processor.py:186} INFO - Started process (PID=413) to work on /home/airflow/.local/lib/python3.12/site-packages/airflow/example_dags/tutorial_objectstorage.py
[2024-10-07T14:45:56.681+0000] {processor.py:914} INFO - Processing file /home/airflow/.local/lib/python3.12/site-packages/airflow/example_dags/tutorial_objectstorage.py for tasks to queue
[2024-10-07T14:45:56.687+0000] {logging_mixin.py:190} INFO - [2024-10-07T14:45:56.686+0000] {dagbag.py:588} INFO - Filling up the DagBag from /home/airflow/.local/lib/python3.12/site-packages/airflow/example_dags/tutorial_objectstorage.py
[2024-10-07T14:45:56.706+0000] {processor.py:925} INFO - DAG(s) 'tutorial_objectstorage' retrieved from /home/airflow/.local/lib/python3.12/site-packages/airflow/example_dags/tutorial_objectstorage.py
[2024-10-07T14:45:56.745+0000] {logging_mixin.py:190} INFO - [2024-10-07T14:45:56.745+0000] {dag.py:3239} INFO - Sync 1 DAGs
[2024-10-07T14:45:56.775+0000] {logging_mixin.py:190} INFO - [2024-10-07T14:45:56.774+0000] {dag.py:4180} INFO - Setting next_dagrun for tutorial_objectstorage to None, run_after=None
[2024-10-07T14:45:56.812+0000] {processor.py:208} INFO - Processing /home/airflow/.local/lib/python3.12/site-packages/airflow/example_dags/tutorial_objectstorage.py took 0.144 seconds
[2024-10-07T14:46:27.899+0000] {processor.py:186} INFO - Started process (PID=475) to work on /home/airflow/.local/lib/python3.12/site-packages/airflow/example_dags/tutorial_objectstorage.py
[2024-10-07T14:46:27.903+0000] {processor.py:914} INFO - Processing file /home/airflow/.local/lib/python3.12/site-packages/airflow/example_dags/tutorial_objectstorage.py for tasks to queue
[2024-10-07T14:46:27.910+0000] {logging_mixin.py:190} INFO - [2024-10-07T14:46:27.909+0000] {dagbag.py:588} INFO - Filling up the DagBag from /home/airflow/.local/lib/python3.12/site-packages/airflow/example_dags/tutorial_objectstorage.py
[2024-10-07T14:46:27.934+0000] {processor.py:925} INFO - DAG(s) 'tutorial_objectstorage' retrieved from /home/airflow/.local/lib/python3.12/site-packages/airflow/example_dags/tutorial_objectstorage.py
[2024-10-07T14:46:27.988+0000] {logging_mixin.py:190} INFO - [2024-10-07T14:46:27.987+0000] {dag.py:3239} INFO - Sync 1 DAGs
[2024-10-07T14:46:28.027+0000] {logging_mixin.py:190} INFO - [2024-10-07T14:46:28.026+0000] {dag.py:4180} INFO - Setting next_dagrun for tutorial_objectstorage to None, run_after=None
[2024-10-07T14:46:28.076+0000] {processor.py:208} INFO - Processing /home/airflow/.local/lib/python3.12/site-packages/airflow/example_dags/tutorial_objectstorage.py took 0.199 seconds
[2024-10-07T14:46:58.321+0000] {processor.py:186} INFO - Started process (PID=537) to work on /home/airflow/.local/lib/python3.12/site-packages/airflow/example_dags/tutorial_objectstorage.py
[2024-10-07T14:46:58.323+0000] {processor.py:914} INFO - Processing file /home/airflow/.local/lib/python3.12/site-packages/airflow/example_dags/tutorial_objectstorage.py for tasks to queue
[2024-10-07T14:46:58.328+0000] {logging_mixin.py:190} INFO - [2024-10-07T14:46:58.327+0000] {dagbag.py:588} INFO - Filling up the DagBag from /home/airflow/.local/lib/python3.12/site-packages/airflow/example_dags/tutorial_objectstorage.py
[2024-10-07T14:46:58.342+0000] {processor.py:925} INFO - DAG(s) 'tutorial_objectstorage' retrieved from /home/airflow/.local/lib/python3.12/site-packages/airflow/example_dags/tutorial_objectstorage.py
[2024-10-07T14:46:58.398+0000] {logging_mixin.py:190} INFO - [2024-10-07T14:46:58.397+0000] {dag.py:3239} INFO - Sync 1 DAGs
[2024-10-07T14:46:58.431+0000] {logging_mixin.py:190} INFO - [2024-10-07T14:46:58.430+0000] {dag.py:4180} INFO - Setting next_dagrun for tutorial_objectstorage to None, run_after=None
[2024-10-07T14:46:58.476+0000] {processor.py:208} INFO - Processing /home/airflow/.local/lib/python3.12/site-packages/airflow/example_dags/tutorial_objectstorage.py took 0.166 seconds
[2024-10-07T14:47:29.363+0000] {processor.py:186} INFO - Started process (PID=599) to work on /home/airflow/.local/lib/python3.12/site-packages/airflow/example_dags/tutorial_objectstorage.py
[2024-10-07T14:47:29.365+0000] {processor.py:914} INFO - Processing file /home/airflow/.local/lib/python3.12/site-packages/airflow/example_dags/tutorial_objectstorage.py for tasks to queue
[2024-10-07T14:47:29.368+0000] {logging_mixin.py:190} INFO - [2024-10-07T14:47:29.367+0000] {dagbag.py:588} INFO - Filling up the DagBag from /home/airflow/.local/lib/python3.12/site-packages/airflow/example_dags/tutorial_objectstorage.py
[2024-10-07T14:47:29.377+0000] {processor.py:925} INFO - DAG(s) 'tutorial_objectstorage' retrieved from /home/airflow/.local/lib/python3.12/site-packages/airflow/example_dags/tutorial_objectstorage.py
[2024-10-07T14:47:29.396+0000] {logging_mixin.py:190} INFO - [2024-10-07T14:47:29.396+0000] {dag.py:3239} INFO - Sync 1 DAGs
[2024-10-07T14:47:29.410+0000] {logging_mixin.py:190} INFO - [2024-10-07T14:47:29.410+0000] {dag.py:4180} INFO - Setting next_dagrun for tutorial_objectstorage to None, run_after=None
[2024-10-07T14:47:29.429+0000] {processor.py:208} INFO - Processing /home/airflow/.local/lib/python3.12/site-packages/airflow/example_dags/tutorial_objectstorage.py took 0.071 seconds
[2024-10-07T14:47:59.684+0000] {processor.py:186} INFO - Started process (PID=661) to work on /home/airflow/.local/lib/python3.12/site-packages/airflow/example_dags/tutorial_objectstorage.py
[2024-10-07T14:47:59.686+0000] {processor.py:914} INFO - Processing file /home/airflow/.local/lib/python3.12/site-packages/airflow/example_dags/tutorial_objectstorage.py for tasks to queue
[2024-10-07T14:47:59.689+0000] {logging_mixin.py:190} INFO - [2024-10-07T14:47:59.689+0000] {dagbag.py:588} INFO - Filling up the DagBag from /home/airflow/.local/lib/python3.12/site-packages/airflow/example_dags/tutorial_objectstorage.py
[2024-10-07T14:47:59.698+0000] {processor.py:925} INFO - DAG(s) 'tutorial_objectstorage' retrieved from /home/airflow/.local/lib/python3.12/site-packages/airflow/example_dags/tutorial_objectstorage.py
[2024-10-07T14:47:59.718+0000] {logging_mixin.py:190} INFO - [2024-10-07T14:47:59.718+0000] {dag.py:3239} INFO - Sync 1 DAGs
[2024-10-07T14:47:59.731+0000] {logging_mixin.py:190} INFO - [2024-10-07T14:47:59.731+0000] {dag.py:4180} INFO - Setting next_dagrun for tutorial_objectstorage to None, run_after=None
[2024-10-07T14:47:59.751+0000] {processor.py:208} INFO - Processing /home/airflow/.local/lib/python3.12/site-packages/airflow/example_dags/tutorial_objectstorage.py took 0.072 seconds
[2024-10-07T14:48:30.038+0000] {processor.py:186} INFO - Started process (PID=723) to work on /home/airflow/.local/lib/python3.12/site-packages/airflow/example_dags/tutorial_objectstorage.py
[2024-10-07T14:48:30.039+0000] {processor.py:914} INFO - Processing file /home/airflow/.local/lib/python3.12/site-packages/airflow/example_dags/tutorial_objectstorage.py for tasks to queue
[2024-10-07T14:48:30.045+0000] {logging_mixin.py:190} INFO - [2024-10-07T14:48:30.045+0000] {dagbag.py:588} INFO - Filling up the DagBag from /home/airflow/.local/lib/python3.12/site-packages/airflow/example_dags/tutorial_objectstorage.py
[2024-10-07T14:48:30.057+0000] {processor.py:925} INFO - DAG(s) 'tutorial_objectstorage' retrieved from /home/airflow/.local/lib/python3.12/site-packages/airflow/example_dags/tutorial_objectstorage.py
[2024-10-07T14:48:30.082+0000] {logging_mixin.py:190} INFO - [2024-10-07T14:48:30.082+0000] {dag.py:3239} INFO - Sync 1 DAGs
[2024-10-07T14:48:30.098+0000] {logging_mixin.py:190} INFO - [2024-10-07T14:48:30.098+0000] {dag.py:4180} INFO - Setting next_dagrun for tutorial_objectstorage to None, run_after=None
[2024-10-07T14:48:30.121+0000] {processor.py:208} INFO - Processing /home/airflow/.local/lib/python3.12/site-packages/airflow/example_dags/tutorial_objectstorage.py took 0.091 seconds
[2024-10-07T14:49:00.411+0000] {processor.py:186} INFO - Started process (PID=785) to work on /home/airflow/.local/lib/python3.12/site-packages/airflow/example_dags/tutorial_objectstorage.py
[2024-10-07T14:49:00.412+0000] {processor.py:914} INFO - Processing file /home/airflow/.local/lib/python3.12/site-packages/airflow/example_dags/tutorial_objectstorage.py for tasks to queue
[2024-10-07T14:49:00.415+0000] {logging_mixin.py:190} INFO - [2024-10-07T14:49:00.415+0000] {dagbag.py:588} INFO - Filling up the DagBag from /home/airflow/.local/lib/python3.12/site-packages/airflow/example_dags/tutorial_objectstorage.py
[2024-10-07T14:49:00.425+0000] {processor.py:925} INFO - DAG(s) 'tutorial_objectstorage' retrieved from /home/airflow/.local/lib/python3.12/site-packages/airflow/example_dags/tutorial_objectstorage.py
[2024-10-07T14:49:00.510+0000] {logging_mixin.py:190} INFO - [2024-10-07T14:49:00.510+0000] {dag.py:3239} INFO - Sync 1 DAGs
[2024-10-07T14:49:00.527+0000] {logging_mixin.py:190} INFO - [2024-10-07T14:49:00.527+0000] {dag.py:4180} INFO - Setting next_dagrun for tutorial_objectstorage to None, run_after=None
[2024-10-07T14:49:00.551+0000] {processor.py:208} INFO - Processing /home/airflow/.local/lib/python3.12/site-packages/airflow/example_dags/tutorial_objectstorage.py took 0.147 seconds
[2024-10-07T14:49:31.013+0000] {processor.py:186} INFO - Started process (PID=847) to work on /home/airflow/.local/lib/python3.12/site-packages/airflow/example_dags/tutorial_objectstorage.py
[2024-10-07T14:49:31.016+0000] {processor.py:914} INFO - Processing file /home/airflow/.local/lib/python3.12/site-packages/airflow/example_dags/tutorial_objectstorage.py for tasks to queue
[2024-10-07T14:49:31.021+0000] {logging_mixin.py:190} INFO - [2024-10-07T14:49:31.020+0000] {dagbag.py:588} INFO - Filling up the DagBag from /home/airflow/.local/lib/python3.12/site-packages/airflow/example_dags/tutorial_objectstorage.py
[2024-10-07T14:49:31.032+0000] {processor.py:925} INFO - DAG(s) 'tutorial_objectstorage' retrieved from /home/airflow/.local/lib/python3.12/site-packages/airflow/example_dags/tutorial_objectstorage.py
[2024-10-07T14:49:31.056+0000] {logging_mixin.py:190} INFO - [2024-10-07T14:49:31.055+0000] {dag.py:3239} INFO - Sync 1 DAGs
[2024-10-07T14:49:31.077+0000] {logging_mixin.py:190} INFO - [2024-10-07T14:49:31.076+0000] {dag.py:4180} INFO - Setting next_dagrun for tutorial_objectstorage to None, run_after=None
[2024-10-07T14:49:31.111+0000] {processor.py:208} INFO - Processing /home/airflow/.local/lib/python3.12/site-packages/airflow/example_dags/tutorial_objectstorage.py took 0.110 seconds
[2024-10-07T14:50:01.544+0000] {processor.py:186} INFO - Started process (PID=909) to work on /home/airflow/.local/lib/python3.12/site-packages/airflow/example_dags/tutorial_objectstorage.py
[2024-10-07T14:50:01.546+0000] {processor.py:914} INFO - Processing file /home/airflow/.local/lib/python3.12/site-packages/airflow/example_dags/tutorial_objectstorage.py for tasks to queue
[2024-10-07T14:50:01.549+0000] {logging_mixin.py:190} INFO - [2024-10-07T14:50:01.549+0000] {dagbag.py:588} INFO - Filling up the DagBag from /home/airflow/.local/lib/python3.12/site-packages/airflow/example_dags/tutorial_objectstorage.py
[2024-10-07T14:50:01.562+0000] {processor.py:925} INFO - DAG(s) 'tutorial_objectstorage' retrieved from /home/airflow/.local/lib/python3.12/site-packages/airflow/example_dags/tutorial_objectstorage.py
[2024-10-07T14:50:01.588+0000] {logging_mixin.py:190} INFO - [2024-10-07T14:50:01.588+0000] {dag.py:3239} INFO - Sync 1 DAGs
[2024-10-07T14:50:01.604+0000] {logging_mixin.py:190} INFO - [2024-10-07T14:50:01.604+0000] {dag.py:4180} INFO - Setting next_dagrun for tutorial_objectstorage to None, run_after=None
[2024-10-07T14:50:01.631+0000] {processor.py:208} INFO - Processing /home/airflow/.local/lib/python3.12/site-packages/airflow/example_dags/tutorial_objectstorage.py took 0.093 seconds
[2024-10-07T14:50:32.078+0000] {processor.py:186} INFO - Started process (PID=971) to work on /home/airflow/.local/lib/python3.12/site-packages/airflow/example_dags/tutorial_objectstorage.py
[2024-10-07T14:50:32.081+0000] {processor.py:914} INFO - Processing file /home/airflow/.local/lib/python3.12/site-packages/airflow/example_dags/tutorial_objectstorage.py for tasks to queue
[2024-10-07T14:50:32.087+0000] {logging_mixin.py:190} INFO - [2024-10-07T14:50:32.086+0000] {dagbag.py:588} INFO - Filling up the DagBag from /home/airflow/.local/lib/python3.12/site-packages/airflow/example_dags/tutorial_objectstorage.py
[2024-10-07T14:50:32.106+0000] {processor.py:925} INFO - DAG(s) 'tutorial_objectstorage' retrieved from /home/airflow/.local/lib/python3.12/site-packages/airflow/example_dags/tutorial_objectstorage.py
[2024-10-07T14:50:32.131+0000] {logging_mixin.py:190} INFO - [2024-10-07T14:50:32.130+0000] {dag.py:3239} INFO - Sync 1 DAGs
[2024-10-07T14:50:32.153+0000] {logging_mixin.py:190} INFO - [2024-10-07T14:50:32.153+0000] {dag.py:4180} INFO - Setting next_dagrun for tutorial_objectstorage to None, run_after=None
[2024-10-07T14:50:32.190+0000] {processor.py:208} INFO - Processing /home/airflow/.local/lib/python3.12/site-packages/airflow/example_dags/tutorial_objectstorage.py took 0.124 seconds
[2024-10-07T14:51:02.403+0000] {processor.py:186} INFO - Started process (PID=1033) to work on /home/airflow/.local/lib/python3.12/site-packages/airflow/example_dags/tutorial_objectstorage.py
[2024-10-07T14:51:02.405+0000] {processor.py:914} INFO - Processing file /home/airflow/.local/lib/python3.12/site-packages/airflow/example_dags/tutorial_objectstorage.py for tasks to queue
[2024-10-07T14:51:02.408+0000] {logging_mixin.py:190} INFO - [2024-10-07T14:51:02.408+0000] {dagbag.py:588} INFO - Filling up the DagBag from /home/airflow/.local/lib/python3.12/site-packages/airflow/example_dags/tutorial_objectstorage.py
[2024-10-07T14:51:02.419+0000] {processor.py:925} INFO - DAG(s) 'tutorial_objectstorage' retrieved from /home/airflow/.local/lib/python3.12/site-packages/airflow/example_dags/tutorial_objectstorage.py
[2024-10-07T14:51:02.444+0000] {logging_mixin.py:190} INFO - [2024-10-07T14:51:02.443+0000] {dag.py:3239} INFO - Sync 1 DAGs
[2024-10-07T14:51:02.460+0000] {logging_mixin.py:190} INFO - [2024-10-07T14:51:02.460+0000] {dag.py:4180} INFO - Setting next_dagrun for tutorial_objectstorage to None, run_after=None
[2024-10-07T14:51:02.486+0000] {processor.py:208} INFO - Processing /home/airflow/.local/lib/python3.12/site-packages/airflow/example_dags/tutorial_objectstorage.py took 0.090 seconds
[2024-10-07T14:51:32.746+0000] {processor.py:186} INFO - Started process (PID=1095) to work on /home/airflow/.local/lib/python3.12/site-packages/airflow/example_dags/tutorial_objectstorage.py
[2024-10-07T14:51:32.748+0000] {processor.py:914} INFO - Processing file /home/airflow/.local/lib/python3.12/site-packages/airflow/example_dags/tutorial_objectstorage.py for tasks to queue
[2024-10-07T14:51:32.752+0000] {logging_mixin.py:190} INFO - [2024-10-07T14:51:32.751+0000] {dagbag.py:588} INFO - Filling up the DagBag from /home/airflow/.local/lib/python3.12/site-packages/airflow/example_dags/tutorial_objectstorage.py
[2024-10-07T14:51:32.764+0000] {processor.py:925} INFO - DAG(s) 'tutorial_objectstorage' retrieved from /home/airflow/.local/lib/python3.12/site-packages/airflow/example_dags/tutorial_objectstorage.py
[2024-10-07T14:51:32.791+0000] {logging_mixin.py:190} INFO - [2024-10-07T14:51:32.791+0000] {dag.py:3239} INFO - Sync 1 DAGs
[2024-10-07T14:51:32.808+0000] {logging_mixin.py:190} INFO - [2024-10-07T14:51:32.808+0000] {dag.py:4180} INFO - Setting next_dagrun for tutorial_objectstorage to None, run_after=None
[2024-10-07T14:51:32.831+0000] {processor.py:208} INFO - Processing /home/airflow/.local/lib/python3.12/site-packages/airflow/example_dags/tutorial_objectstorage.py took 0.092 seconds
[2024-10-07T14:52:03.690+0000] {processor.py:186} INFO - Started process (PID=1157) to work on /home/airflow/.local/lib/python3.12/site-packages/airflow/example_dags/tutorial_objectstorage.py
[2024-10-07T14:52:03.691+0000] {processor.py:914} INFO - Processing file /home/airflow/.local/lib/python3.12/site-packages/airflow/example_dags/tutorial_objectstorage.py for tasks to queue
[2024-10-07T14:52:03.694+0000] {logging_mixin.py:190} INFO - [2024-10-07T14:52:03.694+0000] {dagbag.py:588} INFO - Filling up the DagBag from /home/airflow/.local/lib/python3.12/site-packages/airflow/example_dags/tutorial_objectstorage.py
[2024-10-07T14:52:03.705+0000] {processor.py:925} INFO - DAG(s) 'tutorial_objectstorage' retrieved from /home/airflow/.local/lib/python3.12/site-packages/airflow/example_dags/tutorial_objectstorage.py
[2024-10-07T14:52:03.724+0000] {logging_mixin.py:190} INFO - [2024-10-07T14:52:03.723+0000] {dag.py:3239} INFO - Sync 1 DAGs
[2024-10-07T14:52:03.740+0000] {logging_mixin.py:190} INFO - [2024-10-07T14:52:03.740+0000] {dag.py:4180} INFO - Setting next_dagrun for tutorial_objectstorage to None, run_after=None
[2024-10-07T14:52:03.761+0000] {processor.py:208} INFO - Processing /home/airflow/.local/lib/python3.12/site-packages/airflow/example_dags/tutorial_objectstorage.py took 0.077 seconds
[2024-10-07T14:52:34.290+0000] {processor.py:186} INFO - Started process (PID=1219) to work on /home/airflow/.local/lib/python3.12/site-packages/airflow/example_dags/tutorial_objectstorage.py
[2024-10-07T14:52:34.291+0000] {processor.py:914} INFO - Processing file /home/airflow/.local/lib/python3.12/site-packages/airflow/example_dags/tutorial_objectstorage.py for tasks to queue
[2024-10-07T14:52:34.294+0000] {logging_mixin.py:190} INFO - [2024-10-07T14:52:34.294+0000] {dagbag.py:588} INFO - Filling up the DagBag from /home/airflow/.local/lib/python3.12/site-packages/airflow/example_dags/tutorial_objectstorage.py
[2024-10-07T14:52:34.305+0000] {processor.py:925} INFO - DAG(s) 'tutorial_objectstorage' retrieved from /home/airflow/.local/lib/python3.12/site-packages/airflow/example_dags/tutorial_objectstorage.py
[2024-10-07T14:52:34.325+0000] {logging_mixin.py:190} INFO - [2024-10-07T14:52:34.325+0000] {dag.py:3239} INFO - Sync 1 DAGs
[2024-10-07T14:52:34.341+0000] {logging_mixin.py:190} INFO - [2024-10-07T14:52:34.340+0000] {dag.py:4180} INFO - Setting next_dagrun for tutorial_objectstorage to None, run_after=None
[2024-10-07T14:52:34.359+0000] {processor.py:208} INFO - Processing /home/airflow/.local/lib/python3.12/site-packages/airflow/example_dags/tutorial_objectstorage.py took 0.075 seconds
[2024-10-07T14:53:04.966+0000] {processor.py:186} INFO - Started process (PID=1281) to work on /home/airflow/.local/lib/python3.12/site-packages/airflow/example_dags/tutorial_objectstorage.py
[2024-10-07T14:53:04.968+0000] {processor.py:914} INFO - Processing file /home/airflow/.local/lib/python3.12/site-packages/airflow/example_dags/tutorial_objectstorage.py for tasks to queue
[2024-10-07T14:53:04.971+0000] {logging_mixin.py:190} INFO - [2024-10-07T14:53:04.970+0000] {dagbag.py:588} INFO - Filling up the DagBag from /home/airflow/.local/lib/python3.12/site-packages/airflow/example_dags/tutorial_objectstorage.py
[2024-10-07T14:53:04.981+0000] {processor.py:925} INFO - DAG(s) 'tutorial_objectstorage' retrieved from /home/airflow/.local/lib/python3.12/site-packages/airflow/example_dags/tutorial_objectstorage.py
[2024-10-07T14:53:05.002+0000] {logging_mixin.py:190} INFO - [2024-10-07T14:53:05.002+0000] {dag.py:3239} INFO - Sync 1 DAGs
[2024-10-07T14:53:05.017+0000] {logging_mixin.py:190} INFO - [2024-10-07T14:53:05.016+0000] {dag.py:4180} INFO - Setting next_dagrun for tutorial_objectstorage to None, run_after=None
[2024-10-07T14:53:05.035+0000] {processor.py:208} INFO - Processing /home/airflow/.local/lib/python3.12/site-packages/airflow/example_dags/tutorial_objectstorage.py took 0.074 seconds
[2024-10-07T14:53:35.478+0000] {processor.py:186} INFO - Started process (PID=1344) to work on /home/airflow/.local/lib/python3.12/site-packages/airflow/example_dags/tutorial_objectstorage.py
[2024-10-07T14:53:35.479+0000] {processor.py:914} INFO - Processing file /home/airflow/.local/lib/python3.12/site-packages/airflow/example_dags/tutorial_objectstorage.py for tasks to queue
[2024-10-07T14:53:35.482+0000] {logging_mixin.py:190} INFO - [2024-10-07T14:53:35.482+0000] {dagbag.py:588} INFO - Filling up the DagBag from /home/airflow/.local/lib/python3.12/site-packages/airflow/example_dags/tutorial_objectstorage.py
[2024-10-07T14:53:35.491+0000] {processor.py:925} INFO - DAG(s) 'tutorial_objectstorage' retrieved from /home/airflow/.local/lib/python3.12/site-packages/airflow/example_dags/tutorial_objectstorage.py
[2024-10-07T14:53:35.509+0000] {logging_mixin.py:190} INFO - [2024-10-07T14:53:35.509+0000] {dag.py:3239} INFO - Sync 1 DAGs
[2024-10-07T14:53:35.523+0000] {logging_mixin.py:190} INFO - [2024-10-07T14:53:35.523+0000] {dag.py:4180} INFO - Setting next_dagrun for tutorial_objectstorage to None, run_after=None
[2024-10-07T14:53:35.540+0000] {processor.py:208} INFO - Processing /home/airflow/.local/lib/python3.12/site-packages/airflow/example_dags/tutorial_objectstorage.py took 0.068 seconds
