[2024-10-10T05:42:47.018+0000] {local_task_job_runner.py:123} INFO - ::group::Pre task execution logs
[2024-10-10T05:42:47.117+0000] {taskinstance.py:2612} INFO - Dependencies all met for dep_context=non-requeueable deps ti=<TaskInstance: variabledemo_v4.t1 scheduled__2024-10-09T00:00:00+00:00 [queued]>
[2024-10-10T05:42:47.181+0000] {taskinstance.py:2612} INFO - Dependencies all met for dep_context=requeueable deps ti=<TaskInstance: variabledemo_v4.t1 scheduled__2024-10-09T00:00:00+00:00 [queued]>
[2024-10-10T05:42:47.186+0000] {taskinstance.py:2865} INFO - Starting attempt 1 of 3
[2024-10-10T05:42:47.253+0000] {taskinstance.py:2888} INFO - Executing <Task(PythonOperator): t1> on 2024-10-09 00:00:00+00:00
[2024-10-10T05:42:47.284+0000] {warnings.py:112} WARNING - /home/***/.local/lib/python3.12/site-packages/***/task/task_runner/standard_task_runner.py:70: DeprecationWarning: This process (pid=5895) is multi-threaded, use of fork() may lead to deadlocks in the child.
  pid = os.fork()

[2024-10-10T05:42:47.298+0000] {standard_task_runner.py:72} INFO - Started process 5899 to run task
[2024-10-10T05:42:47.339+0000] {standard_task_runner.py:104} INFO - Running: ['***', 'tasks', 'run', 'variabledemo_v4', 't1', 'scheduled__2024-10-09T00:00:00+00:00', '--job-id', '56', '--raw', '--subdir', 'DAGS_FOLDER/variablepython.py', '--cfg-path', '/tmp/tmpeb8g0bbn']
[2024-10-10T05:42:47.352+0000] {standard_task_runner.py:105} INFO - Job 56: Subtask t1
[2024-10-10T05:42:47.765+0000] {task_command.py:467} INFO - Running <TaskInstance: variabledemo_v4.t1 scheduled__2024-10-09T00:00:00+00:00 [running]> on host 1064a88d81e5
[2024-10-10T05:42:48.319+0000] {taskinstance.py:3131} INFO - Exporting env vars: AIRFLOW_CTX_DAG_OWNER='***' AIRFLOW_CTX_DAG_ID='variabledemo_v4' AIRFLOW_CTX_TASK_ID='t1' AIRFLOW_CTX_EXECUTION_DATE='2024-10-09T00:00:00+00:00' AIRFLOW_CTX_TRY_NUMBER='1' AIRFLOW_CTX_DAG_RUN_ID='scheduled__2024-10-09T00:00:00+00:00'
[2024-10-10T05:42:48.322+0000] {taskinstance.py:731} INFO - ::endgroup::
[2024-10-10T05:42:48.501+0000] {logging_mixin.py:190} INFO - Hi my name is Zainab Badshah and age is 26
[2024-10-10T05:42:48.504+0000] {python.py:240} INFO - Done. Returned value was: None
[2024-10-10T05:42:48.550+0000] {taskinstance.py:340} INFO - ::group::Post task execution logs
[2024-10-10T05:42:48.554+0000] {taskinstance.py:352} INFO - Marking task as SUCCESS. dag_id=variabledemo_v4, task_id=t1, run_id=scheduled__2024-10-09T00:00:00+00:00, execution_date=20241009T000000, start_date=20241010T054247, end_date=20241010T054248
[2024-10-10T05:42:48.634+0000] {local_task_job_runner.py:266} INFO - Task exited with return code 0
[2024-10-10T05:42:48.701+0000] {taskinstance.py:3900} INFO - 0 downstream tasks scheduled from follow-on schedule check
[2024-10-10T05:42:48.705+0000] {local_task_job_runner.py:245} INFO - ::endgroup::
