[2024-10-13T11:09:13.108+0000] {local_task_job_runner.py:123} INFO - ::group::Pre task execution logs
[2024-10-13T11:09:13.176+0000] {taskinstance.py:2612} INFO - Dependencies all met for dep_context=non-requeueable deps ti=<TaskInstance: demo1_v1.t2 scheduled__2024-10-12T00:00:00+00:00 [queued]>
[2024-10-13T11:09:13.215+0000] {taskinstance.py:2612} INFO - Dependencies all met for dep_context=requeueable deps ti=<TaskInstance: demo1_v1.t2 scheduled__2024-10-12T00:00:00+00:00 [queued]>
[2024-10-13T11:09:13.219+0000] {taskinstance.py:2865} INFO - Starting attempt 1 of 3
[2024-10-13T11:09:13.311+0000] {taskinstance.py:2888} INFO - Executing <Task(BashOperator): t2> on 2024-10-12 00:00:00+00:00
[2024-10-13T11:09:13.335+0000] {warnings.py:112} WARNING - /home/***/.local/lib/python3.12/site-packages/***/task/task_runner/standard_task_runner.py:70: DeprecationWarning: This process (pid=78) is multi-threaded, use of fork() may lead to deadlocks in the child.
  pid = os.fork()

[2024-10-13T11:09:13.344+0000] {standard_task_runner.py:72} INFO - Started process 90 to run task
[2024-10-13T11:09:13.346+0000] {standard_task_runner.py:104} INFO - Running: ['***', 'tasks', 'run', 'demo1_v1', 't2', 'scheduled__2024-10-12T00:00:00+00:00', '--job-id', '76', '--raw', '--subdir', 'DAGS_FOLDER/first_dag.py', '--cfg-path', '/tmp/tmpcdj79k90']
[2024-10-13T11:09:13.351+0000] {standard_task_runner.py:105} INFO - Job 76: Subtask t2
[2024-10-13T11:09:13.584+0000] {task_command.py:467} INFO - Running <TaskInstance: demo1_v1.t2 scheduled__2024-10-12T00:00:00+00:00 [running]> on host 1064a88d81e5
[2024-10-13T11:09:13.983+0000] {taskinstance.py:3131} INFO - Exporting env vars: AIRFLOW_CTX_DAG_OWNER='***' AIRFLOW_CTX_DAG_ID='demo1_v1' AIRFLOW_CTX_TASK_ID='t2' AIRFLOW_CTX_EXECUTION_DATE='2024-10-12T00:00:00+00:00' AIRFLOW_CTX_TRY_NUMBER='1' AIRFLOW_CTX_DAG_RUN_ID='scheduled__2024-10-12T00:00:00+00:00'
[2024-10-13T11:09:13.987+0000] {taskinstance.py:731} INFO - ::endgroup::
[2024-10-13T11:09:14.070+0000] {subprocess.py:63} INFO - Tmp dir root location: /tmp
[2024-10-13T11:09:14.076+0000] {subprocess.py:75} INFO - Running command: ['/usr/bin/bash', '-c', 'echo hello bash world']
[2024-10-13T11:09:14.111+0000] {subprocess.py:86} INFO - Output:
[2024-10-13T11:09:14.120+0000] {subprocess.py:93} INFO - hello bash world
[2024-10-13T11:09:14.135+0000] {subprocess.py:97} INFO - Command exited with return code 0
[2024-10-13T11:09:14.296+0000] {taskinstance.py:340} INFO - ::group::Post task execution logs
[2024-10-13T11:09:14.299+0000] {taskinstance.py:352} INFO - Marking task as SUCCESS. dag_id=demo1_v1, task_id=t2, run_id=scheduled__2024-10-12T00:00:00+00:00, execution_date=20241012T000000, start_date=20241013T110913, end_date=20241013T110914
[2024-10-13T11:09:14.399+0000] {local_task_job_runner.py:266} INFO - Task exited with return code 0
[2024-10-13T11:09:14.475+0000] {taskinstance.py:3900} INFO - 1 downstream tasks scheduled from follow-on schedule check
[2024-10-13T11:09:14.481+0000] {local_task_job_runner.py:245} INFO - ::endgroup::
