[2024-10-13T11:09:16.514+0000] {local_task_job_runner.py:123} INFO - ::group::Pre task execution logs
[2024-10-13T11:09:16.547+0000] {taskinstance.py:2612} INFO - Dependencies all met for dep_context=non-requeueable deps ti=<TaskInstance: variabledemo_v4.t1 scheduled__2024-10-12T00:00:00+00:00 [queued]>
[2024-10-13T11:09:16.566+0000] {taskinstance.py:2612} INFO - Dependencies all met for dep_context=requeueable deps ti=<TaskInstance: variabledemo_v4.t1 scheduled__2024-10-12T00:00:00+00:00 [queued]>
[2024-10-13T11:09:16.568+0000] {taskinstance.py:2865} INFO - Starting attempt 1 of 3
[2024-10-13T11:09:16.601+0000] {taskinstance.py:2888} INFO - Executing <Task(PythonOperator): t1> on 2024-10-12 00:00:00+00:00
[2024-10-13T11:09:16.613+0000] {warnings.py:112} WARNING - /home/***/.local/lib/python3.12/site-packages/***/task/task_runner/standard_task_runner.py:70: DeprecationWarning: This process (pid=98) is multi-threaded, use of fork() may lead to deadlocks in the child.
  pid = os.fork()

[2024-10-13T11:09:16.617+0000] {standard_task_runner.py:104} INFO - Running: ['***', 'tasks', 'run', 'variabledemo_v4', 't1', 'scheduled__2024-10-12T00:00:00+00:00', '--job-id', '80', '--raw', '--subdir', 'DAGS_FOLDER/variablepython.py', '--cfg-path', '/tmp/tmp5v0pc76q']
[2024-10-13T11:09:16.620+0000] {standard_task_runner.py:72} INFO - Started process 102 to run task
[2024-10-13T11:09:16.621+0000] {standard_task_runner.py:105} INFO - Job 80: Subtask t1
[2024-10-13T11:09:16.743+0000] {task_command.py:467} INFO - Running <TaskInstance: variabledemo_v4.t1 scheduled__2024-10-12T00:00:00+00:00 [running]> on host 1064a88d81e5
[2024-10-13T11:09:16.924+0000] {taskinstance.py:3131} INFO - Exporting env vars: AIRFLOW_CTX_DAG_OWNER='***' AIRFLOW_CTX_DAG_ID='variabledemo_v4' AIRFLOW_CTX_TASK_ID='t1' AIRFLOW_CTX_EXECUTION_DATE='2024-10-12T00:00:00+00:00' AIRFLOW_CTX_TRY_NUMBER='1' AIRFLOW_CTX_DAG_RUN_ID='scheduled__2024-10-12T00:00:00+00:00'
[2024-10-13T11:09:16.927+0000] {taskinstance.py:731} INFO - ::endgroup::
[2024-10-13T11:09:17.000+0000] {logging_mixin.py:190} INFO - Hi my name is Zainab Badshah and age is 26
[2024-10-13T11:09:17.002+0000] {python.py:240} INFO - Done. Returned value was: None
[2024-10-13T11:09:17.023+0000] {taskinstance.py:340} INFO - ::group::Post task execution logs
[2024-10-13T11:09:17.026+0000] {taskinstance.py:352} INFO - Marking task as SUCCESS. dag_id=variabledemo_v4, task_id=t1, run_id=scheduled__2024-10-12T00:00:00+00:00, execution_date=20241012T000000, start_date=20241013T110916, end_date=20241013T110917
[2024-10-13T11:09:17.085+0000] {local_task_job_runner.py:266} INFO - Task exited with return code 0
[2024-10-13T11:09:17.119+0000] {taskinstance.py:3900} INFO - 0 downstream tasks scheduled from follow-on schedule check
[2024-10-13T11:09:17.125+0000] {local_task_job_runner.py:245} INFO - ::endgroup::
