[2024-10-11T05:27:45.325+0000] {local_task_job_runner.py:123} INFO - ::group::Pre task execution logs
[2024-10-11T05:27:45.376+0000] {taskinstance.py:2612} INFO - Dependencies all met for dep_context=non-requeueable deps ti=<TaskInstance: variabledemo_v4.t1 scheduled__2024-10-10T00:00:00+00:00 [queued]>
[2024-10-11T05:27:45.403+0000] {taskinstance.py:2612} INFO - Dependencies all met for dep_context=requeueable deps ti=<TaskInstance: variabledemo_v4.t1 scheduled__2024-10-10T00:00:00+00:00 [queued]>
[2024-10-11T05:27:45.405+0000] {taskinstance.py:2865} INFO - Starting attempt 1 of 3
[2024-10-11T05:27:45.444+0000] {taskinstance.py:2888} INFO - Executing <Task(PythonOperator): t1> on 2024-10-10 00:00:00+00:00
[2024-10-11T05:27:45.456+0000] {warnings.py:112} WARNING - /home/***/.local/lib/python3.12/site-packages/***/task/task_runner/standard_task_runner.py:70: DeprecationWarning: This process (pid=10913) is multi-threaded, use of fork() may lead to deadlocks in the child.
  pid = os.fork()

[2024-10-11T05:27:45.460+0000] {standard_task_runner.py:72} INFO - Started process 10916 to run task
[2024-10-11T05:27:45.461+0000] {standard_task_runner.py:104} INFO - Running: ['***', 'tasks', 'run', 'variabledemo_v4', 't1', 'scheduled__2024-10-10T00:00:00+00:00', '--job-id', '66', '--raw', '--subdir', 'DAGS_FOLDER/variablepython.py', '--cfg-path', '/tmp/tmpy53o_sea']
[2024-10-11T05:27:45.464+0000] {standard_task_runner.py:105} INFO - Job 66: Subtask t1
[2024-10-11T05:27:45.616+0000] {task_command.py:467} INFO - Running <TaskInstance: variabledemo_v4.t1 scheduled__2024-10-10T00:00:00+00:00 [running]> on host 1064a88d81e5
[2024-10-11T05:27:45.843+0000] {taskinstance.py:3131} INFO - Exporting env vars: AIRFLOW_CTX_DAG_OWNER='***' AIRFLOW_CTX_DAG_ID='variabledemo_v4' AIRFLOW_CTX_TASK_ID='t1' AIRFLOW_CTX_EXECUTION_DATE='2024-10-10T00:00:00+00:00' AIRFLOW_CTX_TRY_NUMBER='1' AIRFLOW_CTX_DAG_RUN_ID='scheduled__2024-10-10T00:00:00+00:00'
[2024-10-11T05:27:45.845+0000] {taskinstance.py:731} INFO - ::endgroup::
[2024-10-11T05:27:45.926+0000] {logging_mixin.py:190} INFO - Hi my name is Zainab Badshah and age is 26
[2024-10-11T05:27:45.929+0000] {python.py:240} INFO - Done. Returned value was: None
[2024-10-11T05:27:45.947+0000] {taskinstance.py:340} INFO - ::group::Post task execution logs
[2024-10-11T05:27:45.948+0000] {taskinstance.py:352} INFO - Marking task as SUCCESS. dag_id=variabledemo_v4, task_id=t1, run_id=scheduled__2024-10-10T00:00:00+00:00, execution_date=20241010T000000, start_date=20241011T052745, end_date=20241011T052745
[2024-10-11T05:27:46.011+0000] {local_task_job_runner.py:266} INFO - Task exited with return code 0
[2024-10-11T05:27:46.041+0000] {taskinstance.py:3900} INFO - 0 downstream tasks scheduled from follow-on schedule check
[2024-10-11T05:27:46.045+0000] {local_task_job_runner.py:245} INFO - ::endgroup::
