[2024-10-13T11:09:07.592+0000] {processor.py:186} INFO - Started process (PID=83) to work on /opt/airflow/dags/first_dag.py
[2024-10-13T11:09:07.595+0000] {processor.py:914} INFO - Processing file /opt/airflow/dags/first_dag.py for tasks to queue
[2024-10-13T11:09:07.603+0000] {logging_mixin.py:190} INFO - [2024-10-13T11:09:07.601+0000] {dagbag.py:588} INFO - Filling up the DagBag from /opt/airflow/dags/first_dag.py
[2024-10-13T11:09:07.728+0000] {processor.py:925} INFO - DAG(s) 'demo1_v1' retrieved from /opt/airflow/dags/first_dag.py
[2024-10-13T11:09:07.821+0000] {logging_mixin.py:190} INFO - [2024-10-13T11:09:07.820+0000] {dag.py:3239} INFO - Sync 1 DAGs
[2024-10-13T11:09:07.896+0000] {logging_mixin.py:190} INFO - [2024-10-13T11:09:07.895+0000] {dag.py:4180} INFO - Setting next_dagrun for demo1_v1 to 2024-10-12 00:00:00+00:00, run_after=2024-10-13 00:00:00+00:00
[2024-10-13T11:09:07.953+0000] {processor.py:208} INFO - Processing /opt/airflow/dags/first_dag.py took 0.375 seconds
[2024-10-13T11:09:38.778+0000] {processor.py:186} INFO - Started process (PID=113) to work on /opt/airflow/dags/first_dag.py
[2024-10-13T11:09:38.780+0000] {processor.py:914} INFO - Processing file /opt/airflow/dags/first_dag.py for tasks to queue
[2024-10-13T11:09:38.783+0000] {logging_mixin.py:190} INFO - [2024-10-13T11:09:38.782+0000] {dagbag.py:588} INFO - Filling up the DagBag from /opt/airflow/dags/first_dag.py
[2024-10-13T11:09:38.835+0000] {processor.py:925} INFO - DAG(s) 'demo1_v1' retrieved from /opt/airflow/dags/first_dag.py
[2024-10-13T11:09:38.863+0000] {logging_mixin.py:190} INFO - [2024-10-13T11:09:38.862+0000] {dag.py:3239} INFO - Sync 1 DAGs
[2024-10-13T11:09:38.887+0000] {logging_mixin.py:190} INFO - [2024-10-13T11:09:38.886+0000] {dag.py:4180} INFO - Setting next_dagrun for demo1_v1 to 2024-10-13 00:00:00+00:00, run_after=2024-10-14 00:00:00+00:00
[2024-10-13T11:09:38.918+0000] {processor.py:208} INFO - Processing /opt/airflow/dags/first_dag.py took 0.145 seconds
[2024-10-13T11:10:09.173+0000] {processor.py:186} INFO - Started process (PID=123) to work on /opt/airflow/dags/first_dag.py
[2024-10-13T11:10:09.174+0000] {processor.py:914} INFO - Processing file /opt/airflow/dags/first_dag.py for tasks to queue
[2024-10-13T11:10:09.176+0000] {logging_mixin.py:190} INFO - [2024-10-13T11:10:09.176+0000] {dagbag.py:588} INFO - Filling up the DagBag from /opt/airflow/dags/first_dag.py
[2024-10-13T11:10:09.230+0000] {processor.py:925} INFO - DAG(s) 'demo1_v1' retrieved from /opt/airflow/dags/first_dag.py
[2024-10-13T11:10:09.250+0000] {logging_mixin.py:190} INFO - [2024-10-13T11:10:09.250+0000] {dag.py:3239} INFO - Sync 1 DAGs
[2024-10-13T11:10:09.269+0000] {logging_mixin.py:190} INFO - [2024-10-13T11:10:09.269+0000] {dag.py:4180} INFO - Setting next_dagrun for demo1_v1 to 2024-10-13 00:00:00+00:00, run_after=2024-10-14 00:00:00+00:00
[2024-10-13T11:10:09.290+0000] {processor.py:208} INFO - Processing /opt/airflow/dags/first_dag.py took 0.121 seconds
[2024-10-13T11:10:39.369+0000] {processor.py:186} INFO - Started process (PID=133) to work on /opt/airflow/dags/first_dag.py
[2024-10-13T11:10:39.370+0000] {processor.py:914} INFO - Processing file /opt/airflow/dags/first_dag.py for tasks to queue
[2024-10-13T11:10:39.372+0000] {logging_mixin.py:190} INFO - [2024-10-13T11:10:39.372+0000] {dagbag.py:588} INFO - Filling up the DagBag from /opt/airflow/dags/first_dag.py
[2024-10-13T11:10:39.410+0000] {processor.py:925} INFO - DAG(s) 'demo1_v1' retrieved from /opt/airflow/dags/first_dag.py
[2024-10-13T11:10:39.433+0000] {logging_mixin.py:190} INFO - [2024-10-13T11:10:39.433+0000] {dag.py:3239} INFO - Sync 1 DAGs
[2024-10-13T11:10:39.461+0000] {logging_mixin.py:190} INFO - [2024-10-13T11:10:39.461+0000] {dag.py:4180} INFO - Setting next_dagrun for demo1_v1 to 2024-10-13 00:00:00+00:00, run_after=2024-10-14 00:00:00+00:00
[2024-10-13T11:10:39.640+0000] {processor.py:208} INFO - Processing /opt/airflow/dags/first_dag.py took 0.277 seconds
[2024-10-13T11:11:09.754+0000] {processor.py:186} INFO - Started process (PID=147) to work on /opt/airflow/dags/first_dag.py
[2024-10-13T11:11:09.755+0000] {processor.py:914} INFO - Processing file /opt/airflow/dags/first_dag.py for tasks to queue
[2024-10-13T11:11:09.757+0000] {logging_mixin.py:190} INFO - [2024-10-13T11:11:09.757+0000] {dagbag.py:588} INFO - Filling up the DagBag from /opt/airflow/dags/first_dag.py
[2024-10-13T11:11:09.801+0000] {processor.py:925} INFO - DAG(s) 'demo1_v1' retrieved from /opt/airflow/dags/first_dag.py
[2024-10-13T11:11:09.829+0000] {logging_mixin.py:190} INFO - [2024-10-13T11:11:09.829+0000] {dag.py:3239} INFO - Sync 1 DAGs
[2024-10-13T11:11:09.989+0000] {logging_mixin.py:190} INFO - [2024-10-13T11:11:09.989+0000] {dag.py:4180} INFO - Setting next_dagrun for demo1_v1 to 2024-10-13 00:00:00+00:00, run_after=2024-10-14 00:00:00+00:00
[2024-10-13T11:11:10.014+0000] {processor.py:208} INFO - Processing /opt/airflow/dags/first_dag.py took 0.266 seconds
[2024-10-13T11:11:40.152+0000] {processor.py:186} INFO - Started process (PID=157) to work on /opt/airflow/dags/first_dag.py
[2024-10-13T11:11:40.154+0000] {processor.py:914} INFO - Processing file /opt/airflow/dags/first_dag.py for tasks to queue
[2024-10-13T11:11:40.156+0000] {logging_mixin.py:190} INFO - [2024-10-13T11:11:40.156+0000] {dagbag.py:588} INFO - Filling up the DagBag from /opt/airflow/dags/first_dag.py
[2024-10-13T11:11:40.207+0000] {processor.py:925} INFO - DAG(s) 'demo1_v1' retrieved from /opt/airflow/dags/first_dag.py
[2024-10-13T11:11:40.347+0000] {logging_mixin.py:190} INFO - [2024-10-13T11:11:40.346+0000] {dag.py:3239} INFO - Sync 1 DAGs
[2024-10-13T11:11:40.363+0000] {logging_mixin.py:190} INFO - [2024-10-13T11:11:40.363+0000] {dag.py:4180} INFO - Setting next_dagrun for demo1_v1 to 2024-10-13 00:00:00+00:00, run_after=2024-10-14 00:00:00+00:00
[2024-10-13T11:11:40.379+0000] {processor.py:208} INFO - Processing /opt/airflow/dags/first_dag.py took 0.233 seconds
[2024-10-13T11:12:11.123+0000] {processor.py:186} INFO - Started process (PID=167) to work on /opt/airflow/dags/first_dag.py
[2024-10-13T11:12:11.125+0000] {processor.py:914} INFO - Processing file /opt/airflow/dags/first_dag.py for tasks to queue
[2024-10-13T11:12:11.250+0000] {logging_mixin.py:190} INFO - [2024-10-13T11:12:11.250+0000] {dagbag.py:588} INFO - Filling up the DagBag from /opt/airflow/dags/first_dag.py
[2024-10-13T11:12:11.300+0000] {processor.py:925} INFO - DAG(s) 'demo1_v1' retrieved from /opt/airflow/dags/first_dag.py
[2024-10-13T11:12:11.324+0000] {logging_mixin.py:190} INFO - [2024-10-13T11:12:11.324+0000] {dag.py:3239} INFO - Sync 1 DAGs
[2024-10-13T11:12:11.346+0000] {logging_mixin.py:190} INFO - [2024-10-13T11:12:11.346+0000] {dag.py:4180} INFO - Setting next_dagrun for demo1_v1 to 2024-10-13 00:00:00+00:00, run_after=2024-10-14 00:00:00+00:00
[2024-10-13T11:12:11.368+0000] {processor.py:208} INFO - Processing /opt/airflow/dags/first_dag.py took 0.250 seconds
[2024-10-13T11:12:42.253+0000] {processor.py:186} INFO - Started process (PID=177) to work on /opt/airflow/dags/first_dag.py
[2024-10-13T11:12:42.254+0000] {processor.py:914} INFO - Processing file /opt/airflow/dags/first_dag.py for tasks to queue
[2024-10-13T11:12:42.257+0000] {logging_mixin.py:190} INFO - [2024-10-13T11:12:42.257+0000] {dagbag.py:588} INFO - Filling up the DagBag from /opt/airflow/dags/first_dag.py
[2024-10-13T11:12:42.322+0000] {processor.py:925} INFO - DAG(s) 'demo1_v1' retrieved from /opt/airflow/dags/first_dag.py
[2024-10-13T11:12:42.350+0000] {logging_mixin.py:190} INFO - [2024-10-13T11:12:42.350+0000] {dag.py:3239} INFO - Sync 1 DAGs
[2024-10-13T11:12:42.374+0000] {logging_mixin.py:190} INFO - [2024-10-13T11:12:42.373+0000] {dag.py:4180} INFO - Setting next_dagrun for demo1_v1 to 2024-10-13 00:00:00+00:00, run_after=2024-10-14 00:00:00+00:00
[2024-10-13T11:12:42.398+0000] {processor.py:208} INFO - Processing /opt/airflow/dags/first_dag.py took 0.152 seconds
[2024-10-13T11:13:12.510+0000] {processor.py:186} INFO - Started process (PID=187) to work on /opt/airflow/dags/first_dag.py
[2024-10-13T11:13:12.512+0000] {processor.py:914} INFO - Processing file /opt/airflow/dags/first_dag.py for tasks to queue
[2024-10-13T11:13:12.514+0000] {logging_mixin.py:190} INFO - [2024-10-13T11:13:12.513+0000] {dagbag.py:588} INFO - Filling up the DagBag from /opt/airflow/dags/first_dag.py
[2024-10-13T11:13:12.572+0000] {processor.py:925} INFO - DAG(s) 'demo1_v1' retrieved from /opt/airflow/dags/first_dag.py
[2024-10-13T11:13:12.597+0000] {logging_mixin.py:190} INFO - [2024-10-13T11:13:12.597+0000] {dag.py:3239} INFO - Sync 1 DAGs
[2024-10-13T11:13:12.619+0000] {logging_mixin.py:190} INFO - [2024-10-13T11:13:12.619+0000] {dag.py:4180} INFO - Setting next_dagrun for demo1_v1 to 2024-10-13 00:00:00+00:00, run_after=2024-10-14 00:00:00+00:00
[2024-10-13T11:13:12.640+0000] {processor.py:208} INFO - Processing /opt/airflow/dags/first_dag.py took 0.135 seconds
[2024-10-13T11:13:43.167+0000] {processor.py:186} INFO - Started process (PID=197) to work on /opt/airflow/dags/first_dag.py
[2024-10-13T11:13:43.168+0000] {processor.py:914} INFO - Processing file /opt/airflow/dags/first_dag.py for tasks to queue
[2024-10-13T11:13:43.171+0000] {logging_mixin.py:190} INFO - [2024-10-13T11:13:43.170+0000] {dagbag.py:588} INFO - Filling up the DagBag from /opt/airflow/dags/first_dag.py
[2024-10-13T11:13:43.218+0000] {processor.py:925} INFO - DAG(s) 'demo1_v1' retrieved from /opt/airflow/dags/first_dag.py
[2024-10-13T11:13:43.248+0000] {logging_mixin.py:190} INFO - [2024-10-13T11:13:43.247+0000] {dag.py:3239} INFO - Sync 1 DAGs
[2024-10-13T11:13:43.288+0000] {logging_mixin.py:190} INFO - [2024-10-13T11:13:43.288+0000] {dag.py:4180} INFO - Setting next_dagrun for demo1_v1 to 2024-10-13 00:00:00+00:00, run_after=2024-10-14 00:00:00+00:00
[2024-10-13T11:13:43.309+0000] {processor.py:208} INFO - Processing /opt/airflow/dags/first_dag.py took 0.152 seconds
[2024-10-13T11:14:14.347+0000] {processor.py:186} INFO - Started process (PID=207) to work on /opt/airflow/dags/first_dag.py
[2024-10-13T11:14:14.349+0000] {processor.py:914} INFO - Processing file /opt/airflow/dags/first_dag.py for tasks to queue
[2024-10-13T11:14:14.352+0000] {logging_mixin.py:190} INFO - [2024-10-13T11:14:14.350+0000] {dagbag.py:588} INFO - Filling up the DagBag from /opt/airflow/dags/first_dag.py
[2024-10-13T11:14:14.397+0000] {processor.py:925} INFO - DAG(s) 'demo1_v1' retrieved from /opt/airflow/dags/first_dag.py
[2024-10-13T11:14:14.426+0000] {logging_mixin.py:190} INFO - [2024-10-13T11:14:14.426+0000] {dag.py:3239} INFO - Sync 1 DAGs
[2024-10-13T11:14:14.463+0000] {logging_mixin.py:190} INFO - [2024-10-13T11:14:14.463+0000] {dag.py:4180} INFO - Setting next_dagrun for demo1_v1 to 2024-10-13 00:00:00+00:00, run_after=2024-10-14 00:00:00+00:00
[2024-10-13T11:14:14.498+0000] {processor.py:208} INFO - Processing /opt/airflow/dags/first_dag.py took 0.156 seconds
[2024-10-13T11:14:45.080+0000] {processor.py:186} INFO - Started process (PID=217) to work on /opt/airflow/dags/first_dag.py
[2024-10-13T11:14:45.082+0000] {processor.py:914} INFO - Processing file /opt/airflow/dags/first_dag.py for tasks to queue
[2024-10-13T11:14:45.085+0000] {logging_mixin.py:190} INFO - [2024-10-13T11:14:45.084+0000] {dagbag.py:588} INFO - Filling up the DagBag from /opt/airflow/dags/first_dag.py
[2024-10-13T11:14:45.142+0000] {processor.py:925} INFO - DAG(s) 'demo1_v1' retrieved from /opt/airflow/dags/first_dag.py
[2024-10-13T11:14:45.171+0000] {logging_mixin.py:190} INFO - [2024-10-13T11:14:45.171+0000] {dag.py:3239} INFO - Sync 1 DAGs
[2024-10-13T11:14:45.197+0000] {logging_mixin.py:190} INFO - [2024-10-13T11:14:45.197+0000] {dag.py:4180} INFO - Setting next_dagrun for demo1_v1 to 2024-10-13 00:00:00+00:00, run_after=2024-10-14 00:00:00+00:00
[2024-10-13T11:14:45.226+0000] {processor.py:208} INFO - Processing /opt/airflow/dags/first_dag.py took 0.153 seconds
[2024-10-13T11:15:15.815+0000] {processor.py:186} INFO - Started process (PID=227) to work on /opt/airflow/dags/first_dag.py
[2024-10-13T11:15:15.817+0000] {processor.py:914} INFO - Processing file /opt/airflow/dags/first_dag.py for tasks to queue
[2024-10-13T11:15:15.820+0000] {logging_mixin.py:190} INFO - [2024-10-13T11:15:15.819+0000] {dagbag.py:588} INFO - Filling up the DagBag from /opt/airflow/dags/first_dag.py
[2024-10-13T11:15:15.888+0000] {processor.py:925} INFO - DAG(s) 'demo1_v1' retrieved from /opt/airflow/dags/first_dag.py
[2024-10-13T11:15:15.927+0000] {logging_mixin.py:190} INFO - [2024-10-13T11:15:15.926+0000] {dag.py:3239} INFO - Sync 1 DAGs
[2024-10-13T11:15:15.966+0000] {logging_mixin.py:190} INFO - [2024-10-13T11:15:15.966+0000] {dag.py:4180} INFO - Setting next_dagrun for demo1_v1 to 2024-10-13 00:00:00+00:00, run_after=2024-10-14 00:00:00+00:00
[2024-10-13T11:15:16.013+0000] {processor.py:208} INFO - Processing /opt/airflow/dags/first_dag.py took 0.210 seconds
[2024-10-13T11:15:46.351+0000] {processor.py:186} INFO - Started process (PID=237) to work on /opt/airflow/dags/first_dag.py
[2024-10-13T11:15:46.354+0000] {processor.py:914} INFO - Processing file /opt/airflow/dags/first_dag.py for tasks to queue
[2024-10-13T11:15:46.357+0000] {logging_mixin.py:190} INFO - [2024-10-13T11:15:46.356+0000] {dagbag.py:588} INFO - Filling up the DagBag from /opt/airflow/dags/first_dag.py
[2024-10-13T11:15:46.415+0000] {processor.py:925} INFO - DAG(s) 'demo1_v1' retrieved from /opt/airflow/dags/first_dag.py
[2024-10-13T11:15:46.450+0000] {logging_mixin.py:190} INFO - [2024-10-13T11:15:46.449+0000] {dag.py:3239} INFO - Sync 1 DAGs
[2024-10-13T11:15:46.482+0000] {logging_mixin.py:190} INFO - [2024-10-13T11:15:46.481+0000] {dag.py:4180} INFO - Setting next_dagrun for demo1_v1 to 2024-10-13 00:00:00+00:00, run_after=2024-10-14 00:00:00+00:00
[2024-10-13T11:15:46.509+0000] {processor.py:208} INFO - Processing /opt/airflow/dags/first_dag.py took 0.167 seconds
[2024-10-13T11:16:17.146+0000] {processor.py:186} INFO - Started process (PID=248) to work on /opt/airflow/dags/first_dag.py
[2024-10-13T11:16:17.148+0000] {processor.py:914} INFO - Processing file /opt/airflow/dags/first_dag.py for tasks to queue
[2024-10-13T11:16:17.150+0000] {logging_mixin.py:190} INFO - [2024-10-13T11:16:17.150+0000] {dagbag.py:588} INFO - Filling up the DagBag from /opt/airflow/dags/first_dag.py
[2024-10-13T11:16:17.201+0000] {processor.py:925} INFO - DAG(s) 'demo1_v1' retrieved from /opt/airflow/dags/first_dag.py
[2024-10-13T11:16:17.235+0000] {logging_mixin.py:190} INFO - [2024-10-13T11:16:17.234+0000] {dag.py:3239} INFO - Sync 1 DAGs
[2024-10-13T11:16:17.262+0000] {logging_mixin.py:190} INFO - [2024-10-13T11:16:17.262+0000] {dag.py:4180} INFO - Setting next_dagrun for demo1_v1 to 2024-10-13 00:00:00+00:00, run_after=2024-10-14 00:00:00+00:00
[2024-10-13T11:16:17.299+0000] {processor.py:208} INFO - Processing /opt/airflow/dags/first_dag.py took 0.160 seconds
[2024-10-13T11:16:47.934+0000] {processor.py:186} INFO - Started process (PID=258) to work on /opt/airflow/dags/first_dag.py
[2024-10-13T11:16:47.937+0000] {processor.py:914} INFO - Processing file /opt/airflow/dags/first_dag.py for tasks to queue
[2024-10-13T11:16:47.939+0000] {logging_mixin.py:190} INFO - [2024-10-13T11:16:47.938+0000] {dagbag.py:588} INFO - Filling up the DagBag from /opt/airflow/dags/first_dag.py
[2024-10-13T11:16:47.999+0000] {processor.py:925} INFO - DAG(s) 'demo1_v1' retrieved from /opt/airflow/dags/first_dag.py
[2024-10-13T11:16:48.022+0000] {logging_mixin.py:190} INFO - [2024-10-13T11:16:48.021+0000] {dag.py:3239} INFO - Sync 1 DAGs
[2024-10-13T11:16:48.042+0000] {logging_mixin.py:190} INFO - [2024-10-13T11:16:48.042+0000] {dag.py:4180} INFO - Setting next_dagrun for demo1_v1 to 2024-10-13 00:00:00+00:00, run_after=2024-10-14 00:00:00+00:00
[2024-10-13T11:16:48.067+0000] {processor.py:208} INFO - Processing /opt/airflow/dags/first_dag.py took 0.137 seconds
[2024-10-13T11:17:18.765+0000] {processor.py:186} INFO - Started process (PID=268) to work on /opt/airflow/dags/first_dag.py
[2024-10-13T11:17:18.766+0000] {processor.py:914} INFO - Processing file /opt/airflow/dags/first_dag.py for tasks to queue
[2024-10-13T11:17:18.769+0000] {logging_mixin.py:190} INFO - [2024-10-13T11:17:18.768+0000] {dagbag.py:588} INFO - Filling up the DagBag from /opt/airflow/dags/first_dag.py
[2024-10-13T11:17:18.821+0000] {processor.py:925} INFO - DAG(s) 'demo1_v1' retrieved from /opt/airflow/dags/first_dag.py
[2024-10-13T11:17:18.856+0000] {logging_mixin.py:190} INFO - [2024-10-13T11:17:18.856+0000] {dag.py:3239} INFO - Sync 1 DAGs
[2024-10-13T11:17:18.887+0000] {logging_mixin.py:190} INFO - [2024-10-13T11:17:18.887+0000] {dag.py:4180} INFO - Setting next_dagrun for demo1_v1 to 2024-10-13 00:00:00+00:00, run_after=2024-10-14 00:00:00+00:00
[2024-10-13T11:17:18.927+0000] {processor.py:208} INFO - Processing /opt/airflow/dags/first_dag.py took 0.168 seconds
[2024-10-13T11:17:49.866+0000] {processor.py:186} INFO - Started process (PID=278) to work on /opt/airflow/dags/first_dag.py
[2024-10-13T11:17:49.868+0000] {processor.py:914} INFO - Processing file /opt/airflow/dags/first_dag.py for tasks to queue
[2024-10-13T11:17:49.873+0000] {logging_mixin.py:190} INFO - [2024-10-13T11:17:49.870+0000] {dagbag.py:588} INFO - Filling up the DagBag from /opt/airflow/dags/first_dag.py
[2024-10-13T11:17:49.946+0000] {processor.py:925} INFO - DAG(s) 'demo1_v1' retrieved from /opt/airflow/dags/first_dag.py
[2024-10-13T11:17:50.027+0000] {logging_mixin.py:190} INFO - [2024-10-13T11:17:50.027+0000] {dag.py:3239} INFO - Sync 1 DAGs
[2024-10-13T11:17:50.086+0000] {logging_mixin.py:190} INFO - [2024-10-13T11:17:50.086+0000] {dag.py:4180} INFO - Setting next_dagrun for demo1_v1 to 2024-10-13 00:00:00+00:00, run_after=2024-10-14 00:00:00+00:00
[2024-10-13T11:17:50.127+0000] {processor.py:208} INFO - Processing /opt/airflow/dags/first_dag.py took 0.278 seconds
[2024-10-13T11:18:21.005+0000] {processor.py:186} INFO - Started process (PID=288) to work on /opt/airflow/dags/first_dag.py
[2024-10-13T11:18:21.007+0000] {processor.py:914} INFO - Processing file /opt/airflow/dags/first_dag.py for tasks to queue
[2024-10-13T11:18:21.008+0000] {logging_mixin.py:190} INFO - [2024-10-13T11:18:21.008+0000] {dagbag.py:588} INFO - Filling up the DagBag from /opt/airflow/dags/first_dag.py
[2024-10-13T11:18:21.048+0000] {processor.py:925} INFO - DAG(s) 'demo1_v1' retrieved from /opt/airflow/dags/first_dag.py
[2024-10-13T11:18:21.070+0000] {logging_mixin.py:190} INFO - [2024-10-13T11:18:21.070+0000] {dag.py:3239} INFO - Sync 1 DAGs
[2024-10-13T11:18:21.090+0000] {logging_mixin.py:190} INFO - [2024-10-13T11:18:21.090+0000] {dag.py:4180} INFO - Setting next_dagrun for demo1_v1 to 2024-10-13 00:00:00+00:00, run_after=2024-10-14 00:00:00+00:00
[2024-10-13T11:18:21.108+0000] {processor.py:208} INFO - Processing /opt/airflow/dags/first_dag.py took 0.107 seconds
[2024-10-13T11:18:51.694+0000] {processor.py:186} INFO - Started process (PID=298) to work on /opt/airflow/dags/first_dag.py
[2024-10-13T11:18:51.697+0000] {processor.py:914} INFO - Processing file /opt/airflow/dags/first_dag.py for tasks to queue
[2024-10-13T11:18:51.699+0000] {logging_mixin.py:190} INFO - [2024-10-13T11:18:51.698+0000] {dagbag.py:588} INFO - Filling up the DagBag from /opt/airflow/dags/first_dag.py
[2024-10-13T11:18:51.751+0000] {processor.py:925} INFO - DAG(s) 'demo1_v1' retrieved from /opt/airflow/dags/first_dag.py
[2024-10-13T11:18:51.772+0000] {logging_mixin.py:190} INFO - [2024-10-13T11:18:51.772+0000] {dag.py:3239} INFO - Sync 1 DAGs
[2024-10-13T11:18:51.791+0000] {logging_mixin.py:190} INFO - [2024-10-13T11:18:51.791+0000] {dag.py:4180} INFO - Setting next_dagrun for demo1_v1 to 2024-10-13 00:00:00+00:00, run_after=2024-10-14 00:00:00+00:00
[2024-10-13T11:18:51.813+0000] {processor.py:208} INFO - Processing /opt/airflow/dags/first_dag.py took 0.123 seconds
[2024-10-13T11:19:22.051+0000] {processor.py:186} INFO - Started process (PID=308) to work on /opt/airflow/dags/first_dag.py
[2024-10-13T11:19:22.053+0000] {processor.py:914} INFO - Processing file /opt/airflow/dags/first_dag.py for tasks to queue
[2024-10-13T11:19:22.055+0000] {logging_mixin.py:190} INFO - [2024-10-13T11:19:22.054+0000] {dagbag.py:588} INFO - Filling up the DagBag from /opt/airflow/dags/first_dag.py
[2024-10-13T11:19:22.101+0000] {processor.py:925} INFO - DAG(s) 'demo1_v1' retrieved from /opt/airflow/dags/first_dag.py
[2024-10-13T11:19:22.124+0000] {logging_mixin.py:190} INFO - [2024-10-13T11:19:22.123+0000] {dag.py:3239} INFO - Sync 1 DAGs
[2024-10-13T11:19:22.146+0000] {logging_mixin.py:190} INFO - [2024-10-13T11:19:22.146+0000] {dag.py:4180} INFO - Setting next_dagrun for demo1_v1 to 2024-10-13 00:00:00+00:00, run_after=2024-10-14 00:00:00+00:00
[2024-10-13T11:19:22.178+0000] {processor.py:208} INFO - Processing /opt/airflow/dags/first_dag.py took 0.132 seconds
[2024-10-13T11:19:52.789+0000] {processor.py:186} INFO - Started process (PID=318) to work on /opt/airflow/dags/first_dag.py
[2024-10-13T11:19:52.791+0000] {processor.py:914} INFO - Processing file /opt/airflow/dags/first_dag.py for tasks to queue
[2024-10-13T11:19:52.794+0000] {logging_mixin.py:190} INFO - [2024-10-13T11:19:52.793+0000] {dagbag.py:588} INFO - Filling up the DagBag from /opt/airflow/dags/first_dag.py
[2024-10-13T11:19:52.858+0000] {processor.py:925} INFO - DAG(s) 'demo1_v1' retrieved from /opt/airflow/dags/first_dag.py
[2024-10-13T11:19:52.885+0000] {logging_mixin.py:190} INFO - [2024-10-13T11:19:52.885+0000] {dag.py:3239} INFO - Sync 1 DAGs
[2024-10-13T11:19:52.907+0000] {logging_mixin.py:190} INFO - [2024-10-13T11:19:52.907+0000] {dag.py:4180} INFO - Setting next_dagrun for demo1_v1 to 2024-10-13 00:00:00+00:00, run_after=2024-10-14 00:00:00+00:00
[2024-10-13T11:19:52.931+0000] {processor.py:208} INFO - Processing /opt/airflow/dags/first_dag.py took 0.151 seconds
[2024-10-13T11:20:23.592+0000] {processor.py:186} INFO - Started process (PID=328) to work on /opt/airflow/dags/first_dag.py
[2024-10-13T11:20:23.594+0000] {processor.py:914} INFO - Processing file /opt/airflow/dags/first_dag.py for tasks to queue
[2024-10-13T11:20:23.596+0000] {logging_mixin.py:190} INFO - [2024-10-13T11:20:23.595+0000] {dagbag.py:588} INFO - Filling up the DagBag from /opt/airflow/dags/first_dag.py
[2024-10-13T11:20:23.652+0000] {processor.py:925} INFO - DAG(s) 'demo1_v1' retrieved from /opt/airflow/dags/first_dag.py
[2024-10-13T11:20:23.677+0000] {logging_mixin.py:190} INFO - [2024-10-13T11:20:23.677+0000] {dag.py:3239} INFO - Sync 1 DAGs
[2024-10-13T11:20:23.716+0000] {logging_mixin.py:190} INFO - [2024-10-13T11:20:23.715+0000] {dag.py:4180} INFO - Setting next_dagrun for demo1_v1 to 2024-10-13 00:00:00+00:00, run_after=2024-10-14 00:00:00+00:00
[2024-10-13T11:20:23.742+0000] {processor.py:208} INFO - Processing /opt/airflow/dags/first_dag.py took 0.156 seconds
[2024-10-13T11:20:54.012+0000] {processor.py:186} INFO - Started process (PID=338) to work on /opt/airflow/dags/first_dag.py
[2024-10-13T11:20:54.013+0000] {processor.py:914} INFO - Processing file /opt/airflow/dags/first_dag.py for tasks to queue
[2024-10-13T11:20:54.016+0000] {logging_mixin.py:190} INFO - [2024-10-13T11:20:54.016+0000] {dagbag.py:588} INFO - Filling up the DagBag from /opt/airflow/dags/first_dag.py
[2024-10-13T11:20:54.058+0000] {processor.py:925} INFO - DAG(s) 'demo1_v1' retrieved from /opt/airflow/dags/first_dag.py
[2024-10-13T11:20:54.084+0000] {logging_mixin.py:190} INFO - [2024-10-13T11:20:54.083+0000] {dag.py:3239} INFO - Sync 1 DAGs
[2024-10-13T11:20:54.118+0000] {logging_mixin.py:190} INFO - [2024-10-13T11:20:54.118+0000] {dag.py:4180} INFO - Setting next_dagrun for demo1_v1 to 2024-10-13 00:00:00+00:00, run_after=2024-10-14 00:00:00+00:00
[2024-10-13T11:20:54.141+0000] {processor.py:208} INFO - Processing /opt/airflow/dags/first_dag.py took 0.135 seconds
[2024-10-13T11:21:24.810+0000] {processor.py:186} INFO - Started process (PID=348) to work on /opt/airflow/dags/first_dag.py
[2024-10-13T11:21:24.811+0000] {processor.py:914} INFO - Processing file /opt/airflow/dags/first_dag.py for tasks to queue
[2024-10-13T11:21:24.813+0000] {logging_mixin.py:190} INFO - [2024-10-13T11:21:24.813+0000] {dagbag.py:588} INFO - Filling up the DagBag from /opt/airflow/dags/first_dag.py
[2024-10-13T11:21:24.876+0000] {processor.py:925} INFO - DAG(s) 'demo1_v1' retrieved from /opt/airflow/dags/first_dag.py
[2024-10-13T11:21:24.899+0000] {logging_mixin.py:190} INFO - [2024-10-13T11:21:24.899+0000] {dag.py:3239} INFO - Sync 1 DAGs
[2024-10-13T11:21:24.924+0000] {logging_mixin.py:190} INFO - [2024-10-13T11:21:24.924+0000] {dag.py:4180} INFO - Setting next_dagrun for demo1_v1 to 2024-10-13 00:00:00+00:00, run_after=2024-10-14 00:00:00+00:00
[2024-10-13T11:21:24.948+0000] {processor.py:208} INFO - Processing /opt/airflow/dags/first_dag.py took 0.144 seconds
[2024-10-13T11:21:55.673+0000] {processor.py:186} INFO - Started process (PID=358) to work on /opt/airflow/dags/first_dag.py
[2024-10-13T11:21:55.675+0000] {processor.py:914} INFO - Processing file /opt/airflow/dags/first_dag.py for tasks to queue
[2024-10-13T11:21:55.677+0000] {logging_mixin.py:190} INFO - [2024-10-13T11:21:55.676+0000] {dagbag.py:588} INFO - Filling up the DagBag from /opt/airflow/dags/first_dag.py
[2024-10-13T11:21:55.730+0000] {processor.py:925} INFO - DAG(s) 'demo1_v1' retrieved from /opt/airflow/dags/first_dag.py
[2024-10-13T11:21:55.757+0000] {logging_mixin.py:190} INFO - [2024-10-13T11:21:55.757+0000] {dag.py:3239} INFO - Sync 1 DAGs
[2024-10-13T11:21:55.781+0000] {logging_mixin.py:190} INFO - [2024-10-13T11:21:55.781+0000] {dag.py:4180} INFO - Setting next_dagrun for demo1_v1 to 2024-10-13 00:00:00+00:00, run_after=2024-10-14 00:00:00+00:00
[2024-10-13T11:21:55.809+0000] {processor.py:208} INFO - Processing /opt/airflow/dags/first_dag.py took 0.142 seconds
[2024-10-13T11:22:26.397+0000] {processor.py:186} INFO - Started process (PID=368) to work on /opt/airflow/dags/first_dag.py
[2024-10-13T11:22:26.398+0000] {processor.py:914} INFO - Processing file /opt/airflow/dags/first_dag.py for tasks to queue
[2024-10-13T11:22:26.400+0000] {logging_mixin.py:190} INFO - [2024-10-13T11:22:26.400+0000] {dagbag.py:588} INFO - Filling up the DagBag from /opt/airflow/dags/first_dag.py
[2024-10-13T11:22:26.455+0000] {processor.py:925} INFO - DAG(s) 'demo1_v1' retrieved from /opt/airflow/dags/first_dag.py
[2024-10-13T11:22:26.479+0000] {logging_mixin.py:190} INFO - [2024-10-13T11:22:26.479+0000] {dag.py:3239} INFO - Sync 1 DAGs
[2024-10-13T11:22:26.500+0000] {logging_mixin.py:190} INFO - [2024-10-13T11:22:26.500+0000] {dag.py:4180} INFO - Setting next_dagrun for demo1_v1 to 2024-10-13 00:00:00+00:00, run_after=2024-10-14 00:00:00+00:00
[2024-10-13T11:22:26.522+0000] {processor.py:208} INFO - Processing /opt/airflow/dags/first_dag.py took 0.130 seconds
[2024-10-13T11:22:57.094+0000] {processor.py:186} INFO - Started process (PID=378) to work on /opt/airflow/dags/first_dag.py
[2024-10-13T11:22:57.095+0000] {processor.py:914} INFO - Processing file /opt/airflow/dags/first_dag.py for tasks to queue
[2024-10-13T11:22:57.099+0000] {logging_mixin.py:190} INFO - [2024-10-13T11:22:57.097+0000] {dagbag.py:588} INFO - Filling up the DagBag from /opt/airflow/dags/first_dag.py
[2024-10-13T11:22:57.157+0000] {processor.py:925} INFO - DAG(s) 'demo1_v1' retrieved from /opt/airflow/dags/first_dag.py
[2024-10-13T11:22:57.187+0000] {logging_mixin.py:190} INFO - [2024-10-13T11:22:57.186+0000] {dag.py:3239} INFO - Sync 1 DAGs
[2024-10-13T11:22:57.216+0000] {logging_mixin.py:190} INFO - [2024-10-13T11:22:57.216+0000] {dag.py:4180} INFO - Setting next_dagrun for demo1_v1 to 2024-10-13 00:00:00+00:00, run_after=2024-10-14 00:00:00+00:00
[2024-10-13T11:22:57.243+0000] {processor.py:208} INFO - Processing /opt/airflow/dags/first_dag.py took 0.155 seconds
[2024-10-13T11:23:27.798+0000] {processor.py:186} INFO - Started process (PID=388) to work on /opt/airflow/dags/first_dag.py
[2024-10-13T11:23:27.800+0000] {processor.py:914} INFO - Processing file /opt/airflow/dags/first_dag.py for tasks to queue
[2024-10-13T11:23:27.802+0000] {logging_mixin.py:190} INFO - [2024-10-13T11:23:27.802+0000] {dagbag.py:588} INFO - Filling up the DagBag from /opt/airflow/dags/first_dag.py
[2024-10-13T11:23:27.843+0000] {processor.py:925} INFO - DAG(s) 'demo1_v1' retrieved from /opt/airflow/dags/first_dag.py
[2024-10-13T11:23:27.869+0000] {logging_mixin.py:190} INFO - [2024-10-13T11:23:27.868+0000] {dag.py:3239} INFO - Sync 1 DAGs
[2024-10-13T11:23:27.896+0000] {logging_mixin.py:190} INFO - [2024-10-13T11:23:27.895+0000] {dag.py:4180} INFO - Setting next_dagrun for demo1_v1 to 2024-10-13 00:00:00+00:00, run_after=2024-10-14 00:00:00+00:00
[2024-10-13T11:23:27.921+0000] {processor.py:208} INFO - Processing /opt/airflow/dags/first_dag.py took 0.132 seconds
[2024-10-13T11:23:58.561+0000] {processor.py:186} INFO - Started process (PID=398) to work on /opt/airflow/dags/first_dag.py
[2024-10-13T11:23:58.568+0000] {processor.py:914} INFO - Processing file /opt/airflow/dags/first_dag.py for tasks to queue
[2024-10-13T11:23:58.571+0000] {logging_mixin.py:190} INFO - [2024-10-13T11:23:58.570+0000] {dagbag.py:588} INFO - Filling up the DagBag from /opt/airflow/dags/first_dag.py
[2024-10-13T11:23:58.629+0000] {processor.py:925} INFO - DAG(s) 'demo1_v1' retrieved from /opt/airflow/dags/first_dag.py
[2024-10-13T11:23:58.671+0000] {logging_mixin.py:190} INFO - [2024-10-13T11:23:58.670+0000] {dag.py:3239} INFO - Sync 1 DAGs
[2024-10-13T11:23:58.748+0000] {logging_mixin.py:190} INFO - [2024-10-13T11:23:58.748+0000] {dag.py:4180} INFO - Setting next_dagrun for demo1_v1 to 2024-10-13 00:00:00+00:00, run_after=2024-10-14 00:00:00+00:00
[2024-10-13T11:23:58.783+0000] {processor.py:208} INFO - Processing /opt/airflow/dags/first_dag.py took 0.232 seconds
[2024-10-13T11:24:29.412+0000] {processor.py:186} INFO - Started process (PID=408) to work on /opt/airflow/dags/first_dag.py
[2024-10-13T11:24:29.414+0000] {processor.py:914} INFO - Processing file /opt/airflow/dags/first_dag.py for tasks to queue
[2024-10-13T11:24:29.417+0000] {logging_mixin.py:190} INFO - [2024-10-13T11:24:29.416+0000] {dagbag.py:588} INFO - Filling up the DagBag from /opt/airflow/dags/first_dag.py
[2024-10-13T11:24:29.469+0000] {processor.py:925} INFO - DAG(s) 'demo1_v1' retrieved from /opt/airflow/dags/first_dag.py
[2024-10-13T11:24:29.503+0000] {logging_mixin.py:190} INFO - [2024-10-13T11:24:29.503+0000] {dag.py:3239} INFO - Sync 1 DAGs
[2024-10-13T11:24:29.535+0000] {logging_mixin.py:190} INFO - [2024-10-13T11:24:29.534+0000] {dag.py:4180} INFO - Setting next_dagrun for demo1_v1 to 2024-10-13 00:00:00+00:00, run_after=2024-10-14 00:00:00+00:00
[2024-10-13T11:24:29.566+0000] {processor.py:208} INFO - Processing /opt/airflow/dags/first_dag.py took 0.164 seconds
[2024-10-13T11:24:59.888+0000] {processor.py:186} INFO - Started process (PID=418) to work on /opt/airflow/dags/first_dag.py
[2024-10-13T11:24:59.890+0000] {processor.py:914} INFO - Processing file /opt/airflow/dags/first_dag.py for tasks to queue
[2024-10-13T11:24:59.894+0000] {logging_mixin.py:190} INFO - [2024-10-13T11:24:59.893+0000] {dagbag.py:588} INFO - Filling up the DagBag from /opt/airflow/dags/first_dag.py
[2024-10-13T11:24:59.959+0000] {processor.py:925} INFO - DAG(s) 'demo1_v1' retrieved from /opt/airflow/dags/first_dag.py
[2024-10-13T11:24:59.994+0000] {logging_mixin.py:190} INFO - [2024-10-13T11:24:59.994+0000] {dag.py:3239} INFO - Sync 1 DAGs
[2024-10-13T11:25:00.032+0000] {logging_mixin.py:190} INFO - [2024-10-13T11:25:00.032+0000] {dag.py:4180} INFO - Setting next_dagrun for demo1_v1 to 2024-10-13 00:00:00+00:00, run_after=2024-10-14 00:00:00+00:00
[2024-10-13T11:25:00.061+0000] {processor.py:208} INFO - Processing /opt/airflow/dags/first_dag.py took 0.180 seconds
[2024-10-13T11:25:30.419+0000] {processor.py:186} INFO - Started process (PID=428) to work on /opt/airflow/dags/first_dag.py
[2024-10-13T11:25:30.421+0000] {processor.py:914} INFO - Processing file /opt/airflow/dags/first_dag.py for tasks to queue
[2024-10-13T11:25:30.423+0000] {logging_mixin.py:190} INFO - [2024-10-13T11:25:30.423+0000] {dagbag.py:588} INFO - Filling up the DagBag from /opt/airflow/dags/first_dag.py
[2024-10-13T11:25:30.472+0000] {processor.py:925} INFO - DAG(s) 'demo1_v1' retrieved from /opt/airflow/dags/first_dag.py
[2024-10-13T11:25:30.503+0000] {logging_mixin.py:190} INFO - [2024-10-13T11:25:30.502+0000] {dag.py:3239} INFO - Sync 1 DAGs
[2024-10-13T11:25:30.532+0000] {logging_mixin.py:190} INFO - [2024-10-13T11:25:30.531+0000] {dag.py:4180} INFO - Setting next_dagrun for demo1_v1 to 2024-10-13 00:00:00+00:00, run_after=2024-10-14 00:00:00+00:00
[2024-10-13T11:25:30.555+0000] {processor.py:208} INFO - Processing /opt/airflow/dags/first_dag.py took 0.143 seconds
[2024-10-13T11:26:00.884+0000] {processor.py:186} INFO - Started process (PID=438) to work on /opt/airflow/dags/first_dag.py
[2024-10-13T11:26:00.886+0000] {processor.py:914} INFO - Processing file /opt/airflow/dags/first_dag.py for tasks to queue
[2024-10-13T11:26:00.889+0000] {logging_mixin.py:190} INFO - [2024-10-13T11:26:00.889+0000] {dagbag.py:588} INFO - Filling up the DagBag from /opt/airflow/dags/first_dag.py
[2024-10-13T11:26:00.960+0000] {processor.py:925} INFO - DAG(s) 'demo1_v1' retrieved from /opt/airflow/dags/first_dag.py
[2024-10-13T11:26:01.001+0000] {logging_mixin.py:190} INFO - [2024-10-13T11:26:01.000+0000] {dag.py:3239} INFO - Sync 1 DAGs
[2024-10-13T11:26:01.035+0000] {logging_mixin.py:190} INFO - [2024-10-13T11:26:01.034+0000] {dag.py:4180} INFO - Setting next_dagrun for demo1_v1 to 2024-10-13 00:00:00+00:00, run_after=2024-10-14 00:00:00+00:00
[2024-10-13T11:26:01.064+0000] {processor.py:208} INFO - Processing /opt/airflow/dags/first_dag.py took 0.192 seconds
[2024-10-13T11:26:31.428+0000] {processor.py:186} INFO - Started process (PID=448) to work on /opt/airflow/dags/first_dag.py
[2024-10-13T11:26:31.430+0000] {processor.py:914} INFO - Processing file /opt/airflow/dags/first_dag.py for tasks to queue
[2024-10-13T11:26:31.434+0000] {logging_mixin.py:190} INFO - [2024-10-13T11:26:31.433+0000] {dagbag.py:588} INFO - Filling up the DagBag from /opt/airflow/dags/first_dag.py
[2024-10-13T11:26:31.501+0000] {processor.py:925} INFO - DAG(s) 'demo1_v1' retrieved from /opt/airflow/dags/first_dag.py
[2024-10-13T11:26:31.550+0000] {logging_mixin.py:190} INFO - [2024-10-13T11:26:31.550+0000] {dag.py:3239} INFO - Sync 1 DAGs
[2024-10-13T11:26:31.587+0000] {logging_mixin.py:190} INFO - [2024-10-13T11:26:31.587+0000] {dag.py:4180} INFO - Setting next_dagrun for demo1_v1 to 2024-10-13 00:00:00+00:00, run_after=2024-10-14 00:00:00+00:00
[2024-10-13T11:26:31.625+0000] {processor.py:208} INFO - Processing /opt/airflow/dags/first_dag.py took 0.209 seconds
[2024-10-13T11:27:02.000+0000] {processor.py:186} INFO - Started process (PID=458) to work on /opt/airflow/dags/first_dag.py
[2024-10-13T11:27:02.002+0000] {processor.py:914} INFO - Processing file /opt/airflow/dags/first_dag.py for tasks to queue
[2024-10-13T11:27:02.005+0000] {logging_mixin.py:190} INFO - [2024-10-13T11:27:02.004+0000] {dagbag.py:588} INFO - Filling up the DagBag from /opt/airflow/dags/first_dag.py
[2024-10-13T11:27:02.062+0000] {processor.py:925} INFO - DAG(s) 'demo1_v1' retrieved from /opt/airflow/dags/first_dag.py
[2024-10-13T11:27:02.097+0000] {logging_mixin.py:190} INFO - [2024-10-13T11:27:02.097+0000] {dag.py:3239} INFO - Sync 1 DAGs
[2024-10-13T11:27:02.135+0000] {logging_mixin.py:190} INFO - [2024-10-13T11:27:02.134+0000] {dag.py:4180} INFO - Setting next_dagrun for demo1_v1 to 2024-10-13 00:00:00+00:00, run_after=2024-10-14 00:00:00+00:00
[2024-10-13T11:27:02.171+0000] {processor.py:208} INFO - Processing /opt/airflow/dags/first_dag.py took 0.184 seconds
[2024-10-13T11:27:32.566+0000] {processor.py:186} INFO - Started process (PID=468) to work on /opt/airflow/dags/first_dag.py
[2024-10-13T11:27:32.568+0000] {processor.py:914} INFO - Processing file /opt/airflow/dags/first_dag.py for tasks to queue
[2024-10-13T11:27:32.571+0000] {logging_mixin.py:190} INFO - [2024-10-13T11:27:32.571+0000] {dagbag.py:588} INFO - Filling up the DagBag from /opt/airflow/dags/first_dag.py
[2024-10-13T11:27:32.627+0000] {processor.py:925} INFO - DAG(s) 'demo1_v1' retrieved from /opt/airflow/dags/first_dag.py
[2024-10-13T11:27:32.665+0000] {logging_mixin.py:190} INFO - [2024-10-13T11:27:32.665+0000] {dag.py:3239} INFO - Sync 1 DAGs
[2024-10-13T11:27:32.698+0000] {logging_mixin.py:190} INFO - [2024-10-13T11:27:32.698+0000] {dag.py:4180} INFO - Setting next_dagrun for demo1_v1 to 2024-10-13 00:00:00+00:00, run_after=2024-10-14 00:00:00+00:00
[2024-10-13T11:27:32.728+0000] {processor.py:208} INFO - Processing /opt/airflow/dags/first_dag.py took 0.170 seconds
[2024-10-13T11:28:03.030+0000] {processor.py:186} INFO - Started process (PID=478) to work on /opt/airflow/dags/first_dag.py
[2024-10-13T11:28:03.033+0000] {processor.py:914} INFO - Processing file /opt/airflow/dags/first_dag.py for tasks to queue
[2024-10-13T11:28:03.036+0000] {logging_mixin.py:190} INFO - [2024-10-13T11:28:03.035+0000] {dagbag.py:588} INFO - Filling up the DagBag from /opt/airflow/dags/first_dag.py
[2024-10-13T11:28:03.109+0000] {processor.py:925} INFO - DAG(s) 'demo1_v1' retrieved from /opt/airflow/dags/first_dag.py
[2024-10-13T11:28:03.156+0000] {logging_mixin.py:190} INFO - [2024-10-13T11:28:03.156+0000] {dag.py:3239} INFO - Sync 1 DAGs
[2024-10-13T11:28:03.195+0000] {logging_mixin.py:190} INFO - [2024-10-13T11:28:03.195+0000] {dag.py:4180} INFO - Setting next_dagrun for demo1_v1 to 2024-10-13 00:00:00+00:00, run_after=2024-10-14 00:00:00+00:00
[2024-10-13T11:28:03.229+0000] {processor.py:208} INFO - Processing /opt/airflow/dags/first_dag.py took 0.209 seconds
[2024-10-13T11:28:33.664+0000] {processor.py:186} INFO - Started process (PID=488) to work on /opt/airflow/dags/first_dag.py
[2024-10-13T11:28:33.666+0000] {processor.py:914} INFO - Processing file /opt/airflow/dags/first_dag.py for tasks to queue
[2024-10-13T11:28:33.669+0000] {logging_mixin.py:190} INFO - [2024-10-13T11:28:33.669+0000] {dagbag.py:588} INFO - Filling up the DagBag from /opt/airflow/dags/first_dag.py
[2024-10-13T11:28:33.736+0000] {processor.py:925} INFO - DAG(s) 'demo1_v1' retrieved from /opt/airflow/dags/first_dag.py
[2024-10-13T11:28:33.774+0000] {logging_mixin.py:190} INFO - [2024-10-13T11:28:33.774+0000] {dag.py:3239} INFO - Sync 1 DAGs
[2024-10-13T11:28:33.813+0000] {logging_mixin.py:190} INFO - [2024-10-13T11:28:33.812+0000] {dag.py:4180} INFO - Setting next_dagrun for demo1_v1 to 2024-10-13 00:00:00+00:00, run_after=2024-10-14 00:00:00+00:00
[2024-10-13T11:28:33.844+0000] {processor.py:208} INFO - Processing /opt/airflow/dags/first_dag.py took 0.187 seconds
[2024-10-13T11:29:04.022+0000] {processor.py:186} INFO - Started process (PID=498) to work on /opt/airflow/dags/first_dag.py
[2024-10-13T11:29:04.025+0000] {processor.py:914} INFO - Processing file /opt/airflow/dags/first_dag.py for tasks to queue
[2024-10-13T11:29:04.028+0000] {logging_mixin.py:190} INFO - [2024-10-13T11:29:04.027+0000] {dagbag.py:588} INFO - Filling up the DagBag from /opt/airflow/dags/first_dag.py
[2024-10-13T11:29:04.097+0000] {processor.py:925} INFO - DAG(s) 'demo1_v1' retrieved from /opt/airflow/dags/first_dag.py
[2024-10-13T11:29:04.145+0000] {logging_mixin.py:190} INFO - [2024-10-13T11:29:04.144+0000] {dag.py:3239} INFO - Sync 1 DAGs
[2024-10-13T11:29:04.188+0000] {logging_mixin.py:190} INFO - [2024-10-13T11:29:04.188+0000] {dag.py:4180} INFO - Setting next_dagrun for demo1_v1 to 2024-10-13 00:00:00+00:00, run_after=2024-10-14 00:00:00+00:00
[2024-10-13T11:29:04.218+0000] {processor.py:208} INFO - Processing /opt/airflow/dags/first_dag.py took 0.206 seconds
[2024-10-13T11:29:34.890+0000] {processor.py:186} INFO - Started process (PID=508) to work on /opt/airflow/dags/first_dag.py
[2024-10-13T11:29:34.893+0000] {processor.py:914} INFO - Processing file /opt/airflow/dags/first_dag.py for tasks to queue
[2024-10-13T11:29:34.895+0000] {logging_mixin.py:190} INFO - [2024-10-13T11:29:34.894+0000] {dagbag.py:588} INFO - Filling up the DagBag from /opt/airflow/dags/first_dag.py
[2024-10-13T11:29:34.948+0000] {processor.py:925} INFO - DAG(s) 'demo1_v1' retrieved from /opt/airflow/dags/first_dag.py
[2024-10-13T11:29:34.981+0000] {logging_mixin.py:190} INFO - [2024-10-13T11:29:34.981+0000] {dag.py:3239} INFO - Sync 1 DAGs
[2024-10-13T11:29:35.015+0000] {logging_mixin.py:190} INFO - [2024-10-13T11:29:35.014+0000] {dag.py:4180} INFO - Setting next_dagrun for demo1_v1 to 2024-10-13 00:00:00+00:00, run_after=2024-10-14 00:00:00+00:00
[2024-10-13T11:29:35.043+0000] {processor.py:208} INFO - Processing /opt/airflow/dags/first_dag.py took 0.163 seconds
[2024-10-13T11:30:05.363+0000] {processor.py:186} INFO - Started process (PID=518) to work on /opt/airflow/dags/first_dag.py
[2024-10-13T11:30:05.366+0000] {processor.py:914} INFO - Processing file /opt/airflow/dags/first_dag.py for tasks to queue
[2024-10-13T11:30:05.369+0000] {logging_mixin.py:190} INFO - [2024-10-13T11:30:05.368+0000] {dagbag.py:588} INFO - Filling up the DagBag from /opt/airflow/dags/first_dag.py
[2024-10-13T11:30:05.438+0000] {processor.py:925} INFO - DAG(s) 'demo1_v1' retrieved from /opt/airflow/dags/first_dag.py
[2024-10-13T11:30:05.473+0000] {logging_mixin.py:190} INFO - [2024-10-13T11:30:05.472+0000] {dag.py:3239} INFO - Sync 1 DAGs
[2024-10-13T11:30:05.505+0000] {logging_mixin.py:190} INFO - [2024-10-13T11:30:05.504+0000] {dag.py:4180} INFO - Setting next_dagrun for demo1_v1 to 2024-10-13 00:00:00+00:00, run_after=2024-10-14 00:00:00+00:00
[2024-10-13T11:30:05.537+0000] {processor.py:208} INFO - Processing /opt/airflow/dags/first_dag.py took 0.185 seconds
[2024-10-13T11:30:35.763+0000] {processor.py:186} INFO - Started process (PID=528) to work on /opt/airflow/dags/first_dag.py
[2024-10-13T11:30:35.765+0000] {processor.py:914} INFO - Processing file /opt/airflow/dags/first_dag.py for tasks to queue
[2024-10-13T11:30:35.767+0000] {logging_mixin.py:190} INFO - [2024-10-13T11:30:35.767+0000] {dagbag.py:588} INFO - Filling up the DagBag from /opt/airflow/dags/first_dag.py
[2024-10-13T11:30:35.824+0000] {processor.py:925} INFO - DAG(s) 'demo1_v1' retrieved from /opt/airflow/dags/first_dag.py
[2024-10-13T11:30:35.866+0000] {logging_mixin.py:190} INFO - [2024-10-13T11:30:35.865+0000] {dag.py:3239} INFO - Sync 1 DAGs
[2024-10-13T11:30:35.902+0000] {logging_mixin.py:190} INFO - [2024-10-13T11:30:35.902+0000] {dag.py:4180} INFO - Setting next_dagrun for demo1_v1 to 2024-10-13 00:00:00+00:00, run_after=2024-10-14 00:00:00+00:00
[2024-10-13T11:30:35.930+0000] {processor.py:208} INFO - Processing /opt/airflow/dags/first_dag.py took 0.175 seconds
