[2024-10-13T11:09:06.942+0000] {processor.py:186} INFO - Started process (PID=80) to work on /opt/airflow/dags/smart_key.py
[2024-10-13T11:09:06.964+0000] {processor.py:914} INFO - Processing file /opt/airflow/dags/smart_key.py for tasks to queue
[2024-10-13T11:09:06.999+0000] {logging_mixin.py:190} INFO - [2024-10-13T11:09:06.998+0000] {dagbag.py:588} INFO - Filling up the DagBag from /opt/airflow/dags/smart_key.py
[2024-10-13T11:09:08.994+0000] {logging_mixin.py:190} INFO - [2024-10-13T11:09:08.964+0000] {dagbag.py:387} ERROR - Failed to import: /opt/airflow/dags/smart_key.py
Traceback (most recent call last):
  File "/home/airflow/.local/lib/python3.12/site-packages/airflow/models/dagbag.py", line 383, in parse
    loader.exec_module(new_module)
  File "<frozen importlib._bootstrap_external>", line 995, in exec_module
  File "<frozen importlib._bootstrap>", line 488, in _call_with_frames_removed
  File "/opt/airflow/dags/smart_key.py", line 62, in <module>
    gen_code = PythonOperator(task_id= 'Task4',
               ^^^^^^^^^^^^^^^^^^^^^^^^^^^^^^^^
  File "/home/airflow/.local/lib/python3.12/site-packages/airflow/models/baseoperator.py", line 473, in apply_defaults
    raise AirflowException(f"missing keyword argument {missing_args.pop()!r}")
airflow.exceptions.AirflowException: missing keyword argument 'python_callable'
[2024-10-13T11:09:09.004+0000] {processor.py:927} WARNING - No viable dags retrieved from /opt/airflow/dags/smart_key.py
[2024-10-13T11:09:09.069+0000] {processor.py:208} INFO - Processing /opt/airflow/dags/smart_key.py took 2.182 seconds
[2024-10-13T11:09:39.994+0000] {processor.py:186} INFO - Started process (PID=114) to work on /opt/airflow/dags/smart_key.py
[2024-10-13T11:09:39.996+0000] {processor.py:914} INFO - Processing file /opt/airflow/dags/smart_key.py for tasks to queue
[2024-10-13T11:09:39.999+0000] {logging_mixin.py:190} INFO - [2024-10-13T11:09:39.999+0000] {dagbag.py:588} INFO - Filling up the DagBag from /opt/airflow/dags/smart_key.py
[2024-10-13T11:09:40.609+0000] {logging_mixin.py:190} INFO - [2024-10-13T11:09:40.595+0000] {dagbag.py:387} ERROR - Failed to import: /opt/airflow/dags/smart_key.py
Traceback (most recent call last):
  File "/home/airflow/.local/lib/python3.12/site-packages/airflow/models/dagbag.py", line 383, in parse
    loader.exec_module(new_module)
  File "<frozen importlib._bootstrap_external>", line 995, in exec_module
  File "<frozen importlib._bootstrap>", line 488, in _call_with_frames_removed
  File "/opt/airflow/dags/smart_key.py", line 62, in <module>
    gen_code = PythonOperator(task_id= 'Task4',
               ^^^^^^^^^^^^^^^^^^^^^^^^^^^^^^^^
  File "/home/airflow/.local/lib/python3.12/site-packages/airflow/models/baseoperator.py", line 473, in apply_defaults
    raise AirflowException(f"missing keyword argument {missing_args.pop()!r}")
airflow.exceptions.AirflowException: missing keyword argument 'python_callable'
[2024-10-13T11:09:40.614+0000] {processor.py:927} WARNING - No viable dags retrieved from /opt/airflow/dags/smart_key.py
[2024-10-13T11:09:40.633+0000] {processor.py:208} INFO - Processing /opt/airflow/dags/smart_key.py took 0.644 seconds
[2024-10-13T11:10:11.370+0000] {processor.py:186} INFO - Started process (PID=124) to work on /opt/airflow/dags/smart_key.py
[2024-10-13T11:10:11.371+0000] {processor.py:914} INFO - Processing file /opt/airflow/dags/smart_key.py for tasks to queue
[2024-10-13T11:10:11.373+0000] {logging_mixin.py:190} INFO - [2024-10-13T11:10:11.373+0000] {dagbag.py:588} INFO - Filling up the DagBag from /opt/airflow/dags/smart_key.py
[2024-10-13T11:10:11.870+0000] {logging_mixin.py:190} INFO - [2024-10-13T11:10:11.858+0000] {dagbag.py:387} ERROR - Failed to import: /opt/airflow/dags/smart_key.py
Traceback (most recent call last):
  File "/home/airflow/.local/lib/python3.12/site-packages/airflow/models/dagbag.py", line 383, in parse
    loader.exec_module(new_module)
  File "<frozen importlib._bootstrap_external>", line 995, in exec_module
  File "<frozen importlib._bootstrap>", line 488, in _call_with_frames_removed
  File "/opt/airflow/dags/smart_key.py", line 62, in <module>
    gen_code = PythonOperator(task_id= 'Task4',
               ^^^^^^^^^^^^^^^^^^^^^^^^^^^^^^^^
  File "/home/airflow/.local/lib/python3.12/site-packages/airflow/models/baseoperator.py", line 473, in apply_defaults
    raise AirflowException(f"missing keyword argument {missing_args.pop()!r}")
airflow.exceptions.AirflowException: missing keyword argument 'python_callable'
[2024-10-13T11:10:11.874+0000] {processor.py:927} WARNING - No viable dags retrieved from /opt/airflow/dags/smart_key.py
[2024-10-13T11:10:11.892+0000] {processor.py:208} INFO - Processing /opt/airflow/dags/smart_key.py took 0.527 seconds
[2024-10-13T11:10:42.725+0000] {processor.py:186} INFO - Started process (PID=134) to work on /opt/airflow/dags/smart_key.py
[2024-10-13T11:10:42.727+0000] {processor.py:914} INFO - Processing file /opt/airflow/dags/smart_key.py for tasks to queue
[2024-10-13T11:10:42.729+0000] {logging_mixin.py:190} INFO - [2024-10-13T11:10:42.729+0000] {dagbag.py:588} INFO - Filling up the DagBag from /opt/airflow/dags/smart_key.py
[2024-10-13T11:10:43.201+0000] {logging_mixin.py:190} INFO - [2024-10-13T11:10:43.188+0000] {dagbag.py:387} ERROR - Failed to import: /opt/airflow/dags/smart_key.py
Traceback (most recent call last):
  File "/home/airflow/.local/lib/python3.12/site-packages/airflow/models/dagbag.py", line 383, in parse
    loader.exec_module(new_module)
  File "<frozen importlib._bootstrap_external>", line 995, in exec_module
  File "<frozen importlib._bootstrap>", line 488, in _call_with_frames_removed
  File "/opt/airflow/dags/smart_key.py", line 62, in <module>
    gen_code = PythonOperator(task_id= 'Task4',
               ^^^^^^^^^^^^^^^^^^^^^^^^^^^^^^^^
  File "/home/airflow/.local/lib/python3.12/site-packages/airflow/models/baseoperator.py", line 473, in apply_defaults
    raise AirflowException(f"missing keyword argument {missing_args.pop()!r}")
airflow.exceptions.AirflowException: missing keyword argument 'python_callable'
[2024-10-13T11:10:43.206+0000] {processor.py:927} WARNING - No viable dags retrieved from /opt/airflow/dags/smart_key.py
[2024-10-13T11:10:43.221+0000] {processor.py:208} INFO - Processing /opt/airflow/dags/smart_key.py took 0.500 seconds
[2024-10-13T11:10:57.989+0000] {processor.py:186} INFO - Started process (PID=136) to work on /opt/airflow/dags/smart_key.py
[2024-10-13T11:10:57.991+0000] {processor.py:914} INFO - Processing file /opt/airflow/dags/smart_key.py for tasks to queue
[2024-10-13T11:10:57.992+0000] {logging_mixin.py:190} INFO - [2024-10-13T11:10:57.992+0000] {dagbag.py:588} INFO - Filling up the DagBag from /opt/airflow/dags/smart_key.py
[2024-10-13T11:10:58.490+0000] {logging_mixin.py:190} INFO - [2024-10-13T11:10:58.481+0000] {dagbag.py:387} ERROR - Failed to import: /opt/airflow/dags/smart_key.py
Traceback (most recent call last):
  File "/home/airflow/.local/lib/python3.12/site-packages/airflow/models/dagbag.py", line 383, in parse
    loader.exec_module(new_module)
  File "<frozen importlib._bootstrap_external>", line 995, in exec_module
  File "<frozen importlib._bootstrap>", line 488, in _call_with_frames_removed
  File "/opt/airflow/dags/smart_key.py", line 62, in <module>
    gen_code = PythonOperator(task_id= 'Task4',
               ^^^^^^^^^^^^^^^^^^^^^^^^^^^^^^^^
  File "/home/airflow/.local/lib/python3.12/site-packages/airflow/models/baseoperator.py", line 473, in apply_defaults
    raise AirflowException(f"missing keyword argument {missing_args.pop()!r}")
airflow.exceptions.AirflowException: missing keyword argument 'python_callable'
[2024-10-13T11:10:58.495+0000] {processor.py:927} WARNING - No viable dags retrieved from /opt/airflow/dags/smart_key.py
[2024-10-13T11:10:58.508+0000] {processor.py:208} INFO - Processing /opt/airflow/dags/smart_key.py took 0.525 seconds
[2024-10-13T11:11:00.551+0000] {processor.py:186} INFO - Started process (PID=138) to work on /opt/airflow/dags/smart_key.py
[2024-10-13T11:11:00.553+0000] {processor.py:914} INFO - Processing file /opt/airflow/dags/smart_key.py for tasks to queue
[2024-10-13T11:11:00.554+0000] {logging_mixin.py:190} INFO - [2024-10-13T11:11:00.554+0000] {dagbag.py:588} INFO - Filling up the DagBag from /opt/airflow/dags/smart_key.py
[2024-10-13T11:11:01.021+0000] {processor.py:925} INFO - DAG(s) 'SmarttKeyData_v2' retrieved from /opt/airflow/dags/smart_key.py
[2024-10-13T11:11:01.195+0000] {logging_mixin.py:190} INFO - [2024-10-13T11:11:01.194+0000] {dag.py:3239} INFO - Sync 1 DAGs
[2024-10-13T11:11:01.216+0000] {logging_mixin.py:190} INFO - [2024-10-13T11:11:01.216+0000] {dag.py:4180} INFO - Setting next_dagrun for SmarttKeyData_v2 to 2024-10-13 00:00:00+00:00, run_after=2024-10-14 00:00:00+00:00
[2024-10-13T11:11:01.252+0000] {processor.py:208} INFO - Processing /opt/airflow/dags/smart_key.py took 0.705 seconds
[2024-10-13T11:11:31.369+0000] {processor.py:186} INFO - Started process (PID=148) to work on /opt/airflow/dags/smart_key.py
[2024-10-13T11:11:31.371+0000] {processor.py:914} INFO - Processing file /opt/airflow/dags/smart_key.py for tasks to queue
[2024-10-13T11:11:31.374+0000] {logging_mixin.py:190} INFO - [2024-10-13T11:11:31.373+0000] {dagbag.py:588} INFO - Filling up the DagBag from /opt/airflow/dags/smart_key.py
[2024-10-13T11:11:31.873+0000] {processor.py:925} INFO - DAG(s) 'SmarttKeyData_v2' retrieved from /opt/airflow/dags/smart_key.py
[2024-10-13T11:11:31.894+0000] {logging_mixin.py:190} INFO - [2024-10-13T11:11:31.894+0000] {dag.py:3239} INFO - Sync 1 DAGs
[2024-10-13T11:11:31.912+0000] {logging_mixin.py:190} INFO - [2024-10-13T11:11:31.912+0000] {dag.py:4180} INFO - Setting next_dagrun for SmarttKeyData_v2 to 2024-10-13 00:00:00+00:00, run_after=2024-10-14 00:00:00+00:00
[2024-10-13T11:11:31.929+0000] {processor.py:208} INFO - Processing /opt/airflow/dags/smart_key.py took 0.567 seconds
[2024-10-13T11:12:02.468+0000] {processor.py:186} INFO - Started process (PID=158) to work on /opt/airflow/dags/smart_key.py
[2024-10-13T11:12:02.470+0000] {processor.py:914} INFO - Processing file /opt/airflow/dags/smart_key.py for tasks to queue
[2024-10-13T11:12:02.472+0000] {logging_mixin.py:190} INFO - [2024-10-13T11:12:02.472+0000] {dagbag.py:588} INFO - Filling up the DagBag from /opt/airflow/dags/smart_key.py
[2024-10-13T11:12:02.860+0000] {processor.py:925} INFO - DAG(s) 'SmarttKeyData_v2' retrieved from /opt/airflow/dags/smart_key.py
[2024-10-13T11:12:02.881+0000] {logging_mixin.py:190} INFO - [2024-10-13T11:12:02.881+0000] {dag.py:3239} INFO - Sync 1 DAGs
[2024-10-13T11:12:02.900+0000] {logging_mixin.py:190} INFO - [2024-10-13T11:12:02.900+0000] {dag.py:4180} INFO - Setting next_dagrun for SmarttKeyData_v2 to 2024-10-13 00:00:00+00:00, run_after=2024-10-14 00:00:00+00:00
[2024-10-13T11:12:02.924+0000] {processor.py:208} INFO - Processing /opt/airflow/dags/smart_key.py took 0.460 seconds
[2024-10-13T11:12:33.623+0000] {processor.py:186} INFO - Started process (PID=168) to work on /opt/airflow/dags/smart_key.py
[2024-10-13T11:12:33.624+0000] {processor.py:914} INFO - Processing file /opt/airflow/dags/smart_key.py for tasks to queue
[2024-10-13T11:12:33.626+0000] {logging_mixin.py:190} INFO - [2024-10-13T11:12:33.625+0000] {dagbag.py:588} INFO - Filling up the DagBag from /opt/airflow/dags/smart_key.py
[2024-10-13T11:12:33.959+0000] {processor.py:925} INFO - DAG(s) 'SmarttKeyData_v2' retrieved from /opt/airflow/dags/smart_key.py
[2024-10-13T11:12:33.986+0000] {logging_mixin.py:190} INFO - [2024-10-13T11:12:33.986+0000] {dag.py:3239} INFO - Sync 1 DAGs
[2024-10-13T11:12:34.013+0000] {logging_mixin.py:190} INFO - [2024-10-13T11:12:34.013+0000] {dag.py:4180} INFO - Setting next_dagrun for SmarttKeyData_v2 to 2024-10-13 00:00:00+00:00, run_after=2024-10-14 00:00:00+00:00
[2024-10-13T11:12:34.039+0000] {processor.py:208} INFO - Processing /opt/airflow/dags/smart_key.py took 0.421 seconds
[2024-10-13T11:13:00.790+0000] {processor.py:186} INFO - Started process (PID=178) to work on /opt/airflow/dags/smart_key.py
[2024-10-13T11:13:00.792+0000] {processor.py:914} INFO - Processing file /opt/airflow/dags/smart_key.py for tasks to queue
[2024-10-13T11:13:00.794+0000] {logging_mixin.py:190} INFO - [2024-10-13T11:13:00.793+0000] {dagbag.py:588} INFO - Filling up the DagBag from /opt/airflow/dags/smart_key.py
[2024-10-13T11:13:01.165+0000] {processor.py:925} INFO - DAG(s) 'SmarttKeyData_v2' retrieved from /opt/airflow/dags/smart_key.py
[2024-10-13T11:13:01.186+0000] {logging_mixin.py:190} INFO - [2024-10-13T11:13:01.186+0000] {dag.py:3239} INFO - Sync 1 DAGs
[2024-10-13T11:13:01.205+0000] {logging_mixin.py:190} INFO - [2024-10-13T11:13:01.204+0000] {dag.py:4180} INFO - Setting next_dagrun for SmarttKeyData_v2 to 2024-10-13 00:00:00+00:00, run_after=2024-10-14 00:00:00+00:00
[2024-10-13T11:13:01.235+0000] {processor.py:208} INFO - Processing /opt/airflow/dags/smart_key.py took 0.451 seconds
[2024-10-13T11:13:31.869+0000] {processor.py:186} INFO - Started process (PID=188) to work on /opt/airflow/dags/smart_key.py
[2024-10-13T11:13:31.872+0000] {processor.py:914} INFO - Processing file /opt/airflow/dags/smart_key.py for tasks to queue
[2024-10-13T11:13:31.874+0000] {logging_mixin.py:190} INFO - [2024-10-13T11:13:31.874+0000] {dagbag.py:588} INFO - Filling up the DagBag from /opt/airflow/dags/smart_key.py
[2024-10-13T11:13:32.232+0000] {processor.py:925} INFO - DAG(s) 'SmarttKeyData_v2' retrieved from /opt/airflow/dags/smart_key.py
[2024-10-13T11:13:32.255+0000] {logging_mixin.py:190} INFO - [2024-10-13T11:13:32.255+0000] {dag.py:3239} INFO - Sync 1 DAGs
[2024-10-13T11:13:32.275+0000] {logging_mixin.py:190} INFO - [2024-10-13T11:13:32.275+0000] {dag.py:4180} INFO - Setting next_dagrun for SmarttKeyData_v2 to 2024-10-13 00:00:00+00:00, run_after=2024-10-14 00:00:00+00:00
[2024-10-13T11:13:32.298+0000] {processor.py:208} INFO - Processing /opt/airflow/dags/smart_key.py took 0.439 seconds
[2024-10-13T11:14:02.669+0000] {processor.py:186} INFO - Started process (PID=198) to work on /opt/airflow/dags/smart_key.py
[2024-10-13T11:14:02.670+0000] {processor.py:914} INFO - Processing file /opt/airflow/dags/smart_key.py for tasks to queue
[2024-10-13T11:14:02.672+0000] {logging_mixin.py:190} INFO - [2024-10-13T11:14:02.672+0000] {dagbag.py:588} INFO - Filling up the DagBag from /opt/airflow/dags/smart_key.py
[2024-10-13T11:14:03.015+0000] {processor.py:925} INFO - DAG(s) 'SmarttKeyData_v2' retrieved from /opt/airflow/dags/smart_key.py
[2024-10-13T11:14:03.047+0000] {logging_mixin.py:190} INFO - [2024-10-13T11:14:03.047+0000] {dag.py:3239} INFO - Sync 1 DAGs
[2024-10-13T11:14:03.068+0000] {logging_mixin.py:190} INFO - [2024-10-13T11:14:03.068+0000] {dag.py:4180} INFO - Setting next_dagrun for SmarttKeyData_v2 to 2024-10-13 00:00:00+00:00, run_after=2024-10-14 00:00:00+00:00
[2024-10-13T11:14:03.086+0000] {processor.py:208} INFO - Processing /opt/airflow/dags/smart_key.py took 0.422 seconds
[2024-10-13T11:14:33.678+0000] {processor.py:186} INFO - Started process (PID=208) to work on /opt/airflow/dags/smart_key.py
[2024-10-13T11:14:33.680+0000] {processor.py:914} INFO - Processing file /opt/airflow/dags/smart_key.py for tasks to queue
[2024-10-13T11:14:33.682+0000] {logging_mixin.py:190} INFO - [2024-10-13T11:14:33.682+0000] {dagbag.py:588} INFO - Filling up the DagBag from /opt/airflow/dags/smart_key.py
[2024-10-13T11:14:34.063+0000] {processor.py:925} INFO - DAG(s) 'SmarttKeyData_v2' retrieved from /opt/airflow/dags/smart_key.py
[2024-10-13T11:14:34.086+0000] {logging_mixin.py:190} INFO - [2024-10-13T11:14:34.085+0000] {dag.py:3239} INFO - Sync 1 DAGs
[2024-10-13T11:14:34.104+0000] {logging_mixin.py:190} INFO - [2024-10-13T11:14:34.104+0000] {dag.py:4180} INFO - Setting next_dagrun for SmarttKeyData_v2 to 2024-10-13 00:00:00+00:00, run_after=2024-10-14 00:00:00+00:00
[2024-10-13T11:14:34.126+0000] {processor.py:208} INFO - Processing /opt/airflow/dags/smart_key.py took 0.454 seconds
[2024-10-13T11:15:04.596+0000] {processor.py:186} INFO - Started process (PID=218) to work on /opt/airflow/dags/smart_key.py
[2024-10-13T11:15:04.598+0000] {processor.py:914} INFO - Processing file /opt/airflow/dags/smart_key.py for tasks to queue
[2024-10-13T11:15:04.600+0000] {logging_mixin.py:190} INFO - [2024-10-13T11:15:04.600+0000] {dagbag.py:588} INFO - Filling up the DagBag from /opt/airflow/dags/smart_key.py
[2024-10-13T11:15:05.165+0000] {processor.py:925} INFO - DAG(s) 'SmarttKeyData_v2' retrieved from /opt/airflow/dags/smart_key.py
[2024-10-13T11:15:05.205+0000] {logging_mixin.py:190} INFO - [2024-10-13T11:15:05.205+0000] {dag.py:3239} INFO - Sync 1 DAGs
[2024-10-13T11:15:05.243+0000] {logging_mixin.py:190} INFO - [2024-10-13T11:15:05.243+0000] {dag.py:4180} INFO - Setting next_dagrun for SmarttKeyData_v2 to 2024-10-13 00:00:00+00:00, run_after=2024-10-14 00:00:00+00:00
[2024-10-13T11:15:05.280+0000] {processor.py:208} INFO - Processing /opt/airflow/dags/smart_key.py took 0.691 seconds
[2024-10-13T11:15:35.451+0000] {processor.py:186} INFO - Started process (PID=234) to work on /opt/airflow/dags/smart_key.py
[2024-10-13T11:15:35.453+0000] {processor.py:914} INFO - Processing file /opt/airflow/dags/smart_key.py for tasks to queue
[2024-10-13T11:15:35.456+0000] {logging_mixin.py:190} INFO - [2024-10-13T11:15:35.455+0000] {dagbag.py:588} INFO - Filling up the DagBag from /opt/airflow/dags/smart_key.py
[2024-10-13T11:15:35.968+0000] {processor.py:925} INFO - DAG(s) 'SmarttKeyData_v2' retrieved from /opt/airflow/dags/smart_key.py
[2024-10-13T11:15:36.013+0000] {logging_mixin.py:190} INFO - [2024-10-13T11:15:36.012+0000] {dag.py:3239} INFO - Sync 1 DAGs
[2024-10-13T11:15:36.044+0000] {logging_mixin.py:190} INFO - [2024-10-13T11:15:36.044+0000] {dag.py:4180} INFO - Setting next_dagrun for SmarttKeyData_v2 to 2024-10-13 00:00:00+00:00, run_after=2024-10-14 00:00:00+00:00
[2024-10-13T11:15:36.074+0000] {processor.py:208} INFO - Processing /opt/airflow/dags/smart_key.py took 0.633 seconds
[2024-10-13T11:16:06.904+0000] {processor.py:186} INFO - Started process (PID=245) to work on /opt/airflow/dags/smart_key.py
[2024-10-13T11:16:06.905+0000] {processor.py:914} INFO - Processing file /opt/airflow/dags/smart_key.py for tasks to queue
[2024-10-13T11:16:06.907+0000] {logging_mixin.py:190} INFO - [2024-10-13T11:16:06.907+0000] {dagbag.py:588} INFO - Filling up the DagBag from /opt/airflow/dags/smart_key.py
[2024-10-13T11:16:07.227+0000] {processor.py:925} INFO - DAG(s) 'SmarttKeyData_v2' retrieved from /opt/airflow/dags/smart_key.py
[2024-10-13T11:16:07.261+0000] {logging_mixin.py:190} INFO - [2024-10-13T11:16:07.260+0000] {dag.py:3239} INFO - Sync 1 DAGs
[2024-10-13T11:16:07.289+0000] {logging_mixin.py:190} INFO - [2024-10-13T11:16:07.289+0000] {dag.py:4180} INFO - Setting next_dagrun for SmarttKeyData_v2 to 2024-10-13 00:00:00+00:00, run_after=2024-10-14 00:00:00+00:00
[2024-10-13T11:16:07.318+0000] {processor.py:208} INFO - Processing /opt/airflow/dags/smart_key.py took 0.419 seconds
[2024-10-13T11:16:37.499+0000] {processor.py:186} INFO - Started process (PID=255) to work on /opt/airflow/dags/smart_key.py
[2024-10-13T11:16:37.501+0000] {processor.py:914} INFO - Processing file /opt/airflow/dags/smart_key.py for tasks to queue
[2024-10-13T11:16:37.504+0000] {logging_mixin.py:190} INFO - [2024-10-13T11:16:37.503+0000] {dagbag.py:588} INFO - Filling up the DagBag from /opt/airflow/dags/smart_key.py
[2024-10-13T11:16:37.876+0000] {processor.py:925} INFO - DAG(s) 'SmarttKeyData_v2' retrieved from /opt/airflow/dags/smart_key.py
[2024-10-13T11:16:37.898+0000] {logging_mixin.py:190} INFO - [2024-10-13T11:16:37.897+0000] {dag.py:3239} INFO - Sync 1 DAGs
[2024-10-13T11:16:37.924+0000] {logging_mixin.py:190} INFO - [2024-10-13T11:16:37.924+0000] {dag.py:4180} INFO - Setting next_dagrun for SmarttKeyData_v2 to 2024-10-13 00:00:00+00:00, run_after=2024-10-14 00:00:00+00:00
[2024-10-13T11:16:37.948+0000] {processor.py:208} INFO - Processing /opt/airflow/dags/smart_key.py took 0.454 seconds
[2024-10-13T11:17:08.422+0000] {processor.py:186} INFO - Started process (PID=265) to work on /opt/airflow/dags/smart_key.py
[2024-10-13T11:17:08.423+0000] {processor.py:914} INFO - Processing file /opt/airflow/dags/smart_key.py for tasks to queue
[2024-10-13T11:17:08.426+0000] {logging_mixin.py:190} INFO - [2024-10-13T11:17:08.425+0000] {dagbag.py:588} INFO - Filling up the DagBag from /opt/airflow/dags/smart_key.py
[2024-10-13T11:17:08.811+0000] {processor.py:925} INFO - DAG(s) 'SmarttKeyData_v2' retrieved from /opt/airflow/dags/smart_key.py
[2024-10-13T11:17:08.836+0000] {logging_mixin.py:190} INFO - [2024-10-13T11:17:08.835+0000] {dag.py:3239} INFO - Sync 1 DAGs
[2024-10-13T11:17:08.859+0000] {logging_mixin.py:190} INFO - [2024-10-13T11:17:08.858+0000] {dag.py:4180} INFO - Setting next_dagrun for SmarttKeyData_v2 to 2024-10-13 00:00:00+00:00, run_after=2024-10-14 00:00:00+00:00
[2024-10-13T11:17:08.885+0000] {processor.py:208} INFO - Processing /opt/airflow/dags/smart_key.py took 0.471 seconds
[2024-10-13T11:17:39.126+0000] {processor.py:186} INFO - Started process (PID=275) to work on /opt/airflow/dags/smart_key.py
[2024-10-13T11:17:39.128+0000] {processor.py:914} INFO - Processing file /opt/airflow/dags/smart_key.py for tasks to queue
[2024-10-13T11:17:39.130+0000] {logging_mixin.py:190} INFO - [2024-10-13T11:17:39.130+0000] {dagbag.py:588} INFO - Filling up the DagBag from /opt/airflow/dags/smart_key.py
[2024-10-13T11:17:39.489+0000] {processor.py:925} INFO - DAG(s) 'SmarttKeyData_v2' retrieved from /opt/airflow/dags/smart_key.py
[2024-10-13T11:17:39.512+0000] {logging_mixin.py:190} INFO - [2024-10-13T11:17:39.512+0000] {dag.py:3239} INFO - Sync 1 DAGs
[2024-10-13T11:17:39.538+0000] {logging_mixin.py:190} INFO - [2024-10-13T11:17:39.538+0000] {dag.py:4180} INFO - Setting next_dagrun for SmarttKeyData_v2 to 2024-10-13 00:00:00+00:00, run_after=2024-10-14 00:00:00+00:00
[2024-10-13T11:17:39.569+0000] {processor.py:208} INFO - Processing /opt/airflow/dags/smart_key.py took 0.450 seconds
[2024-10-13T11:18:10.274+0000] {processor.py:186} INFO - Started process (PID=285) to work on /opt/airflow/dags/smart_key.py
[2024-10-13T11:18:10.276+0000] {processor.py:914} INFO - Processing file /opt/airflow/dags/smart_key.py for tasks to queue
[2024-10-13T11:18:10.278+0000] {logging_mixin.py:190} INFO - [2024-10-13T11:18:10.278+0000] {dagbag.py:588} INFO - Filling up the DagBag from /opt/airflow/dags/smart_key.py
[2024-10-13T11:18:10.651+0000] {processor.py:925} INFO - DAG(s) 'SmarttKeyData_v2' retrieved from /opt/airflow/dags/smart_key.py
[2024-10-13T11:18:10.674+0000] {logging_mixin.py:190} INFO - [2024-10-13T11:18:10.674+0000] {dag.py:3239} INFO - Sync 1 DAGs
[2024-10-13T11:18:10.703+0000] {logging_mixin.py:190} INFO - [2024-10-13T11:18:10.703+0000] {dag.py:4180} INFO - Setting next_dagrun for SmarttKeyData_v2 to 2024-10-13 00:00:00+00:00, run_after=2024-10-14 00:00:00+00:00
[2024-10-13T11:18:10.724+0000] {processor.py:208} INFO - Processing /opt/airflow/dags/smart_key.py took 0.457 seconds
[2024-10-13T11:18:41.427+0000] {processor.py:186} INFO - Started process (PID=295) to work on /opt/airflow/dags/smart_key.py
[2024-10-13T11:18:41.428+0000] {processor.py:914} INFO - Processing file /opt/airflow/dags/smart_key.py for tasks to queue
[2024-10-13T11:18:41.429+0000] {logging_mixin.py:190} INFO - [2024-10-13T11:18:41.429+0000] {dagbag.py:588} INFO - Filling up the DagBag from /opt/airflow/dags/smart_key.py
[2024-10-13T11:18:41.742+0000] {processor.py:925} INFO - DAG(s) 'SmarttKeyData_v2' retrieved from /opt/airflow/dags/smart_key.py
[2024-10-13T11:18:41.766+0000] {logging_mixin.py:190} INFO - [2024-10-13T11:18:41.765+0000] {dag.py:3239} INFO - Sync 1 DAGs
[2024-10-13T11:18:41.785+0000] {logging_mixin.py:190} INFO - [2024-10-13T11:18:41.785+0000] {dag.py:4180} INFO - Setting next_dagrun for SmarttKeyData_v2 to 2024-10-13 00:00:00+00:00, run_after=2024-10-14 00:00:00+00:00
[2024-10-13T11:18:41.807+0000] {processor.py:208} INFO - Processing /opt/airflow/dags/smart_key.py took 0.385 seconds
[2024-10-13T11:19:12.428+0000] {processor.py:186} INFO - Started process (PID=305) to work on /opt/airflow/dags/smart_key.py
[2024-10-13T11:19:12.429+0000] {processor.py:914} INFO - Processing file /opt/airflow/dags/smart_key.py for tasks to queue
[2024-10-13T11:19:12.432+0000] {logging_mixin.py:190} INFO - [2024-10-13T11:19:12.432+0000] {dagbag.py:588} INFO - Filling up the DagBag from /opt/airflow/dags/smart_key.py
[2024-10-13T11:19:12.718+0000] {processor.py:925} INFO - DAG(s) 'SmarttKeyData_v2' retrieved from /opt/airflow/dags/smart_key.py
[2024-10-13T11:19:12.750+0000] {logging_mixin.py:190} INFO - [2024-10-13T11:19:12.750+0000] {dag.py:3239} INFO - Sync 1 DAGs
[2024-10-13T11:19:12.768+0000] {logging_mixin.py:190} INFO - [2024-10-13T11:19:12.768+0000] {dag.py:4180} INFO - Setting next_dagrun for SmarttKeyData_v2 to 2024-10-13 00:00:00+00:00, run_after=2024-10-14 00:00:00+00:00
[2024-10-13T11:19:12.790+0000] {processor.py:208} INFO - Processing /opt/airflow/dags/smart_key.py took 0.366 seconds
[2024-10-13T11:19:43.568+0000] {processor.py:186} INFO - Started process (PID=315) to work on /opt/airflow/dags/smart_key.py
[2024-10-13T11:19:43.570+0000] {processor.py:914} INFO - Processing file /opt/airflow/dags/smart_key.py for tasks to queue
[2024-10-13T11:19:43.572+0000] {logging_mixin.py:190} INFO - [2024-10-13T11:19:43.572+0000] {dagbag.py:588} INFO - Filling up the DagBag from /opt/airflow/dags/smart_key.py
[2024-10-13T11:19:43.874+0000] {processor.py:925} INFO - DAG(s) 'SmarttKeyData_v2' retrieved from /opt/airflow/dags/smart_key.py
[2024-10-13T11:19:43.897+0000] {logging_mixin.py:190} INFO - [2024-10-13T11:19:43.896+0000] {dag.py:3239} INFO - Sync 1 DAGs
[2024-10-13T11:19:43.932+0000] {logging_mixin.py:190} INFO - [2024-10-13T11:19:43.932+0000] {dag.py:4180} INFO - Setting next_dagrun for SmarttKeyData_v2 to 2024-10-13 00:00:00+00:00, run_after=2024-10-14 00:00:00+00:00
[2024-10-13T11:19:43.952+0000] {processor.py:208} INFO - Processing /opt/airflow/dags/smart_key.py took 0.388 seconds
[2024-10-13T11:20:14.366+0000] {processor.py:186} INFO - Started process (PID=325) to work on /opt/airflow/dags/smart_key.py
[2024-10-13T11:20:14.368+0000] {processor.py:914} INFO - Processing file /opt/airflow/dags/smart_key.py for tasks to queue
[2024-10-13T11:20:14.370+0000] {logging_mixin.py:190} INFO - [2024-10-13T11:20:14.369+0000] {dagbag.py:588} INFO - Filling up the DagBag from /opt/airflow/dags/smart_key.py
[2024-10-13T11:20:14.688+0000] {processor.py:925} INFO - DAG(s) 'SmarttKeyData_v2' retrieved from /opt/airflow/dags/smart_key.py
[2024-10-13T11:20:14.708+0000] {logging_mixin.py:190} INFO - [2024-10-13T11:20:14.708+0000] {dag.py:3239} INFO - Sync 1 DAGs
[2024-10-13T11:20:14.727+0000] {logging_mixin.py:190} INFO - [2024-10-13T11:20:14.727+0000] {dag.py:4180} INFO - Setting next_dagrun for SmarttKeyData_v2 to 2024-10-13 00:00:00+00:00, run_after=2024-10-14 00:00:00+00:00
[2024-10-13T11:20:14.744+0000] {processor.py:208} INFO - Processing /opt/airflow/dags/smart_key.py took 0.382 seconds
[2024-10-13T11:20:45.224+0000] {processor.py:186} INFO - Started process (PID=335) to work on /opt/airflow/dags/smart_key.py
[2024-10-13T11:20:45.225+0000] {processor.py:914} INFO - Processing file /opt/airflow/dags/smart_key.py for tasks to queue
[2024-10-13T11:20:45.228+0000] {logging_mixin.py:190} INFO - [2024-10-13T11:20:45.227+0000] {dagbag.py:588} INFO - Filling up the DagBag from /opt/airflow/dags/smart_key.py
[2024-10-13T11:20:45.520+0000] {processor.py:925} INFO - DAG(s) 'SmarttKeyData_v2' retrieved from /opt/airflow/dags/smart_key.py
[2024-10-13T11:20:45.543+0000] {logging_mixin.py:190} INFO - [2024-10-13T11:20:45.542+0000] {dag.py:3239} INFO - Sync 1 DAGs
[2024-10-13T11:20:45.562+0000] {logging_mixin.py:190} INFO - [2024-10-13T11:20:45.562+0000] {dag.py:4180} INFO - Setting next_dagrun for SmarttKeyData_v2 to 2024-10-13 00:00:00+00:00, run_after=2024-10-14 00:00:00+00:00
[2024-10-13T11:20:45.583+0000] {processor.py:208} INFO - Processing /opt/airflow/dags/smart_key.py took 0.364 seconds
[2024-10-13T11:21:16.389+0000] {processor.py:186} INFO - Started process (PID=345) to work on /opt/airflow/dags/smart_key.py
[2024-10-13T11:21:16.391+0000] {processor.py:914} INFO - Processing file /opt/airflow/dags/smart_key.py for tasks to queue
[2024-10-13T11:21:16.394+0000] {logging_mixin.py:190} INFO - [2024-10-13T11:21:16.394+0000] {dagbag.py:588} INFO - Filling up the DagBag from /opt/airflow/dags/smart_key.py
[2024-10-13T11:21:16.701+0000] {processor.py:925} INFO - DAG(s) 'SmarttKeyData_v2' retrieved from /opt/airflow/dags/smart_key.py
[2024-10-13T11:21:16.725+0000] {logging_mixin.py:190} INFO - [2024-10-13T11:21:16.724+0000] {dag.py:3239} INFO - Sync 1 DAGs
[2024-10-13T11:21:16.746+0000] {logging_mixin.py:190} INFO - [2024-10-13T11:21:16.745+0000] {dag.py:4180} INFO - Setting next_dagrun for SmarttKeyData_v2 to 2024-10-13 00:00:00+00:00, run_after=2024-10-14 00:00:00+00:00
[2024-10-13T11:21:16.772+0000] {processor.py:208} INFO - Processing /opt/airflow/dags/smart_key.py took 0.389 seconds
[2024-10-13T11:21:47.353+0000] {processor.py:186} INFO - Started process (PID=355) to work on /opt/airflow/dags/smart_key.py
[2024-10-13T11:21:47.355+0000] {processor.py:914} INFO - Processing file /opt/airflow/dags/smart_key.py for tasks to queue
[2024-10-13T11:21:47.357+0000] {logging_mixin.py:190} INFO - [2024-10-13T11:21:47.356+0000] {dagbag.py:588} INFO - Filling up the DagBag from /opt/airflow/dags/smart_key.py
[2024-10-13T11:21:47.714+0000] {processor.py:925} INFO - DAG(s) 'SmarttKeyData_v2' retrieved from /opt/airflow/dags/smart_key.py
[2024-10-13T11:21:47.737+0000] {logging_mixin.py:190} INFO - [2024-10-13T11:21:47.737+0000] {dag.py:3239} INFO - Sync 1 DAGs
[2024-10-13T11:21:47.759+0000] {logging_mixin.py:190} INFO - [2024-10-13T11:21:47.759+0000] {dag.py:4180} INFO - Setting next_dagrun for SmarttKeyData_v2 to 2024-10-13 00:00:00+00:00, run_after=2024-10-14 00:00:00+00:00
[2024-10-13T11:21:47.786+0000] {processor.py:208} INFO - Processing /opt/airflow/dags/smart_key.py took 0.438 seconds
[2024-10-13T11:22:18.198+0000] {processor.py:186} INFO - Started process (PID=365) to work on /opt/airflow/dags/smart_key.py
[2024-10-13T11:22:18.200+0000] {processor.py:914} INFO - Processing file /opt/airflow/dags/smart_key.py for tasks to queue
[2024-10-13T11:22:18.202+0000] {logging_mixin.py:190} INFO - [2024-10-13T11:22:18.201+0000] {dagbag.py:588} INFO - Filling up the DagBag from /opt/airflow/dags/smart_key.py
[2024-10-13T11:22:18.535+0000] {processor.py:925} INFO - DAG(s) 'SmarttKeyData_v2' retrieved from /opt/airflow/dags/smart_key.py
[2024-10-13T11:22:18.557+0000] {logging_mixin.py:190} INFO - [2024-10-13T11:22:18.557+0000] {dag.py:3239} INFO - Sync 1 DAGs
[2024-10-13T11:22:18.576+0000] {logging_mixin.py:190} INFO - [2024-10-13T11:22:18.576+0000] {dag.py:4180} INFO - Setting next_dagrun for SmarttKeyData_v2 to 2024-10-13 00:00:00+00:00, run_after=2024-10-14 00:00:00+00:00
[2024-10-13T11:22:18.598+0000] {processor.py:208} INFO - Processing /opt/airflow/dags/smart_key.py took 0.405 seconds
[2024-10-13T11:22:48.769+0000] {processor.py:186} INFO - Started process (PID=375) to work on /opt/airflow/dags/smart_key.py
[2024-10-13T11:22:48.770+0000] {processor.py:914} INFO - Processing file /opt/airflow/dags/smart_key.py for tasks to queue
[2024-10-13T11:22:48.772+0000] {logging_mixin.py:190} INFO - [2024-10-13T11:22:48.772+0000] {dagbag.py:588} INFO - Filling up the DagBag from /opt/airflow/dags/smart_key.py
[2024-10-13T11:22:49.240+0000] {processor.py:925} INFO - DAG(s) 'SmarttKeyData_v2' retrieved from /opt/airflow/dags/smart_key.py
[2024-10-13T11:22:49.269+0000] {logging_mixin.py:190} INFO - [2024-10-13T11:22:49.269+0000] {dag.py:3239} INFO - Sync 1 DAGs
[2024-10-13T11:22:49.298+0000] {logging_mixin.py:190} INFO - [2024-10-13T11:22:49.297+0000] {dag.py:4180} INFO - Setting next_dagrun for SmarttKeyData_v2 to 2024-10-13 00:00:00+00:00, run_after=2024-10-14 00:00:00+00:00
[2024-10-13T11:22:49.330+0000] {processor.py:208} INFO - Processing /opt/airflow/dags/smart_key.py took 0.568 seconds
[2024-10-13T11:23:19.442+0000] {processor.py:186} INFO - Started process (PID=385) to work on /opt/airflow/dags/smart_key.py
[2024-10-13T11:23:19.444+0000] {processor.py:914} INFO - Processing file /opt/airflow/dags/smart_key.py for tasks to queue
[2024-10-13T11:23:19.447+0000] {logging_mixin.py:190} INFO - [2024-10-13T11:23:19.446+0000] {dagbag.py:588} INFO - Filling up the DagBag from /opt/airflow/dags/smart_key.py
[2024-10-13T11:23:19.820+0000] {processor.py:925} INFO - DAG(s) 'SmarttKeyData_v2' retrieved from /opt/airflow/dags/smart_key.py
[2024-10-13T11:23:19.844+0000] {logging_mixin.py:190} INFO - [2024-10-13T11:23:19.844+0000] {dag.py:3239} INFO - Sync 1 DAGs
[2024-10-13T11:23:19.870+0000] {logging_mixin.py:190} INFO - [2024-10-13T11:23:19.869+0000] {dag.py:4180} INFO - Setting next_dagrun for SmarttKeyData_v2 to 2024-10-13 00:00:00+00:00, run_after=2024-10-14 00:00:00+00:00
[2024-10-13T11:23:19.891+0000] {processor.py:208} INFO - Processing /opt/airflow/dags/smart_key.py took 0.456 seconds
[2024-10-13T11:23:50.201+0000] {processor.py:186} INFO - Started process (PID=395) to work on /opt/airflow/dags/smart_key.py
[2024-10-13T11:23:50.203+0000] {processor.py:914} INFO - Processing file /opt/airflow/dags/smart_key.py for tasks to queue
[2024-10-13T11:23:50.205+0000] {logging_mixin.py:190} INFO - [2024-10-13T11:23:50.205+0000] {dagbag.py:588} INFO - Filling up the DagBag from /opt/airflow/dags/smart_key.py
[2024-10-13T11:23:50.678+0000] {processor.py:925} INFO - DAG(s) 'SmarttKeyData_v2' retrieved from /opt/airflow/dags/smart_key.py
[2024-10-13T11:23:50.709+0000] {logging_mixin.py:190} INFO - [2024-10-13T11:23:50.708+0000] {dag.py:3239} INFO - Sync 1 DAGs
[2024-10-13T11:23:50.737+0000] {logging_mixin.py:190} INFO - [2024-10-13T11:23:50.737+0000] {dag.py:4180} INFO - Setting next_dagrun for SmarttKeyData_v2 to 2024-10-13 00:00:00+00:00, run_after=2024-10-14 00:00:00+00:00
[2024-10-13T11:23:50.767+0000] {processor.py:208} INFO - Processing /opt/airflow/dags/smart_key.py took 0.574 seconds
[2024-10-13T11:24:21.500+0000] {processor.py:186} INFO - Started process (PID=405) to work on /opt/airflow/dags/smart_key.py
[2024-10-13T11:24:21.501+0000] {processor.py:914} INFO - Processing file /opt/airflow/dags/smart_key.py for tasks to queue
[2024-10-13T11:24:21.505+0000] {logging_mixin.py:190} INFO - [2024-10-13T11:24:21.504+0000] {dagbag.py:588} INFO - Filling up the DagBag from /opt/airflow/dags/smart_key.py
[2024-10-13T11:24:22.012+0000] {processor.py:925} INFO - DAG(s) 'SmarttKeyData_v2' retrieved from /opt/airflow/dags/smart_key.py
[2024-10-13T11:24:22.052+0000] {logging_mixin.py:190} INFO - [2024-10-13T11:24:22.051+0000] {dag.py:3239} INFO - Sync 1 DAGs
[2024-10-13T11:24:22.091+0000] {logging_mixin.py:190} INFO - [2024-10-13T11:24:22.091+0000] {dag.py:4180} INFO - Setting next_dagrun for SmarttKeyData_v2 to 2024-10-13 00:00:00+00:00, run_after=2024-10-14 00:00:00+00:00
[2024-10-13T11:24:22.143+0000] {processor.py:208} INFO - Processing /opt/airflow/dags/smart_key.py took 0.656 seconds
[2024-10-13T11:24:53.105+0000] {processor.py:186} INFO - Started process (PID=415) to work on /opt/airflow/dags/smart_key.py
[2024-10-13T11:24:53.108+0000] {processor.py:914} INFO - Processing file /opt/airflow/dags/smart_key.py for tasks to queue
[2024-10-13T11:24:53.110+0000] {logging_mixin.py:190} INFO - [2024-10-13T11:24:53.110+0000] {dagbag.py:588} INFO - Filling up the DagBag from /opt/airflow/dags/smart_key.py
[2024-10-13T11:24:53.571+0000] {processor.py:925} INFO - DAG(s) 'SmarttKeyData_v2' retrieved from /opt/airflow/dags/smart_key.py
[2024-10-13T11:24:53.607+0000] {logging_mixin.py:190} INFO - [2024-10-13T11:24:53.606+0000] {dag.py:3239} INFO - Sync 1 DAGs
[2024-10-13T11:24:53.636+0000] {logging_mixin.py:190} INFO - [2024-10-13T11:24:53.636+0000] {dag.py:4180} INFO - Setting next_dagrun for SmarttKeyData_v2 to 2024-10-13 00:00:00+00:00, run_after=2024-10-14 00:00:00+00:00
[2024-10-13T11:24:53.668+0000] {processor.py:208} INFO - Processing /opt/airflow/dags/smart_key.py took 0.573 seconds
[2024-10-13T11:25:24.583+0000] {processor.py:186} INFO - Started process (PID=425) to work on /opt/airflow/dags/smart_key.py
[2024-10-13T11:25:24.585+0000] {processor.py:914} INFO - Processing file /opt/airflow/dags/smart_key.py for tasks to queue
[2024-10-13T11:25:24.588+0000] {logging_mixin.py:190} INFO - [2024-10-13T11:25:24.587+0000] {dagbag.py:588} INFO - Filling up the DagBag from /opt/airflow/dags/smart_key.py
[2024-10-13T11:25:25.079+0000] {processor.py:925} INFO - DAG(s) 'SmarttKeyData_v2' retrieved from /opt/airflow/dags/smart_key.py
[2024-10-13T11:25:25.120+0000] {logging_mixin.py:190} INFO - [2024-10-13T11:25:25.120+0000] {dag.py:3239} INFO - Sync 1 DAGs
[2024-10-13T11:25:25.159+0000] {logging_mixin.py:190} INFO - [2024-10-13T11:25:25.159+0000] {dag.py:4180} INFO - Setting next_dagrun for SmarttKeyData_v2 to 2024-10-13 00:00:00+00:00, run_after=2024-10-14 00:00:00+00:00
[2024-10-13T11:25:25.190+0000] {processor.py:208} INFO - Processing /opt/airflow/dags/smart_key.py took 0.619 seconds
[2024-10-13T11:25:55.974+0000] {processor.py:186} INFO - Started process (PID=435) to work on /opt/airflow/dags/smart_key.py
[2024-10-13T11:25:55.976+0000] {processor.py:914} INFO - Processing file /opt/airflow/dags/smart_key.py for tasks to queue
[2024-10-13T11:25:55.979+0000] {logging_mixin.py:190} INFO - [2024-10-13T11:25:55.979+0000] {dagbag.py:588} INFO - Filling up the DagBag from /opt/airflow/dags/smart_key.py
[2024-10-13T11:25:56.517+0000] {processor.py:925} INFO - DAG(s) 'SmarttKeyData_v2' retrieved from /opt/airflow/dags/smart_key.py
[2024-10-13T11:25:56.563+0000] {logging_mixin.py:190} INFO - [2024-10-13T11:25:56.563+0000] {dag.py:3239} INFO - Sync 1 DAGs
[2024-10-13T11:25:56.603+0000] {logging_mixin.py:190} INFO - [2024-10-13T11:25:56.603+0000] {dag.py:4180} INFO - Setting next_dagrun for SmarttKeyData_v2 to 2024-10-13 00:00:00+00:00, run_after=2024-10-14 00:00:00+00:00
[2024-10-13T11:25:56.640+0000] {processor.py:208} INFO - Processing /opt/airflow/dags/smart_key.py took 0.679 seconds
[2024-10-13T11:26:27.612+0000] {processor.py:186} INFO - Started process (PID=445) to work on /opt/airflow/dags/smart_key.py
[2024-10-13T11:26:27.614+0000] {processor.py:914} INFO - Processing file /opt/airflow/dags/smart_key.py for tasks to queue
[2024-10-13T11:26:27.616+0000] {logging_mixin.py:190} INFO - [2024-10-13T11:26:27.616+0000] {dagbag.py:588} INFO - Filling up the DagBag from /opt/airflow/dags/smart_key.py
[2024-10-13T11:26:28.116+0000] {processor.py:925} INFO - DAG(s) 'SmarttKeyData_v2' retrieved from /opt/airflow/dags/smart_key.py
[2024-10-13T11:26:28.148+0000] {logging_mixin.py:190} INFO - [2024-10-13T11:26:28.148+0000] {dag.py:3239} INFO - Sync 1 DAGs
[2024-10-13T11:26:28.180+0000] {logging_mixin.py:190} INFO - [2024-10-13T11:26:28.180+0000] {dag.py:4180} INFO - Setting next_dagrun for SmarttKeyData_v2 to 2024-10-13 00:00:00+00:00, run_after=2024-10-14 00:00:00+00:00
[2024-10-13T11:26:28.214+0000] {processor.py:208} INFO - Processing /opt/airflow/dags/smart_key.py took 0.611 seconds
[2024-10-13T11:26:59.235+0000] {processor.py:186} INFO - Started process (PID=455) to work on /opt/airflow/dags/smart_key.py
[2024-10-13T11:26:59.237+0000] {processor.py:914} INFO - Processing file /opt/airflow/dags/smart_key.py for tasks to queue
[2024-10-13T11:26:59.240+0000] {logging_mixin.py:190} INFO - [2024-10-13T11:26:59.239+0000] {dagbag.py:588} INFO - Filling up the DagBag from /opt/airflow/dags/smart_key.py
[2024-10-13T11:26:59.726+0000] {processor.py:925} INFO - DAG(s) 'SmarttKeyData_v2' retrieved from /opt/airflow/dags/smart_key.py
[2024-10-13T11:26:59.764+0000] {logging_mixin.py:190} INFO - [2024-10-13T11:26:59.764+0000] {dag.py:3239} INFO - Sync 1 DAGs
[2024-10-13T11:26:59.801+0000] {logging_mixin.py:190} INFO - [2024-10-13T11:26:59.801+0000] {dag.py:4180} INFO - Setting next_dagrun for SmarttKeyData_v2 to 2024-10-13 00:00:00+00:00, run_after=2024-10-14 00:00:00+00:00
[2024-10-13T11:26:59.840+0000] {processor.py:208} INFO - Processing /opt/airflow/dags/smart_key.py took 0.617 seconds
[2024-10-13T11:27:30.809+0000] {processor.py:186} INFO - Started process (PID=466) to work on /opt/airflow/dags/smart_key.py
[2024-10-13T11:27:30.811+0000] {processor.py:914} INFO - Processing file /opt/airflow/dags/smart_key.py for tasks to queue
[2024-10-13T11:27:30.814+0000] {logging_mixin.py:190} INFO - [2024-10-13T11:27:30.813+0000] {dagbag.py:588} INFO - Filling up the DagBag from /opt/airflow/dags/smart_key.py
[2024-10-13T11:27:31.348+0000] {processor.py:925} INFO - DAG(s) 'SmarttKeyData_v2' retrieved from /opt/airflow/dags/smart_key.py
[2024-10-13T11:27:31.384+0000] {logging_mixin.py:190} INFO - [2024-10-13T11:27:31.383+0000] {dag.py:3239} INFO - Sync 1 DAGs
[2024-10-13T11:27:31.420+0000] {logging_mixin.py:190} INFO - [2024-10-13T11:27:31.420+0000] {dag.py:4180} INFO - Setting next_dagrun for SmarttKeyData_v2 to 2024-10-13 00:00:00+00:00, run_after=2024-10-14 00:00:00+00:00
[2024-10-13T11:27:31.445+0000] {processor.py:208} INFO - Processing /opt/airflow/dags/smart_key.py took 0.647 seconds
[2024-10-13T11:28:02.315+0000] {processor.py:186} INFO - Started process (PID=476) to work on /opt/airflow/dags/smart_key.py
[2024-10-13T11:28:02.317+0000] {processor.py:914} INFO - Processing file /opt/airflow/dags/smart_key.py for tasks to queue
[2024-10-13T11:28:02.319+0000] {logging_mixin.py:190} INFO - [2024-10-13T11:28:02.319+0000] {dagbag.py:588} INFO - Filling up the DagBag from /opt/airflow/dags/smart_key.py
[2024-10-13T11:28:02.820+0000] {processor.py:925} INFO - DAG(s) 'SmarttKeyData_v2' retrieved from /opt/airflow/dags/smart_key.py
[2024-10-13T11:28:02.852+0000] {logging_mixin.py:190} INFO - [2024-10-13T11:28:02.852+0000] {dag.py:3239} INFO - Sync 1 DAGs
[2024-10-13T11:28:02.881+0000] {logging_mixin.py:190} INFO - [2024-10-13T11:28:02.881+0000] {dag.py:4180} INFO - Setting next_dagrun for SmarttKeyData_v2 to 2024-10-13 00:00:00+00:00, run_after=2024-10-14 00:00:00+00:00
[2024-10-13T11:28:02.912+0000] {processor.py:208} INFO - Processing /opt/airflow/dags/smart_key.py took 0.605 seconds
[2024-10-13T11:28:33.651+0000] {processor.py:186} INFO - Started process (PID=487) to work on /opt/airflow/dags/smart_key.py
[2024-10-13T11:28:33.653+0000] {processor.py:914} INFO - Processing file /opt/airflow/dags/smart_key.py for tasks to queue
[2024-10-13T11:28:33.657+0000] {logging_mixin.py:190} INFO - [2024-10-13T11:28:33.656+0000] {dagbag.py:588} INFO - Filling up the DagBag from /opt/airflow/dags/smart_key.py
[2024-10-13T11:28:34.154+0000] {processor.py:925} INFO - DAG(s) 'SmarttKeyData_v2' retrieved from /opt/airflow/dags/smart_key.py
[2024-10-13T11:28:34.195+0000] {logging_mixin.py:190} INFO - [2024-10-13T11:28:34.194+0000] {dag.py:3239} INFO - Sync 1 DAGs
[2024-10-13T11:28:34.238+0000] {logging_mixin.py:190} INFO - [2024-10-13T11:28:34.238+0000] {dag.py:4180} INFO - Setting next_dagrun for SmarttKeyData_v2 to 2024-10-13 00:00:00+00:00, run_after=2024-10-14 00:00:00+00:00
[2024-10-13T11:28:34.271+0000] {processor.py:208} INFO - Processing /opt/airflow/dags/smart_key.py took 0.627 seconds
[2024-10-13T11:29:05.307+0000] {processor.py:186} INFO - Started process (PID=499) to work on /opt/airflow/dags/smart_key.py
[2024-10-13T11:29:05.309+0000] {processor.py:914} INFO - Processing file /opt/airflow/dags/smart_key.py for tasks to queue
[2024-10-13T11:29:05.311+0000] {logging_mixin.py:190} INFO - [2024-10-13T11:29:05.311+0000] {dagbag.py:588} INFO - Filling up the DagBag from /opt/airflow/dags/smart_key.py
[2024-10-13T11:29:05.849+0000] {processor.py:925} INFO - DAG(s) 'SmarttKeyData_v2' retrieved from /opt/airflow/dags/smart_key.py
[2024-10-13T11:29:05.885+0000] {logging_mixin.py:190} INFO - [2024-10-13T11:29:05.885+0000] {dag.py:3239} INFO - Sync 1 DAGs
[2024-10-13T11:29:05.933+0000] {logging_mixin.py:190} INFO - [2024-10-13T11:29:05.932+0000] {dag.py:4180} INFO - Setting next_dagrun for SmarttKeyData_v2 to 2024-10-13 00:00:00+00:00, run_after=2024-10-14 00:00:00+00:00
[2024-10-13T11:29:05.981+0000] {processor.py:208} INFO - Processing /opt/airflow/dags/smart_key.py took 0.685 seconds
[2024-10-13T11:29:36.136+0000] {processor.py:186} INFO - Started process (PID=509) to work on /opt/airflow/dags/smart_key.py
[2024-10-13T11:29:36.138+0000] {processor.py:914} INFO - Processing file /opt/airflow/dags/smart_key.py for tasks to queue
[2024-10-13T11:29:36.141+0000] {logging_mixin.py:190} INFO - [2024-10-13T11:29:36.140+0000] {dagbag.py:588} INFO - Filling up the DagBag from /opt/airflow/dags/smart_key.py
[2024-10-13T11:29:36.597+0000] {processor.py:925} INFO - DAG(s) 'SmarttKeyData_v2' retrieved from /opt/airflow/dags/smart_key.py
[2024-10-13T11:29:36.630+0000] {logging_mixin.py:190} INFO - [2024-10-13T11:29:36.630+0000] {dag.py:3239} INFO - Sync 1 DAGs
[2024-10-13T11:29:36.664+0000] {logging_mixin.py:190} INFO - [2024-10-13T11:29:36.664+0000] {dag.py:4180} INFO - Setting next_dagrun for SmarttKeyData_v2 to 2024-10-13 00:00:00+00:00, run_after=2024-10-14 00:00:00+00:00
[2024-10-13T11:29:36.695+0000] {processor.py:208} INFO - Processing /opt/airflow/dags/smart_key.py took 0.571 seconds
[2024-10-13T11:30:07.579+0000] {processor.py:186} INFO - Started process (PID=519) to work on /opt/airflow/dags/smart_key.py
[2024-10-13T11:30:07.581+0000] {processor.py:914} INFO - Processing file /opt/airflow/dags/smart_key.py for tasks to queue
[2024-10-13T11:30:07.584+0000] {logging_mixin.py:190} INFO - [2024-10-13T11:30:07.583+0000] {dagbag.py:588} INFO - Filling up the DagBag from /opt/airflow/dags/smart_key.py
[2024-10-13T11:30:08.012+0000] {processor.py:925} INFO - DAG(s) 'SmarttKeyData_v2' retrieved from /opt/airflow/dags/smart_key.py
[2024-10-13T11:30:08.042+0000] {logging_mixin.py:190} INFO - [2024-10-13T11:30:08.042+0000] {dag.py:3239} INFO - Sync 1 DAGs
[2024-10-13T11:30:08.086+0000] {logging_mixin.py:190} INFO - [2024-10-13T11:30:08.086+0000] {dag.py:4180} INFO - Setting next_dagrun for SmarttKeyData_v2 to 2024-10-13 00:00:00+00:00, run_after=2024-10-14 00:00:00+00:00
[2024-10-13T11:30:08.120+0000] {processor.py:208} INFO - Processing /opt/airflow/dags/smart_key.py took 0.548 seconds
