[2024-10-13T11:09:07.026+0000] {processor.py:186} INFO - Started process (PID=81) to work on /opt/airflow/dags/variablepython.py
[2024-10-13T11:09:07.029+0000] {processor.py:914} INFO - Processing file /opt/airflow/dags/variablepython.py for tasks to queue
[2024-10-13T11:09:07.044+0000] {logging_mixin.py:190} INFO - [2024-10-13T11:09:07.040+0000] {dagbag.py:588} INFO - Filling up the DagBag from /opt/airflow/dags/variablepython.py
[2024-10-13T11:09:07.173+0000] {processor.py:925} INFO - DAG(s) 'variabledemo_v4' retrieved from /opt/airflow/dags/variablepython.py
[2024-10-13T11:09:07.303+0000] {logging_mixin.py:190} INFO - [2024-10-13T11:09:07.302+0000] {dag.py:3239} INFO - Sync 1 DAGs
[2024-10-13T11:09:07.389+0000] {logging_mixin.py:190} INFO - [2024-10-13T11:09:07.389+0000] {dag.py:4180} INFO - Setting next_dagrun for variabledemo_v4 to 2024-10-12 00:00:00+00:00, run_after=2024-10-13 00:00:00+00:00
[2024-10-13T11:09:07.455+0000] {processor.py:208} INFO - Processing /opt/airflow/dags/variablepython.py took 0.555 seconds
[2024-10-13T11:09:37.724+0000] {processor.py:186} INFO - Started process (PID=112) to work on /opt/airflow/dags/variablepython.py
[2024-10-13T11:09:37.726+0000] {processor.py:914} INFO - Processing file /opt/airflow/dags/variablepython.py for tasks to queue
[2024-10-13T11:09:37.732+0000] {logging_mixin.py:190} INFO - [2024-10-13T11:09:37.731+0000] {dagbag.py:588} INFO - Filling up the DagBag from /opt/airflow/dags/variablepython.py
[2024-10-13T11:09:37.790+0000] {processor.py:925} INFO - DAG(s) 'variabledemo_v4' retrieved from /opt/airflow/dags/variablepython.py
[2024-10-13T11:09:37.828+0000] {logging_mixin.py:190} INFO - [2024-10-13T11:09:37.827+0000] {dag.py:3239} INFO - Sync 1 DAGs
[2024-10-13T11:09:37.861+0000] {logging_mixin.py:190} INFO - [2024-10-13T11:09:37.861+0000] {dag.py:4180} INFO - Setting next_dagrun for variabledemo_v4 to 2024-10-13 00:00:00+00:00, run_after=2024-10-14 00:00:00+00:00
[2024-10-13T11:09:37.885+0000] {processor.py:208} INFO - Processing /opt/airflow/dags/variablepython.py took 0.169 seconds
[2024-10-13T11:10:08.122+0000] {processor.py:186} INFO - Started process (PID=122) to work on /opt/airflow/dags/variablepython.py
[2024-10-13T11:10:08.123+0000] {processor.py:914} INFO - Processing file /opt/airflow/dags/variablepython.py for tasks to queue
[2024-10-13T11:10:08.125+0000] {logging_mixin.py:190} INFO - [2024-10-13T11:10:08.125+0000] {dagbag.py:588} INFO - Filling up the DagBag from /opt/airflow/dags/variablepython.py
[2024-10-13T11:10:08.181+0000] {processor.py:925} INFO - DAG(s) 'variabledemo_v4' retrieved from /opt/airflow/dags/variablepython.py
[2024-10-13T11:10:08.202+0000] {logging_mixin.py:190} INFO - [2024-10-13T11:10:08.202+0000] {dag.py:3239} INFO - Sync 1 DAGs
[2024-10-13T11:10:08.221+0000] {logging_mixin.py:190} INFO - [2024-10-13T11:10:08.221+0000] {dag.py:4180} INFO - Setting next_dagrun for variabledemo_v4 to 2024-10-13 00:00:00+00:00, run_after=2024-10-14 00:00:00+00:00
[2024-10-13T11:10:08.244+0000] {processor.py:208} INFO - Processing /opt/airflow/dags/variablepython.py took 0.127 seconds
[2024-10-13T11:10:38.335+0000] {processor.py:186} INFO - Started process (PID=132) to work on /opt/airflow/dags/variablepython.py
[2024-10-13T11:10:38.337+0000] {processor.py:914} INFO - Processing file /opt/airflow/dags/variablepython.py for tasks to queue
[2024-10-13T11:10:38.338+0000] {logging_mixin.py:190} INFO - [2024-10-13T11:10:38.338+0000] {dagbag.py:588} INFO - Filling up the DagBag from /opt/airflow/dags/variablepython.py
[2024-10-13T11:10:38.377+0000] {processor.py:925} INFO - DAG(s) 'variabledemo_v4' retrieved from /opt/airflow/dags/variablepython.py
[2024-10-13T11:10:38.403+0000] {logging_mixin.py:190} INFO - [2024-10-13T11:10:38.403+0000] {dag.py:3239} INFO - Sync 1 DAGs
[2024-10-13T11:10:38.430+0000] {logging_mixin.py:190} INFO - [2024-10-13T11:10:38.429+0000] {dag.py:4180} INFO - Setting next_dagrun for variabledemo_v4 to 2024-10-13 00:00:00+00:00, run_after=2024-10-14 00:00:00+00:00
[2024-10-13T11:10:38.584+0000] {processor.py:208} INFO - Processing /opt/airflow/dags/variablepython.py took 0.255 seconds
[2024-10-13T11:11:08.726+0000] {processor.py:186} INFO - Started process (PID=146) to work on /opt/airflow/dags/variablepython.py
[2024-10-13T11:11:08.728+0000] {processor.py:914} INFO - Processing file /opt/airflow/dags/variablepython.py for tasks to queue
[2024-10-13T11:11:08.730+0000] {logging_mixin.py:190} INFO - [2024-10-13T11:11:08.729+0000] {dagbag.py:588} INFO - Filling up the DagBag from /opt/airflow/dags/variablepython.py
[2024-10-13T11:11:08.772+0000] {processor.py:925} INFO - DAG(s) 'variabledemo_v4' retrieved from /opt/airflow/dags/variablepython.py
[2024-10-13T11:11:08.799+0000] {logging_mixin.py:190} INFO - [2024-10-13T11:11:08.799+0000] {dag.py:3239} INFO - Sync 1 DAGs
[2024-10-13T11:11:08.957+0000] {logging_mixin.py:190} INFO - [2024-10-13T11:11:08.957+0000] {dag.py:4180} INFO - Setting next_dagrun for variabledemo_v4 to 2024-10-13 00:00:00+00:00, run_after=2024-10-14 00:00:00+00:00
[2024-10-13T11:11:08.977+0000] {processor.py:208} INFO - Processing /opt/airflow/dags/variablepython.py took 0.257 seconds
[2024-10-13T11:11:39.121+0000] {processor.py:186} INFO - Started process (PID=156) to work on /opt/airflow/dags/variablepython.py
[2024-10-13T11:11:39.123+0000] {processor.py:914} INFO - Processing file /opt/airflow/dags/variablepython.py for tasks to queue
[2024-10-13T11:11:39.125+0000] {logging_mixin.py:190} INFO - [2024-10-13T11:11:39.125+0000] {dagbag.py:588} INFO - Filling up the DagBag from /opt/airflow/dags/variablepython.py
[2024-10-13T11:11:39.184+0000] {processor.py:925} INFO - DAG(s) 'variabledemo_v4' retrieved from /opt/airflow/dags/variablepython.py
[2024-10-13T11:11:39.342+0000] {logging_mixin.py:190} INFO - [2024-10-13T11:11:39.342+0000] {dag.py:3239} INFO - Sync 1 DAGs
[2024-10-13T11:11:39.360+0000] {logging_mixin.py:190} INFO - [2024-10-13T11:11:39.360+0000] {dag.py:4180} INFO - Setting next_dagrun for variabledemo_v4 to 2024-10-13 00:00:00+00:00, run_after=2024-10-14 00:00:00+00:00
[2024-10-13T11:11:39.380+0000] {processor.py:208} INFO - Processing /opt/airflow/dags/variablepython.py took 0.263 seconds
[2024-10-13T11:12:09.829+0000] {processor.py:186} INFO - Started process (PID=166) to work on /opt/airflow/dags/variablepython.py
[2024-10-13T11:12:09.831+0000] {processor.py:914} INFO - Processing file /opt/airflow/dags/variablepython.py for tasks to queue
[2024-10-13T11:12:09.833+0000] {logging_mixin.py:190} INFO - [2024-10-13T11:12:09.832+0000] {dagbag.py:588} INFO - Filling up the DagBag from /opt/airflow/dags/variablepython.py
[2024-10-13T11:12:10.001+0000] {processor.py:925} INFO - DAG(s) 'variabledemo_v4' retrieved from /opt/airflow/dags/variablepython.py
[2024-10-13T11:12:10.035+0000] {logging_mixin.py:190} INFO - [2024-10-13T11:12:10.035+0000] {dag.py:3239} INFO - Sync 1 DAGs
[2024-10-13T11:12:10.053+0000] {logging_mixin.py:190} INFO - [2024-10-13T11:12:10.053+0000] {dag.py:4180} INFO - Setting next_dagrun for variabledemo_v4 to 2024-10-13 00:00:00+00:00, run_after=2024-10-14 00:00:00+00:00
[2024-10-13T11:12:10.073+0000] {processor.py:208} INFO - Processing /opt/airflow/dags/variablepython.py took 0.250 seconds
[2024-10-13T11:12:40.197+0000] {processor.py:186} INFO - Started process (PID=176) to work on /opt/airflow/dags/variablepython.py
[2024-10-13T11:12:40.198+0000] {processor.py:914} INFO - Processing file /opt/airflow/dags/variablepython.py for tasks to queue
[2024-10-13T11:12:40.202+0000] {logging_mixin.py:190} INFO - [2024-10-13T11:12:40.201+0000] {dagbag.py:588} INFO - Filling up the DagBag from /opt/airflow/dags/variablepython.py
[2024-10-13T11:12:40.262+0000] {processor.py:925} INFO - DAG(s) 'variabledemo_v4' retrieved from /opt/airflow/dags/variablepython.py
[2024-10-13T11:12:40.297+0000] {logging_mixin.py:190} INFO - [2024-10-13T11:12:40.296+0000] {dag.py:3239} INFO - Sync 1 DAGs
[2024-10-13T11:12:40.320+0000] {logging_mixin.py:190} INFO - [2024-10-13T11:12:40.320+0000] {dag.py:4180} INFO - Setting next_dagrun for variabledemo_v4 to 2024-10-13 00:00:00+00:00, run_after=2024-10-14 00:00:00+00:00
[2024-10-13T11:12:40.340+0000] {processor.py:208} INFO - Processing /opt/airflow/dags/variablepython.py took 0.151 seconds
[2024-10-13T11:13:10.454+0000] {processor.py:186} INFO - Started process (PID=186) to work on /opt/airflow/dags/variablepython.py
[2024-10-13T11:13:10.456+0000] {processor.py:914} INFO - Processing file /opt/airflow/dags/variablepython.py for tasks to queue
[2024-10-13T11:13:10.458+0000] {logging_mixin.py:190} INFO - [2024-10-13T11:13:10.458+0000] {dagbag.py:588} INFO - Filling up the DagBag from /opt/airflow/dags/variablepython.py
[2024-10-13T11:13:10.512+0000] {processor.py:925} INFO - DAG(s) 'variabledemo_v4' retrieved from /opt/airflow/dags/variablepython.py
[2024-10-13T11:13:10.541+0000] {logging_mixin.py:190} INFO - [2024-10-13T11:13:10.541+0000] {dag.py:3239} INFO - Sync 1 DAGs
[2024-10-13T11:13:10.569+0000] {logging_mixin.py:190} INFO - [2024-10-13T11:13:10.569+0000] {dag.py:4180} INFO - Setting next_dagrun for variabledemo_v4 to 2024-10-13 00:00:00+00:00, run_after=2024-10-14 00:00:00+00:00
[2024-10-13T11:13:10.606+0000] {processor.py:208} INFO - Processing /opt/airflow/dags/variablepython.py took 0.159 seconds
[2024-10-13T11:13:41.116+0000] {processor.py:186} INFO - Started process (PID=196) to work on /opt/airflow/dags/variablepython.py
[2024-10-13T11:13:41.117+0000] {processor.py:914} INFO - Processing file /opt/airflow/dags/variablepython.py for tasks to queue
[2024-10-13T11:13:41.119+0000] {logging_mixin.py:190} INFO - [2024-10-13T11:13:41.119+0000] {dagbag.py:588} INFO - Filling up the DagBag from /opt/airflow/dags/variablepython.py
[2024-10-13T11:13:41.166+0000] {processor.py:925} INFO - DAG(s) 'variabledemo_v4' retrieved from /opt/airflow/dags/variablepython.py
[2024-10-13T11:13:41.205+0000] {logging_mixin.py:190} INFO - [2024-10-13T11:13:41.204+0000] {dag.py:3239} INFO - Sync 1 DAGs
[2024-10-13T11:13:41.228+0000] {logging_mixin.py:190} INFO - [2024-10-13T11:13:41.228+0000] {dag.py:4180} INFO - Setting next_dagrun for variabledemo_v4 to 2024-10-13 00:00:00+00:00, run_after=2024-10-14 00:00:00+00:00
[2024-10-13T11:13:41.254+0000] {processor.py:208} INFO - Processing /opt/airflow/dags/variablepython.py took 0.145 seconds
[2024-10-13T11:14:12.046+0000] {processor.py:186} INFO - Started process (PID=206) to work on /opt/airflow/dags/variablepython.py
[2024-10-13T11:14:12.048+0000] {processor.py:914} INFO - Processing file /opt/airflow/dags/variablepython.py for tasks to queue
[2024-10-13T11:14:12.050+0000] {logging_mixin.py:190} INFO - [2024-10-13T11:14:12.049+0000] {dagbag.py:588} INFO - Filling up the DagBag from /opt/airflow/dags/variablepython.py
[2024-10-13T11:14:12.102+0000] {processor.py:925} INFO - DAG(s) 'variabledemo_v4' retrieved from /opt/airflow/dags/variablepython.py
[2024-10-13T11:14:12.212+0000] {logging_mixin.py:190} INFO - [2024-10-13T11:14:12.212+0000] {dag.py:3239} INFO - Sync 1 DAGs
[2024-10-13T11:14:12.238+0000] {logging_mixin.py:190} INFO - [2024-10-13T11:14:12.238+0000] {dag.py:4180} INFO - Setting next_dagrun for variabledemo_v4 to 2024-10-13 00:00:00+00:00, run_after=2024-10-14 00:00:00+00:00
[2024-10-13T11:14:12.257+0000] {processor.py:208} INFO - Processing /opt/airflow/dags/variablepython.py took 0.217 seconds
[2024-10-13T11:14:43.017+0000] {processor.py:186} INFO - Started process (PID=216) to work on /opt/airflow/dags/variablepython.py
[2024-10-13T11:14:43.019+0000] {processor.py:914} INFO - Processing file /opt/airflow/dags/variablepython.py for tasks to queue
[2024-10-13T11:14:43.027+0000] {logging_mixin.py:190} INFO - [2024-10-13T11:14:43.027+0000] {dagbag.py:588} INFO - Filling up the DagBag from /opt/airflow/dags/variablepython.py
[2024-10-13T11:14:43.083+0000] {processor.py:925} INFO - DAG(s) 'variabledemo_v4' retrieved from /opt/airflow/dags/variablepython.py
[2024-10-13T11:14:43.111+0000] {logging_mixin.py:190} INFO - [2024-10-13T11:14:43.111+0000] {dag.py:3239} INFO - Sync 1 DAGs
[2024-10-13T11:14:43.139+0000] {logging_mixin.py:190} INFO - [2024-10-13T11:14:43.139+0000] {dag.py:4180} INFO - Setting next_dagrun for variabledemo_v4 to 2024-10-13 00:00:00+00:00, run_after=2024-10-14 00:00:00+00:00
[2024-10-13T11:14:43.165+0000] {processor.py:208} INFO - Processing /opt/airflow/dags/variablepython.py took 0.153 seconds
[2024-10-13T11:15:13.528+0000] {processor.py:186} INFO - Started process (PID=226) to work on /opt/airflow/dags/variablepython.py
[2024-10-13T11:15:13.530+0000] {processor.py:914} INFO - Processing file /opt/airflow/dags/variablepython.py for tasks to queue
[2024-10-13T11:15:13.532+0000] {logging_mixin.py:190} INFO - [2024-10-13T11:15:13.532+0000] {dagbag.py:588} INFO - Filling up the DagBag from /opt/airflow/dags/variablepython.py
[2024-10-13T11:15:13.592+0000] {processor.py:925} INFO - DAG(s) 'variabledemo_v4' retrieved from /opt/airflow/dags/variablepython.py
[2024-10-13T11:15:13.634+0000] {logging_mixin.py:190} INFO - [2024-10-13T11:15:13.633+0000] {dag.py:3239} INFO - Sync 1 DAGs
[2024-10-13T11:15:13.669+0000] {logging_mixin.py:190} INFO - [2024-10-13T11:15:13.668+0000] {dag.py:4180} INFO - Setting next_dagrun for variabledemo_v4 to 2024-10-13 00:00:00+00:00, run_after=2024-10-14 00:00:00+00:00
[2024-10-13T11:15:13.702+0000] {processor.py:208} INFO - Processing /opt/airflow/dags/variablepython.py took 0.183 seconds
[2024-10-13T11:15:44.267+0000] {processor.py:186} INFO - Started process (PID=236) to work on /opt/airflow/dags/variablepython.py
[2024-10-13T11:15:44.271+0000] {processor.py:914} INFO - Processing file /opt/airflow/dags/variablepython.py for tasks to queue
[2024-10-13T11:15:44.283+0000] {logging_mixin.py:190} INFO - [2024-10-13T11:15:44.275+0000] {dagbag.py:588} INFO - Filling up the DagBag from /opt/airflow/dags/variablepython.py
[2024-10-13T11:15:44.337+0000] {processor.py:925} INFO - DAG(s) 'variabledemo_v4' retrieved from /opt/airflow/dags/variablepython.py
[2024-10-13T11:15:44.373+0000] {logging_mixin.py:190} INFO - [2024-10-13T11:15:44.372+0000] {dag.py:3239} INFO - Sync 1 DAGs
[2024-10-13T11:15:44.405+0000] {logging_mixin.py:190} INFO - [2024-10-13T11:15:44.404+0000] {dag.py:4180} INFO - Setting next_dagrun for variabledemo_v4 to 2024-10-13 00:00:00+00:00, run_after=2024-10-14 00:00:00+00:00
[2024-10-13T11:15:44.426+0000] {processor.py:208} INFO - Processing /opt/airflow/dags/variablepython.py took 0.165 seconds
[2024-10-13T11:16:15.094+0000] {processor.py:186} INFO - Started process (PID=247) to work on /opt/airflow/dags/variablepython.py
[2024-10-13T11:16:15.097+0000] {processor.py:914} INFO - Processing file /opt/airflow/dags/variablepython.py for tasks to queue
[2024-10-13T11:16:15.100+0000] {logging_mixin.py:190} INFO - [2024-10-13T11:16:15.100+0000] {dagbag.py:588} INFO - Filling up the DagBag from /opt/airflow/dags/variablepython.py
[2024-10-13T11:16:15.157+0000] {processor.py:925} INFO - DAG(s) 'variabledemo_v4' retrieved from /opt/airflow/dags/variablepython.py
[2024-10-13T11:16:15.194+0000] {logging_mixin.py:190} INFO - [2024-10-13T11:16:15.194+0000] {dag.py:3239} INFO - Sync 1 DAGs
[2024-10-13T11:16:15.230+0000] {logging_mixin.py:190} INFO - [2024-10-13T11:16:15.230+0000] {dag.py:4180} INFO - Setting next_dagrun for variabledemo_v4 to 2024-10-13 00:00:00+00:00, run_after=2024-10-14 00:00:00+00:00
[2024-10-13T11:16:15.266+0000] {processor.py:208} INFO - Processing /opt/airflow/dags/variablepython.py took 0.180 seconds
[2024-10-13T11:16:45.885+0000] {processor.py:186} INFO - Started process (PID=257) to work on /opt/airflow/dags/variablepython.py
[2024-10-13T11:16:45.887+0000] {processor.py:914} INFO - Processing file /opt/airflow/dags/variablepython.py for tasks to queue
[2024-10-13T11:16:45.889+0000] {logging_mixin.py:190} INFO - [2024-10-13T11:16:45.889+0000] {dagbag.py:588} INFO - Filling up the DagBag from /opt/airflow/dags/variablepython.py
[2024-10-13T11:16:45.943+0000] {processor.py:925} INFO - DAG(s) 'variabledemo_v4' retrieved from /opt/airflow/dags/variablepython.py
[2024-10-13T11:16:45.966+0000] {logging_mixin.py:190} INFO - [2024-10-13T11:16:45.966+0000] {dag.py:3239} INFO - Sync 1 DAGs
[2024-10-13T11:16:45.987+0000] {logging_mixin.py:190} INFO - [2024-10-13T11:16:45.987+0000] {dag.py:4180} INFO - Setting next_dagrun for variabledemo_v4 to 2024-10-13 00:00:00+00:00, run_after=2024-10-14 00:00:00+00:00
[2024-10-13T11:16:46.008+0000] {processor.py:208} INFO - Processing /opt/airflow/dags/variablepython.py took 0.128 seconds
[2024-10-13T11:17:16.726+0000] {processor.py:186} INFO - Started process (PID=267) to work on /opt/airflow/dags/variablepython.py
[2024-10-13T11:17:16.729+0000] {processor.py:914} INFO - Processing file /opt/airflow/dags/variablepython.py for tasks to queue
[2024-10-13T11:17:16.731+0000] {logging_mixin.py:190} INFO - [2024-10-13T11:17:16.731+0000] {dagbag.py:588} INFO - Filling up the DagBag from /opt/airflow/dags/variablepython.py
[2024-10-13T11:17:16.786+0000] {processor.py:925} INFO - DAG(s) 'variabledemo_v4' retrieved from /opt/airflow/dags/variablepython.py
[2024-10-13T11:17:16.823+0000] {logging_mixin.py:190} INFO - [2024-10-13T11:17:16.823+0000] {dag.py:3239} INFO - Sync 1 DAGs
[2024-10-13T11:17:16.855+0000] {logging_mixin.py:190} INFO - [2024-10-13T11:17:16.855+0000] {dag.py:4180} INFO - Setting next_dagrun for variabledemo_v4 to 2024-10-13 00:00:00+00:00, run_after=2024-10-14 00:00:00+00:00
[2024-10-13T11:17:16.893+0000] {processor.py:208} INFO - Processing /opt/airflow/dags/variablepython.py took 0.173 seconds
[2024-10-13T11:17:47.544+0000] {processor.py:186} INFO - Started process (PID=277) to work on /opt/airflow/dags/variablepython.py
[2024-10-13T11:17:47.546+0000] {processor.py:914} INFO - Processing file /opt/airflow/dags/variablepython.py for tasks to queue
[2024-10-13T11:17:47.550+0000] {logging_mixin.py:190} INFO - [2024-10-13T11:17:47.548+0000] {dagbag.py:588} INFO - Filling up the DagBag from /opt/airflow/dags/variablepython.py
[2024-10-13T11:17:47.605+0000] {processor.py:925} INFO - DAG(s) 'variabledemo_v4' retrieved from /opt/airflow/dags/variablepython.py
[2024-10-13T11:17:47.650+0000] {logging_mixin.py:190} INFO - [2024-10-13T11:17:47.650+0000] {dag.py:3239} INFO - Sync 1 DAGs
[2024-10-13T11:17:47.698+0000] {logging_mixin.py:190} INFO - [2024-10-13T11:17:47.698+0000] {dag.py:4180} INFO - Setting next_dagrun for variabledemo_v4 to 2024-10-13 00:00:00+00:00, run_after=2024-10-14 00:00:00+00:00
[2024-10-13T11:17:47.741+0000] {processor.py:208} INFO - Processing /opt/airflow/dags/variablepython.py took 0.215 seconds
[2024-10-13T11:18:17.946+0000] {processor.py:186} INFO - Started process (PID=287) to work on /opt/airflow/dags/variablepython.py
[2024-10-13T11:18:17.948+0000] {processor.py:914} INFO - Processing file /opt/airflow/dags/variablepython.py for tasks to queue
[2024-10-13T11:18:17.950+0000] {logging_mixin.py:190} INFO - [2024-10-13T11:18:17.950+0000] {dagbag.py:588} INFO - Filling up the DagBag from /opt/airflow/dags/variablepython.py
[2024-10-13T11:18:18.001+0000] {processor.py:925} INFO - DAG(s) 'variabledemo_v4' retrieved from /opt/airflow/dags/variablepython.py
[2024-10-13T11:18:18.025+0000] {logging_mixin.py:190} INFO - [2024-10-13T11:18:18.025+0000] {dag.py:3239} INFO - Sync 1 DAGs
[2024-10-13T11:18:18.044+0000] {logging_mixin.py:190} INFO - [2024-10-13T11:18:18.044+0000] {dag.py:4180} INFO - Setting next_dagrun for variabledemo_v4 to 2024-10-13 00:00:00+00:00, run_after=2024-10-14 00:00:00+00:00
[2024-10-13T11:18:18.066+0000] {processor.py:208} INFO - Processing /opt/airflow/dags/variablepython.py took 0.125 seconds
[2024-10-13T11:18:48.622+0000] {processor.py:186} INFO - Started process (PID=297) to work on /opt/airflow/dags/variablepython.py
[2024-10-13T11:18:48.624+0000] {processor.py:914} INFO - Processing file /opt/airflow/dags/variablepython.py for tasks to queue
[2024-10-13T11:18:48.626+0000] {logging_mixin.py:190} INFO - [2024-10-13T11:18:48.625+0000] {dagbag.py:588} INFO - Filling up the DagBag from /opt/airflow/dags/variablepython.py
[2024-10-13T11:18:48.678+0000] {processor.py:925} INFO - DAG(s) 'variabledemo_v4' retrieved from /opt/airflow/dags/variablepython.py
[2024-10-13T11:18:48.705+0000] {logging_mixin.py:190} INFO - [2024-10-13T11:18:48.705+0000] {dag.py:3239} INFO - Sync 1 DAGs
[2024-10-13T11:18:48.731+0000] {logging_mixin.py:190} INFO - [2024-10-13T11:18:48.730+0000] {dag.py:4180} INFO - Setting next_dagrun for variabledemo_v4 to 2024-10-13 00:00:00+00:00, run_after=2024-10-14 00:00:00+00:00
[2024-10-13T11:18:48.754+0000] {processor.py:208} INFO - Processing /opt/airflow/dags/variablepython.py took 0.137 seconds
[2024-10-13T11:19:18.980+0000] {processor.py:186} INFO - Started process (PID=307) to work on /opt/airflow/dags/variablepython.py
[2024-10-13T11:19:18.982+0000] {processor.py:914} INFO - Processing file /opt/airflow/dags/variablepython.py for tasks to queue
[2024-10-13T11:19:18.984+0000] {logging_mixin.py:190} INFO - [2024-10-13T11:19:18.984+0000] {dagbag.py:588} INFO - Filling up the DagBag from /opt/airflow/dags/variablepython.py
[2024-10-13T11:19:19.026+0000] {processor.py:925} INFO - DAG(s) 'variabledemo_v4' retrieved from /opt/airflow/dags/variablepython.py
[2024-10-13T11:19:19.050+0000] {logging_mixin.py:190} INFO - [2024-10-13T11:19:19.050+0000] {dag.py:3239} INFO - Sync 1 DAGs
[2024-10-13T11:19:19.070+0000] {logging_mixin.py:190} INFO - [2024-10-13T11:19:19.070+0000] {dag.py:4180} INFO - Setting next_dagrun for variabledemo_v4 to 2024-10-13 00:00:00+00:00, run_after=2024-10-14 00:00:00+00:00
[2024-10-13T11:19:19.092+0000] {processor.py:208} INFO - Processing /opt/airflow/dags/variablepython.py took 0.116 seconds
[2024-10-13T11:19:49.728+0000] {processor.py:186} INFO - Started process (PID=317) to work on /opt/airflow/dags/variablepython.py
[2024-10-13T11:19:49.730+0000] {processor.py:914} INFO - Processing file /opt/airflow/dags/variablepython.py for tasks to queue
[2024-10-13T11:19:49.732+0000] {logging_mixin.py:190} INFO - [2024-10-13T11:19:49.731+0000] {dagbag.py:588} INFO - Filling up the DagBag from /opt/airflow/dags/variablepython.py
[2024-10-13T11:19:49.792+0000] {processor.py:925} INFO - DAG(s) 'variabledemo_v4' retrieved from /opt/airflow/dags/variablepython.py
[2024-10-13T11:19:49.816+0000] {logging_mixin.py:190} INFO - [2024-10-13T11:19:49.816+0000] {dag.py:3239} INFO - Sync 1 DAGs
[2024-10-13T11:19:49.837+0000] {logging_mixin.py:190} INFO - [2024-10-13T11:19:49.836+0000] {dag.py:4180} INFO - Setting next_dagrun for variabledemo_v4 to 2024-10-13 00:00:00+00:00, run_after=2024-10-14 00:00:00+00:00
[2024-10-13T11:19:49.860+0000] {processor.py:208} INFO - Processing /opt/airflow/dags/variablepython.py took 0.141 seconds
[2024-10-13T11:20:20.510+0000] {processor.py:186} INFO - Started process (PID=327) to work on /opt/airflow/dags/variablepython.py
[2024-10-13T11:20:20.512+0000] {processor.py:914} INFO - Processing file /opt/airflow/dags/variablepython.py for tasks to queue
[2024-10-13T11:20:20.515+0000] {logging_mixin.py:190} INFO - [2024-10-13T11:20:20.514+0000] {dagbag.py:588} INFO - Filling up the DagBag from /opt/airflow/dags/variablepython.py
[2024-10-13T11:20:20.571+0000] {processor.py:925} INFO - DAG(s) 'variabledemo_v4' retrieved from /opt/airflow/dags/variablepython.py
[2024-10-13T11:20:20.594+0000] {logging_mixin.py:190} INFO - [2024-10-13T11:20:20.593+0000] {dag.py:3239} INFO - Sync 1 DAGs
[2024-10-13T11:20:20.614+0000] {logging_mixin.py:190} INFO - [2024-10-13T11:20:20.613+0000] {dag.py:4180} INFO - Setting next_dagrun for variabledemo_v4 to 2024-10-13 00:00:00+00:00, run_after=2024-10-14 00:00:00+00:00
[2024-10-13T11:20:20.646+0000] {processor.py:208} INFO - Processing /opt/airflow/dags/variablepython.py took 0.141 seconds
[2024-10-13T11:20:50.743+0000] {processor.py:186} INFO - Started process (PID=337) to work on /opt/airflow/dags/variablepython.py
[2024-10-13T11:20:50.766+0000] {processor.py:914} INFO - Processing file /opt/airflow/dags/variablepython.py for tasks to queue
[2024-10-13T11:20:50.771+0000] {logging_mixin.py:190} INFO - [2024-10-13T11:20:50.771+0000] {dagbag.py:588} INFO - Filling up the DagBag from /opt/airflow/dags/variablepython.py
[2024-10-13T11:20:50.832+0000] {processor.py:925} INFO - DAG(s) 'variabledemo_v4' retrieved from /opt/airflow/dags/variablepython.py
[2024-10-13T11:20:50.858+0000] {logging_mixin.py:190} INFO - [2024-10-13T11:20:50.858+0000] {dag.py:3239} INFO - Sync 1 DAGs
[2024-10-13T11:20:50.879+0000] {logging_mixin.py:190} INFO - [2024-10-13T11:20:50.879+0000] {dag.py:4180} INFO - Setting next_dagrun for variabledemo_v4 to 2024-10-13 00:00:00+00:00, run_after=2024-10-14 00:00:00+00:00
[2024-10-13T11:20:50.899+0000] {processor.py:208} INFO - Processing /opt/airflow/dags/variablepython.py took 0.162 seconds
[2024-10-13T11:21:21.738+0000] {processor.py:186} INFO - Started process (PID=347) to work on /opt/airflow/dags/variablepython.py
[2024-10-13T11:21:21.740+0000] {processor.py:914} INFO - Processing file /opt/airflow/dags/variablepython.py for tasks to queue
[2024-10-13T11:21:21.742+0000] {logging_mixin.py:190} INFO - [2024-10-13T11:21:21.741+0000] {dagbag.py:588} INFO - Filling up the DagBag from /opt/airflow/dags/variablepython.py
[2024-10-13T11:21:21.803+0000] {processor.py:925} INFO - DAG(s) 'variabledemo_v4' retrieved from /opt/airflow/dags/variablepython.py
[2024-10-13T11:21:21.826+0000] {logging_mixin.py:190} INFO - [2024-10-13T11:21:21.826+0000] {dag.py:3239} INFO - Sync 1 DAGs
[2024-10-13T11:21:21.846+0000] {logging_mixin.py:190} INFO - [2024-10-13T11:21:21.846+0000] {dag.py:4180} INFO - Setting next_dagrun for variabledemo_v4 to 2024-10-13 00:00:00+00:00, run_after=2024-10-14 00:00:00+00:00
[2024-10-13T11:21:21.872+0000] {processor.py:208} INFO - Processing /opt/airflow/dags/variablepython.py took 0.139 seconds
[2024-10-13T11:21:52.595+0000] {processor.py:186} INFO - Started process (PID=357) to work on /opt/airflow/dags/variablepython.py
[2024-10-13T11:21:52.597+0000] {processor.py:914} INFO - Processing file /opt/airflow/dags/variablepython.py for tasks to queue
[2024-10-13T11:21:52.599+0000] {logging_mixin.py:190} INFO - [2024-10-13T11:21:52.598+0000] {dagbag.py:588} INFO - Filling up the DagBag from /opt/airflow/dags/variablepython.py
[2024-10-13T11:21:52.653+0000] {processor.py:925} INFO - DAG(s) 'variabledemo_v4' retrieved from /opt/airflow/dags/variablepython.py
[2024-10-13T11:21:52.679+0000] {logging_mixin.py:190} INFO - [2024-10-13T11:21:52.679+0000] {dag.py:3239} INFO - Sync 1 DAGs
[2024-10-13T11:21:52.701+0000] {logging_mixin.py:190} INFO - [2024-10-13T11:21:52.701+0000] {dag.py:4180} INFO - Setting next_dagrun for variabledemo_v4 to 2024-10-13 00:00:00+00:00, run_after=2024-10-14 00:00:00+00:00
[2024-10-13T11:21:52.722+0000] {processor.py:208} INFO - Processing /opt/airflow/dags/variablepython.py took 0.133 seconds
[2024-10-13T11:22:23.318+0000] {processor.py:186} INFO - Started process (PID=367) to work on /opt/airflow/dags/variablepython.py
[2024-10-13T11:22:23.320+0000] {processor.py:914} INFO - Processing file /opt/airflow/dags/variablepython.py for tasks to queue
[2024-10-13T11:22:23.322+0000] {logging_mixin.py:190} INFO - [2024-10-13T11:22:23.322+0000] {dagbag.py:588} INFO - Filling up the DagBag from /opt/airflow/dags/variablepython.py
[2024-10-13T11:22:23.371+0000] {processor.py:925} INFO - DAG(s) 'variabledemo_v4' retrieved from /opt/airflow/dags/variablepython.py
[2024-10-13T11:22:23.397+0000] {logging_mixin.py:190} INFO - [2024-10-13T11:22:23.397+0000] {dag.py:3239} INFO - Sync 1 DAGs
[2024-10-13T11:22:23.418+0000] {logging_mixin.py:190} INFO - [2024-10-13T11:22:23.417+0000] {dag.py:4180} INFO - Setting next_dagrun for variabledemo_v4 to 2024-10-13 00:00:00+00:00, run_after=2024-10-14 00:00:00+00:00
[2024-10-13T11:22:23.440+0000] {processor.py:208} INFO - Processing /opt/airflow/dags/variablepython.py took 0.127 seconds
[2024-10-13T11:22:54.018+0000] {processor.py:186} INFO - Started process (PID=377) to work on /opt/airflow/dags/variablepython.py
[2024-10-13T11:22:54.020+0000] {processor.py:914} INFO - Processing file /opt/airflow/dags/variablepython.py for tasks to queue
[2024-10-13T11:22:54.023+0000] {logging_mixin.py:190} INFO - [2024-10-13T11:22:54.022+0000] {dagbag.py:588} INFO - Filling up the DagBag from /opt/airflow/dags/variablepython.py
[2024-10-13T11:22:54.088+0000] {processor.py:925} INFO - DAG(s) 'variabledemo_v4' retrieved from /opt/airflow/dags/variablepython.py
[2024-10-13T11:22:54.125+0000] {logging_mixin.py:190} INFO - [2024-10-13T11:22:54.125+0000] {dag.py:3239} INFO - Sync 1 DAGs
[2024-10-13T11:22:54.156+0000] {logging_mixin.py:190} INFO - [2024-10-13T11:22:54.155+0000] {dag.py:4180} INFO - Setting next_dagrun for variabledemo_v4 to 2024-10-13 00:00:00+00:00, run_after=2024-10-14 00:00:00+00:00
[2024-10-13T11:22:54.185+0000] {processor.py:208} INFO - Processing /opt/airflow/dags/variablepython.py took 0.172 seconds
[2024-10-13T11:23:24.751+0000] {processor.py:186} INFO - Started process (PID=387) to work on /opt/airflow/dags/variablepython.py
[2024-10-13T11:23:24.753+0000] {processor.py:914} INFO - Processing file /opt/airflow/dags/variablepython.py for tasks to queue
[2024-10-13T11:23:24.755+0000] {logging_mixin.py:190} INFO - [2024-10-13T11:23:24.755+0000] {dagbag.py:588} INFO - Filling up the DagBag from /opt/airflow/dags/variablepython.py
[2024-10-13T11:23:24.807+0000] {processor.py:925} INFO - DAG(s) 'variabledemo_v4' retrieved from /opt/airflow/dags/variablepython.py
[2024-10-13T11:23:24.834+0000] {logging_mixin.py:190} INFO - [2024-10-13T11:23:24.834+0000] {dag.py:3239} INFO - Sync 1 DAGs
[2024-10-13T11:23:24.856+0000] {logging_mixin.py:190} INFO - [2024-10-13T11:23:24.856+0000] {dag.py:4180} INFO - Setting next_dagrun for variabledemo_v4 to 2024-10-13 00:00:00+00:00, run_after=2024-10-14 00:00:00+00:00
[2024-10-13T11:23:24.881+0000] {processor.py:208} INFO - Processing /opt/airflow/dags/variablepython.py took 0.136 seconds
[2024-10-13T11:23:55.472+0000] {processor.py:186} INFO - Started process (PID=397) to work on /opt/airflow/dags/variablepython.py
[2024-10-13T11:23:55.474+0000] {processor.py:914} INFO - Processing file /opt/airflow/dags/variablepython.py for tasks to queue
[2024-10-13T11:23:55.476+0000] {logging_mixin.py:190} INFO - [2024-10-13T11:23:55.476+0000] {dagbag.py:588} INFO - Filling up the DagBag from /opt/airflow/dags/variablepython.py
[2024-10-13T11:23:55.539+0000] {processor.py:925} INFO - DAG(s) 'variabledemo_v4' retrieved from /opt/airflow/dags/variablepython.py
[2024-10-13T11:23:55.580+0000] {logging_mixin.py:190} INFO - [2024-10-13T11:23:55.580+0000] {dag.py:3239} INFO - Sync 1 DAGs
[2024-10-13T11:23:55.614+0000] {logging_mixin.py:190} INFO - [2024-10-13T11:23:55.614+0000] {dag.py:4180} INFO - Setting next_dagrun for variabledemo_v4 to 2024-10-13 00:00:00+00:00, run_after=2024-10-14 00:00:00+00:00
[2024-10-13T11:23:55.656+0000] {processor.py:208} INFO - Processing /opt/airflow/dags/variablepython.py took 0.193 seconds
[2024-10-13T11:24:26.336+0000] {processor.py:186} INFO - Started process (PID=407) to work on /opt/airflow/dags/variablepython.py
[2024-10-13T11:24:26.338+0000] {processor.py:914} INFO - Processing file /opt/airflow/dags/variablepython.py for tasks to queue
[2024-10-13T11:24:26.340+0000] {logging_mixin.py:190} INFO - [2024-10-13T11:24:26.339+0000] {dagbag.py:588} INFO - Filling up the DagBag from /opt/airflow/dags/variablepython.py
[2024-10-13T11:24:26.391+0000] {processor.py:925} INFO - DAG(s) 'variabledemo_v4' retrieved from /opt/airflow/dags/variablepython.py
[2024-10-13T11:24:26.423+0000] {logging_mixin.py:190} INFO - [2024-10-13T11:24:26.423+0000] {dag.py:3239} INFO - Sync 1 DAGs
[2024-10-13T11:24:26.454+0000] {logging_mixin.py:190} INFO - [2024-10-13T11:24:26.453+0000] {dag.py:4180} INFO - Setting next_dagrun for variabledemo_v4 to 2024-10-13 00:00:00+00:00, run_after=2024-10-14 00:00:00+00:00
[2024-10-13T11:24:26.483+0000] {processor.py:208} INFO - Processing /opt/airflow/dags/variablepython.py took 0.155 seconds
[2024-10-13T11:24:56.800+0000] {processor.py:186} INFO - Started process (PID=417) to work on /opt/airflow/dags/variablepython.py
[2024-10-13T11:24:56.801+0000] {processor.py:914} INFO - Processing file /opt/airflow/dags/variablepython.py for tasks to queue
[2024-10-13T11:24:56.803+0000] {logging_mixin.py:190} INFO - [2024-10-13T11:24:56.803+0000] {dagbag.py:588} INFO - Filling up the DagBag from /opt/airflow/dags/variablepython.py
[2024-10-13T11:24:56.851+0000] {processor.py:925} INFO - DAG(s) 'variabledemo_v4' retrieved from /opt/airflow/dags/variablepython.py
[2024-10-13T11:24:56.916+0000] {logging_mixin.py:190} INFO - [2024-10-13T11:24:56.915+0000] {dag.py:3239} INFO - Sync 1 DAGs
[2024-10-13T11:24:56.947+0000] {logging_mixin.py:190} INFO - [2024-10-13T11:24:56.946+0000] {dag.py:4180} INFO - Setting next_dagrun for variabledemo_v4 to 2024-10-13 00:00:00+00:00, run_after=2024-10-14 00:00:00+00:00
[2024-10-13T11:24:56.976+0000] {processor.py:208} INFO - Processing /opt/airflow/dags/variablepython.py took 0.184 seconds
[2024-10-13T11:25:27.361+0000] {processor.py:186} INFO - Started process (PID=427) to work on /opt/airflow/dags/variablepython.py
[2024-10-13T11:25:27.364+0000] {processor.py:914} INFO - Processing file /opt/airflow/dags/variablepython.py for tasks to queue
[2024-10-13T11:25:27.368+0000] {logging_mixin.py:190} INFO - [2024-10-13T11:25:27.367+0000] {dagbag.py:588} INFO - Filling up the DagBag from /opt/airflow/dags/variablepython.py
[2024-10-13T11:25:27.443+0000] {processor.py:925} INFO - DAG(s) 'variabledemo_v4' retrieved from /opt/airflow/dags/variablepython.py
[2024-10-13T11:25:27.493+0000] {logging_mixin.py:190} INFO - [2024-10-13T11:25:27.492+0000] {dag.py:3239} INFO - Sync 1 DAGs
[2024-10-13T11:25:27.539+0000] {logging_mixin.py:190} INFO - [2024-10-13T11:25:27.538+0000] {dag.py:4180} INFO - Setting next_dagrun for variabledemo_v4 to 2024-10-13 00:00:00+00:00, run_after=2024-10-14 00:00:00+00:00
[2024-10-13T11:25:27.581+0000] {processor.py:208} INFO - Processing /opt/airflow/dags/variablepython.py took 0.232 seconds
[2024-10-13T11:25:57.789+0000] {processor.py:186} INFO - Started process (PID=437) to work on /opt/airflow/dags/variablepython.py
[2024-10-13T11:25:57.790+0000] {processor.py:914} INFO - Processing file /opt/airflow/dags/variablepython.py for tasks to queue
[2024-10-13T11:25:57.793+0000] {logging_mixin.py:190} INFO - [2024-10-13T11:25:57.792+0000] {dagbag.py:588} INFO - Filling up the DagBag from /opt/airflow/dags/variablepython.py
[2024-10-13T11:25:57.862+0000] {processor.py:925} INFO - DAG(s) 'variabledemo_v4' retrieved from /opt/airflow/dags/variablepython.py
[2024-10-13T11:25:57.899+0000] {logging_mixin.py:190} INFO - [2024-10-13T11:25:57.899+0000] {dag.py:3239} INFO - Sync 1 DAGs
[2024-10-13T11:25:57.931+0000] {logging_mixin.py:190} INFO - [2024-10-13T11:25:57.931+0000] {dag.py:4180} INFO - Setting next_dagrun for variabledemo_v4 to 2024-10-13 00:00:00+00:00, run_after=2024-10-14 00:00:00+00:00
[2024-10-13T11:25:57.960+0000] {processor.py:208} INFO - Processing /opt/airflow/dags/variablepython.py took 0.180 seconds
[2024-10-13T11:26:28.331+0000] {processor.py:186} INFO - Started process (PID=447) to work on /opt/airflow/dags/variablepython.py
[2024-10-13T11:26:28.333+0000] {processor.py:914} INFO - Processing file /opt/airflow/dags/variablepython.py for tasks to queue
[2024-10-13T11:26:28.336+0000] {logging_mixin.py:190} INFO - [2024-10-13T11:26:28.336+0000] {dagbag.py:588} INFO - Filling up the DagBag from /opt/airflow/dags/variablepython.py
[2024-10-13T11:26:28.406+0000] {processor.py:925} INFO - DAG(s) 'variabledemo_v4' retrieved from /opt/airflow/dags/variablepython.py
[2024-10-13T11:26:28.452+0000] {logging_mixin.py:190} INFO - [2024-10-13T11:26:28.452+0000] {dag.py:3239} INFO - Sync 1 DAGs
[2024-10-13T11:26:28.495+0000] {logging_mixin.py:190} INFO - [2024-10-13T11:26:28.494+0000] {dag.py:4180} INFO - Setting next_dagrun for variabledemo_v4 to 2024-10-13 00:00:00+00:00, run_after=2024-10-14 00:00:00+00:00
[2024-10-13T11:26:28.537+0000] {processor.py:208} INFO - Processing /opt/airflow/dags/variablepython.py took 0.215 seconds
[2024-10-13T11:26:59.245+0000] {processor.py:186} INFO - Started process (PID=456) to work on /opt/airflow/dags/variablepython.py
[2024-10-13T11:26:59.247+0000] {processor.py:914} INFO - Processing file /opt/airflow/dags/variablepython.py for tasks to queue
[2024-10-13T11:26:59.249+0000] {logging_mixin.py:190} INFO - [2024-10-13T11:26:59.249+0000] {dagbag.py:588} INFO - Filling up the DagBag from /opt/airflow/dags/variablepython.py
[2024-10-13T11:26:59.300+0000] {processor.py:925} INFO - DAG(s) 'variabledemo_v4' retrieved from /opt/airflow/dags/variablepython.py
[2024-10-13T11:26:59.338+0000] {logging_mixin.py:190} INFO - [2024-10-13T11:26:59.338+0000] {dag.py:3239} INFO - Sync 1 DAGs
[2024-10-13T11:26:59.371+0000] {logging_mixin.py:190} INFO - [2024-10-13T11:26:59.371+0000] {dag.py:4180} INFO - Setting next_dagrun for variabledemo_v4 to 2024-10-13 00:00:00+00:00, run_after=2024-10-14 00:00:00+00:00
[2024-10-13T11:26:59.400+0000] {processor.py:208} INFO - Processing /opt/airflow/dags/variablepython.py took 0.165 seconds
[2024-10-13T11:27:29.515+0000] {processor.py:186} INFO - Started process (PID=465) to work on /opt/airflow/dags/variablepython.py
[2024-10-13T11:27:29.518+0000] {processor.py:914} INFO - Processing file /opt/airflow/dags/variablepython.py for tasks to queue
[2024-10-13T11:27:29.520+0000] {logging_mixin.py:190} INFO - [2024-10-13T11:27:29.520+0000] {dagbag.py:588} INFO - Filling up the DagBag from /opt/airflow/dags/variablepython.py
[2024-10-13T11:27:29.590+0000] {processor.py:925} INFO - DAG(s) 'variabledemo_v4' retrieved from /opt/airflow/dags/variablepython.py
[2024-10-13T11:27:29.641+0000] {logging_mixin.py:190} INFO - [2024-10-13T11:27:29.640+0000] {dag.py:3239} INFO - Sync 1 DAGs
[2024-10-13T11:27:29.690+0000] {logging_mixin.py:190} INFO - [2024-10-13T11:27:29.689+0000] {dag.py:4180} INFO - Setting next_dagrun for variabledemo_v4 to 2024-10-13 00:00:00+00:00, run_after=2024-10-14 00:00:00+00:00
[2024-10-13T11:27:29.733+0000] {processor.py:208} INFO - Processing /opt/airflow/dags/variablepython.py took 0.228 seconds
[2024-10-13T11:28:00.089+0000] {processor.py:186} INFO - Started process (PID=475) to work on /opt/airflow/dags/variablepython.py
[2024-10-13T11:28:00.092+0000] {processor.py:914} INFO - Processing file /opt/airflow/dags/variablepython.py for tasks to queue
[2024-10-13T11:28:00.096+0000] {logging_mixin.py:190} INFO - [2024-10-13T11:28:00.095+0000] {dagbag.py:588} INFO - Filling up the DagBag from /opt/airflow/dags/variablepython.py
[2024-10-13T11:28:00.160+0000] {processor.py:925} INFO - DAG(s) 'variabledemo_v4' retrieved from /opt/airflow/dags/variablepython.py
[2024-10-13T11:28:00.213+0000] {logging_mixin.py:190} INFO - [2024-10-13T11:28:00.213+0000] {dag.py:3239} INFO - Sync 1 DAGs
[2024-10-13T11:28:00.255+0000] {logging_mixin.py:190} INFO - [2024-10-13T11:28:00.255+0000] {dag.py:4180} INFO - Setting next_dagrun for variabledemo_v4 to 2024-10-13 00:00:00+00:00, run_after=2024-10-14 00:00:00+00:00
[2024-10-13T11:28:00.297+0000] {processor.py:208} INFO - Processing /opt/airflow/dags/variablepython.py took 0.219 seconds
[2024-10-13T11:28:30.566+0000] {processor.py:186} INFO - Started process (PID=486) to work on /opt/airflow/dags/variablepython.py
[2024-10-13T11:28:30.568+0000] {processor.py:914} INFO - Processing file /opt/airflow/dags/variablepython.py for tasks to queue
[2024-10-13T11:28:30.570+0000] {logging_mixin.py:190} INFO - [2024-10-13T11:28:30.569+0000] {dagbag.py:588} INFO - Filling up the DagBag from /opt/airflow/dags/variablepython.py
[2024-10-13T11:28:30.628+0000] {processor.py:925} INFO - DAG(s) 'variabledemo_v4' retrieved from /opt/airflow/dags/variablepython.py
[2024-10-13T11:28:30.670+0000] {logging_mixin.py:190} INFO - [2024-10-13T11:28:30.670+0000] {dag.py:3239} INFO - Sync 1 DAGs
[2024-10-13T11:28:30.700+0000] {logging_mixin.py:190} INFO - [2024-10-13T11:28:30.700+0000] {dag.py:4180} INFO - Setting next_dagrun for variabledemo_v4 to 2024-10-13 00:00:00+00:00, run_after=2024-10-14 00:00:00+00:00
[2024-10-13T11:28:30.728+0000] {processor.py:208} INFO - Processing /opt/airflow/dags/variablepython.py took 0.170 seconds
[2024-10-13T11:29:00.957+0000] {processor.py:186} INFO - Started process (PID=497) to work on /opt/airflow/dags/variablepython.py
[2024-10-13T11:29:00.959+0000] {processor.py:914} INFO - Processing file /opt/airflow/dags/variablepython.py for tasks to queue
[2024-10-13T11:29:00.961+0000] {logging_mixin.py:190} INFO - [2024-10-13T11:29:00.961+0000] {dagbag.py:588} INFO - Filling up the DagBag from /opt/airflow/dags/variablepython.py
[2024-10-13T11:29:01.014+0000] {processor.py:925} INFO - DAG(s) 'variabledemo_v4' retrieved from /opt/airflow/dags/variablepython.py
[2024-10-13T11:29:01.048+0000] {logging_mixin.py:190} INFO - [2024-10-13T11:29:01.048+0000] {dag.py:3239} INFO - Sync 1 DAGs
[2024-10-13T11:29:01.080+0000] {logging_mixin.py:190} INFO - [2024-10-13T11:29:01.080+0000] {dag.py:4180} INFO - Setting next_dagrun for variabledemo_v4 to 2024-10-13 00:00:00+00:00, run_after=2024-10-14 00:00:00+00:00
[2024-10-13T11:29:01.107+0000] {processor.py:208} INFO - Processing /opt/airflow/dags/variablepython.py took 0.159 seconds
[2024-10-13T11:29:31.802+0000] {processor.py:186} INFO - Started process (PID=507) to work on /opt/airflow/dags/variablepython.py
[2024-10-13T11:29:31.803+0000] {processor.py:914} INFO - Processing file /opt/airflow/dags/variablepython.py for tasks to queue
[2024-10-13T11:29:31.807+0000] {logging_mixin.py:190} INFO - [2024-10-13T11:29:31.806+0000] {dagbag.py:588} INFO - Filling up the DagBag from /opt/airflow/dags/variablepython.py
[2024-10-13T11:29:31.856+0000] {processor.py:925} INFO - DAG(s) 'variabledemo_v4' retrieved from /opt/airflow/dags/variablepython.py
[2024-10-13T11:29:31.889+0000] {logging_mixin.py:190} INFO - [2024-10-13T11:29:31.888+0000] {dag.py:3239} INFO - Sync 1 DAGs
[2024-10-13T11:29:31.924+0000] {logging_mixin.py:190} INFO - [2024-10-13T11:29:31.924+0000] {dag.py:4180} INFO - Setting next_dagrun for variabledemo_v4 to 2024-10-13 00:00:00+00:00, run_after=2024-10-14 00:00:00+00:00
[2024-10-13T11:29:31.960+0000] {processor.py:208} INFO - Processing /opt/airflow/dags/variablepython.py took 0.166 seconds
[2024-10-13T11:30:02.254+0000] {processor.py:186} INFO - Started process (PID=517) to work on /opt/airflow/dags/variablepython.py
[2024-10-13T11:30:02.256+0000] {processor.py:914} INFO - Processing file /opt/airflow/dags/variablepython.py for tasks to queue
[2024-10-13T11:30:02.258+0000] {logging_mixin.py:190} INFO - [2024-10-13T11:30:02.258+0000] {dagbag.py:588} INFO - Filling up the DagBag from /opt/airflow/dags/variablepython.py
[2024-10-13T11:30:02.309+0000] {processor.py:925} INFO - DAG(s) 'variabledemo_v4' retrieved from /opt/airflow/dags/variablepython.py
[2024-10-13T11:30:02.341+0000] {logging_mixin.py:190} INFO - [2024-10-13T11:30:02.341+0000] {dag.py:3239} INFO - Sync 1 DAGs
[2024-10-13T11:30:02.373+0000] {logging_mixin.py:190} INFO - [2024-10-13T11:30:02.373+0000] {dag.py:4180} INFO - Setting next_dagrun for variabledemo_v4 to 2024-10-13 00:00:00+00:00, run_after=2024-10-14 00:00:00+00:00
[2024-10-13T11:30:02.401+0000] {processor.py:208} INFO - Processing /opt/airflow/dags/variablepython.py took 0.156 seconds
[2024-10-13T11:30:32.682+0000] {processor.py:186} INFO - Started process (PID=527) to work on /opt/airflow/dags/variablepython.py
[2024-10-13T11:30:32.685+0000] {processor.py:914} INFO - Processing file /opt/airflow/dags/variablepython.py for tasks to queue
[2024-10-13T11:30:32.688+0000] {logging_mixin.py:190} INFO - [2024-10-13T11:30:32.687+0000] {dagbag.py:588} INFO - Filling up the DagBag from /opt/airflow/dags/variablepython.py
[2024-10-13T11:30:32.740+0000] {processor.py:925} INFO - DAG(s) 'variabledemo_v4' retrieved from /opt/airflow/dags/variablepython.py
[2024-10-13T11:30:32.781+0000] {logging_mixin.py:190} INFO - [2024-10-13T11:30:32.781+0000] {dag.py:3239} INFO - Sync 1 DAGs
[2024-10-13T11:30:32.811+0000] {logging_mixin.py:190} INFO - [2024-10-13T11:30:32.811+0000] {dag.py:4180} INFO - Setting next_dagrun for variabledemo_v4 to 2024-10-13 00:00:00+00:00, run_after=2024-10-14 00:00:00+00:00
[2024-10-13T11:30:32.840+0000] {processor.py:208} INFO - Processing /opt/airflow/dags/variablepython.py took 0.169 seconds
