[2024-10-07T16:23:58.974+0000] {local_task_job_runner.py:123} INFO - ::group::Pre task execution logs
[2024-10-07T16:23:58.989+0000] {taskinstance.py:2612} INFO - Dependencies all met for dep_context=non-requeueable deps ti=<TaskInstance: variabledemo_v1.t1 manual__2024-10-07T16:23:56.320865+00:00 [queued]>
[2024-10-07T16:23:58.997+0000] {taskinstance.py:2612} INFO - Dependencies all met for dep_context=requeueable deps ti=<TaskInstance: variabledemo_v1.t1 manual__2024-10-07T16:23:56.320865+00:00 [queued]>
[2024-10-07T16:23:58.998+0000] {taskinstance.py:2865} INFO - Starting attempt 1 of 3
[2024-10-07T16:23:59.009+0000] {taskinstance.py:2888} INFO - Executing <Task(PythonOperator): t1> on 2024-10-07 16:23:56.320865+00:00
[2024-10-07T16:23:59.015+0000] {warnings.py:112} WARNING - /home/***/.local/lib/python3.12/site-packages/***/task/task_runner/standard_task_runner.py:70: DeprecationWarning: This process (pid=1276) is multi-threaded, use of fork() may lead to deadlocks in the child.
  pid = os.fork()

[2024-10-07T16:23:59.017+0000] {standard_task_runner.py:104} INFO - Running: ['***', 'tasks', 'run', 'variabledemo_v1', 't1', 'manual__2024-10-07T16:23:56.320865+00:00', '--job-id', '23', '--raw', '--subdir', 'DAGS_FOLDER/variablepython.py', '--cfg-path', '/tmp/tmp10lgo47d']
[2024-10-07T16:23:59.018+0000] {standard_task_runner.py:72} INFO - Started process 1277 to run task
[2024-10-07T16:23:59.019+0000] {standard_task_runner.py:105} INFO - Job 23: Subtask t1
[2024-10-07T16:23:59.062+0000] {task_command.py:467} INFO - Running <TaskInstance: variabledemo_v1.t1 manual__2024-10-07T16:23:56.320865+00:00 [running]> on host 7494ebf6a940
[2024-10-07T16:23:59.125+0000] {taskinstance.py:3131} INFO - Exporting env vars: AIRFLOW_CTX_DAG_OWNER='***' AIRFLOW_CTX_DAG_ID='variabledemo_v1' AIRFLOW_CTX_TASK_ID='t1' AIRFLOW_CTX_EXECUTION_DATE='2024-10-07T16:23:56.320865+00:00' AIRFLOW_CTX_TRY_NUMBER='1' AIRFLOW_CTX_DAG_RUN_ID='manual__2024-10-07T16:23:56.320865+00:00'
[2024-10-07T16:23:59.126+0000] {taskinstance.py:731} INFO - ::endgroup::
[2024-10-07T16:23:59.146+0000] {logging_mixin.py:190} INFO - Hi my name is Murtaza and age is 23
[2024-10-07T16:23:59.147+0000] {python.py:240} INFO - Done. Returned value was: None
[2024-10-07T16:23:59.155+0000] {taskinstance.py:340} INFO - ::group::Post task execution logs
[2024-10-07T16:23:59.157+0000] {taskinstance.py:352} INFO - Marking task as SUCCESS. dag_id=variabledemo_v1, task_id=t1, run_id=manual__2024-10-07T16:23:56.320865+00:00, execution_date=20241007T162356, start_date=20241007T162358, end_date=20241007T162359
[2024-10-07T16:23:59.194+0000] {local_task_job_runner.py:266} INFO - Task exited with return code 0
[2024-10-07T16:23:59.207+0000] {taskinstance.py:3900} INFO - 0 downstream tasks scheduled from follow-on schedule check
[2024-10-07T16:23:59.209+0000] {local_task_job_runner.py:245} INFO - ::endgroup::
