[2024-10-11T05:27:42.103+0000] {local_task_job_runner.py:123} INFO - ::group::Pre task execution logs
[2024-10-11T05:27:42.183+0000] {taskinstance.py:2612} INFO - Dependencies all met for dep_context=non-requeueable deps ti=<TaskInstance: SmarttKeyData_v2.Task1 scheduled__2024-10-10T00:00:00+00:00 [queued]>
[2024-10-11T05:27:42.237+0000] {taskinstance.py:2612} INFO - Dependencies all met for dep_context=requeueable deps ti=<TaskInstance: SmarttKeyData_v2.Task1 scheduled__2024-10-10T00:00:00+00:00 [queued]>
[2024-10-11T05:27:42.242+0000] {taskinstance.py:2865} INFO - Starting attempt 1 of 3
[2024-10-11T05:27:42.304+0000] {taskinstance.py:2888} INFO - Executing <Task(BashOperator): Task1> on 2024-10-10 00:00:00+00:00
[2024-10-11T05:27:42.335+0000] {warnings.py:112} WARNING - /home/***/.local/lib/python3.12/site-packages/***/task/task_runner/standard_task_runner.py:70: DeprecationWarning: This process (pid=10894) is multi-threaded, use of fork() may lead to deadlocks in the child.
  pid = os.fork()

[2024-10-11T05:27:42.345+0000] {standard_task_runner.py:72} INFO - Started process 10911 to run task
[2024-10-11T05:27:42.342+0000] {standard_task_runner.py:104} INFO - Running: ['***', 'tasks', 'run', 'SmarttKeyData_v2', 'Task1', 'scheduled__2024-10-10T00:00:00+00:00', '--job-id', '64', '--raw', '--subdir', 'DAGS_FOLDER/smart_key.py', '--cfg-path', '/tmp/tmp6ng4jspq']
[2024-10-11T05:27:42.353+0000] {standard_task_runner.py:105} INFO - Job 64: Subtask Task1
[2024-10-11T05:27:42.504+0000] {task_command.py:467} INFO - Running <TaskInstance: SmarttKeyData_v2.Task1 scheduled__2024-10-10T00:00:00+00:00 [running]> on host 1064a88d81e5
[2024-10-11T05:27:45.490+0000] {taskinstance.py:3131} INFO - Exporting env vars: AIRFLOW_CTX_DAG_OWNER='***' AIRFLOW_CTX_DAG_ID='SmarttKeyData_v2' AIRFLOW_CTX_TASK_ID='Task1' AIRFLOW_CTX_EXECUTION_DATE='2024-10-10T00:00:00+00:00' AIRFLOW_CTX_TRY_NUMBER='1' AIRFLOW_CTX_DAG_RUN_ID='scheduled__2024-10-10T00:00:00+00:00'
[2024-10-11T05:27:45.494+0000] {taskinstance.py:731} INFO - ::endgroup::
[2024-10-11T05:27:45.532+0000] {subprocess.py:63} INFO - Tmp dir root location: /tmp
[2024-10-11T05:27:45.536+0000] {subprocess.py:75} INFO - Running command: ['/usr/bin/bash', '-c', 'shasum /opt/***/filestorage/customer.csv']
[2024-10-11T05:27:45.571+0000] {subprocess.py:86} INFO - Output:
[2024-10-11T05:27:45.695+0000] {subprocess.py:93} INFO - aa42781125a5f6b9f230fb853cfd971c3ca6305f  /opt/***/filestorage/customer.csv
[2024-10-11T05:27:45.698+0000] {subprocess.py:97} INFO - Command exited with return code 0
[2024-10-11T05:27:45.767+0000] {taskinstance.py:340} INFO - ::group::Post task execution logs
[2024-10-11T05:27:45.770+0000] {taskinstance.py:352} INFO - Marking task as SUCCESS. dag_id=SmarttKeyData_v2, task_id=Task1, run_id=scheduled__2024-10-10T00:00:00+00:00, execution_date=20241010T000000, start_date=20241011T052742, end_date=20241011T052745
[2024-10-11T05:27:45.838+0000] {local_task_job_runner.py:266} INFO - Task exited with return code 0
[2024-10-11T05:27:45.902+0000] {taskinstance.py:3900} INFO - 1 downstream tasks scheduled from follow-on schedule check
[2024-10-11T05:27:45.906+0000] {local_task_job_runner.py:245} INFO - ::endgroup::
